#
# A fatal error has been detected by the Java Runtime Environment:
#
#  EXCEPTION_ACCESS_VIOLATION (0xc0000005) at pc=0x00007ffe4f443c53, pid=36008, tid=25812
#
# JRE version: OpenJDK Runtime Environment JBR-17.0.9+8-1166.2-jcef (17.0.9+8) (build 17.0.9+8-b1166.2)
# Java VM: OpenJDK 64-Bit Server VM JBR-17.0.9+8-1166.2-jcef (17.0.9+8-b1166.2, mixed mode, tiered, compressed class ptrs, g1 gc, windows-amd64)
# Problematic frame:
# C  [ig9icd64.dll+0x9c3c53]
#
# No core dump will be written. Minidumps are not enabled by default on client versions of Windows
#
# If you would like to submit a bug report, please visit:
#   https://youtrack.jetbrains.com/issues/JBR
# The crash happened outside the Java Virtual Machine in native code.
# See problematic frame for where to report the bug.
#

---------------  S U M M A R Y ------------

Command Line: -Xmx3072g -Xmx4096g -Dsun.java2d.opengl=true -XX:ErrorFile=logs/hs_err_pid%p.log -javaagent:C:\Program Files\JetBrains\IntelliJ IDEA Community Edition 2023.3.6\lib\idea_rt.jar=60877:C:\Program Files\JetBrains\IntelliJ IDEA Community Edition 2023.3.6\bin -Dfile.encoding=UTF-8 net.sendback.Main

Host: Intel(R) Core(TM) i7-9750H CPU @ 2.60GHz, 12 cores, 15G,  Windows 10 , 64 bit Build 19041 (10.0.19041.5072)
Time: Thu Nov 14 23:14:08 2024 Mitteleuropäische Zeit elapsed time: 16.643025 seconds (0d 0h 0m 16s)

---------------  T H R E A D  ---------------

Current thread (0x000005f9d94e6450):  JavaThread "Java2D Queue Flusher" daemon [_thread_in_native, id=25812, stack(0x0000006fd9c00000,0x0000006fd9d00000)]

Stack: [0x0000006fd9c00000,0x0000006fd9d00000],  sp=0x0000006fd9cfece8,  free space=1019k
Native frames: (J=compiled Java code, j=interpreted, Vv=VM code, C=native code)
C  [ig9icd64.dll+0x9c3c53]

Java frames: (J=compiled Java code, j=interpreted, Vv=VM code)
j  sun.java2d.opengl.OGLRenderQueue.flushBuffer(JI)V+0 java.desktop
j  sun.java2d.opengl.OGLRenderQueue.flushBuffer()V+21 java.desktop
j  sun.java2d.opengl.OGLRenderQueue$QueueFlusher.run()V+81 java.desktop
j  java.lang.Thread.run()V+11 java.base@17.0.9
v  ~StubRoutines::call_stub

siginfo: EXCEPTION_ACCESS_VIOLATION (0xc0000005), reading address 0xffffffffffffffff


Registers:
RAX=0x000000000fff0fff, RBX=0x00007ffe4ea80000, RCX=0x000000033fcf3fcc, RDX=0x0000006fd9cff200
RSP=0x0000006fd9cfece8, RBP=0x0000006fd9cfedf0, RSI=0x000005f9df6e4e80, RDI=0x0000006fd9cfeff0
R8 =0x0000006fd9cfee20, R9 =0x0000006fd9cff200, R10=0x0000006fd9cfeff0, R11=0x0000000000000000
R12=0x00007ffe4f8aa420, R13=0x0000000000000000, R14=0x0000000000000000, R15=0x00000000000001c1
RIP=0x00007ffe4f443c53, EFLAGS=0x0000000000010206


Register to memory mapping:

RIP=0x00007ffe4f443c53 ig9icd64.dll
RAX=0x000000000fff0fff is an unknown value
RBX=0x00007ffe4ea80000 ig9icd64.dll
RCX=0x000000033fcf3fcc is an unknown value
RDX=0x0000006fd9cff200 is pointing into the stack for thread: 0x000005f9d94e6450
RSP=0x0000006fd9cfece8 is pointing into the stack for thread: 0x000005f9d94e6450
RBP=0x0000006fd9cfedf0 is pointing into the stack for thread: 0x000005f9d94e6450
RSI=0x000005f9df6e4e80 points into unknown readable memory: 0x000005f9d9513940 | 40 39 51 d9 f9 05 00 00
RDI=0x0000006fd9cfeff0 is pointing into the stack for thread: 0x000005f9d94e6450
R8 =0x0000006fd9cfee20 is pointing into the stack for thread: 0x000005f9d94e6450
R9 =0x0000006fd9cff200 is pointing into the stack for thread: 0x000005f9d94e6450
R10=0x0000006fd9cfeff0 is pointing into the stack for thread: 0x000005f9d94e6450
R11=0x0 is NULL
R12=0x00007ffe4f8aa420 ig9icd64.dll
R13=0x0 is NULL
R14=0x0 is NULL
R15=0x00000000000001c1 is an unknown value


Top of Stack: (sp=0x0000006fd9cfece8)
0x0000006fd9cfece8:   00007ffe4f44138b 0000000000000001
0x0000006fd9cfecf8:   0000000000000000 000005f9dfb1e000
0x0000006fd9cfed08:   00007ffec7a82572 0000006f00000065
0x0000006fd9cfed18:   0000006fd9cfef20 0000000000000000
0x0000006fd9cfed28:   000005f9df83c860 0000000000000000
0x0000006fd9cfed38:   000005f9d93bcb10 000005f9dfb1e080
0x0000006fd9cfed48:   0000000000000fb0 0000000000000000
0x0000006fd9cfed58:   0000000000000000 0000006fd9cfeed0
0x0000006fd9cfed68:   00007ffe4f0d9070 0000000000000000
0x0000006fd9cfed78:   0000000000000000 0000000000000000
0x0000006fd9cfed88:   0000000000000000 00008788ae28bd27
0x0000006fd9cfed98:   00007ffe4ea964e5 000005f9dfb1e080
0x0000006fd9cfeda8:   0000000000004001 0000000000000200
0x0000006fd9cfedb8:   00007ffed6ebb86b 00000000000b0009
0x0000006fd9cfedc8:   0000000000000072 000005f9dfcc3b90
0x0000006fd9cfedd8:   0000000000000000 0000000000000000
0x0000006fd9cfede8:   00007ffe4f441c62 0000000000000000
0x0000006fd9cfedf8:   000001d3afd67140 0000006fd9cff0f0
0x0000006fd9cfee08:   000001d3afd60000 000001d3afd602b4
0x0000006fd9cfee18:   000005f9df83c860 00007ffe4f74f020
0x0000006fd9cfee28:   0000000e00000000 0000001a00000018
0x0000006fd9cfee38:   00000fff00000000 437f0000437f0000
0x0000006fd9cfee48:   437f0000437f0000 0000ff0000ff0000
0x0000006fd9cfee58:   ff000000000000ff 0000000800000010
0x0000006fd9cfee68:   0000001800000000 0000000000000000
0x0000006fd9cfee78:   0000000000000000 0000000000000000
0x0000006fd9cfee88:   0000000000000000 0000000000000000
0x0000006fd9cfee98:   0000000000000000 0000000000000000
0x0000006fd9cfeea8:   0000000000000000 0000000000000000
0x0000006fd9cfeeb8:   0000000000000000 0000000000000000
0x0000006fd9cfeec8:   0000000000000000 0000000000000000
0x0000006fd9cfeed8:   0000000000000000 0000000000000000 

Instructions: (pc=0x00007ffe4f443c53)
0x00007ffe4f443b53:   a1 b6 30 00 48 89 51 08 48 89 01 8b 44 24 28 89
0x00007ffe4f443b63:   41 20 8b 44 24 30 89 41 24 48 8b c1 4c 89 41 10
0x00007ffe4f443b73:   4c 89 49 18 c3 cc cc cc cc cc cc cc cc 48 89 5c
0x00007ffe4f443b83:   24 08 8b 41 5c 48 8d 1d 71 c4 63 ff 41 89 40 08
0x00007ffe4f443b93:   4c 8b d1 8b 41 60 45 33 db 41 89 40 0c 4c 8b ca
0x00007ffe4f443ba3:   8b 41 64 41 89 40 10 8b 41 68 41 89 40 14 8b 41
0x00007ffe4f443bb3:   6c 41 89 40 18 8b 41 70 41 89 40 1c 48 63 41 74
0x00007ffe4f443bc3:   48 6b c8 34 8b 84 19 84 5f ee 00 41 89 40 20 8b
0x00007ffe4f443bd3:   84 19 88 5f ee 00 41 89 40 24 8b 84 19 8c 5f ee
0x00007ffe4f443be3:   00 41 89 40 28 8b 84 19 90 5f ee 00 41 89 40 2c
0x00007ffe4f443bf3:   8b 84 19 74 5f ee 00 41 89 40 30 8b 84 19 78 5f
0x00007ffe4f443c03:   ee 00 41 89 40 34 8b 84 19 7c 5f ee 00 41 89 40
0x00007ffe4f443c13:   38 8b 84 19 80 5f ee 00 41 89 40 3c 8b 84 19 64
0x00007ffe4f443c23:   5f ee 00 41 89 40 40 8b 84 19 68 5f ee 00 41 89
0x00007ffe4f443c33:   40 44 8b 84 19 6c 5f ee 00 41 89 40 48 8b 84 19
0x00007ffe4f443c43:   70 5f ee 00 41 89 40 4c 49 63 42 78 48 6b c8 34
0x00007ffe4f443c53:   8b 84 19 84 5f ee 00 41 89 40 50 8b 84 19 88 5f
0x00007ffe4f443c63:   ee 00 41 89 40 54 8b 84 19 8c 5f ee 00 41 89 40
0x00007ffe4f443c73:   58 8b 84 19 90 5f ee 00 41 89 40 5c 8b 84 19 74
0x00007ffe4f443c83:   5f ee 00 41 89 40 60 8b 84 19 78 5f ee 00 41 89
0x00007ffe4f443c93:   40 64 8b 84 19 7c 5f ee 00 41 89 40 68 8b 84 19
0x00007ffe4f443ca3:   80 5f ee 00 41 89 40 6c 8b 84 19 64 5f ee 00 41
0x00007ffe4f443cb3:   89 40 70 8b 84 19 68 5f ee 00 41 89 40 74 8b 84
0x00007ffe4f443cc3:   19 6c 5f ee 00 41 89 40 78 8b 84 19 70 5f ee 00
0x00007ffe4f443cd3:   41 89 40 7c 48 8b 42 18 8b 88 38 0b 00 00 f6 c1
0x00007ffe4f443ce3:   08 0f 84 86 00 00 00 8b 80 3c 0b 00 00 41 89 80
0x00007ffe4f443cf3:   80 00 00 00 48 8b 42 18 8b 88 40 0b 00 00 41 89
0x00007ffe4f443d03:   88 84 00 00 00 48 8b 42 18 8b 88 44 0b 00 00 41
0x00007ffe4f443d13:   89 88 88 00 00 00 48 8b 42 18 8b 88 48 0b 00 00
0x00007ffe4f443d23:   41 89 88 8c 00 00 00 48 8b 42 18 8b 88 4c 0b 00
0x00007ffe4f443d33:   00 41 89 88 90 00 00 00 48 8b 42 18 8b 88 50 0b
0x00007ffe4f443d43:   00 00 41 89 88 94 00 00 00 48 8b 42 18 8b 88 54 


Stack slot to memory mapping:
stack at sp + 0 slots: 0x00007ffe4f44138b ig9icd64.dll
stack at sp + 1 slots: 0x0000000000000001 is an unknown value
stack at sp + 2 slots: 0x0 is NULL
stack at sp + 3 slots: 0x000005f9dfb1e000 points into unknown readable memory: 0x0000000000000000 | 00 00 00 00 00 00 00 00
stack at sp + 4 slots: 0x00007ffec7a82572 igdgmm64.dll
stack at sp + 5 slots: 0x0000006f00000065 is an unknown value
stack at sp + 6 slots: 0x0000006fd9cfef20 is pointing into the stack for thread: 0x000005f9d94e6450
stack at sp + 7 slots: 0x0 is NULL


---------------  P R O C E S S  ---------------

Threads class SMR info:
_java_thread_list=0x000005f9df88cff0, length=44, elements={
0x000005f9d4ae8270, 0x000005f9d4ae9000, 0x000005f9d4ab9d60, 0x000005f9d4aba830,
0x000005f9d4b0e010, 0x000005f9d4b0e4f0, 0x000005f9d4b0f0f0, 0x000005f9d4b11ac0,
0x000005f9d4b123d0, 0x000005f9d4bfee90, 0x000005f9d922cf60, 0x000005f9d92b6bd0,
0x000005f9d94e6450, 0x000005f9df8a4e30, 0x000005f9dfae9b00, 0x000005f9dff9fa30,
0x000005f9dff4ec80, 0x000005f9dfd89c10, 0x000005f9dfd88d90, 0x000005f9dfd87950,
0x000005f9dfd87440, 0x000005f9dfd87e60, 0x000005f9dfd88370, 0x000005f9dfd88880,
0x000005f9dff27a80, 0x000005f9dff2a300, 0x000005f9dff2eef0, 0x000005f9dff289b0,
0x000005f9dff298e0, 0x000005f9dff2b230, 0x000005f9dff2c670, 0x000005f9dff2b740,
0x000005f9dff2ad20, 0x000005f9dff2bc50, 0x000005f9dff2dfc0, 0x000005f9dff2c160,
0x000005f9dff2cb80, 0x000005f9dff2d090, 0x000005f9dff2d5a0, 0x000005f9dff27f90,
0x000005f9dff2e4d0, 0x000005f9dff2e9e0, 0x000005f9dff2f400, 0x000005f9dff2a810
}

Java Threads: ( => current thread )
  0x000005f9d4ae8270 JavaThread "Reference Handler" daemon [_thread_blocked, id=40196, stack(0x0000006fd8e00000,0x0000006fd8f00000)]
  0x000005f9d4ae9000 JavaThread "Finalizer" daemon [_thread_blocked, id=37928, stack(0x0000006fd8f00000,0x0000006fd9000000)]
  0x000005f9d4ab9d60 JavaThread "Signal Dispatcher" daemon [_thread_blocked, id=37960, stack(0x0000006fd9000000,0x0000006fd9100000)]
  0x000005f9d4aba830 JavaThread "Attach Listener" daemon [_thread_blocked, id=33164, stack(0x0000006fd9100000,0x0000006fd9200000)]
  0x000005f9d4b0e010 JavaThread "Service Thread" daemon [_thread_blocked, id=37388, stack(0x0000006fd9200000,0x0000006fd9300000)]
  0x000005f9d4b0e4f0 JavaThread "Monitor Deflation Thread" daemon [_thread_blocked, id=33876, stack(0x0000006fd9300000,0x0000006fd9400000)]
  0x000005f9d4b0f0f0 JavaThread "C2 CompilerThread0" daemon [_thread_blocked, id=32288, stack(0x0000006fd9400000,0x0000006fd9500000)]
  0x000005f9d4b11ac0 JavaThread "C1 CompilerThread0" daemon [_thread_blocked, id=22796, stack(0x0000006fd9500000,0x0000006fd9600000)]
  0x000005f9d4b123d0 JavaThread "Sweeper thread" daemon [_thread_blocked, id=17668, stack(0x0000006fd9600000,0x0000006fd9700000)]
  0x000005f9d4bfee90 JavaThread "Common-Cleaner" daemon [_thread_blocked, id=28732, stack(0x0000006fd9700000,0x0000006fd9800000)]
  0x000005f9d922cf60 JavaThread "Monitor Ctrl-Break" daemon [_thread_in_native, id=9688, stack(0x0000006fd9900000,0x0000006fd9a00000)]
  0x000005f9d92b6bd0 JavaThread "Notification Thread" daemon [_thread_blocked, id=37000, stack(0x0000006fd9a00000,0x0000006fd9b00000)]
=>0x000005f9d94e6450 JavaThread "Java2D Queue Flusher" daemon [_thread_in_native, id=25812, stack(0x0000006fd9c00000,0x0000006fd9d00000)]
  0x000005f9df8a4e30 JavaThread "Java2D Disposer" daemon [_thread_blocked, id=16744, stack(0x0000006fd9800000,0x0000006fd9900000)]
  0x000005f9dfae9b00 JavaThread "AWT-Windows" daemon [_thread_in_native, id=27760, stack(0x0000006fda300000,0x0000006fda400000)]
  0x000005f9dff9fa30 JavaThread "Java Sound Event Dispatcher" daemon [_thread_blocked, id=19348, stack(0x0000006fdaf00000,0x0000006fdb000000)]
  0x000005f9dff4ec80 JavaThread "Direct Clip" daemon [_thread_blocked, id=38248, stack(0x0000006fdb200000,0x0000006fdb300000)]
  0x000005f9dfd89c10 JavaThread "Direct Clip" daemon [_thread_blocked, id=40428, stack(0x0000006fdb300000,0x0000006fdb400000)]
  0x000005f9dfd88d90 JavaThread "Direct Clip" daemon [_thread_blocked, id=40688, stack(0x0000006fdb400000,0x0000006fdb500000)]
  0x000005f9dfd87950 JavaThread "Direct Clip" daemon [_thread_blocked, id=22336, stack(0x0000006fdb500000,0x0000006fdb600000)]
  0x000005f9dfd87440 JavaThread "Direct Clip" daemon [_thread_blocked, id=21892, stack(0x0000006fdb600000,0x0000006fdb700000)]
  0x000005f9dfd87e60 JavaThread "Direct Clip" daemon [_thread_blocked, id=16412, stack(0x0000006fdb700000,0x0000006fdb800000)]
  0x000005f9dfd88370 JavaThread "Direct Clip" daemon [_thread_blocked, id=41452, stack(0x0000006fdb800000,0x0000006fdb900000)]
  0x000005f9dfd88880 JavaThread "Direct Clip" daemon [_thread_blocked, id=33268, stack(0x0000006fdb900000,0x0000006fdba00000)]
  0x000005f9dff27a80 JavaThread "Direct Clip" daemon [_thread_blocked, id=41840, stack(0x0000006fdba00000,0x0000006fdbb00000)]
  0x000005f9dff2a300 JavaThread "Direct Clip" daemon [_thread_blocked, id=14764, stack(0x0000006fdbb00000,0x0000006fdbc00000)]
  0x000005f9dff2eef0 JavaThread "Direct Clip" daemon [_thread_blocked, id=5468, stack(0x0000006fdbc00000,0x0000006fdbd00000)]
  0x000005f9dff289b0 JavaThread "Direct Clip" daemon [_thread_blocked, id=540, stack(0x0000006fdbd00000,0x0000006fdbe00000)]
  0x000005f9dff298e0 JavaThread "Direct Clip" daemon [_thread_blocked, id=34152, stack(0x0000006fdbe00000,0x0000006fdbf00000)]
  0x000005f9dff2b230 JavaThread "Direct Clip" daemon [_thread_blocked, id=22744, stack(0x0000006fdbf00000,0x0000006fdc000000)]
  0x000005f9dff2c670 JavaThread "Direct Clip" daemon [_thread_blocked, id=28092, stack(0x0000006fdc000000,0x0000006fdc100000)]
  0x000005f9dff2b740 JavaThread "Direct Clip" daemon [_thread_blocked, id=14580, stack(0x0000006fdc100000,0x0000006fdc200000)]
  0x000005f9dff2ad20 JavaThread "Direct Clip" daemon [_thread_blocked, id=29912, stack(0x0000006fdc200000,0x0000006fdc300000)]
  0x000005f9dff2bc50 JavaThread "Direct Clip" daemon [_thread_blocked, id=17808, stack(0x0000006fdc300000,0x0000006fdc400000)]
  0x000005f9dff2dfc0 JavaThread "Direct Clip" daemon [_thread_blocked, id=40388, stack(0x0000006fdc400000,0x0000006fdc500000)]
  0x000005f9dff2c160 JavaThread "Direct Clip" daemon [_thread_blocked, id=34488, stack(0x0000006fdc500000,0x0000006fdc600000)]
  0x000005f9dff2cb80 JavaThread "Direct Clip" daemon [_thread_blocked, id=23856, stack(0x0000006fdc600000,0x0000006fdc700000)]
  0x000005f9dff2d090 JavaThread "AWT-Shutdown" [_thread_blocked, id=2692, stack(0x0000006fdd000000,0x0000006fdd100000)]
  0x000005f9dff2d5a0 JavaThread "AWT-EventQueue-0" [_thread_blocked, id=40236, stack(0x0000006fdd100000,0x0000006fdd200000)]
  0x000005f9dff27f90 JavaThread "DestroyJavaVM" [_thread_blocked, id=24292, stack(0x0000006fd8700000,0x0000006fd8800000)]
  0x000005f9dff2e4d0 JavaThread "TimerQueue" daemon [_thread_blocked, id=19584, stack(0x0000006fdd500000,0x0000006fdd600000)]
  0x000005f9dff2e9e0 JavaThread "Thread-0" [_thread_blocked, id=24832, stack(0x0000006fdd600000,0x0000006fdd700000)]
  0x000005f9dff2f400 JavaThread "Forest" [_thread_in_vm, id=22768, stack(0x0000006fdd700000,0x0000006fdd800000)]
  0x000005f9dff2a810 JavaThread "ToolkitShutdown" daemon [_thread_in_native, id=3596, stack(0x0000006fdda00000,0x0000006fddb00000)]

Other Threads:
  0x000005f9d4ad2a00 VMThread "VM Thread" [stack: 0x0000006fd8d00000,0x0000006fd8e00000] [id=42672]
  0x000005f9d922d440 WatcherThread [stack: 0x0000006fd9b00000,0x0000006fd9c00000] [id=34708]
  0x000001d3b1f9e030 GCTaskThread "GC Thread#0" [stack: 0x0000006fd8800000,0x0000006fd8900000] [id=31216]
  0x000005f9dffb89d0 GCTaskThread "GC Thread#1" [stack: 0x0000006fda400000,0x0000006fda500000] [id=41596]
  0x000005f9dffb8c90 GCTaskThread "GC Thread#2" [stack: 0x0000006fda500000,0x0000006fda600000] [id=3944]
  0x000005f9dffb3660 GCTaskThread "GC Thread#3" [stack: 0x0000006fda600000,0x0000006fda700000] [id=2452]
  0x000005f9dffb3920 GCTaskThread "GC Thread#4" [stack: 0x0000006fda700000,0x0000006fda800000] [id=29596]
  0x000005f9dffd5950 GCTaskThread "GC Thread#5" [stack: 0x0000006fda800000,0x0000006fda900000] [id=39220]
  0x000005f9dfdc4640 GCTaskThread "GC Thread#6" [stack: 0x0000006fda900000,0x0000006fdaa00000] [id=41640]
  0x000005f9dff5f3c0 GCTaskThread "GC Thread#7" [stack: 0x0000006fdaa00000,0x0000006fdab00000] [id=13696]
  0x000005f9dff5fa90 GCTaskThread "GC Thread#8" [stack: 0x0000006fdab00000,0x0000006fdac00000] [id=7768]
  0x000005f9dff83c40 GCTaskThread "GC Thread#9" [stack: 0x0000006fdac00000,0x0000006fdad00000] [id=28908]
  0x000001d3afc8e760 ConcurrentGCThread "G1 Main Marker" [stack: 0x0000006fd8900000,0x0000006fd8a00000] [id=10320]
  0x000001d3c5120310 ConcurrentGCThread "G1 Conc#0" [stack: 0x0000006fd8a00000,0x0000006fd8b00000] [id=40092]
  0x000005f9dfacd860 ConcurrentGCThread "G1 Conc#1" [stack: 0x0000006fdad00000,0x0000006fdae00000] [id=36116]
  0x000005f9d93fd5c0 ConcurrentGCThread "G1 Conc#2" [stack: 0x0000006fdae00000,0x0000006fdaf00000] [id=28840]
  0x000001d3c519dfa0 ConcurrentGCThread "G1 Refine#0" [stack: 0x0000006fd8b00000,0x0000006fd8c00000] [id=13468]
  0x000005f9d92e3cb0 ConcurrentGCThread "G1 Refine#1" [stack: 0x0000006fdc700000,0x0000006fdc800000] [id=36944]
  0x000005f9dfda0c40 ConcurrentGCThread "G1 Refine#2" [stack: 0x0000006fdc800000,0x0000006fdc900000] [id=40320]
  0x000005f9dfda0f30 ConcurrentGCThread "G1 Refine#3" [stack: 0x0000006fdc900000,0x0000006fdca00000] [id=8944]
  0x000005f9dfda1220 ConcurrentGCThread "G1 Refine#4" [stack: 0x0000006fdca00000,0x0000006fdcb00000] [id=34308]
  0x000005f9dff02160 ConcurrentGCThread "G1 Refine#5" [stack: 0x0000006fdcb00000,0x0000006fdcc00000] [id=19660]
  0x000005f9dff02450 ConcurrentGCThread "G1 Refine#6" [stack: 0x0000006fdcc00000,0x0000006fdcd00000] [id=20860]
  0x000005f9dff02740 ConcurrentGCThread "G1 Refine#7" [stack: 0x0000006fdcd00000,0x0000006fdce00000] [id=34188]
  0x000005f9dff02a30 ConcurrentGCThread "G1 Refine#8" [stack: 0x0000006fdce00000,0x0000006fdcf00000] [id=36700]
  0x000005f9dff03120 ConcurrentGCThread "G1 Refine#9" [stack: 0x0000006fdcf00000,0x0000006fdd000000] [id=27796]
  0x000001d3c519e8e0 ConcurrentGCThread "G1 Service" [stack: 0x0000006fd8c00000,0x0000006fd8d00000] [id=42356]

Threads with active compile tasks:

VM state: not at safepoint (normal execution)

VM Mutex/Monitor currently owned by a thread: None

CDS archive(s) not mapped
Compressed class space mapped at: 0x0000000080000000-0x00000000c0000000, reserved size: 1073741824
Narrow klass base: 0x0000000000000000, Narrow klass shift: 0, Narrow klass range: 0xc0000000

GC Precious Log:
 CPUs: 12 total, 12 available
 Memory: 16254M
 Large Page Support: Disabled
 NUMA Support: Disabled
 Compressed Oops: Disabled
 Heap Region Size: 32M
 Heap Min Capacity: 32M
 Heap Initial Capacity: 256M
 Heap Max Capacity: 4096G
 Pre-touch: Disabled
 Parallel Workers: 10
 Concurrent Workers: 3
 Concurrent Refinement Workers: 10
 Periodic GC: Disabled

Heap:
 garbage-first heap   total 491520K, used 259258K [0x000001d3c6000000, 0x000005d3c6000000)
  region size 32768K, 2 young (65536K), 1 survivors (32768K)
 Metaspace       used 21483K, committed 21760K, reserved 1114112K
  class space    used 2198K, committed 2368K, reserved 1048576K

Heap Regions: E=young(eden), S=young(survivor), O=old, HS=humongous(starts), HC=humongous(continues), CS=collection set, F=free, OA=open archive, CA=closed archive, TAMS=top-at-mark-start (previous, next)
|   0|0x000001d3c6000000, 0x000001d3c8000000, 0x000001d3c8000000|100%|HS|  |TAMS 0x000001d3c6000000, 0x000001d3c6000000| Complete 
|   1|0x000001d3c8000000, 0x000001d3ca000000, 0x000001d3ca000000|100%| O|  |TAMS 0x000001d3c8000000, 0x000001d3c8000000| Untracked 
|   2|0x000001d3ca000000, 0x000001d3cc000000, 0x000001d3cc000000|100%|HS|  |TAMS 0x000001d3cc000000, 0x000001d3ca000000| Complete 
|   3|0x000001d3cc000000, 0x000001d3ce000000, 0x000001d3ce000000|100%|HC|  |TAMS 0x000001d3ce000000, 0x000001d3cc000000| Complete 
|   4|0x000001d3ce000000, 0x000001d3d0000000, 0x000001d3d0000000|100%| O|  |TAMS 0x000001d3ce000000, 0x000001d3ce000000| Untracked 
|   5|0x000001d3d0000000, 0x000001d3d2000000, 0x000001d3d2000000|100%| O|  |TAMS 0x000001d3d0000000, 0x000001d3d0000000| Untracked 
|   6|0x000001d3d2000000, 0x000001d3d4000000, 0x000001d3d4000000|100%| S|CS|TAMS 0x000001d3d2000000, 0x000001d3d2000000| Complete 
|   7|0x000001d3d4000000, 0x000001d3d4000000, 0x000001d3d6000000|  0%| F|  |TAMS 0x000001d3d4000000, 0x000001d3d4000000| Untracked 
|   8|0x000001d3d6000000, 0x000001d3d6000000, 0x000001d3d8000000|  0%| F|  |TAMS 0x000001d3d6000000, 0x000001d3d6000000| Untracked 
|   9|0x000001d3d8000000, 0x000001d3d8000000, 0x000001d3da000000|  0%| F|  |TAMS 0x000001d3d8000000, 0x000001d3d8000000| Untracked 
|  10|0x000001d3da000000, 0x000001d3da000000, 0x000001d3dc000000|  0%| F|  |TAMS 0x000001d3da000000, 0x000001d3da000000| Untracked 
|  11|0x000001d3dc000000, 0x000001d3dc000000, 0x000001d3de000000|  0%| F|  |TAMS 0x000001d3dc000000, 0x000001d3dc000000| Untracked 
|  12|0x000001d3de000000, 0x000001d3de000000, 0x000001d3e0000000|  0%| F|  |TAMS 0x000001d3de000000, 0x000001d3de000000| Untracked 
|  16|0x000001d3e6000000, 0x000001d3e7738438, 0x000001d3e8000000| 72%| E|  |TAMS 0x000001d3e6000000, 0x000001d3e6000000| Complete 
|131071|0x000005d3c4000000, 0x000005d3c5d2ea00, 0x000005d3c6000000| 91%| O|  |TAMS 0x000005d3c4000000, 0x000005d3c4000000| Untracked 

Card table byte_map: [0x000005d5ce010000,0x000005d7ce010000] _byte_map_base: 0x000005d4e41e0000

Marking Bits (Prev, Next): (CMBitMap*) 0x000001d3b1f9e560, (CMBitMap*) 0x000001d3b1f9e5a0
 Prev Bits: [0x000005d9ce010000, 0x000005e9ce010000)
 Next Bits: [0x000005e9ce010000, 0x000005f9ce010000)

Polling page: 0x000001d3afb60000

Metaspace:

Usage:
  Non-class:     18.83 MB used.
      Class:      2.15 MB used.
       Both:     20.98 MB used.

Virtual space:
  Non-class space:       64.00 MB reserved,      18.94 MB ( 30%) committed,  1 nodes.
      Class space:        1.00 GB reserved,       2.31 MB ( <1%) committed,  1 nodes.
             Both:        1.06 GB reserved,      21.25 MB (  2%) committed. 

Chunk freelists:
   Non-Class:  12.95 MB
       Class:  13.73 MB
        Both:  26.68 MB

MaxMetaspaceSize: unlimited
CompressedClassSpaceSize: 1.00 GB
Initial GC threshold: 21.00 MB
Current GC threshold: 27.31 MB
CDS: off
MetaspaceReclaimPolicy: balanced
 - commit_granule_bytes: 65536.
 - commit_granule_words: 8192.
 - virtual_space_node_default_size: 8388608.
 - enlarge_chunks_in_place: 1.
 - new_chunks_are_fully_committed: 0.
 - uncommit_free_chunks: 1.
 - use_allocation_guard: 0.
 - handle_deallocations: 1.


Internal statistics:

num_allocs_failed_limit: 0.
num_arena_births: 264.
num_arena_deaths: 0.
num_vsnodes_births: 2.
num_vsnodes_deaths: 0.
num_space_committed: 340.
num_space_uncommitted: 0.
num_chunks_returned_to_freelist: 0.
num_chunks_taken_from_freelist: 390.
num_chunk_merges: 0.
num_chunk_splits: 223.
num_chunks_enlarged: 111.
num_inconsistent_stats: 0.

CodeHeap 'non-profiled nmethods': size=120000Kb used=853Kb max_used=853Kb free=119146Kb
 bounds [0x000001d3bd560000, 0x000001d3bd7d0000, 0x000001d3c4a90000]
CodeHeap 'profiled nmethods': size=120000Kb used=4162Kb max_used=4162Kb free=115837Kb
 bounds [0x000001d3b5a90000, 0x000001d3b5eb0000, 0x000001d3bcfc0000]
CodeHeap 'non-nmethods': size=5760Kb used=1300Kb max_used=1330Kb free=4459Kb
 bounds [0x000001d3bcfc0000, 0x000001d3bd230000, 0x000001d3bd560000]
 total_blobs=2948 nmethods=2310 adapters=551
 compilation: enabled
              stopped_count=0, restarted_count=0
 full_count=0

Compilation events (20 events):
Event: 16.153 Thread 0x000005f9d4b11ac0 2302       3       java.awt.Component::getBackground (29 bytes)
Event: 16.154 Thread 0x000005f9d4b11ac0 nmethod 2302 0x000001d3b5e9cb10 code [0x000001d3b5e9ccc0, 0x000001d3b5e9cf68]
Event: 16.170 Thread 0x000005f9d4b11ac0 2303       3       java.awt.Component::getForeground (29 bytes)
Event: 16.171 Thread 0x000005f9d4b11ac0 nmethod 2303 0x000001d3b5e9d010 code [0x000001d3b5e9d1e0, 0x000001d3b5e9d5e8]
Event: 16.238 Thread 0x000005f9d4b11ac0 2304       3       sun.java2d.SunGraphics2D::setRenderingHint (539 bytes)
Event: 16.239 Thread 0x000005f9d4b11ac0 nmethod 2304 0x000001d3b5e9d710 code [0x000001d3b5e9d9e0, 0x000001d3b5e9ee58]
Event: 16.239 Thread 0x000005f9d4b11ac0 2305       1       sun.awt.image.SunVolatileImage::getWidth (5 bytes)
Event: 16.239 Thread 0x000005f9d4b11ac0 nmethod 2305 0x000001d3bd634e90 code [0x000001d3bd635020, 0x000001d3bd6350f8]
Event: 16.239 Thread 0x000005f9d4b11ac0 2306       1       sun.awt.image.SunVolatileImage::getHeight (5 bytes)
Event: 16.239 Thread 0x000005f9d4b11ac0 nmethod 2306 0x000001d3bd635190 code [0x000001d3bd635320, 0x000001d3bd6353f8]
Event: 16.323 Thread 0x000005f9d4b11ac0 2307       3       sun.java2d.pipe.ValidatePipe::validate (6 bytes)
Event: 16.323 Thread 0x000005f9d4b11ac0 nmethod 2307 0x000001d3b5e9f210 code [0x000001d3b5e9f3e0, 0x000001d3b5e9f738]
Event: 16.323 Thread 0x000005f9d4b11ac0 2308       3       sun.java2d.SunGraphics2D::validatePipe (30 bytes)
Event: 16.323 Thread 0x000005f9d4b11ac0 nmethod 2308 0x000001d3b5e9f890 code [0x000001d3b5e9fa40, 0x000001d3b5e9fd38]
Event: 16.340 Thread 0x000005f9d4b11ac0 2309       3       sun.java2d.SunGraphics2D::setColor (108 bytes)
Event: 16.340 Thread 0x000005f9d4b11ac0 nmethod 2309 0x000001d3b5e9fe90 code [0x000001d3b5ea0080, 0x000001d3b5ea0538]
Event: 16.374 Thread 0x000005f9d4b11ac0 2310       1       java.awt.Component::getGraphicsConfiguration_NoClientCode (5 bytes)
Event: 16.374 Thread 0x000005f9d4b11ac0 nmethod 2310 0x000001d3bd635490 code [0x000001d3bd635620, 0x000001d3bd6356f8]
Event: 16.562 Thread 0x000005f9d4b11ac0 2311       3       sun.java2d.SunGraphics2D::dispose (12 bytes)
Event: 16.562 Thread 0x000005f9d4b11ac0 nmethod 2311 0x000001d3b5ea0610 code [0x000001d3b5ea07c0, 0x000001d3b5ea0968]

GC Heap History (14 events):
Event: 1.066 GC heap before
{Heap before GC invocations=0 (full 0):
 garbage-first heap   total 262144K, used 98304K [0x000001d3c6000000, 0x000005d3c6000000)
  region size 32768K, 1 young (32768K), 0 survivors (0K)
 Metaspace       used 16502K, committed 16768K, reserved 1114112K
  class space    used 1553K, committed 1664K, reserved 1048576K
}
Event: 1.077 GC heap after
{Heap after GC invocations=1 (full 0):
 garbage-first heap   total 262144K, used 69695K [0x000001d3c6000000, 0x000005d3c6000000)
  region size 32768K, 1 young (32768K), 1 survivors (32768K)
 Metaspace       used 16502K, committed 16768K, reserved 1114112K
  class space    used 1553K, committed 1664K, reserved 1048576K
}
Event: 1.203 GC heap before
{Heap before GC invocations=1 (full 0):
 garbage-first heap   total 262144K, used 102463K [0x000001d3c6000000, 0x000005d3c6000000)
  region size 32768K, 2 young (65536K), 1 survivors (32768K)
 Metaspace       used 16516K, committed 16768K, reserved 1114112K
  class space    used 1554K, committed 1664K, reserved 1048576K
}
Event: 1.209 GC heap after
{Heap after GC invocations=2 (full 0):
 garbage-first heap   total 262144K, used 69879K [0x000001d3c6000000, 0x000005d3c6000000)
  region size 32768K, 1 young (32768K), 1 survivors (32768K)
 Metaspace       used 16516K, committed 16768K, reserved 1114112K
  class space    used 1554K, committed 1664K, reserved 1048576K
}
Event: 1.316 GC heap before
{Heap before GC invocations=2 (full 0):
 garbage-first heap   total 262144K, used 69879K [0x000001d3c6000000, 0x000005d3c6000000)
  region size 32768K, 2 young (65536K), 1 survivors (32768K)
 Metaspace       used 16516K, committed 16768K, reserved 1114112K
  class space    used 1554K, committed 1664K, reserved 1048576K
}
Event: 1.322 GC heap after
{Heap after GC invocations=3 (full 0):
 garbage-first heap   total 262144K, used 69683K [0x000001d3c6000000, 0x000005d3c6000000)
  region size 32768K, 1 young (32768K), 1 survivors (32768K)
 Metaspace       used 16516K, committed 16768K, reserved 1114112K
  class space    used 1554K, committed 1664K, reserved 1048576K
}
Event: 1.354 GC heap before
{Heap before GC invocations=3 (full 0):
 garbage-first heap   total 262144K, used 135219K [0x000001d3c6000000, 0x000005d3c6000000)
  region size 32768K, 2 young (65536K), 1 survivors (32768K)
 Metaspace       used 16516K, committed 16768K, reserved 1114112K
  class space    used 1554K, committed 1664K, reserved 1048576K
}
Event: 1.359 GC heap after
{Heap after GC invocations=4 (full 0):
 garbage-first heap   total 262144K, used 135339K [0x000001d3c6000000, 0x000005d3c6000000)
  region size 32768K, 1 young (32768K), 1 survivors (32768K)
 Metaspace       used 16516K, committed 16768K, reserved 1114112K
  class space    used 1554K, committed 1664K, reserved 1048576K
}
Event: 1.558 GC heap before
{Heap before GC invocations=5 (full 0):
 garbage-first heap   total 393216K, used 233643K [0x000001d3c6000000, 0x000005d3c6000000)
  region size 32768K, 2 young (65536K), 1 survivors (32768K)
 Metaspace       used 16516K, committed 16768K, reserved 1114112K
  class space    used 1554K, committed 1664K, reserved 1048576K
}
Event: 1.565 GC heap after
{Heap after GC invocations=6 (full 0):
 garbage-first heap   total 393216K, used 211506K [0x000001d3c6000000, 0x000005d3c6000000)
  region size 32768K, 1 young (32768K), 1 survivors (32768K)
 Metaspace       used 16516K, committed 16768K, reserved 1114112K
  class space    used 1554K, committed 1664K, reserved 1048576K
}
Event: 1.640 GC heap before
{Heap before GC invocations=6 (full 0):
 garbage-first heap   total 393216K, used 211506K [0x000001d3c6000000, 0x000005d3c6000000)
  region size 32768K, 2 young (65536K), 1 survivors (32768K)
 Metaspace       used 16533K, committed 16768K, reserved 1114112K
  class space    used 1556K, committed 1664K, reserved 1048576K
}
Event: 1.649 GC heap after
{Heap after GC invocations=7 (full 0):
 garbage-first heap   total 557056K, used 85250K [0x000001d3c6000000, 0x000005d3c6000000)
  region size 32768K, 1 young (32768K), 1 survivors (32768K)
 Metaspace       used 16533K, committed 16768K, reserved 1114112K
  class space    used 1556K, committed 1664K, reserved 1048576K
}
Event: 4.888 GC heap before
{Heap before GC invocations=8 (full 0):
 garbage-first heap   total 458752K, used 281858K [0x000001d3c6000000, 0x000005d3c6000000)
  region size 32768K, 7 young (229376K), 1 survivors (32768K)
 Metaspace       used 17372K, committed 17600K, reserved 1114112K
  class space    used 1670K, committed 1728K, reserved 1048576K
}
Event: 4.922 GC heap after
{Heap after GC invocations=9 (full 0):
 garbage-first heap   total 491520K, used 259258K [0x000001d3c6000000, 0x000005d3c6000000)
  region size 32768K, 1 young (32768K), 1 survivors (32768K)
 Metaspace       used 17372K, committed 17600K, reserved 1114112K
  class space    used 1670K, committed 1728K, reserved 1048576K
}

Dll operation events (3 events):
Event: 0.007 Loaded shared library C:\Users\bader\.jdks\jbrsdk_jcef-17.0.9\bin\java.dll
Event: 0.093 Loaded shared library C:\Users\bader\.jdks\jbrsdk_jcef-17.0.9\bin\jsvml.dll
Event: 0.179 Loaded shared library C:\Users\bader\.jdks\jbrsdk_jcef-17.0.9\bin\zip.dll

Deoptimization events (20 events):
Event: 14.990 Thread 0x000005f9dff2d5a0 Uncommon trap: trap_request=0xffffff45 fr.pc=0x000001d3bd5ea9f4 relative=0x0000000000000134
Event: 14.990 Thread 0x000005f9dff2d5a0 Uncommon trap: reason=unstable_if action=reinterpret pc=0x000001d3bd5ea9f4 method=java.lang.StrictMath.floorOrCeil(DDDD)D @ 24 c2
Event: 14.990 Thread 0x000005f9dff2d5a0 DEOPT PACKING pc=0x000001d3bd5ea9f4 sp=0x0000006fdd1fd6a0
Event: 14.990 Thread 0x000005f9dff2d5a0 DEOPT UNPACKING pc=0x000001d3bd0169a3 sp=0x0000006fdd1fd608 mode 2
Event: 15.018 Thread 0x000005f9dff2e9e0 Uncommon trap: trap_request=0xffffff45 fr.pc=0x000001d3bd5e7f78 relative=0x00000000000001d8
Event: 15.018 Thread 0x000005f9dff2e9e0 Uncommon trap: reason=unstable_if action=reinterpret pc=0x000001d3bd5e7f78 method=sun.java2d.loops.GraphicsPrimitiveMgr.locate(Lsun/java2d/loops/GraphicsPrimitiveMgr$PrimitiveSpec;)Lsun/java2d/loops/GraphicsPrimitive; @ 85 c2
Event: 15.018 Thread 0x000005f9dff2e9e0 DEOPT PACKING pc=0x000001d3bd5e7f78 sp=0x0000006fdd6fe800
Event: 15.018 Thread 0x000005f9dff2e9e0 DEOPT UNPACKING pc=0x000001d3bd0169a3 sp=0x0000006fdd6fe7a0 mode 2
Event: 15.025 Thread 0x000005f9dff2e9e0 Uncommon trap: trap_request=0xffffffde fr.pc=0x000001d3bd5ccf48 relative=0x0000000000000508
Event: 15.025 Thread 0x000005f9dff2e9e0 Uncommon trap: reason=class_check action=maybe_recompile pc=0x000001d3bd5ccf48 method=java.util.HashMap.getNode(Ljava/lang/Object;)Ljava/util/HashMap$Node; @ 128 c2
Event: 15.025 Thread 0x000005f9dff2e9e0 DEOPT PACKING pc=0x000001d3bd5ccf48 sp=0x0000006fdd6fe740
Event: 15.025 Thread 0x000005f9dff2e9e0 DEOPT UNPACKING pc=0x000001d3bd0169a3 sp=0x0000006fdd6fe6c8 mode 2
Event: 15.027 Thread 0x000005f9dff2e9e0 Uncommon trap: trap_request=0xffffffde fr.pc=0x000001d3bd5ccf48 relative=0x0000000000000508
Event: 15.027 Thread 0x000005f9dff2e9e0 Uncommon trap: reason=class_check action=maybe_recompile pc=0x000001d3bd5ccf48 method=java.util.HashMap.getNode(Ljava/lang/Object;)Ljava/util/HashMap$Node; @ 128 c2
Event: 15.027 Thread 0x000005f9dff2e9e0 DEOPT PACKING pc=0x000001d3bd5ccf48 sp=0x0000006fdd6fe740
Event: 15.027 Thread 0x000005f9dff2e9e0 DEOPT UNPACKING pc=0x000001d3bd0169a3 sp=0x0000006fdd6fe6c8 mode 2
Event: 15.065 Thread 0x000005f9dff2f400 DEOPT PACKING pc=0x000001d3b5e5f188 sp=0x0000006fdd7ff4f0
Event: 15.065 Thread 0x000005f9dff2f400 DEOPT UNPACKING pc=0x000001d3bd017143 sp=0x0000006fdd7fea10 mode 0
Event: 15.114 Thread 0x000005f9dff2e9e0 DEOPT PACKING pc=0x000001d3b5e929c5 sp=0x0000006fdd6ff040
Event: 15.114 Thread 0x000005f9dff2e9e0 DEOPT UNPACKING pc=0x000001d3bd017143 sp=0x0000006fdd6fe550 mode 0

Classes unloaded (0 events):
No events

Classes redefined (0 events):
No events

Internal exceptions (20 events):
Event: 0.944 Thread 0x000001d3b1ee2310 Exception <a 'java/lang/NoSuchMethodError'{0x000001d3d5626008}: 'int java.lang.invoke.DirectMethodHandle$Holder.invokeStaticInit(java.lang.Object, int, int)'> (0x000001d3d5626008) 
thrown [s\src\hotspot\share\interpreter\linkResolver.cpp, line 771]
Event: 0.944 Thread 0x000001d3b1ee2310 Exception <a 'java/lang/NoSuchMethodError'{0x000001d3d562fb30}: 'int java.lang.invoke.DirectMethodHandle$Holder.invokeStaticInit(java.lang.Object, long, long)'> (0x000001d3d562fb30) 
thrown [s\src\hotspot\share\interpreter\linkResolver.cpp, line 771]
Event: 0.945 Thread 0x000001d3b1ee2310 Exception <a 'java/lang/NoSuchMethodError'{0x000001d3d5638818}: 'int java.lang.invoke.DirectMethodHandle$Holder.invokeStaticInit(java.lang.Object, float, float)'> (0x000001d3d5638818) 
thrown [s\src\hotspot\share\interpreter\linkResolver.cpp, line 771]
Event: 0.945 Thread 0x000001d3b1ee2310 Exception <a 'java/lang/NoSuchMethodError'{0x000001d3d5641508}: 'int java.lang.invoke.DirectMethodHandle$Holder.invokeStaticInit(java.lang.Object, double, double)'> (0x000001d3d5641508) 
thrown [s\src\hotspot\share\interpreter\linkResolver.cpp, line 771]
Event: 0.946 Thread 0x000001d3b1ee2310 Exception <a 'java/lang/NoSuchMethodError'{0x000001d3d5646fd8}: 'int java.lang.invoke.DirectMethodHandle$Holder.invokeStatic(java.lang.Object, long)'> (0x000001d3d5646fd8) 
thrown [s\src\hotspot\share\interpreter\linkResolver.cpp, line 771]
Event: 0.950 Thread 0x000001d3b1ee2310 Exception <a 'java/lang/NoSuchMethodError'{0x000001d3d5675ac8}: 'int java.lang.invoke.Invokers$Holder.linkToTargetMethod(java.lang.Object, java.lang.Object)'> (0x000001d3d5675ac8) 
thrown [s\src\hotspot\share\interpreter\linkResolver.cpp, line 771]
Event: 3.192 Thread 0x000001d3b1ee2310 Exception <a 'java/lang/NoSuchMethodError'{0x000001d3d77d4860}: 'void java.lang.invoke.DirectMethodHandle$Holder.invokeSpecial(java.lang.Object, java.lang.Object, java.lang.Object)'> (0x000001d3d77d4860) 
thrown [s\src\hotspot\share\interpreter\linkResolver.cpp, line 771]
Event: 5.149 Thread 0x000001d3b1ee2310 Exception <a 'java/lang/NoSuchMethodError'{0x000001d3e6427930}: 'void java.lang.invoke.DirectMethodHandle$Holder.invokeStaticInit(java.lang.Object)'> (0x000001d3e6427930) 
thrown [s\src\hotspot\share\interpreter\linkResolver.cpp, line 771]
Event: 5.171 Thread 0x000005f9dff2d5a0 Exception <a 'java/lang/NoSuchMethodError'{0x000001d3e6555bf8}: 'java.lang.Object java.lang.invoke.DirectMethodHandle$Holder.newInvokeSpecial(java.lang.Object, java.lang.Object, java.lang.Object, java.lang.Object, java.lang.Object)'> (0x000001d3e6555bf8) 
thrown [s\src\hotspot\share\interpreter\linkResolver.cpp, line 771]
Event: 5.172 Thread 0x000005f9dff2d5a0 Exception <a 'java/lang/NoSuchMethodError'{0x000001d3e65644c8}: 'java.lang.Object java.lang.invoke.DirectMethodHandle$Holder.invokeStatic(java.lang.Object, int, java.lang.Object, java.lang.Object, java.lang.Object, java.lang.Object)'> (0x000001d3e65644c8) 
thrown [s\src\hotspot\share\interpreter\linkResolver.cpp, line 771]
Event: 5.195 Thread 0x000005f9dff2d5a0 Exception <a 'java/lang/ClassNotFoundException'{0x000001d3e668c910}: com/sun/swing/internal/plaf/metal/resources/spi/metalProvider> (0x000001d3e668c910) 
thrown [s\src\hotspot\share\classfile\systemDictionary.cpp, line 256]
Event: 5.196 Thread 0x000005f9dff2d5a0 Exception <a 'java/lang/ClassNotFoundException'{0x000001d3e6692868}: com/sun/swing/internal/plaf/basic/resources/spi/basicProvider> (0x000001d3e6692868) 
thrown [s\src\hotspot\share\classfile\systemDictionary.cpp, line 256]
Event: 5.199 Thread 0x000005f9dff2d5a0 Exception <a 'java/lang/NoSuchMethodError'{0x000001d3e66b6c20}: 'java.lang.Object java.lang.invoke.Invokers$Holder.linkToTargetMethod(java.lang.Object, int, java.lang.Object, java.lang.Object, java.lang.Object)'> (0x000001d3e66b6c20) 
thrown [s\src\hotspot\share\interpreter\linkResolver.cpp, line 771]
Event: 5.218 Thread 0x000005f9dfae9b00 Exception <a 'java/lang/NoSuchMethodError'{0x000001d3e671dd60}: 'void java.lang.invoke.DirectMethodHandle$Holder.invokeVirtual(java.lang.Object, java.lang.Object)'> (0x000001d3e671dd60) 
thrown [s\src\hotspot\share\interpreter\linkResolver.cpp, line 771]
Event: 5.235 Thread 0x000005f9dff2d5a0 Exception <a 'java/lang/NoSuchMethodError'{0x000001d3e67971e0}: 'java.lang.Object java.lang.invoke.DirectMethodHandle$Holder.newInvokeSpecial(java.lang.Object, java.lang.Object, int, int, int, int)'> (0x000001d3e67971e0) 
thrown [s\src\hotspot\share\interpreter\linkResolver.cpp, line 771]
Event: 5.237 Thread 0x000005f9dff2d5a0 Exception <a 'java/lang/NoSuchMethodError'{0x000001d3e67a8f30}: 'void java.lang.invoke.DirectMethodHandle$Holder.invokeSpecial(java.lang.Object, java.lang.Object, int, int)'> (0x000001d3e67a8f30) 
thrown [s\src\hotspot\share\interpreter\linkResolver.cpp, line 771]
Event: 5.237 Thread 0x000005f9dff2d5a0 Exception <a 'java/lang/NoSuchMethodError'{0x000001d3e67b0d98}: 'java.lang.Object java.lang.invoke.DirectMethodHandle$Holder.newInvokeSpecial(java.lang.Object, java.lang.Object, int, int)'> (0x000001d3e67b0d98) 
thrown [s\src\hotspot\share\interpreter\linkResolver.cpp, line 771]
Event: 5.322 Thread 0x000005f9dff2d5a0 Exception <a 'java/lang/NoSuchMethodError'{0x000001d3e68b13f0}: 'java.lang.Object java.lang.invoke.Invokers$Holder.invoke_MT(java.lang.Object, java.lang.Object, java.lang.Object)'> (0x000001d3e68b13f0) 
thrown [s\src\hotspot\share\interpreter\linkResolver.cpp, line 771]
Event: 5.324 Thread 0x000005f9dff2d5a0 Exception <a 'java/lang/NoSuchMethodError'{0x000001d3e68bf900}: 'int java.lang.invoke.Invokers$Holder.invoke_MT(java.lang.Object, java.lang.Object, java.lang.Object)'> (0x000001d3e68bf900) 
thrown [s\src\hotspot\share\interpreter\linkResolver.cpp, line 771]
Event: 6.286 Thread 0x000005f9dff2d5a0 Exception <a 'java/lang/NoSuchMethodError'{0x000001d3e6927a88}: 'void java.lang.invoke.DirectMethodHandle$Holder.invokeStatic(java.lang.Object, java.lang.Object, java.lang.Object)'> (0x000001d3e6927a88) 
thrown [s\src\hotspot\share\interpreter\linkResolver.cpp, line 771]

VM Operations (20 events):
Event: 1.661 Executing VM operation: G1PauseCleanup
Event: 1.662 Executing VM operation: G1PauseCleanup done
Event: 2.672 Executing VM operation: Cleanup
Event: 2.672 Executing VM operation: Cleanup done
Event: 3.686 Executing VM operation: Cleanup
Event: 3.686 Executing VM operation: Cleanup done
Event: 4.888 Executing VM operation: G1CollectForAllocation
Event: 4.922 Executing VM operation: G1CollectForAllocation done
Event: 5.269 Executing VM operation: HandshakeAllThreads
Event: 5.269 Executing VM operation: HandshakeAllThreads done
Event: 6.283 Executing VM operation: Cleanup
Event: 6.284 Executing VM operation: Cleanup done
Event: 7.289 Executing VM operation: Cleanup
Event: 7.289 Executing VM operation: Cleanup done
Event: 8.293 Executing VM operation: Cleanup
Event: 8.293 Executing VM operation: Cleanup done
Event: 15.330 Executing VM operation: Cleanup
Event: 15.330 Executing VM operation: Cleanup done
Event: 16.344 Executing VM operation: Cleanup
Event: 16.344 Executing VM operation: Cleanup done

Events (20 events):
Event: 15.019 loading class sun/java2d/loops/DrawGlyphListAA$General done
Event: 15.023 loading class java/awt/LightweightDispatcher$2
Event: 15.023 loading class java/awt/LightweightDispatcher$2 done
Event: 15.023 loading class sun/java2d/pipe/RegionSpanIterator
Event: 15.023 loading class sun/java2d/pipe/SpanIterator
Event: 15.023 loading class sun/java2d/pipe/SpanIterator done
Event: 15.023 loading class sun/java2d/pipe/RegionSpanIterator done
Event: 15.457 loading class java/awt/image/BufferedImageOp
Event: 15.457 loading class java/awt/image/BufferedImageOp done
Event: 16.590 Thread 0x000005f9dff293d0 Thread added: 0x000005f9dff293d0
Event: 16.590 Thread 0x000005f9dff2a810 Thread added: 0x000005f9dff2a810
Event: 16.590 Thread 0x000005f9dff29df0 Thread added: 0x000005f9dff29df0
Event: 16.590 loading class java/util/WeakHashMap$KeyIterator
Event: 16.591 loading class java/util/WeakHashMap$HashIterator
Event: 16.591 loading class java/util/WeakHashMap$HashIterator done
Event: 16.591 loading class java/util/WeakHashMap$KeyIterator done
Event: 16.591 loading class sun/font/SunFontManager$8$1
Event: 16.591 Thread 0x000005f9dff293d0 Thread exited: 0x000005f9dff293d0
Event: 16.591 loading class sun/font/SunFontManager$8$1 done
Event: 16.593 Thread 0x000005f9dff29df0 Thread exited: 0x000005f9dff29df0


Dynamic libraries:
0x00007ff782070000 - 0x00007ff78207a000 	C:\Users\bader\.jdks\jbrsdk_jcef-17.0.9\bin\java.exe
0x00007ffed6e90000 - 0x00007ffed7088000 	C:\Windows\SYSTEM32\ntdll.dll
0x00007ffed4f20000 - 0x00007ffed4fe2000 	C:\Windows\System32\KERNEL32.DLL
0x00007ffed4960000 - 0x00007ffed4c5e000 	C:\Windows\System32\KERNELBASE.dll
0x00007ffed4db0000 - 0x00007ffed4eb0000 	C:\Windows\System32\ucrtbase.dll
0x00007ffecbf60000 - 0x00007ffecbf77000 	C:\Users\bader\.jdks\jbrsdk_jcef-17.0.9\bin\jli.dll
0x00007ffec3f90000 - 0x00007ffec3fab000 	C:\Users\bader\.jdks\jbrsdk_jcef-17.0.9\bin\VCRUNTIME140.dll
0x00007ffed6bd0000 - 0x00007ffed6d6d000 	C:\Windows\System32\USER32.dll
0x00007ffed4650000 - 0x00007ffed4672000 	C:\Windows\System32\win32u.dll
0x00007ffeba210000 - 0x00007ffeba4aa000 	C:\Windows\WinSxS\amd64_microsoft.windows.common-controls_6595b64144ccf1df_6.0.19041.4355_none_60b8b9eb71f62e16\COMCTL32.dll
0x00007ffed61a0000 - 0x00007ffed61cb000 	C:\Windows\System32\GDI32.dll
0x00007ffed67d0000 - 0x00007ffed686e000 	C:\Windows\System32\msvcrt.dll
0x00007ffed4530000 - 0x00007ffed4647000 	C:\Windows\System32\gdi32full.dll
0x00007ffed4d10000 - 0x00007ffed4dad000 	C:\Windows\System32\msvcp_win.dll
0x00007ffed6100000 - 0x00007ffed612f000 	C:\Windows\System32\IMM32.DLL
0x00007ffecbf50000 - 0x00007ffecbf5c000 	C:\Users\bader\.jdks\jbrsdk_jcef-17.0.9\bin\vcruntime140_1.dll
0x00007ffeb8c40000 - 0x00007ffeb8ccd000 	C:\Users\bader\.jdks\jbrsdk_jcef-17.0.9\bin\msvcp140.dll
0x00007ffe57490000 - 0x00007ffe58112000 	C:\Users\bader\.jdks\jbrsdk_jcef-17.0.9\bin\server\jvm.dll
0x00007ffed6d90000 - 0x00007ffed6e41000 	C:\Windows\System32\ADVAPI32.dll
0x00007ffed5e40000 - 0x00007ffed5edf000 	C:\Windows\System32\sechost.dll
0x00007ffed62a0000 - 0x00007ffed63c3000 	C:\Windows\System32\RPCRT4.dll
0x00007ffed4760000 - 0x00007ffed4787000 	C:\Windows\System32\bcrypt.dll
0x00007ffecf4c0000 - 0x00007ffecf4c9000 	C:\Windows\SYSTEM32\WSOCK32.dll
0x00007ffed3a60000 - 0x00007ffed3aab000 	C:\Windows\SYSTEM32\POWRPROF.dll
0x00007ffed6090000 - 0x00007ffed60fb000 	C:\Windows\System32\WS2_32.dll
0x00007ffeb9a40000 - 0x00007ffeb9a67000 	C:\Windows\SYSTEM32\WINMM.dll
0x00007ffecd650000 - 0x00007ffecd65a000 	C:\Windows\SYSTEM32\VERSION.dll
0x00007ffed3930000 - 0x00007ffed3942000 	C:\Windows\SYSTEM32\UMPDC.dll
0x00007ffed23b0000 - 0x00007ffed23c2000 	C:\Windows\SYSTEM32\kernel.appcore.dll
0x00007ffecb150000 - 0x00007ffecb15a000 	C:\Users\bader\.jdks\jbrsdk_jcef-17.0.9\bin\jimage.dll
0x00007ffed1cc0000 - 0x00007ffed1ea4000 	C:\Windows\SYSTEM32\DBGHELP.DLL
0x00007ffec4470000 - 0x00007ffec44a4000 	C:\Windows\SYSTEM32\dbgcore.DLL
0x00007ffed46d0000 - 0x00007ffed4752000 	C:\Windows\System32\bcryptPrimitives.dll
0x00007ffeced50000 - 0x00007ffeced5e000 	C:\Users\bader\.jdks\jbrsdk_jcef-17.0.9\bin\instrument.dll
0x00007ffec2380000 - 0x00007ffec23a5000 	C:\Users\bader\.jdks\jbrsdk_jcef-17.0.9\bin\java.dll
0x00007ffec2270000 - 0x00007ffec2288000 	C:\Users\bader\.jdks\jbrsdk_jcef-17.0.9\bin\zip.dll
0x00007ffeb73d0000 - 0x00007ffeb74a7000 	C:\Users\bader\.jdks\jbrsdk_jcef-17.0.9\bin\jsvml.dll
0x00007ffed4ff0000 - 0x00007ffed575d000 	C:\Windows\System32\SHELL32.dll
0x00007ffed25b0000 - 0x00007ffed2d54000 	C:\Windows\SYSTEM32\windows.storage.dll
0x00007ffed6870000 - 0x00007ffed6bc3000 	C:\Windows\System32\combase.dll
0x00007ffed3f60000 - 0x00007ffed3f8e000 	C:\Windows\SYSTEM32\Wldp.dll
0x00007ffed61d0000 - 0x00007ffed629d000 	C:\Windows\System32\OLEAUT32.dll
0x00007ffed65c0000 - 0x00007ffed666d000 	C:\Windows\System32\SHCORE.dll
0x00007ffed6560000 - 0x00007ffed65b5000 	C:\Windows\System32\shlwapi.dll
0x00007ffed4460000 - 0x00007ffed4484000 	C:\Windows\SYSTEM32\profapi.dll
0x00007ffec2080000 - 0x00007ffec2099000 	C:\Users\bader\.jdks\jbrsdk_jcef-17.0.9\bin\net.dll
0x00007ffeccc80000 - 0x00007ffeccd8d000 	C:\Windows\SYSTEM32\WINHTTP.dll
0x00007ffed3cc0000 - 0x00007ffed3d2a000 	C:\Windows\system32\mswsock.dll
0x00007ffec1fb0000 - 0x00007ffec1fc6000 	C:\Users\bader\.jdks\jbrsdk_jcef-17.0.9\bin\nio.dll
0x00007ffec1790000 - 0x00007ffec17aa000 	C:\Program Files\JetBrains\IntelliJ IDEA Community Edition 2023.3.6\bin\breakgen64.dll
0x00007ffeb7230000 - 0x00007ffeb73ca000 	C:\Users\bader\.jdks\jbrsdk_jcef-17.0.9\bin\awt.dll
0x00007ffed20b0000 - 0x00007ffed20df000 	C:\Windows\SYSTEM32\dwmapi.dll
0x00007ffeb9bf0000 - 0x00007ffeb9c34000 	C:\Users\bader\.jdks\jbrsdk_jcef-17.0.9\bin\nvdaControllerClient64.dll
0x00007ffecf1c0000 - 0x00007ffecf254000 	C:\Windows\SYSTEM32\apphelp.dll
0x00007ffeb81e0000 - 0x00007ffeb8308000 	C:\Windows\system32\opengl32.dll
0x00007ffeb7c60000 - 0x00007ffeb7c8c000 	C:\Windows\SYSTEM32\GLU32.dll
0x00007ffed1090000 - 0x00007ffed112e000 	C:\Windows\system32\uxtheme.dll
0x00007ffed5bd0000 - 0x00007ffed5ce5000 	C:\Windows\System32\MSCTF.dll
0x00007ffed5cf0000 - 0x00007ffed5d99000 	C:\Windows\System32\clbcatq.dll
0x00007ffe4ea80000 - 0x00007ffe4fa4a000 	C:\Windows\System32\DriverStore\FileRepository\iigd_dch.inf_amd64_5d54dd32fa1ef4d4\ig9icd64.dll
0x00007ffed6430000 - 0x00007ffed655b000 	C:\Windows\System32\ole32.dll
0x00007ffed2dc0000 - 0x00007ffed2eb6000 	C:\Windows\system32\dxgi.dll
0x00007ffec7a80000 - 0x00007ffec7cbf000 	C:\Windows\System32\DriverStore\FileRepository\iigd_dch.inf_amd64_5d54dd32fa1ef4d4\igdgmm64.dll
0x00007ffec4eb0000 - 0x00007ffec7a79000 	C:\Windows\System32\DriverStore\FileRepository\iigd_dch.inf_amd64_5d54dd32fa1ef4d4\igc64.dll
0x00007ffe6fa90000 - 0x00007ffe6fe9c000 	C:\Windows\System32\DriverStore\FileRepository\iigd_dch.inf_amd64_5d54dd32fa1ef4d4\igdml64.dll
0x00007ffed3ec0000 - 0x00007ffed3ed8000 	C:\Windows\SYSTEM32\CRYPTSP.dll
0x00007ffed3570000 - 0x00007ffed35a4000 	C:\Windows\system32\rsaenh.dll
0x00007ffed4420000 - 0x00007ffed444e000 	C:\Windows\SYSTEM32\USERENV.dll
0x00007ffed3eb0000 - 0x00007ffed3ebc000 	C:\Windows\SYSTEM32\CRYPTBASE.dll
0x00007ffed3950000 - 0x00007ffed398b000 	C:\Windows\SYSTEM32\IPHLPAPI.DLL
0x00007ffed5e30000 - 0x00007ffed5e38000 	C:\Windows\System32\NSI.dll
0x00007ffecc960000 - 0x00007ffecc977000 	C:\Windows\SYSTEM32\dhcpcsvc6.DLL
0x00007ffeccbf0000 - 0x00007ffeccc0d000 	C:\Windows\SYSTEM32\dhcpcsvc.DLL
0x00007ffed3990000 - 0x00007ffed3a5a000 	C:\Windows\SYSTEM32\DNSAPI.dll
0x00007ffeb86d0000 - 0x00007ffeb8757000 	C:\Users\bader\.jdks\jbrsdk_jcef-17.0.9\bin\freetype.dll
0x00007ffea8780000 - 0x00007ffea8857000 	C:\Users\bader\.jdks\jbrsdk_jcef-17.0.9\bin\fontmanager.dll
0x00007ffebb1d0000 - 0x00007ffebb1e2000 	C:\Users\bader\.jdks\jbrsdk_jcef-17.0.9\bin\jsound.dll
0x00007ffeb5600000 - 0x00007ffeb569c000 	C:\Windows\SYSTEM32\DSOUND.dll
0x00007ffec02f0000 - 0x00007ffec0316000 	C:\Windows\SYSTEM32\winmmbase.dll
0x00007ffecce00000 - 0x00007ffecce85000 	C:\Windows\System32\MMDevApi.dll
0x00007ffed42c0000 - 0x00007ffed42f3000 	C:\Windows\System32\DEVOBJ.dll
0x00007ffed4680000 - 0x00007ffed46ce000 	C:\Windows\System32\cfgmgr32.dll
0x00007ffeb5080000 - 0x00007ffeb50c6000 	C:\Windows\SYSTEM32\wdmaud.drv
0x00007ffecf4e0000 - 0x00007ffecf4e9000 	C:\Windows\SYSTEM32\ksuser.dll
0x00007ffeced00000 - 0x00007ffeced0a000 	C:\Windows\SYSTEM32\AVRT.dll
0x00007ffecce90000 - 0x00007ffecd011000 	C:\Windows\SYSTEM32\AUDIOSES.DLL
0x00007ffeb5070000 - 0x00007ffeb507d000 	C:\Windows\SYSTEM32\msacm32.drv
0x00007ffeb5050000 - 0x00007ffeb506e000 	C:\Windows\SYSTEM32\MSACM32.dll
0x00007ffeb5040000 - 0x00007ffeb504b000 	C:\Windows\SYSTEM32\midimap.dll
0x00007ffed1fb0000 - 0x00007ffed1fc4000 	C:\Windows\SYSTEM32\resourcepolicyclient.dll
0x00007ffeb1a60000 - 0x00007ffeb1c05000 	C:\Windows\WinSxS\amd64_microsoft.windows.gdiplus_6595b64144ccf1df_1.1.19041.4597_none_91a78020cc854124\gdiplus.dll
0x00007ffebfdd0000 - 0x00007ffebfec9000 	C:\Windows\SYSTEM32\textinputframework.dll
0x00007ffece6e0000 - 0x00007ffecea3b000 	C:\Windows\System32\CoreUIComponents.dll
0x00007ffecea50000 - 0x00007ffeceb42000 	C:\Windows\System32\CoreMessaging.dll
0x00007ffed37c0000 - 0x00007ffed37f3000 	C:\Windows\SYSTEM32\ntmarta.dll
0x00007ffed12c0000 - 0x00007ffed1417000 	C:\Windows\SYSTEM32\wintypes.dll
0x00007ffeb7e70000 - 0x00007ffeb8165000 	C:\Windows\System32\uiautomationcore.dll
0x00007ffed1880000 - 0x00007ffed1976000 	C:\Windows\System32\PROPSYS.dll
0x00007ffeb8170000 - 0x00007ffeb81d6000 	C:\Windows\System32\OLEACC.dll
0x00007ffebfed0000 - 0x00007ffec000f000 	C:\Windows\System32\Windows.UI.dll
0x00007ffecbdf0000 - 0x00007ffecbe91000 	C:\Windows\System32\WindowManagementAPI.dll
0x00007ffebfc70000 - 0x00007ffebfdc2000 	C:\Windows\System32\InputHost.dll
0x00007ffecb4a0000 - 0x00007ffecb6a3000 	C:\Windows\SYSTEM32\twinapi.appcore.dll

dbghelp: loaded successfully - version: 4.0.5 - missing functions: none
symbol engine: initialized successfully - sym options: 0x614 - pdb path: .;C:\Users\bader\.jdks\jbrsdk_jcef-17.0.9\bin;C:\Windows\SYSTEM32;C:\Windows\WinSxS\amd64_microsoft.windows.common-controls_6595b64144ccf1df_6.0.19041.4355_none_60b8b9eb71f62e16;C:\Users\bader\.jdks\jbrsdk_jcef-17.0.9\bin\server;C:\Program Files\JetBrains\IntelliJ IDEA Community Edition 2023.3.6\bin;C:\Windows\System32\DriverStore\FileRepository\iigd_dch.inf_amd64_5d54dd32fa1ef4d4;C:\Windows\WinSxS\amd64_microsoft.windows.gdiplus_6595b64144ccf1df_1.1.19041.4597_none_91a78020cc854124

VM Arguments:
jvm_args: -Xmx3072g -Xmx4096g -Dsun.java2d.opengl=true -XX:ErrorFile=logs/hs_err_pid%p.log -javaagent:C:\Program Files\JetBrains\IntelliJ IDEA Community Edition 2023.3.6\lib\idea_rt.jar=60877:C:\Program Files\JetBrains\IntelliJ IDEA Community Edition 2023.3.6\bin -Dfile.encoding=UTF-8 
java_command: net.sendback.Main
java_class_path (initial): C:\Users\bader\OneDrive\Bureau\Idea\GTS_PRojekt\target\classes
Launcher Type: SUN_STANDARD

[Global flags]
     intx CICompilerCount                          = 4                                         {product} {ergonomic}
     uint ConcGCThreads                            = 3                                         {product} {ergonomic}
    ccstr ErrorFile                                = logs/hs_err_pid%p.log                     {product} {command line}
     uint G1ConcRefinementThreads                  = 10                                        {product} {ergonomic}
   size_t G1HeapRegionSize                         = 33554432                                  {product} {ergonomic}
    uintx GCDrainStackTargetSize                   = 64                                        {product} {ergonomic}
   size_t InitialHeapSize                          = 268435456                                 {product} {ergonomic}
   size_t MarkStackSize                            = 4194304                                   {product} {ergonomic}
   size_t MaxHeapSize                              = 4398046511104                             {product} {command line}
   size_t MaxNewSize                               = 2638821195776                             {product} {ergonomic}
   size_t MinHeapDeltaBytes                        = 33554432                                  {product} {ergonomic}
   size_t MinHeapSize                              = 33554432                                  {product} {ergonomic}
    uintx NonNMethodCodeHeapSize                   = 5839372                                {pd product} {ergonomic}
    uintx NonProfiledCodeHeapSize                  = 122909434                              {pd product} {ergonomic}
    uintx ProfiledCodeHeapSize                     = 122909434                              {pd product} {ergonomic}
    uintx ReservedCodeCacheSize                    = 251658240                              {pd product} {ergonomic}
     bool SegmentedCodeCache                       = true                                      {product} {ergonomic}
   size_t SoftMaxHeapSize                          = 4398046511104                          {manageable} {ergonomic}
     bool UseCompressedClassPointers               = true                           {product lp64_product} {ergonomic}
     bool UseG1GC                                  = true                                      {product} {ergonomic}
     bool UseLargePagesIndividualAllocation        = false                                  {pd product} {ergonomic}

Logging:
Log output configuration:
 #0: stdout all=warning uptime,level,tags
 #1: stderr all=off uptime,level,tags

Environment Variables:
PATH=C:\Program Files\Common Files\Oracle\Java\javapath;C:\Windows\system32;C:\Windows;C:\Windows\System32\Wbem;C:\Windows\System32\WindowsPowerShell\v1.0\;C:\Windows\System32\OpenSSH\;C:\Program Files (x86)\NVIDIA Corporation\PhysX\Common;C:\Program Files\dotnet\;C:\Users\bader\AppData\Local\Microsoft\WindowsApps;C:\Users\bader\AppData\Local\GitHubDesktop\bin
USERNAME=bader
OS=Windows_NT
PROCESSOR_IDENTIFIER=Intel64 Family 6 Model 158 Stepping 10, GenuineIntel
TMP=C:\Users\bader\AppData\Local\Temp
TEMP=C:\Users\bader\AppData\Local\Temp



Periodic native trim disabled

JNI global refs:
JNI global refs: 139, weak refs: 185

JNI global refs memory usage: 2107, weak refs: 2105

OOME stack traces (most recent first):
Classloader memory used:
Loader bootstrap                                                                       : 2646K
Loader jdk.internal.loader.ClassLoaders$AppClassLoader                                 : 34446B
Loader jdk.internal.reflect.DelegatingClassLoader                                      : 5061B
Loader jdk.internal.loader.ClassLoaders$PlatformClassLoader                            : 764B


---------------  S Y S T E M  ---------------

OS:
 Windows 10 , 64 bit Build 19041 (10.0.19041.5072)
OS uptime: 18 days 7:36 hours

CPU: total 12 (initial active 12) (6 cores per cpu, 2 threads per core) family 6 model 158 stepping 10 microcode 0xf0, cx8, cmov, fxsr, ht, mmx, 3dnowpref, sse, sse2, sse3, ssse3, sse4.1, sse4.2, popcnt, lzcnt, tsc, tscinvbit, avx, avx2, aes, erms, clmul, bmi1, bmi2, adx, fma, vzeroupper, clflush, clflushopt
Processor Information for all 12 processors :
  Max Mhz: 2592, Current Mhz: 2592, Mhz Limit: 2592

Memory: 4k page, system-wide physical 16254M (2098M free)
TotalPageFile size 22380M (AvailPageFile size 3053M)
current process WorkingSet (physical memory assigned to process): 811M, peak: 828M
current process commit charge ("private bytes"): 876M, peak: 900M

vm_info: OpenJDK 64-Bit Server VM (17.0.9+8-b1166.2) for windows-amd64 JRE (17.0.9+8-b1166.2), built on 2024-01-13 by "builduser" with MS VC++ 16.10 / 16.11 (VS2019)

END.
