#
# A fatal error has been detected by the Java Runtime Environment:
#
#  EXCEPTION_ACCESS_VIOLATION (0xc0000005) at pc=0x00007ffe419b3c53, pid=27696, tid=33756
#
# JRE version: OpenJDK Runtime Environment JBR-17.0.9+8-1166.2-jcef (17.0.9+8) (build 17.0.9+8-b1166.2)
# Java VM: OpenJDK 64-Bit Server VM JBR-17.0.9+8-1166.2-jcef (17.0.9+8-b1166.2, mixed mode, tiered, compressed class ptrs, g1 gc, windows-amd64)
# Problematic frame:
# C  [ig9icd64.dll+0x9c3c53]
#
# No core dump will be written. Minidumps are not enabled by default on client versions of Windows
#
# If you would like to submit a bug report, please visit:
#   https://youtrack.jetbrains.com/issues/JBR
# The crash happened outside the Java Virtual Machine in native code.
# See problematic frame for where to report the bug.
#

---------------  S U M M A R Y ------------

Command Line: -Xmx3072g -Xmx4096g -Dsun.java2d.opengl=true -XX:ErrorFile=logs/hs_err_pid%p.log -javaagent:C:\Program Files\JetBrains\IntelliJ IDEA Community Edition 2023.3.6\lib\idea_rt.jar=54312:C:\Program Files\JetBrains\IntelliJ IDEA Community Edition 2023.3.6\bin -Dfile.encoding=UTF-8 net.sendback.Main

Host: Intel(R) Core(TM) i7-9750H CPU @ 2.60GHz, 12 cores, 15G,  Windows 10 , 64 bit Build 19041 (10.0.19041.5072)
Time: Fri Nov  8 20:05:14 2024 Mitteleuropäische Zeit elapsed time: 11.761313 seconds (0d 0h 0m 11s)

---------------  T H R E A D  ---------------

Current thread (0x000006d4d839fc70):  JavaThread "Java2D Queue Flusher" daemon [_thread_in_native, id=33756, stack(0x000000f9dcb00000,0x000000f9dcc00000)]

Stack: [0x000000f9dcb00000,0x000000f9dcc00000],  sp=0x000000f9dcbfebe8,  free space=1018k
Native frames: (J=compiled Java code, j=interpreted, Vv=VM code, C=native code)
C  [ig9icd64.dll+0x9c3c53]

Java frames: (J=compiled Java code, j=interpreted, Vv=VM code)
j  sun.java2d.opengl.OGLRenderQueue.flushBuffer(JI)V+0 java.desktop
j  sun.java2d.opengl.OGLRenderQueue.flushBuffer()V+21 java.desktop
j  sun.java2d.opengl.OGLRenderQueue$QueueFlusher.run()V+81 java.desktop
j  java.lang.Thread.run()V+11 java.base@17.0.9
v  ~StubRoutines::call_stub

siginfo: EXCEPTION_ACCESS_VIOLATION (0xc0000005), reading address 0xffffffffffffffff


Registers:
RAX=0x000000000fff0fff, RBX=0x00007ffe40ff0000, RCX=0x000000033fcf3fcc, RDX=0x000000f9dcbff100
RSP=0x000000f9dcbfebe8, RBP=0x000000f9dcbfecf0, RSI=0x000006d4de433c00, RDI=0x000000f9dcbfeef0
R8 =0x000000f9dcbfed20, R9 =0x000000f9dcbff100, R10=0x000000f9dcbfeef0, R11=0x0000000000000000
R12=0x00007ffe41e1a420, R13=0x0000000000000000, R14=0x0000000000000000, R15=0x00000000000001c1
RIP=0x00007ffe419b3c53, EFLAGS=0x0000000000010206


Register to memory mapping:

RIP=0x00007ffe419b3c53 ig9icd64.dll
RAX=0x000000000fff0fff is an unknown value
RBX=0x00007ffe40ff0000 ig9icd64.dll
RCX=0x000000033fcf3fcc is an unknown value
RDX=0x000000f9dcbff100 is pointing into the stack for thread: 0x000006d4d839fc70
RSP=0x000000f9dcbfebe8 is pointing into the stack for thread: 0x000006d4d839fc70
RBP=0x000000f9dcbfecf0 is pointing into the stack for thread: 0x000006d4d839fc70
RSI=0x000006d4de433c00 points into unknown readable memory: 0x000006d4d83d6100 | 00 61 3d d8 d4 06 00 00
RDI=0x000000f9dcbfeef0 is pointing into the stack for thread: 0x000006d4d839fc70
R8 =0x000000f9dcbfed20 is pointing into the stack for thread: 0x000006d4d839fc70
R9 =0x000000f9dcbff100 is pointing into the stack for thread: 0x000006d4d839fc70
R10=0x000000f9dcbfeef0 is pointing into the stack for thread: 0x000006d4d839fc70
R11=0x0 is NULL
R12=0x00007ffe41e1a420 ig9icd64.dll
R13=0x0 is NULL
R14=0x0 is NULL
R15=0x00000000000001c1 is an unknown value


Top of Stack: (sp=0x000000f9dcbfebe8)
0x000000f9dcbfebe8:   00007ffe419b138b 0000000000000001
0x000000f9dcbfebf8:   0000000000000000 000006d4d80c0700
0x000000f9dcbfec08:   00007ffec7a82572 000000f900000065
0x000000f9dcbfec18:   000000f9dcbfee20 0000000000000000
0x000000f9dcbfec28:   000006d4d8040b10 0000000000000000
0x000000f9dcbfec38:   000006d4de8c7500 000006d4d80c0700
0x000000f9dcbfec48:   0000000000000fb0 0000000000000000
0x000000f9dcbfec58:   0000000000000000 000000f9dcbfedd0
0x000000f9dcbfec68:   00007ffe41649070 0000000000000000
0x000000f9dcbfec78:   0000000000000000 0000000000000000
0x000000f9dcbfec88:   0000000000000000 00009551524e30ef
0x000000f9dcbfec98:   00007ffe410064e5 000006d4d80c0700
0x000000f9dcbfeca8:   0000000000004001 0000000000000200
0x000000f9dcbfecb8:   00007ffed6ebb86b 00000000020600e5
0x000000f9dcbfecc8:   000000000000008b 000002aeb093e3c0
0x000000f9dcbfecd8:   0000000000000000 0000000000000000
0x000000f9dcbfece8:   00007ffe419b1c62 0000000000000000
0x000000f9dcbfecf8:   000002aeae701080 000000f9dcbfeff0
0x000000f9dcbfed08:   000002aeae700000 000002aeae7002b4
0x000000f9dcbfed18:   000006d4d8040b10 00007ffe41cbf020
0x000000f9dcbfed28:   0000000e00000000 0000001a00000018
0x000000f9dcbfed38:   00000fff00000000 437f0000437f0000
0x000000f9dcbfed48:   437f0000437f0000 0000ff0000ff0000
0x000000f9dcbfed58:   ff000000000000ff 0000000800000010
0x000000f9dcbfed68:   0000001800000000 0000000000000000
0x000000f9dcbfed78:   0000000000000000 0000000000000000
0x000000f9dcbfed88:   0000000000000000 0000000000000000
0x000000f9dcbfed98:   0000000000000000 0000000000000000
0x000000f9dcbfeda8:   0000000000000000 0000000000000000
0x000000f9dcbfedb8:   0000000000000000 0000000000000000
0x000000f9dcbfedc8:   0000000000000000 0000000000000000
0x000000f9dcbfedd8:   0000000000000000 0000000000000000 

Instructions: (pc=0x00007ffe419b3c53)
0x00007ffe419b3b53:   a1 b6 30 00 48 89 51 08 48 89 01 8b 44 24 28 89
0x00007ffe419b3b63:   41 20 8b 44 24 30 89 41 24 48 8b c1 4c 89 41 10
0x00007ffe419b3b73:   4c 89 49 18 c3 cc cc cc cc cc cc cc cc 48 89 5c
0x00007ffe419b3b83:   24 08 8b 41 5c 48 8d 1d 71 c4 63 ff 41 89 40 08
0x00007ffe419b3b93:   4c 8b d1 8b 41 60 45 33 db 41 89 40 0c 4c 8b ca
0x00007ffe419b3ba3:   8b 41 64 41 89 40 10 8b 41 68 41 89 40 14 8b 41
0x00007ffe419b3bb3:   6c 41 89 40 18 8b 41 70 41 89 40 1c 48 63 41 74
0x00007ffe419b3bc3:   48 6b c8 34 8b 84 19 84 5f ee 00 41 89 40 20 8b
0x00007ffe419b3bd3:   84 19 88 5f ee 00 41 89 40 24 8b 84 19 8c 5f ee
0x00007ffe419b3be3:   00 41 89 40 28 8b 84 19 90 5f ee 00 41 89 40 2c
0x00007ffe419b3bf3:   8b 84 19 74 5f ee 00 41 89 40 30 8b 84 19 78 5f
0x00007ffe419b3c03:   ee 00 41 89 40 34 8b 84 19 7c 5f ee 00 41 89 40
0x00007ffe419b3c13:   38 8b 84 19 80 5f ee 00 41 89 40 3c 8b 84 19 64
0x00007ffe419b3c23:   5f ee 00 41 89 40 40 8b 84 19 68 5f ee 00 41 89
0x00007ffe419b3c33:   40 44 8b 84 19 6c 5f ee 00 41 89 40 48 8b 84 19
0x00007ffe419b3c43:   70 5f ee 00 41 89 40 4c 49 63 42 78 48 6b c8 34
0x00007ffe419b3c53:   8b 84 19 84 5f ee 00 41 89 40 50 8b 84 19 88 5f
0x00007ffe419b3c63:   ee 00 41 89 40 54 8b 84 19 8c 5f ee 00 41 89 40
0x00007ffe419b3c73:   58 8b 84 19 90 5f ee 00 41 89 40 5c 8b 84 19 74
0x00007ffe419b3c83:   5f ee 00 41 89 40 60 8b 84 19 78 5f ee 00 41 89
0x00007ffe419b3c93:   40 64 8b 84 19 7c 5f ee 00 41 89 40 68 8b 84 19
0x00007ffe419b3ca3:   80 5f ee 00 41 89 40 6c 8b 84 19 64 5f ee 00 41
0x00007ffe419b3cb3:   89 40 70 8b 84 19 68 5f ee 00 41 89 40 74 8b 84
0x00007ffe419b3cc3:   19 6c 5f ee 00 41 89 40 78 8b 84 19 70 5f ee 00
0x00007ffe419b3cd3:   41 89 40 7c 48 8b 42 18 8b 88 38 0b 00 00 f6 c1
0x00007ffe419b3ce3:   08 0f 84 86 00 00 00 8b 80 3c 0b 00 00 41 89 80
0x00007ffe419b3cf3:   80 00 00 00 48 8b 42 18 8b 88 40 0b 00 00 41 89
0x00007ffe419b3d03:   88 84 00 00 00 48 8b 42 18 8b 88 44 0b 00 00 41
0x00007ffe419b3d13:   89 88 88 00 00 00 48 8b 42 18 8b 88 48 0b 00 00
0x00007ffe419b3d23:   41 89 88 8c 00 00 00 48 8b 42 18 8b 88 4c 0b 00
0x00007ffe419b3d33:   00 41 89 88 90 00 00 00 48 8b 42 18 8b 88 50 0b
0x00007ffe419b3d43:   00 00 41 89 88 94 00 00 00 48 8b 42 18 8b 88 54 


Stack slot to memory mapping:
stack at sp + 0 slots: 0x00007ffe419b138b ig9icd64.dll
stack at sp + 1 slots: 0x0000000000000001 is an unknown value
stack at sp + 2 slots: 0x0 is NULL
stack at sp + 3 slots: 0x000006d4d80c0700 points into unknown readable memory: 0x00007ffec7c9d290 | 90 d2 c9 c7 fe 7f 00 00
stack at sp + 4 slots: 0x00007ffec7a82572 igdgmm64.dll
stack at sp + 5 slots: 0x000000f900000065 is an unknown value
stack at sp + 6 slots: 0x000000f9dcbfee20 is pointing into the stack for thread: 0x000006d4d839fc70
stack at sp + 7 slots: 0x0 is NULL


---------------  P R O C E S S  ---------------

Threads class SMR info:
_java_thread_list=0x000006d4dedde4f0, length=44, elements={
0x000006d4d3514300, 0x000006d4d3515180, 0x000006d4d356d4e0, 0x000006d4d356e0a0,
0x000006d4d3570a70, 0x000006d4d3571430, 0x000006d4d35756d0, 0x000006d4d35807b0,
0x000006d4d35811b0, 0x000006d4d36b73a0, 0x000006d4d8141ec0, 0x000006d4d81423a0,
0x000006d4d839fc70, 0x000006d4de5f3d50, 0x000006d4deb370c0, 0x000006d4deb1c7d0,
0x000006d4deb456e0, 0x000006d4dea94a50, 0x000006d4dea93610, 0x000006d4dea95470,
0x000006d4dea94030, 0x000006d4dea95980, 0x000006d4dea95e90, 0x000006d4dea93b20,
0x000006d4dea963a0, 0x000006d4dea968b0, 0x000006d4dea94540, 0x000006d4dea96dc0,
0x000006d4ded34590, 0x000006d4ded35ee0, 0x000006d4ded34aa0, 0x000006d4ded33660,
0x000006d4ded34fb0, 0x000006d4ded31800, 0x000006d4ded303c0, 0x000006d4ded36900,
0x000006d4ded359d0, 0x000006d4ded33b70, 0x000006d4ded30de0, 0x000006d4ded363f0,
0x000006d4ded32220, 0x000006d4ded36e10, 0x000006d4ded354c0, 0x000006d4ded32730
}

Java Threads: ( => current thread )
  0x000006d4d3514300 JavaThread "Reference Handler" daemon [_thread_blocked, id=33284, stack(0x000000f9dbe00000,0x000000f9dbf00000)]
  0x000006d4d3515180 JavaThread "Finalizer" daemon [_thread_blocked, id=36540, stack(0x000000f9dbf00000,0x000000f9dc000000)]
  0x000006d4d356d4e0 JavaThread "Signal Dispatcher" daemon [_thread_blocked, id=37680, stack(0x000000f9dc000000,0x000000f9dc100000)]
  0x000006d4d356e0a0 JavaThread "Attach Listener" daemon [_thread_blocked, id=6220, stack(0x000000f9dc100000,0x000000f9dc200000)]
  0x000006d4d3570a70 JavaThread "Service Thread" daemon [_thread_blocked, id=1636, stack(0x000000f9dc200000,0x000000f9dc300000)]
  0x000006d4d3571430 JavaThread "Monitor Deflation Thread" daemon [_thread_blocked, id=9900, stack(0x000000f9dc300000,0x000000f9dc400000)]
  0x000006d4d35756d0 JavaThread "C2 CompilerThread0" daemon [_thread_blocked, id=37248, stack(0x000000f9dc400000,0x000000f9dc500000)]
  0x000006d4d35807b0 JavaThread "C1 CompilerThread0" daemon [_thread_blocked, id=29292, stack(0x000000f9dc500000,0x000000f9dc600000)]
  0x000006d4d35811b0 JavaThread "Sweeper thread" daemon [_thread_blocked, id=40656, stack(0x000000f9dc600000,0x000000f9dc700000)]
  0x000006d4d36b73a0 JavaThread "Common-Cleaner" daemon [_thread_blocked, id=39304, stack(0x000000f9dc700000,0x000000f9dc800000)]
  0x000006d4d8141ec0 JavaThread "Monitor Ctrl-Break" daemon [_thread_in_native, id=40100, stack(0x000000f9dc800000,0x000000f9dc900000)]
  0x000006d4d81423a0 JavaThread "Notification Thread" daemon [_thread_blocked, id=1084, stack(0x000000f9dc900000,0x000000f9dca00000)]
=>0x000006d4d839fc70 JavaThread "Java2D Queue Flusher" daemon [_thread_in_native, id=33756, stack(0x000000f9dcb00000,0x000000f9dcc00000)]
  0x000006d4de5f3d50 JavaThread "Java2D Disposer" daemon [_thread_blocked, id=36016, stack(0x000000f9dd000000,0x000000f9dd100000)]
  0x000006d4deb370c0 JavaThread "AWT-Windows" daemon [_thread_in_native, id=9720, stack(0x000000f9dd300000,0x000000f9dd400000)]
  0x000006d4deb1c7d0 JavaThread "Java Sound Event Dispatcher" daemon [_thread_blocked, id=39648, stack(0x000000f9dde00000,0x000000f9ddf00000)]
  0x000006d4deb456e0 JavaThread "Direct Clip" daemon [_thread_blocked, id=30516, stack(0x000000f9de100000,0x000000f9de200000)]
  0x000006d4dea94a50 JavaThread "Direct Clip" daemon [_thread_blocked, id=37328, stack(0x000000f9de200000,0x000000f9de300000)]
  0x000006d4dea93610 JavaThread "Direct Clip" daemon [_thread_blocked, id=38268, stack(0x000000f9de300000,0x000000f9de400000)]
  0x000006d4dea95470 JavaThread "Direct Clip" daemon [_thread_blocked, id=33200, stack(0x000000f9de400000,0x000000f9de500000)]
  0x000006d4dea94030 JavaThread "Direct Clip" daemon [_thread_blocked, id=7000, stack(0x000000f9de500000,0x000000f9de600000)]
  0x000006d4dea95980 JavaThread "Direct Clip" daemon [_thread_blocked, id=37740, stack(0x000000f9de600000,0x000000f9de700000)]
  0x000006d4dea95e90 JavaThread "Direct Clip" daemon [_thread_blocked, id=20292, stack(0x000000f9de700000,0x000000f9de800000)]
  0x000006d4dea93b20 JavaThread "Direct Clip" daemon [_thread_blocked, id=19124, stack(0x000000f9de800000,0x000000f9de900000)]
  0x000006d4dea963a0 JavaThread "Direct Clip" daemon [_thread_blocked, id=30540, stack(0x000000f9de900000,0x000000f9dea00000)]
  0x000006d4dea968b0 JavaThread "Direct Clip" daemon [_thread_blocked, id=30412, stack(0x000000f9dea00000,0x000000f9deb00000)]
  0x000006d4dea94540 JavaThread "Direct Clip" daemon [_thread_blocked, id=40424, stack(0x000000f9deb00000,0x000000f9dec00000)]
  0x000006d4dea96dc0 JavaThread "Direct Clip" daemon [_thread_blocked, id=19652, stack(0x000000f9dec00000,0x000000f9ded00000)]
  0x000006d4ded34590 JavaThread "Direct Clip" daemon [_thread_blocked, id=38616, stack(0x000000f9ded00000,0x000000f9dee00000)]
  0x000006d4ded35ee0 JavaThread "Direct Clip" daemon [_thread_blocked, id=9768, stack(0x000000f9dee00000,0x000000f9def00000)]
  0x000006d4ded34aa0 JavaThread "Direct Clip" daemon [_thread_blocked, id=28160, stack(0x000000f9def00000,0x000000f9df000000)]
  0x000006d4ded33660 JavaThread "Direct Clip" daemon [_thread_blocked, id=38696, stack(0x000000f9df000000,0x000000f9df100000)]
  0x000006d4ded34fb0 JavaThread "Direct Clip" daemon [_thread_blocked, id=40668, stack(0x000000f9df100000,0x000000f9df200000)]
  0x000006d4ded31800 JavaThread "Direct Clip" daemon [_thread_blocked, id=37460, stack(0x000000f9df200000,0x000000f9df300000)]
  0x000006d4ded303c0 JavaThread "Direct Clip" daemon [_thread_blocked, id=36068, stack(0x000000f9df300000,0x000000f9df400000)]
  0x000006d4ded36900 JavaThread "Direct Clip" daemon [_thread_blocked, id=26744, stack(0x000000f9df400000,0x000000f9df500000)]
  0x000006d4ded359d0 JavaThread "Direct Clip" daemon [_thread_blocked, id=23060, stack(0x000000f9df500000,0x000000f9df600000)]
  0x000006d4ded33b70 JavaThread "AWT-Shutdown" [_thread_blocked, id=22312, stack(0x000000f9dd200000,0x000000f9dd300000)]
  0x000006d4ded30de0 JavaThread "AWT-EventQueue-0" [_thread_blocked, id=36328, stack(0x000000f9df600000,0x000000f9df700000)]
  0x000006d4ded363f0 JavaThread "DestroyJavaVM" [_thread_blocked, id=7144, stack(0x000000f9db700000,0x000000f9db800000)]
  0x000006d4ded32220 JavaThread "TimerQueue" daemon [_thread_blocked, id=33320, stack(0x000000f9dff00000,0x000000f9e0000000)]
  0x000006d4ded36e10 JavaThread "Thread-0" [_thread_blocked, id=30344, stack(0x000000f9e0200000,0x000000f9e0300000)]
  0x000006d4ded354c0 JavaThread "Forest" [_thread_in_vm, id=23516, stack(0x000000f9e0300000,0x000000f9e0400000)]
  0x000006d4ded32730 JavaThread "ToolkitShutdown" daemon [_thread_in_native, id=29616, stack(0x000000f9e0700000,0x000000f9e0800000)]

Other Threads:
  0x000006d4d35105e0 VMThread "VM Thread" [stack: 0x000000f9dbd00000,0x000000f9dbe00000] [id=36956]
  0x000006d4d815e1b0 WatcherThread [stack: 0x000000f9dca00000,0x000000f9dcb00000] [id=12360]
  0x000002aeb09fbb20 GCTaskThread "GC Thread#0" [stack: 0x000000f9db800000,0x000000f9db900000] [id=31812]
  0x000006d4dea9adb0 GCTaskThread "GC Thread#1" [stack: 0x000000f9dd400000,0x000000f9dd500000] [id=34648]
  0x000006d4dea9b070 GCTaskThread "GC Thread#2" [stack: 0x000000f9dd500000,0x000000f9dd600000] [id=4936]
  0x000006d4dea9b740 GCTaskThread "GC Thread#3" [stack: 0x000000f9dd600000,0x000000f9dd700000] [id=22744]
  0x000006d4dead8a00 GCTaskThread "GC Thread#4" [stack: 0x000000f9dd700000,0x000000f9dd800000] [id=36992]
  0x000006d4dead90d0 GCTaskThread "GC Thread#5" [stack: 0x000000f9dd800000,0x000000f9dd900000] [id=36524]
  0x000006d4de96a910 GCTaskThread "GC Thread#6" [stack: 0x000000f9dd900000,0x000000f9dda00000] [id=38476]
  0x000006d4de972ca0 GCTaskThread "GC Thread#7" [stack: 0x000000f9dda00000,0x000000f9ddb00000] [id=4024]
  0x000006d4de972f60 GCTaskThread "GC Thread#8" [stack: 0x000000f9ddb00000,0x000000f9ddc00000] [id=10920]
  0x000006d4de973220 GCTaskThread "GC Thread#9" [stack: 0x000000f9ddc00000,0x000000f9ddd00000] [id=30584]
  0x000002aeb09fe1f0 ConcurrentGCThread "G1 Main Marker" [stack: 0x000000f9db900000,0x000000f9dba00000] [id=15172]
  0x000002aeb09fec10 ConcurrentGCThread "G1 Conc#0" [stack: 0x000000f9dba00000,0x000000f9dbb00000] [id=17120]
  0x000006d4e1805b80 ConcurrentGCThread "G1 Conc#1" [stack: 0x000000f9e0000000,0x000000f9e0100000] [id=35720]
  0x000006d4dec6b630 ConcurrentGCThread "G1 Conc#2" [stack: 0x000000f9e0100000,0x000000f9e0200000] [id=35908]
  0x000002aec3c0b090 ConcurrentGCThread "G1 Refine#0" [stack: 0x000000f9dbb00000,0x000000f9dbc00000] [id=7208]
  0x000006d4dedc9600 ConcurrentGCThread "G1 Refine#1" [stack: 0x000000f9df800000,0x000000f9df900000] [id=30452]
  0x000006d4dedca340 ConcurrentGCThread "G1 Refine#2" [stack: 0x000000f9df900000,0x000000f9dfa00000] [id=28520]
  0x000006d4dedca980 ConcurrentGCThread "G1 Refine#3" [stack: 0x000000f9dfa00000,0x000000f9dfb00000] [id=39328]
  0x000006d4dedca630 ConcurrentGCThread "G1 Refine#4" [stack: 0x000000f9dfb00000,0x000000f9dfc00000] [id=10224]
  0x000006d4dedcac70 ConcurrentGCThread "G1 Refine#5" [stack: 0x000000f9dfc00000,0x000000f9dfd00000] [id=32880]
  0x000002aec3c0bac0 ConcurrentGCThread "G1 Service" [stack: 0x000000f9dbc00000,0x000000f9dbd00000] [id=26592]

Threads with active compile tasks:

VM state: not at safepoint (normal execution)

VM Mutex/Monitor currently owned by a thread: None

CDS archive(s) not mapped
Compressed class space mapped at: 0x0000000080000000-0x00000000c0000000, reserved size: 1073741824
Narrow klass base: 0x0000000000000000, Narrow klass shift: 0, Narrow klass range: 0xc0000000

GC Precious Log:
 CPUs: 12 total, 12 available
 Memory: 16254M
 Large Page Support: Disabled
 NUMA Support: Disabled
 Compressed Oops: Disabled
 Heap Region Size: 32M
 Heap Min Capacity: 32M
 Heap Initial Capacity: 256M
 Heap Max Capacity: 4096G
 Pre-touch: Disabled
 Parallel Workers: 10
 Concurrent Workers: 3
 Concurrent Refinement Workers: 10
 Periodic GC: Disabled

Heap:
 garbage-first heap   total 524288K, used 229296K [0x000002aec4000000, 0x000006aec4000000)
  region size 32768K, 2 young (65536K), 1 survivors (32768K)
 Metaspace       used 21509K, committed 21824K, reserved 1114112K
  class space    used 2198K, committed 2368K, reserved 1048576K

Heap Regions: E=young(eden), S=young(survivor), O=old, HS=humongous(starts), HC=humongous(continues), CS=collection set, F=free, OA=open archive, CA=closed archive, TAMS=top-at-mark-start (previous, next)
|   0|0x000002aec4000000, 0x000002aec6000000, 0x000002aec6000000|100%| O|  |TAMS 0x000002aec6000000, 0x000002aec4000000| Untracked 
|   1|0x000002aec6000000, 0x000002aec8000000, 0x000002aec8000000|100%|HS|  |TAMS 0x000002aec8000000, 0x000002aec6000000| Complete 
|   2|0x000002aec8000000, 0x000002aeca000000, 0x000002aeca000000|100%| O|  |TAMS 0x000002aeca000000, 0x000002aec8000000| Complete 
|   3|0x000002aeca000000, 0x000002aecc000000, 0x000002aecc000000|100%| O|  |TAMS 0x000002aecc000000, 0x000002aeca000000| Untracked 
|   4|0x000002aecc000000, 0x000002aece000000, 0x000002aece000000|100%| O|  |TAMS 0x000002aece000000, 0x000002aecc000000| Untracked 
|   5|0x000002aece000000, 0x000002aed0000000, 0x000002aed0000000|100%| O|  |TAMS 0x000002aecfa65800, 0x000002aece000000| Untracked 
|   6|0x000002aed0000000, 0x000002aed1c17c00, 0x000002aed2000000| 87%| O|  |TAMS 0x000002aed0000000, 0x000002aed0000000| Untracked 
|   7|0x000002aed2000000, 0x000002aed2000000, 0x000002aed4000000|  0%| F|  |TAMS 0x000002aed2000000, 0x000002aed2000000| Untracked 
|   8|0x000002aed4000000, 0x000002aed4000000, 0x000002aed6000000|  0%| F|  |TAMS 0x000002aed4000000, 0x000002aed4000000| Untracked 
|   9|0x000002aed6000000, 0x000002aed6000000, 0x000002aed8000000|  0%| F|  |TAMS 0x000002aed6000000, 0x000002aed6000000| Untracked 
|  10|0x000002aed8000000, 0x000002aed8000000, 0x000002aeda000000|  0%| F|  |TAMS 0x000002aed8000000, 0x000002aed8000000| Untracked 
|  11|0x000002aeda000000, 0x000002aeda000000, 0x000002aedc000000|  0%| F|  |TAMS 0x000002aeda000000, 0x000002aeda000000| Untracked 
|  12|0x000002aedc000000, 0x000002aedc000000, 0x000002aede000000|  0%| F|  |TAMS 0x000002aedc000000, 0x000002aedc000000| Untracked 
|  13|0x000002aede000000, 0x000002aede000000, 0x000002aee0000000|  0%| F|  |TAMS 0x000002aede000000, 0x000002aede000000| Untracked 
|  14|0x000002aee0000000, 0x000002aee03d4580, 0x000002aee2000000| 11%| S|CS|TAMS 0x000002aee0000000, 0x000002aee0000000| Complete 
|  15|0x000002aee2000000, 0x000002aee2d6b468, 0x000002aee4000000| 41%| E|  |TAMS 0x000002aee2000000, 0x000002aee2000000| Complete 

Card table byte_map: [0x000006b0cc010000,0x000006b2cc010000] _byte_map_base: 0x000006af749f0000

Marking Bits (Prev, Next): (CMBitMap*) 0x000002aeb09fc180, (CMBitMap*) 0x000002aeb09fc140
 Prev Bits: [0x000006c4cc010000, 0x000006d4cc010000)
 Next Bits: [0x000006b4cc010000, 0x000006c4cc010000)

Polling page: 0x000002aeae7a0000

Metaspace:

Usage:
  Non-class:     18.86 MB used.
      Class:      2.15 MB used.
       Both:     21.01 MB used.

Virtual space:
  Non-class space:       64.00 MB reserved,      19.00 MB ( 30%) committed,  1 nodes.
      Class space:        1.00 GB reserved,       2.31 MB ( <1%) committed,  1 nodes.
             Both:        1.06 GB reserved,      21.31 MB (  2%) committed. 

Chunk freelists:
   Non-Class:  12.96 MB
       Class:  13.73 MB
        Both:  26.69 MB

MaxMetaspaceSize: unlimited
CompressedClassSpaceSize: 1.00 GB
Initial GC threshold: 21.00 MB
Current GC threshold: 35.12 MB
CDS: off
MetaspaceReclaimPolicy: balanced
 - commit_granule_bytes: 65536.
 - commit_granule_words: 8192.
 - virtual_space_node_default_size: 8388608.
 - enlarge_chunks_in_place: 1.
 - new_chunks_are_fully_committed: 0.
 - uncommit_free_chunks: 1.
 - use_allocation_guard: 0.
 - handle_deallocations: 1.


Internal statistics:

num_allocs_failed_limit: 3.
num_arena_births: 264.
num_arena_deaths: 0.
num_vsnodes_births: 2.
num_vsnodes_deaths: 0.
num_space_committed: 341.
num_space_uncommitted: 0.
num_chunks_returned_to_freelist: 3.
num_chunks_taken_from_freelist: 388.
num_chunk_merges: 0.
num_chunk_splits: 223.
num_chunks_enlarged: 110.
num_inconsistent_stats: 0.

CodeHeap 'non-profiled nmethods': size=120000Kb used=981Kb max_used=981Kb free=119019Kb
 bounds [0x000002aebbfc0000, 0x000002aebc230000, 0x000002aec34f0000]
CodeHeap 'profiled nmethods': size=120000Kb used=4211Kb max_used=4211Kb free=115788Kb
 bounds [0x000002aeb44f0000, 0x000002aeb4910000, 0x000002aebba20000]
CodeHeap 'non-nmethods': size=5760Kb used=1300Kb max_used=1373Kb free=4459Kb
 bounds [0x000002aebba20000, 0x000002aebbc90000, 0x000002aebbfc0000]
 total_blobs=2967 nmethods=2329 adapters=551
 compilation: enabled
              stopped_count=0, restarted_count=0
 full_count=0

Compilation events (20 events):
Event: 11.423 Thread 0x000006d4d35807b0 2320       3       sun.java2d.SunGraphics2D::setColor (108 bytes)
Event: 11.423 Thread 0x000006d4d35807b0 nmethod 2320 0x000002aeb4907090 code [0x000002aeb4907280, 0x000002aeb4907738]
Event: 11.440 Thread 0x000006d4d35807b0 2321       3       java.awt.Component::getForeground (29 bytes)
Event: 11.440 Thread 0x000006d4d35807b0 nmethod 2321 0x000002aeb4907810 code [0x000002aeb49079e0, 0x000002aeb4907de8]
Event: 11.457 Thread 0x000006d4d35807b0 2322       3       sun.java2d.pipe.Region::<init> (26 bytes)
Event: 11.457 Thread 0x000006d4d35807b0 nmethod 2322 0x000002aeb4907f10 code [0x000002aeb49080a0, 0x000002aeb4908218]
Event: 11.491 Thread 0x000006d4d35807b0 2323   !   3       sun.java2d.SunGraphics2D::validateCompClip (186 bytes)
Event: 11.491 Thread 0x000006d4d35807b0 nmethod 2323 0x000002aeb4908310 code [0x000002aeb49085a0, 0x000002aeb49091d8]
Event: 11.611 Thread 0x000006d4d35807b0 2324       3       sun.java2d.pipe.Region::clipRound (34 bytes)
Event: 11.611 Thread 0x000006d4d35807b0 nmethod 2324 0x000002aeb4909590 code [0x000002aeb4909780, 0x000002aeb4909a28]
Event: 11.611 Thread 0x000006d4d35807b0 2325       3       sun.java2d.SunGraphics2D::setRenderingHint (539 bytes)
Event: 11.612 Thread 0x000006d4d35807b0 nmethod 2325 0x000002aeb4909b10 code [0x000002aeb4909de0, 0x000002aeb490b258]
Event: 11.678 Thread 0x000006d4d35807b0 2326       3       sun.java2d.pipe.ValidatePipe::validate (6 bytes)
Event: 11.678 Thread 0x000006d4d35807b0 nmethod 2326 0x000002aeb490b610 code [0x000002aeb490b7e0, 0x000002aeb490bb38]
Event: 11.678 Thread 0x000006d4d35807b0 2327       3       sun.java2d.SunGraphics2D::validatePipe (30 bytes)
Event: 11.679 Thread 0x000006d4d35807b0 nmethod 2327 0x000002aeb490bc90 code [0x000002aeb490be40, 0x000002aeb490c138]
Event: 11.712 Thread 0x000006d4d35807b0 2328       3       sun.java2d.pipe.Region::isRectangular (13 bytes)
Event: 11.712 Thread 0x000006d4d35807b0 nmethod 2328 0x000002aeb490c290 code [0x000002aeb490c420, 0x000002aeb490c598]
Event: 11.712 Thread 0x000006d4d35807b0 2329       3       java.awt.geom.AffineTransform::equals (92 bytes)
Event: 11.713 Thread 0x000006d4d35807b0 nmethod 2329 0x000002aeb490c610 code [0x000002aeb490c7c0, 0x000002aeb490cd78]

GC Heap History (18 events):
Event: 1.011 GC heap before
{Heap before GC invocations=0 (full 0):
 garbage-first heap   total 262144K, used 0K [0x000002aec4000000, 0x000006aec4000000)
  region size 32768K, 1 young (32768K), 0 survivors (0K)
 Metaspace       used 15917K, committed 16192K, reserved 1114112K
  class space    used 1495K, committed 1600K, reserved 1048576K
}
Event: 1.023 GC heap after
{Heap after GC invocations=1 (full 0):
 garbage-first heap   total 262144K, used 6029K [0x000002aec4000000, 0x000006aec4000000)
  region size 32768K, 1 young (32768K), 1 survivors (32768K)
 Metaspace       used 15917K, committed 16192K, reserved 1114112K
  class space    used 1495K, committed 1600K, reserved 1048576K
}
Event: 1.179 GC heap before
{Heap before GC invocations=1 (full 0):
 garbage-first heap   total 262144K, used 38797K [0x000002aec4000000, 0x000006aec4000000)
  region size 32768K, 2 young (65536K), 1 survivors (32768K)
 Metaspace       used 16578K, committed 16832K, reserved 1114112K
  class space    used 1556K, committed 1664K, reserved 1048576K
}
Event: 1.187 GC heap after
{Heap after GC invocations=2 (full 0):
 garbage-first heap   total 262144K, used 15552K [0x000002aec4000000, 0x000006aec4000000)
  region size 32768K, 1 young (32768K), 1 survivors (32768K)
 Metaspace       used 16578K, committed 16832K, reserved 1114112K
  class space    used 1556K, committed 1664K, reserved 1048576K
}
Event: 1.476 GC heap before
{Heap before GC invocations=2 (full 0):
 garbage-first heap   total 262144K, used 48320K [0x000002aec4000000, 0x000006aec4000000)
  region size 32768K, 2 young (65536K), 1 survivors (32768K)
 Metaspace       used 16587K, committed 16832K, reserved 1114112K
  class space    used 1556K, committed 1664K, reserved 1048576K
}
Event: 1.486 GC heap after
{Heap after GC invocations=3 (full 0):
 garbage-first heap   total 262144K, used 31340K [0x000002aec4000000, 0x000006aec4000000)
  region size 32768K, 1 young (32768K), 1 survivors (32768K)
 Metaspace       used 16587K, committed 16832K, reserved 1114112K
  class space    used 1556K, committed 1664K, reserved 1048576K
}
Event: 1.515 GC heap before
{Heap before GC invocations=3 (full 0):
 garbage-first heap   total 262144K, used 31340K [0x000002aec4000000, 0x000006aec4000000)
  region size 32768K, 2 young (65536K), 1 survivors (32768K)
 Metaspace       used 16587K, committed 16832K, reserved 1114112K
  class space    used 1556K, committed 1664K, reserved 1048576K
}
Event: 1.526 GC heap after
{Heap after GC invocations=4 (full 0):
 garbage-first heap   total 262144K, used 47425K [0x000002aec4000000, 0x000006aec4000000)
  region size 32768K, 1 young (32768K), 1 survivors (32768K)
 Metaspace       used 16587K, committed 16832K, reserved 1114112K
  class space    used 1556K, committed 1664K, reserved 1048576K
}
Event: 1.683 GC heap before
{Heap before GC invocations=4 (full 0):
 garbage-first heap   total 262144K, used 80193K [0x000002aec4000000, 0x000006aec4000000)
  region size 32768K, 2 young (65536K), 1 survivors (32768K)
 Metaspace       used 16939K, committed 17216K, reserved 1114112K
  class space    used 1608K, committed 1728K, reserved 1048576K
}
Event: 1.696 GC heap after
{Heap after GC invocations=5 (full 0):
 garbage-first heap   total 524288K, used 106719K [0x000002aec4000000, 0x000006aec4000000)
  region size 32768K, 1 young (32768K), 1 survivors (32768K)
 Metaspace       used 16939K, committed 17216K, reserved 1114112K
  class space    used 1608K, committed 1728K, reserved 1048576K
}
Event: 1.726 GC heap before
{Heap before GC invocations=5 (full 0):
 garbage-first heap   total 524288K, used 106719K [0x000002aec4000000, 0x000006aec4000000)
  region size 32768K, 2 young (65536K), 1 survivors (32768K)
 Metaspace       used 16942K, committed 17216K, reserved 1114112K
  class space    used 1608K, committed 1728K, reserved 1048576K
}
Event: 1.739 GC heap after
{Heap after GC invocations=6 (full 0):
 garbage-first heap   total 524288K, used 140295K [0x000002aec4000000, 0x000006aec4000000)
  region size 32768K, 1 young (32768K), 1 survivors (32768K)
 Metaspace       used 16942K, committed 17216K, reserved 1114112K
  class space    used 1608K, committed 1728K, reserved 1048576K
}
Event: 1.934 GC heap before
{Heap before GC invocations=6 (full 0):
 garbage-first heap   total 524288K, used 173063K [0x000002aec4000000, 0x000006aec4000000)
  region size 32768K, 2 young (65536K), 1 survivors (32768K)
 Metaspace       used 17404K, committed 17600K, reserved 1114112K
  class space    used 1666K, committed 1728K, reserved 1048576K
}
Event: 1.945 GC heap after
{Heap after GC invocations=7 (full 0):
 garbage-first heap   total 524288K, used 160776K [0x000002aec4000000, 0x000006aec4000000)
  region size 32768K, 1 young (32768K), 1 survivors (32768K)
 Metaspace       used 17404K, committed 17600K, reserved 1114112K
  class space    used 1666K, committed 1728K, reserved 1048576K
}
Event: 4.955 GC heap before
{Heap before GC invocations=7 (full 0):
 garbage-first heap   total 524288K, used 226312K [0x000002aec4000000, 0x000006aec4000000)
  region size 32768K, 3 young (98304K), 1 survivors (32768K)
 Metaspace       used 19947K, committed 20224K, reserved 1114112K
  class space    used 2041K, committed 2176K, reserved 1048576K
}
Event: 4.980 GC heap after
{Heap after GC invocations=8 (full 0):
 garbage-first heap   total 524288K, used 223638K [0x000002aec4000000, 0x000006aec4000000)
  region size 32768K, 1 young (32768K), 1 survivors (32768K)
 Metaspace       used 19947K, committed 20224K, reserved 1114112K
  class space    used 2041K, committed 2176K, reserved 1048576K
}
Event: 7.077 GC heap before
{Heap before GC invocations=8 (full 0):
 garbage-first heap   total 524288K, used 223638K [0x000002aec4000000, 0x000006aec4000000)
  region size 32768K, 2 young (65536K), 1 survivors (32768K)
 Metaspace       used 21256K, committed 21504K, reserved 1114112K
  class space    used 2180K, committed 2304K, reserved 1048576K
}
Event: 7.088 GC heap after
{Heap after GC invocations=9 (full 0):
 garbage-first heap   total 524288K, used 229296K [0x000002aec4000000, 0x000006aec4000000)
  region size 32768K, 1 young (32768K), 1 survivors (32768K)
 Metaspace       used 21256K, committed 21504K, reserved 1114112K
  class space    used 2180K, committed 2304K, reserved 1048576K
}

Dll operation events (3 events):
Event: 0.007 Loaded shared library C:\Users\bader\.jdks\jbrsdk_jcef-17.0.9\bin\java.dll
Event: 0.095 Loaded shared library C:\Users\bader\.jdks\jbrsdk_jcef-17.0.9\bin\jsvml.dll
Event: 0.190 Loaded shared library C:\Users\bader\.jdks\jbrsdk_jcef-17.0.9\bin\zip.dll

Deoptimization events (20 events):
Event: 10.615 Thread 0x000006d4ded30de0 Uncommon trap: trap_request=0xffffffde fr.pc=0x000002aebc07bb64 relative=0x0000000000005544
Event: 10.615 Thread 0x000006d4ded30de0 Uncommon trap: reason=class_check action=maybe_recompile pc=0x000002aebc07bb64 method=java.awt.EventQueue.coalesceEvent(Ljava/awt/AWTEvent;I)Z @ 32 c2
Event: 10.615 Thread 0x000006d4ded30de0 DEOPT PACKING pc=0x000002aebc07bb64 sp=0x000000f9df6fed70
Event: 10.615 Thread 0x000006d4ded30de0 DEOPT UNPACKING pc=0x000002aebba769a3 sp=0x000000f9df6feba8 mode 2
Event: 10.629 Thread 0x000006d4ded354c0 DEOPT PACKING pc=0x000002aeb48c9c08 sp=0x000000f9e03ff610
Event: 10.629 Thread 0x000006d4ded354c0 DEOPT UNPACKING pc=0x000002aebba77143 sp=0x000000f9e03feb30 mode 0
Event: 10.681 Thread 0x000006d4ded36e10 DEOPT PACKING pc=0x000002aeb4901d45 sp=0x000000f9e02ff5b0
Event: 10.681 Thread 0x000006d4ded36e10 DEOPT UNPACKING pc=0x000002aebba77143 sp=0x000000f9e02feac0 mode 0
Event: 10.756 Thread 0x000006d4ded30de0 Uncommon trap: trap_request=0xffffffde fr.pc=0x000002aebc07bb64 relative=0x0000000000005544
Event: 10.756 Thread 0x000006d4ded30de0 Uncommon trap: reason=class_check action=maybe_recompile pc=0x000002aebc07bb64 method=java.awt.EventQueue.coalesceEvent(Ljava/awt/AWTEvent;I)Z @ 32 c2
Event: 10.756 Thread 0x000006d4ded30de0 DEOPT PACKING pc=0x000002aebc07bb64 sp=0x000000f9df6fed70
Event: 10.756 Thread 0x000006d4ded30de0 DEOPT UNPACKING pc=0x000002aebba769a3 sp=0x000000f9df6feba8 mode 2
Event: 10.759 Thread 0x000006d4ded30de0 Uncommon trap: trap_request=0xffffffde fr.pc=0x000002aebc07bb64 relative=0x0000000000005544
Event: 10.759 Thread 0x000006d4ded30de0 Uncommon trap: reason=class_check action=maybe_recompile pc=0x000002aebc07bb64 method=java.awt.EventQueue.coalesceEvent(Ljava/awt/AWTEvent;I)Z @ 32 c2
Event: 10.759 Thread 0x000006d4ded30de0 DEOPT PACKING pc=0x000002aebc07bb64 sp=0x000000f9df6fed70
Event: 10.759 Thread 0x000006d4ded30de0 DEOPT UNPACKING pc=0x000002aebba769a3 sp=0x000000f9df6feba8 mode 2
Event: 11.705 Thread 0x000006d4ded30de0 Uncommon trap: trap_request=0xffffffde fr.pc=0x000002aebc09437c relative=0x0000000000005d9c
Event: 11.705 Thread 0x000006d4ded30de0 Uncommon trap: reason=class_check action=maybe_recompile pc=0x000002aebc09437c method=java.awt.EventQueue.coalesceEvent(Ljava/awt/AWTEvent;I)Z @ 69 c2
Event: 11.705 Thread 0x000006d4ded30de0 DEOPT PACKING pc=0x000002aebc09437c sp=0x000000f9df6fed70
Event: 11.705 Thread 0x000006d4ded30de0 DEOPT UNPACKING pc=0x000002aebba769a3 sp=0x000000f9df6feba8 mode 2

Classes unloaded (0 events):
No events

Classes redefined (0 events):
No events

Internal exceptions (20 events):
Event: 0.947 Thread 0x000002aeb093e260 Exception <a 'java/lang/NoSuchMethodError'{0x000002aed3750560}: 'int java.lang.invoke.DirectMethodHandle$Holder.invokeStaticInit(java.lang.Object, int, int)'> (0x000002aed3750560) 
thrown [s\src\hotspot\share\interpreter\linkResolver.cpp, line 771]
Event: 0.947 Thread 0x000002aeb093e260 Exception <a 'java/lang/NoSuchMethodError'{0x000002aed375a088}: 'int java.lang.invoke.DirectMethodHandle$Holder.invokeStaticInit(java.lang.Object, long, long)'> (0x000002aed375a088) 
thrown [s\src\hotspot\share\interpreter\linkResolver.cpp, line 771]
Event: 0.948 Thread 0x000002aeb093e260 Exception <a 'java/lang/NoSuchMethodError'{0x000002aed3762d70}: 'int java.lang.invoke.DirectMethodHandle$Holder.invokeStaticInit(java.lang.Object, float, float)'> (0x000002aed3762d70) 
thrown [s\src\hotspot\share\interpreter\linkResolver.cpp, line 771]
Event: 0.948 Thread 0x000002aeb093e260 Exception <a 'java/lang/NoSuchMethodError'{0x000002aed376ba60}: 'int java.lang.invoke.DirectMethodHandle$Holder.invokeStaticInit(java.lang.Object, double, double)'> (0x000002aed376ba60) 
thrown [s\src\hotspot\share\interpreter\linkResolver.cpp, line 771]
Event: 0.949 Thread 0x000002aeb093e260 Exception <a 'java/lang/NoSuchMethodError'{0x000002aed3771530}: 'int java.lang.invoke.DirectMethodHandle$Holder.invokeStatic(java.lang.Object, long)'> (0x000002aed3771530) 
thrown [s\src\hotspot\share\interpreter\linkResolver.cpp, line 771]
Event: 0.953 Thread 0x000002aeb093e260 Exception <a 'java/lang/NoSuchMethodError'{0x000002aed37a0260}: 'int java.lang.invoke.Invokers$Holder.linkToTargetMethod(java.lang.Object, java.lang.Object)'> (0x000002aed37a0260) 
thrown [s\src\hotspot\share\interpreter\linkResolver.cpp, line 771]
Event: 2.830 Thread 0x000002aeb093e260 Exception <a 'java/lang/NoSuchMethodError'{0x000002aee3090360}: 'void java.lang.invoke.DirectMethodHandle$Holder.invokeSpecial(java.lang.Object, java.lang.Object, java.lang.Object)'> (0x000002aee3090360) 
thrown [s\src\hotspot\share\interpreter\linkResolver.cpp, line 771]
Event: 4.856 Thread 0x000002aeb093e260 Exception <a 'java/lang/NoSuchMethodError'{0x000002aee1c456a0}: 'void java.lang.invoke.DirectMethodHandle$Holder.invokeStaticInit(java.lang.Object)'> (0x000002aee1c456a0) 
thrown [s\src\hotspot\share\interpreter\linkResolver.cpp, line 771]
Event: 4.879 Thread 0x000006d4ded30de0 Exception <a 'java/lang/NoSuchMethodError'{0x000002aee1cfe360}: 'java.lang.Object java.lang.invoke.DirectMethodHandle$Holder.newInvokeSpecial(java.lang.Object, java.lang.Object, java.lang.Object, java.lang.Object, java.lang.Object)'> (0x000002aee1cfe360) 
thrown [s\src\hotspot\share\interpreter\linkResolver.cpp, line 771]
Event: 4.881 Thread 0x000006d4ded30de0 Exception <a 'java/lang/NoSuchMethodError'{0x000002aee1d0cc30}: 'java.lang.Object java.lang.invoke.DirectMethodHandle$Holder.invokeStatic(java.lang.Object, int, java.lang.Object, java.lang.Object, java.lang.Object, java.lang.Object)'> (0x000002aee1d0cc30) 
thrown [s\src\hotspot\share\interpreter\linkResolver.cpp, line 771]
Event: 4.907 Thread 0x000006d4ded30de0 Exception <a 'java/lang/ClassNotFoundException'{0x000002aee1efc0e0}: com/sun/swing/internal/plaf/metal/resources/spi/metalProvider> (0x000002aee1efc0e0) 
thrown [s\src\hotspot\share\classfile\systemDictionary.cpp, line 256]
Event: 4.908 Thread 0x000006d4ded30de0 Exception <a 'java/lang/ClassNotFoundException'{0x000002aee1f02038}: com/sun/swing/internal/plaf/basic/resources/spi/basicProvider> (0x000002aee1f02038) 
thrown [s\src\hotspot\share\classfile\systemDictionary.cpp, line 256]
Event: 4.911 Thread 0x000006d4ded30de0 Exception <a 'java/lang/NoSuchMethodError'{0x000002aee1f263f0}: 'java.lang.Object java.lang.invoke.Invokers$Holder.linkToTargetMethod(java.lang.Object, int, java.lang.Object, java.lang.Object, java.lang.Object)'> (0x000002aee1f263f0) 
thrown [s\src\hotspot\share\interpreter\linkResolver.cpp, line 771]
Event: 4.930 Thread 0x000006d4deb370c0 Exception <a 'java/lang/NoSuchMethodError'{0x000002aee1fdf420}: 'void java.lang.invoke.DirectMethodHandle$Holder.invokeVirtual(java.lang.Object, java.lang.Object)'> (0x000002aee1fdf420) 
thrown [s\src\hotspot\share\interpreter\linkResolver.cpp, line 771]
Event: 4.950 Thread 0x000006d4ded30de0 Exception <a 'java/lang/NoSuchMethodError'{0x000002aee1fb3f70}: 'java.lang.Object java.lang.invoke.DirectMethodHandle$Holder.newInvokeSpecial(java.lang.Object, java.lang.Object, int, int, int, int)'> (0x000002aee1fb3f70) 
thrown [s\src\hotspot\share\interpreter\linkResolver.cpp, line 771]
Event: 4.954 Thread 0x000006d4ded30de0 Exception <a 'java/lang/NoSuchMethodError'{0x000002aee1fc5cc0}: 'void java.lang.invoke.DirectMethodHandle$Holder.invokeSpecial(java.lang.Object, java.lang.Object, int, int)'> (0x000002aee1fc5cc0) 
thrown [s\src\hotspot\share\interpreter\linkResolver.cpp, line 771]
Event: 4.955 Thread 0x000006d4ded30de0 Exception <a 'java/lang/NoSuchMethodError'{0x000002aee1fcdb28}: 'java.lang.Object java.lang.invoke.DirectMethodHandle$Holder.newInvokeSpecial(java.lang.Object, java.lang.Object, int, int)'> (0x000002aee1fcdb28) 
thrown [s\src\hotspot\share\interpreter\linkResolver.cpp, line 771]
Event: 5.066 Thread 0x000006d4ded30de0 Exception <a 'java/lang/NoSuchMethodError'{0x000002aee212e5b0}: 'java.lang.Object java.lang.invoke.Invokers$Holder.invoke_MT(java.lang.Object, java.lang.Object, java.lang.Object)'> (0x000002aee212e5b0) 
thrown [s\src\hotspot\share\interpreter\linkResolver.cpp, line 771]
Event: 5.068 Thread 0x000006d4ded30de0 Exception <a 'java/lang/NoSuchMethodError'{0x000002aee213cac0}: 'int java.lang.invoke.Invokers$Holder.invoke_MT(java.lang.Object, java.lang.Object, java.lang.Object)'> (0x000002aee213cac0) 
thrown [s\src\hotspot\share\interpreter\linkResolver.cpp, line 771]
Event: 6.060 Thread 0x000006d4ded30de0 Exception <a 'java/lang/NoSuchMethodError'{0x000002aee21c2848}: 'void java.lang.invoke.DirectMethodHandle$Holder.invokeStatic(java.lang.Object, java.lang.Object, java.lang.Object)'> (0x000002aee21c2848) 
thrown [s\src\hotspot\share\interpreter\linkResolver.cpp, line 771]

VM Operations (20 events):
Event: 4.955 Executing VM operation: G1CollectForAllocation
Event: 4.980 Executing VM operation: G1CollectForAllocation done
Event: 5.013 Executing VM operation: HandshakeAllThreads
Event: 5.013 Executing VM operation: HandshakeAllThreads done
Event: 6.015 Executing VM operation: Cleanup
Event: 6.015 Executing VM operation: Cleanup done
Event: 7.026 Executing VM operation: Cleanup
Event: 7.026 Executing VM operation: Cleanup done
Event: 7.077 Executing VM operation: CollectForMetadataAllocation
Event: 7.089 Executing VM operation: CollectForMetadataAllocation done
Event: 7.140 Executing VM operation: G1PauseRemark
Event: 7.142 Executing VM operation: G1PauseRemark done
Event: 7.159 Executing VM operation: G1PauseCleanup
Event: 7.160 Executing VM operation: G1PauseCleanup done
Event: 8.165 Executing VM operation: Cleanup
Event: 8.165 Executing VM operation: Cleanup done
Event: 10.184 Executing VM operation: Cleanup
Event: 10.184 Executing VM operation: Cleanup done
Event: 11.195 Executing VM operation: Cleanup
Event: 11.195 Executing VM operation: Cleanup done

Events (20 events):
Event: 10.582 loading class sun/java2d/loops/DrawGlyphListAA$General done
Event: 10.587 loading class sun/java2d/pipe/RegionSpanIterator
Event: 10.587 loading class sun/java2d/pipe/SpanIterator
Event: 10.587 loading class sun/java2d/pipe/SpanIterator done
Event: 10.587 loading class sun/java2d/pipe/RegionSpanIterator done
Event: 11.070 Thread 0x000006d4e1698980 Thread added: 0x000006d4e1698980
Event: 11.135 loading class java/awt/image/BufferedImageOp
Event: 11.135 loading class java/awt/image/BufferedImageOp done
Event: 11.287 Thread 0x000006d4e1698980 Thread exited: 0x000006d4e1698980
Event: 11.706 Thread 0x000006d4ded2feb0 Thread added: 0x000006d4ded2feb0
Event: 11.706 Thread 0x000006d4ded32730 Thread added: 0x000006d4ded32730
Event: 11.706 Thread 0x000006d4ded37830 Thread added: 0x000006d4ded37830
Event: 11.706 loading class java/util/WeakHashMap$KeyIterator
Event: 11.706 loading class java/util/WeakHashMap$HashIterator
Event: 11.706 loading class java/util/WeakHashMap$HashIterator done
Event: 11.706 loading class java/util/WeakHashMap$KeyIterator done
Event: 11.706 loading class sun/font/SunFontManager$8$1
Event: 11.707 Thread 0x000006d4ded2feb0 Thread exited: 0x000006d4ded2feb0
Event: 11.707 loading class sun/font/SunFontManager$8$1 done
Event: 11.709 Thread 0x000006d4ded37830 Thread exited: 0x000006d4ded37830


Dynamic libraries:
0x00007ff7d9cd0000 - 0x00007ff7d9cda000 	C:\Users\bader\.jdks\jbrsdk_jcef-17.0.9\bin\java.exe
0x00007ffed6e90000 - 0x00007ffed7088000 	C:\Windows\SYSTEM32\ntdll.dll
0x00007ffed4f20000 - 0x00007ffed4fe2000 	C:\Windows\System32\KERNEL32.DLL
0x00007ffed4960000 - 0x00007ffed4c5e000 	C:\Windows\System32\KERNELBASE.dll
0x00007ffed4db0000 - 0x00007ffed4eb0000 	C:\Windows\System32\ucrtbase.dll
0x00007ffec3fb0000 - 0x00007ffec3fc7000 	C:\Users\bader\.jdks\jbrsdk_jcef-17.0.9\bin\jli.dll
0x00007ffecbf60000 - 0x00007ffecbf7b000 	C:\Users\bader\.jdks\jbrsdk_jcef-17.0.9\bin\VCRUNTIME140.dll
0x00007ffed6bd0000 - 0x00007ffed6d6d000 	C:\Windows\System32\USER32.dll
0x00007ffeba210000 - 0x00007ffeba4aa000 	C:\Windows\WinSxS\amd64_microsoft.windows.common-controls_6595b64144ccf1df_6.0.19041.4355_none_60b8b9eb71f62e16\COMCTL32.dll
0x00007ffed4650000 - 0x00007ffed4672000 	C:\Windows\System32\win32u.dll
0x00007ffed67d0000 - 0x00007ffed686e000 	C:\Windows\System32\msvcrt.dll
0x00007ffed61a0000 - 0x00007ffed61cb000 	C:\Windows\System32\GDI32.dll
0x00007ffed4530000 - 0x00007ffed4647000 	C:\Windows\System32\gdi32full.dll
0x00007ffed4d10000 - 0x00007ffed4dad000 	C:\Windows\System32\msvcp_win.dll
0x00007ffed6100000 - 0x00007ffed612f000 	C:\Windows\System32\IMM32.DLL
0x00007ffece2f0000 - 0x00007ffece2fc000 	C:\Users\bader\.jdks\jbrsdk_jcef-17.0.9\bin\vcruntime140_1.dll
0x00007ffeb84c0000 - 0x00007ffeb854d000 	C:\Users\bader\.jdks\jbrsdk_jcef-17.0.9\bin\msvcp140.dll
0x00007ffe5ab10000 - 0x00007ffe5b792000 	C:\Users\bader\.jdks\jbrsdk_jcef-17.0.9\bin\server\jvm.dll
0x00007ffed6d90000 - 0x00007ffed6e41000 	C:\Windows\System32\ADVAPI32.dll
0x00007ffed5e40000 - 0x00007ffed5edf000 	C:\Windows\System32\sechost.dll
0x00007ffed62a0000 - 0x00007ffed63c3000 	C:\Windows\System32\RPCRT4.dll
0x00007ffed4760000 - 0x00007ffed4787000 	C:\Windows\System32\bcrypt.dll
0x00007ffebb4b0000 - 0x00007ffebb4b9000 	C:\Windows\SYSTEM32\WSOCK32.dll
0x00007ffed3a60000 - 0x00007ffed3aab000 	C:\Windows\SYSTEM32\POWRPROF.dll
0x00007ffeb9a40000 - 0x00007ffeb9a67000 	C:\Windows\SYSTEM32\WINMM.dll
0x00007ffed6090000 - 0x00007ffed60fb000 	C:\Windows\System32\WS2_32.dll
0x00007ffecd650000 - 0x00007ffecd65a000 	C:\Windows\SYSTEM32\VERSION.dll
0x00007ffed3930000 - 0x00007ffed3942000 	C:\Windows\SYSTEM32\UMPDC.dll
0x00007ffed23b0000 - 0x00007ffed23c2000 	C:\Windows\SYSTEM32\kernel.appcore.dll
0x00007ffece280000 - 0x00007ffece28a000 	C:\Users\bader\.jdks\jbrsdk_jcef-17.0.9\bin\jimage.dll
0x00007ffed1cc0000 - 0x00007ffed1ea4000 	C:\Windows\SYSTEM32\DBGHELP.DLL
0x00007ffec4470000 - 0x00007ffec44a4000 	C:\Windows\SYSTEM32\dbgcore.DLL
0x00007ffed46d0000 - 0x00007ffed4752000 	C:\Windows\System32\bcryptPrimitives.dll
0x00007ffecf3e0000 - 0x00007ffecf3ee000 	C:\Users\bader\.jdks\jbrsdk_jcef-17.0.9\bin\instrument.dll
0x00007ffec3ee0000 - 0x00007ffec3f05000 	C:\Users\bader\.jdks\jbrsdk_jcef-17.0.9\bin\java.dll
0x00007ffec3f90000 - 0x00007ffec3fa8000 	C:\Users\bader\.jdks\jbrsdk_jcef-17.0.9\bin\zip.dll
0x00007ffeb72b0000 - 0x00007ffeb7387000 	C:\Users\bader\.jdks\jbrsdk_jcef-17.0.9\bin\jsvml.dll
0x00007ffed4ff0000 - 0x00007ffed575d000 	C:\Windows\System32\SHELL32.dll
0x00007ffed25b0000 - 0x00007ffed2d54000 	C:\Windows\SYSTEM32\windows.storage.dll
0x00007ffed6870000 - 0x00007ffed6bc3000 	C:\Windows\System32\combase.dll
0x00007ffed3f60000 - 0x00007ffed3f8e000 	C:\Windows\SYSTEM32\Wldp.dll
0x00007ffed61d0000 - 0x00007ffed629d000 	C:\Windows\System32\OLEAUT32.dll
0x00007ffed65c0000 - 0x00007ffed666d000 	C:\Windows\System32\SHCORE.dll
0x00007ffed6560000 - 0x00007ffed65b5000 	C:\Windows\System32\shlwapi.dll
0x00007ffed4460000 - 0x00007ffed4484000 	C:\Windows\SYSTEM32\profapi.dll
0x00007ffec2270000 - 0x00007ffec2289000 	C:\Users\bader\.jdks\jbrsdk_jcef-17.0.9\bin\net.dll
0x00007ffeccc80000 - 0x00007ffeccd8d000 	C:\Windows\SYSTEM32\WINHTTP.dll
0x00007ffed3cc0000 - 0x00007ffed3d2a000 	C:\Windows\system32\mswsock.dll
0x00007ffec1790000 - 0x00007ffec17a6000 	C:\Users\bader\.jdks\jbrsdk_jcef-17.0.9\bin\nio.dll
0x00007ffecf3c0000 - 0x00007ffecf3da000 	C:\Program Files\JetBrains\IntelliJ IDEA Community Edition 2023.3.6\bin\breakgen64.dll
0x00007ffe82bf0000 - 0x00007ffe82d8a000 	C:\Users\bader\.jdks\jbrsdk_jcef-17.0.9\bin\awt.dll
0x00007ffec1810000 - 0x00007ffec1854000 	C:\Users\bader\.jdks\jbrsdk_jcef-17.0.9\bin\nvdaControllerClient64.dll
0x00007ffed20b0000 - 0x00007ffed20df000 	C:\Windows\SYSTEM32\dwmapi.dll
0x00007ffecf1c0000 - 0x00007ffecf254000 	C:\Windows\SYSTEM32\apphelp.dll
0x00007ffeb81e0000 - 0x00007ffeb8308000 	C:\Windows\system32\opengl32.dll
0x00007ffeb7c60000 - 0x00007ffeb7c8c000 	C:\Windows\SYSTEM32\GLU32.dll
0x00007ffed1090000 - 0x00007ffed112e000 	C:\Windows\system32\uxtheme.dll
0x00007ffed5bd0000 - 0x00007ffed5ce5000 	C:\Windows\System32\MSCTF.dll
0x00007ffed5cf0000 - 0x00007ffed5d99000 	C:\Windows\System32\clbcatq.dll
0x00007ffe40ff0000 - 0x00007ffe41fba000 	C:\Windows\System32\DriverStore\FileRepository\iigd_dch.inf_amd64_5d54dd32fa1ef4d4\ig9icd64.dll
0x00007ffed6430000 - 0x00007ffed655b000 	C:\Windows\System32\ole32.dll
0x00007ffed2dc0000 - 0x00007ffed2eb6000 	C:\Windows\system32\dxgi.dll
0x00007ffec7a80000 - 0x00007ffec7cbf000 	C:\Windows\System32\DriverStore\FileRepository\iigd_dch.inf_amd64_5d54dd32fa1ef4d4\igdgmm64.dll
0x00007ffec4eb0000 - 0x00007ffec7a79000 	C:\Windows\System32\DriverStore\FileRepository\iigd_dch.inf_amd64_5d54dd32fa1ef4d4\igc64.dll
0x00007ffe63280000 - 0x00007ffe6368c000 	C:\Windows\System32\DriverStore\FileRepository\iigd_dch.inf_amd64_5d54dd32fa1ef4d4\igdml64.dll
0x00007ffed3ec0000 - 0x00007ffed3ed8000 	C:\Windows\SYSTEM32\CRYPTSP.dll
0x00007ffed3570000 - 0x00007ffed35a4000 	C:\Windows\system32\rsaenh.dll
0x00007ffed4420000 - 0x00007ffed444e000 	C:\Windows\SYSTEM32\USERENV.dll
0x00007ffed3eb0000 - 0x00007ffed3ebc000 	C:\Windows\SYSTEM32\CRYPTBASE.dll
0x00007ffed3950000 - 0x00007ffed398b000 	C:\Windows\SYSTEM32\IPHLPAPI.DLL
0x00007ffed5e30000 - 0x00007ffed5e38000 	C:\Windows\System32\NSI.dll
0x00007ffecc960000 - 0x00007ffecc977000 	C:\Windows\SYSTEM32\dhcpcsvc6.DLL
0x00007ffeccbf0000 - 0x00007ffeccc0d000 	C:\Windows\SYSTEM32\dhcpcsvc.DLL
0x00007ffed3990000 - 0x00007ffed3a5a000 	C:\Windows\SYSTEM32\DNSAPI.dll
0x00007ffeb9370000 - 0x00007ffeb93f7000 	C:\Users\bader\.jdks\jbrsdk_jcef-17.0.9\bin\freetype.dll
0x00007ffeb6680000 - 0x00007ffeb6757000 	C:\Users\bader\.jdks\jbrsdk_jcef-17.0.9\bin\fontmanager.dll
0x00007ffec30d0000 - 0x00007ffec30e2000 	C:\Users\bader\.jdks\jbrsdk_jcef-17.0.9\bin\jsound.dll
0x00007ffeac8b0000 - 0x00007ffeac94c000 	C:\Windows\SYSTEM32\DSOUND.dll
0x00007ffec02f0000 - 0x00007ffec0316000 	C:\Windows\SYSTEM32\winmmbase.dll
0x00007ffecce00000 - 0x00007ffecce85000 	C:\Windows\System32\MMDevApi.dll
0x00007ffed42c0000 - 0x00007ffed42f3000 	C:\Windows\System32\DEVOBJ.dll
0x00007ffed4680000 - 0x00007ffed46ce000 	C:\Windows\System32\cfgmgr32.dll
0x00007ffeb5080000 - 0x00007ffeb50c6000 	C:\Windows\SYSTEM32\wdmaud.drv
0x00007ffecf4e0000 - 0x00007ffecf4e9000 	C:\Windows\SYSTEM32\ksuser.dll
0x00007ffeced00000 - 0x00007ffeced0a000 	C:\Windows\SYSTEM32\AVRT.dll
0x00007ffecce90000 - 0x00007ffecd011000 	C:\Windows\SYSTEM32\AUDIOSES.DLL
0x00007ffeb5070000 - 0x00007ffeb507d000 	C:\Windows\SYSTEM32\msacm32.drv
0x00007ffeb5050000 - 0x00007ffeb506e000 	C:\Windows\SYSTEM32\MSACM32.dll
0x00007ffeb5040000 - 0x00007ffeb504b000 	C:\Windows\SYSTEM32\midimap.dll
0x00007ffed1fb0000 - 0x00007ffed1fc4000 	C:\Windows\SYSTEM32\resourcepolicyclient.dll
0x00007ffeb1a60000 - 0x00007ffeb1c05000 	C:\Windows\WinSxS\amd64_microsoft.windows.gdiplus_6595b64144ccf1df_1.1.19041.4597_none_91a78020cc854124\gdiplus.dll
0x00007ffebfdd0000 - 0x00007ffebfec9000 	C:\Windows\SYSTEM32\textinputframework.dll
0x00007ffece6e0000 - 0x00007ffecea3b000 	C:\Windows\System32\CoreUIComponents.dll
0x00007ffecea50000 - 0x00007ffeceb42000 	C:\Windows\System32\CoreMessaging.dll
0x00007ffed37c0000 - 0x00007ffed37f3000 	C:\Windows\SYSTEM32\ntmarta.dll
0x00007ffed12c0000 - 0x00007ffed1417000 	C:\Windows\SYSTEM32\wintypes.dll
0x00007ffeb7e70000 - 0x00007ffeb8165000 	C:\Windows\System32\uiautomationcore.dll
0x00007ffed1880000 - 0x00007ffed1976000 	C:\Windows\System32\PROPSYS.dll
0x00007ffeb8170000 - 0x00007ffeb81d6000 	C:\Windows\System32\OLEACC.dll
0x00007ffebfed0000 - 0x00007ffec000f000 	C:\Windows\System32\Windows.UI.dll
0x00007ffecbdf0000 - 0x00007ffecbe91000 	C:\Windows\System32\WindowManagementAPI.dll
0x00007ffebfc70000 - 0x00007ffebfdc2000 	C:\Windows\System32\InputHost.dll
0x00007ffecb4a0000 - 0x00007ffecb6a3000 	C:\Windows\SYSTEM32\twinapi.appcore.dll

dbghelp: loaded successfully - version: 4.0.5 - missing functions: none
symbol engine: initialized successfully - sym options: 0x614 - pdb path: .;C:\Users\bader\.jdks\jbrsdk_jcef-17.0.9\bin;C:\Windows\SYSTEM32;C:\Windows\WinSxS\amd64_microsoft.windows.common-controls_6595b64144ccf1df_6.0.19041.4355_none_60b8b9eb71f62e16;C:\Users\bader\.jdks\jbrsdk_jcef-17.0.9\bin\server;C:\Program Files\JetBrains\IntelliJ IDEA Community Edition 2023.3.6\bin;C:\Windows\System32\DriverStore\FileRepository\iigd_dch.inf_amd64_5d54dd32fa1ef4d4;C:\Windows\WinSxS\amd64_microsoft.windows.gdiplus_6595b64144ccf1df_1.1.19041.4597_none_91a78020cc854124

VM Arguments:
jvm_args: -Xmx3072g -Xmx4096g -Dsun.java2d.opengl=true -XX:ErrorFile=logs/hs_err_pid%p.log -javaagent:C:\Program Files\JetBrains\IntelliJ IDEA Community Edition 2023.3.6\lib\idea_rt.jar=54312:C:\Program Files\JetBrains\IntelliJ IDEA Community Edition 2023.3.6\bin -Dfile.encoding=UTF-8 
java_command: net.sendback.Main
java_class_path (initial): C:\Users\bader\OneDrive\Bureau\Idea\GTS_PRojekt\target\classes
Launcher Type: SUN_STANDARD

[Global flags]
     intx CICompilerCount                          = 4                                         {product} {ergonomic}
     uint ConcGCThreads                            = 3                                         {product} {ergonomic}
    ccstr ErrorFile                                = logs/hs_err_pid%p.log                     {product} {command line}
     uint G1ConcRefinementThreads                  = 10                                        {product} {ergonomic}
   size_t G1HeapRegionSize                         = 33554432                                  {product} {ergonomic}
    uintx GCDrainStackTargetSize                   = 64                                        {product} {ergonomic}
   size_t InitialHeapSize                          = 268435456                                 {product} {ergonomic}
   size_t MarkStackSize                            = 4194304                                   {product} {ergonomic}
   size_t MaxHeapSize                              = 4398046511104                             {product} {command line}
   size_t MaxNewSize                               = 2638821195776                             {product} {ergonomic}
   size_t MinHeapDeltaBytes                        = 33554432                                  {product} {ergonomic}
   size_t MinHeapSize                              = 33554432                                  {product} {ergonomic}
    uintx NonNMethodCodeHeapSize                   = 5839372                                {pd product} {ergonomic}
    uintx NonProfiledCodeHeapSize                  = 122909434                              {pd product} {ergonomic}
    uintx ProfiledCodeHeapSize                     = 122909434                              {pd product} {ergonomic}
    uintx ReservedCodeCacheSize                    = 251658240                              {pd product} {ergonomic}
     bool SegmentedCodeCache                       = true                                      {product} {ergonomic}
   size_t SoftMaxHeapSize                          = 4398046511104                          {manageable} {ergonomic}
     bool UseCompressedClassPointers               = true                           {product lp64_product} {ergonomic}
     bool UseG1GC                                  = true                                      {product} {ergonomic}
     bool UseLargePagesIndividualAllocation        = false                                  {pd product} {ergonomic}

Logging:
Log output configuration:
 #0: stdout all=warning uptime,level,tags
 #1: stderr all=off uptime,level,tags

Environment Variables:
PATH=C:\Program Files\Common Files\Oracle\Java\javapath;C:\Windows\system32;C:\Windows;C:\Windows\System32\Wbem;C:\Windows\System32\WindowsPowerShell\v1.0\;C:\Windows\System32\OpenSSH\;C:\Program Files (x86)\NVIDIA Corporation\PhysX\Common;C:\Program Files\dotnet\;C:\Users\bader\AppData\Local\Microsoft\WindowsApps;C:\Users\bader\AppData\Local\GitHubDesktop\bin
USERNAME=bader
OS=Windows_NT
PROCESSOR_IDENTIFIER=Intel64 Family 6 Model 158 Stepping 10, GenuineIntel
TMP=C:\Users\bader\AppData\Local\Temp
TEMP=C:\Users\bader\AppData\Local\Temp



Periodic native trim disabled

JNI global refs:
JNI global refs: 134, weak refs: 165

JNI global refs memory usage: 2107, weak refs: 2105

OOME stack traces (most recent first):
Classloader memory used:
Loader bootstrap                                                                       : 2649K
Loader jdk.internal.loader.ClassLoaders$AppClassLoader                                 : 34082B
Loader jdk.internal.reflect.DelegatingClassLoader                                      : 5061B
Loader jdk.internal.loader.ClassLoaders$PlatformClassLoader                            : 764B


---------------  S Y S T E M  ---------------

OS:
 Windows 10 , 64 bit Build 19041 (10.0.19041.5072)
OS uptime: 12 days 4:28 hours

CPU: total 12 (initial active 12) (6 cores per cpu, 2 threads per core) family 6 model 158 stepping 10 microcode 0xf0, cx8, cmov, fxsr, ht, mmx, 3dnowpref, sse, sse2, sse3, ssse3, sse4.1, sse4.2, popcnt, lzcnt, tsc, tscinvbit, avx, avx2, aes, erms, clmul, bmi1, bmi2, adx, fma, vzeroupper, clflush, clflushopt
Processor Information for all 12 processors :
  Max Mhz: 2592, Current Mhz: 2592, Mhz Limit: 2592

Memory: 4k page, system-wide physical 16254M (2212M free)
TotalPageFile size 24005M (AvailPageFile size 3561M)
current process WorkingSet (physical memory assigned to process): 688M, peak: 705M
current process commit charge ("private bytes"): 917M, peak: 927M

vm_info: OpenJDK 64-Bit Server VM (17.0.9+8-b1166.2) for windows-amd64 JRE (17.0.9+8-b1166.2), built on 2024-01-13 by "builduser" with MS VC++ 16.10 / 16.11 (VS2019)

END.
