#
# A fatal error has been detected by the Java Runtime Environment:
#
#  EXCEPTION_ACCESS_VIOLATION (0xc0000005) at pc=0x00007ffe4f443c53, pid=23996, tid=11492
#
# JRE version: OpenJDK Runtime Environment JBR-17.0.9+8-1166.2-jcef (17.0.9+8) (build 17.0.9+8-b1166.2)
# Java VM: OpenJDK 64-Bit Server VM JBR-17.0.9+8-1166.2-jcef (17.0.9+8-b1166.2, mixed mode, tiered, compressed class ptrs, g1 gc, windows-amd64)
# Problematic frame:
# C  [ig9icd64.dll+0x9c3c53]
#
# No core dump will be written. Minidumps are not enabled by default on client versions of Windows
#
# If you would like to submit a bug report, please visit:
#   https://youtrack.jetbrains.com/issues/JBR
# The crash happened outside the Java Virtual Machine in native code.
# See problematic frame for where to report the bug.
#

---------------  S U M M A R Y ------------

Command Line: -Xmx3072g -Xmx4096g -Dsun.java2d.opengl=true -XX:ErrorFile=logs/hs_err_pid%p.log -javaagent:C:\Program Files\JetBrains\IntelliJ IDEA Community Edition 2023.3.6\lib\idea_rt.jar=60643:C:\Program Files\JetBrains\IntelliJ IDEA Community Edition 2023.3.6\bin -Dfile.encoding=UTF-8 net.sendback.Main

Host: Intel(R) Core(TM) i7-9750H CPU @ 2.60GHz, 12 cores, 15G,  Windows 10 , 64 bit Build 19041 (10.0.19041.5072)
Time: Thu Nov 14 23:05:41 2024 Mitteleuropäische Zeit elapsed time: 9.520385 seconds (0d 0h 0m 9s)

---------------  T H R E A D  ---------------

Current thread (0x00000670b3357330):  JavaThread "Java2D Queue Flusher" daemon [_thread_in_native, id=11492, stack(0x0000008b23000000,0x0000008b23100000)]

Stack: [0x0000008b23000000,0x0000008b23100000],  sp=0x0000008b230fe638,  free space=1017k
Native frames: (J=compiled Java code, j=interpreted, Vv=VM code, C=native code)
C  [ig9icd64.dll+0x9c3c53]

Java frames: (J=compiled Java code, j=interpreted, Vv=VM code)
j  sun.java2d.opengl.OGLRenderQueue.flushBuffer(JI)V+0 java.desktop
j  sun.java2d.opengl.OGLRenderQueue.flushBuffer()V+21 java.desktop
j  sun.java2d.opengl.OGLRenderQueue$QueueFlusher.run()V+81 java.desktop
j  java.lang.Thread.run()V+11 java.base@17.0.9
v  ~StubRoutines::call_stub

siginfo: EXCEPTION_ACCESS_VIOLATION (0xc0000005), reading address 0xffffffffffffffff


Registers:
RAX=0x000000000fff0fff, RBX=0x00007ffe4ea80000, RCX=0x000000033fcf3fcc, RDX=0x0000008b230feb50
RSP=0x0000008b230fe638, RBP=0x0000008b230fe740, RSI=0x00000670b94144c0, RDI=0x0000008b230fe940
R8 =0x0000008b230fe770, R9 =0x0000008b230feb50, R10=0x0000008b230fe940, R11=0x0000000000000000
R12=0x00007ffe4f8aa420, R13=0x0000000000000000, R14=0x0000000000000000, R15=0x00000000000001c1
RIP=0x00007ffe4f443c53, EFLAGS=0x0000000000010206


Register to memory mapping:

RIP=0x00007ffe4f443c53 ig9icd64.dll
RAX=0x000000000fff0fff is an unknown value
RBX=0x00007ffe4ea80000 ig9icd64.dll
RCX=0x000000033fcf3fcc is an unknown value
RDX=0x0000008b230feb50 is pointing into the stack for thread: 0x00000670b3357330
RSP=0x0000008b230fe638 is pointing into the stack for thread: 0x00000670b3357330
RBP=0x0000008b230fe740 is pointing into the stack for thread: 0x00000670b3357330
RSI=0x00000670b94144c0 points into unknown readable memory: 0x00000670b33a9100 | 00 91 3a b3 70 06 00 00
RDI=0x0000008b230fe940 is pointing into the stack for thread: 0x00000670b3357330
R8 =0x0000008b230fe770 is pointing into the stack for thread: 0x00000670b3357330
R9 =0x0000008b230feb50 is pointing into the stack for thread: 0x00000670b3357330
R10=0x0000008b230fe940 is pointing into the stack for thread: 0x00000670b3357330
R11=0x0 is NULL
R12=0x00007ffe4f8aa420 ig9icd64.dll
R13=0x0 is NULL
R14=0x0 is NULL
R15=0x00000000000001c1 is an unknown value


Top of Stack: (sp=0x0000008b230fe638)
0x0000008b230fe638:   00007ffe4f44138b 0000000000000001
0x0000008b230fe648:   0000000000000000 00000670b98f9f00
0x0000008b230fe658:   00007ffec7a82572 0000008b00000065
0x0000008b230fe668:   0000008b230fe870 0000000000000000
0x0000008b230fe678:   00000670bbeb94c0 0000000000000000
0x0000008b230fe688:   00000670bbde5290 00000670b98f9f20
0x0000008b230fe698:   0000000000000fb0 0000000000000000
0x0000008b230fe6a8:   0000000000000000 0000008b230fe820
0x0000008b230fe6b8:   00007ffe4f0d9070 0000000000000000
0x0000008b230fe6c8:   0000000000000000 0000000000000000
0x0000008b230fe6d8:   0000000000000000 0000ca39ff198476
0x0000008b230fe6e8:   00007ffe4ea964e5 00000670b98f9f20
0x0000008b230fe6f8:   0000000000004001 0000000000000200
0x0000008b230fe708:   00007ffed6ebb86b 000000000017000e
0x0000008b230fe718:   00000000000000f2 00000670b9535920
0x0000008b230fe728:   0000000000000000 0000000000000000
0x0000008b230fe738:   00007ffe4f441c62 0000000000000000
0x0000008b230fe748:   0000024a89888a00 0000008b230fea40
0x0000008b230fe758:   0000024a89880000 0000024a898802b4
0x0000008b230fe768:   00000670bbeb94c0 00007ffe4f74f020
0x0000008b230fe778:   0000000e00000000 0000001a00000018
0x0000008b230fe788:   00000fff00000000 437f0000437f0000
0x0000008b230fe798:   437f0000437f0000 0000ff0000ff0000
0x0000008b230fe7a8:   ff000000000000ff 0000000800000010
0x0000008b230fe7b8:   0000001800000000 0000000000000000
0x0000008b230fe7c8:   0000000000000000 0000000000000000
0x0000008b230fe7d8:   0000000000000000 0000000000000000
0x0000008b230fe7e8:   0000000000000000 0000000000000000
0x0000008b230fe7f8:   0000000000000000 0000000000000000
0x0000008b230fe808:   0000000000000000 0000000000000000
0x0000008b230fe818:   0000000000000000 0000000000000000
0x0000008b230fe828:   0000000000000000 0000000000000000 

Instructions: (pc=0x00007ffe4f443c53)
0x00007ffe4f443b53:   a1 b6 30 00 48 89 51 08 48 89 01 8b 44 24 28 89
0x00007ffe4f443b63:   41 20 8b 44 24 30 89 41 24 48 8b c1 4c 89 41 10
0x00007ffe4f443b73:   4c 89 49 18 c3 cc cc cc cc cc cc cc cc 48 89 5c
0x00007ffe4f443b83:   24 08 8b 41 5c 48 8d 1d 71 c4 63 ff 41 89 40 08
0x00007ffe4f443b93:   4c 8b d1 8b 41 60 45 33 db 41 89 40 0c 4c 8b ca
0x00007ffe4f443ba3:   8b 41 64 41 89 40 10 8b 41 68 41 89 40 14 8b 41
0x00007ffe4f443bb3:   6c 41 89 40 18 8b 41 70 41 89 40 1c 48 63 41 74
0x00007ffe4f443bc3:   48 6b c8 34 8b 84 19 84 5f ee 00 41 89 40 20 8b
0x00007ffe4f443bd3:   84 19 88 5f ee 00 41 89 40 24 8b 84 19 8c 5f ee
0x00007ffe4f443be3:   00 41 89 40 28 8b 84 19 90 5f ee 00 41 89 40 2c
0x00007ffe4f443bf3:   8b 84 19 74 5f ee 00 41 89 40 30 8b 84 19 78 5f
0x00007ffe4f443c03:   ee 00 41 89 40 34 8b 84 19 7c 5f ee 00 41 89 40
0x00007ffe4f443c13:   38 8b 84 19 80 5f ee 00 41 89 40 3c 8b 84 19 64
0x00007ffe4f443c23:   5f ee 00 41 89 40 40 8b 84 19 68 5f ee 00 41 89
0x00007ffe4f443c33:   40 44 8b 84 19 6c 5f ee 00 41 89 40 48 8b 84 19
0x00007ffe4f443c43:   70 5f ee 00 41 89 40 4c 49 63 42 78 48 6b c8 34
0x00007ffe4f443c53:   8b 84 19 84 5f ee 00 41 89 40 50 8b 84 19 88 5f
0x00007ffe4f443c63:   ee 00 41 89 40 54 8b 84 19 8c 5f ee 00 41 89 40
0x00007ffe4f443c73:   58 8b 84 19 90 5f ee 00 41 89 40 5c 8b 84 19 74
0x00007ffe4f443c83:   5f ee 00 41 89 40 60 8b 84 19 78 5f ee 00 41 89
0x00007ffe4f443c93:   40 64 8b 84 19 7c 5f ee 00 41 89 40 68 8b 84 19
0x00007ffe4f443ca3:   80 5f ee 00 41 89 40 6c 8b 84 19 64 5f ee 00 41
0x00007ffe4f443cb3:   89 40 70 8b 84 19 68 5f ee 00 41 89 40 74 8b 84
0x00007ffe4f443cc3:   19 6c 5f ee 00 41 89 40 78 8b 84 19 70 5f ee 00
0x00007ffe4f443cd3:   41 89 40 7c 48 8b 42 18 8b 88 38 0b 00 00 f6 c1
0x00007ffe4f443ce3:   08 0f 84 86 00 00 00 8b 80 3c 0b 00 00 41 89 80
0x00007ffe4f443cf3:   80 00 00 00 48 8b 42 18 8b 88 40 0b 00 00 41 89
0x00007ffe4f443d03:   88 84 00 00 00 48 8b 42 18 8b 88 44 0b 00 00 41
0x00007ffe4f443d13:   89 88 88 00 00 00 48 8b 42 18 8b 88 48 0b 00 00
0x00007ffe4f443d23:   41 89 88 8c 00 00 00 48 8b 42 18 8b 88 4c 0b 00
0x00007ffe4f443d33:   00 41 89 88 90 00 00 00 48 8b 42 18 8b 88 50 0b
0x00007ffe4f443d43:   00 00 41 89 88 94 00 00 00 48 8b 42 18 8b 88 54 


Stack slot to memory mapping:
stack at sp + 0 slots: 0x00007ffe4f44138b ig9icd64.dll
stack at sp + 1 slots: 0x0000000000000001 is an unknown value
stack at sp + 2 slots: 0x0 is NULL
stack at sp + 3 slots: 0x00000670b98f9f00 points into unknown readable memory: 0x0000000000000000 | 00 00 00 00 00 00 00 00
stack at sp + 4 slots: 0x00007ffec7a82572 igdgmm64.dll
stack at sp + 5 slots: 0x0000008b00000065 is an unknown value
stack at sp + 6 slots: 0x0000008b230fe870 is pointing into the stack for thread: 0x00000670b3357330
stack at sp + 7 slots: 0x0 is NULL


---------------  P R O C E S S  ---------------

Threads class SMR info:
_java_thread_list=0x00000670b97d5100, length=44, elements={
0x00000670ae5400c0, 0x00000670ae5415f0, 0x00000670ae599030, 0x00000670ae599a00,
0x00000670ae59ca80, 0x00000670ae5a0ff0, 0x00000670ae5a2440, 0x00000670ae5a5d50,
0x00000670ae5b6e20, 0x00000670ae69a8a0, 0x00000670b3162500, 0x00000670b31629e0,
0x00000670b3357330, 0x00000670b9772300, 0x00000670b99ff260, 0x00000670b9818020,
0x00000670b9819040, 0x00000670b94e30a0, 0x00000670b94e35b0, 0x00000670b94e3ac0,
0x00000670b94e44e0, 0x00000670b94e2b90, 0x00000670b9bedb30, 0x00000670b9bec1e0,
0x00000670b9bed620, 0x00000670b9bef990, 0x00000670b9bec6f0, 0x00000670b9bf0dd0,
0x00000670b9becc00, 0x00000670b9bef480, 0x00000670b9bf17f0, 0x00000670b9bee040,
0x00000670b9bebcd0, 0x00000670b9bed110, 0x00000670b9bf2210, 0x00000670b9befea0,
0x00000670b9bf3650, 0x00000670b9bf12e0, 0x00000670b9bee550, 0x00000670b9beea60,
0x00000670b9bf08c0, 0x00000670b9bf2720, 0x00000670b9bf2c30, 0x00000670bbebe430
}

Java Threads: ( => current thread )
  0x00000670ae5400c0 JavaThread "Reference Handler" daemon [_thread_blocked, id=30648, stack(0x0000008b22300000,0x0000008b22400000)]
  0x00000670ae5415f0 JavaThread "Finalizer" daemon [_thread_blocked, id=42832, stack(0x0000008b22400000,0x0000008b22500000)]
  0x00000670ae599030 JavaThread "Signal Dispatcher" daemon [_thread_blocked, id=38724, stack(0x0000008b22500000,0x0000008b22600000)]
  0x00000670ae599a00 JavaThread "Attach Listener" daemon [_thread_blocked, id=41512, stack(0x0000008b22600000,0x0000008b22700000)]
  0x00000670ae59ca80 JavaThread "Service Thread" daemon [_thread_blocked, id=4992, stack(0x0000008b22700000,0x0000008b22800000)]
  0x00000670ae5a0ff0 JavaThread "Monitor Deflation Thread" daemon [_thread_blocked, id=38608, stack(0x0000008b22800000,0x0000008b22900000)]
  0x00000670ae5a2440 JavaThread "C2 CompilerThread0" daemon [_thread_blocked, id=28236, stack(0x0000008b22900000,0x0000008b22a00000)]
  0x00000670ae5a5d50 JavaThread "C1 CompilerThread0" daemon [_thread_blocked, id=42512, stack(0x0000008b22a00000,0x0000008b22b00000)]
  0x00000670ae5b6e20 JavaThread "Sweeper thread" daemon [_thread_blocked, id=22768, stack(0x0000008b22b00000,0x0000008b22c00000)]
  0x00000670ae69a8a0 JavaThread "Common-Cleaner" daemon [_thread_blocked, id=41484, stack(0x0000008b22c00000,0x0000008b22d00000)]
  0x00000670b3162500 JavaThread "Monitor Ctrl-Break" daemon [_thread_in_native, id=20124, stack(0x0000008b22d00000,0x0000008b22e00000)]
  0x00000670b31629e0 JavaThread "Notification Thread" daemon [_thread_blocked, id=42388, stack(0x0000008b22e00000,0x0000008b22f00000)]
=>0x00000670b3357330 JavaThread "Java2D Queue Flusher" daemon [_thread_in_native, id=11492, stack(0x0000008b23000000,0x0000008b23100000)]
  0x00000670b9772300 JavaThread "Java2D Disposer" daemon [_thread_blocked, id=17340, stack(0x0000008b23500000,0x0000008b23600000)]
  0x00000670b99ff260 JavaThread "AWT-Windows" daemon [_thread_in_native, id=5356, stack(0x0000008b23800000,0x0000008b23900000)]
  0x00000670b9818020 JavaThread "Java Sound Event Dispatcher" daemon [_thread_blocked, id=34268, stack(0x0000008b24300000,0x0000008b24400000)]
  0x00000670b9819040 JavaThread "Direct Clip" daemon [_thread_blocked, id=6324, stack(0x0000008b24600000,0x0000008b24700000)]
  0x00000670b94e30a0 JavaThread "Direct Clip" daemon [_thread_blocked, id=41076, stack(0x0000008b24700000,0x0000008b24800000)]
  0x00000670b94e35b0 JavaThread "Direct Clip" daemon [_thread_blocked, id=39572, stack(0x0000008b24800000,0x0000008b24900000)]
  0x00000670b94e3ac0 JavaThread "Direct Clip" daemon [_thread_blocked, id=21192, stack(0x0000008b24900000,0x0000008b24a00000)]
  0x00000670b94e44e0 JavaThread "Direct Clip" daemon [_thread_blocked, id=12352, stack(0x0000008b24a00000,0x0000008b24b00000)]
  0x00000670b94e2b90 JavaThread "Direct Clip" daemon [_thread_blocked, id=11724, stack(0x0000008b24b00000,0x0000008b24c00000)]
  0x00000670b9bedb30 JavaThread "Direct Clip" daemon [_thread_blocked, id=33324, stack(0x0000008b24c00000,0x0000008b24d00000)]
  0x00000670b9bec1e0 JavaThread "Direct Clip" daemon [_thread_blocked, id=12484, stack(0x0000008b24d00000,0x0000008b24e00000)]
  0x00000670b9bed620 JavaThread "Direct Clip" daemon [_thread_blocked, id=16344, stack(0x0000008b24e00000,0x0000008b24f00000)]
  0x00000670b9bef990 JavaThread "Direct Clip" daemon [_thread_blocked, id=30644, stack(0x0000008b24f00000,0x0000008b25000000)]
  0x00000670b9bec6f0 JavaThread "Direct Clip" daemon [_thread_blocked, id=38772, stack(0x0000008b25000000,0x0000008b25100000)]
  0x00000670b9bf0dd0 JavaThread "Direct Clip" daemon [_thread_blocked, id=37628, stack(0x0000008b25100000,0x0000008b25200000)]
  0x00000670b9becc00 JavaThread "Direct Clip" daemon [_thread_blocked, id=23236, stack(0x0000008b25200000,0x0000008b25300000)]
  0x00000670b9bef480 JavaThread "Direct Clip" daemon [_thread_blocked, id=15568, stack(0x0000008b25300000,0x0000008b25400000)]
  0x00000670b9bf17f0 JavaThread "Direct Clip" daemon [_thread_blocked, id=18348, stack(0x0000008b25400000,0x0000008b25500000)]
  0x00000670b9bee040 JavaThread "Direct Clip" daemon [_thread_blocked, id=1636, stack(0x0000008b23700000,0x0000008b23800000)]
  0x00000670b9bebcd0 JavaThread "Direct Clip" daemon [_thread_blocked, id=40752, stack(0x0000008b25500000,0x0000008b25600000)]
  0x00000670b9bed110 JavaThread "Direct Clip" daemon [_thread_blocked, id=28472, stack(0x0000008b25600000,0x0000008b25700000)]
  0x00000670b9bf2210 JavaThread "Direct Clip" daemon [_thread_blocked, id=39700, stack(0x0000008b25700000,0x0000008b25800000)]
  0x00000670b9befea0 JavaThread "Direct Clip" daemon [_thread_blocked, id=39276, stack(0x0000008b25800000,0x0000008b25900000)]
  0x00000670b9bf3650 JavaThread "Direct Clip" daemon [_thread_blocked, id=14352, stack(0x0000008b25900000,0x0000008b25a00000)]
  0x00000670b9bf12e0 JavaThread "AWT-Shutdown" [_thread_blocked, id=17064, stack(0x0000008b25e00000,0x0000008b25f00000)]
  0x00000670b9bee550 JavaThread "AWT-EventQueue-0" [_thread_blocked, id=9900, stack(0x0000008b25f00000,0x0000008b26000000)]
  0x00000670b9beea60 JavaThread "DestroyJavaVM" [_thread_blocked, id=30676, stack(0x0000008b21c00000,0x0000008b21d00000)]
  0x00000670b9bf08c0 JavaThread "TimerQueue" daemon [_thread_blocked, id=9616, stack(0x0000008b26300000,0x0000008b26400000)]
  0x00000670b9bf2720 JavaThread "Thread-0" [_thread_blocked, id=30908, stack(0x0000008b26600000,0x0000008b26700000)]
  0x00000670b9bf2c30 JavaThread "Forest" [_thread_in_vm, id=29912, stack(0x0000008b26700000,0x0000008b26800000)]
  0x00000670bbebe430 JavaThread "ToolkitShutdown" daemon [_thread_in_native, id=38132, stack(0x0000008b26a00000,0x0000008b26b00000)]

Other Threads:
  0x00000670ae53ace0 VMThread "VM Thread" [stack: 0x0000008b22200000,0x0000008b22300000] [id=36116]
  0x00000670b31636d0 WatcherThread [stack: 0x0000008b22f00000,0x0000008b23000000] [id=20040]
  0x0000024a8ba8aff0 GCTaskThread "GC Thread#0" [stack: 0x0000008b21d00000,0x0000008b21e00000] [id=3540]
  0x00000670b9a74370 GCTaskThread "GC Thread#1" [stack: 0x0000008b23900000,0x0000008b23a00000] [id=13172]
  0x00000670b9aefbb0 GCTaskThread "GC Thread#2" [stack: 0x0000008b23a00000,0x0000008b23b00000] [id=35320]
  0x00000670b9aefe70 GCTaskThread "GC Thread#3" [stack: 0x0000008b23b00000,0x0000008b23c00000] [id=31880]
  0x00000670b9984520 GCTaskThread "GC Thread#4" [stack: 0x0000008b23c00000,0x0000008b23d00000] [id=38140]
  0x00000670b9996830 GCTaskThread "GC Thread#5" [stack: 0x0000008b23d00000,0x0000008b23e00000] [id=9736]
  0x00000670b9ab57a0 GCTaskThread "GC Thread#6" [stack: 0x0000008b23e00000,0x0000008b23f00000] [id=9340]
  0x00000670b9a36f10 GCTaskThread "GC Thread#7" [stack: 0x0000008b23f00000,0x0000008b24000000] [id=2428]
  0x00000670b99772a0 GCTaskThread "GC Thread#8" [stack: 0x0000008b24000000,0x0000008b24100000] [id=27152]
  0x00000670b9977970 GCTaskThread "GC Thread#9" [stack: 0x0000008b24100000,0x0000008b24200000] [id=42500]
  0x0000024a8ba8d5d0 ConcurrentGCThread "G1 Main Marker" [stack: 0x0000008b21e00000,0x0000008b21f00000] [id=42356]
  0x0000024a9ec20310 ConcurrentGCThread "G1 Conc#0" [stack: 0x0000008b21f00000,0x0000008b22000000] [id=35864]
  0x00000670b320c6c0 ConcurrentGCThread "G1 Conc#1" [stack: 0x0000008b26400000,0x0000008b26500000] [id=42808]
  0x00000670b30c5d50 ConcurrentGCThread "G1 Conc#2" [stack: 0x0000008b26500000,0x0000008b26600000] [id=29660]
  0x0000024a9ec9a790 ConcurrentGCThread "G1 Refine#0" [stack: 0x0000008b22000000,0x0000008b22100000] [id=31192]
  0x00000670b9c8f9d0 ConcurrentGCThread "G1 Refine#1" [stack: 0x0000008b25a00000,0x0000008b25b00000] [id=26904]
  0x00000670b9cd6bf0 ConcurrentGCThread "G1 Refine#2" [stack: 0x0000008b25b00000,0x0000008b25c00000] [id=25812]
  0x00000670b9ce8e10 ConcurrentGCThread "G1 Refine#3" [stack: 0x0000008b25c00000,0x0000008b25d00000] [id=9004]
  0x00000670b9d85580 ConcurrentGCThread "G1 Refine#4" [stack: 0x0000008b25d00000,0x0000008b25e00000] [id=29832]
  0x0000024a9ec9b0d0 ConcurrentGCThread "G1 Service" [stack: 0x0000008b22100000,0x0000008b22200000] [id=40848]

Threads with active compile tasks:

VM state: not at safepoint (normal execution)

VM Mutex/Monitor currently owned by a thread: None

CDS archive(s) not mapped
Compressed class space mapped at: 0x0000000080000000-0x00000000c0000000, reserved size: 1073741824
Narrow klass base: 0x0000000000000000, Narrow klass shift: 0, Narrow klass range: 0xc0000000

GC Precious Log:
 CPUs: 12 total, 12 available
 Memory: 16254M
 Large Page Support: Disabled
 NUMA Support: Disabled
 Compressed Oops: Disabled
 Heap Region Size: 32M
 Heap Min Capacity: 32M
 Heap Initial Capacity: 256M
 Heap Max Capacity: 4096G
 Pre-touch: Disabled
 Parallel Workers: 10
 Concurrent Workers: 3
 Concurrent Refinement Workers: 10
 Periodic GC: Disabled

Heap:
 garbage-first heap   total 983040K, used 232871K [0x0000024aa0000000, 0x0000064aa0000000)
  region size 32768K, 2 young (65536K), 1 survivors (32768K)
 Metaspace       used 21498K, committed 21824K, reserved 1114112K
  class space    used 2198K, committed 2368K, reserved 1048576K

Heap Regions: E=young(eden), S=young(survivor), O=old, HS=humongous(starts), HC=humongous(continues), CS=collection set, F=free, OA=open archive, CA=closed archive, TAMS=top-at-mark-start (previous, next)
|   0|0x0000024aa0000000, 0x0000024aa2000000, 0x0000024aa2000000|100%| O|  |TAMS 0x0000024aa2000000, 0x0000024aa0000000| Untracked 
|   1|0x0000024aa2000000, 0x0000024aa4000000, 0x0000024aa4000000|100%|HS|  |TAMS 0x0000024aa4000000, 0x0000024aa2000000| Complete 
|   2|0x0000024aa4000000, 0x0000024aa6000000, 0x0000024aa6000000|100%| O|  |TAMS 0x0000024aa6000000, 0x0000024aa4000000| Untracked 
|   3|0x0000024aa6000000, 0x0000024aa8000000, 0x0000024aa8000000|100%| O|  |TAMS 0x0000024aa8000000, 0x0000024aa6000000| Untracked 
|   4|0x0000024aa8000000, 0x0000024aaa000000, 0x0000024aaa000000|100%| O|  |TAMS 0x0000024aaa000000, 0x0000024aa8000000| Untracked 
|   5|0x0000024aaa000000, 0x0000024aac000000, 0x0000024aac000000|100%| O|  |TAMS 0x0000024aabe5a600, 0x0000024aaa000000| Untracked 
|   6|0x0000024aac000000, 0x0000024aaddeac00, 0x0000024aae000000| 93%| O|  |TAMS 0x0000024aac000000, 0x0000024aac000000| Untracked 
|   7|0x0000024aae000000, 0x0000024aae000000, 0x0000024ab0000000|  0%| F|  |TAMS 0x0000024aae000000, 0x0000024aae000000| Untracked 
|   8|0x0000024ab0000000, 0x0000024ab0000000, 0x0000024ab2000000|  0%| F|  |TAMS 0x0000024ab0000000, 0x0000024ab0000000| Untracked 
|   9|0x0000024ab2000000, 0x0000024ab2000000, 0x0000024ab4000000|  0%| F|  |TAMS 0x0000024ab2000000, 0x0000024ab2000000| Untracked 
|  10|0x0000024ab4000000, 0x0000024ab4000000, 0x0000024ab6000000|  0%| F|  |TAMS 0x0000024ab4000000, 0x0000024ab4000000| Untracked 
|  11|0x0000024ab6000000, 0x0000024ab6000000, 0x0000024ab8000000|  0%| F|  |TAMS 0x0000024ab6000000, 0x0000024ab6000000| Untracked 
|  12|0x0000024ab8000000, 0x0000024ab8000000, 0x0000024aba000000|  0%| F|  |TAMS 0x0000024ab8000000, 0x0000024ab8000000| Untracked 
|  13|0x0000024aba000000, 0x0000024aba000000, 0x0000024abc000000|  0%| F|  |TAMS 0x0000024aba000000, 0x0000024aba000000| Untracked 
|  14|0x0000024abc000000, 0x0000024abc000000, 0x0000024abe000000|  0%| F|  |TAMS 0x0000024abc000000, 0x0000024abc000000| Untracked 
|  15|0x0000024abe000000, 0x0000024abe000000, 0x0000024ac0000000|  0%| F|  |TAMS 0x0000024abe000000, 0x0000024abe000000| Untracked 
|  16|0x0000024ac0000000, 0x0000024ac0000000, 0x0000024ac2000000|  0%| F|  |TAMS 0x0000024ac0000000, 0x0000024ac0000000| Untracked 
|  17|0x0000024ac2000000, 0x0000024ac2000000, 0x0000024ac4000000|  0%| F|  |TAMS 0x0000024ac2000000, 0x0000024ac2000000| Untracked 
|  18|0x0000024ac4000000, 0x0000024ac4000000, 0x0000024ac6000000|  0%| F|  |TAMS 0x0000024ac4000000, 0x0000024ac4000000| Untracked 
|  19|0x0000024ac6000000, 0x0000024ac6000000, 0x0000024ac8000000|  0%| F|  |TAMS 0x0000024ac6000000, 0x0000024ac6000000| Untracked 
|  20|0x0000024ac8000000, 0x0000024ac8000000, 0x0000024aca000000|  0%| F|  |TAMS 0x0000024ac8000000, 0x0000024ac8000000| Untracked 
|  21|0x0000024aca000000, 0x0000024aca000000, 0x0000024acc000000|  0%| F|  |TAMS 0x0000024aca000000, 0x0000024aca000000| Untracked 
|  22|0x0000024acc000000, 0x0000024acc000000, 0x0000024ace000000|  0%| F|  |TAMS 0x0000024acc000000, 0x0000024acc000000| Untracked 
|  23|0x0000024ace000000, 0x0000024ace000000, 0x0000024ad0000000|  0%| F|  |TAMS 0x0000024ace000000, 0x0000024ace000000| Untracked 
|  24|0x0000024ad0000000, 0x0000024ad0000000, 0x0000024ad2000000|  0%| F|  |TAMS 0x0000024ad0000000, 0x0000024ad0000000| Untracked 
|  25|0x0000024ad2000000, 0x0000024ad2000000, 0x0000024ad4000000|  0%| F|  |TAMS 0x0000024ad2000000, 0x0000024ad2000000| Untracked 
|  26|0x0000024ad4000000, 0x0000024ad4000000, 0x0000024ad6000000|  0%| F|  |TAMS 0x0000024ad4000000, 0x0000024ad4000000| Untracked 
|  27|0x0000024ad6000000, 0x0000024ad6000000, 0x0000024ad8000000|  0%| F|  |TAMS 0x0000024ad6000000, 0x0000024ad6000000| Untracked 
|  30|0x0000024adc000000, 0x0000024adc57f170, 0x0000024ade000000| 17%| S|CS|TAMS 0x0000024adc000000, 0x0000024adc000000| Complete 
|  31|0x0000024ade000000, 0x0000024adf739330, 0x0000024ae0000000| 72%| E|  |TAMS 0x0000024ade000000, 0x0000024ade000000| Complete 

Card table byte_map: [0x0000064ca8010000,0x0000064ea8010000] _byte_map_base: 0x0000064b82b10000

Marking Bits (Prev, Next): (CMBitMap*) 0x0000024a8ba8b560, (CMBitMap*) 0x0000024a8ba8b520
 Prev Bits: [0x00000660a8010000, 0x00000670a8010000)
 Next Bits: [0x00000650a8010000, 0x00000660a8010000)

Polling page: 0x0000024a89960000

Metaspace:

Usage:
  Non-class:     18.85 MB used.
      Class:      2.15 MB used.
       Both:     20.99 MB used.

Virtual space:
  Non-class space:       64.00 MB reserved,      19.00 MB ( 30%) committed,  1 nodes.
      Class space:        1.00 GB reserved,       2.31 MB ( <1%) committed,  1 nodes.
             Both:        1.06 GB reserved,      21.31 MB (  2%) committed. 

Chunk freelists:
   Non-Class:  12.95 MB
       Class:  13.73 MB
        Both:  26.68 MB

MaxMetaspaceSize: unlimited
CompressedClassSpaceSize: 1.00 GB
Initial GC threshold: 21.00 MB
Current GC threshold: 35.12 MB
CDS: off
MetaspaceReclaimPolicy: balanced
 - commit_granule_bytes: 65536.
 - commit_granule_words: 8192.
 - virtual_space_node_default_size: 8388608.
 - enlarge_chunks_in_place: 1.
 - new_chunks_are_fully_committed: 0.
 - uncommit_free_chunks: 1.
 - use_allocation_guard: 0.
 - handle_deallocations: 1.


Internal statistics:

num_allocs_failed_limit: 3.
num_arena_births: 264.
num_arena_deaths: 0.
num_vsnodes_births: 2.
num_vsnodes_deaths: 0.
num_space_committed: 341.
num_space_uncommitted: 0.
num_chunks_returned_to_freelist: 3.
num_chunks_taken_from_freelist: 390.
num_chunk_merges: 0.
num_chunk_splits: 221.
num_chunks_enlarged: 107.
num_inconsistent_stats: 0.

CodeHeap 'non-profiled nmethods': size=120000Kb used=879Kb max_used=879Kb free=119120Kb
 bounds [0x0000024a97050000, 0x0000024a972c0000, 0x0000024a9e580000]
CodeHeap 'profiled nmethods': size=120000Kb used=4171Kb max_used=4171Kb free=115828Kb
 bounds [0x0000024a8f580000, 0x0000024a8f9a0000, 0x0000024a96ab0000]
CodeHeap 'non-nmethods': size=5760Kb used=1302Kb max_used=1331Kb free=4457Kb
 bounds [0x0000024a96ab0000, 0x0000024a96d20000, 0x0000024a97050000]
 total_blobs=2958 nmethods=2320 adapters=551
 compilation: enabled
              stopped_count=0, restarted_count=0
 full_count=0

Compilation events (20 events):
Event: 9.114 Thread 0x00000670ae5a5d50 2312       3       java.awt.Component::getForeground (29 bytes)
Event: 9.115 Thread 0x00000670ae5a5d50 nmethod 2312 0x0000024a8f98e410 code [0x0000024a8f98e5e0, 0x0000024a8f98e9e8]
Event: 9.132 Thread 0x00000670ae5a5d50 2313       3       sun.java2d.SunGraphics2D::dispose (12 bytes)
Event: 9.132 Thread 0x00000670ae5a5d50 nmethod 2313 0x0000024a8f98eb10 code [0x0000024a8f98ecc0, 0x0000024a8f98ee68]
Event: 9.182 Thread 0x00000670ae5a5d50 2314       3       sun.java2d.pipe.Region::isRectangular (13 bytes)
Event: 9.182 Thread 0x00000670ae5a5d50 nmethod 2314 0x0000024a8f98ef10 code [0x0000024a8f98f0a0, 0x0000024a8f98f218]
Event: 9.199 Thread 0x00000670ae5a5d50 2315       3       sun.java2d.pipe.Region::clipRound (34 bytes)
Event: 9.200 Thread 0x00000670ae5a5d50 nmethod 2315 0x0000024a8f98f290 code [0x0000024a8f98f480, 0x0000024a8f98f728]
Event: 9.200 Thread 0x00000670ae5a5d50 2316       3       sun.java2d.SunGraphics2D::setColor (108 bytes)
Event: 9.200 Thread 0x00000670ae5a5d50 nmethod 2316 0x0000024a8f98f810 code [0x0000024a8f98fa00, 0x0000024a8f98feb8]
Event: 9.200 Thread 0x00000670ae5a5d50 2317       3       java.awt.geom.AffineTransform::equals (92 bytes)
Event: 9.200 Thread 0x00000670ae5a5d50 nmethod 2317 0x0000024a8f98ff90 code [0x0000024a8f990140, 0x0000024a8f9906f8]
Event: 9.216 Thread 0x00000670ae5a5d50 2318       3       sun.java2d.SunGraphics2D::setRenderingHint (539 bytes)
Event: 9.217 Thread 0x00000670ae5a5d50 nmethod 2318 0x0000024a8f990810 code [0x0000024a8f990ae0, 0x0000024a8f991f58]
Event: 9.233 Thread 0x00000670ae5a5d50 2319       1       java.awt.Component::getGraphicsConfiguration_NoClientCode (5 bytes)
Event: 9.233 Thread 0x00000670ae5a5d50 nmethod 2319 0x0000024a9712bb10 code [0x0000024a9712bca0, 0x0000024a9712bd78]
Event: 9.302 Thread 0x00000670ae5a5d50 2320       3       sun.java2d.pipe.ValidatePipe::validate (6 bytes)
Event: 9.302 Thread 0x00000670ae5a5d50 nmethod 2320 0x0000024a8f992310 code [0x0000024a8f9924e0, 0x0000024a8f992838]
Event: 9.302 Thread 0x00000670ae5a5d50 2321       3       sun.java2d.SunGraphics2D::validatePipe (30 bytes)
Event: 9.302 Thread 0x00000670ae5a5d50 nmethod 2321 0x0000024a8f992990 code [0x0000024a8f992b40, 0x0000024a8f992e38]

GC Heap History (20 events):
Event: 1.431 GC heap before
{Heap before GC invocations=0 (full 0):
 garbage-first heap   total 262144K, used 32768K [0x0000024aa0000000, 0x0000064aa0000000)
  region size 32768K, 1 young (32768K), 0 survivors (0K)
 Metaspace       used 16509K, committed 16768K, reserved 1114112K
  class space    used 1554K, committed 1664K, reserved 1048576K
}
Event: 1.446 GC heap after
{Heap after GC invocations=1 (full 0):
 garbage-first heap   total 262144K, used 6103K [0x0000024aa0000000, 0x0000064aa0000000)
  region size 32768K, 1 young (32768K), 1 survivors (32768K)
 Metaspace       used 16509K, committed 16768K, reserved 1114112K
  class space    used 1554K, committed 1664K, reserved 1048576K
}
Event: 1.608 GC heap before
{Heap before GC invocations=1 (full 0):
 garbage-first heap   total 262144K, used 6103K [0x0000024aa0000000, 0x0000064aa0000000)
  region size 32768K, 2 young (65536K), 1 survivors (32768K)
 Metaspace       used 16584K, committed 16832K, reserved 1114112K
  class space    used 1556K, committed 1664K, reserved 1048576K
}
Event: 1.614 GC heap after
{Heap after GC invocations=2 (full 0):
 garbage-first heap   total 262144K, used 15513K [0x0000024aa0000000, 0x0000064aa0000000)
  region size 32768K, 1 young (32768K), 1 survivors (32768K)
 Metaspace       used 16584K, committed 16832K, reserved 1114112K
  class space    used 1556K, committed 1664K, reserved 1048576K
}
Event: 1.902 GC heap before
{Heap before GC invocations=2 (full 0):
 garbage-first heap   total 262144K, used 48281K [0x0000024aa0000000, 0x0000064aa0000000)
  region size 32768K, 2 young (65536K), 1 survivors (32768K)
 Metaspace       used 16592K, committed 16832K, reserved 1114112K
  class space    used 1556K, committed 1664K, reserved 1048576K
}
Event: 1.914 GC heap after
{Heap after GC invocations=3 (full 0):
 garbage-first heap   total 262144K, used 30936K [0x0000024aa0000000, 0x0000064aa0000000)
  region size 32768K, 1 young (32768K), 1 survivors (32768K)
 Metaspace       used 16592K, committed 16832K, reserved 1114112K
  class space    used 1556K, committed 1664K, reserved 1048576K
}
Event: 1.945 GC heap before
{Heap before GC invocations=3 (full 0):
 garbage-first heap   total 262144K, used 30936K [0x0000024aa0000000, 0x0000064aa0000000)
  region size 32768K, 2 young (65536K), 1 survivors (32768K)
 Metaspace       used 16593K, committed 16832K, reserved 1114112K
  class space    used 1556K, committed 1664K, reserved 1048576K
}
Event: 1.959 GC heap after
{Heap after GC invocations=4 (full 0):
 garbage-first heap   total 262144K, used 46948K [0x0000024aa0000000, 0x0000064aa0000000)
  region size 32768K, 1 young (32768K), 1 survivors (32768K)
 Metaspace       used 16593K, committed 16832K, reserved 1114112K
  class space    used 1556K, committed 1664K, reserved 1048576K
}
Event: 2.132 GC heap before
{Heap before GC invocations=4 (full 0):
 garbage-first heap   total 262144K, used 79716K [0x0000024aa0000000, 0x0000064aa0000000)
  region size 32768K, 2 young (65536K), 1 survivors (32768K)
 Metaspace       used 16944K, committed 17216K, reserved 1114112K
  class space    used 1608K, committed 1728K, reserved 1048576K
}
Event: 2.143 GC heap after
{Heap after GC invocations=5 (full 0):
 garbage-first heap   total 524288K, used 88921K [0x0000024aa0000000, 0x0000064aa0000000)
  region size 32768K, 1 young (32768K), 1 survivors (32768K)
 Metaspace       used 16944K, committed 17216K, reserved 1114112K
  class space    used 1608K, committed 1728K, reserved 1048576K
}
Event: 2.175 GC heap before
{Heap before GC invocations=5 (full 0):
 garbage-first heap   total 524288K, used 88921K [0x0000024aa0000000, 0x0000064aa0000000)
  region size 32768K, 2 young (65536K), 1 survivors (32768K)
 Metaspace       used 16947K, committed 17216K, reserved 1114112K
  class space    used 1608K, committed 1728K, reserved 1048576K
}
Event: 2.191 GC heap after
{Heap after GC invocations=6 (full 0):
 garbage-first heap   total 524288K, used 140522K [0x0000024aa0000000, 0x0000064aa0000000)
  region size 32768K, 1 young (32768K), 1 survivors (32768K)
 Metaspace       used 16947K, committed 17216K, reserved 1114112K
  class space    used 1608K, committed 1728K, reserved 1048576K
}
Event: 2.391 GC heap before
{Heap before GC invocations=6 (full 0):
 garbage-first heap   total 524288K, used 173290K [0x0000024aa0000000, 0x0000064aa0000000)
  region size 32768K, 2 young (65536K), 1 survivors (32768K)
 Metaspace       used 17411K, committed 17600K, reserved 1114112K
  class space    used 1666K, committed 1728K, reserved 1048576K
}
Event: 2.405 GC heap after
{Heap after GC invocations=7 (full 0):
 garbage-first heap   total 524288K, used 152830K [0x0000024aa0000000, 0x0000064aa0000000)
  region size 32768K, 1 young (32768K), 1 survivors (32768K)
 Metaspace       used 17411K, committed 17600K, reserved 1114112K
  class space    used 1666K, committed 1728K, reserved 1048576K
}
Event: 3.895 GC heap before
{Heap before GC invocations=7 (full 0):
 garbage-first heap   total 524288K, used 185598K [0x0000024aa0000000, 0x0000064aa0000000)
  region size 32768K, 2 young (65536K), 1 survivors (32768K)
 Metaspace       used 17443K, committed 17664K, reserved 1114112K
  class space    used 1671K, committed 1728K, reserved 1048576K
}
Event: 3.910 GC heap after
{Heap after GC invocations=8 (full 0):
 garbage-first heap   total 524288K, used 194874K [0x0000024aa0000000, 0x0000064aa0000000)
  region size 32768K, 1 young (32768K), 1 survivors (32768K)
 Metaspace       used 17443K, committed 17664K, reserved 1114112K
  class space    used 1671K, committed 1728K, reserved 1048576K
}
Event: 5.298 GC heap before
{Heap before GC invocations=8 (full 0):
 garbage-first heap   total 524288K, used 227642K [0x0000024aa0000000, 0x0000064aa0000000)
  region size 32768K, 2 young (65536K), 1 survivors (32768K)
 Metaspace       used 18939K, committed 19200K, reserved 1114112K
  class space    used 1878K, committed 1984K, reserved 1048576K
}
Event: 5.315 GC heap after
{Heap after GC invocations=9 (full 0):
 garbage-first heap   total 1048576K, used 226866K [0x0000024aa0000000, 0x0000064aa0000000)
  region size 32768K, 1 young (32768K), 1 survivors (32768K)
 Metaspace       used 18939K, committed 19200K, reserved 1114112K
  class space    used 1878K, committed 1984K, reserved 1048576K
}
Event: 7.224 GC heap before
{Heap before GC invocations=9 (full 0):
 garbage-first heap   total 1048576K, used 226866K [0x0000024aa0000000, 0x0000064aa0000000)
  region size 32768K, 2 young (65536K), 1 survivors (32768K)
 Metaspace       used 21258K, committed 21504K, reserved 1114112K
  class space    used 2179K, committed 2304K, reserved 1048576K
}
Event: 7.233 GC heap after
{Heap after GC invocations=10 (full 0):
 garbage-first heap   total 1048576K, used 232871K [0x0000024aa0000000, 0x0000064aa0000000)
  region size 32768K, 1 young (32768K), 1 survivors (32768K)
 Metaspace       used 21258K, committed 21504K, reserved 1114112K
  class space    used 2179K, committed 2304K, reserved 1048576K
}

Dll operation events (3 events):
Event: 0.011 Loaded shared library C:\Users\bader\.jdks\jbrsdk_jcef-17.0.9\bin\java.dll
Event: 0.160 Loaded shared library C:\Users\bader\.jdks\jbrsdk_jcef-17.0.9\bin\jsvml.dll
Event: 0.302 Loaded shared library C:\Users\bader\.jdks\jbrsdk_jcef-17.0.9\bin\zip.dll

Deoptimization events (20 events):
Event: 8.048 Thread 0x00000670b9bee550 Uncommon trap: trap_request=0xffffff45 fr.pc=0x0000024a970d8b74 relative=0x0000000000000134
Event: 8.048 Thread 0x00000670b9bee550 Uncommon trap: reason=unstable_if action=reinterpret pc=0x0000024a970d8b74 method=java.lang.StrictMath.floorOrCeil(DDDD)D @ 24 c2
Event: 8.048 Thread 0x00000670b9bee550 DEOPT PACKING pc=0x0000024a970d8b74 sp=0x0000008b25ffd1b0
Event: 8.048 Thread 0x00000670b9bee550 DEOPT UNPACKING pc=0x0000024a96b069a3 sp=0x0000008b25ffd118 mode 2
Event: 8.077 Thread 0x00000670b9bf2720 Uncommon trap: trap_request=0xffffff45 fr.pc=0x0000024a970d6104 relative=0x00000000000001e4
Event: 8.077 Thread 0x00000670b9bf2720 Uncommon trap: reason=unstable_if action=reinterpret pc=0x0000024a970d6104 method=sun.java2d.loops.GraphicsPrimitiveMgr.locate(Lsun/java2d/loops/GraphicsPrimitiveMgr$PrimitiveSpec;)Lsun/java2d/loops/GraphicsPrimitive; @ 85 c2
Event: 8.077 Thread 0x00000670b9bf2720 DEOPT PACKING pc=0x0000024a970d6104 sp=0x0000008b266fe870
Event: 8.077 Thread 0x00000670b9bf2720 DEOPT UNPACKING pc=0x0000024a96b069a3 sp=0x0000008b266fe810 mode 2
Event: 8.086 Thread 0x00000670b9bf2720 Uncommon trap: trap_request=0xffffffde fr.pc=0x0000024a970b37c8 relative=0x0000000000000508
Event: 8.086 Thread 0x00000670b9bf2720 Uncommon trap: reason=class_check action=maybe_recompile pc=0x0000024a970b37c8 method=java.util.HashMap.getNode(Ljava/lang/Object;)Ljava/util/HashMap$Node; @ 128 c2
Event: 8.086 Thread 0x00000670b9bf2720 DEOPT PACKING pc=0x0000024a970b37c8 sp=0x0000008b266fe7b0
Event: 8.087 Thread 0x00000670b9bf2720 DEOPT UNPACKING pc=0x0000024a96b069a3 sp=0x0000008b266fe738 mode 2
Event: 8.088 Thread 0x00000670b9bf2720 Uncommon trap: trap_request=0xffffffde fr.pc=0x0000024a970b37c8 relative=0x0000000000000508
Event: 8.088 Thread 0x00000670b9bf2720 Uncommon trap: reason=class_check action=maybe_recompile pc=0x0000024a970b37c8 method=java.util.HashMap.getNode(Ljava/lang/Object;)Ljava/util/HashMap$Node; @ 128 c2
Event: 8.088 Thread 0x00000670b9bf2720 DEOPT PACKING pc=0x0000024a970b37c8 sp=0x0000008b266fe7b0
Event: 8.088 Thread 0x00000670b9bf2720 DEOPT UNPACKING pc=0x0000024a96b069a3 sp=0x0000008b266fe738 mode 2
Event: 8.122 Thread 0x00000670b9bf2c30 DEOPT PACKING pc=0x0000024a8f948708 sp=0x0000008b267ff4e0
Event: 8.123 Thread 0x00000670b9bf2c30 DEOPT UNPACKING pc=0x0000024a96b07143 sp=0x0000008b267fea00 mode 0
Event: 8.174 Thread 0x00000670b9bf2720 DEOPT PACKING pc=0x0000024a8f97f7c5 sp=0x0000008b266ff0b0
Event: 8.174 Thread 0x00000670b9bf2720 DEOPT UNPACKING pc=0x0000024a96b07143 sp=0x0000008b266fe5c0 mode 0

Classes unloaded (0 events):
No events

Classes redefined (0 events):
No events

Internal exceptions (20 events):
Event: 1.325 Thread 0x0000024a8b9ce7f0 Exception <a 'java/lang/NoSuchMethodError'{0x0000024aaf625ef0}: 'int java.lang.invoke.DirectMethodHandle$Holder.invokeStaticInit(java.lang.Object, int, int)'> (0x0000024aaf625ef0) 
thrown [s\src\hotspot\share\interpreter\linkResolver.cpp, line 771]
Event: 1.326 Thread 0x0000024a8b9ce7f0 Exception <a 'java/lang/NoSuchMethodError'{0x0000024aaf62fa18}: 'int java.lang.invoke.DirectMethodHandle$Holder.invokeStaticInit(java.lang.Object, long, long)'> (0x0000024aaf62fa18) 
thrown [s\src\hotspot\share\interpreter\linkResolver.cpp, line 771]
Event: 1.327 Thread 0x0000024a8b9ce7f0 Exception <a 'java/lang/NoSuchMethodError'{0x0000024aaf638700}: 'int java.lang.invoke.DirectMethodHandle$Holder.invokeStaticInit(java.lang.Object, float, float)'> (0x0000024aaf638700) 
thrown [s\src\hotspot\share\interpreter\linkResolver.cpp, line 771]
Event: 1.328 Thread 0x0000024a8b9ce7f0 Exception <a 'java/lang/NoSuchMethodError'{0x0000024aaf6413f0}: 'int java.lang.invoke.DirectMethodHandle$Holder.invokeStaticInit(java.lang.Object, double, double)'> (0x0000024aaf6413f0) 
thrown [s\src\hotspot\share\interpreter\linkResolver.cpp, line 771]
Event: 1.329 Thread 0x0000024a8b9ce7f0 Exception <a 'java/lang/NoSuchMethodError'{0x0000024aaf646ec0}: 'int java.lang.invoke.DirectMethodHandle$Holder.invokeStatic(java.lang.Object, long)'> (0x0000024aaf646ec0) 
thrown [s\src\hotspot\share\interpreter\linkResolver.cpp, line 771]
Event: 1.334 Thread 0x0000024a8b9ce7f0 Exception <a 'java/lang/NoSuchMethodError'{0x0000024aaf6759b0}: 'int java.lang.invoke.Invokers$Holder.linkToTargetMethod(java.lang.Object, java.lang.Object)'> (0x0000024aaf6759b0) 
thrown [s\src\hotspot\share\interpreter\linkResolver.cpp, line 771]
Event: 3.317 Thread 0x0000024a8b9ce7f0 Exception <a 'java/lang/NoSuchMethodError'{0x0000024abf0e2bf8}: 'void java.lang.invoke.DirectMethodHandle$Holder.invokeSpecial(java.lang.Object, java.lang.Object, java.lang.Object)'> (0x0000024abf0e2bf8) 
thrown [s\src\hotspot\share\interpreter\linkResolver.cpp, line 771]
Event: 5.255 Thread 0x0000024a8b9ce7f0 Exception <a 'java/lang/NoSuchMethodError'{0x0000024abfd40b48}: 'void java.lang.invoke.DirectMethodHandle$Holder.invokeStaticInit(java.lang.Object)'> (0x0000024abfd40b48) 
thrown [s\src\hotspot\share\interpreter\linkResolver.cpp, line 771]
Event: 5.279 Thread 0x00000670b9bee550 Exception <a 'java/lang/NoSuchMethodError'{0x0000024abfe44260}: 'java.lang.Object java.lang.invoke.DirectMethodHandle$Holder.newInvokeSpecial(java.lang.Object, java.lang.Object, java.lang.Object, java.lang.Object, java.lang.Object)'> (0x0000024abfe44260) 
thrown [s\src\hotspot\share\interpreter\linkResolver.cpp, line 771]
Event: 5.280 Thread 0x00000670b9bee550 Exception <a 'java/lang/NoSuchMethodError'{0x0000024abfe52b30}: 'java.lang.Object java.lang.invoke.DirectMethodHandle$Holder.invokeStatic(java.lang.Object, int, java.lang.Object, java.lang.Object, java.lang.Object, java.lang.Object)'> (0x0000024abfe52b30) 
thrown [s\src\hotspot\share\interpreter\linkResolver.cpp, line 771]
Event: 5.321 Thread 0x00000670b9bee550 Exception <a 'java/lang/ClassNotFoundException'{0x0000024ade02bd68}: com/sun/swing/internal/plaf/metal/resources/spi/metalProvider> (0x0000024ade02bd68) 
thrown [s\src\hotspot\share\classfile\systemDictionary.cpp, line 256]
Event: 5.322 Thread 0x00000670b9bee550 Exception <a 'java/lang/ClassNotFoundException'{0x0000024ade031cc0}: com/sun/swing/internal/plaf/basic/resources/spi/basicProvider> (0x0000024ade031cc0) 
thrown [s\src\hotspot\share\classfile\systemDictionary.cpp, line 256]
Event: 5.324 Thread 0x00000670b9bee550 Exception <a 'java/lang/NoSuchMethodError'{0x0000024ade056078}: 'java.lang.Object java.lang.invoke.Invokers$Holder.linkToTargetMethod(java.lang.Object, int, java.lang.Object, java.lang.Object, java.lang.Object)'> (0x0000024ade056078) 
thrown [s\src\hotspot\share\interpreter\linkResolver.cpp, line 771]
Event: 5.351 Thread 0x00000670b99ff260 Exception <a 'java/lang/NoSuchMethodError'{0x0000024ade0d46e0}: 'void java.lang.invoke.DirectMethodHandle$Holder.invokeVirtual(java.lang.Object, java.lang.Object)'> (0x0000024ade0d46e0) 
thrown [s\src\hotspot\share\interpreter\linkResolver.cpp, line 771]
Event: 5.367 Thread 0x00000670b9bee550 Exception <a 'java/lang/NoSuchMethodError'{0x0000024ade1a6f48}: 'java.lang.Object java.lang.invoke.DirectMethodHandle$Holder.newInvokeSpecial(java.lang.Object, java.lang.Object, int, int, int, int)'> (0x0000024ade1a6f48) 
thrown [s\src\hotspot\share\interpreter\linkResolver.cpp, line 771]
Event: 5.370 Thread 0x00000670b9bee550 Exception <a 'java/lang/NoSuchMethodError'{0x0000024ade1b8c98}: 'void java.lang.invoke.DirectMethodHandle$Holder.invokeSpecial(java.lang.Object, java.lang.Object, int, int)'> (0x0000024ade1b8c98) 
thrown [s\src\hotspot\share\interpreter\linkResolver.cpp, line 771]
Event: 5.371 Thread 0x00000670b9bee550 Exception <a 'java/lang/NoSuchMethodError'{0x0000024ade1c0b00}: 'java.lang.Object java.lang.invoke.DirectMethodHandle$Holder.newInvokeSpecial(java.lang.Object, java.lang.Object, int, int)'> (0x0000024ade1c0b00) 
thrown [s\src\hotspot\share\interpreter\linkResolver.cpp, line 771]
Event: 5.444 Thread 0x00000670b9bee550 Exception <a 'java/lang/NoSuchMethodError'{0x0000024ade312610}: 'java.lang.Object java.lang.invoke.Invokers$Holder.invoke_MT(java.lang.Object, java.lang.Object, java.lang.Object)'> (0x0000024ade312610) 
thrown [s\src\hotspot\share\interpreter\linkResolver.cpp, line 771]
Event: 5.445 Thread 0x00000670b9bee550 Exception <a 'java/lang/NoSuchMethodError'{0x0000024ade320b20}: 'int java.lang.invoke.Invokers$Holder.invoke_MT(java.lang.Object, java.lang.Object, java.lang.Object)'> (0x0000024ade320b20) 
thrown [s\src\hotspot\share\interpreter\linkResolver.cpp, line 771]
Event: 6.576 Thread 0x00000670b9bee550 Exception <a 'java/lang/NoSuchMethodError'{0x0000024ade376af8}: 'void java.lang.invoke.DirectMethodHandle$Holder.invokeStatic(java.lang.Object, java.lang.Object, java.lang.Object)'> (0x0000024ade376af8) 
thrown [s\src\hotspot\share\interpreter\linkResolver.cpp, line 771]

VM Operations (20 events):
Event: 3.412 Executing VM operation: Cleanup
Event: 3.412 Executing VM operation: Cleanup done
Event: 3.895 Executing VM operation: G1CollectForAllocation
Event: 3.910 Executing VM operation: G1CollectForAllocation done
Event: 5.298 Executing VM operation: G1CollectForAllocation
Event: 5.315 Executing VM operation: G1CollectForAllocation done
Event: 5.392 Executing VM operation: HandshakeAllThreads
Event: 5.392 Executing VM operation: HandshakeAllThreads done
Event: 6.401 Executing VM operation: Cleanup
Event: 6.401 Executing VM operation: Cleanup done
Event: 7.224 Executing VM operation: CollectForMetadataAllocation
Event: 7.233 Executing VM operation: CollectForMetadataAllocation done
Event: 7.278 Executing VM operation: G1PauseRemark
Event: 7.280 Executing VM operation: G1PauseRemark done
Event: 7.302 Executing VM operation: G1PauseCleanup
Event: 7.302 Executing VM operation: G1PauseCleanup done
Event: 8.316 Executing VM operation: Cleanup
Event: 8.316 Executing VM operation: Cleanup done
Event: 9.330 Executing VM operation: Cleanup
Event: 9.330 Executing VM operation: Cleanup done

Events (20 events):
Event: 8.082 loading class java/awt/LightweightDispatcher$2 done
Event: 8.084 loading class sun/java2d/pipe/RegionSpanIterator
Event: 8.084 loading class sun/java2d/pipe/SpanIterator
Event: 8.084 loading class sun/java2d/pipe/SpanIterator done
Event: 8.084 loading class sun/java2d/pipe/RegionSpanIterator done
Event: 8.520 loading class java/awt/image/BufferedImageOp
Event: 8.520 loading class java/awt/image/BufferedImageOp done
Event: 8.576 Thread 0x00000670b30a9340 Thread added: 0x00000670b30a9340
Event: 8.945 Thread 0x00000670b30a9340 Thread exited: 0x00000670b30a9340
Event: 9.459 Thread 0x00000670bbec3a40 Thread added: 0x00000670bbec3a40
Event: 9.459 Thread 0x00000670bbebe430 Thread added: 0x00000670bbebe430
Event: 9.459 Thread 0x00000670bbec20f0 Thread added: 0x00000670bbec20f0
Event: 9.459 loading class java/util/WeakHashMap$KeyIterator
Event: 9.459 loading class java/util/WeakHashMap$HashIterator
Event: 9.460 loading class java/util/WeakHashMap$HashIterator done
Event: 9.460 loading class java/util/WeakHashMap$KeyIterator done
Event: 9.460 loading class sun/font/SunFontManager$8$1
Event: 9.460 Thread 0x00000670bbec3a40 Thread exited: 0x00000670bbec3a40
Event: 9.460 loading class sun/font/SunFontManager$8$1 done
Event: 9.462 Thread 0x00000670bbec20f0 Thread exited: 0x00000670bbec20f0


Dynamic libraries:
0x00007ff782070000 - 0x00007ff78207a000 	C:\Users\bader\.jdks\jbrsdk_jcef-17.0.9\bin\java.exe
0x00007ffed6e90000 - 0x00007ffed7088000 	C:\Windows\SYSTEM32\ntdll.dll
0x00007ffed4f20000 - 0x00007ffed4fe2000 	C:\Windows\System32\KERNEL32.DLL
0x00007ffed4960000 - 0x00007ffed4c5e000 	C:\Windows\System32\KERNELBASE.dll
0x00007ffed4db0000 - 0x00007ffed4eb0000 	C:\Windows\System32\ucrtbase.dll
0x00007ffecbf60000 - 0x00007ffecbf77000 	C:\Users\bader\.jdks\jbrsdk_jcef-17.0.9\bin\jli.dll
0x00007ffec3f90000 - 0x00007ffec3fab000 	C:\Users\bader\.jdks\jbrsdk_jcef-17.0.9\bin\VCRUNTIME140.dll
0x00007ffed6bd0000 - 0x00007ffed6d6d000 	C:\Windows\System32\USER32.dll
0x00007ffeba210000 - 0x00007ffeba4aa000 	C:\Windows\WinSxS\amd64_microsoft.windows.common-controls_6595b64144ccf1df_6.0.19041.4355_none_60b8b9eb71f62e16\COMCTL32.dll
0x00007ffed4650000 - 0x00007ffed4672000 	C:\Windows\System32\win32u.dll
0x00007ffed61a0000 - 0x00007ffed61cb000 	C:\Windows\System32\GDI32.dll
0x00007ffed4530000 - 0x00007ffed4647000 	C:\Windows\System32\gdi32full.dll
0x00007ffed4d10000 - 0x00007ffed4dad000 	C:\Windows\System32\msvcp_win.dll
0x00007ffed67d0000 - 0x00007ffed686e000 	C:\Windows\System32\msvcrt.dll
0x00007ffed6100000 - 0x00007ffed612f000 	C:\Windows\System32\IMM32.DLL
0x00007ffecbf50000 - 0x00007ffecbf5c000 	C:\Users\bader\.jdks\jbrsdk_jcef-17.0.9\bin\vcruntime140_1.dll
0x00007ffeb8c40000 - 0x00007ffeb8ccd000 	C:\Users\bader\.jdks\jbrsdk_jcef-17.0.9\bin\msvcp140.dll
0x00007ffe57490000 - 0x00007ffe58112000 	C:\Users\bader\.jdks\jbrsdk_jcef-17.0.9\bin\server\jvm.dll
0x00007ffed6d90000 - 0x00007ffed6e41000 	C:\Windows\System32\ADVAPI32.dll
0x00007ffed5e40000 - 0x00007ffed5edf000 	C:\Windows\System32\sechost.dll
0x00007ffed62a0000 - 0x00007ffed63c3000 	C:\Windows\System32\RPCRT4.dll
0x00007ffed4760000 - 0x00007ffed4787000 	C:\Windows\System32\bcrypt.dll
0x00007ffed3a60000 - 0x00007ffed3aab000 	C:\Windows\SYSTEM32\POWRPROF.dll
0x00007ffeb9a40000 - 0x00007ffeb9a67000 	C:\Windows\SYSTEM32\WINMM.dll
0x00007ffecd650000 - 0x00007ffecd65a000 	C:\Windows\SYSTEM32\VERSION.dll
0x00007ffecf4c0000 - 0x00007ffecf4c9000 	C:\Windows\SYSTEM32\WSOCK32.dll
0x00007ffed6090000 - 0x00007ffed60fb000 	C:\Windows\System32\WS2_32.dll
0x00007ffed3930000 - 0x00007ffed3942000 	C:\Windows\SYSTEM32\UMPDC.dll
0x00007ffed23b0000 - 0x00007ffed23c2000 	C:\Windows\SYSTEM32\kernel.appcore.dll
0x00007ffecb150000 - 0x00007ffecb15a000 	C:\Users\bader\.jdks\jbrsdk_jcef-17.0.9\bin\jimage.dll
0x00007ffed1cc0000 - 0x00007ffed1ea4000 	C:\Windows\SYSTEM32\DBGHELP.DLL
0x00007ffec4470000 - 0x00007ffec44a4000 	C:\Windows\SYSTEM32\dbgcore.DLL
0x00007ffed46d0000 - 0x00007ffed4752000 	C:\Windows\System32\bcryptPrimitives.dll
0x00007ffec3f80000 - 0x00007ffec3f8e000 	C:\Users\bader\.jdks\jbrsdk_jcef-17.0.9\bin\instrument.dll
0x00007ffec2380000 - 0x00007ffec23a5000 	C:\Users\bader\.jdks\jbrsdk_jcef-17.0.9\bin\java.dll
0x00007ffec2270000 - 0x00007ffec2288000 	C:\Users\bader\.jdks\jbrsdk_jcef-17.0.9\bin\zip.dll
0x00007ffeb73d0000 - 0x00007ffeb74a7000 	C:\Users\bader\.jdks\jbrsdk_jcef-17.0.9\bin\jsvml.dll
0x00007ffed4ff0000 - 0x00007ffed575d000 	C:\Windows\System32\SHELL32.dll
0x00007ffed25b0000 - 0x00007ffed2d54000 	C:\Windows\SYSTEM32\windows.storage.dll
0x00007ffed6870000 - 0x00007ffed6bc3000 	C:\Windows\System32\combase.dll
0x00007ffed3f60000 - 0x00007ffed3f8e000 	C:\Windows\SYSTEM32\Wldp.dll
0x00007ffed61d0000 - 0x00007ffed629d000 	C:\Windows\System32\OLEAUT32.dll
0x00007ffed65c0000 - 0x00007ffed666d000 	C:\Windows\System32\SHCORE.dll
0x00007ffed6560000 - 0x00007ffed65b5000 	C:\Windows\System32\shlwapi.dll
0x00007ffed4460000 - 0x00007ffed4484000 	C:\Windows\SYSTEM32\profapi.dll
0x00007ffec2080000 - 0x00007ffec2099000 	C:\Users\bader\.jdks\jbrsdk_jcef-17.0.9\bin\net.dll
0x00007ffeccc80000 - 0x00007ffeccd8d000 	C:\Windows\SYSTEM32\WINHTTP.dll
0x00007ffed3cc0000 - 0x00007ffed3d2a000 	C:\Windows\system32\mswsock.dll
0x00007ffec1fb0000 - 0x00007ffec1fc6000 	C:\Users\bader\.jdks\jbrsdk_jcef-17.0.9\bin\nio.dll
0x00007ffebddf0000 - 0x00007ffebde0a000 	C:\Program Files\JetBrains\IntelliJ IDEA Community Edition 2023.3.6\bin\breakgen64.dll
0x00007ffe86aa0000 - 0x00007ffe86c3a000 	C:\Users\bader\.jdks\jbrsdk_jcef-17.0.9\bin\awt.dll
0x00007ffed20b0000 - 0x00007ffed20df000 	C:\Windows\SYSTEM32\dwmapi.dll
0x00007ffebdda0000 - 0x00007ffebdde4000 	C:\Users\bader\.jdks\jbrsdk_jcef-17.0.9\bin\nvdaControllerClient64.dll
0x00007ffecf1c0000 - 0x00007ffecf254000 	C:\Windows\SYSTEM32\apphelp.dll
0x00007ffeb81e0000 - 0x00007ffeb8308000 	C:\Windows\system32\opengl32.dll
0x00007ffeb7c60000 - 0x00007ffeb7c8c000 	C:\Windows\SYSTEM32\GLU32.dll
0x00007ffed1090000 - 0x00007ffed112e000 	C:\Windows\system32\uxtheme.dll
0x00007ffed5bd0000 - 0x00007ffed5ce5000 	C:\Windows\System32\MSCTF.dll
0x00007ffed5cf0000 - 0x00007ffed5d99000 	C:\Windows\System32\clbcatq.dll
0x00007ffe4ea80000 - 0x00007ffe4fa4a000 	C:\Windows\System32\DriverStore\FileRepository\iigd_dch.inf_amd64_5d54dd32fa1ef4d4\ig9icd64.dll
0x00007ffed6430000 - 0x00007ffed655b000 	C:\Windows\System32\ole32.dll
0x00007ffed2dc0000 - 0x00007ffed2eb6000 	C:\Windows\system32\dxgi.dll
0x00007ffec7a80000 - 0x00007ffec7cbf000 	C:\Windows\System32\DriverStore\FileRepository\iigd_dch.inf_amd64_5d54dd32fa1ef4d4\igdgmm64.dll
0x00007ffec4eb0000 - 0x00007ffec7a79000 	C:\Windows\System32\DriverStore\FileRepository\iigd_dch.inf_amd64_5d54dd32fa1ef4d4\igc64.dll
0x00007ffe6fa90000 - 0x00007ffe6fe9c000 	C:\Windows\System32\DriverStore\FileRepository\iigd_dch.inf_amd64_5d54dd32fa1ef4d4\igdml64.dll
0x00007ffed3ec0000 - 0x00007ffed3ed8000 	C:\Windows\SYSTEM32\CRYPTSP.dll
0x00007ffed3570000 - 0x00007ffed35a4000 	C:\Windows\system32\rsaenh.dll
0x00007ffed4420000 - 0x00007ffed444e000 	C:\Windows\SYSTEM32\USERENV.dll
0x00007ffed3eb0000 - 0x00007ffed3ebc000 	C:\Windows\SYSTEM32\CRYPTBASE.dll
0x00007ffed3950000 - 0x00007ffed398b000 	C:\Windows\SYSTEM32\IPHLPAPI.DLL
0x00007ffed5e30000 - 0x00007ffed5e38000 	C:\Windows\System32\NSI.dll
0x00007ffecc960000 - 0x00007ffecc977000 	C:\Windows\SYSTEM32\dhcpcsvc6.DLL
0x00007ffeccbf0000 - 0x00007ffeccc0d000 	C:\Windows\SYSTEM32\dhcpcsvc.DLL
0x00007ffed3990000 - 0x00007ffed3a5a000 	C:\Windows\SYSTEM32\DNSAPI.dll
0x00007ffeb86d0000 - 0x00007ffeb8757000 	C:\Users\bader\.jdks\jbrsdk_jcef-17.0.9\bin\freetype.dll
0x00007ffea86b0000 - 0x00007ffea8787000 	C:\Users\bader\.jdks\jbrsdk_jcef-17.0.9\bin\fontmanager.dll
0x00007ffebdc70000 - 0x00007ffebdc82000 	C:\Users\bader\.jdks\jbrsdk_jcef-17.0.9\bin\jsound.dll
0x00007ffeb69c0000 - 0x00007ffeb6a5c000 	C:\Windows\SYSTEM32\DSOUND.dll
0x00007ffec02f0000 - 0x00007ffec0316000 	C:\Windows\SYSTEM32\winmmbase.dll
0x00007ffecce00000 - 0x00007ffecce85000 	C:\Windows\System32\MMDevApi.dll
0x00007ffed42c0000 - 0x00007ffed42f3000 	C:\Windows\System32\DEVOBJ.dll
0x00007ffed4680000 - 0x00007ffed46ce000 	C:\Windows\System32\cfgmgr32.dll
0x00007ffeb5080000 - 0x00007ffeb50c6000 	C:\Windows\SYSTEM32\wdmaud.drv
0x00007ffecf4e0000 - 0x00007ffecf4e9000 	C:\Windows\SYSTEM32\ksuser.dll
0x00007ffeced00000 - 0x00007ffeced0a000 	C:\Windows\SYSTEM32\AVRT.dll
0x00007ffecce90000 - 0x00007ffecd011000 	C:\Windows\SYSTEM32\AUDIOSES.DLL
0x00007ffeb5070000 - 0x00007ffeb507d000 	C:\Windows\SYSTEM32\msacm32.drv
0x00007ffeb5050000 - 0x00007ffeb506e000 	C:\Windows\SYSTEM32\MSACM32.dll
0x00007ffeb5040000 - 0x00007ffeb504b000 	C:\Windows\SYSTEM32\midimap.dll
0x00007ffed1fb0000 - 0x00007ffed1fc4000 	C:\Windows\SYSTEM32\resourcepolicyclient.dll
0x00007ffeb1a60000 - 0x00007ffeb1c05000 	C:\Windows\WinSxS\amd64_microsoft.windows.gdiplus_6595b64144ccf1df_1.1.19041.4597_none_91a78020cc854124\gdiplus.dll
0x00007ffebfdd0000 - 0x00007ffebfec9000 	C:\Windows\SYSTEM32\textinputframework.dll
0x00007ffecea50000 - 0x00007ffeceb42000 	C:\Windows\System32\CoreMessaging.dll
0x00007ffece6e0000 - 0x00007ffecea3b000 	C:\Windows\System32\CoreUIComponents.dll
0x00007ffed37c0000 - 0x00007ffed37f3000 	C:\Windows\SYSTEM32\ntmarta.dll
0x00007ffed12c0000 - 0x00007ffed1417000 	C:\Windows\SYSTEM32\wintypes.dll
0x00007ffeb7e70000 - 0x00007ffeb8165000 	C:\Windows\System32\uiautomationcore.dll
0x00007ffed1880000 - 0x00007ffed1976000 	C:\Windows\System32\PROPSYS.dll
0x00007ffeb8170000 - 0x00007ffeb81d6000 	C:\Windows\System32\OLEACC.dll
0x00007ffebfed0000 - 0x00007ffec000f000 	C:\Windows\System32\Windows.UI.dll
0x00007ffebfc70000 - 0x00007ffebfdc2000 	C:\Windows\System32\InputHost.dll
0x00007ffecbdf0000 - 0x00007ffecbe91000 	C:\Windows\System32\WindowManagementAPI.dll
0x00007ffecb4a0000 - 0x00007ffecb6a3000 	C:\Windows\SYSTEM32\twinapi.appcore.dll

dbghelp: loaded successfully - version: 4.0.5 - missing functions: none
symbol engine: initialized successfully - sym options: 0x614 - pdb path: .;C:\Users\bader\.jdks\jbrsdk_jcef-17.0.9\bin;C:\Windows\SYSTEM32;C:\Windows\WinSxS\amd64_microsoft.windows.common-controls_6595b64144ccf1df_6.0.19041.4355_none_60b8b9eb71f62e16;C:\Users\bader\.jdks\jbrsdk_jcef-17.0.9\bin\server;C:\Program Files\JetBrains\IntelliJ IDEA Community Edition 2023.3.6\bin;C:\Windows\System32\DriverStore\FileRepository\iigd_dch.inf_amd64_5d54dd32fa1ef4d4;C:\Windows\WinSxS\amd64_microsoft.windows.gdiplus_6595b64144ccf1df_1.1.19041.4597_none_91a78020cc854124

VM Arguments:
jvm_args: -Xmx3072g -Xmx4096g -Dsun.java2d.opengl=true -XX:ErrorFile=logs/hs_err_pid%p.log -javaagent:C:\Program Files\JetBrains\IntelliJ IDEA Community Edition 2023.3.6\lib\idea_rt.jar=60643:C:\Program Files\JetBrains\IntelliJ IDEA Community Edition 2023.3.6\bin -Dfile.encoding=UTF-8 
java_command: net.sendback.Main
java_class_path (initial): C:\Users\bader\OneDrive\Bureau\Idea\GTS_PRojekt\target\classes
Launcher Type: SUN_STANDARD

[Global flags]
     intx CICompilerCount                          = 4                                         {product} {ergonomic}
     uint ConcGCThreads                            = 3                                         {product} {ergonomic}
    ccstr ErrorFile                                = logs/hs_err_pid%p.log                     {product} {command line}
     uint G1ConcRefinementThreads                  = 10                                        {product} {ergonomic}
   size_t G1HeapRegionSize                         = 33554432                                  {product} {ergonomic}
    uintx GCDrainStackTargetSize                   = 64                                        {product} {ergonomic}
   size_t InitialHeapSize                          = 268435456                                 {product} {ergonomic}
   size_t MarkStackSize                            = 4194304                                   {product} {ergonomic}
   size_t MaxHeapSize                              = 4398046511104                             {product} {command line}
   size_t MaxNewSize                               = 2638821195776                             {product} {ergonomic}
   size_t MinHeapDeltaBytes                        = 33554432                                  {product} {ergonomic}
   size_t MinHeapSize                              = 33554432                                  {product} {ergonomic}
    uintx NonNMethodCodeHeapSize                   = 5839372                                {pd product} {ergonomic}
    uintx NonProfiledCodeHeapSize                  = 122909434                              {pd product} {ergonomic}
    uintx ProfiledCodeHeapSize                     = 122909434                              {pd product} {ergonomic}
    uintx ReservedCodeCacheSize                    = 251658240                              {pd product} {ergonomic}
     bool SegmentedCodeCache                       = true                                      {product} {ergonomic}
   size_t SoftMaxHeapSize                          = 4398046511104                          {manageable} {ergonomic}
     bool UseCompressedClassPointers               = true                           {product lp64_product} {ergonomic}
     bool UseG1GC                                  = true                                      {product} {ergonomic}
     bool UseLargePagesIndividualAllocation        = false                                  {pd product} {ergonomic}

Logging:
Log output configuration:
 #0: stdout all=warning uptime,level,tags
 #1: stderr all=off uptime,level,tags

Environment Variables:
PATH=C:\Program Files\Common Files\Oracle\Java\javapath;C:\Windows\system32;C:\Windows;C:\Windows\System32\Wbem;C:\Windows\System32\WindowsPowerShell\v1.0\;C:\Windows\System32\OpenSSH\;C:\Program Files (x86)\NVIDIA Corporation\PhysX\Common;C:\Program Files\dotnet\;C:\Users\bader\AppData\Local\Microsoft\WindowsApps;C:\Users\bader\AppData\Local\GitHubDesktop\bin
USERNAME=bader
OS=Windows_NT
PROCESSOR_IDENTIFIER=Intel64 Family 6 Model 158 Stepping 10, GenuineIntel
TMP=C:\Users\bader\AppData\Local\Temp
TEMP=C:\Users\bader\AppData\Local\Temp



Periodic native trim disabled

JNI global refs:
JNI global refs: 132, weak refs: 172

JNI global refs memory usage: 2107, weak refs: 2105

OOME stack traces (most recent first):
Classloader memory used:
Loader bootstrap                                                                       : 2647K
Loader jdk.internal.loader.ClassLoaders$AppClassLoader                                 : 34478B
Loader jdk.internal.reflect.DelegatingClassLoader                                      : 5061B
Loader jdk.internal.loader.ClassLoaders$PlatformClassLoader                            : 764B


---------------  S Y S T E M  ---------------

OS:
 Windows 10 , 64 bit Build 19041 (10.0.19041.5072)
OS uptime: 18 days 7:28 hours

CPU: total 12 (initial active 12) (6 cores per cpu, 2 threads per core) family 6 model 158 stepping 10 microcode 0xf0, cx8, cmov, fxsr, ht, mmx, 3dnowpref, sse, sse2, sse3, ssse3, sse4.1, sse4.2, popcnt, lzcnt, tsc, tscinvbit, avx, avx2, aes, erms, clmul, bmi1, bmi2, adx, fma, vzeroupper, clflush, clflushopt
Processor Information for all 12 processors :
  Max Mhz: 2592, Current Mhz: 2592, Mhz Limit: 2592

Memory: 4k page, system-wide physical 16254M (2263M free)
TotalPageFile size 22380M (AvailPageFile size 2702M)
current process WorkingSet (physical memory assigned to process): 684M, peak: 700M
current process commit charge ("private bytes"): 1376M, peak: 1427M

vm_info: OpenJDK 64-Bit Server VM (17.0.9+8-b1166.2) for windows-amd64 JRE (17.0.9+8-b1166.2), built on 2024-01-13 by "builduser" with MS VC++ 16.10 / 16.11 (VS2019)

END.
