#
# A fatal error has been detected by the Java Runtime Environment:
#
#  EXCEPTION_ACCESS_VIOLATION (0xc0000005) at pc=0x00007ffe4f253c53, pid=8368, tid=11920
#
# JRE version: OpenJDK Runtime Environment JBR-17.0.9+8-1166.2-jcef (17.0.9+8) (build 17.0.9+8-b1166.2)
# Java VM: OpenJDK 64-Bit Server VM JBR-17.0.9+8-1166.2-jcef (17.0.9+8-b1166.2, mixed mode, tiered, compressed class ptrs, g1 gc, windows-amd64)
# Problematic frame:
# C  [ig9icd64.dll+0x9c3c53]
#
# No core dump will be written. Minidumps are not enabled by default on client versions of Windows
#
# If you would like to submit a bug report, please visit:
#   https://youtrack.jetbrains.com/issues/JBR
# The crash happened outside the Java Virtual Machine in native code.
# See problematic frame for where to report the bug.
#

---------------  S U M M A R Y ------------

Command Line: -Xmx3072g -Xmx4096g -Dsun.java2d.opengl=true -XX:ErrorFile=logs/hs_err_pid%p.log -javaagent:C:\Program Files\JetBrains\IntelliJ IDEA Community Edition 2023.3.6\lib\idea_rt.jar=63189:C:\Program Files\JetBrains\IntelliJ IDEA Community Edition 2023.3.6\bin -Dfile.encoding=UTF-8 net.sendback.Main

Host: Intel(R) Core(TM) i7-9750H CPU @ 2.60GHz, 12 cores, 15G,  Windows 10 , 64 bit Build 19041 (10.0.19041.5072)
Time: Sun Nov  3 21:43:43 2024 Mitteleuropäische Zeit elapsed time: 6.525715 seconds (0d 0h 0m 6s)

---------------  T H R E A D  ---------------

Current thread (0x00000590b936fb50):  JavaThread "Java2D Queue Flusher" daemon [_thread_in_native, id=11920, stack(0x0000001062a00000,0x0000001062b00000)]

Stack: [0x0000001062a00000,0x0000001062b00000],  sp=0x0000001062afede8,  free space=1019k
Native frames: (J=compiled Java code, j=interpreted, Vv=VM code, C=native code)
C  [ig9icd64.dll+0x9c3c53]

Java frames: (J=compiled Java code, j=interpreted, Vv=VM code)
j  sun.java2d.opengl.OGLRenderQueue.flushBuffer(JI)V+0 java.desktop
j  sun.java2d.opengl.OGLRenderQueue.flushBuffer()V+21 java.desktop
j  sun.java2d.opengl.OGLRenderQueue$QueueFlusher.run()V+81 java.desktop
j  java.lang.Thread.run()V+11 java.base@17.0.9
v  ~StubRoutines::call_stub

siginfo: EXCEPTION_ACCESS_VIOLATION (0xc0000005), reading address 0xffffffffffffffff


Registers:
RAX=0x000000000fff0fff, RBX=0x00007ffe4e890000, RCX=0x000000033fcf3fcc, RDX=0x0000001062aff300
RSP=0x0000001062afede8, RBP=0x0000001062afeef0, RSI=0x00000590bf0d1a00, RDI=0x0000001062aff0f0
R8 =0x0000001062afef20, R9 =0x0000001062aff300, R10=0x0000001062aff0f0, R11=0x0000000000000000
R12=0x00007ffe4f6ba420, R13=0x0000000000000000, R14=0x0000000000000000, R15=0x00000000000001c1
RIP=0x00007ffe4f253c53, EFLAGS=0x0000000000010206


Register to memory mapping:

RIP=0x00007ffe4f253c53 ig9icd64.dll
RAX=0x000000000fff0fff is an unknown value
RBX=0x00007ffe4e890000 ig9icd64.dll
RCX=0x000000033fcf3fcc is an unknown value
RDX=0x0000001062aff300 is pointing into the stack for thread: 0x00000590b936fb50
RSP=0x0000001062afede8 is pointing into the stack for thread: 0x00000590b936fb50
RBP=0x0000001062afeef0 is pointing into the stack for thread: 0x00000590b936fb50
RSI=0x00000590bf0d1a00 points into unknown readable memory: 0x00000590b939d7c0 | c0 d7 39 b9 90 05 00 00
RDI=0x0000001062aff0f0 is pointing into the stack for thread: 0x00000590b936fb50
R8 =0x0000001062afef20 is pointing into the stack for thread: 0x00000590b936fb50
R9 =0x0000001062aff300 is pointing into the stack for thread: 0x00000590b936fb50
R10=0x0000001062aff0f0 is pointing into the stack for thread: 0x00000590b936fb50
R11=0x0 is NULL
R12=0x00007ffe4f6ba420 ig9icd64.dll
R13=0x0 is NULL
R14=0x0 is NULL
R15=0x00000000000001c1 is an unknown value


Top of Stack: (sp=0x0000001062afede8)
0x0000001062afede8:   00007ffe4f25138b 0000000000000001
0x0000001062afedf8:   0000000000000000 00000590c5acca00
0x0000001062afee08:   00007ffec7a82572 0000001000000065
0x0000001062afee18:   0000001062aff020 0000000000000000
0x0000001062afee28:   00000590bfc732b0 0000000000000000
0x0000001062afee38:   00000590bfc68640 00000590c5accaa0
0x0000001062afee48:   0000000000000fb0 0000000000000000
0x0000001062afee58:   0000000000000000 0000001062afefd0
0x0000001062afee68:   00007ffe4eee9070 0000000000000000
0x0000001062afee78:   0000000000000000 0000000000000000
0x0000001062afee88:   0000000000000000 000068299a7a8b6d
0x0000001062afee98:   00007ffe4e8a64e5 00000590c5accaa0
0x0000001062afeea8:   0000000000004001 0000000000000200
0x0000001062afeeb8:   00007ffed6ebb86b 00000000014f01ad
0x0000001062afeec8:   0000000000000079 00000590bf905ab0
0x0000001062afeed8:   0000000000000000 0000000000000000
0x0000001062afeee8:   00007ffe4f251c62 0000000000000000
0x0000001062afeef8:   0000016a8f651140 0000001062aff1f0
0x0000001062afef08:   0000016a8f650000 0000016a8f6502b4
0x0000001062afef18:   00000590bfc732b0 00007ffe4f55f020
0x0000001062afef28:   0000000e00000000 0000001a00000018
0x0000001062afef38:   00000fff00000000 437f0000437f0000
0x0000001062afef48:   437f0000437f0000 0000ff0000ff0000
0x0000001062afef58:   ff000000000000ff 0000000800000010
0x0000001062afef68:   0000001800000000 0000000000000000
0x0000001062afef78:   0000000000000000 0000000000000000
0x0000001062afef88:   0000000000000000 0000000000000000
0x0000001062afef98:   0000000000000000 0000000000000000
0x0000001062afefa8:   0000000000000000 0000000000000000
0x0000001062afefb8:   0000000000000000 0000000000000000
0x0000001062afefc8:   0000000000000000 0000000000000000
0x0000001062afefd8:   0000000000000000 0000000000000000 

Instructions: (pc=0x00007ffe4f253c53)
0x00007ffe4f253b53:   a1 b6 30 00 48 89 51 08 48 89 01 8b 44 24 28 89
0x00007ffe4f253b63:   41 20 8b 44 24 30 89 41 24 48 8b c1 4c 89 41 10
0x00007ffe4f253b73:   4c 89 49 18 c3 cc cc cc cc cc cc cc cc 48 89 5c
0x00007ffe4f253b83:   24 08 8b 41 5c 48 8d 1d 71 c4 63 ff 41 89 40 08
0x00007ffe4f253b93:   4c 8b d1 8b 41 60 45 33 db 41 89 40 0c 4c 8b ca
0x00007ffe4f253ba3:   8b 41 64 41 89 40 10 8b 41 68 41 89 40 14 8b 41
0x00007ffe4f253bb3:   6c 41 89 40 18 8b 41 70 41 89 40 1c 48 63 41 74
0x00007ffe4f253bc3:   48 6b c8 34 8b 84 19 84 5f ee 00 41 89 40 20 8b
0x00007ffe4f253bd3:   84 19 88 5f ee 00 41 89 40 24 8b 84 19 8c 5f ee
0x00007ffe4f253be3:   00 41 89 40 28 8b 84 19 90 5f ee 00 41 89 40 2c
0x00007ffe4f253bf3:   8b 84 19 74 5f ee 00 41 89 40 30 8b 84 19 78 5f
0x00007ffe4f253c03:   ee 00 41 89 40 34 8b 84 19 7c 5f ee 00 41 89 40
0x00007ffe4f253c13:   38 8b 84 19 80 5f ee 00 41 89 40 3c 8b 84 19 64
0x00007ffe4f253c23:   5f ee 00 41 89 40 40 8b 84 19 68 5f ee 00 41 89
0x00007ffe4f253c33:   40 44 8b 84 19 6c 5f ee 00 41 89 40 48 8b 84 19
0x00007ffe4f253c43:   70 5f ee 00 41 89 40 4c 49 63 42 78 48 6b c8 34
0x00007ffe4f253c53:   8b 84 19 84 5f ee 00 41 89 40 50 8b 84 19 88 5f
0x00007ffe4f253c63:   ee 00 41 89 40 54 8b 84 19 8c 5f ee 00 41 89 40
0x00007ffe4f253c73:   58 8b 84 19 90 5f ee 00 41 89 40 5c 8b 84 19 74
0x00007ffe4f253c83:   5f ee 00 41 89 40 60 8b 84 19 78 5f ee 00 41 89
0x00007ffe4f253c93:   40 64 8b 84 19 7c 5f ee 00 41 89 40 68 8b 84 19
0x00007ffe4f253ca3:   80 5f ee 00 41 89 40 6c 8b 84 19 64 5f ee 00 41
0x00007ffe4f253cb3:   89 40 70 8b 84 19 68 5f ee 00 41 89 40 74 8b 84
0x00007ffe4f253cc3:   19 6c 5f ee 00 41 89 40 78 8b 84 19 70 5f ee 00
0x00007ffe4f253cd3:   41 89 40 7c 48 8b 42 18 8b 88 38 0b 00 00 f6 c1
0x00007ffe4f253ce3:   08 0f 84 86 00 00 00 8b 80 3c 0b 00 00 41 89 80
0x00007ffe4f253cf3:   80 00 00 00 48 8b 42 18 8b 88 40 0b 00 00 41 89
0x00007ffe4f253d03:   88 84 00 00 00 48 8b 42 18 8b 88 44 0b 00 00 41
0x00007ffe4f253d13:   89 88 88 00 00 00 48 8b 42 18 8b 88 48 0b 00 00
0x00007ffe4f253d23:   41 89 88 8c 00 00 00 48 8b 42 18 8b 88 4c 0b 00
0x00007ffe4f253d33:   00 41 89 88 90 00 00 00 48 8b 42 18 8b 88 50 0b
0x00007ffe4f253d43:   00 00 41 89 88 94 00 00 00 48 8b 42 18 8b 88 54 


Stack slot to memory mapping:
stack at sp + 0 slots: 0x00007ffe4f25138b ig9icd64.dll
stack at sp + 1 slots: 0x0000000000000001 is an unknown value
stack at sp + 2 slots: 0x0 is NULL
stack at sp + 3 slots: 0x00000590c5acca00 points into unknown readable memory: 0x0000000000000000 | 00 00 00 00 00 00 00 00
stack at sp + 4 slots: 0x00007ffec7a82572 igdgmm64.dll
stack at sp + 5 slots: 0x0000001000000065 is an unknown value
stack at sp + 6 slots: 0x0000001062aff020 is pointing into the stack for thread: 0x00000590b936fb50
stack at sp + 7 slots: 0x0 is NULL


---------------  P R O C E S S  ---------------

Threads class SMR info:
_java_thread_list=0x00000590bff47240, length=27, elements={
0x00000590b442ac60, 0x00000590b442bae0, 0x00000590b4479da0, 0x00000590b448b9a0,
0x00000590b448e370, 0x00000590b448ed30, 0x00000590b4491a30, 0x00000590b44924e0,
0x00000590b4494ef0, 0x00000590b4591bb0, 0x00000590b9185490, 0x00000590b9185970,
0x00000590b936fb50, 0x00000590bf4129a0, 0x00000590bf1cdc10, 0x00000590bf727f60,
0x00000590bf89b770, 0x00000590bf8a0f70, 0x00000590bf8a2dd0, 0x00000590bf8a23b0,
0x00000590bf89f620, 0x00000590bf89fb30, 0x00000590bf8a0040, 0x00000590bf8a28c0,
0x00000590bf8a1ea0, 0x00000590bfcaa190, 0x00000590bfca7910
}

Java Threads: ( => current thread )
  0x00000590b442ac60 JavaThread "Reference Handler" daemon [_thread_blocked, id=32524, stack(0x0000001061c00000,0x0000001061d00000)]
  0x00000590b442bae0 JavaThread "Finalizer" daemon [_thread_blocked, id=19292, stack(0x0000001061d00000,0x0000001061e00000)]
  0x00000590b4479da0 JavaThread "Signal Dispatcher" daemon [_thread_blocked, id=12336, stack(0x0000001061e00000,0x0000001061f00000)]
  0x00000590b448b9a0 JavaThread "Attach Listener" daemon [_thread_blocked, id=9240, stack(0x0000001061f00000,0x0000001062000000)]
  0x00000590b448e370 JavaThread "Service Thread" daemon [_thread_blocked, id=6844, stack(0x0000001062000000,0x0000001062100000)]
  0x00000590b448ed30 JavaThread "Monitor Deflation Thread" daemon [_thread_blocked, id=12380, stack(0x0000001062100000,0x0000001062200000)]
  0x00000590b4491a30 JavaThread "C2 CompilerThread0" daemon [_thread_blocked, id=22264, stack(0x0000001062200000,0x0000001062300000)]
  0x00000590b44924e0 JavaThread "C1 CompilerThread0" daemon [_thread_blocked, id=10192, stack(0x0000001062300000,0x0000001062400000)]
  0x00000590b4494ef0 JavaThread "Sweeper thread" daemon [_thread_blocked, id=17336, stack(0x0000001062400000,0x0000001062500000)]
  0x00000590b4591bb0 JavaThread "Common-Cleaner" daemon [_thread_blocked, id=2704, stack(0x0000001062500000,0x0000001062600000)]
  0x00000590b9185490 JavaThread "Monitor Ctrl-Break" daemon [_thread_in_native, id=21608, stack(0x0000001062700000,0x0000001062800000)]
  0x00000590b9185970 JavaThread "Notification Thread" daemon [_thread_blocked, id=30132, stack(0x0000001062800000,0x0000001062900000)]
=>0x00000590b936fb50 JavaThread "Java2D Queue Flusher" daemon [_thread_in_native, id=11920, stack(0x0000001062a00000,0x0000001062b00000)]
  0x00000590bf4129a0 JavaThread "Java2D Disposer" daemon [_thread_blocked, id=19628, stack(0x0000001062600000,0x0000001062700000)]
  0x00000590bf1cdc10 JavaThread "AWT-Windows" daemon [_thread_in_native, id=18380, stack(0x0000001063100000,0x0000001063200000)]
  0x00000590bf727f60 JavaThread "Java Sound Event Dispatcher" daemon [_thread_blocked, id=27804, stack(0x0000001063c00000,0x0000001063d00000)]
  0x00000590bf89b770 JavaThread "Direct Clip" daemon [_thread_blocked, id=17128, stack(0x0000001063f00000,0x0000001064000000)]
  0x00000590bf8a0f70 JavaThread "Direct Clip" daemon [_thread_blocked, id=18668, stack(0x0000001064000000,0x0000001064100000)]
  0x00000590bf8a2dd0 JavaThread "Direct Clip" daemon [_thread_blocked, id=9340, stack(0x0000001064100000,0x0000001064200000)]
  0x00000590bf8a23b0 JavaThread "Direct Clip" daemon [_thread_blocked, id=26844, stack(0x0000001064200000,0x0000001064300000)]
  0x00000590bf89f620 JavaThread "Direct Clip" daemon [_thread_blocked, id=22828, stack(0x0000001064300000,0x0000001064400000)]
  0x00000590bf89fb30 JavaThread "AWT-Shutdown" [_thread_blocked, id=22860, stack(0x0000001064400000,0x0000001064500000)]
  0x00000590bf8a0040 JavaThread "AWT-EventQueue-0" [_thread_blocked, id=27736, stack(0x0000001064d00000,0x0000001064e00000)]
  0x00000590bf8a28c0 JavaThread "DestroyJavaVM" [_thread_blocked, id=21532, stack(0x0000001061500000,0x0000001061600000)]
  0x00000590bf8a1ea0 JavaThread "Thread-0" [_thread_blocked, id=2468, stack(0x0000001065100000,0x0000001065200000)]
  0x00000590bfcaa190 JavaThread "Test" [_thread_in_vm, id=10216, stack(0x0000001065200000,0x0000001065300000)]
  0x00000590bfca7910 JavaThread "ToolkitShutdown" daemon [_thread_in_native, id=28684, stack(0x0000001065700000,0x0000001065800000)]

Other Threads:
  0x00000590b4450120 VMThread "VM Thread" [stack: 0x0000001061b00000,0x0000001061c00000] [id=13032]
  0x00000590b9186ae0 WatcherThread [stack: 0x0000001062900000,0x0000001062a00000] [id=19008]
  0x0000016a918db0c0 GCTaskThread "GC Thread#0" [stack: 0x0000001061600000,0x0000001061700000] [id=7596]
  0x00000590bf76b550 GCTaskThread "GC Thread#1" [stack: 0x0000001063200000,0x0000001063300000] [id=22716]
  0x00000590bf6ea820 GCTaskThread "GC Thread#2" [stack: 0x0000001063300000,0x0000001063400000] [id=15536]
  0x00000590bf5306b0 GCTaskThread "GC Thread#3" [stack: 0x0000001063400000,0x0000001063500000] [id=17788]
  0x00000590bf530d80 GCTaskThread "GC Thread#4" [stack: 0x0000001063500000,0x0000001063600000] [id=19624]
  0x00000590bf5320f0 GCTaskThread "GC Thread#5" [stack: 0x0000001063600000,0x0000001063700000] [id=30284]
  0x00000590bf734260 GCTaskThread "GC Thread#6" [stack: 0x0000001063700000,0x0000001063800000] [id=17064]
  0x00000590bf734b40 GCTaskThread "GC Thread#7" [stack: 0x0000001063800000,0x0000001063900000] [id=22960]
  0x00000590bf737020 GCTaskThread "GC Thread#8" [stack: 0x0000001063900000,0x0000001063a00000] [id=21880]
  0x00000590bf7372e0 GCTaskThread "GC Thread#9" [stack: 0x0000001063a00000,0x0000001063b00000] [id=7528]
  0x0000016a918dc780 ConcurrentGCThread "G1 Main Marker" [stack: 0x0000001061700000,0x0000001061800000] [id=7200]
  0x0000016a918dd1a0 ConcurrentGCThread "G1 Conc#0" [stack: 0x0000001061800000,0x0000001061900000] [id=29780]
  0x00000590bfa5ecb0 ConcurrentGCThread "G1 Conc#1" [stack: 0x0000001065400000,0x0000001065500000] [id=25264]
  0x00000590bff9a510 ConcurrentGCThread "G1 Conc#2" [stack: 0x0000001065500000,0x0000001065600000] [id=1848]
  0x0000016aa4ae9790 ConcurrentGCThread "G1 Refine#0" [stack: 0x0000001061900000,0x0000001061a00000] [id=24748]
  0x00000590bf495060 ConcurrentGCThread "G1 Refine#1" [stack: 0x0000001063000000,0x0000001063100000] [id=27800]
  0x00000590bf680ef0 ConcurrentGCThread "G1 Refine#2" [stack: 0x0000001064500000,0x0000001064600000] [id=26300]
  0x00000590bf6821f0 ConcurrentGCThread "G1 Refine#3" [stack: 0x0000001064600000,0x0000001064700000] [id=8412]
  0x00000590bf6824e0 ConcurrentGCThread "G1 Refine#4" [stack: 0x0000001064700000,0x0000001064800000] [id=10328]
  0x00000590bf6827d0 ConcurrentGCThread "G1 Refine#5" [stack: 0x0000001064800000,0x0000001064900000] [id=15372]
  0x00000590bf89e490 ConcurrentGCThread "G1 Refine#6" [stack: 0x0000001064900000,0x0000001064a00000] [id=17688]
  0x00000590bf89e780 ConcurrentGCThread "G1 Refine#7" [stack: 0x0000001064a00000,0x0000001064b00000] [id=28268]
  0x00000590bf89ea70 ConcurrentGCThread "G1 Refine#8" [stack: 0x0000001064b00000,0x0000001064c00000] [id=18956]
  0x00000590bf89f170 ConcurrentGCThread "G1 Refine#9" [stack: 0x0000001064c00000,0x0000001064d00000] [id=29416]
  0x0000016aa4aea1c0 ConcurrentGCThread "G1 Service" [stack: 0x0000001061a00000,0x0000001061b00000] [id=26276]

Threads with active compile tasks:

VM state: not at safepoint (normal execution)

VM Mutex/Monitor currently owned by a thread: None

CDS archive(s) not mapped
Compressed class space mapped at: 0x0000000080000000-0x00000000c0000000, reserved size: 1073741824
Narrow klass base: 0x0000000000000000, Narrow klass shift: 0, Narrow klass range: 0xc0000000

GC Precious Log:
 CPUs: 12 total, 12 available
 Memory: 16254M
 Large Page Support: Disabled
 NUMA Support: Disabled
 Compressed Oops: Disabled
 Heap Region Size: 32M
 Heap Min Capacity: 32M
 Heap Initial Capacity: 256M
 Heap Max Capacity: 4096G
 Pre-touch: Disabled
 Parallel Workers: 10
 Concurrent Workers: 3
 Concurrent Refinement Workers: 10
 Periodic GC: Disabled

Heap:
 garbage-first heap   total 524288K, used 214615K [0x0000016aa6000000, 0x0000056aa6000000)
  region size 32768K, 2 young (65536K), 1 survivors (32768K)
 Metaspace       used 21268K, committed 21568K, reserved 1114112K
  class space    used 2176K, committed 2304K, reserved 1048576K

Heap Regions: E=young(eden), S=young(survivor), O=old, HS=humongous(starts), HC=humongous(continues), CS=collection set, F=free, OA=open archive, CA=closed archive, TAMS=top-at-mark-start (previous, next)
|   0|0x0000016aa6000000, 0x0000016aa8000000, 0x0000016aa8000000|100%| O|  |TAMS 0x0000016aa8000000, 0x0000016aa6000000| Complete 
|   1|0x0000016aa8000000, 0x0000016aaa000000, 0x0000016aaa000000|100%|HS|  |TAMS 0x0000016aaa000000, 0x0000016aa8000000| Complete 
|   2|0x0000016aaa000000, 0x0000016aac000000, 0x0000016aac000000|100%| O|  |TAMS 0x0000016aac000000, 0x0000016aaa000000| Untracked 
|   3|0x0000016aac000000, 0x0000016aae000000, 0x0000016aae000000|100%| O|  |TAMS 0x0000016aae000000, 0x0000016aac000000| Untracked 
|   4|0x0000016aae000000, 0x0000016ab0000000, 0x0000016ab0000000|100%| O|  |TAMS 0x0000016aaff96a00, 0x0000016aae000000| Untracked 
|   5|0x0000016ab0000000, 0x0000016ab1f12200, 0x0000016ab2000000| 97%| O|  |TAMS 0x0000016ab0000000, 0x0000016ab0000000| Untracked 
|   6|0x0000016ab2000000, 0x0000016ab2000000, 0x0000016ab4000000|  0%| F|  |TAMS 0x0000016ab2000000, 0x0000016ab2000000| Untracked 
|   7|0x0000016ab4000000, 0x0000016ab4000000, 0x0000016ab6000000|  0%| F|  |TAMS 0x0000016ab4000000, 0x0000016ab4000000| Untracked 
|   8|0x0000016ab6000000, 0x0000016ab6000000, 0x0000016ab8000000|  0%| F|  |TAMS 0x0000016ab6000000, 0x0000016ab6000000| Untracked 
|   9|0x0000016ab8000000, 0x0000016ab8000000, 0x0000016aba000000|  0%| F|  |TAMS 0x0000016ab8000000, 0x0000016ab8000000| Untracked 
|  10|0x0000016aba000000, 0x0000016aba000000, 0x0000016abc000000|  0%| F|  |TAMS 0x0000016aba000000, 0x0000016aba000000| Untracked 
|  11|0x0000016abc000000, 0x0000016abc000000, 0x0000016abe000000|  0%| F|  |TAMS 0x0000016abc000000, 0x0000016abc000000| Untracked 
|  12|0x0000016abe000000, 0x0000016abe000000, 0x0000016ac0000000|  0%| F|  |TAMS 0x0000016abe000000, 0x0000016abe000000| Untracked 
|  13|0x0000016ac0000000, 0x0000016ac0000000, 0x0000016ac2000000|  0%| F|  |TAMS 0x0000016ac0000000, 0x0000016ac0000000| Untracked 
|  14|0x0000016ac2000000, 0x0000016ac3283c20, 0x0000016ac4000000| 57%| S|CS|TAMS 0x0000016ac2000000, 0x0000016ac2000000| Complete 
|  15|0x0000016ac4000000, 0x0000016ac457d088, 0x0000016ac6000000| 17%| E|  |TAMS 0x0000016ac4000000, 0x0000016ac4000000| Complete 

Card table byte_map: [0x0000056cae010000,0x0000056eae010000] _byte_map_base: 0x0000056bf8ae0000

Marking Bits (Prev, Next): (CMBitMap*) 0x0000016a918db720, (CMBitMap*) 0x0000016a918db6e0
 Prev Bits: [0x00000580ae010000, 0x00000590ae010000)
 Next Bits: [0x00000570ae010000, 0x00000580ae010000)

Polling page: 0x0000016a8f750000

Metaspace:

Usage:
  Non-class:     18.64 MB used.
      Class:      2.13 MB used.
       Both:     20.77 MB used.

Virtual space:
  Non-class space:       64.00 MB reserved,      18.81 MB ( 29%) committed,  1 nodes.
      Class space:        1.00 GB reserved,       2.25 MB ( <1%) committed,  1 nodes.
             Both:        1.06 GB reserved,      21.06 MB (  2%) committed. 

Chunk freelists:
   Non-Class:  12.98 MB
       Class:  13.74 MB
        Both:  26.72 MB

MaxMetaspaceSize: unlimited
CompressedClassSpaceSize: 1.00 GB
Initial GC threshold: 21.00 MB
Current GC threshold: 35.12 MB
CDS: off
MetaspaceReclaimPolicy: balanced
 - commit_granule_bytes: 65536.
 - commit_granule_words: 8192.
 - virtual_space_node_default_size: 8388608.
 - enlarge_chunks_in_place: 1.
 - new_chunks_are_fully_committed: 0.
 - uncommit_free_chunks: 1.
 - use_allocation_guard: 0.
 - handle_deallocations: 1.


Internal statistics:

num_allocs_failed_limit: 3.
num_arena_births: 238.
num_arena_deaths: 0.
num_vsnodes_births: 2.
num_vsnodes_deaths: 0.
num_space_committed: 337.
num_space_uncommitted: 0.
num_chunks_returned_to_freelist: 3.
num_chunks_taken_from_freelist: 356.
num_chunk_merges: 0.
num_chunk_splits: 202.
num_chunks_enlarged: 105.
num_inconsistent_stats: 0.

CodeHeap 'non-profiled nmethods': size=120000Kb used=808Kb max_used=808Kb free=119191Kb
 bounds [0x0000016a9cea0000, 0x0000016a9d110000, 0x0000016aa43d0000]
CodeHeap 'profiled nmethods': size=120000Kb used=3989Kb max_used=3989Kb free=116010Kb
 bounds [0x0000016a953d0000, 0x0000016a957c0000, 0x0000016a9c900000]
CodeHeap 'non-nmethods': size=5760Kb used=1310Kb max_used=1339Kb free=4449Kb
 bounds [0x0000016a9c900000, 0x0000016a9cb70000, 0x0000016a9cea0000]
 total_blobs=2805 nmethods=2155 adapters=563
 compilation: enabled
              stopped_count=0, restarted_count=0
 full_count=0

Compilation events (20 events):
Event: 6.306 Thread 0x00000590b44924e0 2146       3       jdk.internal.misc.Unsafe::putFloat (8 bytes)
Event: 6.306 Thread 0x00000590b44924e0 nmethod 2146 0x0000016a957b3310 code [0x0000016a957b34a0, 0x0000016a957b35b8]
Event: 6.408 Thread 0x00000590b44924e0 2147       1       sun.awt.image.SunVolatileImage::getWidth (5 bytes)
Event: 6.408 Thread 0x00000590b44924e0 nmethod 2147 0x0000016a9cf69a90 code [0x0000016a9cf69c20, 0x0000016a9cf69cf8]
Event: 6.408 Thread 0x00000590b44924e0 2148       1       sun.awt.image.SunVolatileImage::getHeight (5 bytes)
Event: 6.408 Thread 0x00000590b44924e0 nmethod 2148 0x0000016a9cf69d90 code [0x0000016a9cf69f20, 0x0000016a9cf69ff8]
Event: 6.460 Thread 0x00000590b44924e0 2149       3       java.awt.Component::getBackground (29 bytes)
Event: 6.460 Thread 0x00000590b44924e0 nmethod 2149 0x0000016a957b3690 code [0x0000016a957b3840, 0x0000016a957b3ae8]
Event: 6.467 Thread 0x00000590b44924e0 2150       3       java.util.concurrent.ConcurrentHashMap::values (25 bytes)
Event: 6.468 Thread 0x00000590b44924e0 nmethod 2150 0x0000016a957b3b90 code [0x0000016a957b3d40, 0x0000016a957b40d8]
Event: 6.468 Thread 0x00000590b44924e0 2151       3       java.util.concurrent.ConcurrentHashMap$ValuesView::iterator (34 bytes)
Event: 6.468 Thread 0x00000590b44924e0 nmethod 2151 0x0000016a957b4210 code [0x0000016a957b43c0, 0x0000016a957b45e8]
Event: 6.494 Thread 0x00000590b44924e0 2152       3       java.awt.Component::getFont (5 bytes)
Event: 6.494 Thread 0x00000590b4491a30 2154       4       sun.java2d.pipe.RenderQueue::ensureCapacity (16 bytes)
Event: 6.495 Thread 0x00000590b44924e0 nmethod 2152 0x0000016a957b4710 code [0x0000016a957b48e0, 0x0000016a957b4c28]
Event: 6.495 Thread 0x00000590b44924e0 2153       3       sun.java2d.pipe.Region::clipRound (34 bytes)
Event: 6.495 Thread 0x00000590b44924e0 nmethod 2153 0x0000016a957b4d90 code [0x0000016a957b4f80, 0x0000016a957b5228]
Event: 6.495 Thread 0x00000590b4491a30 nmethod 2154 0x0000016a9cf6a090 code [0x0000016a9cf6a200, 0x0000016a9cf6a298]
Event: 6.511 Thread 0x00000590b44924e0 2155       3       sun.java2d.pipe.Region::isRectangular (13 bytes)
Event: 6.511 Thread 0x00000590b44924e0 nmethod 2155 0x0000016a957b5310 code [0x0000016a957b54a0, 0x0000016a957b5618]

GC Heap History (18 events):
Event: 1.123 GC heap before
{Heap before GC invocations=0 (full 0):
 garbage-first heap   total 262144K, used 0K [0x0000016aa6000000, 0x0000056aa6000000)
  region size 32768K, 1 young (32768K), 0 survivors (0K)
 Metaspace       used 16489K, committed 16704K, reserved 1114112K
  class space    used 1552K, committed 1664K, reserved 1048576K
}
Event: 1.134 GC heap after
{Heap after GC invocations=1 (full 0):
 garbage-first heap   total 262144K, used 6154K [0x0000016aa6000000, 0x0000056aa6000000)
  region size 32768K, 1 young (32768K), 1 survivors (32768K)
 Metaspace       used 16489K, committed 16704K, reserved 1114112K
  class space    used 1552K, committed 1664K, reserved 1048576K
}
Event: 1.248 GC heap before
{Heap before GC invocations=1 (full 0):
 garbage-first heap   total 262144K, used 6154K [0x0000016aa6000000, 0x0000056aa6000000)
  region size 32768K, 2 young (65536K), 1 survivors (32768K)
 Metaspace       used 16511K, committed 16768K, reserved 1114112K
  class space    used 1552K, committed 1664K, reserved 1048576K
}
Event: 1.257 GC heap after
{Heap after GC invocations=2 (full 0):
 garbage-first heap   total 262144K, used 15438K [0x0000016aa6000000, 0x0000056aa6000000)
  region size 32768K, 1 young (32768K), 1 survivors (32768K)
 Metaspace       used 16511K, committed 16768K, reserved 1114112K
  class space    used 1552K, committed 1664K, reserved 1048576K
}
Event: 1.570 GC heap before
{Heap before GC invocations=2 (full 0):
 garbage-first heap   total 262144K, used 48206K [0x0000016aa6000000, 0x0000056aa6000000)
  region size 32768K, 2 young (65536K), 1 survivors (32768K)
 Metaspace       used 16519K, committed 16768K, reserved 1114112K
  class space    used 1552K, committed 1664K, reserved 1048576K
}
Event: 1.581 GC heap after
{Heap after GC invocations=3 (full 0):
 garbage-first heap   total 262144K, used 31232K [0x0000016aa6000000, 0x0000056aa6000000)
  region size 32768K, 1 young (32768K), 1 survivors (32768K)
 Metaspace       used 16519K, committed 16768K, reserved 1114112K
  class space    used 1552K, committed 1664K, reserved 1048576K
}
Event: 1.610 GC heap before
{Heap before GC invocations=3 (full 0):
 garbage-first heap   total 262144K, used 31232K [0x0000016aa6000000, 0x0000056aa6000000)
  region size 32768K, 2 young (65536K), 1 survivors (32768K)
 Metaspace       used 16519K, committed 16768K, reserved 1114112K
  class space    used 1552K, committed 1664K, reserved 1048576K
}
Event: 1.623 GC heap after
{Heap after GC invocations=4 (full 0):
 garbage-first heap   total 262144K, used 47400K [0x0000016aa6000000, 0x0000056aa6000000)
  region size 32768K, 1 young (32768K), 1 survivors (32768K)
 Metaspace       used 16519K, committed 16768K, reserved 1114112K
  class space    used 1552K, committed 1664K, reserved 1048576K
}
Event: 1.789 GC heap before
{Heap before GC invocations=4 (full 0):
 garbage-first heap   total 262144K, used 80168K [0x0000016aa6000000, 0x0000056aa6000000)
  region size 32768K, 2 young (65536K), 1 survivors (32768K)
 Metaspace       used 16870K, committed 17088K, reserved 1114112K
  class space    used 1604K, committed 1664K, reserved 1048576K
}
Event: 1.800 GC heap after
{Heap after GC invocations=5 (full 0):
 garbage-first heap   total 262144K, used 88971K [0x0000016aa6000000, 0x0000056aa6000000)
  region size 32768K, 1 young (32768K), 1 survivors (32768K)
 Metaspace       used 16870K, committed 17088K, reserved 1114112K
  class space    used 1604K, committed 1664K, reserved 1048576K
}
Event: 1.823 GC heap before
{Heap before GC invocations=5 (full 0):
 garbage-first heap   total 262144K, used 88971K [0x0000016aa6000000, 0x0000056aa6000000)
  region size 32768K, 2 young (65536K), 1 survivors (32768K)
 Metaspace       used 16873K, committed 17088K, reserved 1114112K
  class space    used 1604K, committed 1664K, reserved 1048576K
}
Event: 1.836 GC heap after
{Heap after GC invocations=6 (full 0):
 garbage-first heap   total 524288K, used 123551K [0x0000016aa6000000, 0x0000056aa6000000)
  region size 32768K, 1 young (32768K), 1 survivors (32768K)
 Metaspace       used 16873K, committed 17088K, reserved 1114112K
  class space    used 1604K, committed 1664K, reserved 1048576K
}
Event: 2.087 GC heap before
{Heap before GC invocations=6 (full 0):
 garbage-first heap   total 524288K, used 156319K [0x0000016aa6000000, 0x0000056aa6000000)
  region size 32768K, 2 young (65536K), 1 survivors (32768K)
 Metaspace       used 16968K, committed 17152K, reserved 1114112K
  class space    used 1619K, committed 1728K, reserved 1048576K
}
Event: 2.100 GC heap after
{Heap after GC invocations=7 (full 0):
 garbage-first heap   total 524288K, used 155393K [0x0000016aa6000000, 0x0000056aa6000000)
  region size 32768K, 1 young (32768K), 1 survivors (32768K)
 Metaspace       used 16968K, committed 17152K, reserved 1114112K
  class space    used 1619K, committed 1728K, reserved 1048576K
}
Event: 2.458 GC heap before
{Heap before GC invocations=7 (full 0):
 garbage-first heap   total 524288K, used 188161K [0x0000016aa6000000, 0x0000056aa6000000)
  region size 32768K, 2 young (65536K), 1 survivors (32768K)
 Metaspace       used 16983K, committed 17216K, reserved 1114112K
  class space    used 1621K, committed 1728K, reserved 1048576K
}
Event: 2.476 GC heap after
{Heap after GC invocations=8 (full 0):
 garbage-first heap   total 524288K, used 196186K [0x0000016aa6000000, 0x0000056aa6000000)
  region size 32768K, 1 young (32768K), 1 survivors (32768K)
 Metaspace       used 16983K, committed 17216K, reserved 1114112K
  class space    used 1621K, committed 1728K, reserved 1048576K
}
Event: 5.425 GC heap before
{Heap before GC invocations=8 (full 0):
 garbage-first heap   total 524288K, used 196186K [0x0000016aa6000000, 0x0000056aa6000000)
  region size 32768K, 2 young (65536K), 1 survivors (32768K)
 Metaspace       used 21246K, committed 21504K, reserved 1114112K
  class space    used 2174K, committed 2304K, reserved 1048576K
}
Event: 5.439 GC heap after
{Heap after GC invocations=9 (full 0):
 garbage-first heap   total 524288K, used 214615K [0x0000016aa6000000, 0x0000056aa6000000)
  region size 32768K, 1 young (32768K), 1 survivors (32768K)
 Metaspace       used 21246K, committed 21504K, reserved 1114112K
  class space    used 2174K, committed 2304K, reserved 1048576K
}

Dll operation events (3 events):
Event: 0.007 Loaded shared library C:\Users\bader\.jdks\jbrsdk_jcef-17.0.9\bin\java.dll
Event: 0.103 Loaded shared library C:\Users\bader\.jdks\jbrsdk_jcef-17.0.9\bin\jsvml.dll
Event: 0.212 Loaded shared library C:\Users\bader\.jdks\jbrsdk_jcef-17.0.9\bin\zip.dll

Deoptimization events (20 events):
Event: 1.984 Thread 0x0000016a9181d960 DEOPT PACKING pc=0x0000016a956548e3 sp=0x00000010615ff430
Event: 1.984 Thread 0x0000016a9181d960 DEOPT UNPACKING pc=0x0000016a9c957143 sp=0x00000010615fe990 mode 0
Event: 2.131 Thread 0x0000016a9181d960 Uncommon trap: trap_request=0xffffff45 fr.pc=0x0000016a9cf1e7cc relative=0x0000000000000c0c
Event: 2.131 Thread 0x0000016a9181d960 Uncommon trap: reason=unstable_if action=reinterpret pc=0x0000016a9cf1e7cc method=net.sendback.worlds.World.generate()V @ 148 c2
Event: 2.131 Thread 0x0000016a9181d960 DEOPT PACKING pc=0x0000016a9cf1e7cc sp=0x00000010615ff4c0
Event: 2.131 Thread 0x0000016a9181d960 DEOPT UNPACKING pc=0x0000016a9c9569a3 sp=0x00000010615ff490 mode 2
Event: 2.218 Thread 0x0000016a9181d960 DEOPT PACKING pc=0x0000016a95659285 sp=0x00000010615ff440
Event: 2.218 Thread 0x0000016a9181d960 DEOPT UNPACKING pc=0x0000016a9c957143 sp=0x00000010615fe980 mode 0
Event: 3.978 Thread 0x00000590bf8a0040 Uncommon trap: trap_request=0xffffff45 fr.pc=0x0000016a9cf3d4dc relative=0x00000000000000dc
Event: 3.978 Thread 0x00000590bf8a0040 Uncommon trap: reason=unstable_if action=reinterpret pc=0x0000016a9cf3d4dc method=java.awt.Component.inside(II)Z @ 21 c2
Event: 3.978 Thread 0x00000590bf8a0040 DEOPT PACKING pc=0x0000016a9cf3d4dc sp=0x0000001064dfeaf0
Event: 3.978 Thread 0x00000590bf8a0040 DEOPT UNPACKING pc=0x0000016a9c9569a3 sp=0x0000001064dfe988 mode 2
Event: 5.123 Thread 0x00000590bf8a0040 Uncommon trap: trap_request=0xffffff45 fr.pc=0x0000016a9cf1a7fc relative=0x000000000000013c
Event: 5.123 Thread 0x00000590bf8a0040 Uncommon trap: reason=unstable_if action=reinterpret pc=0x0000016a9cf1a7fc method=java.lang.StrictMath.floorOrCeil(DDDD)D @ 24 c2
Event: 5.123 Thread 0x00000590bf8a0040 DEOPT PACKING pc=0x0000016a9cf1a7fc sp=0x0000001064dfd830
Event: 5.123 Thread 0x00000590bf8a0040 DEOPT UNPACKING pc=0x0000016a9c9569a3 sp=0x0000001064dfd798 mode 2
Event: 5.190 Thread 0x00000590bfcaa190 DEOPT PACKING pc=0x0000016a95761408 sp=0x00000010652ff320
Event: 5.190 Thread 0x00000590bfcaa190 DEOPT UNPACKING pc=0x0000016a9c957143 sp=0x00000010652fe840 mode 0
Event: 5.521 Thread 0x00000590bf8a1ea0 DEOPT PACKING pc=0x0000016a957a6445 sp=0x00000010651ff660
Event: 5.521 Thread 0x00000590bf8a1ea0 DEOPT UNPACKING pc=0x0000016a9c957143 sp=0x00000010651feb70 mode 0

Classes unloaded (0 events):
No events

Classes redefined (0 events):
No events

Internal exceptions (20 events):
Event: 1.071 Thread 0x0000016a9181d960 Exception <a 'java/lang/NoSuchMethodError'{0x0000016ab5874808}: 'int java.lang.invoke.DirectMethodHandle$Holder.invokeStaticInit(java.lang.Object, java.lang.Object, java.lang.Object)'> (0x0000016ab5874808) 
thrown [s\src\hotspot\share\interpreter\linkResolver.cpp, line 771]
Event: 1.071 Thread 0x0000016a9181d960 Exception <a 'java/lang/NoSuchMethodError'{0x0000016ab5878fa8}: 'int java.lang.invoke.DirectMethodHandle$Holder.invokeStaticInit(java.lang.Object, int, int)'> (0x0000016ab5878fa8) 
thrown [s\src\hotspot\share\interpreter\linkResolver.cpp, line 771]
Event: 1.072 Thread 0x0000016a9181d960 Exception <a 'java/lang/NoSuchMethodError'{0x0000016ab5882ad0}: 'int java.lang.invoke.DirectMethodHandle$Holder.invokeStaticInit(java.lang.Object, long, long)'> (0x0000016ab5882ad0) 
thrown [s\src\hotspot\share\interpreter\linkResolver.cpp, line 771]
Event: 1.073 Thread 0x0000016a9181d960 Exception <a 'java/lang/NoSuchMethodError'{0x0000016ab588b7b8}: 'int java.lang.invoke.DirectMethodHandle$Holder.invokeStaticInit(java.lang.Object, float, float)'> (0x0000016ab588b7b8) 
thrown [s\src\hotspot\share\interpreter\linkResolver.cpp, line 771]
Event: 1.073 Thread 0x0000016a9181d960 Exception <a 'java/lang/NoSuchMethodError'{0x0000016ab58944a8}: 'int java.lang.invoke.DirectMethodHandle$Holder.invokeStaticInit(java.lang.Object, double, double)'> (0x0000016ab58944a8) 
thrown [s\src\hotspot\share\interpreter\linkResolver.cpp, line 771]
Event: 1.074 Thread 0x0000016a9181d960 Exception <a 'java/lang/NoSuchMethodError'{0x0000016ab5899f78}: 'int java.lang.invoke.DirectMethodHandle$Holder.invokeStatic(java.lang.Object, long)'> (0x0000016ab5899f78) 
thrown [s\src\hotspot\share\interpreter\linkResolver.cpp, line 771]
Event: 1.077 Thread 0x0000016a9181d960 Exception <a 'java/lang/NoSuchMethodError'{0x0000016ab58c8a68}: 'int java.lang.invoke.Invokers$Holder.linkToTargetMethod(java.lang.Object, java.lang.Object)'> (0x0000016ab58c8a68) 
thrown [s\src\hotspot\share\interpreter\linkResolver.cpp, line 771]
Event: 2.691 Thread 0x0000016a9181d960 Exception <a 'java/lang/NoSuchMethodError'{0x0000016ac4f25088}: 'void java.lang.invoke.DirectMethodHandle$Holder.invokeStaticInit(java.lang.Object)'> (0x0000016ac4f25088) 
thrown [s\src\hotspot\share\interpreter\linkResolver.cpp, line 771]
Event: 2.714 Thread 0x00000590bf8a0040 Exception <a 'java/lang/NoSuchMethodError'{0x0000016ac4fedf28}: 'void java.lang.invoke.DirectMethodHandle$Holder.invokeSpecial(java.lang.Object, java.lang.Object, java.lang.Object)'> (0x0000016ac4fedf28) 
thrown [s\src\hotspot\share\interpreter\linkResolver.cpp, line 771]
Event: 2.721 Thread 0x00000590bf8a0040 Exception <a 'java/lang/NoSuchMethodError'{0x0000016ac50268b0}: 'java.lang.Object java.lang.invoke.DirectMethodHandle$Holder.newInvokeSpecial(java.lang.Object, java.lang.Object, java.lang.Object, java.lang.Object, java.lang.Object)'> (0x0000016ac50268b0) 
thrown [s\src\hotspot\share\interpreter\linkResolver.cpp, line 771]
Event: 2.722 Thread 0x00000590bf8a0040 Exception <a 'java/lang/NoSuchMethodError'{0x0000016ac5035170}: 'java.lang.Object java.lang.invoke.DirectMethodHandle$Holder.invokeStatic(java.lang.Object, int, java.lang.Object, java.lang.Object, java.lang.Object, java.lang.Object)'> (0x0000016ac5035170) 
thrown [s\src\hotspot\share\interpreter\linkResolver.cpp, line 771]
Event: 2.756 Thread 0x00000590bf8a0040 Exception <a 'java/lang/ClassNotFoundException'{0x0000016ac51f7d48}: com/sun/swing/internal/plaf/metal/resources/spi/metalProvider> (0x0000016ac51f7d48) 
thrown [s\src\hotspot\share\classfile\systemDictionary.cpp, line 256]
Event: 2.758 Thread 0x00000590bf8a0040 Exception <a 'java/lang/ClassNotFoundException'{0x0000016ac51fdca0}: com/sun/swing/internal/plaf/basic/resources/spi/basicProvider> (0x0000016ac51fdca0) 
thrown [s\src\hotspot\share\classfile\systemDictionary.cpp, line 256]
Event: 2.760 Thread 0x00000590bf8a0040 Exception <a 'java/lang/NoSuchMethodError'{0x0000016ac52223c8}: 'java.lang.Object java.lang.invoke.Invokers$Holder.linkToTargetMethod(java.lang.Object, int, java.lang.Object, java.lang.Object, java.lang.Object)'> (0x0000016ac52223c8) 
thrown [s\src\hotspot\share\interpreter\linkResolver.cpp, line 771]
Event: 2.787 Thread 0x00000590bf1cdc10 Exception <a 'java/lang/NoSuchMethodError'{0x0000016ac52d0e58}: 'void java.lang.invoke.DirectMethodHandle$Holder.invokeVirtual(java.lang.Object, java.lang.Object)'> (0x0000016ac52d0e58) 
thrown [s\src\hotspot\share\interpreter\linkResolver.cpp, line 771]
Event: 2.824 Thread 0x00000590bf8a0040 Exception <a 'java/lang/NoSuchMethodError'{0x0000016ac52a89d0}: 'java.lang.Object java.lang.invoke.DirectMethodHandle$Holder.newInvokeSpecial(java.lang.Object, java.lang.Object, int, int, int, int)'> (0x0000016ac52a89d0) 
thrown [s\src\hotspot\share\interpreter\linkResolver.cpp, line 771]
Event: 2.832 Thread 0x00000590bf8a0040 Exception <a 'java/lang/NoSuchMethodError'{0x0000016ac52ba720}: 'void java.lang.invoke.DirectMethodHandle$Holder.invokeSpecial(java.lang.Object, java.lang.Object, int, int)'> (0x0000016ac52ba720) 
thrown [s\src\hotspot\share\interpreter\linkResolver.cpp, line 771]
Event: 2.832 Thread 0x00000590bf8a0040 Exception <a 'java/lang/NoSuchMethodError'{0x0000016ac52c2588}: 'java.lang.Object java.lang.invoke.DirectMethodHandle$Holder.newInvokeSpecial(java.lang.Object, java.lang.Object, int, int)'> (0x0000016ac52c2588) 
thrown [s\src\hotspot\share\interpreter\linkResolver.cpp, line 771]
Event: 3.088 Thread 0x00000590bf8a0040 Exception <a 'java/lang/NoSuchMethodError'{0x0000016ac541e538}: 'java.lang.Object java.lang.invoke.Invokers$Holder.invoke_MT(java.lang.Object, java.lang.Object, java.lang.Object)'> (0x0000016ac541e538) 
thrown [s\src\hotspot\share\interpreter\linkResolver.cpp, line 771]
Event: 3.090 Thread 0x00000590bf8a0040 Exception <a 'java/lang/NoSuchMethodError'{0x0000016ac542ca48}: 'int java.lang.invoke.Invokers$Holder.invoke_MT(java.lang.Object, java.lang.Object, java.lang.Object)'> (0x0000016ac542ca48) 
thrown [s\src\hotspot\share\interpreter\linkResolver.cpp, line 771]

VM Operations (20 events):
Event: 2.905 Executing VM operation: HandshakeAllThreads
Event: 2.905 Executing VM operation: HandshakeAllThreads done
Event: 3.801 Executing VM operation: HandshakeAllThreads
Event: 3.801 Executing VM operation: HandshakeAllThreads done
Event: 3.801 Executing VM operation: Cleanup
Event: 3.801 Executing VM operation: Cleanup done
Event: 3.801 Executing VM operation: HandshakeAllThreads
Event: 3.801 Executing VM operation: HandshakeAllThreads done
Event: 4.816 Executing VM operation: Cleanup
Event: 4.816 Executing VM operation: Cleanup done
Event: 5.109 Executing VM operation: HandshakeAllThreads
Event: 5.109 Executing VM operation: HandshakeAllThreads done
Event: 5.425 Executing VM operation: CollectForMetadataAllocation
Event: 5.439 Executing VM operation: CollectForMetadataAllocation done
Event: 5.467 Executing VM operation: G1PauseRemark
Event: 5.469 Executing VM operation: G1PauseRemark done
Event: 5.492 Executing VM operation: G1PauseCleanup
Event: 5.493 Executing VM operation: G1PauseCleanup done
Event: 6.494 Executing VM operation: Cleanup
Event: 6.494 Executing VM operation: Cleanup done

Events (20 events):
Event: 5.366 loading class sun/java2d/loops/DrawGlyphListAA$General done
Event: 5.369 loading class sun/java2d/pipe/RegionSpanIterator
Event: 5.369 loading class sun/java2d/pipe/SpanIterator
Event: 5.369 loading class sun/java2d/pipe/SpanIterator done
Event: 5.369 loading class sun/java2d/pipe/RegionSpanIterator done
Event: 5.525 Thread 0x00000590bff93330 Thread added: 0x00000590bff93330
Event: 5.695 Thread 0x00000590bff93330 Thread exited: 0x00000590bff93330
Event: 5.881 loading class java/awt/image/BufferedImageOp
Event: 5.881 loading class java/awt/image/BufferedImageOp done
Event: 6.467 Thread 0x00000590bfca5ab0 Thread added: 0x00000590bfca5ab0
Event: 6.467 Thread 0x00000590bfca7910 Thread added: 0x00000590bfca7910
Event: 6.467 Thread 0x00000590bfca8330 Thread added: 0x00000590bfca8330
Event: 6.467 loading class sun/font/SunFontManager$8$1
Event: 6.467 loading class sun/font/SunFontManager$8$1 done
Event: 6.467 loading class java/util/WeakHashMap$KeyIterator
Event: 6.467 loading class java/util/WeakHashMap$HashIterator
Event: 6.467 loading class java/util/WeakHashMap$HashIterator done
Event: 6.467 loading class java/util/WeakHashMap$KeyIterator done
Event: 6.467 Thread 0x00000590bfca8330 Thread exited: 0x00000590bfca8330
Event: 6.470 Thread 0x00000590bfca5ab0 Thread exited: 0x00000590bfca5ab0


Dynamic libraries:
0x00007ff61f330000 - 0x00007ff61f33a000 	C:\Users\bader\.jdks\jbrsdk_jcef-17.0.9\bin\java.exe
0x00007ffed6e90000 - 0x00007ffed7088000 	C:\Windows\SYSTEM32\ntdll.dll
0x00007ffed4f20000 - 0x00007ffed4fe2000 	C:\Windows\System32\KERNEL32.DLL
0x00007ffed4960000 - 0x00007ffed4c5e000 	C:\Windows\System32\KERNELBASE.dll
0x00007ffed4db0000 - 0x00007ffed4eb0000 	C:\Windows\System32\ucrtbase.dll
0x00007ffecf590000 - 0x00007ffecf5a7000 	C:\Users\bader\.jdks\jbrsdk_jcef-17.0.9\bin\jli.dll
0x00007ffecf4c0000 - 0x00007ffecf4db000 	C:\Users\bader\.jdks\jbrsdk_jcef-17.0.9\bin\VCRUNTIME140.dll
0x00007ffed6bd0000 - 0x00007ffed6d6d000 	C:\Windows\System32\USER32.dll
0x00007ffeba210000 - 0x00007ffeba4aa000 	C:\Windows\WinSxS\amd64_microsoft.windows.common-controls_6595b64144ccf1df_6.0.19041.4355_none_60b8b9eb71f62e16\COMCTL32.dll
0x00007ffed4650000 - 0x00007ffed4672000 	C:\Windows\System32\win32u.dll
0x00007ffed67d0000 - 0x00007ffed686e000 	C:\Windows\System32\msvcrt.dll
0x00007ffed61a0000 - 0x00007ffed61cb000 	C:\Windows\System32\GDI32.dll
0x00007ffed4530000 - 0x00007ffed4647000 	C:\Windows\System32\gdi32full.dll
0x00007ffed4d10000 - 0x00007ffed4dad000 	C:\Windows\System32\msvcp_win.dll
0x00007ffed6100000 - 0x00007ffed612f000 	C:\Windows\System32\IMM32.DLL
0x00007ffecf780000 - 0x00007ffecf78c000 	C:\Users\bader\.jdks\jbrsdk_jcef-17.0.9\bin\vcruntime140_1.dll
0x00007ffebdd00000 - 0x00007ffebdd8d000 	C:\Users\bader\.jdks\jbrsdk_jcef-17.0.9\bin\msvcp140.dll
0x00007ffe85690000 - 0x00007ffe86312000 	C:\Users\bader\.jdks\jbrsdk_jcef-17.0.9\bin\server\jvm.dll
0x00007ffed6d90000 - 0x00007ffed6e41000 	C:\Windows\System32\ADVAPI32.dll
0x00007ffed5e40000 - 0x00007ffed5edf000 	C:\Windows\System32\sechost.dll
0x00007ffed62a0000 - 0x00007ffed63c3000 	C:\Windows\System32\RPCRT4.dll
0x00007ffed4760000 - 0x00007ffed4787000 	C:\Windows\System32\bcrypt.dll
0x00007ffebb4b0000 - 0x00007ffebb4b9000 	C:\Windows\SYSTEM32\WSOCK32.dll
0x00007ffeb9a40000 - 0x00007ffeb9a67000 	C:\Windows\SYSTEM32\WINMM.dll
0x00007ffed3a60000 - 0x00007ffed3aab000 	C:\Windows\SYSTEM32\POWRPROF.dll
0x00007ffed6090000 - 0x00007ffed60fb000 	C:\Windows\System32\WS2_32.dll
0x00007ffecd650000 - 0x00007ffecd65a000 	C:\Windows\SYSTEM32\VERSION.dll
0x00007ffed3930000 - 0x00007ffed3942000 	C:\Windows\SYSTEM32\UMPDC.dll
0x00007ffed23b0000 - 0x00007ffed23c2000 	C:\Windows\SYSTEM32\kernel.appcore.dll
0x00007ffecf6d0000 - 0x00007ffecf6da000 	C:\Users\bader\.jdks\jbrsdk_jcef-17.0.9\bin\jimage.dll
0x00007ffed1cc0000 - 0x00007ffed1ea4000 	C:\Windows\SYSTEM32\DBGHELP.DLL
0x00007ffec4470000 - 0x00007ffec44a4000 	C:\Windows\SYSTEM32\dbgcore.DLL
0x00007ffed46d0000 - 0x00007ffed4752000 	C:\Windows\System32\bcryptPrimitives.dll
0x00007ffecf690000 - 0x00007ffecf69e000 	C:\Users\bader\.jdks\jbrsdk_jcef-17.0.9\bin\instrument.dll
0x00007ffecf3b0000 - 0x00007ffecf3d5000 	C:\Users\bader\.jdks\jbrsdk_jcef-17.0.9\bin\java.dll
0x00007ffecef10000 - 0x00007ffecef28000 	C:\Users\bader\.jdks\jbrsdk_jcef-17.0.9\bin\zip.dll
0x00007ffeabb30000 - 0x00007ffeabc07000 	C:\Users\bader\.jdks\jbrsdk_jcef-17.0.9\bin\jsvml.dll
0x00007ffed4ff0000 - 0x00007ffed575d000 	C:\Windows\System32\SHELL32.dll
0x00007ffed25b0000 - 0x00007ffed2d54000 	C:\Windows\SYSTEM32\windows.storage.dll
0x00007ffed6870000 - 0x00007ffed6bc3000 	C:\Windows\System32\combase.dll
0x00007ffed3f60000 - 0x00007ffed3f8e000 	C:\Windows\SYSTEM32\Wldp.dll
0x00007ffed61d0000 - 0x00007ffed629d000 	C:\Windows\System32\OLEAUT32.dll
0x00007ffed65c0000 - 0x00007ffed666d000 	C:\Windows\System32\SHCORE.dll
0x00007ffed6560000 - 0x00007ffed65b5000 	C:\Windows\System32\shlwapi.dll
0x00007ffed4460000 - 0x00007ffed4484000 	C:\Windows\SYSTEM32\profapi.dll
0x00007ffecd160000 - 0x00007ffecd179000 	C:\Users\bader\.jdks\jbrsdk_jcef-17.0.9\bin\net.dll
0x00007ffeccc80000 - 0x00007ffeccd8d000 	C:\Windows\SYSTEM32\WINHTTP.dll
0x00007ffed3cc0000 - 0x00007ffed3d2a000 	C:\Windows\system32\mswsock.dll
0x00007ffec22a0000 - 0x00007ffec22b6000 	C:\Users\bader\.jdks\jbrsdk_jcef-17.0.9\bin\nio.dll
0x00007ffec1fb0000 - 0x00007ffec1fca000 	C:\Program Files\JetBrains\IntelliJ IDEA Community Edition 2023.3.6\bin\breakgen64.dll
0x00007ffe7e380000 - 0x00007ffe7e51a000 	C:\Users\bader\.jdks\jbrsdk_jcef-17.0.9\bin\awt.dll
0x00007ffed20b0000 - 0x00007ffed20df000 	C:\Windows\SYSTEM32\dwmapi.dll
0x00007ffebdcb0000 - 0x00007ffebdcf4000 	C:\Users\bader\.jdks\jbrsdk_jcef-17.0.9\bin\nvdaControllerClient64.dll
0x00007ffecf1c0000 - 0x00007ffecf254000 	C:\Windows\SYSTEM32\apphelp.dll
0x00007ffeb81e0000 - 0x00007ffeb8308000 	C:\Windows\system32\opengl32.dll
0x00007ffeb7c60000 - 0x00007ffeb7c8c000 	C:\Windows\SYSTEM32\GLU32.dll
0x00007ffed1090000 - 0x00007ffed112e000 	C:\Windows\system32\uxtheme.dll
0x00007ffed5bd0000 - 0x00007ffed5ce5000 	C:\Windows\System32\MSCTF.dll
0x00007ffed5cf0000 - 0x00007ffed5d99000 	C:\Windows\System32\clbcatq.dll
0x00007ffe4e890000 - 0x00007ffe4f85a000 	C:\Windows\System32\DriverStore\FileRepository\iigd_dch.inf_amd64_5d54dd32fa1ef4d4\ig9icd64.dll
0x00007ffed6430000 - 0x00007ffed655b000 	C:\Windows\System32\ole32.dll
0x00007ffed2dc0000 - 0x00007ffed2eb6000 	C:\Windows\system32\dxgi.dll
0x00007ffec7a80000 - 0x00007ffec7cbf000 	C:\Windows\System32\DriverStore\FileRepository\iigd_dch.inf_amd64_5d54dd32fa1ef4d4\igdgmm64.dll
0x00007ffec4eb0000 - 0x00007ffec7a79000 	C:\Windows\System32\DriverStore\FileRepository\iigd_dch.inf_amd64_5d54dd32fa1ef4d4\igc64.dll
0x00007ffe6af50000 - 0x00007ffe6b35c000 	C:\Windows\System32\DriverStore\FileRepository\iigd_dch.inf_amd64_5d54dd32fa1ef4d4\igdml64.dll
0x00007ffed3ec0000 - 0x00007ffed3ed8000 	C:\Windows\SYSTEM32\CRYPTSP.dll
0x00007ffed3570000 - 0x00007ffed35a4000 	C:\Windows\system32\rsaenh.dll
0x00007ffed4420000 - 0x00007ffed444e000 	C:\Windows\SYSTEM32\USERENV.dll
0x00007ffed3eb0000 - 0x00007ffed3ebc000 	C:\Windows\SYSTEM32\CRYPTBASE.dll
0x00007ffed3950000 - 0x00007ffed398b000 	C:\Windows\SYSTEM32\IPHLPAPI.DLL
0x00007ffed5e30000 - 0x00007ffed5e38000 	C:\Windows\System32\NSI.dll
0x00007ffecc960000 - 0x00007ffecc977000 	C:\Windows\SYSTEM32\dhcpcsvc6.DLL
0x00007ffeccbf0000 - 0x00007ffeccc0d000 	C:\Windows\SYSTEM32\dhcpcsvc.DLL
0x00007ffed3990000 - 0x00007ffed3a5a000 	C:\Windows\SYSTEM32\DNSAPI.dll
0x00007ffe8be50000 - 0x00007ffe8bed7000 	C:\Users\bader\.jdks\jbrsdk_jcef-17.0.9\bin\freetype.dll
0x00007ffe864a0000 - 0x00007ffe86577000 	C:\Users\bader\.jdks\jbrsdk_jcef-17.0.9\bin\fontmanager.dll
0x00007ffebdc70000 - 0x00007ffebdc82000 	C:\Users\bader\.jdks\jbrsdk_jcef-17.0.9\bin\jsound.dll
0x00007ffeb9bf0000 - 0x00007ffeb9c8c000 	C:\Windows\SYSTEM32\DSOUND.dll
0x00007ffec02f0000 - 0x00007ffec0316000 	C:\Windows\SYSTEM32\winmmbase.dll
0x00007ffecce00000 - 0x00007ffecce85000 	C:\Windows\System32\MMDevApi.dll
0x00007ffed42c0000 - 0x00007ffed42f3000 	C:\Windows\System32\DEVOBJ.dll
0x00007ffed4680000 - 0x00007ffed46ce000 	C:\Windows\System32\cfgmgr32.dll
0x00007ffeb5080000 - 0x00007ffeb50c6000 	C:\Windows\SYSTEM32\wdmaud.drv
0x00007ffecf4e0000 - 0x00007ffecf4e9000 	C:\Windows\SYSTEM32\ksuser.dll
0x00007ffeced00000 - 0x00007ffeced0a000 	C:\Windows\SYSTEM32\AVRT.dll
0x00007ffecce90000 - 0x00007ffecd011000 	C:\Windows\SYSTEM32\AUDIOSES.DLL
0x00007ffeb5070000 - 0x00007ffeb507d000 	C:\Windows\SYSTEM32\msacm32.drv
0x00007ffeb5050000 - 0x00007ffeb506e000 	C:\Windows\SYSTEM32\MSACM32.dll
0x00007ffeb5040000 - 0x00007ffeb504b000 	C:\Windows\SYSTEM32\midimap.dll
0x00007ffed1fb0000 - 0x00007ffed1fc4000 	C:\Windows\SYSTEM32\resourcepolicyclient.dll
0x00007ffeb1a60000 - 0x00007ffeb1c05000 	C:\Windows\WinSxS\amd64_microsoft.windows.gdiplus_6595b64144ccf1df_1.1.19041.4597_none_91a78020cc854124\gdiplus.dll
0x00007ffebfdd0000 - 0x00007ffebfec9000 	C:\Windows\SYSTEM32\textinputframework.dll
0x00007ffece6e0000 - 0x00007ffecea3b000 	C:\Windows\System32\CoreUIComponents.dll
0x00007ffecea50000 - 0x00007ffeceb42000 	C:\Windows\System32\CoreMessaging.dll
0x00007ffed37c0000 - 0x00007ffed37f3000 	C:\Windows\SYSTEM32\ntmarta.dll
0x00007ffed12c0000 - 0x00007ffed1417000 	C:\Windows\SYSTEM32\wintypes.dll
0x00007ffeb7e70000 - 0x00007ffeb8165000 	C:\Windows\System32\uiautomationcore.dll
0x00007ffed1880000 - 0x00007ffed1976000 	C:\Windows\System32\PROPSYS.dll
0x00007ffeb8170000 - 0x00007ffeb81d6000 	C:\Windows\System32\OLEACC.dll
0x00007ffebfed0000 - 0x00007ffec000f000 	C:\Windows\System32\Windows.UI.dll
0x00007ffecbdf0000 - 0x00007ffecbe91000 	C:\Windows\System32\WindowManagementAPI.dll
0x00007ffebfc70000 - 0x00007ffebfdc2000 	C:\Windows\System32\InputHost.dll
0x00007ffecb4a0000 - 0x00007ffecb6a3000 	C:\Windows\SYSTEM32\twinapi.appcore.dll

dbghelp: loaded successfully - version: 4.0.5 - missing functions: none
symbol engine: initialized successfully - sym options: 0x614 - pdb path: .;C:\Users\bader\.jdks\jbrsdk_jcef-17.0.9\bin;C:\Windows\SYSTEM32;C:\Windows\WinSxS\amd64_microsoft.windows.common-controls_6595b64144ccf1df_6.0.19041.4355_none_60b8b9eb71f62e16;C:\Users\bader\.jdks\jbrsdk_jcef-17.0.9\bin\server;C:\Program Files\JetBrains\IntelliJ IDEA Community Edition 2023.3.6\bin;C:\Windows\System32\DriverStore\FileRepository\iigd_dch.inf_amd64_5d54dd32fa1ef4d4;C:\Windows\WinSxS\amd64_microsoft.windows.gdiplus_6595b64144ccf1df_1.1.19041.4597_none_91a78020cc854124

VM Arguments:
jvm_args: -Xmx3072g -Xmx4096g -Dsun.java2d.opengl=true -XX:ErrorFile=logs/hs_err_pid%p.log -javaagent:C:\Program Files\JetBrains\IntelliJ IDEA Community Edition 2023.3.6\lib\idea_rt.jar=63189:C:\Program Files\JetBrains\IntelliJ IDEA Community Edition 2023.3.6\bin -Dfile.encoding=UTF-8 
java_command: net.sendback.Main
java_class_path (initial): C:\Users\bader\OneDrive\Bureau\Idea\GTS_PRojekt\target\classes
Launcher Type: SUN_STANDARD

[Global flags]
     intx CICompilerCount                          = 4                                         {product} {ergonomic}
     uint ConcGCThreads                            = 3                                         {product} {ergonomic}
    ccstr ErrorFile                                = logs/hs_err_pid%p.log                     {product} {command line}
     uint G1ConcRefinementThreads                  = 10                                        {product} {ergonomic}
   size_t G1HeapRegionSize                         = 33554432                                  {product} {ergonomic}
    uintx GCDrainStackTargetSize                   = 64                                        {product} {ergonomic}
   size_t InitialHeapSize                          = 268435456                                 {product} {ergonomic}
   size_t MarkStackSize                            = 4194304                                   {product} {ergonomic}
   size_t MaxHeapSize                              = 4398046511104                             {product} {command line}
   size_t MaxNewSize                               = 2638821195776                             {product} {ergonomic}
   size_t MinHeapDeltaBytes                        = 33554432                                  {product} {ergonomic}
   size_t MinHeapSize                              = 33554432                                  {product} {ergonomic}
    uintx NonNMethodCodeHeapSize                   = 5839372                                {pd product} {ergonomic}
    uintx NonProfiledCodeHeapSize                  = 122909434                              {pd product} {ergonomic}
    uintx ProfiledCodeHeapSize                     = 122909434                              {pd product} {ergonomic}
    uintx ReservedCodeCacheSize                    = 251658240                              {pd product} {ergonomic}
     bool SegmentedCodeCache                       = true                                      {product} {ergonomic}
   size_t SoftMaxHeapSize                          = 4398046511104                          {manageable} {ergonomic}
     bool UseCompressedClassPointers               = true                           {product lp64_product} {ergonomic}
     bool UseG1GC                                  = true                                      {product} {ergonomic}
     bool UseLargePagesIndividualAllocation        = false                                  {pd product} {ergonomic}

Logging:
Log output configuration:
 #0: stdout all=warning uptime,level,tags
 #1: stderr all=off uptime,level,tags

Environment Variables:
PATH=C:\Program Files\Common Files\Oracle\Java\javapath;C:\Windows\system32;C:\Windows;C:\Windows\System32\Wbem;C:\Windows\System32\WindowsPowerShell\v1.0\;C:\Windows\System32\OpenSSH\;C:\Program Files (x86)\NVIDIA Corporation\PhysX\Common;C:\Program Files\dotnet\;C:\Users\bader\AppData\Local\Microsoft\WindowsApps;C:\Users\bader\AppData\Local\GitHubDesktop\bin
USERNAME=bader
OS=Windows_NT
PROCESSOR_IDENTIFIER=Intel64 Family 6 Model 158 Stepping 10, GenuineIntel
TMP=C:\Users\bader\AppData\Local\Temp
TEMP=C:\Users\bader\AppData\Local\Temp



Periodic native trim disabled

JNI global refs:
JNI global refs: 127, weak refs: 77

JNI global refs memory usage: 2107, weak refs: 2105

OOME stack traces (most recent first):
Classloader memory used:
Loader bootstrap                                                                       : 2631K
Loader jdk.internal.loader.ClassLoaders$AppClassLoader                                 : 27307B
Loader jdk.internal.loader.ClassLoaders$PlatformClassLoader                            : 764B


---------------  S Y S T E M  ---------------

OS:
 Windows 10 , 64 bit Build 19041 (10.0.19041.5072)
OS uptime: 7 days 6:06 hours

CPU: total 12 (initial active 12) (6 cores per cpu, 2 threads per core) family 6 model 158 stepping 10 microcode 0xf0, cx8, cmov, fxsr, ht, mmx, 3dnowpref, sse, sse2, sse3, ssse3, sse4.1, sse4.2, popcnt, lzcnt, tsc, tscinvbit, avx, avx2, aes, erms, clmul, bmi1, bmi2, adx, fma, vzeroupper, clflush, clflushopt
Processor Information for all 12 processors :
  Max Mhz: 2592, Current Mhz: 2592, Mhz Limit: 2592

Memory: 4k page, system-wide physical 16254M (3624M free)
TotalPageFile size 18942M (AvailPageFile size 2579M)
current process WorkingSet (physical memory assigned to process): 718M, peak: 735M
current process commit charge ("private bytes"): 959M, peak: 969M

vm_info: OpenJDK 64-Bit Server VM (17.0.9+8-b1166.2) for windows-amd64 JRE (17.0.9+8-b1166.2), built on 2024-01-13 by "builduser" with MS VC++ 16.10 / 16.11 (VS2019)

END.
