#
# A fatal error has been detected by the Java Runtime Environment:
#
#  EXCEPTION_ACCESS_VIOLATION (0xc0000005) at pc=0x00007ffe45df3c53, pid=28812, tid=692
#
# JRE version: OpenJDK Runtime Environment JBR-17.0.9+8-1166.2-jcef (17.0.9+8) (build 17.0.9+8-b1166.2)
# Java VM: OpenJDK 64-Bit Server VM JBR-17.0.9+8-1166.2-jcef (17.0.9+8-b1166.2, mixed mode, tiered, compressed class ptrs, g1 gc, windows-amd64)
# Problematic frame:
# C  [ig9icd64.dll+0x9c3c53]
#
# No core dump will be written. Minidumps are not enabled by default on client versions of Windows
#
# If you would like to submit a bug report, please visit:
#   https://youtrack.jetbrains.com/issues/JBR
# The crash happened outside the Java Virtual Machine in native code.
# See problematic frame for where to report the bug.
#

---------------  S U M M A R Y ------------

Command Line: -Xmx3072g -Xmx4096g -Dsun.java2d.opengl=true -XX:ErrorFile=logs/hs_err_pid%p.log -javaagent:C:\Program Files\JetBrains\IntelliJ IDEA Community Edition 2023.3.6\lib\idea_rt.jar=50523:C:\Program Files\JetBrains\IntelliJ IDEA Community Edition 2023.3.6\bin -Dfile.encoding=UTF-8 net.sendback.Main

Host: Intel(R) Core(TM) i7-9750H CPU @ 2.60GHz, 12 cores, 15G,  Windows 10 , 64 bit Build 19041 (10.0.19041.5072)
Time: Thu Nov  7 19:59:06 2024 Mitteleuropäische Zeit elapsed time: 56.445251 seconds (0d 0h 0m 56s)

---------------  T H R E A D  ---------------

Current thread (0x000002419d7223a0):  JavaThread "Java2D Queue Flusher" daemon [_thread_in_native, id=692, stack(0x0000005eb8a00000,0x0000005eb8b00000)]

Stack: [0x0000005eb8a00000,0x0000005eb8b00000],  sp=0x0000005eb8afe658,  free space=1017k
Native frames: (J=compiled Java code, j=interpreted, Vv=VM code, C=native code)
C  [ig9icd64.dll+0x9c3c53]

Java frames: (J=compiled Java code, j=interpreted, Vv=VM code)
J 2695  sun.java2d.opengl.OGLRenderQueue.flushBuffer(JI)V java.desktop (0 bytes) @ 0x0000024187bbbbdb [0x0000024187bbbba0+0x000000000000003b]
J 2692 c1 sun.java2d.opengl.OGLRenderQueue.flushBuffer()V java.desktop (41 bytes) @ 0x00000241804ff004 [0x00000241804feee0+0x0000000000000124]
j  sun.java2d.opengl.OGLRenderQueue$QueueFlusher.run()V+81 java.desktop
j  java.lang.Thread.run()V+11 java.base@17.0.9
v  ~StubRoutines::call_stub

siginfo: EXCEPTION_ACCESS_VIOLATION (0xc0000005), reading address 0xffffffffffffffff


Registers:
RAX=0x000000000fff0fff, RBX=0x00007ffe45430000, RCX=0x000000033fcf3fcc, RDX=0x0000005eb8afeb70
RSP=0x0000005eb8afe658, RBP=0x0000005eb8afe760, RSI=0x00000241a7c10100, RDI=0x0000005eb8afe960
R8 =0x0000005eb8afe790, R9 =0x0000005eb8afeb70, R10=0x0000005eb8afe960, R11=0x0000000000000000
R12=0x00007ffe4625a420, R13=0x0000000000000000, R14=0x0000000000000000, R15=0x00000000000001c1
RIP=0x00007ffe45df3c53, EFLAGS=0x0000000000010206


Register to memory mapping:

RIP=0x00007ffe45df3c53 ig9icd64.dll
RAX=0x000000000fff0fff is an unknown value
RBX=0x00007ffe45430000 ig9icd64.dll
RCX=0x000000033fcf3fcc is an unknown value
RDX=0x0000005eb8afeb70 is pointing into the stack for thread: 0x000002419d7223a0
RSP=0x0000005eb8afe658 is pointing into the stack for thread: 0x000002419d7223a0
RBP=0x0000005eb8afe760 is pointing into the stack for thread: 0x000002419d7223a0
RSI=0x00000241a7c10100 points into unknown readable memory: 0x000002419d747c40 | 40 7c 74 9d 41 02 00 00
RDI=0x0000005eb8afe960 is pointing into the stack for thread: 0x000002419d7223a0
R8 =0x0000005eb8afe790 is pointing into the stack for thread: 0x000002419d7223a0
R9 =0x0000005eb8afeb70 is pointing into the stack for thread: 0x000002419d7223a0
R10=0x0000005eb8afe960 is pointing into the stack for thread: 0x000002419d7223a0
R11=0x0 is NULL
R12=0x00007ffe4625a420 ig9icd64.dll
R13=0x0 is NULL
R14=0x0 is NULL
R15=0x00000000000001c1 is an unknown value


Top of Stack: (sp=0x0000005eb8afe658)
0x0000005eb8afe658:   00007ffe45df138b 0000000000000001
0x0000005eb8afe668:   0000000000000000 00000241a879fe00
0x0000005eb8afe678:   00007ffec7a82572 0000005e00000065
0x0000005eb8afe688:   0000005eb8afe890 0000000000000000
0x0000005eb8afe698:   00000241a8a868b0 0000000000000000
0x0000005eb8afe6a8:   00000241a8a82060 00000241a879fe10
0x0000005eb8afe6b8:   0000000000000fb0 0000000000000000
0x0000005eb8afe6c8:   0000000000000000 0000005eb8afe840
0x0000005eb8afe6d8:   00007ffe45a89070 0000000000000000
0x0000005eb8afe6e8:   0000000000000000 0000000000000000
0x0000005eb8afe6f8:   0000000000000000 000098587ada623b
0x0000005eb8afe708:   00007ffe454464e5 00000241a879fe10
0x0000005eb8afe718:   0000000000004001 0000000000000200
0x0000005eb8afe728:   00007ffed6ebb86b 000000000038000f
0x0000005eb8afe738:   000000000000007c 00000241a85c5290
0x0000005eb8afe748:   0000000000000000 0000000000000000
0x0000005eb8afe758:   00007ffe45df1c62 0000000000000000
0x0000005eb8afe768:   00000241f78d1080 0000005eb8afea60
0x0000005eb8afe778:   00000241f78d0000 00000241f78d02b4
0x0000005eb8afe788:   00000241a8a868b0 00007ffe460ff020
0x0000005eb8afe798:   0000000e00000000 0000001a00000018
0x0000005eb8afe7a8:   00000fff00000000 437f0000437f0000
0x0000005eb8afe7b8:   437f0000437f0000 0000ff0000ff0000
0x0000005eb8afe7c8:   ff000000000000ff 0000000800000010
0x0000005eb8afe7d8:   0000001800000000 0000000000000000
0x0000005eb8afe7e8:   0000000000000000 0000000000000000
0x0000005eb8afe7f8:   0000000000000000 0000000000000000
0x0000005eb8afe808:   0000000000000000 0000000000000000
0x0000005eb8afe818:   0000000000000000 0000000000000000
0x0000005eb8afe828:   0000000000000000 0000000000000000
0x0000005eb8afe838:   0000000000000000 0000000000000000
0x0000005eb8afe848:   0000000000000000 0000000000000000 

Instructions: (pc=0x00007ffe45df3c53)
0x00007ffe45df3b53:   a1 b6 30 00 48 89 51 08 48 89 01 8b 44 24 28 89
0x00007ffe45df3b63:   41 20 8b 44 24 30 89 41 24 48 8b c1 4c 89 41 10
0x00007ffe45df3b73:   4c 89 49 18 c3 cc cc cc cc cc cc cc cc 48 89 5c
0x00007ffe45df3b83:   24 08 8b 41 5c 48 8d 1d 71 c4 63 ff 41 89 40 08
0x00007ffe45df3b93:   4c 8b d1 8b 41 60 45 33 db 41 89 40 0c 4c 8b ca
0x00007ffe45df3ba3:   8b 41 64 41 89 40 10 8b 41 68 41 89 40 14 8b 41
0x00007ffe45df3bb3:   6c 41 89 40 18 8b 41 70 41 89 40 1c 48 63 41 74
0x00007ffe45df3bc3:   48 6b c8 34 8b 84 19 84 5f ee 00 41 89 40 20 8b
0x00007ffe45df3bd3:   84 19 88 5f ee 00 41 89 40 24 8b 84 19 8c 5f ee
0x00007ffe45df3be3:   00 41 89 40 28 8b 84 19 90 5f ee 00 41 89 40 2c
0x00007ffe45df3bf3:   8b 84 19 74 5f ee 00 41 89 40 30 8b 84 19 78 5f
0x00007ffe45df3c03:   ee 00 41 89 40 34 8b 84 19 7c 5f ee 00 41 89 40
0x00007ffe45df3c13:   38 8b 84 19 80 5f ee 00 41 89 40 3c 8b 84 19 64
0x00007ffe45df3c23:   5f ee 00 41 89 40 40 8b 84 19 68 5f ee 00 41 89
0x00007ffe45df3c33:   40 44 8b 84 19 6c 5f ee 00 41 89 40 48 8b 84 19
0x00007ffe45df3c43:   70 5f ee 00 41 89 40 4c 49 63 42 78 48 6b c8 34
0x00007ffe45df3c53:   8b 84 19 84 5f ee 00 41 89 40 50 8b 84 19 88 5f
0x00007ffe45df3c63:   ee 00 41 89 40 54 8b 84 19 8c 5f ee 00 41 89 40
0x00007ffe45df3c73:   58 8b 84 19 90 5f ee 00 41 89 40 5c 8b 84 19 74
0x00007ffe45df3c83:   5f ee 00 41 89 40 60 8b 84 19 78 5f ee 00 41 89
0x00007ffe45df3c93:   40 64 8b 84 19 7c 5f ee 00 41 89 40 68 8b 84 19
0x00007ffe45df3ca3:   80 5f ee 00 41 89 40 6c 8b 84 19 64 5f ee 00 41
0x00007ffe45df3cb3:   89 40 70 8b 84 19 68 5f ee 00 41 89 40 74 8b 84
0x00007ffe45df3cc3:   19 6c 5f ee 00 41 89 40 78 8b 84 19 70 5f ee 00
0x00007ffe45df3cd3:   41 89 40 7c 48 8b 42 18 8b 88 38 0b 00 00 f6 c1
0x00007ffe45df3ce3:   08 0f 84 86 00 00 00 8b 80 3c 0b 00 00 41 89 80
0x00007ffe45df3cf3:   80 00 00 00 48 8b 42 18 8b 88 40 0b 00 00 41 89
0x00007ffe45df3d03:   88 84 00 00 00 48 8b 42 18 8b 88 44 0b 00 00 41
0x00007ffe45df3d13:   89 88 88 00 00 00 48 8b 42 18 8b 88 48 0b 00 00
0x00007ffe45df3d23:   41 89 88 8c 00 00 00 48 8b 42 18 8b 88 4c 0b 00
0x00007ffe45df3d33:   00 41 89 88 90 00 00 00 48 8b 42 18 8b 88 50 0b
0x00007ffe45df3d43:   00 00 41 89 88 94 00 00 00 48 8b 42 18 8b 88 54 


Stack slot to memory mapping:
stack at sp + 0 slots: 0x00007ffe45df138b ig9icd64.dll
stack at sp + 1 slots: 0x0000000000000001 is an unknown value
stack at sp + 2 slots: 0x0 is NULL
stack at sp + 3 slots: 0x00000241a879fe00 points into unknown readable memory: 0x0000000000000060 | 60 00 00 00 00 00 00 00
stack at sp + 4 slots: 0x00007ffec7a82572 igdgmm64.dll
stack at sp + 5 slots: 0x0000005e00000065 is an unknown value
stack at sp + 6 slots: 0x0000005eb8afe890 is pointing into the stack for thread: 0x000002419d7223a0
stack at sp + 7 slots: 0x0 is NULL


Compiled method (n/a)   56568 2695     n 0       sun.java2d.opengl.OGLRenderQueue::flushBuffer (native)
 total in heap  [0x0000024187bbba10,0x0000024187bbbda8] = 920
 relocation     [0x0000024187bbbb68,0x0000024187bbbb98] = 48
 main code      [0x0000024187bbbba0,0x0000024187bbbda8] = 520

[Constant Pool (empty)]

[MachCode]
[Entry Point]
  # {method} {0x000002419eacbee8} 'flushBuffer' '(JI)V' in 'sun/java2d/opengl/OGLRenderQueue'
  # this:     rdx:rdx   = 'sun/java2d/opengl/OGLRenderQueue'
  # parm0:    r8:r8     = long
  # parm1:    r9        = int
  #           [sp+0x70]  (sp of caller)
  0x0000024187bbbba0: 448b 5208 | 493b c20f | 840b 0000 

  0x0000024187bbbbac: ;   {runtime_call ic_miss_stub}
  0x0000024187bbbbac: 00e9 ce54 | 9cff 660f | 1f44 0000 
[Verified Entry Point]
  0x0000024187bbbbb8: 8984 2400 | 90ff ff55 | 488b ec48 | 83ec 6048 | 8954 2420 | 4883 fa00 | 488d 5424 | 2048 0f44 
  0x0000024187bbbbd8: 5424 20c5 

  0x0000024187bbbbdc: ;   {internal_word}
  0x0000024187bbbbdc: f877 49ba | dbbb bb87 | 4102 0000 | 4d89 97a0 | 0200 0049 | 89a7 9802 

  0x0000024187bbbbf4: ;   {external_word}
  0x0000024187bbbbf4: 0000 49ba | 3d29 6729 | fe7f 0000 | 4180 3a00 | 0f84 5200 | 0000 5241 

  0x0000024187bbbc0c: ;   {metadata({method} {0x000002419eacbee8} 'flushBuffer' '(JI)V' in 'sun/java2d/opengl/OGLRenderQueue')}
  0x0000024187bbbc0c: 5041 5148 | bae0 beac | 9e41 0200 | 0049 8bcf | 4883 ec20 | f7c4 0f00 | 0000 0f84 | 1a00 0000 
  0x0000024187bbbc2c: 4883 ec08 

  0x0000024187bbbc30: ;   {runtime_call SharedRuntime::dtrace_method_entry}
  0x0000024187bbbc30: 49ba b0ea | 1c29 fe7f | 0000 41ff | d248 83c4 | 08e9 0d00 

  0x0000024187bbbc44: ;   {runtime_call SharedRuntime::dtrace_method_entry}
  0x0000024187bbbc44: 0000 49ba | b0ea 1c29 | fe7f 0000 | 41ff d248 | 83c4 2041 | 5941 585a | 498d 8fb8 | 0200 0041 
  0x0000024187bbbc64: c787 4803 | 0000 0400 

  0x0000024187bbbc6c: ;   {runtime_call}
  0x0000024187bbbc6c: 0000 49ba | 60fd cb89 | fe7f 0000 | 41ff d2c5 | f877 41c7 | 8748 0300 | 0005 0000 | 00f0 8344 
  0x0000024187bbbc8c: 24c0 0049 | 3baf 5003 | 0000 0f87 | 1100 0000 | 4181 bf38 | 0300 0000 | 0000 000f | 8421 0000 
  0x0000024187bbbcac: 00c5 f877 | 498b cf4c | 8be4 4883 | ec20 4883 

  0x0000024187bbbcbc: ;   {runtime_call JavaThread::check_special_condition_for_native_trans}
  0x0000024187bbbcbc: e4f0 49ba | f008 2d29 | fe7f 0000 | 41ff d249 | 8be4 41c7 | 8748 0300 | 0008 0000 | 0041 81bf 
  0x0000024187bbbcdc: b803 0000 | 0200 0000 | 0f84 9b00 

  0x0000024187bbbce8: ;   {external_word}
  0x0000024187bbbce8: 0000 49ba | 3d29 6729 | fe7f 0000 | 4180 3a00 | 0f84 4800 

  0x0000024187bbbcfc: ;   {metadata({method} {0x000002419eacbee8} 'flushBuffer' '(JI)V' in 'sun/java2d/opengl/OGLRenderQueue')}
  0x0000024187bbbcfc: 0000 48ba | e0be ac9e | 4102 0000 | 498b cf48 | 83ec 20f7 | c40f 0000 | 000f 841a | 0000 0048 
  0x0000024187bbbd1c: ;   {runtime_call SharedRuntime::dtrace_method_entry}
  0x0000024187bbbd1c: 83ec 0849 | bab0 ea1c | 29fe 7f00 | 0041 ffd2 | 4883 c408 | e90d 0000 

  0x0000024187bbbd34: ;   {runtime_call SharedRuntime::dtrace_method_entry}
  0x0000024187bbbd34: 0049 bab0 | ea1c 29fe | 7f00 0041 | ffd2 4883 | c420 49c7 | 8798 0200 | 0000 0000 | 0049 c787 
  0x0000024187bbbd54: a002 0000 | 0000 0000 | c5f8 7749 | 8b8f d800 | 0000 c781 | 0001 0000 | 0000 0000 | c949 817f 
  0x0000024187bbbd74: 0800 0000 | 000f 8501 | 0000 00c3 

  0x0000024187bbbd80: ;   {runtime_call StubRoutines (1)}
  0x0000024187bbbd80: e97b 5197 | ffc5 f877 | 4c8b e448 | 83ec 2048 

  0x0000024187bbbd90: ;   {runtime_call SharedRuntime::reguard_yellow_pages}
  0x0000024187bbbd90: 83e4 f049 | ba40 1b1d | 29fe 7f00 | 0041 ffd2 | 498b e4e9 | 42ff ffff 
[/MachCode]


Compiled method (c1)   56684 2692       3       sun.java2d.opengl.OGLRenderQueue::flushBuffer (41 bytes)
 total in heap  [0x00000241804fed10,0x00000241804ff358] = 1608
 relocation     [0x00000241804fee68,0x00000241804feed0] = 104
 main code      [0x00000241804feee0,0x00000241804ff1c0] = 736
 stub code      [0x00000241804ff1c0,0x00000241804ff218] = 88
 metadata       [0x00000241804ff218,0x00000241804ff240] = 40
 scopes data    [0x00000241804ff240,0x00000241804ff290] = 80
 scopes pcs     [0x00000241804ff290,0x00000241804ff330] = 160
 dependencies   [0x00000241804ff330,0x00000241804ff338] = 8
 nul chk table  [0x00000241804ff338,0x00000241804ff358] = 32

[Constant Pool (empty)]

[MachCode]
[Entry Point]
  # {method} {0x000002419eacbfe0} 'flushBuffer' '()V' in 'sun/java2d/opengl/OGLRenderQueue'
  #           [sp+0x70]  (sp of caller)
  0x00000241804feee0: 448b 5208 

  0x00000241804feee4: ;   {runtime_call ic_miss_stub}
  0x00000241804feee4: 4c3b d00f | 8593 2108 | 0766 6666 | 0f1f 8400 | 0000 0000 | 6666 6690 | 0f1f 4000 
[Verified Entry Point]
  0x00000241804fef00: 8984 2400 | 90ff ff55 | 4883 ec60 

  0x00000241804fef0c: ;   {metadata(method data for {method} {0x000002419eacbfe0} 'flushBuffer' '()V' in 'sun/java2d/opengl/OGLRenderQueue')}
  0x00000241804fef0c: 49b8 18da | 359f 4102 | 0000 458b | 88cc 0000 | 0041 83c1 | 0245 8988 | cc00 0000 | 4181 e1fe 
  0x00000241804fef2c: 0700 0041 | 83f9 000f | 84d6 0100 | 004c 8b42 | 1049 3b00 

  0x00000241804fef40: ;   {metadata(method data for {method} {0x000002419eacbfe0} 'flushBuffer' '()V' in 'sun/java2d/opengl/OGLRenderQueue')}
  0x00000241804fef40: 4d8b c848 | be18 da35 | 9f41 0200 | 0048 8386 | 1001 0000 

  0x00000241804fef54: ;   {metadata(method data for {method} {0x000002419eace2c0} 'position' '()I' in 'sun/java2d/pipe/RenderBuffer')}
  0x00000241804fef54: 0149 b9a0 | ac3c 9f41 | 0200 0041 | 8bb1 cc00 | 0000 83c6 | 0241 89b1 | cc00 0000 | 81e6 feff 
  0x00000241804fef74: 1f00 83fe | 000f 84b6 | 0100 004d | 8b48 2049 | 8b70 104c | 2bce 458b | c941 83f9 

  0x00000241804fef90: ;   {metadata(method data for {method} {0x000002419eacbfe0} 'flushBuffer' '()V' in 'sun/java2d/opengl/OGLRenderQueue')}
  0x00000241804fef90: 0048 bf18 | da35 9f41 | 0200 0048 | bb48 0100 | 0000 0000 | 000f 8e0a | 0000 0048 | bb58 0100 
  0x00000241804fefb0: 0000 0000 | 0048 8b04 | 1f48 8d40 | 0148 8904 | 1f0f 8e42 

  0x00000241804fefc4: ;   {metadata(method data for {method} {0x000002419eacbfe0} 'flushBuffer' '()V' in 'sun/java2d/opengl/OGLRenderQueue')}
  0x00000241804fefc4: 0000 0048 | bf18 da35 | 9f41 0200 | 0048 8387 | 6801 0000 | 014c 8bc2 

  0x00000241804fefdc: ;   {metadata(method data for {method} {0x000002419eacbfe0} 'flushBuffer' '()V' in 'sun/java2d/opengl/OGLRenderQueue')}
  0x00000241804fefdc: 48bf 18da | 359f 4102 | 0000 4883 | 87a0 0100 | 0001 4c8b | c648 8bf2 | 488b d648 | 8974 2450 
  0x00000241804feffc: ;   {optimized virtual_call}
  0x00000241804feffc: 6666 90e8 

  0x00000241804ff000: ; ImmutableOopMap {[80]=Oop }
                      ;*invokevirtual flushBuffer {reexecute=0 rethrow=0 return_oop=0}
                      ; - sun.java2d.opengl.OGLRenderQueue::flushBuffer@21 (line 150)
  0x00000241804ff000: b4cb 6b07 | 488b 5424 | 5048 8b72 | 1048 3b06 

  0x00000241804ff010: ;   {metadata(method data for {method} {0x000002419eacbfe0} 'flushBuffer' '()V' in 'sun/java2d/opengl/OGLRenderQueue')}
  0x00000241804ff010: 488b fe48 | bb18 da35 | 9f41 0200 | 0048 8383 | d801 0000 

  0x00000241804ff024: ;   {metadata(method data for {method} {0x000002419eace440} 'clear' '()V' in 'sun/java2d/pipe/RenderBuffer')}
  0x00000241804ff024: 0148 bfa0 | dc35 9f41 | 0200 008b | 9fcc 0000 | 0083 c302 | 899f cc00 | 0000 81e3 | feff 1f00 
  0x00000241804ff044: 83fb 000f | 840e 0100 | 0048 8b7e | 1048 897e | 2048 8b52 | 1848 3b02 

  0x00000241804ff05c: ;   {metadata(method data for {method} {0x000002419eacbfe0} 'flushBuffer' '()V' in 'sun/java2d/opengl/OGLRenderQueue')}
  0x00000241804ff05c: 488b f248 | bf18 da35 | 9f41 0200 | 008b 7608 | 483b b720 | 0200 0075 | 0d48 8387 | 2802 0000 
  0x00000241804ff07c: 01e9 6600 | 0000 483b | b730 0200 | 0075 0d48 | 8387 3802 | 0000 01e9 | 5000 0000 | 4881 bf20 
  0x00000241804ff09c: 0200 0000 | 0000 0075 | 1748 89b7 | 2002 0000 | 48c7 8728 | 0200 0001 | 0000 00e9 | 2c00 0000 
  0x00000241804ff0bc: 4881 bf30 | 0200 0000 | 0000 0075 | 1748 89b7 | 3002 0000 | 48c7 8738 | 0200 0001 | 0000 00e9 
  0x00000241804ff0dc: 0800 0000 | 4883 8710 | 0200 0001 | 0f1f 4400 | 0048 b828 | 4e07 8000 

  0x00000241804ff0f4: ;   {virtual_call}
  0x00000241804ff0f4: 0000 00e8 

  0x00000241804ff0f8: ; ImmutableOopMap {}
                      ;*invokeinterface clear {reexecute=0 rethrow=0 return_oop=0}
                      ; - sun.java2d.opengl.OGLRenderQueue::flushBuffer@35 (line 155)
  0x00000241804ff0f8: c4b3 0200 | 4883 c460 

  0x00000241804ff100: ;   {poll_return}
  0x00000241804ff100: 5d49 3ba7 | 5003 0000 | 0f87 7300 

  0x00000241804ff10c: ;   {metadata({method} {0x000002419eacbfe0} 'flushBuffer' '()V' in 'sun/java2d/opengl/OGLRenderQueue')}
  0x00000241804ff10c: 0000 c349 | bad8 bfac | 9e41 0200 | 004c 8954 | 2408 48c7 | 0424 ffff 

  0x00000241804ff124: ;   {runtime_call counter_overflow Runtime1 stub}
  0x00000241804ff124: ffff e855 

  0x00000241804ff128: ; ImmutableOopMap {rdx=Oop }
                      ;*synchronization entry
                      ; - sun.java2d.opengl.OGLRenderQueue::flushBuffer@-1 (line 147)
  0x00000241804ff128: a012 07e9 | 09fe ffff 

  0x00000241804ff130: ;   {runtime_call throw_null_pointer_exception Runtime1 stub}
  0x00000241804ff130: e86b 4312 

  0x00000241804ff134: ; ImmutableOopMap {rdx=Oop r8=Oop }
                      ;*invokevirtual position {reexecute=0 rethrow=0 return_oop=0}
                      ; - sun.java2d.opengl.OGLRenderQueue::flushBuffer@4 (line 147)
                      ;   {metadata({method} {0x000002419eace2c0} 'position' '()I' in 'sun/java2d/pipe/RenderBuffer')}
  0x00000241804ff134: 0749 bab8 | e2ac 9e41 | 0200 004c | 8954 2408 | 48c7 0424 | ffff ffff 

  0x00000241804ff14c: ;   {runtime_call counter_overflow Runtime1 stub}
  0x00000241804ff14c: e82f a012 

  0x00000241804ff150: ; ImmutableOopMap {rdx=Oop r8=Oop }
                      ;*synchronization entry
                      ; - sun.java2d.pipe.RenderBuffer::position@-1 (line 110)
                      ; - sun.java2d.opengl.OGLRenderQueue::flushBuffer@4 (line 147)
  0x00000241804ff150: 07e9 29fe 

  0x00000241804ff154: ;   {runtime_call throw_null_pointer_exception Runtime1 stub}
  0x00000241804ff154: ffff e845 

  0x00000241804ff158: ; ImmutableOopMap {rdx=Oop rsi=Oop }
                      ;*invokevirtual clear {reexecute=0 rethrow=0 return_oop=0}
                      ; - sun.java2d.opengl.OGLRenderQueue::flushBuffer@28 (line 153)
                      ;   {metadata({method} {0x000002419eace440} 'clear' '()V' in 'sun/java2d/pipe/RenderBuffer')}
  0x00000241804ff158: 4312 0749 | ba38 e4ac | 9e41 0200 | 004c 8954 | 2408 48c7 | 0424 ffff 

  0x00000241804ff170: ;   {runtime_call counter_overflow Runtime1 stub}
  0x00000241804ff170: ffff e809 

  0x00000241804ff174: ; ImmutableOopMap {rdx=Oop rsi=Oop }
                      ;*synchronization entry
                      ; - sun.java2d.pipe.RenderBuffer::clear@-1 (line 118)
                      ; - sun.java2d.opengl.OGLRenderQueue::flushBuffer@28 (line 153)
  0x00000241804ff174: a012 07e9 | d1fe ffff 

  0x00000241804ff17c: ;   {runtime_call throw_null_pointer_exception Runtime1 stub}
  0x00000241804ff17c: e81f 4312 

  0x00000241804ff180: ; ImmutableOopMap {rdx=Oop }
                      ;*invokeinterface clear {reexecute=0 rethrow=0 return_oop=0}
                      ; - sun.java2d.opengl.OGLRenderQueue::flushBuffer@35 (line 155)
                      ;   {internal_word}
  0x00000241804ff180: 0749 ba01 | f14f 8041 | 0200 004d | 8997 6803 

  0x00000241804ff190: ;   {runtime_call SafepointBlob}
  0x00000241804ff190: 0000 e969 | 8808 0790 | 9049 8b87 | e003 0000 | 49c7 87e0 | 0300 0000 | 0000 0049 | c787 e803 
  0x00000241804ff1b0: 0000 0000 | 0000 4883 

  0x00000241804ff1b8: ;   {runtime_call unwind_exception Runtime1 stub}
  0x00000241804ff1b8: c460 5de9 | c030 1207 
[Stub Code]
  0x00000241804ff1c0: ;   {no_reloc}
  0x00000241804ff1c0: 0f1f 4400 

  0x00000241804ff1c4: ;   {static_stub}
  0x00000241804ff1c4: 0048 bbe0 | beac 9e41 

  0x00000241804ff1cc: ;   {runtime_call I2C/C2I adapters}
  0x00000241804ff1cc: 0200 00e9 | 0091 0807 

  0x00000241804ff1d4: ;   {static_stub}
  0x00000241804ff1d4: 9048 bb00 | 0000 0000 

  0x00000241804ff1dc: ;   {runtime_call}
  0x00000241804ff1dc: 0000 00e9 | fbff ffff 
[Exception Handler]
  0x00000241804ff1e4: ;   {runtime_call handle_exception_from_callee Runtime1 stub}
  0x00000241804ff1e4: e897 6c12 

  0x00000241804ff1e8: ;   {external_word}
  0x00000241804ff1e8: 0748 b990 | 6d41 29fe | 7f00 0048 

  0x00000241804ff1f4: ;   {runtime_call MacroAssembler::debug64}
  0x00000241804ff1f4: 83e4 f049 | ba30 df09 | 29fe 7f00 | 0041 ffd2 

  0x00000241804ff204: ;   {section_word}
  0x00000241804ff204: f449 ba05 | f24f 8041 | 0200 0041 

  0x00000241804ff210: ;   {runtime_call DeoptimizationBlob}
  0x00000241804ff210: 52e9 8a7a | 0807 f4f4 
[/MachCode]


---------------  P R O C E S S  ---------------

Threads class SMR info:
_java_thread_list=0x00000241a8344550, length=44, elements={
0x00000667ff5123b0, 0x00000667ff5298f0, 0x00000667ff5612c0, 0x00000667ff570d60,
0x00000667ff572750, 0x00000667ff573110, 0x00000667ff575e10, 0x00000667ff580fd0,
0x00000667ff584020, 0x00000667ff6e8fd0, 0x000002419d4a6210, 0x000002419d4a66f0,
0x000002419d7223a0, 0x00000241a7db8010, 0x00000241a82b9da0, 0x00000241a81fb6a0,
0x00000241a8340980, 0x00000241a838c2f0, 0x00000241a838b3c0, 0x00000241a838e150,
0x00000241a838bde0, 0x00000241a838cd10, 0x00000241a838e660, 0x00000241a838dc40,
0x00000241a838d730, 0x00000241a838eb70, 0x00000241a838c800, 0x00000241a838d220,
0x00000241a838b8d0, 0x00000241a83ebde0, 0x00000241a83eb3c0, 0x00000241a83ea490,
0x00000241a83ef590, 0x00000241a83efaa0, 0x00000241a83ea9a0, 0x00000241a83f0ee0,
0x00000241a83ed730, 0x00000241a83eb8d0, 0x00000241a83f04c0, 0x00000241a83e9a70,
0x00000241a83ed220, 0x00000241a83edc40, 0x00000241a83ee660, 0x00000241a83ef080
}

Java Threads: ( => current thread )
  0x00000667ff5123b0 JavaThread "Reference Handler" daemon [_thread_blocked, id=23720, stack(0x0000005eb7d00000,0x0000005eb7e00000)]
  0x00000667ff5298f0 JavaThread "Finalizer" daemon [_thread_blocked, id=37300, stack(0x0000005eb7e00000,0x0000005eb7f00000)]
  0x00000667ff5612c0 JavaThread "Signal Dispatcher" daemon [_thread_blocked, id=33632, stack(0x0000005eb7f00000,0x0000005eb8000000)]
  0x00000667ff570d60 JavaThread "Attach Listener" daemon [_thread_blocked, id=29028, stack(0x0000005eb8000000,0x0000005eb8100000)]
  0x00000667ff572750 JavaThread "Service Thread" daemon [_thread_blocked, id=28436, stack(0x0000005eb8100000,0x0000005eb8200000)]
  0x00000667ff573110 JavaThread "Monitor Deflation Thread" daemon [_thread_blocked, id=37792, stack(0x0000005eb8200000,0x0000005eb8300000)]
  0x00000667ff575e10 JavaThread "C2 CompilerThread0" daemon [_thread_blocked, id=12292, stack(0x0000005eb8300000,0x0000005eb8400000)]
  0x00000667ff580fd0 JavaThread "C1 CompilerThread0" daemon [_thread_blocked, id=13856, stack(0x0000005eb8400000,0x0000005eb8500000)]
  0x00000667ff584020 JavaThread "Sweeper thread" daemon [_thread_blocked, id=10332, stack(0x0000005eb8500000,0x0000005eb8600000)]
  0x00000667ff6e8fd0 JavaThread "Common-Cleaner" daemon [_thread_blocked, id=11972, stack(0x0000005eb8600000,0x0000005eb8700000)]
  0x000002419d4a6210 JavaThread "Monitor Ctrl-Break" daemon [_thread_in_native, id=34344, stack(0x0000005eb8700000,0x0000005eb8800000)]
  0x000002419d4a66f0 JavaThread "Notification Thread" daemon [_thread_blocked, id=38744, stack(0x0000005eb8800000,0x0000005eb8900000)]
=>0x000002419d7223a0 JavaThread "Java2D Queue Flusher" daemon [_thread_in_native, id=692, stack(0x0000005eb8a00000,0x0000005eb8b00000)]
  0x00000241a7db8010 JavaThread "Java2D Disposer" daemon [_thread_blocked, id=38788, stack(0x0000005eb8f00000,0x0000005eb9000000)]
  0x00000241a82b9da0 JavaThread "AWT-Windows" daemon [_thread_in_native, id=3400, stack(0x0000005eb9200000,0x0000005eb9300000)]
  0x00000241a81fb6a0 JavaThread "Java Sound Event Dispatcher" daemon [_thread_blocked, id=36936, stack(0x0000005eb9d00000,0x0000005eb9e00000)]
  0x00000241a8340980 JavaThread "Direct Clip" daemon [_thread_blocked, id=10116, stack(0x0000005eba000000,0x0000005eba100000)]
  0x00000241a838c2f0 JavaThread "Direct Clip" daemon [_thread_blocked, id=16552, stack(0x0000005eba100000,0x0000005eba200000)]
  0x00000241a838b3c0 JavaThread "Direct Clip" daemon [_thread_blocked, id=32380, stack(0x0000005eba200000,0x0000005eba300000)]
  0x00000241a838e150 JavaThread "Direct Clip" daemon [_thread_blocked, id=28796, stack(0x0000005eba300000,0x0000005eba400000)]
  0x00000241a838bde0 JavaThread "Direct Clip" daemon [_thread_blocked, id=36132, stack(0x0000005eba400000,0x0000005eba500000)]
  0x00000241a838cd10 JavaThread "Direct Clip" daemon [_thread_blocked, id=34044, stack(0x0000005eba500000,0x0000005eba600000)]
  0x00000241a838e660 JavaThread "Direct Clip" daemon [_thread_blocked, id=8016, stack(0x0000005eba600000,0x0000005eba700000)]
  0x00000241a838dc40 JavaThread "Direct Clip" daemon [_thread_blocked, id=14560, stack(0x0000005eba700000,0x0000005eba800000)]
  0x00000241a838d730 JavaThread "Direct Clip" daemon [_thread_blocked, id=2996, stack(0x0000005eba800000,0x0000005eba900000)]
  0x00000241a838eb70 JavaThread "Direct Clip" daemon [_thread_blocked, id=14348, stack(0x0000005eba900000,0x0000005ebaa00000)]
  0x00000241a838c800 JavaThread "Direct Clip" daemon [_thread_blocked, id=23612, stack(0x0000005ebaa00000,0x0000005ebab00000)]
  0x00000241a838d220 JavaThread "Direct Clip" daemon [_thread_blocked, id=35896, stack(0x0000005ebab00000,0x0000005ebac00000)]
  0x00000241a838b8d0 JavaThread "Direct Clip" daemon [_thread_blocked, id=23124, stack(0x0000005ebac00000,0x0000005ebad00000)]
  0x00000241a83ebde0 JavaThread "Direct Clip" daemon [_thread_blocked, id=35304, stack(0x0000005eb9100000,0x0000005eb9200000)]
  0x00000241a83eb3c0 JavaThread "Direct Clip" daemon [_thread_blocked, id=4112, stack(0x0000005ebad00000,0x0000005ebae00000)]
  0x00000241a83ea490 JavaThread "Direct Clip" daemon [_thread_blocked, id=23536, stack(0x0000005ebae00000,0x0000005ebaf00000)]
  0x00000241a83ef590 JavaThread "Direct Clip" daemon [_thread_blocked, id=2492, stack(0x0000005ebaf00000,0x0000005ebb000000)]
  0x00000241a83efaa0 JavaThread "Direct Clip" daemon [_thread_blocked, id=11808, stack(0x0000005ebb000000,0x0000005ebb100000)]
  0x00000241a83ea9a0 JavaThread "Direct Clip" daemon [_thread_blocked, id=28364, stack(0x0000005ebb100000,0x0000005ebb200000)]
  0x00000241a83f0ee0 JavaThread "Direct Clip" daemon [_thread_blocked, id=13664, stack(0x0000005ebb200000,0x0000005ebb300000)]
  0x00000241a83ed730 JavaThread "Direct Clip" daemon [_thread_blocked, id=26600, stack(0x0000005ebb300000,0x0000005ebb400000)]
  0x00000241a83eb8d0 JavaThread "AWT-Shutdown" [_thread_blocked, id=35756, stack(0x0000005ebb800000,0x0000005ebb900000)]
  0x00000241a83f04c0 JavaThread "AWT-EventQueue-0" [_thread_blocked, id=36004, stack(0x0000005ebb900000,0x0000005ebba00000)]
  0x00000241a83e9a70 JavaThread "DestroyJavaVM" [_thread_blocked, id=35408, stack(0x0000005eb7600000,0x0000005eb7700000)]
  0x00000241a83ed220 JavaThread "TimerQueue" daemon [_thread_blocked, id=9984, stack(0x0000005ebc000000,0x0000005ebc100000)]
  0x00000241a83edc40 JavaThread "Thread-0" [_thread_blocked, id=35936, stack(0x0000005ebc100000,0x0000005ebc200000)]
  0x00000241a83ee660 JavaThread "ztt" [_thread_in_vm, id=34740, stack(0x0000005ebc200000,0x0000005ebc300000)]
  0x00000241a83ef080 JavaThread "ToolkitShutdown" daemon [_thread_in_native, id=15420, stack(0x0000005ebc500000,0x0000005ebc600000)]

Other Threads:
  0x00000667ff50d6a0 VMThread "VM Thread" [stack: 0x0000005eb7c00000,0x0000005eb7d00000] [id=31252]
  0x00000241f9a6fb80 WatcherThread [stack: 0x0000005eb8900000,0x0000005eb8a00000] [id=39456]
  0x00000241f9b2d5b0 GCTaskThread "GC Thread#0" [stack: 0x0000005eb7700000,0x0000005eb7800000] [id=29244]
  0x00000241a8317270 GCTaskThread "GC Thread#1" [stack: 0x0000005eb9300000,0x0000005eb9400000] [id=21956]
  0x00000241a8317530 GCTaskThread "GC Thread#2" [stack: 0x0000005eb9400000,0x0000005eb9500000] [id=3648]
  0x00000241a83177f0 GCTaskThread "GC Thread#3" [stack: 0x0000005eb9500000,0x0000005eb9600000] [id=3608]
  0x00000241a8317ab0 GCTaskThread "GC Thread#4" [stack: 0x0000005eb9600000,0x0000005eb9700000] [id=38176]
  0x00000241a824f350 GCTaskThread "GC Thread#5" [stack: 0x0000005eb9700000,0x0000005eb9800000] [id=34684]
  0x00000241a800bd80 GCTaskThread "GC Thread#6" [stack: 0x0000005eb9800000,0x0000005eb9900000] [id=11208]
  0x00000241a8314870 GCTaskThread "GC Thread#7" [stack: 0x0000005eb9900000,0x0000005eb9a00000] [id=14500]
  0x00000241a8314b30 GCTaskThread "GC Thread#8" [stack: 0x0000005eb9a00000,0x0000005eb9b00000] [id=26484]
  0x00000241a7ffe020 GCTaskThread "GC Thread#9" [stack: 0x0000005eb9b00000,0x0000005eb9c00000] [id=34636]
  0x00000241f9b2ec70 ConcurrentGCThread "G1 Main Marker" [stack: 0x0000005eb7800000,0x0000005eb7900000] [id=34064]
  0x00000241fdcb2a70 ConcurrentGCThread "G1 Conc#0" [stack: 0x0000005eb7900000,0x0000005eb7a00000] [id=36960]
  0x00000241a8638df0 ConcurrentGCThread "G1 Conc#1" [stack: 0x0000005ebbe00000,0x0000005ebbf00000] [id=38576]
  0x00000241a8923520 ConcurrentGCThread "G1 Conc#2" [stack: 0x0000005ebbf00000,0x0000005ebc000000] [id=24060]
  0x00000241fdd2c090 ConcurrentGCThread "G1 Refine#0" [stack: 0x0000005eb7a00000,0x0000005eb7b00000] [id=26260]
  0x00000241a83f3270 ConcurrentGCThread "G1 Refine#1" [stack: 0x0000005ebb400000,0x0000005ebb500000] [id=36084]
  0x00000241a8445800 ConcurrentGCThread "G1 Refine#2" [stack: 0x0000005ebb500000,0x0000005ebb600000] [id=28440]
  0x00000241a85a2cb0 ConcurrentGCThread "G1 Refine#3" [stack: 0x0000005ebb600000,0x0000005ebb700000] [id=17512]
  0x00000241a8440530 ConcurrentGCThread "G1 Refine#4" [stack: 0x0000005ebb700000,0x0000005ebb800000] [id=21084]
  0x00000241a7ceef20 ConcurrentGCThread "G1 Refine#5" [stack: 0x0000005ebba00000,0x0000005ebbb00000] [id=7068]
  0x00000241fdd2cac0 ConcurrentGCThread "G1 Service" [stack: 0x0000005eb7b00000,0x0000005eb7c00000] [id=35068]

Threads with active compile tasks:

VM state: not at safepoint (normal execution)

VM Mutex/Monitor currently owned by a thread: None

CDS archive(s) not mapped
Compressed class space mapped at: 0x0000000080000000-0x00000000c0000000, reserved size: 1073741824
Narrow klass base: 0x0000000000000000, Narrow klass shift: 0, Narrow klass range: 0xc0000000

GC Precious Log:
 CPUs: 12 total, 12 available
 Memory: 16254M
 Large Page Support: Disabled
 NUMA Support: Disabled
 Compressed Oops: Disabled
 Heap Region Size: 32M
 Heap Min Capacity: 32M
 Heap Initial Capacity: 256M
 Heap Max Capacity: 4096G
 Pre-touch: Disabled
 Parallel Workers: 10
 Concurrent Workers: 3
 Concurrent Refinement Workers: 10
 Periodic GC: Disabled

Heap:
 garbage-first heap   total 884736K, used 264456K [0x00000241fe000000, 0x00000641fe000000)
  region size 32768K, 4 young (131072K), 1 survivors (32768K)
 Metaspace       used 22715K, committed 22976K, reserved 1114112K
  class space    used 2305K, committed 2432K, reserved 1048576K

Heap Regions: E=young(eden), S=young(survivor), O=old, HS=humongous(starts), HC=humongous(continues), CS=collection set, F=free, OA=open archive, CA=closed archive, TAMS=top-at-mark-start (previous, next)
|   0|0x00000241fe000000, 0x0000024200000000, 0x0000024200000000|100%| O|  |TAMS 0x0000024200000000, 0x00000241fe000000| Untracked 
|   1|0x0000024200000000, 0x0000024202000000, 0x0000024202000000|100%|HS|  |TAMS 0x0000024202000000, 0x0000024200000000| Complete 
|   2|0x0000024202000000, 0x0000024204000000, 0x0000024204000000|100%| O|  |TAMS 0x0000024204000000, 0x0000024202000000| Complete 
|   3|0x0000024204000000, 0x0000024206000000, 0x0000024206000000|100%| O|  |TAMS 0x0000024206000000, 0x0000024204000000| Untracked 
|   4|0x0000024206000000, 0x0000024208000000, 0x0000024208000000|100%| O|  |TAMS 0x0000024207d75a00, 0x0000024206000000| Untracked 
|   5|0x0000024208000000, 0x0000024209c82e00, 0x000002420a000000| 89%| O|  |TAMS 0x0000024208000000, 0x0000024208000000| Untracked 
|   6|0x000002420a000000, 0x000002420a000000, 0x000002420c000000|  0%| F|  |TAMS 0x000002420a000000, 0x000002420a000000| Untracked 
|   7|0x000002420c000000, 0x000002420c000000, 0x000002420e000000|  0%| F|  |TAMS 0x000002420c000000, 0x000002420c000000| Untracked 
|   8|0x000002420e000000, 0x000002420e000000, 0x0000024210000000|  0%| F|  |TAMS 0x000002420e000000, 0x000002420e000000| Untracked 
|   9|0x0000024210000000, 0x0000024210000000, 0x0000024212000000|  0%| F|  |TAMS 0x0000024210000000, 0x0000024210000000| Untracked 
|  10|0x0000024212000000, 0x0000024212000000, 0x0000024214000000|  0%| F|  |TAMS 0x0000024212000000, 0x0000024212000000| Untracked 
|  11|0x0000024214000000, 0x0000024214000000, 0x0000024216000000|  0%| F|  |TAMS 0x0000024214000000, 0x0000024214000000| Untracked 
|  12|0x0000024216000000, 0x00000242165bf220, 0x0000024218000000| 17%| S|CS|TAMS 0x0000024216000000, 0x0000024216000000| Complete 
|  13|0x0000024218000000, 0x0000024218000000, 0x000002421a000000|  0%| F|  |TAMS 0x0000024218000000, 0x0000024218000000| Untracked 
|  14|0x000002421a000000, 0x000002421a000000, 0x000002421c000000|  0%| F|  |TAMS 0x000002421a000000, 0x000002421a000000| Untracked 
|  15|0x000002421c000000, 0x000002421c000000, 0x000002421e000000|  0%| F|  |TAMS 0x000002421c000000, 0x000002421c000000| Untracked 
|  16|0x000002421e000000, 0x000002421e000000, 0x0000024220000000|  0%| F|  |TAMS 0x000002421e000000, 0x000002421e000000| Untracked 
|  17|0x0000024220000000, 0x0000024220000000, 0x0000024222000000|  0%| F|  |TAMS 0x0000024220000000, 0x0000024220000000| Untracked 
|  18|0x0000024222000000, 0x0000024222000000, 0x0000024224000000|  0%| F|  |TAMS 0x0000024222000000, 0x0000024222000000| Untracked 
|  19|0x0000024224000000, 0x0000024224000000, 0x0000024226000000|  0%| F|  |TAMS 0x0000024224000000, 0x0000024224000000| Untracked 
|  20|0x0000024226000000, 0x0000024226000000, 0x0000024228000000|  0%| F|  |TAMS 0x0000024226000000, 0x0000024226000000| Untracked 
|  21|0x0000024228000000, 0x0000024228000000, 0x000002422a000000|  0%| F|  |TAMS 0x0000024228000000, 0x0000024228000000| Untracked 
|  22|0x000002422a000000, 0x000002422a000000, 0x000002422c000000|  0%| F|  |TAMS 0x000002422a000000, 0x000002422a000000| Untracked 
|  23|0x000002422c000000, 0x000002422c000000, 0x000002422e000000|  0%| F|  |TAMS 0x000002422c000000, 0x000002422c000000| Untracked 
|  24|0x000002422e000000, 0x000002422e812ba0, 0x0000024230000000| 25%| E|  |TAMS 0x000002422e000000, 0x000002422e000000| Complete 
|  25|0x0000024230000000, 0x0000024232000000, 0x0000024232000000|100%| E|CS|TAMS 0x0000024230000000, 0x0000024230000000| Complete 
|  30|0x000002423a000000, 0x000002423c000000, 0x000002423c000000|100%| E|CS|TAMS 0x000002423a000000, 0x000002423a000000| Complete 

Card table byte_map: [0x00000643fe000000,0x00000645fe000000] _byte_map_base: 0x00000642dd010000

Marking Bits (Prev, Next): (CMBitMap*) 0x00000241f9b2dc10, (CMBitMap*) 0x00000241f9b2dbd0
 Prev Bits: [0x00000657fe000000, 0x00000667fe000000)
 Next Bits: [0x00000647fe000000, 0x00000657fe000000)

Polling page: 0x00000241f79e0000

Metaspace:

Usage:
  Non-class:     19.93 MB used.
      Class:      2.25 MB used.
       Both:     22.18 MB used.

Virtual space:
  Non-class space:       64.00 MB reserved,      20.06 MB ( 31%) committed,  1 nodes.
      Class space:        1.00 GB reserved,       2.38 MB ( <1%) committed,  1 nodes.
             Both:        1.06 GB reserved,      22.44 MB (  2%) committed. 

Chunk freelists:
   Non-Class:  11.00 MB
       Class:  13.59 MB
        Both:  24.59 MB

MaxMetaspaceSize: unlimited
CompressedClassSpaceSize: 1.00 GB
Initial GC threshold: 21.00 MB
Current GC threshold: 35.12 MB
CDS: off
MetaspaceReclaimPolicy: balanced
 - commit_granule_bytes: 65536.
 - commit_granule_words: 8192.
 - virtual_space_node_default_size: 8388608.
 - enlarge_chunks_in_place: 1.
 - new_chunks_are_fully_committed: 0.
 - uncommit_free_chunks: 1.
 - use_allocation_guard: 0.
 - handle_deallocations: 1.


Internal statistics:

num_allocs_failed_limit: 3.
num_arena_births: 270.
num_arena_deaths: 0.
num_vsnodes_births: 2.
num_vsnodes_deaths: 0.
num_space_committed: 359.
num_space_uncommitted: 0.
num_chunks_returned_to_freelist: 3.
num_chunks_taken_from_freelist: 410.
num_chunk_merges: 0.
num_chunk_splits: 229.
num_chunks_enlarged: 111.
num_inconsistent_stats: 0.

CodeHeap 'non-profiled nmethods': size=120000Kb used=1449Kb max_used=1449Kb free=118550Kb
 bounds [0x0000024187ad0000, 0x0000024187d40000, 0x000002418f000000]
CodeHeap 'profiled nmethods': size=120000Kb used=5915Kb max_used=5915Kb free=114084Kb
 bounds [0x0000024180000000, 0x00000241805d0000, 0x0000024187530000]
CodeHeap 'non-nmethods': size=5760Kb used=1314Kb max_used=1386Kb free=4445Kb
 bounds [0x0000024187530000, 0x00000241877a0000, 0x0000024187ad0000]
 total_blobs=3755 nmethods=3101 adapters=566
 compilation: enabled
              stopped_count=0, restarted_count=0
 full_count=0

Compilation events (20 events):
Event: 55.936 Thread 0x00000667ff580fd0 3093       1       com.sun.media.sound.DirectAudioDevice$DirectClip::getFrameLength (5 bytes)
Event: 55.936 Thread 0x00000667ff580fd0 nmethod 3093 0x0000024187c39b90 code [0x0000024187c39d20, 0x0000024187c39df8]
Event: 56.034 Thread 0x00000667ff575e10 3094  s    4       sun.java2d.opengl.OGLRenderQueue::getInstance (20 bytes)
Event: 56.034 Thread 0x00000667ff575e10 nmethod 3094 0x0000024187c39e90 code [0x0000024187c3a020, 0x0000024187c3a1f8]
Event: 56.085 Thread 0x00000667ff580fd0 3096       3       java.awt.Component$FlipBufferStrategy::updateInternalBuffers (38 bytes)
Event: 56.086 Thread 0x00000667ff580fd0 nmethod 3096 0x00000241805be910 code [0x00000241805beb00, 0x00000241805bf1d8]
Event: 56.086 Thread 0x00000667ff580fd0 3099       3       net.sendback.util.Settings::getBoolean (13 bytes)
Event: 56.086 Thread 0x00000667ff580fd0 nmethod 3099 0x00000241805bf390 code [0x00000241805bf540, 0x00000241805bf768]
Event: 56.086 Thread 0x00000667ff580fd0 3097       3       net.sendback.util.Settings::getInt (13 bytes)
Event: 56.086 Thread 0x00000667ff580fd0 nmethod 3097 0x00000241805bf890 code [0x00000241805bfa40, 0x00000241805bfc68]
Event: 56.086 Thread 0x00000667ff580fd0 3095       3       java.awt.Component$FlipBufferStrategy::getDrawGraphics (12 bytes)
Event: 56.086 Thread 0x00000667ff580fd0 nmethod 3095 0x00000241805bfd90 code [0x00000241805bff40, 0x00000241805c01b8]
Event: 56.086 Thread 0x00000667ff580fd0 3098       3       net.sendback.objects.entity.Player::getTexture (218 bytes)
Event: 56.086 Thread 0x00000667ff580fd0 nmethod 3098 0x00000241805c0290 code [0x00000241805c04a0, 0x00000241805c0d98]
Event: 56.184 Thread 0x00000667ff575e10 3100       4       java.awt.event.InputEvent::getModifiers (8 bytes)
Event: 56.185 Thread 0x00000667ff575e10 nmethod 3100 0x0000024187c3a290 code [0x0000024187c3a400, 0x0000024187c3a478]
Event: 56.410 Thread 0x00000667ff580fd0 3101       3       net.sendback.util.Session::update (8 bytes)
Event: 56.411 Thread 0x00000667ff580fd0 nmethod 3101 0x00000241805c0f10 code [0x00000241805c10c0, 0x00000241805c1208]
Event: 56.411 Thread 0x00000667ff580fd0 3102       3       net.sendback.objects.entity.Player::update (1363 bytes)
Event: 56.415 Thread 0x00000667ff580fd0 nmethod 3102 0x00000241805c1310 code [0x00000241805c1a00, 0x00000241805c5878]

GC Heap History (20 events):
Event: 1.166 GC heap before
{Heap before GC invocations=0 (full 0):
 garbage-first heap   total 262144K, used 32768K [0x00000241fe000000, 0x00000641fe000000)
  region size 32768K, 1 young (32768K), 0 survivors (0K)
 Metaspace       used 16506K, committed 16768K, reserved 1114112K
  class space    used 1554K, committed 1664K, reserved 1048576K
}
Event: 1.178 GC heap after
{Heap after GC invocations=1 (full 0):
 garbage-first heap   total 262144K, used 6509K [0x00000241fe000000, 0x00000641fe000000)
  region size 32768K, 1 young (32768K), 1 survivors (32768K)
 Metaspace       used 16506K, committed 16768K, reserved 1114112K
  class space    used 1554K, committed 1664K, reserved 1048576K
}
Event: 1.324 GC heap before
{Heap before GC invocations=1 (full 0):
 garbage-first heap   total 262144K, used 6509K [0x00000241fe000000, 0x00000641fe000000)
  region size 32768K, 2 young (65536K), 1 survivors (32768K)
 Metaspace       used 16571K, committed 16832K, reserved 1114112K
  class space    used 1557K, committed 1664K, reserved 1048576K
}
Event: 1.332 GC heap after
{Heap after GC invocations=2 (full 0):
 garbage-first heap   total 262144K, used 17486K [0x00000241fe000000, 0x00000641fe000000)
  region size 32768K, 1 young (32768K), 1 survivors (32768K)
 Metaspace       used 16571K, committed 16832K, reserved 1114112K
  class space    used 1557K, committed 1664K, reserved 1048576K
}
Event: 1.611 GC heap before
{Heap before GC invocations=2 (full 0):
 garbage-first heap   total 262144K, used 50254K [0x00000241fe000000, 0x00000641fe000000)
  region size 32768K, 2 young (65536K), 1 survivors (32768K)
 Metaspace       used 16587K, committed 16832K, reserved 1114112K
  class space    used 1557K, committed 1664K, reserved 1048576K
}
Event: 1.622 GC heap after
{Heap after GC invocations=3 (full 0):
 garbage-first heap   total 262144K, used 31603K [0x00000241fe000000, 0x00000641fe000000)
  region size 32768K, 1 young (32768K), 1 survivors (32768K)
 Metaspace       used 16587K, committed 16832K, reserved 1114112K
  class space    used 1557K, committed 1664K, reserved 1048576K
}
Event: 1.683 GC heap before
{Heap before GC invocations=3 (full 0):
 garbage-first heap   total 262144K, used 31603K [0x00000241fe000000, 0x00000641fe000000)
  region size 32768K, 2 young (65536K), 1 survivors (32768K)
 Metaspace       used 16587K, committed 16832K, reserved 1114112K
  class space    used 1557K, committed 1664K, reserved 1048576K
}
Event: 1.694 GC heap after
{Heap after GC invocations=4 (full 0):
 garbage-first heap   total 262144K, used 47264K [0x00000241fe000000, 0x00000641fe000000)
  region size 32768K, 1 young (32768K), 1 survivors (32768K)
 Metaspace       used 16587K, committed 16832K, reserved 1114112K
  class space    used 1557K, committed 1664K, reserved 1048576K
}
Event: 1.917 GC heap before
{Heap before GC invocations=4 (full 0):
 garbage-first heap   total 262144K, used 80032K [0x00000241fe000000, 0x00000641fe000000)
  region size 32768K, 2 young (65536K), 1 survivors (32768K)
 Metaspace       used 16938K, committed 17152K, reserved 1114112K
  class space    used 1608K, committed 1728K, reserved 1048576K
}
Event: 1.924 GC heap after
{Heap after GC invocations=5 (full 0):
 garbage-first heap   total 262144K, used 73498K [0x00000241fe000000, 0x00000641fe000000)
  region size 32768K, 1 young (32768K), 1 survivors (32768K)
 Metaspace       used 16938K, committed 17152K, reserved 1114112K
  class space    used 1608K, committed 1728K, reserved 1048576K
}
Event: 1.957 GC heap before
{Heap before GC invocations=5 (full 0):
 garbage-first heap   total 262144K, used 73498K [0x00000241fe000000, 0x00000641fe000000)
  region size 32768K, 2 young (65536K), 1 survivors (32768K)
 Metaspace       used 16942K, committed 17216K, reserved 1114112K
  class space    used 1608K, committed 1728K, reserved 1048576K
}
Event: 1.974 GC heap after
{Heap after GC invocations=6 (full 0):
 garbage-first heap   total 491520K, used 107784K [0x00000241fe000000, 0x00000641fe000000)
  region size 32768K, 1 young (32768K), 1 survivors (32768K)
 Metaspace       used 16942K, committed 17216K, reserved 1114112K
  class space    used 1608K, committed 1728K, reserved 1048576K
}
Event: 2.148 GC heap before
{Heap before GC invocations=6 (full 0):
 garbage-first heap   total 491520K, used 140552K [0x00000241fe000000, 0x00000641fe000000)
  region size 32768K, 2 young (65536K), 1 survivors (32768K)
 Metaspace       used 17381K, committed 17600K, reserved 1114112K
  class space    used 1664K, committed 1792K, reserved 1048576K
}
Event: 2.163 GC heap after
{Heap after GC invocations=7 (full 0):
 garbage-first heap   total 491520K, used 120090K [0x00000241fe000000, 0x00000641fe000000)
  region size 32768K, 1 young (32768K), 1 survivors (32768K)
 Metaspace       used 17381K, committed 17600K, reserved 1114112K
  class space    used 1664K, committed 1792K, reserved 1048576K
}
Event: 2.623 GC heap before
{Heap before GC invocations=7 (full 0):
 garbage-first heap   total 491520K, used 152858K [0x00000241fe000000, 0x00000641fe000000)
  region size 32768K, 2 young (65536K), 1 survivors (32768K)
 Metaspace       used 17418K, committed 17664K, reserved 1114112K
  class space    used 1669K, committed 1792K, reserved 1048576K
}
Event: 2.644 GC heap after
{Heap after GC invocations=8 (full 0):
 garbage-first heap   total 491520K, used 161436K [0x00000241fe000000, 0x00000641fe000000)
  region size 32768K, 1 young (32768K), 1 survivors (32768K)
 Metaspace       used 17418K, committed 17664K, reserved 1114112K
  class space    used 1669K, committed 1792K, reserved 1048576K
}
Event: 3.088 GC heap before
{Heap before GC invocations=8 (full 0):
 garbage-first heap   total 491520K, used 194204K [0x00000241fe000000, 0x00000641fe000000)
  region size 32768K, 2 young (65536K), 1 survivors (32768K)
 Metaspace       used 18913K, committed 19136K, reserved 1114112K
  class space    used 1872K, committed 1984K, reserved 1048576K
}
Event: 3.109 GC heap after
{Heap after GC invocations=9 (full 0):
 garbage-first heap   total 491520K, used 194006K [0x00000241fe000000, 0x00000641fe000000)
  region size 32768K, 1 young (32768K), 1 survivors (32768K)
 Metaspace       used 18913K, committed 19136K, reserved 1114112K
  class space    used 1872K, committed 1984K, reserved 1048576K
}
Event: 3.972 GC heap before
{Heap before GC invocations=9 (full 0):
 garbage-first heap   total 491520K, used 194006K [0x00000241fe000000, 0x00000641fe000000)
  region size 32768K, 2 young (65536K), 1 survivors (32768K)
 Metaspace       used 21187K, committed 21504K, reserved 1114112K
  class space    used 2201K, committed 2368K, reserved 1048576K
}
Event: 3.985 GC heap after
{Heap after GC invocations=10 (full 0):
 garbage-first heap   total 1015808K, used 198920K [0x00000241fe000000, 0x00000641fe000000)
  region size 32768K, 1 young (32768K), 1 survivors (32768K)
 Metaspace       used 21187K, committed 21504K, reserved 1114112K
  class space    used 2201K, committed 2368K, reserved 1048576K
}

Dll operation events (3 events):
Event: 0.009 Loaded shared library C:\Users\bader\.jdks\jbrsdk_jcef-17.0.9\bin\java.dll
Event: 0.113 Loaded shared library C:\Users\bader\.jdks\jbrsdk_jcef-17.0.9\bin\jsvml.dll
Event: 0.209 Loaded shared library C:\Users\bader\.jdks\jbrsdk_jcef-17.0.9\bin\zip.dll

Deoptimization events (20 events):
Event: 51.805 Thread 0x00000241a83f04c0 DEOPT PACKING pc=0x0000024187bc312c sp=0x0000005ebb9fea50
Event: 51.805 Thread 0x00000241a83f04c0 DEOPT UNPACKING pc=0x00000241875869a3 sp=0x0000005ebb9fe9f0 mode 2
Event: 52.546 Thread 0x00000241a83edc40 Uncommon trap: trap_request=0xffffff45 fr.pc=0x0000024187c19804 relative=0x0000000000001224
Event: 52.546 Thread 0x00000241a83edc40 Uncommon trap: reason=unstable_if action=reinterpret pc=0x0000024187c19804 method=sun.java2d.opengl.OGLDrawImage.renderImageXform(Lsun/java2d/SunGraphics2D;Ljava/awt/Image;Ljava/awt/geom/AffineTransform;IIIIILjava/awt/Color;)V @ 50 c2
Event: 52.546 Thread 0x00000241a83edc40 DEOPT PACKING pc=0x0000024187c19804 sp=0x0000005ebc1feff0
Event: 52.546 Thread 0x00000241a83edc40 DEOPT UNPACKING pc=0x00000241875869a3 sp=0x0000005ebc1fef10 mode 2
Event: 52.547 Thread 0x00000241a83edc40 Uncommon trap: trap_request=0xffffff5c fr.pc=0x0000024187c0b630 relative=0x0000000000000db0
Event: 52.547 Thread 0x00000241a83edc40 Uncommon trap: reason=speculate_null_check action=make_not_entrant pc=0x0000024187c0b630 method=java.util.Objects.hashCode(Ljava/lang/Object;)I @ 1 c2
Event: 52.547 Thread 0x00000241a83edc40 DEOPT PACKING pc=0x0000024187c0b630 sp=0x0000005ebc1fec70
Event: 52.547 Thread 0x00000241a83edc40 DEOPT UNPACKING pc=0x00000241875869a3 sp=0x0000005ebc1fe7b8 mode 2
Event: 52.548 Thread 0x00000241a83edc40 Uncommon trap: trap_request=0xffffff5c fr.pc=0x0000024187c0499c relative=0x00000000000005dc
Event: 52.548 Thread 0x00000241a83edc40 Uncommon trap: reason=speculate_null_check action=make_not_entrant pc=0x0000024187c0499c method=java.util.Objects.hashCode(Ljava/lang/Object;)I @ 1 c2
Event: 52.548 Thread 0x00000241a83edc40 DEOPT PACKING pc=0x0000024187c0499c sp=0x0000005ebc1fec00
Event: 52.548 Thread 0x00000241a83edc40 DEOPT UNPACKING pc=0x00000241875869a3 sp=0x0000005ebc1fe8d0 mode 2
Event: 52.613 Thread 0x00000241a83edc40 Uncommon trap: trap_request=0xffffff45 fr.pc=0x0000024187c1c090 relative=0x00000000000009f0
Event: 52.613 Thread 0x00000241a83edc40 Uncommon trap: reason=unstable_if action=reinterpret pc=0x0000024187c1c090 method=sun.java2d.opengl.OGLDrawImage.renderImageXform(Lsun/java2d/SunGraphics2D;Ljava/awt/Image;Ljava/awt/geom/AffineTransform;IIIIILjava/awt/Color;)V @ 50 c2
Event: 52.613 Thread 0x00000241a83edc40 DEOPT PACKING pc=0x0000024187c1c090 sp=0x0000005ebc1fef60
Event: 52.613 Thread 0x00000241a83edc40 DEOPT UNPACKING pc=0x00000241875869a3 sp=0x0000005ebc1fef20 mode 2
Event: 54.076 Thread 0x00000241a83edc40 DEOPT PACKING pc=0x00000241805a0974 sp=0x0000005ebc1ff1a0
Event: 54.076 Thread 0x00000241a83edc40 DEOPT UNPACKING pc=0x0000024187587143 sp=0x0000005ebc1fe658 mode 0

Classes unloaded (0 events):
No events

Classes redefined (0 events):
No events

Internal exceptions (20 events):
Event: 1.104 Thread 0x00000241f9a6ebc0 Exception <a 'java/lang/NoSuchMethodError'{0x000002420d8aa360}: 'int java.lang.invoke.DirectMethodHandle$Holder.invokeStaticInit(java.lang.Object, double, double)'> (0x000002420d8aa360) 
thrown [s\src\hotspot\share\interpreter\linkResolver.cpp, line 771]
Event: 1.104 Thread 0x00000241f9a6ebc0 Exception <a 'java/lang/NoSuchMethodError'{0x000002420d8afe30}: 'int java.lang.invoke.DirectMethodHandle$Holder.invokeStatic(java.lang.Object, long)'> (0x000002420d8afe30) 
thrown [s\src\hotspot\share\interpreter\linkResolver.cpp, line 771]
Event: 1.109 Thread 0x00000241f9a6ebc0 Exception <a 'java/lang/NoSuchMethodError'{0x000002420d8ded10}: 'int java.lang.invoke.Invokers$Holder.linkToTargetMethod(java.lang.Object, java.lang.Object)'> (0x000002420d8ded10) 
thrown [s\src\hotspot\share\interpreter\linkResolver.cpp, line 771]
Event: 2.444 Thread 0x00000241f9a6ebc0 Exception <a 'java/lang/NoSuchMethodError'{0x000002421b108c00}: 'void java.lang.invoke.DirectMethodHandle$Holder.invokeSpecial(java.lang.Object, java.lang.Object, java.lang.Object)'> (0x000002421b108c00) 
thrown [s\src\hotspot\share\interpreter\linkResolver.cpp, line 771]
Event: 3.027 Thread 0x00000241f9a6ebc0 Exception <a 'java/lang/NoSuchMethodError'{0x000002421bdb9030}: 'void java.lang.invoke.DirectMethodHandle$Holder.invokeStaticInit(java.lang.Object)'> (0x000002421bdb9030) 
thrown [s\src\hotspot\share\interpreter\linkResolver.cpp, line 771]
Event: 3.058 Thread 0x00000241a83f04c0 Exception <a 'java/lang/NoSuchMethodError'{0x000002421be5da08}: 'java.lang.Object java.lang.invoke.DirectMethodHandle$Holder.newInvokeSpecial(java.lang.Object, java.lang.Object, java.lang.Object, java.lang.Object, java.lang.Object)'> (0x000002421be5da08) 
thrown [s\src\hotspot\share\interpreter\linkResolver.cpp, line 771]
Event: 3.061 Thread 0x00000241a83f04c0 Exception <a 'java/lang/NoSuchMethodError'{0x000002421be6c2d8}: 'java.lang.Object java.lang.invoke.DirectMethodHandle$Holder.invokeStatic(java.lang.Object, int, java.lang.Object, java.lang.Object, java.lang.Object, java.lang.Object)'> (0x000002421be6c2d8) 
thrown [s\src\hotspot\share\interpreter\linkResolver.cpp, line 771]
Event: 3.121 Thread 0x00000241a83f04c0 Exception <a 'java/lang/ClassNotFoundException'{0x000002421a045538}: com/sun/swing/internal/plaf/metal/resources/spi/metalProvider> (0x000002421a045538) 
thrown [s\src\hotspot\share\classfile\systemDictionary.cpp, line 256]
Event: 3.122 Thread 0x00000241a83f04c0 Exception <a 'java/lang/ClassNotFoundException'{0x000002421a04b490}: com/sun/swing/internal/plaf/basic/resources/spi/basicProvider> (0x000002421a04b490) 
thrown [s\src\hotspot\share\classfile\systemDictionary.cpp, line 256]
Event: 3.125 Thread 0x00000241a83f04c0 Exception <a 'java/lang/NoSuchMethodError'{0x000002421a07e4b8}: 'java.lang.Object java.lang.invoke.Invokers$Holder.linkToTargetMethod(java.lang.Object, int, java.lang.Object, java.lang.Object, java.lang.Object)'> (0x000002421a07e4b8) 
thrown [s\src\hotspot\share\interpreter\linkResolver.cpp, line 771]
Event: 3.157 Thread 0x00000241a82b9da0 Exception <a 'java/lang/NoSuchMethodError'{0x000002421a11ac98}: 'void java.lang.invoke.DirectMethodHandle$Holder.invokeVirtual(java.lang.Object, java.lang.Object)'> (0x000002421a11ac98) 
thrown [s\src\hotspot\share\interpreter\linkResolver.cpp, line 771]
Event: 3.182 Thread 0x00000241a83f04c0 Exception <a 'java/lang/NoSuchMethodError'{0x000002421a10c600}: 'java.lang.Object java.lang.invoke.DirectMethodHandle$Holder.newInvokeSpecial(java.lang.Object, java.lang.Object, int, int, int, int)'> (0x000002421a10c600) 
thrown [s\src\hotspot\share\interpreter\linkResolver.cpp, line 771]
Event: 3.186 Thread 0x00000241a83f04c0 Exception <a 'java/lang/NoSuchMethodError'{0x000002421a170508}: 'void java.lang.invoke.DirectMethodHandle$Holder.invokeSpecial(java.lang.Object, java.lang.Object, int, int)'> (0x000002421a170508) 
thrown [s\src\hotspot\share\interpreter\linkResolver.cpp, line 771]
Event: 3.187 Thread 0x00000241a83f04c0 Exception <a 'java/lang/NoSuchMethodError'{0x000002421a178370}: 'java.lang.Object java.lang.invoke.DirectMethodHandle$Holder.newInvokeSpecial(java.lang.Object, java.lang.Object, int, int)'> (0x000002421a178370) 
thrown [s\src\hotspot\share\interpreter\linkResolver.cpp, line 771]
Event: 3.401 Thread 0x00000241a83f04c0 Exception <a 'java/lang/NoSuchMethodError'{0x000002421a283a68}: 'java.lang.Object java.lang.invoke.Invokers$Holder.invoke_MT(java.lang.Object, java.lang.Object, java.lang.Object)'> (0x000002421a283a68) 
thrown [s\src\hotspot\share\interpreter\linkResolver.cpp, line 771]
Event: 3.403 Thread 0x00000241a83f04c0 Exception <a 'java/lang/NoSuchMethodError'{0x000002421a291f78}: 'int java.lang.invoke.Invokers$Holder.invoke_MT(java.lang.Object, java.lang.Object, java.lang.Object)'> (0x000002421a291f78) 
thrown [s\src\hotspot\share\interpreter\linkResolver.cpp, line 771]
Event: 4.302 Thread 0x00000241a83f04c0 Exception <a 'java/lang/NoSuchMethodError'{0x000002423a0253d8}: 'void java.lang.invoke.DirectMethodHandle$Holder.invokeStatic(java.lang.Object, java.lang.Object, java.lang.Object)'> (0x000002423a0253d8) 
thrown [s\src\hotspot\share\interpreter\linkResolver.cpp, line 771]
Event: 48.292 Thread 0x00000241a83f04c0 Implicit null exception at 0x0000024187bbe940 to 0x0000024187bbeb24
Event: 52.547 Thread 0x00000241a83edc40 Implicit null exception at 0x0000024187c0aa00 to 0x0000024187c0b604
Event: 52.548 Thread 0x00000241a83edc40 Implicit null exception at 0x0000024187c04400 to 0x0000024187c0498c

VM Operations (20 events):
Event: 43.793 Executing VM operation: Cleanup
Event: 43.793 Executing VM operation: Cleanup done
Event: 45.817 Executing VM operation: Cleanup
Event: 45.817 Executing VM operation: Cleanup done
Event: 48.828 Executing VM operation: Cleanup
Event: 48.828 Executing VM operation: Cleanup done
Event: 49.843 Executing VM operation: Cleanup
Event: 49.843 Executing VM operation: Cleanup done
Event: 50.851 Executing VM operation: Cleanup
Event: 50.852 Executing VM operation: Cleanup done
Event: 51.515 Executing VM operation: HandshakeAllThreads
Event: 51.515 Executing VM operation: HandshakeAllThreads done
Event: 52.517 Executing VM operation: Cleanup
Event: 52.517 Executing VM operation: Cleanup done
Event: 53.517 Executing VM operation: Cleanup
Event: 53.518 Executing VM operation: Cleanup done
Event: 54.533 Executing VM operation: Cleanup
Event: 54.533 Executing VM operation: Cleanup done
Event: 55.542 Executing VM operation: Cleanup
Event: 55.558 Executing VM operation: Cleanup done

Events (20 events):
Event: 51.515 loading class sun/awt/ModalExclude
Event: 51.515 loading class sun/awt/ModalExclude done
Event: 51.515 loading class javax/swing/JWindow
Event: 51.515 loading class javax/swing/JWindow done
Event: 51.516 loading class javax/swing/Popup$HeavyWeightWindow done
Event: 52.534 loading class java/lang/NoSuchFieldError
Event: 52.534 loading class java/lang/NoSuchFieldError done
Event: 52.534 loading class javax/swing/JInternalFrame
Event: 52.535 loading class javax/swing/JInternalFrame done
Event: 56.397 Thread 0x00000241a83eeb70 Thread added: 0x00000241a83eeb70
Event: 56.397 Thread 0x00000241a83ef080 Thread added: 0x00000241a83ef080
Event: 56.397 Thread 0x00000241a83f13f0 Thread added: 0x00000241a83f13f0
Event: 56.397 loading class java/util/WeakHashMap$KeyIterator
Event: 56.397 loading class java/util/WeakHashMap$HashIterator
Event: 56.397 loading class sun/font/SunFontManager$8$1
Event: 56.397 loading class java/util/WeakHashMap$HashIterator done
Event: 56.397 loading class java/util/WeakHashMap$KeyIterator done
Event: 56.398 Thread 0x00000241a83eeb70 Thread exited: 0x00000241a83eeb70
Event: 56.398 loading class sun/font/SunFontManager$8$1 done
Event: 56.403 Thread 0x00000241a83f13f0 Thread exited: 0x00000241a83f13f0


Dynamic libraries:
0x00007ff7d9cd0000 - 0x00007ff7d9cda000 	C:\Users\bader\.jdks\jbrsdk_jcef-17.0.9\bin\java.exe
0x00007ffed6e90000 - 0x00007ffed7088000 	C:\Windows\SYSTEM32\ntdll.dll
0x00007ffed4f20000 - 0x00007ffed4fe2000 	C:\Windows\System32\KERNEL32.DLL
0x00007ffed4960000 - 0x00007ffed4c5e000 	C:\Windows\System32\KERNELBASE.dll
0x00007ffed4db0000 - 0x00007ffed4eb0000 	C:\Windows\System32\ucrtbase.dll
0x00007ffed08b0000 - 0x00007ffed08c7000 	C:\Users\bader\.jdks\jbrsdk_jcef-17.0.9\bin\jli.dll
0x00007ffebdcc0000 - 0x00007ffebdcdb000 	C:\Users\bader\.jdks\jbrsdk_jcef-17.0.9\bin\VCRUNTIME140.dll
0x00007ffeba210000 - 0x00007ffeba4aa000 	C:\Windows\WinSxS\amd64_microsoft.windows.common-controls_6595b64144ccf1df_6.0.19041.4355_none_60b8b9eb71f62e16\COMCTL32.dll
0x00007ffed6bd0000 - 0x00007ffed6d6d000 	C:\Windows\System32\USER32.dll
0x00007ffed67d0000 - 0x00007ffed686e000 	C:\Windows\System32\msvcrt.dll
0x00007ffed4650000 - 0x00007ffed4672000 	C:\Windows\System32\win32u.dll
0x00007ffed61a0000 - 0x00007ffed61cb000 	C:\Windows\System32\GDI32.dll
0x00007ffed4530000 - 0x00007ffed4647000 	C:\Windows\System32\gdi32full.dll
0x00007ffed4d10000 - 0x00007ffed4dad000 	C:\Windows\System32\msvcp_win.dll
0x00007ffed6100000 - 0x00007ffed612f000 	C:\Windows\System32\IMM32.DLL
0x00007ffeb9d20000 - 0x00007ffeb9d2c000 	C:\Users\bader\.jdks\jbrsdk_jcef-17.0.9\bin\vcruntime140_1.dll
0x00007ffe91610000 - 0x00007ffe9169d000 	C:\Users\bader\.jdks\jbrsdk_jcef-17.0.9\bin\msvcp140.dll
0x00007ffe28ae0000 - 0x00007ffe29762000 	C:\Users\bader\.jdks\jbrsdk_jcef-17.0.9\bin\server\jvm.dll
0x00007ffed6d90000 - 0x00007ffed6e41000 	C:\Windows\System32\ADVAPI32.dll
0x00007ffed5e40000 - 0x00007ffed5edf000 	C:\Windows\System32\sechost.dll
0x00007ffed62a0000 - 0x00007ffed63c3000 	C:\Windows\System32\RPCRT4.dll
0x00007ffed4760000 - 0x00007ffed4787000 	C:\Windows\System32\bcrypt.dll
0x00007ffebb4b0000 - 0x00007ffebb4b9000 	C:\Windows\SYSTEM32\WSOCK32.dll
0x00007ffeb9a40000 - 0x00007ffeb9a67000 	C:\Windows\SYSTEM32\WINMM.dll
0x00007ffed3a60000 - 0x00007ffed3aab000 	C:\Windows\SYSTEM32\POWRPROF.dll
0x00007ffed6090000 - 0x00007ffed60fb000 	C:\Windows\System32\WS2_32.dll
0x00007ffecd650000 - 0x00007ffecd65a000 	C:\Windows\SYSTEM32\VERSION.dll
0x00007ffed3930000 - 0x00007ffed3942000 	C:\Windows\SYSTEM32\UMPDC.dll
0x00007ffed23b0000 - 0x00007ffed23c2000 	C:\Windows\SYSTEM32\kernel.appcore.dll
0x00007ffeb9d10000 - 0x00007ffeb9d1a000 	C:\Users\bader\.jdks\jbrsdk_jcef-17.0.9\bin\jimage.dll
0x00007ffed1cc0000 - 0x00007ffed1ea4000 	C:\Windows\SYSTEM32\DBGHELP.DLL
0x00007ffec4470000 - 0x00007ffec44a4000 	C:\Windows\SYSTEM32\dbgcore.DLL
0x00007ffed46d0000 - 0x00007ffed4752000 	C:\Windows\System32\bcryptPrimitives.dll
0x00007ffed0880000 - 0x00007ffed088e000 	C:\Users\bader\.jdks\jbrsdk_jcef-17.0.9\bin\instrument.dll
0x00007ffeb9ce0000 - 0x00007ffeb9d05000 	C:\Users\bader\.jdks\jbrsdk_jcef-17.0.9\bin\java.dll
0x00007ffeb9cc0000 - 0x00007ffeb9cd8000 	C:\Users\bader\.jdks\jbrsdk_jcef-17.0.9\bin\zip.dll
0x00007ffe80ff0000 - 0x00007ffe810c7000 	C:\Users\bader\.jdks\jbrsdk_jcef-17.0.9\bin\jsvml.dll
0x00007ffed4ff0000 - 0x00007ffed575d000 	C:\Windows\System32\SHELL32.dll
0x00007ffed25b0000 - 0x00007ffed2d54000 	C:\Windows\SYSTEM32\windows.storage.dll
0x00007ffed6870000 - 0x00007ffed6bc3000 	C:\Windows\System32\combase.dll
0x00007ffed3f60000 - 0x00007ffed3f8e000 	C:\Windows\SYSTEM32\Wldp.dll
0x00007ffed61d0000 - 0x00007ffed629d000 	C:\Windows\System32\OLEAUT32.dll
0x00007ffed65c0000 - 0x00007ffed666d000 	C:\Windows\System32\SHCORE.dll
0x00007ffed6560000 - 0x00007ffed65b5000 	C:\Windows\System32\shlwapi.dll
0x00007ffed4460000 - 0x00007ffed4484000 	C:\Windows\SYSTEM32\profapi.dll
0x00007ffeb9a70000 - 0x00007ffeb9a89000 	C:\Users\bader\.jdks\jbrsdk_jcef-17.0.9\bin\net.dll
0x00007ffeccc80000 - 0x00007ffeccd8d000 	C:\Windows\SYSTEM32\WINHTTP.dll
0x00007ffed3cc0000 - 0x00007ffed3d2a000 	C:\Windows\system32\mswsock.dll
0x00007ffeb9370000 - 0x00007ffeb9386000 	C:\Users\bader\.jdks\jbrsdk_jcef-17.0.9\bin\nio.dll
0x00007ffecf410000 - 0x00007ffecf42a000 	C:\Program Files\JetBrains\IntelliJ IDEA Community Edition 2023.3.6\bin\breakgen64.dll
0x00007ffe89c60000 - 0x00007ffe89dfa000 	C:\Users\bader\.jdks\jbrsdk_jcef-17.0.9\bin\awt.dll
0x00007ffed20b0000 - 0x00007ffed20df000 	C:\Windows\SYSTEM32\dwmapi.dll
0x00007ffec2b60000 - 0x00007ffec2ba4000 	C:\Users\bader\.jdks\jbrsdk_jcef-17.0.9\bin\nvdaControllerClient64.dll
0x00007ffecf1c0000 - 0x00007ffecf254000 	C:\Windows\SYSTEM32\apphelp.dll
0x00007ffeb81e0000 - 0x00007ffeb8308000 	C:\Windows\system32\opengl32.dll
0x00007ffeb7c60000 - 0x00007ffeb7c8c000 	C:\Windows\SYSTEM32\GLU32.dll
0x00007ffed1090000 - 0x00007ffed112e000 	C:\Windows\system32\uxtheme.dll
0x00007ffed5bd0000 - 0x00007ffed5ce5000 	C:\Windows\System32\MSCTF.dll
0x00007ffed5cf0000 - 0x00007ffed5d99000 	C:\Windows\System32\clbcatq.dll
0x00007ffe45430000 - 0x00007ffe463fa000 	C:\Windows\System32\DriverStore\FileRepository\iigd_dch.inf_amd64_5d54dd32fa1ef4d4\ig9icd64.dll
0x00007ffed6430000 - 0x00007ffed655b000 	C:\Windows\System32\ole32.dll
0x00007ffed2dc0000 - 0x00007ffed2eb6000 	C:\Windows\system32\dxgi.dll
0x00007ffec7a80000 - 0x00007ffec7cbf000 	C:\Windows\System32\DriverStore\FileRepository\iigd_dch.inf_amd64_5d54dd32fa1ef4d4\igdgmm64.dll
0x00007ffec4eb0000 - 0x00007ffec7a79000 	C:\Windows\System32\DriverStore\FileRepository\iigd_dch.inf_amd64_5d54dd32fa1ef4d4\igc64.dll
0x00007ffe63280000 - 0x00007ffe6368c000 	C:\Windows\System32\DriverStore\FileRepository\iigd_dch.inf_amd64_5d54dd32fa1ef4d4\igdml64.dll
0x00007ffed3ec0000 - 0x00007ffed3ed8000 	C:\Windows\SYSTEM32\CRYPTSP.dll
0x00007ffed3570000 - 0x00007ffed35a4000 	C:\Windows\system32\rsaenh.dll
0x00007ffed4420000 - 0x00007ffed444e000 	C:\Windows\SYSTEM32\USERENV.dll
0x00007ffed3eb0000 - 0x00007ffed3ebc000 	C:\Windows\SYSTEM32\CRYPTBASE.dll
0x00007ffed3950000 - 0x00007ffed398b000 	C:\Windows\SYSTEM32\IPHLPAPI.DLL
0x00007ffed5e30000 - 0x00007ffed5e38000 	C:\Windows\System32\NSI.dll
0x00007ffecc960000 - 0x00007ffecc977000 	C:\Windows\SYSTEM32\dhcpcsvc6.DLL
0x00007ffeccbf0000 - 0x00007ffeccc0d000 	C:\Windows\SYSTEM32\dhcpcsvc.DLL
0x00007ffed3990000 - 0x00007ffed3a5a000 	C:\Windows\SYSTEM32\DNSAPI.dll
0x00007ffebdf30000 - 0x00007ffebdfb7000 	C:\Users\bader\.jdks\jbrsdk_jcef-17.0.9\bin\freetype.dll
0x00007ffeabb30000 - 0x00007ffeabc07000 	C:\Users\bader\.jdks\jbrsdk_jcef-17.0.9\bin\fontmanager.dll
0x00007ffecbf60000 - 0x00007ffecbf72000 	C:\Users\bader\.jdks\jbrsdk_jcef-17.0.9\bin\jsound.dll
0x00007ffea87c0000 - 0x00007ffea885c000 	C:\Windows\SYSTEM32\DSOUND.dll
0x00007ffec02f0000 - 0x00007ffec0316000 	C:\Windows\SYSTEM32\winmmbase.dll
0x00007ffecce00000 - 0x00007ffecce85000 	C:\Windows\System32\MMDevApi.dll
0x00007ffed42c0000 - 0x00007ffed42f3000 	C:\Windows\System32\DEVOBJ.dll
0x00007ffed4680000 - 0x00007ffed46ce000 	C:\Windows\System32\cfgmgr32.dll
0x00007ffeb5080000 - 0x00007ffeb50c6000 	C:\Windows\SYSTEM32\wdmaud.drv
0x00007ffecf4e0000 - 0x00007ffecf4e9000 	C:\Windows\SYSTEM32\ksuser.dll
0x00007ffeced00000 - 0x00007ffeced0a000 	C:\Windows\SYSTEM32\AVRT.dll
0x00007ffecce90000 - 0x00007ffecd011000 	C:\Windows\SYSTEM32\AUDIOSES.DLL
0x00007ffeb5070000 - 0x00007ffeb507d000 	C:\Windows\SYSTEM32\msacm32.drv
0x00007ffeb5050000 - 0x00007ffeb506e000 	C:\Windows\SYSTEM32\MSACM32.dll
0x00007ffeb5040000 - 0x00007ffeb504b000 	C:\Windows\SYSTEM32\midimap.dll
0x00007ffed1fb0000 - 0x00007ffed1fc4000 	C:\Windows\SYSTEM32\resourcepolicyclient.dll
0x00007ffeb1a60000 - 0x00007ffeb1c05000 	C:\Windows\WinSxS\amd64_microsoft.windows.gdiplus_6595b64144ccf1df_1.1.19041.4597_none_91a78020cc854124\gdiplus.dll
0x00007ffebfdd0000 - 0x00007ffebfec9000 	C:\Windows\SYSTEM32\textinputframework.dll
0x00007ffece6e0000 - 0x00007ffecea3b000 	C:\Windows\System32\CoreUIComponents.dll
0x00007ffecea50000 - 0x00007ffeceb42000 	C:\Windows\System32\CoreMessaging.dll
0x00007ffed37c0000 - 0x00007ffed37f3000 	C:\Windows\SYSTEM32\ntmarta.dll
0x00007ffed12c0000 - 0x00007ffed1417000 	C:\Windows\SYSTEM32\wintypes.dll
0x00007ffeb7e70000 - 0x00007ffeb8165000 	C:\Windows\System32\uiautomationcore.dll
0x00007ffed1880000 - 0x00007ffed1976000 	C:\Windows\System32\PROPSYS.dll
0x00007ffeb8170000 - 0x00007ffeb81d6000 	C:\Windows\System32\OLEACC.dll
0x00007ffebfed0000 - 0x00007ffec000f000 	C:\Windows\System32\Windows.UI.dll
0x00007ffebfc70000 - 0x00007ffebfdc2000 	C:\Windows\System32\InputHost.dll
0x00007ffecbdf0000 - 0x00007ffecbe91000 	C:\Windows\System32\WindowManagementAPI.dll
0x00007ffecb4a0000 - 0x00007ffecb6a3000 	C:\Windows\SYSTEM32\twinapi.appcore.dll

dbghelp: loaded successfully - version: 4.0.5 - missing functions: none
symbol engine: initialized successfully - sym options: 0x614 - pdb path: .;C:\Users\bader\.jdks\jbrsdk_jcef-17.0.9\bin;C:\Windows\SYSTEM32;C:\Windows\WinSxS\amd64_microsoft.windows.common-controls_6595b64144ccf1df_6.0.19041.4355_none_60b8b9eb71f62e16;C:\Users\bader\.jdks\jbrsdk_jcef-17.0.9\bin\server;C:\Program Files\JetBrains\IntelliJ IDEA Community Edition 2023.3.6\bin;C:\Windows\System32\DriverStore\FileRepository\iigd_dch.inf_amd64_5d54dd32fa1ef4d4;C:\Windows\WinSxS\amd64_microsoft.windows.gdiplus_6595b64144ccf1df_1.1.19041.4597_none_91a78020cc854124

VM Arguments:
jvm_args: -Xmx3072g -Xmx4096g -Dsun.java2d.opengl=true -XX:ErrorFile=logs/hs_err_pid%p.log -javaagent:C:\Program Files\JetBrains\IntelliJ IDEA Community Edition 2023.3.6\lib\idea_rt.jar=50523:C:\Program Files\JetBrains\IntelliJ IDEA Community Edition 2023.3.6\bin -Dfile.encoding=UTF-8 
java_command: net.sendback.Main
java_class_path (initial): C:\Users\bader\OneDrive\Bureau\Idea\GTS_PRojekt\target\classes
Launcher Type: SUN_STANDARD

[Global flags]
     intx CICompilerCount                          = 4                                         {product} {ergonomic}
     uint ConcGCThreads                            = 3                                         {product} {ergonomic}
    ccstr ErrorFile                                = logs/hs_err_pid%p.log                     {product} {command line}
     uint G1ConcRefinementThreads                  = 10                                        {product} {ergonomic}
   size_t G1HeapRegionSize                         = 33554432                                  {product} {ergonomic}
    uintx GCDrainStackTargetSize                   = 64                                        {product} {ergonomic}
   size_t InitialHeapSize                          = 268435456                                 {product} {ergonomic}
   size_t MarkStackSize                            = 4194304                                   {product} {ergonomic}
   size_t MaxHeapSize                              = 4398046511104                             {product} {command line}
   size_t MaxNewSize                               = 2638821195776                             {product} {ergonomic}
   size_t MinHeapDeltaBytes                        = 33554432                                  {product} {ergonomic}
   size_t MinHeapSize                              = 33554432                                  {product} {ergonomic}
    uintx NonNMethodCodeHeapSize                   = 5839372                                {pd product} {ergonomic}
    uintx NonProfiledCodeHeapSize                  = 122909434                              {pd product} {ergonomic}
    uintx ProfiledCodeHeapSize                     = 122909434                              {pd product} {ergonomic}
    uintx ReservedCodeCacheSize                    = 251658240                              {pd product} {ergonomic}
     bool SegmentedCodeCache                       = true                                      {product} {ergonomic}
   size_t SoftMaxHeapSize                          = 4398046511104                          {manageable} {ergonomic}
     bool UseCompressedClassPointers               = true                           {product lp64_product} {ergonomic}
     bool UseG1GC                                  = true                                      {product} {ergonomic}
     bool UseLargePagesIndividualAllocation        = false                                  {pd product} {ergonomic}

Logging:
Log output configuration:
 #0: stdout all=warning uptime,level,tags
 #1: stderr all=off uptime,level,tags

Environment Variables:
PATH=C:\Program Files\Common Files\Oracle\Java\javapath;C:\Windows\system32;C:\Windows;C:\Windows\System32\Wbem;C:\Windows\System32\WindowsPowerShell\v1.0\;C:\Windows\System32\OpenSSH\;C:\Program Files (x86)\NVIDIA Corporation\PhysX\Common;C:\Program Files\dotnet\;C:\Users\bader\AppData\Local\Microsoft\WindowsApps;C:\Users\bader\AppData\Local\GitHubDesktop\bin
USERNAME=bader
OS=Windows_NT
PROCESSOR_IDENTIFIER=Intel64 Family 6 Model 158 Stepping 10, GenuineIntel
TMP=C:\Users\bader\AppData\Local\Temp
TEMP=C:\Users\bader\AppData\Local\Temp



Periodic native trim disabled

JNI global refs:
JNI global refs: 152, weak refs: 203

JNI global refs memory usage: 2107, weak refs: 2737

OOME stack traces (most recent first):
Classloader memory used:
Loader bootstrap                                                                       : 2798K
Loader jdk.internal.loader.ClassLoaders$AppClassLoader                                 : 35707B
Loader jdk.internal.reflect.DelegatingClassLoader                                      : 5306B
Loader jdk.internal.loader.ClassLoaders$PlatformClassLoader                            : 764B


---------------  S Y S T E M  ---------------

OS:
 Windows 10 , 64 bit Build 19041 (10.0.19041.5072)
OS uptime: 11 days 4:21 hours

CPU: total 12 (initial active 12) (6 cores per cpu, 2 threads per core) family 6 model 158 stepping 10 microcode 0xf0, cx8, cmov, fxsr, ht, mmx, 3dnowpref, sse, sse2, sse3, ssse3, sse4.1, sse4.2, popcnt, lzcnt, tsc, tscinvbit, avx, avx2, aes, erms, clmul, bmi1, bmi2, adx, fma, vzeroupper, clflush, clflushopt
Processor Information for all 12 processors :
  Max Mhz: 2592, Current Mhz: 2592, Mhz Limit: 2592

Memory: 4k page, system-wide physical 16254M (2700M free)
TotalPageFile size 23086M (AvailPageFile size 3054M)
current process WorkingSet (physical memory assigned to process): 776M, peak: 776M
current process commit charge ("private bytes"): 1330M, peak: 1451M

vm_info: OpenJDK 64-Bit Server VM (17.0.9+8-b1166.2) for windows-amd64 JRE (17.0.9+8-b1166.2), built on 2024-01-13 by "builduser" with MS VC++ 16.10 / 16.11 (VS2019)

END.
