#
# A fatal error has been detected by the Java Runtime Environment:
#
#  EXCEPTION_ACCESS_VIOLATION (0xc0000005) at pc=0x00007ffe45df3c53, pid=36932, tid=22740
#
# JRE version: OpenJDK Runtime Environment JBR-17.0.9+8-1166.2-jcef (17.0.9+8) (build 17.0.9+8-b1166.2)
# Java VM: OpenJDK 64-Bit Server VM JBR-17.0.9+8-1166.2-jcef (17.0.9+8-b1166.2, mixed mode, tiered, compressed class ptrs, g1 gc, windows-amd64)
# Problematic frame:
# C  [ig9icd64.dll+0x9c3c53]
#
# No core dump will be written. Minidumps are not enabled by default on client versions of Windows
#
# If you would like to submit a bug report, please visit:
#   https://youtrack.jetbrains.com/issues/JBR
# The crash happened outside the Java Virtual Machine in native code.
# See problematic frame for where to report the bug.
#

---------------  S U M M A R Y ------------

Command Line: -Xmx3072g -Xmx4096g -Dsun.java2d.opengl=true -XX:ErrorFile=logs/hs_err_pid%p.log -javaagent:C:\Program Files\JetBrains\IntelliJ IDEA Community Edition 2023.3.6\lib\idea_rt.jar=50590:C:\Program Files\JetBrains\IntelliJ IDEA Community Edition 2023.3.6\bin -Dfile.encoding=UTF-8 net.sendback.Main

Host: Intel(R) Core(TM) i7-9750H CPU @ 2.60GHz, 12 cores, 15G,  Windows 10 , 64 bit Build 19041 (10.0.19041.5072)
Time: Thu Nov  7 20:02:02 2024 Mitteleuropäische Zeit elapsed time: 24.581954 seconds (0d 0h 0m 24s)

---------------  T H R E A D  ---------------

Current thread (0x000006c1944caa00):  JavaThread "Java2D Queue Flusher" daemon [_thread_in_native, id=22740, stack(0x000000d07f400000,0x000000d07f500000)]

Stack: [0x000000d07f400000,0x000000d07f500000],  sp=0x000000d07f4fe728,  free space=1017k
Native frames: (J=compiled Java code, j=interpreted, Vv=VM code, C=native code)
C  [ig9icd64.dll+0x9c3c53]

Java frames: (J=compiled Java code, j=interpreted, Vv=VM code)
J 2476  sun.java2d.opengl.OGLRenderQueue.flushBuffer(JI)V java.desktop (0 bytes) @ 0x0000029b0ca9475b [0x0000029b0ca94720+0x000000000000003b]
J 2474 c1 sun.java2d.opengl.OGLRenderQueue.flushBuffer()V java.desktop (41 bytes) @ 0x0000029b0537fe84 [0x0000029b0537fd60+0x0000000000000124]
j  sun.java2d.opengl.OGLRenderQueue$QueueFlusher.run()V+81 java.desktop
j  java.lang.Thread.run()V+11 java.base@17.0.9
v  ~StubRoutines::call_stub

siginfo: EXCEPTION_ACCESS_VIOLATION (0xc0000005), reading address 0xffffffffffffffff


Registers:
RAX=0x000000000fff0fff, RBX=0x00007ffe45430000, RCX=0x000000033fcf3fcc, RDX=0x000000d07f4fec40
RSP=0x000000d07f4fe728, RBP=0x000000d07f4fe830, RSI=0x000006c19a8877c0, RDI=0x000000d07f4fea30
R8 =0x000000d07f4fe860, R9 =0x000000d07f4fec40, R10=0x000000d07f4fea30, R11=0x0000000000000000
R12=0x00007ffe4625a420, R13=0x0000000000000000, R14=0x0000000000000000, R15=0x00000000000001c1
RIP=0x00007ffe45df3c53, EFLAGS=0x0000000000010206


Register to memory mapping:

RIP=0x00007ffe45df3c53 ig9icd64.dll
RAX=0x000000000fff0fff is an unknown value
RBX=0x00007ffe45430000 ig9icd64.dll
RCX=0x000000033fcf3fcc is an unknown value
RDX=0x000000d07f4fec40 is pointing into the stack for thread: 0x000006c1944caa00
RSP=0x000000d07f4fe728 is pointing into the stack for thread: 0x000006c1944caa00
RBP=0x000000d07f4fe830 is pointing into the stack for thread: 0x000006c1944caa00
RSI=0x000006c19a8877c0 points into unknown readable memory: 0x000006c1944ee080 | 80 e0 4e 94 c1 06 00 00
RDI=0x000000d07f4fea30 is pointing into the stack for thread: 0x000006c1944caa00
R8 =0x000000d07f4fe860 is pointing into the stack for thread: 0x000006c1944caa00
R9 =0x000000d07f4fec40 is pointing into the stack for thread: 0x000006c1944caa00
R10=0x000000d07f4fea30 is pointing into the stack for thread: 0x000006c1944caa00
R11=0x0 is NULL
R12=0x00007ffe4625a420 ig9icd64.dll
R13=0x0 is NULL
R14=0x0 is NULL
R15=0x00000000000001c1 is an unknown value


Top of Stack: (sp=0x000000d07f4fe728)
0x000000d07f4fe728:   00007ffe45df138b 0000000000000001
0x000000d07f4fe738:   0000000000000000 000006c19b625e00
0x000000d07f4fe748:   00007ffec7a82572 000000d000000065
0x000000d07f4fe758:   000000d07f4fe960 0000000000000000
0x000000d07f4fe768:   000006c19dc156a0 0000000000000000
0x000000d07f4fe778:   000006c19b5aa7c0 000006c19b625eb0
0x000000d07f4fe788:   0000000000000fb0 0000000000000000
0x000000d07f4fe798:   0000000000000000 000000d07f4fe910
0x000000d07f4fe7a8:   00007ffe45a89070 0000000000000000
0x000000d07f4fe7b8:   0000000000000000 0000000000000000
0x000000d07f4fe7c8:   0000000000000000 000097394dc1aa1a
0x000000d07f4fe7d8:   00007ffe454464e5 000006c19b625eb0
0x000000d07f4fe7e8:   0000000000004001 0000000000000200
0x000000d07f4fe7f8:   00007ffed6ebb86b 0000000001af01a6
0x000000d07f4fe808:   00000000000000c7 000006c19b4ce7b0
0x000000d07f4fe818:   0000000000000000 0000000000000000
0x000000d07f4fe828:   00007ffe45df1c62 0000000000000000
0x000000d07f4fe838:   0000029b7f6e0fc0 000000d07f4feb30
0x000000d07f4fe848:   0000029b7f6e0000 0000029b7f6e02b4
0x000000d07f4fe858:   000006c19dc156a0 00007ffe460ff020
0x000000d07f4fe868:   0000000e00000000 0000001a00000018
0x000000d07f4fe878:   00000fff00000000 437f0000437f0000
0x000000d07f4fe888:   437f0000437f0000 0000ff0000ff0000
0x000000d07f4fe898:   ff000000000000ff 0000000800000010
0x000000d07f4fe8a8:   0000001800000000 0000000000000000
0x000000d07f4fe8b8:   0000000000000000 0000000000000000
0x000000d07f4fe8c8:   0000000000000000 0000000000000000
0x000000d07f4fe8d8:   0000000000000000 0000000000000000
0x000000d07f4fe8e8:   0000000000000000 0000000000000000
0x000000d07f4fe8f8:   0000000000000000 0000000000000000
0x000000d07f4fe908:   0000000000000000 0000000000000000
0x000000d07f4fe918:   0000000000000000 0000000000000000 

Instructions: (pc=0x00007ffe45df3c53)
0x00007ffe45df3b53:   a1 b6 30 00 48 89 51 08 48 89 01 8b 44 24 28 89
0x00007ffe45df3b63:   41 20 8b 44 24 30 89 41 24 48 8b c1 4c 89 41 10
0x00007ffe45df3b73:   4c 89 49 18 c3 cc cc cc cc cc cc cc cc 48 89 5c
0x00007ffe45df3b83:   24 08 8b 41 5c 48 8d 1d 71 c4 63 ff 41 89 40 08
0x00007ffe45df3b93:   4c 8b d1 8b 41 60 45 33 db 41 89 40 0c 4c 8b ca
0x00007ffe45df3ba3:   8b 41 64 41 89 40 10 8b 41 68 41 89 40 14 8b 41
0x00007ffe45df3bb3:   6c 41 89 40 18 8b 41 70 41 89 40 1c 48 63 41 74
0x00007ffe45df3bc3:   48 6b c8 34 8b 84 19 84 5f ee 00 41 89 40 20 8b
0x00007ffe45df3bd3:   84 19 88 5f ee 00 41 89 40 24 8b 84 19 8c 5f ee
0x00007ffe45df3be3:   00 41 89 40 28 8b 84 19 90 5f ee 00 41 89 40 2c
0x00007ffe45df3bf3:   8b 84 19 74 5f ee 00 41 89 40 30 8b 84 19 78 5f
0x00007ffe45df3c03:   ee 00 41 89 40 34 8b 84 19 7c 5f ee 00 41 89 40
0x00007ffe45df3c13:   38 8b 84 19 80 5f ee 00 41 89 40 3c 8b 84 19 64
0x00007ffe45df3c23:   5f ee 00 41 89 40 40 8b 84 19 68 5f ee 00 41 89
0x00007ffe45df3c33:   40 44 8b 84 19 6c 5f ee 00 41 89 40 48 8b 84 19
0x00007ffe45df3c43:   70 5f ee 00 41 89 40 4c 49 63 42 78 48 6b c8 34
0x00007ffe45df3c53:   8b 84 19 84 5f ee 00 41 89 40 50 8b 84 19 88 5f
0x00007ffe45df3c63:   ee 00 41 89 40 54 8b 84 19 8c 5f ee 00 41 89 40
0x00007ffe45df3c73:   58 8b 84 19 90 5f ee 00 41 89 40 5c 8b 84 19 74
0x00007ffe45df3c83:   5f ee 00 41 89 40 60 8b 84 19 78 5f ee 00 41 89
0x00007ffe45df3c93:   40 64 8b 84 19 7c 5f ee 00 41 89 40 68 8b 84 19
0x00007ffe45df3ca3:   80 5f ee 00 41 89 40 6c 8b 84 19 64 5f ee 00 41
0x00007ffe45df3cb3:   89 40 70 8b 84 19 68 5f ee 00 41 89 40 74 8b 84
0x00007ffe45df3cc3:   19 6c 5f ee 00 41 89 40 78 8b 84 19 70 5f ee 00
0x00007ffe45df3cd3:   41 89 40 7c 48 8b 42 18 8b 88 38 0b 00 00 f6 c1
0x00007ffe45df3ce3:   08 0f 84 86 00 00 00 8b 80 3c 0b 00 00 41 89 80
0x00007ffe45df3cf3:   80 00 00 00 48 8b 42 18 8b 88 40 0b 00 00 41 89
0x00007ffe45df3d03:   88 84 00 00 00 48 8b 42 18 8b 88 44 0b 00 00 41
0x00007ffe45df3d13:   89 88 88 00 00 00 48 8b 42 18 8b 88 48 0b 00 00
0x00007ffe45df3d23:   41 89 88 8c 00 00 00 48 8b 42 18 8b 88 4c 0b 00
0x00007ffe45df3d33:   00 41 89 88 90 00 00 00 48 8b 42 18 8b 88 50 0b
0x00007ffe45df3d43:   00 00 41 89 88 94 00 00 00 48 8b 42 18 8b 88 54 


Stack slot to memory mapping:
stack at sp + 0 slots: 0x00007ffe45df138b ig9icd64.dll
stack at sp + 1 slots: 0x0000000000000001 is an unknown value
stack at sp + 2 slots: 0x0 is NULL
stack at sp + 3 slots: 0x000006c19b625e00 points into unknown readable memory: 0x0000000000000000 | 00 00 00 00 00 00 00 00
stack at sp + 4 slots: 0x00007ffec7a82572 igdgmm64.dll
stack at sp + 5 slots: 0x000000d000000065 is an unknown value
stack at sp + 6 slots: 0x000000d07f4fe960 is pointing into the stack for thread: 0x000006c1944caa00
stack at sp + 7 slots: 0x0 is NULL


Compiled method (n/a)   24713 2476     n 0       sun.java2d.opengl.OGLRenderQueue::flushBuffer (native)
 total in heap  [0x0000029b0ca94590,0x0000029b0ca94928] = 920
 relocation     [0x0000029b0ca946e8,0x0000029b0ca94718] = 48
 main code      [0x0000029b0ca94720,0x0000029b0ca94928] = 520

[Constant Pool (empty)]

[MachCode]
[Entry Point]
  # {method} {0x000006c190ace498} 'flushBuffer' '(JI)V' in 'sun/java2d/opengl/OGLRenderQueue'
  # this:     rdx:rdx   = 'sun/java2d/opengl/OGLRenderQueue'
  # parm0:    r8:r8     = long
  # parm1:    r9        = int
  #           [sp+0x70]  (sp of caller)
  0x0000029b0ca94720: 448b 5208 | 493b c20f | 840b 0000 

  0x0000029b0ca9472c: ;   {runtime_call ic_miss_stub}
  0x0000029b0ca9472c: 00e9 4ec9 | 9eff 660f | 1f44 0000 
[Verified Entry Point]
  0x0000029b0ca94738: 8984 2400 | 90ff ff55 | 488b ec48 | 83ec 6048 | 8954 2420 | 4883 fa00 | 488d 5424 | 2048 0f44 
  0x0000029b0ca94758: 5424 20c5 

  0x0000029b0ca9475c: ;   {internal_word}
  0x0000029b0ca9475c: f877 49ba | 5b47 a90c | 9b02 0000 | 4d89 97a0 | 0200 0049 | 89a7 9802 

  0x0000029b0ca94774: ;   {external_word}
  0x0000029b0ca94774: 0000 49ba | 3d29 6729 | fe7f 0000 | 4180 3a00 | 0f84 5200 | 0000 5241 

  0x0000029b0ca9478c: ;   {metadata({method} {0x000006c190ace498} 'flushBuffer' '(JI)V' in 'sun/java2d/opengl/OGLRenderQueue')}
  0x0000029b0ca9478c: 5041 5148 | ba90 e4ac | 90c1 0600 | 0049 8bcf | 4883 ec20 | f7c4 0f00 | 0000 0f84 | 1a00 0000 
  0x0000029b0ca947ac: 4883 ec08 

  0x0000029b0ca947b0: ;   {runtime_call SharedRuntime::dtrace_method_entry}
  0x0000029b0ca947b0: 49ba b0ea | 1c29 fe7f | 0000 41ff | d248 83c4 | 08e9 0d00 

  0x0000029b0ca947c4: ;   {runtime_call SharedRuntime::dtrace_method_entry}
  0x0000029b0ca947c4: 0000 49ba | b0ea 1c29 | fe7f 0000 | 41ff d248 | 83c4 2041 | 5941 585a | 498d 8fb8 | 0200 0041 
  0x0000029b0ca947e4: c787 4803 | 0000 0400 

  0x0000029b0ca947ec: ;   {runtime_call}
  0x0000029b0ca947ec: 0000 49ba | 60fd cb89 | fe7f 0000 | 41ff d2c5 | f877 41c7 | 8748 0300 | 0005 0000 | 00f0 8344 
  0x0000029b0ca9480c: 24c0 0049 | 3baf 5003 | 0000 0f87 | 1100 0000 | 4181 bf38 | 0300 0000 | 0000 000f | 8421 0000 
  0x0000029b0ca9482c: 00c5 f877 | 498b cf4c | 8be4 4883 | ec20 4883 

  0x0000029b0ca9483c: ;   {runtime_call JavaThread::check_special_condition_for_native_trans}
  0x0000029b0ca9483c: e4f0 49ba | f008 2d29 | fe7f 0000 | 41ff d249 | 8be4 41c7 | 8748 0300 | 0008 0000 | 0041 81bf 
  0x0000029b0ca9485c: b803 0000 | 0200 0000 | 0f84 9b00 

  0x0000029b0ca94868: ;   {external_word}
  0x0000029b0ca94868: 0000 49ba | 3d29 6729 | fe7f 0000 | 4180 3a00 | 0f84 4800 

  0x0000029b0ca9487c: ;   {metadata({method} {0x000006c190ace498} 'flushBuffer' '(JI)V' in 'sun/java2d/opengl/OGLRenderQueue')}
  0x0000029b0ca9487c: 0000 48ba | 90e4 ac90 | c106 0000 | 498b cf48 | 83ec 20f7 | c40f 0000 | 000f 841a | 0000 0048 
  0x0000029b0ca9489c: ;   {runtime_call SharedRuntime::dtrace_method_entry}
  0x0000029b0ca9489c: 83ec 0849 | bab0 ea1c | 29fe 7f00 | 0041 ffd2 | 4883 c408 | e90d 0000 

  0x0000029b0ca948b4: ;   {runtime_call SharedRuntime::dtrace_method_entry}
  0x0000029b0ca948b4: 0049 bab0 | ea1c 29fe | 7f00 0041 | ffd2 4883 | c420 49c7 | 8798 0200 | 0000 0000 | 0049 c787 
  0x0000029b0ca948d4: a002 0000 | 0000 0000 | c5f8 7749 | 8b8f d800 | 0000 c781 | 0001 0000 | 0000 0000 | c949 817f 
  0x0000029b0ca948f4: 0800 0000 | 000f 8501 | 0000 00c3 

  0x0000029b0ca94900: ;   {runtime_call StubRoutines (1)}
  0x0000029b0ca94900: e9fb c599 | ffc5 f877 | 4c8b e448 | 83ec 2048 

  0x0000029b0ca94910: ;   {runtime_call SharedRuntime::reguard_yellow_pages}
  0x0000029b0ca94910: 83e4 f049 | ba40 1b1d | 29fe 7f00 | 0041 ffd2 | 498b e4e9 | 42ff ffff 
[/MachCode]


Compiled method (c1)   24825 2474       3       sun.java2d.opengl.OGLRenderQueue::flushBuffer (41 bytes)
 total in heap  [0x0000029b0537fb90,0x0000029b053801d8] = 1608
 relocation     [0x0000029b0537fce8,0x0000029b0537fd50] = 104
 main code      [0x0000029b0537fd60,0x0000029b05380040] = 736
 stub code      [0x0000029b05380040,0x0000029b05380098] = 88
 metadata       [0x0000029b05380098,0x0000029b053800c0] = 40
 scopes data    [0x0000029b053800c0,0x0000029b05380110] = 80
 scopes pcs     [0x0000029b05380110,0x0000029b053801b0] = 160
 dependencies   [0x0000029b053801b0,0x0000029b053801b8] = 8
 nul chk table  [0x0000029b053801b8,0x0000029b053801d8] = 32

[Constant Pool (empty)]

[MachCode]
[Entry Point]
  # {method} {0x000006c190ace590} 'flushBuffer' '()V' in 'sun/java2d/opengl/OGLRenderQueue'
  #           [sp+0x70]  (sp of caller)
  0x0000029b0537fd60: 448b 5208 

  0x0000029b0537fd64: ;   {runtime_call ic_miss_stub}
  0x0000029b0537fd64: 4c3b d00f | 8513 1310 | 0766 6666 | 0f1f 8400 | 0000 0000 | 6666 6690 | 0f1f 4000 
[Verified Entry Point]
  0x0000029b0537fd80: 8984 2400 | 90ff ff55 | 4883 ec60 

  0x0000029b0537fd8c: ;   {metadata(method data for {method} {0x000006c190ace590} 'flushBuffer' '()V' in 'sun/java2d/opengl/OGLRenderQueue')}
  0x0000029b0537fd8c: 49b8 b8c2 | 3e91 c106 | 0000 458b | 88cc 0000 | 0041 83c1 | 0245 8988 | cc00 0000 | 4181 e1fe 
  0x0000029b0537fdac: 0700 0041 | 83f9 000f | 84d6 0100 | 004c 8b42 | 1049 3b00 

  0x0000029b0537fdc0: ;   {metadata(method data for {method} {0x000006c190ace590} 'flushBuffer' '()V' in 'sun/java2d/opengl/OGLRenderQueue')}
  0x0000029b0537fdc0: 4d8b c848 | beb8 c23e | 91c1 0600 | 0048 8386 | 1001 0000 

  0x0000029b0537fdd4: ;   {metadata(method data for {method} {0x000006c190ad0ab0} 'position' '()I' in 'sun/java2d/pipe/RenderBuffer')}
  0x0000029b0537fdd4: 0149 b920 | 8b39 91c1 | 0600 0041 | 8bb1 cc00 | 0000 83c6 | 0241 89b1 | cc00 0000 | 81e6 feff 
  0x0000029b0537fdf4: 1f00 83fe | 000f 84b6 | 0100 004d | 8b48 2049 | 8b70 104c | 2bce 458b | c941 83f9 

  0x0000029b0537fe10: ;   {metadata(method data for {method} {0x000006c190ace590} 'flushBuffer' '()V' in 'sun/java2d/opengl/OGLRenderQueue')}
  0x0000029b0537fe10: 0048 bfb8 | c23e 91c1 | 0600 0048 | bb48 0100 | 0000 0000 | 000f 8e0a | 0000 0048 | bb58 0100 
  0x0000029b0537fe30: 0000 0000 | 0048 8b04 | 1f48 8d40 | 0148 8904 | 1f0f 8e42 

  0x0000029b0537fe44: ;   {metadata(method data for {method} {0x000006c190ace590} 'flushBuffer' '()V' in 'sun/java2d/opengl/OGLRenderQueue')}
  0x0000029b0537fe44: 0000 0048 | bfb8 c23e | 91c1 0600 | 0048 8387 | 6801 0000 | 014c 8bc2 

  0x0000029b0537fe5c: ;   {metadata(method data for {method} {0x000006c190ace590} 'flushBuffer' '()V' in 'sun/java2d/opengl/OGLRenderQueue')}
  0x0000029b0537fe5c: 48bf b8c2 | 3e91 c106 | 0000 4883 | 87a0 0100 | 0001 4c8b | c648 8bf2 | 488b d648 | 8974 2450 
  0x0000029b0537fe7c: ;   {optimized virtual_call}
  0x0000029b0537fe7c: 6666 90e8 

  0x0000029b0537fe80: ; ImmutableOopMap {[80]=Oop }
                      ;*invokevirtual flushBuffer {reexecute=0 rethrow=0 return_oop=0}
                      ; - sun.java2d.opengl.OGLRenderQueue::flushBuffer@21 (line 150)
  0x0000029b0537fe80: b448 7107 | 488b 5424 | 5048 8b72 | 1048 3b06 

  0x0000029b0537fe90: ;   {metadata(method data for {method} {0x000006c190ace590} 'flushBuffer' '()V' in 'sun/java2d/opengl/OGLRenderQueue')}
  0x0000029b0537fe90: 488b fe48 | bbb8 c23e | 91c1 0600 | 0048 8383 | d801 0000 

  0x0000029b0537fea4: ;   {metadata(method data for {method} {0x000006c190ad0c30} 'clear' '()V' in 'sun/java2d/pipe/RenderBuffer')}
  0x0000029b0537fea4: 0148 bf40 | c53e 91c1 | 0600 008b | 9fcc 0000 | 0083 c302 | 899f cc00 | 0000 81e3 | feff 1f00 
  0x0000029b0537fec4: 83fb 000f | 840e 0100 | 0048 8b7e | 1048 897e | 2048 8b52 | 1848 3b02 

  0x0000029b0537fedc: ;   {metadata(method data for {method} {0x000006c190ace590} 'flushBuffer' '()V' in 'sun/java2d/opengl/OGLRenderQueue')}
  0x0000029b0537fedc: 488b f248 | bfb8 c23e | 91c1 0600 | 008b 7608 | 483b b720 | 0200 0075 | 0d48 8387 | 2802 0000 
  0x0000029b0537fefc: 01e9 6600 | 0000 483b | b730 0200 | 0075 0d48 | 8387 3802 | 0000 01e9 | 5000 0000 | 4881 bf20 
  0x0000029b0537ff1c: 0200 0000 | 0000 0075 | 1748 89b7 | 2002 0000 | 48c7 8728 | 0200 0001 | 0000 00e9 | 2c00 0000 
  0x0000029b0537ff3c: 4881 bf30 | 0200 0000 | 0000 0075 | 1748 89b7 | 3002 0000 | 48c7 8738 | 0200 0001 | 0000 00e9 
  0x0000029b0537ff5c: 0800 0000 | 4883 8710 | 0200 0001 | 0f1f 4400 | 0048 b828 | 4e07 8000 

  0x0000029b0537ff74: ;   {virtual_call}
  0x0000029b0537ff74: 0000 00e8 

  0x0000029b0537ff78: ; ImmutableOopMap {}
                      ;*invokeinterface clear {reexecute=0 rethrow=0 return_oop=0}
                      ; - sun.java2d.opengl.OGLRenderQueue::flushBuffer@35 (line 155)
  0x0000029b0537ff78: 44f4 ffff | 4883 c460 

  0x0000029b0537ff80: ;   {poll_return}
  0x0000029b0537ff80: 5d49 3ba7 | 5003 0000 | 0f87 7300 

  0x0000029b0537ff8c: ;   {metadata({method} {0x000006c190ace590} 'flushBuffer' '()V' in 'sun/java2d/opengl/OGLRenderQueue')}
  0x0000029b0537ff8c: 0000 c349 | ba88 e5ac | 90c1 0600 | 004c 8954 | 2408 48c7 | 0424 ffff 

  0x0000029b0537ffa4: ;   {runtime_call counter_overflow Runtime1 stub}
  0x0000029b0537ffa4: ffff e8d5 

  0x0000029b0537ffa8: ; ImmutableOopMap {rdx=Oop }
                      ;*synchronization entry
                      ; - sun.java2d.opengl.OGLRenderQueue::flushBuffer@-1 (line 147)
  0x0000029b0537ffa8: 911a 07e9 | 09fe ffff 

  0x0000029b0537ffb0: ;   {runtime_call throw_null_pointer_exception Runtime1 stub}
  0x0000029b0537ffb0: e86b 3d1a 

  0x0000029b0537ffb4: ; ImmutableOopMap {rdx=Oop r8=Oop }
                      ;*invokevirtual position {reexecute=0 rethrow=0 return_oop=0}
                      ; - sun.java2d.opengl.OGLRenderQueue::flushBuffer@4 (line 147)
                      ;   {metadata({method} {0x000006c190ad0ab0} 'position' '()I' in 'sun/java2d/pipe/RenderBuffer')}
  0x0000029b0537ffb4: 0749 baa8 | 0aad 90c1 | 0600 004c | 8954 2408 | 48c7 0424 | ffff ffff 

  0x0000029b0537ffcc: ;   {runtime_call counter_overflow Runtime1 stub}
  0x0000029b0537ffcc: e8af 911a 

  0x0000029b0537ffd0: ; ImmutableOopMap {rdx=Oop r8=Oop }
                      ;*synchronization entry
                      ; - sun.java2d.pipe.RenderBuffer::position@-1 (line 110)
                      ; - sun.java2d.opengl.OGLRenderQueue::flushBuffer@4 (line 147)
  0x0000029b0537ffd0: 07e9 29fe 

  0x0000029b0537ffd4: ;   {runtime_call throw_null_pointer_exception Runtime1 stub}
  0x0000029b0537ffd4: ffff e845 

  0x0000029b0537ffd8: ; ImmutableOopMap {rdx=Oop rsi=Oop }
                      ;*invokevirtual clear {reexecute=0 rethrow=0 return_oop=0}
                      ; - sun.java2d.opengl.OGLRenderQueue::flushBuffer@28 (line 153)
                      ;   {metadata({method} {0x000006c190ad0c30} 'clear' '()V' in 'sun/java2d/pipe/RenderBuffer')}
  0x0000029b0537ffd8: 3d1a 0749 | ba28 0cad | 90c1 0600 | 004c 8954 | 2408 48c7 | 0424 ffff 

  0x0000029b0537fff0: ;   {runtime_call counter_overflow Runtime1 stub}
  0x0000029b0537fff0: ffff e889 

  0x0000029b0537fff4: ; ImmutableOopMap {rdx=Oop rsi=Oop }
                      ;*synchronization entry
                      ; - sun.java2d.pipe.RenderBuffer::clear@-1 (line 118)
                      ; - sun.java2d.opengl.OGLRenderQueue::flushBuffer@28 (line 153)
  0x0000029b0537fff4: 911a 07e9 | d1fe ffff 

  0x0000029b0537fffc: ;   {runtime_call throw_null_pointer_exception Runtime1 stub}
  0x0000029b0537fffc: e81f 3d1a 

  0x0000029b05380000: ; ImmutableOopMap {rdx=Oop }
                      ;*invokeinterface clear {reexecute=0 rethrow=0 return_oop=0}
                      ; - sun.java2d.opengl.OGLRenderQueue::flushBuffer@35 (line 155)
                      ;   {internal_word}
  0x0000029b05380000: 0749 ba81 | ff37 059b | 0200 004d | 8997 6803 

  0x0000029b05380010: ;   {runtime_call SafepointBlob}
  0x0000029b05380010: 0000 e9e9 | 7910 0790 | 9049 8b87 | e003 0000 | 49c7 87e0 | 0300 0000 | 0000 0049 | c787 e803 
  0x0000029b05380030: 0000 0000 | 0000 4883 

  0x0000029b05380038: ;   {runtime_call unwind_exception Runtime1 stub}
  0x0000029b05380038: c460 5de9 | c027 1a07 
[Stub Code]
  0x0000029b05380040: ;   {no_reloc}
  0x0000029b05380040: 0f1f 4400 

  0x0000029b05380044: ;   {static_stub}
  0x0000029b05380044: 0048 bb90 | e4ac 90c1 

  0x0000029b0538004c: ;   {runtime_call I2C/C2I adapters}
  0x0000029b0538004c: 0600 00e9 | 8082 1007 

  0x0000029b05380054: ;   {static_stub}
  0x0000029b05380054: 9048 bb00 | 0000 0000 

  0x0000029b0538005c: ;   {runtime_call}
  0x0000029b0538005c: 0000 00e9 | fbff ffff 
[Exception Handler]
  0x0000029b05380064: ;   {runtime_call handle_exception_from_callee Runtime1 stub}
  0x0000029b05380064: e817 641a 

  0x0000029b05380068: ;   {external_word}
  0x0000029b05380068: 0748 b990 | 6d41 29fe | 7f00 0048 

  0x0000029b05380074: ;   {runtime_call MacroAssembler::debug64}
  0x0000029b05380074: 83e4 f049 | ba30 df09 | 29fe 7f00 | 0041 ffd2 

  0x0000029b05380084: ;   {section_word}
  0x0000029b05380084: f449 ba85 | 0038 059b | 0200 0041 

  0x0000029b05380090: ;   {runtime_call DeoptimizationBlob}
  0x0000029b05380090: 52e9 0a6c | 1007 f4f4 
[/MachCode]


---------------  P R O C E S S  ---------------

Threads class SMR info:
_java_thread_list=0x000006c19dbccf00, length=44, elements={
0x000006c18fa51f10, 0x000006c18fa53560, 0x000006c18fa9e460, 0x000006c18faaf970,
0x000006c18fab2250, 0x000006c18fab2b20, 0x000006c18fab3ec0, 0x000006c18fab6f80,
0x000006c18fabad90, 0x000006c18fb9fa40, 0x000006c19425ab30, 0x000006c19425b010,
0x000006c1944caa00, 0x000006c19aa33800, 0x000006c19af52ce0, 0x000006c19ae13d80,
0x000006c19ad16930, 0x000006c19ad16e10, 0x000006c1943e4c60, 0x000006c1943e3d30,
0x000006c1943e4240, 0x000006c1943e5170, 0x000006c1943e28f0, 0x000006c1943e3310,
0x000006c1943e5680, 0x000006c1943e1ed0, 0x000006c1943e2e00, 0x000006c1943e23e0,
0x000006c1943e3820, 0x000006c19b366050, 0x000006c19b366560, 0x000006c19b36d9d0,
0x000006c19b368de0, 0x000006c19b366a70, 0x000006c19b36a730, 0x000006c19b3683c0,
0x000006c19b36c080, 0x000006c19b36bb70, 0x000006c19b36b150, 0x000006c19b3692f0,
0x000006c19b367eb0, 0x000006c19b367490, 0x000006c19b369800, 0x000006c19b3679a0
}

Java Threads: ( => current thread )
  0x000006c18fa51f10 JavaThread "Reference Handler" daemon [_thread_blocked, id=12528, stack(0x000000d07e600000,0x000000d07e700000)]
  0x000006c18fa53560 JavaThread "Finalizer" daemon [_thread_blocked, id=20520, stack(0x000000d07e700000,0x000000d07e800000)]
  0x000006c18fa9e460 JavaThread "Signal Dispatcher" daemon [_thread_blocked, id=32272, stack(0x000000d07e800000,0x000000d07e900000)]
  0x000006c18faaf970 JavaThread "Attach Listener" daemon [_thread_blocked, id=37264, stack(0x000000d07e900000,0x000000d07ea00000)]
  0x000006c18fab2250 JavaThread "Service Thread" daemon [_thread_blocked, id=28136, stack(0x000000d07ea00000,0x000000d07eb00000)]
  0x000006c18fab2b20 JavaThread "Monitor Deflation Thread" daemon [_thread_blocked, id=34212, stack(0x000000d07eb00000,0x000000d07ec00000)]
  0x000006c18fab3ec0 JavaThread "C2 CompilerThread0" daemon [_thread_blocked, id=28860, stack(0x000000d07ec00000,0x000000d07ed00000)]
  0x000006c18fab6f80 JavaThread "C1 CompilerThread0" daemon [_thread_blocked, id=13108, stack(0x000000d07ed00000,0x000000d07ee00000)]
  0x000006c18fabad90 JavaThread "Sweeper thread" daemon [_thread_blocked, id=36268, stack(0x000000d07ee00000,0x000000d07ef00000)]
  0x000006c18fb9fa40 JavaThread "Common-Cleaner" daemon [_thread_blocked, id=36576, stack(0x000000d07ef00000,0x000000d07f000000)]
  0x000006c19425ab30 JavaThread "Monitor Ctrl-Break" daemon [_thread_in_native, id=1264, stack(0x000000d07f100000,0x000000d07f200000)]
  0x000006c19425b010 JavaThread "Notification Thread" daemon [_thread_blocked, id=2460, stack(0x000000d07f200000,0x000000d07f300000)]
=>0x000006c1944caa00 JavaThread "Java2D Queue Flusher" daemon [_thread_in_native, id=22740, stack(0x000000d07f400000,0x000000d07f500000)]
  0x000006c19aa33800 JavaThread "Java2D Disposer" daemon [_thread_blocked, id=31200, stack(0x000000d07f000000,0x000000d07f100000)]
  0x000006c19af52ce0 JavaThread "AWT-Windows" daemon [_thread_in_native, id=34508, stack(0x000000d07fb00000,0x000000d07fc00000)]
  0x000006c19ae13d80 JavaThread "Java Sound Event Dispatcher" daemon [_thread_blocked, id=27852, stack(0x000000d000700000,0x000000d000800000)]
  0x000006c19ad16930 JavaThread "Direct Clip" daemon [_thread_blocked, id=10824, stack(0x000000d000a00000,0x000000d000b00000)]
  0x000006c19ad16e10 JavaThread "Direct Clip" daemon [_thread_blocked, id=39664, stack(0x000000d000b00000,0x000000d000c00000)]
  0x000006c1943e4c60 JavaThread "Direct Clip" daemon [_thread_blocked, id=37476, stack(0x000000d000c00000,0x000000d000d00000)]
  0x000006c1943e3d30 JavaThread "Direct Clip" daemon [_thread_blocked, id=36956, stack(0x000000d000d00000,0x000000d000e00000)]
  0x000006c1943e4240 JavaThread "Direct Clip" daemon [_thread_blocked, id=34368, stack(0x000000d000e00000,0x000000d000f00000)]
  0x000006c1943e5170 JavaThread "Direct Clip" daemon [_thread_blocked, id=34484, stack(0x000000d000f00000,0x000000d001000000)]
  0x000006c1943e28f0 JavaThread "Direct Clip" daemon [_thread_blocked, id=31376, stack(0x000000d001000000,0x000000d001100000)]
  0x000006c1943e3310 JavaThread "Direct Clip" daemon [_thread_blocked, id=6328, stack(0x000000d001100000,0x000000d001200000)]
  0x000006c1943e5680 JavaThread "Direct Clip" daemon [_thread_blocked, id=22632, stack(0x000000d001200000,0x000000d001300000)]
  0x000006c1943e1ed0 JavaThread "Direct Clip" daemon [_thread_blocked, id=39416, stack(0x000000d001300000,0x000000d001400000)]
  0x000006c1943e2e00 JavaThread "Direct Clip" daemon [_thread_blocked, id=33404, stack(0x000000d001400000,0x000000d001500000)]
  0x000006c1943e23e0 JavaThread "Direct Clip" daemon [_thread_blocked, id=3764, stack(0x000000d001500000,0x000000d001600000)]
  0x000006c1943e3820 JavaThread "Direct Clip" daemon [_thread_blocked, id=28344, stack(0x000000d001600000,0x000000d001700000)]
  0x000006c19b366050 JavaThread "Direct Clip" daemon [_thread_blocked, id=31904, stack(0x000000d001700000,0x000000d001800000)]
  0x000006c19b366560 JavaThread "Direct Clip" daemon [_thread_blocked, id=15984, stack(0x000000d001800000,0x000000d001900000)]
  0x000006c19b36d9d0 JavaThread "Direct Clip" daemon [_thread_blocked, id=27424, stack(0x000000d001900000,0x000000d001a00000)]
  0x000006c19b368de0 JavaThread "Direct Clip" daemon [_thread_blocked, id=27700, stack(0x000000d001a00000,0x000000d001b00000)]
  0x000006c19b366a70 JavaThread "Direct Clip" daemon [_thread_blocked, id=36468, stack(0x000000d001b00000,0x000000d001c00000)]
  0x000006c19b36a730 JavaThread "Direct Clip" daemon [_thread_blocked, id=14244, stack(0x000000d001c00000,0x000000d001d00000)]
  0x000006c19b3683c0 JavaThread "Direct Clip" daemon [_thread_blocked, id=33960, stack(0x000000d001d00000,0x000000d001e00000)]
  0x000006c19b36c080 JavaThread "Direct Clip" daemon [_thread_blocked, id=12296, stack(0x000000d001e00000,0x000000d001f00000)]
  0x000006c19b36bb70 JavaThread "AWT-Shutdown" [_thread_blocked, id=37932, stack(0x000000d002300000,0x000000d002400000)]
  0x000006c19b36b150 JavaThread "AWT-EventQueue-0" [_thread_blocked, id=39912, stack(0x000000d002400000,0x000000d002500000)]
  0x000006c19b3692f0 JavaThread "DestroyJavaVM" [_thread_blocked, id=36596, stack(0x000000d07df00000,0x000000d07e000000)]
  0x000006c19b367eb0 JavaThread "TimerQueue" daemon [_thread_blocked, id=22868, stack(0x000000d002a00000,0x000000d002b00000)]
  0x000006c19b367490 JavaThread "Thread-0" [_thread_blocked, id=39892, stack(0x000000d002b00000,0x000000d002c00000)]
  0x000006c19b369800 JavaThread "ztt" [_thread_in_vm, id=37260, stack(0x000000d002c00000,0x000000d002d00000)]
  0x000006c19b3679a0 JavaThread "ToolkitShutdown" daemon [_thread_in_native, id=14772, stack(0x000000d003000000,0x000000d003100000)]

Other Threads:
  0x000006c18fa4cc30 VMThread "VM Thread" [stack: 0x000000d07e500000,0x000000d07e600000] [id=3328]
  0x0000029b7fc0ff50 WatcherThread [stack: 0x000000d07f300000,0x000000d07f400000] [id=31568]
  0x0000029b7fccbcb0 GCTaskThread "GC Thread#0" [stack: 0x000000d07e000000,0x000000d07e100000] [id=16784]
  0x000006c19ae0ebd0 GCTaskThread "GC Thread#1" [stack: 0x000000d07fc00000,0x000000d07fd00000] [id=15740]
  0x000006c19ae0f6d0 GCTaskThread "GC Thread#2" [stack: 0x000000d07fd00000,0x000000d07fe00000] [id=37424]
  0x000006c19ae0e390 GCTaskThread "GC Thread#3" [stack: 0x000000d07fe00000,0x000000d07ff00000] [id=36236]
  0x000006c19ae0e650 GCTaskThread "GC Thread#4" [stack: 0x000000d07ff00000,0x000000d080000000] [id=33480]
  0x000006c19ae0de10 GCTaskThread "GC Thread#5" [stack: 0x000000d000000000,0x000000d000100000] [id=37212]
  0x000006c19ae0e910 GCTaskThread "GC Thread#6" [stack: 0x000000d000100000,0x000000d000200000] [id=15672]
  0x000006c19ae0ee90 GCTaskThread "GC Thread#7" [stack: 0x000000d000200000,0x000000d000300000] [id=31444]
  0x000006c19ae0f150 GCTaskThread "GC Thread#8" [stack: 0x000000d000300000,0x000000d000400000] [id=28520]
  0x000006c19ae0db50 GCTaskThread "GC Thread#9" [stack: 0x000000d000400000,0x000000d000500000] [id=25688]
  0x0000029b7fcce290 ConcurrentGCThread "G1 Main Marker" [stack: 0x000000d07e100000,0x000000d07e200000] [id=33436]
  0x0000029b7fccebc0 ConcurrentGCThread "G1 Conc#0" [stack: 0x000000d07e200000,0x000000d07e300000] [id=36708]
  0x000006c19ae0e0d0 ConcurrentGCThread "G1 Conc#1" [stack: 0x000000d002800000,0x000000d002900000] [id=37456]
  0x000006c19e345b70 ConcurrentGCThread "G1 Conc#2" [stack: 0x000000d002900000,0x000000d002a00000] [id=34112]
  0x000006a1881cb790 ConcurrentGCThread "G1 Refine#0" [stack: 0x000000d07e300000,0x000000d07e400000] [id=35188]
  0x000006c19b3d48c0 ConcurrentGCThread "G1 Refine#1" [stack: 0x000000d001f00000,0x000000d002000000] [id=19408]
  0x000006c19b305640 ConcurrentGCThread "G1 Refine#2" [stack: 0x000000d002000000,0x000000d002100000] [id=3604]
  0x000006c19b3d37c0 ConcurrentGCThread "G1 Refine#3" [stack: 0x000000d002100000,0x000000d002200000] [id=33680]
  0x000006c19b3ecf90 ConcurrentGCThread "G1 Refine#4" [stack: 0x000000d002200000,0x000000d002300000] [id=38924]
  0x000006a1881cc0d0 ConcurrentGCThread "G1 Service" [stack: 0x000000d07e400000,0x000000d07e500000] [id=35008]

Threads with active compile tasks:

VM state: not at safepoint (normal execution)

VM Mutex/Monitor currently owned by a thread: None

CDS archive(s) not mapped
Compressed class space mapped at: 0x0000000080000000-0x00000000c0000000, reserved size: 1073741824
Narrow klass base: 0x0000000000000000, Narrow klass shift: 0, Narrow klass range: 0xc0000000

GC Precious Log:
 CPUs: 12 total, 12 available
 Memory: 16254M
 Large Page Support: Disabled
 NUMA Support: Disabled
 Compressed Oops: Disabled
 Heap Region Size: 32M
 Heap Min Capacity: 32M
 Heap Initial Capacity: 256M
 Heap Max Capacity: 4096G
 Pre-touch: Disabled
 Parallel Workers: 10
 Concurrent Workers: 3
 Concurrent Refinement Workers: 10
 Periodic GC: Disabled

Heap:
 garbage-first heap   total 983040K, used 250449K [0x0000029b80000000, 0x0000069b80000000)
  region size 32768K, 3 young (98304K), 1 survivors (32768K)
 Metaspace       used 22631K, committed 22848K, reserved 1114112K
  class space    used 2306K, committed 2432K, reserved 1048576K

Heap Regions: E=young(eden), S=young(survivor), O=old, HS=humongous(starts), HC=humongous(continues), CS=collection set, F=free, OA=open archive, CA=closed archive, TAMS=top-at-mark-start (previous, next)
|   0|0x0000029b80000000, 0x0000029b82000000, 0x0000029b82000000|100%| O|  |TAMS 0x0000029b82000000, 0x0000029b80000000| Untracked 
|   1|0x0000029b82000000, 0x0000029b84000000, 0x0000029b84000000|100%|HS|  |TAMS 0x0000029b84000000, 0x0000029b82000000| Complete 
|   2|0x0000029b84000000, 0x0000029b86000000, 0x0000029b86000000|100%| O|  |TAMS 0x0000029b86000000, 0x0000029b84000000| Untracked 
|   3|0x0000029b86000000, 0x0000029b88000000, 0x0000029b88000000|100%| O|  |TAMS 0x0000029b88000000, 0x0000029b86000000| Untracked 
|   4|0x0000029b88000000, 0x0000029b8a000000, 0x0000029b8a000000|100%| O|  |TAMS 0x0000029b8a000000, 0x0000029b88000000| Untracked 
|   5|0x0000029b8a000000, 0x0000029b8c000000, 0x0000029b8c000000|100%| O|  |TAMS 0x0000029b8af34200, 0x0000029b8a000000| Untracked 
|   6|0x0000029b8c000000, 0x0000029b8ced7a00, 0x0000029b8e000000| 46%| O|  |TAMS 0x0000029b8c000000, 0x0000029b8c000000| Untracked 
|   7|0x0000029b8e000000, 0x0000029b8e000000, 0x0000029b90000000|  0%| F|  |TAMS 0x0000029b8e000000, 0x0000029b8e000000| Untracked 
|   8|0x0000029b90000000, 0x0000029b90000000, 0x0000029b92000000|  0%| F|  |TAMS 0x0000029b90000000, 0x0000029b90000000| Untracked 
|   9|0x0000029b92000000, 0x0000029b92000000, 0x0000029b94000000|  0%| F|  |TAMS 0x0000029b92000000, 0x0000029b92000000| Untracked 
|  10|0x0000029b94000000, 0x0000029b94000000, 0x0000029b96000000|  0%| F|  |TAMS 0x0000029b94000000, 0x0000029b94000000| Untracked 
|  11|0x0000029b96000000, 0x0000029b96000000, 0x0000029b98000000|  0%| F|  |TAMS 0x0000029b96000000, 0x0000029b96000000| Untracked 
|  12|0x0000029b98000000, 0x0000029b98000000, 0x0000029b9a000000|  0%| F|  |TAMS 0x0000029b98000000, 0x0000029b98000000| Untracked 
|  13|0x0000029b9a000000, 0x0000029b9a5bcd90, 0x0000029b9c000000| 17%| S|CS|TAMS 0x0000029b9a000000, 0x0000029b9a000000| Complete 
|  14|0x0000029b9c000000, 0x0000029b9c000000, 0x0000029b9e000000|  0%| F|  |TAMS 0x0000029b9c000000, 0x0000029b9c000000| Untracked 
|  15|0x0000029b9e000000, 0x0000029b9e000000, 0x0000029ba0000000|  0%| F|  |TAMS 0x0000029b9e000000, 0x0000029b9e000000| Untracked 
|  16|0x0000029ba0000000, 0x0000029ba0000000, 0x0000029ba2000000|  0%| F|  |TAMS 0x0000029ba0000000, 0x0000029ba0000000| Untracked 
|  17|0x0000029ba2000000, 0x0000029ba2000000, 0x0000029ba4000000|  0%| F|  |TAMS 0x0000029ba2000000, 0x0000029ba2000000| Untracked 
|  18|0x0000029ba4000000, 0x0000029ba4000000, 0x0000029ba6000000|  0%| F|  |TAMS 0x0000029ba4000000, 0x0000029ba4000000| Untracked 
|  19|0x0000029ba6000000, 0x0000029ba6000000, 0x0000029ba8000000|  0%| F|  |TAMS 0x0000029ba6000000, 0x0000029ba6000000| Untracked 
|  20|0x0000029ba8000000, 0x0000029ba8000000, 0x0000029baa000000|  0%| F|  |TAMS 0x0000029ba8000000, 0x0000029ba8000000| Untracked 
|  21|0x0000029baa000000, 0x0000029baa000000, 0x0000029bac000000|  0%| F|  |TAMS 0x0000029baa000000, 0x0000029baa000000| Untracked 
|  22|0x0000029bac000000, 0x0000029bac000000, 0x0000029bae000000|  0%| F|  |TAMS 0x0000029bac000000, 0x0000029bac000000| Untracked 
|  23|0x0000029bae000000, 0x0000029bae000000, 0x0000029bb0000000|  0%| F|  |TAMS 0x0000029bae000000, 0x0000029bae000000| Untracked 
|  24|0x0000029bb0000000, 0x0000029bb0000000, 0x0000029bb2000000|  0%| F|  |TAMS 0x0000029bb0000000, 0x0000029bb0000000| Untracked 
|  25|0x0000029bb2000000, 0x0000029bb2000000, 0x0000029bb4000000|  0%| F|  |TAMS 0x0000029bb2000000, 0x0000029bb2000000| Untracked 
|  26|0x0000029bb4000000, 0x0000029bb4000000, 0x0000029bb6000000|  0%| F|  |TAMS 0x0000029bb4000000, 0x0000029bb4000000| Untracked 
|  27|0x0000029bb6000000, 0x0000029bb6000000, 0x0000029bb8000000|  0%| F|  |TAMS 0x0000029bb6000000, 0x0000029bb6000000| Untracked 
|  28|0x0000029bb8000000, 0x0000029bba000000, 0x0000029bba000000|100%| E|  |TAMS 0x0000029bb8000000, 0x0000029bb8000000| Complete 
|  31|0x0000029bbe000000, 0x0000029bc0000000, 0x0000029bc0000000|100%| E|CS|TAMS 0x0000029bbe000000, 0x0000029bbe000000| Complete 

Card table byte_map: [0x0000069d88010000,0x0000069f88010000] _byte_map_base: 0x0000069c3a410000

Marking Bits (Prev, Next): (CMBitMap*) 0x0000029b7fccc220, (CMBitMap*) 0x0000029b7fccc1e0
 Prev Bits: [0x000006b188420000, 0x000006c188420000)
 Next Bits: [0x000006a188210000, 0x000006b188210000)

Polling page: 0x0000029b7f7d0000

Metaspace:

Usage:
  Non-class:     19.85 MB used.
      Class:      2.25 MB used.
       Both:     22.10 MB used.

Virtual space:
  Non-class space:       64.00 MB reserved,      19.94 MB ( 31%) committed,  1 nodes.
      Class space:        1.00 GB reserved,       2.38 MB ( <1%) committed,  1 nodes.
             Both:        1.06 GB reserved,      22.31 MB (  2%) committed. 

Chunk freelists:
   Non-Class:  12.07 MB
       Class:  13.59 MB
        Both:  25.66 MB

MaxMetaspaceSize: unlimited
CompressedClassSpaceSize: 1.00 GB
Initial GC threshold: 21.00 MB
Current GC threshold: 35.12 MB
CDS: off
MetaspaceReclaimPolicy: balanced
 - commit_granule_bytes: 65536.
 - commit_granule_words: 8192.
 - virtual_space_node_default_size: 8388608.
 - enlarge_chunks_in_place: 1.
 - new_chunks_are_fully_committed: 0.
 - uncommit_free_chunks: 1.
 - use_allocation_guard: 0.
 - handle_deallocations: 1.


Internal statistics:

num_allocs_failed_limit: 3.
num_arena_births: 270.
num_arena_deaths: 0.
num_vsnodes_births: 2.
num_vsnodes_deaths: 0.
num_space_committed: 357.
num_space_uncommitted: 0.
num_chunks_returned_to_freelist: 3.
num_chunks_taken_from_freelist: 407.
num_chunk_merges: 0.
num_chunk_splits: 228.
num_chunks_enlarged: 111.
num_inconsistent_stats: 0.

CodeHeap 'non-profiled nmethods': size=120000Kb used=1321Kb max_used=1321Kb free=118678Kb
 bounds [0x0000029b0c9d0000, 0x0000029b0cc40000, 0x0000029b13f00000]
CodeHeap 'profiled nmethods': size=120000Kb used=5642Kb max_used=5642Kb free=114357Kb
 bounds [0x0000029b04f00000, 0x0000029b05490000, 0x0000029b0c430000]
CodeHeap 'non-nmethods': size=5760Kb used=1313Kb max_used=1391Kb free=4446Kb
 bounds [0x0000029b0c430000, 0x0000029b0c6a0000, 0x0000029b0c9d0000]
 total_blobs=3650 nmethods=2996 adapters=566
 compilation: enabled
              stopped_count=0, restarted_count=0
 full_count=0

Compilation events (20 events):
Event: 24.308 Thread 0x000006c18fab6f80 2986       1       net.sendback.util.resources.Sprites::getTexture (5 bytes)
Event: 24.308 Thread 0x000006c18fab6f80 nmethod 2986 0x0000029b0cb19e10 code [0x0000029b0cb19fa0, 0x0000029b0cb1a078]
Event: 24.325 Thread 0x000006c18fab6f80 2988       3       java.awt.geom.AffineTransform::getDeterminant (99 bytes)
Event: 24.325 Thread 0x000006c18fab6f80 nmethod 2988 0x0000029b0547f510 code [0x0000029b0547f700, 0x0000029b0547fb28]
Event: 24.325 Thread 0x000006c18fab6f80 2989       3       sun.font.Font2D::getStrike (27 bytes)
Event: 24.326 Thread 0x000006c18fab6f80 nmethod 2989 0x0000029b0547fc10 code [0x0000029b0547fdc0, 0x0000029b054800d8]
Event: 24.326 Thread 0x000006c18fab6f80 2987       3       java.awt.geom.AffineTransform::<init> (57 bytes)
Event: 24.326 Thread 0x000006c18fab6f80 nmethod 2987 0x0000029b05480210 code [0x0000029b054803c0, 0x0000029b054806a8]
Event: 24.478 Thread 0x000006c18fab6f80 2991       3       sun.java2d.pipe.PixelToParallelogramConverter::<init> (38 bytes)
Event: 24.478 Thread 0x000006c18fab6f80 nmethod 2991 0x0000029b05480810 code [0x0000029b054809e0, 0x0000029b05480c78]
Event: 24.478 Thread 0x000006c18fab6f80 2990       3       sun.java2d.SurfaceData::getRenderLoops (66 bytes)
Event: 24.478 Thread 0x000006c18fab6f80 nmethod 2990 0x0000029b05480d90 code [0x0000029b05480fa0, 0x0000029b05481498]
Event: 24.478 Thread 0x000006c18fab6f80 2992       3       sun.awt.windows.WComponentPeer::flip (54 bytes)
Event: 24.479 Thread 0x000006c18fab6f80 nmethod 2992 0x0000029b05481690 code [0x0000029b05481880, 0x0000029b05482058]
Event: 24.512 Thread 0x000006c18fab6f80 2993       1       java.awt.BufferCapabilities::getFlipContents (5 bytes)
Event: 24.512 Thread 0x000006c18fab6f80 nmethod 2993 0x0000029b0cb1a110 code [0x0000029b0cb1a2a0, 0x0000029b0cb1a378]
Event: 24.528 Thread 0x000006c18fab6f80 2994       3       net.sendback.util.components.menus.GameCanvas::update (15 bytes)
Event: 24.528 Thread 0x000006c18fab6f80 nmethod 2994 0x0000029b05482290 code [0x0000029b05482420, 0x0000029b05482568]
Event: 24.531 Thread 0x000006c18fab6f80 2995       3       net.sendback.util.components.menus.GameCanvas::calculateFPS (36 bytes)
Event: 24.531 Thread 0x000006c18fab6f80 nmethod 2995 0x0000029b05482610 code [0x0000029b054827a0, 0x0000029b05482938]

GC Heap History (20 events):
Event: 1.135 GC heap before
{Heap before GC invocations=0 (full 0):
 garbage-first heap   total 262144K, used 0K [0x0000029b80000000, 0x0000069b80000000)
  region size 32768K, 1 young (32768K), 0 survivors (0K)
 Metaspace       used 16501K, committed 16704K, reserved 1114112K
  class space    used 1554K, committed 1664K, reserved 1048576K
}
Event: 1.146 GC heap after
{Heap after GC invocations=1 (full 0):
 garbage-first heap   total 262144K, used 6151K [0x0000029b80000000, 0x0000069b80000000)
  region size 32768K, 1 young (32768K), 1 survivors (32768K)
 Metaspace       used 16501K, committed 16704K, reserved 1114112K
  class space    used 1554K, committed 1664K, reserved 1048576K
}
Event: 1.294 GC heap before
{Heap before GC invocations=1 (full 0):
 garbage-first heap   total 262144K, used 38919K [0x0000029b80000000, 0x0000069b80000000)
  region size 32768K, 2 young (65536K), 1 survivors (32768K)
 Metaspace       used 16576K, committed 16832K, reserved 1114112K
  class space    used 1557K, committed 1664K, reserved 1048576K
}
Event: 1.302 GC heap after
{Heap after GC invocations=2 (full 0):
 garbage-first heap   total 262144K, used 15496K [0x0000029b80000000, 0x0000069b80000000)
  region size 32768K, 1 young (32768K), 1 survivors (32768K)
 Metaspace       used 16576K, committed 16832K, reserved 1114112K
  class space    used 1557K, committed 1664K, reserved 1048576K
}
Event: 1.632 GC heap before
{Heap before GC invocations=2 (full 0):
 garbage-first heap   total 262144K, used 48264K [0x0000029b80000000, 0x0000069b80000000)
  region size 32768K, 2 young (65536K), 1 survivors (32768K)
 Metaspace       used 16585K, committed 16832K, reserved 1114112K
  class space    used 1557K, committed 1664K, reserved 1048576K
}
Event: 1.645 GC heap after
{Heap after GC invocations=3 (full 0):
 garbage-first heap   total 262144K, used 31364K [0x0000029b80000000, 0x0000069b80000000)
  region size 32768K, 1 young (32768K), 1 survivors (32768K)
 Metaspace       used 16585K, committed 16832K, reserved 1114112K
  class space    used 1557K, committed 1664K, reserved 1048576K
}
Event: 1.681 GC heap before
{Heap before GC invocations=3 (full 0):
 garbage-first heap   total 262144K, used 31364K [0x0000029b80000000, 0x0000069b80000000)
  region size 32768K, 2 young (65536K), 1 survivors (32768K)
 Metaspace       used 16585K, committed 16832K, reserved 1114112K
  class space    used 1557K, committed 1664K, reserved 1048576K
}
Event: 1.698 GC heap after
{Heap after GC invocations=4 (full 0):
 garbage-first heap   total 262144K, used 47321K [0x0000029b80000000, 0x0000069b80000000)
  region size 32768K, 1 young (32768K), 1 survivors (32768K)
 Metaspace       used 16585K, committed 16832K, reserved 1114112K
  class space    used 1557K, committed 1664K, reserved 1048576K
}
Event: 1.937 GC heap before
{Heap before GC invocations=4 (full 0):
 garbage-first heap   total 262144K, used 80089K [0x0000029b80000000, 0x0000069b80000000)
  region size 32768K, 2 young (65536K), 1 survivors (32768K)
 Metaspace       used 16935K, committed 17152K, reserved 1114112K
  class space    used 1608K, committed 1728K, reserved 1048576K
}
Event: 1.950 GC heap after
{Heap after GC invocations=5 (full 0):
 garbage-first heap   total 262144K, used 89043K [0x0000029b80000000, 0x0000069b80000000)
  region size 32768K, 1 young (32768K), 1 survivors (32768K)
 Metaspace       used 16935K, committed 17152K, reserved 1114112K
  class space    used 1608K, committed 1728K, reserved 1048576K
}
Event: 1.979 GC heap before
{Heap before GC invocations=5 (full 0):
 garbage-first heap   total 262144K, used 89043K [0x0000029b80000000, 0x0000069b80000000)
  region size 32768K, 2 young (65536K), 1 survivors (32768K)
 Metaspace       used 16940K, committed 17152K, reserved 1114112K
  class space    used 1608K, committed 1728K, reserved 1048576K
}
Event: 1.993 GC heap after
{Heap after GC invocations=6 (full 0):
 garbage-first heap   total 524288K, used 123561K [0x0000029b80000000, 0x0000069b80000000)
  region size 32768K, 1 young (32768K), 1 survivors (32768K)
 Metaspace       used 16940K, committed 17152K, reserved 1114112K
  class space    used 1608K, committed 1728K, reserved 1048576K
}
Event: 2.177 GC heap before
{Heap before GC invocations=6 (full 0):
 garbage-first heap   total 524288K, used 156329K [0x0000029b80000000, 0x0000069b80000000)
  region size 32768K, 2 young (65536K), 1 survivors (32768K)
 Metaspace       used 17378K, committed 17600K, reserved 1114112K
  class space    used 1664K, committed 1792K, reserved 1048576K
}
Event: 2.195 GC heap after
{Heap after GC invocations=7 (full 0):
 garbage-first heap   total 524288K, used 143354K [0x0000029b80000000, 0x0000069b80000000)
  region size 32768K, 1 young (32768K), 1 survivors (32768K)
 Metaspace       used 17378K, committed 17600K, reserved 1114112K
  class space    used 1664K, committed 1792K, reserved 1048576K
}
Event: 2.640 GC heap before
{Heap before GC invocations=7 (full 0):
 garbage-first heap   total 524288K, used 176122K [0x0000029b80000000, 0x0000069b80000000)
  region size 32768K, 2 young (65536K), 1 survivors (32768K)
 Metaspace       used 17416K, committed 17664K, reserved 1114112K
  class space    used 1669K, committed 1792K, reserved 1048576K
}
Event: 2.658 GC heap after
{Heap after GC invocations=8 (full 0):
 garbage-first heap   total 524288K, used 179086K [0x0000029b80000000, 0x0000069b80000000)
  region size 32768K, 1 young (32768K), 1 survivors (32768K)
 Metaspace       used 17416K, committed 17664K, reserved 1114112K
  class space    used 1669K, committed 1792K, reserved 1048576K
}
Event: 3.134 GC heap before
{Heap before GC invocations=8 (full 0):
 garbage-first heap   total 524288K, used 211854K [0x0000029b80000000, 0x0000069b80000000)
  region size 32768K, 2 young (65536K), 1 survivors (32768K)
 Metaspace       used 18825K, committed 19136K, reserved 1114112K
  class space    used 1849K, committed 1984K, reserved 1048576K
}
Event: 3.155 GC heap after
{Heap after GC invocations=9 (full 0):
 garbage-first heap   total 524288K, used 212011K [0x0000029b80000000, 0x0000069b80000000)
  region size 32768K, 1 young (32768K), 1 survivors (32768K)
 Metaspace       used 18825K, committed 19136K, reserved 1114112K
  class space    used 1849K, committed 1984K, reserved 1048576K
}
Event: 4.053 GC heap before
{Heap before GC invocations=9 (full 0):
 garbage-first heap   total 524288K, used 212011K [0x0000029b80000000, 0x0000069b80000000)
  region size 32768K, 2 young (65536K), 1 survivors (32768K)
 Metaspace       used 21193K, committed 21504K, reserved 1114112K
  class space    used 2201K, committed 2368K, reserved 1048576K
}
Event: 4.065 GC heap after
{Heap after GC invocations=10 (full 0):
 garbage-first heap   total 1048576K, used 217681K [0x0000029b80000000, 0x0000069b80000000)
  region size 32768K, 1 young (32768K), 1 survivors (32768K)
 Metaspace       used 21193K, committed 21504K, reserved 1114112K
  class space    used 2201K, committed 2368K, reserved 1048576K
}

Dll operation events (3 events):
Event: 0.009 Loaded shared library C:\Users\bader\.jdks\jbrsdk_jcef-17.0.9\bin\java.dll
Event: 0.098 Loaded shared library C:\Users\bader\.jdks\jbrsdk_jcef-17.0.9\bin\jsvml.dll
Event: 0.216 Loaded shared library C:\Users\bader\.jdks\jbrsdk_jcef-17.0.9\bin\zip.dll

Deoptimization events (20 events):
Event: 22.046 Thread 0x000006c19b36b150 DEOPT PACKING pc=0x0000029b0cac92ac sp=0x000000d0024fe690
Event: 22.046 Thread 0x000006c19b36b150 DEOPT UNPACKING pc=0x0000029b0c4869a3 sp=0x000000d0024fe630 mode 2
Event: 22.048 Thread 0x000006c19b367490 Uncommon trap: trap_request=0xffffff5c fr.pc=0x0000029b0cadcb24 relative=0x0000000000000da4
Event: 22.048 Thread 0x000006c19b367490 Uncommon trap: reason=speculate_null_check action=make_not_entrant pc=0x0000029b0cadcb24 method=java.util.Objects.hashCode(Ljava/lang/Object;)I @ 1 c2
Event: 22.048 Thread 0x000006c19b367490 DEOPT PACKING pc=0x0000029b0cadcb24 sp=0x000000d002bfef40
Event: 22.048 Thread 0x000006c19b367490 DEOPT UNPACKING pc=0x0000029b0c4869a3 sp=0x000000d002bfea88 mode 2
Event: 22.048 Thread 0x000006c19b367490 Uncommon trap: trap_request=0xffffff5c fr.pc=0x0000029b0cad759c relative=0x00000000000005dc
Event: 22.048 Thread 0x000006c19b367490 Uncommon trap: reason=speculate_null_check action=make_not_entrant pc=0x0000029b0cad759c method=java.util.Objects.hashCode(Ljava/lang/Object;)I @ 1 c2
Event: 22.048 Thread 0x000006c19b367490 DEOPT PACKING pc=0x0000029b0cad759c sp=0x000000d002bfeed0
Event: 22.048 Thread 0x000006c19b367490 DEOPT UNPACKING pc=0x0000029b0c4869a3 sp=0x000000d002bfeba0 mode 2
Event: 22.261 Thread 0x000006c19b36b150 Uncommon trap: trap_request=0xffffffde fr.pc=0x0000029b0cac92ac relative=0x00000000000006cc
Event: 22.261 Thread 0x000006c19b36b150 Uncommon trap: reason=class_check action=maybe_recompile pc=0x0000029b0cac92ac method=java.awt.EventQueue.setCurrentEventAndMostRecentTimeImpl(Ljava/awt/AWTEvent;)V @ 75 c2
Event: 22.261 Thread 0x000006c19b36b150 DEOPT PACKING pc=0x0000029b0cac92ac sp=0x000000d0024fe690
Event: 22.261 Thread 0x000006c19b36b150 DEOPT UNPACKING pc=0x0000029b0c4869a3 sp=0x000000d0024fe630 mode 2
Event: 22.261 Thread 0x000006c19b36b150 Uncommon trap: trap_request=0xffffffde fr.pc=0x0000029b0cac92ac relative=0x00000000000006cc
Event: 22.261 Thread 0x000006c19b36b150 Uncommon trap: reason=class_check action=maybe_recompile pc=0x0000029b0cac92ac method=java.awt.EventQueue.setCurrentEventAndMostRecentTimeImpl(Ljava/awt/AWTEvent;)V @ 75 c2
Event: 22.261 Thread 0x000006c19b36b150 DEOPT PACKING pc=0x0000029b0cac92ac sp=0x000000d0024fe690
Event: 22.261 Thread 0x000006c19b36b150 DEOPT UNPACKING pc=0x0000029b0c4869a3 sp=0x000000d0024fe630 mode 2
Event: 24.189 Thread 0x000006c19b367490 DEOPT PACKING pc=0x0000029b05462a74 sp=0x000000d002bff470
Event: 24.189 Thread 0x000006c19b367490 DEOPT UNPACKING pc=0x0000029b0c487143 sp=0x000000d002bfe928 mode 0

Classes unloaded (0 events):
No events

Classes redefined (0 events):
No events

Internal exceptions (20 events):
Event: 1.084 Thread 0x0000029b7fc0f080 Exception <a 'java/lang/NoSuchMethodError'{0x0000029b8f8ac048}: 'int java.lang.invoke.DirectMethodHandle$Holder.invokeStaticInit(java.lang.Object, double, double)'> (0x0000029b8f8ac048) 
thrown [s\src\hotspot\share\interpreter\linkResolver.cpp, line 771]
Event: 1.084 Thread 0x0000029b7fc0f080 Exception <a 'java/lang/NoSuchMethodError'{0x0000029b8f8b1b18}: 'int java.lang.invoke.DirectMethodHandle$Holder.invokeStatic(java.lang.Object, long)'> (0x0000029b8f8b1b18) 
thrown [s\src\hotspot\share\interpreter\linkResolver.cpp, line 771]
Event: 1.088 Thread 0x0000029b7fc0f080 Exception <a 'java/lang/NoSuchMethodError'{0x0000029b8f8e1290}: 'int java.lang.invoke.Invokers$Holder.linkToTargetMethod(java.lang.Object, java.lang.Object)'> (0x0000029b8f8e1290) 
thrown [s\src\hotspot\share\interpreter\linkResolver.cpp, line 771]
Event: 2.472 Thread 0x0000029b7fc0f080 Exception <a 'java/lang/NoSuchMethodError'{0x0000029b9f109e98}: 'void java.lang.invoke.DirectMethodHandle$Holder.invokeSpecial(java.lang.Object, java.lang.Object, java.lang.Object)'> (0x0000029b9f109e98) 
thrown [s\src\hotspot\share\interpreter\linkResolver.cpp, line 771]
Event: 3.081 Thread 0x0000029b7fc0f080 Exception <a 'java/lang/NoSuchMethodError'{0x0000029b9fdbe068}: 'void java.lang.invoke.DirectMethodHandle$Holder.invokeStaticInit(java.lang.Object)'> (0x0000029b9fdbe068) 
thrown [s\src\hotspot\share\interpreter\linkResolver.cpp, line 771]
Event: 3.119 Thread 0x000006c19b36b150 Exception <a 'java/lang/NoSuchMethodError'{0x0000029b9fedd158}: 'java.lang.Object java.lang.invoke.DirectMethodHandle$Holder.newInvokeSpecial(java.lang.Object, java.lang.Object, java.lang.Object, java.lang.Object, java.lang.Object)'> (0x0000029b9fedd158) 
thrown [s\src\hotspot\share\interpreter\linkResolver.cpp, line 771]
Event: 3.121 Thread 0x000006c19b36b150 Exception <a 'java/lang/NoSuchMethodError'{0x0000029b9feeba28}: 'java.lang.Object java.lang.invoke.DirectMethodHandle$Holder.invokeStatic(java.lang.Object, int, java.lang.Object, java.lang.Object, java.lang.Object, java.lang.Object)'> (0x0000029b9feeba28) 
thrown [s\src\hotspot\share\interpreter\linkResolver.cpp, line 771]
Event: 3.183 Thread 0x000006c19b36b150 Exception <a 'java/lang/ClassNotFoundException'{0x0000029b9e0d38b8}: com/sun/swing/internal/plaf/metal/resources/spi/metalProvider> (0x0000029b9e0d38b8) 
thrown [s\src\hotspot\share\classfile\systemDictionary.cpp, line 256]
Event: 3.184 Thread 0x000006c19b36b150 Exception <a 'java/lang/ClassNotFoundException'{0x0000029b9e0d9810}: com/sun/swing/internal/plaf/basic/resources/spi/basicProvider> (0x0000029b9e0d9810) 
thrown [s\src\hotspot\share\classfile\systemDictionary.cpp, line 256]
Event: 3.188 Thread 0x000006c19b36b150 Exception <a 'java/lang/NoSuchMethodError'{0x0000029b9e0fdbc8}: 'java.lang.Object java.lang.invoke.Invokers$Holder.linkToTargetMethod(java.lang.Object, int, java.lang.Object, java.lang.Object, java.lang.Object)'> (0x0000029b9e0fdbc8) 
thrown [s\src\hotspot\share\interpreter\linkResolver.cpp, line 771]
Event: 3.236 Thread 0x000006c19af52ce0 Exception <a 'java/lang/NoSuchMethodError'{0x0000029b9e16b760}: 'void java.lang.invoke.DirectMethodHandle$Holder.invokeVirtual(java.lang.Object, java.lang.Object)'> (0x0000029b9e16b760) 
thrown [s\src\hotspot\share\interpreter\linkResolver.cpp, line 771]
Event: 3.258 Thread 0x000006c19b36b150 Exception <a 'java/lang/NoSuchMethodError'{0x0000029b9e1de790}: 'java.lang.Object java.lang.invoke.DirectMethodHandle$Holder.newInvokeSpecial(java.lang.Object, java.lang.Object, int, int, int, int)'> (0x0000029b9e1de790) 
thrown [s\src\hotspot\share\interpreter\linkResolver.cpp, line 771]
Event: 3.266 Thread 0x000006c19b36b150 Exception <a 'java/lang/NoSuchMethodError'{0x0000029b9e1f04e0}: 'void java.lang.invoke.DirectMethodHandle$Holder.invokeSpecial(java.lang.Object, java.lang.Object, int, int)'> (0x0000029b9e1f04e0) 
thrown [s\src\hotspot\share\interpreter\linkResolver.cpp, line 771]
Event: 3.266 Thread 0x000006c19b36b150 Exception <a 'java/lang/NoSuchMethodError'{0x0000029b9e1f8348}: 'java.lang.Object java.lang.invoke.DirectMethodHandle$Holder.newInvokeSpecial(java.lang.Object, java.lang.Object, int, int)'> (0x0000029b9e1f8348) 
thrown [s\src\hotspot\share\interpreter\linkResolver.cpp, line 771]
Event: 3.548 Thread 0x000006c19b36b150 Exception <a 'java/lang/NoSuchMethodError'{0x0000029b9e303db8}: 'java.lang.Object java.lang.invoke.Invokers$Holder.invoke_MT(java.lang.Object, java.lang.Object, java.lang.Object)'> (0x0000029b9e303db8) 
thrown [s\src\hotspot\share\interpreter\linkResolver.cpp, line 771]
Event: 3.550 Thread 0x000006c19b36b150 Exception <a 'java/lang/NoSuchMethodError'{0x0000029b9e3122c8}: 'int java.lang.invoke.Invokers$Holder.invoke_MT(java.lang.Object, java.lang.Object, java.lang.Object)'> (0x0000029b9e3122c8) 
thrown [s\src\hotspot\share\interpreter\linkResolver.cpp, line 771]
Event: 4.151 Thread 0x000006c19b36b150 Exception <a 'java/lang/NoSuchMethodError'{0x0000029bbe001aa0}: 'void java.lang.invoke.DirectMethodHandle$Holder.invokeStatic(java.lang.Object, java.lang.Object, java.lang.Object)'> (0x0000029bbe001aa0) 
thrown [s\src\hotspot\share\interpreter\linkResolver.cpp, line 771]
Event: 18.631 Thread 0x000006c19b36b150 Implicit null exception at 0x0000029b0caad1c0 to 0x0000029b0caad3a4
Event: 22.048 Thread 0x000006c19b367490 Implicit null exception at 0x0000029b0cadbef6 to 0x0000029b0cadcaf8
Event: 22.048 Thread 0x000006c19b367490 Implicit null exception at 0x0000029b0cad7000 to 0x0000029b0cad758c

VM Operations (20 events):
Event: 13.323 Executing VM operation: Cleanup
Event: 13.323 Executing VM operation: Cleanup done
Event: 14.337 Executing VM operation: Cleanup
Event: 14.337 Executing VM operation: Cleanup done
Event: 16.359 Executing VM operation: Cleanup
Event: 16.359 Executing VM operation: Cleanup done
Event: 18.388 Executing VM operation: Cleanup
Event: 18.388 Executing VM operation: Cleanup done
Event: 19.398 Executing VM operation: Cleanup
Event: 19.398 Executing VM operation: Cleanup done
Event: 20.411 Executing VM operation: Cleanup
Event: 20.411 Executing VM operation: Cleanup done
Event: 21.418 Executing VM operation: Cleanup
Event: 21.418 Executing VM operation: Cleanup done
Event: 22.045 Executing VM operation: HandshakeAllThreads
Event: 22.045 Executing VM operation: HandshakeAllThreads done
Event: 23.054 Executing VM operation: Cleanup
Event: 23.054 Executing VM operation: Cleanup done
Event: 24.057 Executing VM operation: Cleanup
Event: 24.057 Executing VM operation: Cleanup done

Events (20 events):
Event: 22.045 loading class javax/swing/JInternalFrame done
Event: 22.045 loading class javax/swing/KeyboardManager
Event: 22.046 loading class javax/swing/KeyboardManager done
Event: 22.046 loading class javax/swing/Popup$HeavyWeightWindow
Event: 22.046 loading class sun/awt/ModalExclude
Event: 22.046 loading class sun/awt/ModalExclude done
Event: 22.046 loading class javax/swing/JWindow
Event: 22.046 loading class javax/swing/JWindow done
Event: 22.046 loading class javax/swing/Popup$HeavyWeightWindow done
Event: 24.513 Thread 0x000006c19b369d10 Thread added: 0x000006c19b369d10
Event: 24.513 Thread 0x000006c19b36a220 Thread added: 0x000006c19b36a220
Event: 24.513 Thread 0x000006c19b3679a0 Thread added: 0x000006c19b3679a0
Event: 24.514 loading class java/util/WeakHashMap$KeyIterator
Event: 24.514 loading class java/util/WeakHashMap$HashIterator
Event: 24.514 loading class sun/font/SunFontManager$8$1
Event: 24.514 loading class sun/font/SunFontManager$8$1 done
Event: 24.514 loading class java/util/WeakHashMap$HashIterator done
Event: 24.514 loading class java/util/WeakHashMap$KeyIterator done
Event: 24.515 Thread 0x000006c19b369d10 Thread exited: 0x000006c19b369d10
Event: 24.519 Thread 0x000006c19b36a220 Thread exited: 0x000006c19b36a220


Dynamic libraries:
0x00007ff7d9cd0000 - 0x00007ff7d9cda000 	C:\Users\bader\.jdks\jbrsdk_jcef-17.0.9\bin\java.exe
0x00007ffed6e90000 - 0x00007ffed7088000 	C:\Windows\SYSTEM32\ntdll.dll
0x00007ffed4f20000 - 0x00007ffed4fe2000 	C:\Windows\System32\KERNEL32.DLL
0x00007ffed4960000 - 0x00007ffed4c5e000 	C:\Windows\System32\KERNELBASE.dll
0x00007ffed4db0000 - 0x00007ffed4eb0000 	C:\Windows\System32\ucrtbase.dll
0x00007ffed08b0000 - 0x00007ffed08c7000 	C:\Users\bader\.jdks\jbrsdk_jcef-17.0.9\bin\jli.dll
0x00007ffebdcc0000 - 0x00007ffebdcdb000 	C:\Users\bader\.jdks\jbrsdk_jcef-17.0.9\bin\VCRUNTIME140.dll
0x00007ffed6bd0000 - 0x00007ffed6d6d000 	C:\Windows\System32\USER32.dll
0x00007ffeba210000 - 0x00007ffeba4aa000 	C:\Windows\WinSxS\amd64_microsoft.windows.common-controls_6595b64144ccf1df_6.0.19041.4355_none_60b8b9eb71f62e16\COMCTL32.dll
0x00007ffed4650000 - 0x00007ffed4672000 	C:\Windows\System32\win32u.dll
0x00007ffed67d0000 - 0x00007ffed686e000 	C:\Windows\System32\msvcrt.dll
0x00007ffed61a0000 - 0x00007ffed61cb000 	C:\Windows\System32\GDI32.dll
0x00007ffed4530000 - 0x00007ffed4647000 	C:\Windows\System32\gdi32full.dll
0x00007ffed4d10000 - 0x00007ffed4dad000 	C:\Windows\System32\msvcp_win.dll
0x00007ffed6100000 - 0x00007ffed612f000 	C:\Windows\System32\IMM32.DLL
0x00007ffeb9d20000 - 0x00007ffeb9d2c000 	C:\Users\bader\.jdks\jbrsdk_jcef-17.0.9\bin\vcruntime140_1.dll
0x00007ffe91610000 - 0x00007ffe9169d000 	C:\Users\bader\.jdks\jbrsdk_jcef-17.0.9\bin\msvcp140.dll
0x00007ffe28ae0000 - 0x00007ffe29762000 	C:\Users\bader\.jdks\jbrsdk_jcef-17.0.9\bin\server\jvm.dll
0x00007ffed6d90000 - 0x00007ffed6e41000 	C:\Windows\System32\ADVAPI32.dll
0x00007ffed5e40000 - 0x00007ffed5edf000 	C:\Windows\System32\sechost.dll
0x00007ffed62a0000 - 0x00007ffed63c3000 	C:\Windows\System32\RPCRT4.dll
0x00007ffed4760000 - 0x00007ffed4787000 	C:\Windows\System32\bcrypt.dll
0x00007ffed3a60000 - 0x00007ffed3aab000 	C:\Windows\SYSTEM32\POWRPROF.dll
0x00007ffebb4b0000 - 0x00007ffebb4b9000 	C:\Windows\SYSTEM32\WSOCK32.dll
0x00007ffeb9a40000 - 0x00007ffeb9a67000 	C:\Windows\SYSTEM32\WINMM.dll
0x00007ffecd650000 - 0x00007ffecd65a000 	C:\Windows\SYSTEM32\VERSION.dll
0x00007ffed6090000 - 0x00007ffed60fb000 	C:\Windows\System32\WS2_32.dll
0x00007ffed3930000 - 0x00007ffed3942000 	C:\Windows\SYSTEM32\UMPDC.dll
0x00007ffed23b0000 - 0x00007ffed23c2000 	C:\Windows\SYSTEM32\kernel.appcore.dll
0x00007ffeb9d10000 - 0x00007ffeb9d1a000 	C:\Users\bader\.jdks\jbrsdk_jcef-17.0.9\bin\jimage.dll
0x00007ffed1cc0000 - 0x00007ffed1ea4000 	C:\Windows\SYSTEM32\DBGHELP.DLL
0x00007ffec4470000 - 0x00007ffec44a4000 	C:\Windows\SYSTEM32\dbgcore.DLL
0x00007ffed46d0000 - 0x00007ffed4752000 	C:\Windows\System32\bcryptPrimitives.dll
0x00007ffed0880000 - 0x00007ffed088e000 	C:\Users\bader\.jdks\jbrsdk_jcef-17.0.9\bin\instrument.dll
0x00007ffeb9ce0000 - 0x00007ffeb9d05000 	C:\Users\bader\.jdks\jbrsdk_jcef-17.0.9\bin\java.dll
0x00007ffeb9cc0000 - 0x00007ffeb9cd8000 	C:\Users\bader\.jdks\jbrsdk_jcef-17.0.9\bin\zip.dll
0x00007ffe80ff0000 - 0x00007ffe810c7000 	C:\Users\bader\.jdks\jbrsdk_jcef-17.0.9\bin\jsvml.dll
0x00007ffed4ff0000 - 0x00007ffed575d000 	C:\Windows\System32\SHELL32.dll
0x00007ffed25b0000 - 0x00007ffed2d54000 	C:\Windows\SYSTEM32\windows.storage.dll
0x00007ffed6870000 - 0x00007ffed6bc3000 	C:\Windows\System32\combase.dll
0x00007ffed3f60000 - 0x00007ffed3f8e000 	C:\Windows\SYSTEM32\Wldp.dll
0x00007ffed61d0000 - 0x00007ffed629d000 	C:\Windows\System32\OLEAUT32.dll
0x00007ffed65c0000 - 0x00007ffed666d000 	C:\Windows\System32\SHCORE.dll
0x00007ffed6560000 - 0x00007ffed65b5000 	C:\Windows\System32\shlwapi.dll
0x00007ffed4460000 - 0x00007ffed4484000 	C:\Windows\SYSTEM32\profapi.dll
0x00007ffeb9a70000 - 0x00007ffeb9a89000 	C:\Users\bader\.jdks\jbrsdk_jcef-17.0.9\bin\net.dll
0x00007ffeccc80000 - 0x00007ffeccd8d000 	C:\Windows\SYSTEM32\WINHTTP.dll
0x00007ffed3cc0000 - 0x00007ffed3d2a000 	C:\Windows\system32\mswsock.dll
0x00007ffeb9370000 - 0x00007ffeb9386000 	C:\Users\bader\.jdks\jbrsdk_jcef-17.0.9\bin\nio.dll
0x00007ffecf410000 - 0x00007ffecf42a000 	C:\Program Files\JetBrains\IntelliJ IDEA Community Edition 2023.3.6\bin\breakgen64.dll
0x00007ffe89c60000 - 0x00007ffe89dfa000 	C:\Users\bader\.jdks\jbrsdk_jcef-17.0.9\bin\awt.dll
0x00007ffebdf70000 - 0x00007ffebdfb4000 	C:\Users\bader\.jdks\jbrsdk_jcef-17.0.9\bin\nvdaControllerClient64.dll
0x00007ffed20b0000 - 0x00007ffed20df000 	C:\Windows\SYSTEM32\dwmapi.dll
0x00007ffecf1c0000 - 0x00007ffecf254000 	C:\Windows\SYSTEM32\apphelp.dll
0x00007ffeb81e0000 - 0x00007ffeb8308000 	C:\Windows\system32\opengl32.dll
0x00007ffeb7c60000 - 0x00007ffeb7c8c000 	C:\Windows\SYSTEM32\GLU32.dll
0x00007ffed1090000 - 0x00007ffed112e000 	C:\Windows\system32\uxtheme.dll
0x00007ffed5bd0000 - 0x00007ffed5ce5000 	C:\Windows\System32\MSCTF.dll
0x00007ffed5cf0000 - 0x00007ffed5d99000 	C:\Windows\System32\clbcatq.dll
0x00007ffe45430000 - 0x00007ffe463fa000 	C:\Windows\System32\DriverStore\FileRepository\iigd_dch.inf_amd64_5d54dd32fa1ef4d4\ig9icd64.dll
0x00007ffed6430000 - 0x00007ffed655b000 	C:\Windows\System32\ole32.dll
0x00007ffed2dc0000 - 0x00007ffed2eb6000 	C:\Windows\system32\dxgi.dll
0x00007ffec7a80000 - 0x00007ffec7cbf000 	C:\Windows\System32\DriverStore\FileRepository\iigd_dch.inf_amd64_5d54dd32fa1ef4d4\igdgmm64.dll
0x00007ffec4eb0000 - 0x00007ffec7a79000 	C:\Windows\System32\DriverStore\FileRepository\iigd_dch.inf_amd64_5d54dd32fa1ef4d4\igc64.dll
0x00007ffe63280000 - 0x00007ffe6368c000 	C:\Windows\System32\DriverStore\FileRepository\iigd_dch.inf_amd64_5d54dd32fa1ef4d4\igdml64.dll
0x00007ffed3ec0000 - 0x00007ffed3ed8000 	C:\Windows\SYSTEM32\CRYPTSP.dll
0x00007ffed3570000 - 0x00007ffed35a4000 	C:\Windows\system32\rsaenh.dll
0x00007ffed4420000 - 0x00007ffed444e000 	C:\Windows\SYSTEM32\USERENV.dll
0x00007ffed3eb0000 - 0x00007ffed3ebc000 	C:\Windows\SYSTEM32\CRYPTBASE.dll
0x00007ffed3950000 - 0x00007ffed398b000 	C:\Windows\SYSTEM32\IPHLPAPI.DLL
0x00007ffed5e30000 - 0x00007ffed5e38000 	C:\Windows\System32\NSI.dll
0x00007ffecc960000 - 0x00007ffecc977000 	C:\Windows\SYSTEM32\dhcpcsvc6.DLL
0x00007ffeccbf0000 - 0x00007ffeccc0d000 	C:\Windows\SYSTEM32\dhcpcsvc.DLL
0x00007ffed3990000 - 0x00007ffed3a5a000 	C:\Windows\SYSTEM32\DNSAPI.dll
0x00007ffeb84c0000 - 0x00007ffeb8547000 	C:\Users\bader\.jdks\jbrsdk_jcef-17.0.9\bin\freetype.dll
0x00007ffeb6680000 - 0x00007ffeb6757000 	C:\Users\bader\.jdks\jbrsdk_jcef-17.0.9\bin\fontmanager.dll
0x00007ffecbf60000 - 0x00007ffecbf72000 	C:\Users\bader\.jdks\jbrsdk_jcef-17.0.9\bin\jsound.dll
0x00007ffea87c0000 - 0x00007ffea885c000 	C:\Windows\SYSTEM32\DSOUND.dll
0x00007ffec02f0000 - 0x00007ffec0316000 	C:\Windows\SYSTEM32\winmmbase.dll
0x00007ffecce00000 - 0x00007ffecce85000 	C:\Windows\System32\MMDevApi.dll
0x00007ffed42c0000 - 0x00007ffed42f3000 	C:\Windows\System32\DEVOBJ.dll
0x00007ffed4680000 - 0x00007ffed46ce000 	C:\Windows\System32\cfgmgr32.dll
0x00007ffeb5080000 - 0x00007ffeb50c6000 	C:\Windows\SYSTEM32\wdmaud.drv
0x00007ffecf4e0000 - 0x00007ffecf4e9000 	C:\Windows\SYSTEM32\ksuser.dll
0x00007ffeced00000 - 0x00007ffeced0a000 	C:\Windows\SYSTEM32\AVRT.dll
0x00007ffecce90000 - 0x00007ffecd011000 	C:\Windows\SYSTEM32\AUDIOSES.DLL
0x00007ffeb5070000 - 0x00007ffeb507d000 	C:\Windows\SYSTEM32\msacm32.drv
0x00007ffeb5050000 - 0x00007ffeb506e000 	C:\Windows\SYSTEM32\MSACM32.dll
0x00007ffeb5040000 - 0x00007ffeb504b000 	C:\Windows\SYSTEM32\midimap.dll
0x00007ffed1fb0000 - 0x00007ffed1fc4000 	C:\Windows\SYSTEM32\resourcepolicyclient.dll
0x00007ffeb1a60000 - 0x00007ffeb1c05000 	C:\Windows\WinSxS\amd64_microsoft.windows.gdiplus_6595b64144ccf1df_1.1.19041.4597_none_91a78020cc854124\gdiplus.dll
0x00007ffebfdd0000 - 0x00007ffebfec9000 	C:\Windows\SYSTEM32\textinputframework.dll
0x00007ffece6e0000 - 0x00007ffecea3b000 	C:\Windows\System32\CoreUIComponents.dll
0x00007ffecea50000 - 0x00007ffeceb42000 	C:\Windows\System32\CoreMessaging.dll
0x00007ffed37c0000 - 0x00007ffed37f3000 	C:\Windows\SYSTEM32\ntmarta.dll
0x00007ffed12c0000 - 0x00007ffed1417000 	C:\Windows\SYSTEM32\wintypes.dll
0x00007ffeb7e70000 - 0x00007ffeb8165000 	C:\Windows\System32\uiautomationcore.dll
0x00007ffed1880000 - 0x00007ffed1976000 	C:\Windows\System32\PROPSYS.dll
0x00007ffeb8170000 - 0x00007ffeb81d6000 	C:\Windows\System32\OLEACC.dll
0x00007ffebfed0000 - 0x00007ffec000f000 	C:\Windows\System32\Windows.UI.dll
0x00007ffecbdf0000 - 0x00007ffecbe91000 	C:\Windows\System32\WindowManagementAPI.dll
0x00007ffebfc70000 - 0x00007ffebfdc2000 	C:\Windows\System32\InputHost.dll
0x00007ffecb4a0000 - 0x00007ffecb6a3000 	C:\Windows\SYSTEM32\twinapi.appcore.dll

dbghelp: loaded successfully - version: 4.0.5 - missing functions: none
symbol engine: initialized successfully - sym options: 0x614 - pdb path: .;C:\Users\bader\.jdks\jbrsdk_jcef-17.0.9\bin;C:\Windows\SYSTEM32;C:\Windows\WinSxS\amd64_microsoft.windows.common-controls_6595b64144ccf1df_6.0.19041.4355_none_60b8b9eb71f62e16;C:\Users\bader\.jdks\jbrsdk_jcef-17.0.9\bin\server;C:\Program Files\JetBrains\IntelliJ IDEA Community Edition 2023.3.6\bin;C:\Windows\System32\DriverStore\FileRepository\iigd_dch.inf_amd64_5d54dd32fa1ef4d4;C:\Windows\WinSxS\amd64_microsoft.windows.gdiplus_6595b64144ccf1df_1.1.19041.4597_none_91a78020cc854124

VM Arguments:
jvm_args: -Xmx3072g -Xmx4096g -Dsun.java2d.opengl=true -XX:ErrorFile=logs/hs_err_pid%p.log -javaagent:C:\Program Files\JetBrains\IntelliJ IDEA Community Edition 2023.3.6\lib\idea_rt.jar=50590:C:\Program Files\JetBrains\IntelliJ IDEA Community Edition 2023.3.6\bin -Dfile.encoding=UTF-8 
java_command: net.sendback.Main
java_class_path (initial): C:\Users\bader\OneDrive\Bureau\Idea\GTS_PRojekt\target\classes
Launcher Type: SUN_STANDARD

[Global flags]
     intx CICompilerCount                          = 4                                         {product} {ergonomic}
     uint ConcGCThreads                            = 3                                         {product} {ergonomic}
    ccstr ErrorFile                                = logs/hs_err_pid%p.log                     {product} {command line}
     uint G1ConcRefinementThreads                  = 10                                        {product} {ergonomic}
   size_t G1HeapRegionSize                         = 33554432                                  {product} {ergonomic}
    uintx GCDrainStackTargetSize                   = 64                                        {product} {ergonomic}
   size_t InitialHeapSize                          = 268435456                                 {product} {ergonomic}
   size_t MarkStackSize                            = 4194304                                   {product} {ergonomic}
   size_t MaxHeapSize                              = 4398046511104                             {product} {command line}
   size_t MaxNewSize                               = 2638821195776                             {product} {ergonomic}
   size_t MinHeapDeltaBytes                        = 33554432                                  {product} {ergonomic}
   size_t MinHeapSize                              = 33554432                                  {product} {ergonomic}
    uintx NonNMethodCodeHeapSize                   = 5839372                                {pd product} {ergonomic}
    uintx NonProfiledCodeHeapSize                  = 122909434                              {pd product} {ergonomic}
    uintx ProfiledCodeHeapSize                     = 122909434                              {pd product} {ergonomic}
    uintx ReservedCodeCacheSize                    = 251658240                              {pd product} {ergonomic}
     bool SegmentedCodeCache                       = true                                      {product} {ergonomic}
   size_t SoftMaxHeapSize                          = 4398046511104                          {manageable} {ergonomic}
     bool UseCompressedClassPointers               = true                           {product lp64_product} {ergonomic}
     bool UseG1GC                                  = true                                      {product} {ergonomic}
     bool UseLargePagesIndividualAllocation        = false                                  {pd product} {ergonomic}

Logging:
Log output configuration:
 #0: stdout all=warning uptime,level,tags
 #1: stderr all=off uptime,level,tags

Environment Variables:
PATH=C:\Program Files\Common Files\Oracle\Java\javapath;C:\Windows\system32;C:\Windows;C:\Windows\System32\Wbem;C:\Windows\System32\WindowsPowerShell\v1.0\;C:\Windows\System32\OpenSSH\;C:\Program Files (x86)\NVIDIA Corporation\PhysX\Common;C:\Program Files\dotnet\;C:\Users\bader\AppData\Local\Microsoft\WindowsApps;C:\Users\bader\AppData\Local\GitHubDesktop\bin
USERNAME=bader
OS=Windows_NT
PROCESSOR_IDENTIFIER=Intel64 Family 6 Model 158 Stepping 10, GenuineIntel
TMP=C:\Users\bader\AppData\Local\Temp
TEMP=C:\Users\bader\AppData\Local\Temp



Periodic native trim disabled

JNI global refs:
JNI global refs: 152, weak refs: 203

JNI global refs memory usage: 2107, weak refs: 2737

OOME stack traces (most recent first):
Classloader memory used:
Loader bootstrap                                                                       : 2787K
Loader jdk.internal.loader.ClassLoaders$AppClassLoader                                 : 35883B
Loader jdk.internal.reflect.DelegatingClassLoader                                      : 5306B
Loader jdk.internal.loader.ClassLoaders$PlatformClassLoader                            : 764B


---------------  S Y S T E M  ---------------

OS:
 Windows 10 , 64 bit Build 19041 (10.0.19041.5072)
OS uptime: 11 days 4:24 hours

CPU: total 12 (initial active 12) (6 cores per cpu, 2 threads per core) family 6 model 158 stepping 10 microcode 0xf0, cx8, cmov, fxsr, ht, mmx, 3dnowpref, sse, sse2, sse3, ssse3, sse4.1, sse4.2, popcnt, lzcnt, tsc, tscinvbit, avx, avx2, aes, erms, clmul, bmi1, bmi2, adx, fma, vzeroupper, clflush, clflushopt
Processor Information for all 12 processors :
  Max Mhz: 2592, Current Mhz: 2592, Mhz Limit: 2592

Memory: 4k page, system-wide physical 16254M (2471M free)
TotalPageFile size 23086M (AvailPageFile size 2826M)
current process WorkingSet (physical memory assigned to process): 783M, peak: 783M
current process commit charge ("private bytes"): 1448M, peak: 1495M

vm_info: OpenJDK 64-Bit Server VM (17.0.9+8-b1166.2) for windows-amd64 JRE (17.0.9+8-b1166.2), built on 2024-01-13 by "builduser" with MS VC++ 16.10 / 16.11 (VS2019)

END.
