#
# A fatal error has been detected by the Java Runtime Environment:
#
#  EXCEPTION_ACCESS_VIOLATION (0xc0000005) at pc=0x00007ffe45df3c53, pid=32896, tid=32128
#
# JRE version: OpenJDK Runtime Environment JBR-17.0.9+8-1166.2-jcef (17.0.9+8) (build 17.0.9+8-b1166.2)
# Java VM: OpenJDK 64-Bit Server VM JBR-17.0.9+8-1166.2-jcef (17.0.9+8-b1166.2, mixed mode, tiered, compressed class ptrs, g1 gc, windows-amd64)
# Problematic frame:
# C  [ig9icd64.dll+0x9c3c53]
#
# No core dump will be written. Minidumps are not enabled by default on client versions of Windows
#
# If you would like to submit a bug report, please visit:
#   https://youtrack.jetbrains.com/issues/JBR
# The crash happened outside the Java Virtual Machine in native code.
# See problematic frame for where to report the bug.
#

---------------  S U M M A R Y ------------

Command Line: -Xmx3072g -Xmx4096g -Dsun.java2d.opengl=true -XX:ErrorFile=logs/hs_err_pid%p.log -javaagent:C:\Program Files\JetBrains\IntelliJ IDEA Community Edition 2023.3.6\lib\idea_rt.jar=51116:C:\Program Files\JetBrains\IntelliJ IDEA Community Edition 2023.3.6\bin -Dfile.encoding=UTF-8 net.sendback.Main

Host: Intel(R) Core(TM) i7-9750H CPU @ 2.60GHz, 12 cores, 15G,  Windows 10 , 64 bit Build 19041 (10.0.19041.5072)
Time: Thu Nov  7 20:53:13 2024 Mitteleuropäische Zeit elapsed time: 25.287990 seconds (0d 0h 0m 25s)

---------------  T H R E A D  ---------------

Current thread (0x00000608e23c7440):  JavaThread "Java2D Queue Flusher" daemon [_thread_in_native, id=32128, stack(0x00000098b2700000,0x00000098b2800000)]

Stack: [0x00000098b2700000,0x00000098b2800000],  sp=0x00000098b27fe9d8,  free space=1018k
Native frames: (J=compiled Java code, j=interpreted, Vv=VM code, C=native code)
C  [ig9icd64.dll+0x9c3c53]

Java frames: (J=compiled Java code, j=interpreted, Vv=VM code)
J 2764  sun.java2d.opengl.OGLRenderQueue.flushBuffer(JI)V java.desktop (0 bytes) @ 0x000001e2c5f4945b [0x000001e2c5f49420+0x000000000000003b]
J 2759 c1 sun.java2d.opengl.OGLRenderQueue.flushBuffer()V java.desktop (41 bytes) @ 0x000001e2be866284 [0x000001e2be866160+0x0000000000000124]
j  sun.java2d.opengl.OGLRenderQueue$QueueFlusher.run()V+81 java.desktop
j  java.lang.Thread.run()V+11 java.base@17.0.9
v  ~StubRoutines::call_stub

siginfo: EXCEPTION_ACCESS_VIOLATION (0xc0000005), reading address 0xffffffffffffffff


Registers:
RAX=0x000000000fff0fff, RBX=0x00007ffe45430000, RCX=0x000000033fcf3fcc, RDX=0x00000098b27feef0
RSP=0x00000098b27fe9d8, RBP=0x00000098b27feae0, RSI=0x00000608e80f7a80, RDI=0x00000098b27fece0
R8 =0x00000098b27feb10, R9 =0x00000098b27feef0, R10=0x00000098b27fece0, R11=0x0000000000000000
R12=0x00007ffe4625a420, R13=0x0000000000000000, R14=0x0000000000000000, R15=0x00000000000001c1
RIP=0x00007ffe45df3c53, EFLAGS=0x0000000000010206


Register to memory mapping:

RIP=0x00007ffe45df3c53 ig9icd64.dll
RAX=0x000000000fff0fff is an unknown value
RBX=0x00007ffe45430000 ig9icd64.dll
RCX=0x000000033fcf3fcc is an unknown value
RDX=0x00000098b27feef0 is pointing into the stack for thread: 0x00000608e23c7440
RSP=0x00000098b27fe9d8 is pointing into the stack for thread: 0x00000608e23c7440
RBP=0x00000098b27feae0 is pointing into the stack for thread: 0x00000608e23c7440
RSI=0x00000608e80f7a80 points into unknown readable memory: 0x00000608e23cc840 | 40 c8 3c e2 08 06 00 00
RDI=0x00000098b27fece0 is pointing into the stack for thread: 0x00000608e23c7440
R8 =0x00000098b27feb10 is pointing into the stack for thread: 0x00000608e23c7440
R9 =0x00000098b27feef0 is pointing into the stack for thread: 0x00000608e23c7440
R10=0x00000098b27fece0 is pointing into the stack for thread: 0x00000608e23c7440
R11=0x0 is NULL
R12=0x00007ffe4625a420 ig9icd64.dll
R13=0x0 is NULL
R14=0x0 is NULL
R15=0x00000000000001c1 is an unknown value


Top of Stack: (sp=0x00000098b27fe9d8)
0x00000098b27fe9d8:   00007ffe45df138b 0000000000000001
0x00000098b27fe9e8:   0000000000000000 00000608eb71f900
0x00000098b27fe9f8:   00007ffec7a82572 0000009800000065
0x00000098b27fea08:   00000098b27fec10 0000000000000000
0x00000098b27fea18:   00000608e8fade80 0000000000000000
0x00000098b27fea28:   00000608e8fb0b00 00000608eb71f910
0x00000098b27fea38:   0000000000000fb0 0000000000000000
0x00000098b27fea48:   0000000000000000 00000098b27febc0
0x00000098b27fea58:   00007ffe45a89070 0000000000000000
0x00000098b27fea68:   0000000000000000 0000000000000000
0x00000098b27fea78:   0000000000000000 00009c2ee80441c4
0x00000098b27fea88:   00007ffe454464e5 00000608eb71f910
0x00000098b27fea98:   0000000000004001 0000000000000200
0x00000098b27feaa8:   00007ffed6ebb86b 0000000000110014
0x00000098b27feab8:   00000000000000e9 00000608e211a5f0
0x00000098b27feac8:   0000000000000000 0000000000000000
0x00000098b27fead8:   00007ffe45df1c62 0000000000000000
0x00000098b27feae8:   000001e2b85d6e40 00000098b27fede0
0x00000098b27feaf8:   000001e2b85d0000 000001e2b85d02b4
0x00000098b27feb08:   00000608e8fade80 00007ffe460ff020
0x00000098b27feb18:   0000000e00000000 0000001a00000018
0x00000098b27feb28:   00000fff00000000 437f0000437f0000
0x00000098b27feb38:   437f0000437f0000 0000ff0000ff0000
0x00000098b27feb48:   ff000000000000ff 0000000800000010
0x00000098b27feb58:   0000001800000000 0000000000000000
0x00000098b27feb68:   0000000000000000 0000000000000000
0x00000098b27feb78:   0000000000000000 0000000000000000
0x00000098b27feb88:   0000000000000000 0000000000000000
0x00000098b27feb98:   0000000000000000 0000000000000000
0x00000098b27feba8:   0000000000000000 0000000000000000
0x00000098b27febb8:   0000000000000000 0000000000000000
0x00000098b27febc8:   0000000000000000 0000000000000000 

Instructions: (pc=0x00007ffe45df3c53)
0x00007ffe45df3b53:   a1 b6 30 00 48 89 51 08 48 89 01 8b 44 24 28 89
0x00007ffe45df3b63:   41 20 8b 44 24 30 89 41 24 48 8b c1 4c 89 41 10
0x00007ffe45df3b73:   4c 89 49 18 c3 cc cc cc cc cc cc cc cc 48 89 5c
0x00007ffe45df3b83:   24 08 8b 41 5c 48 8d 1d 71 c4 63 ff 41 89 40 08
0x00007ffe45df3b93:   4c 8b d1 8b 41 60 45 33 db 41 89 40 0c 4c 8b ca
0x00007ffe45df3ba3:   8b 41 64 41 89 40 10 8b 41 68 41 89 40 14 8b 41
0x00007ffe45df3bb3:   6c 41 89 40 18 8b 41 70 41 89 40 1c 48 63 41 74
0x00007ffe45df3bc3:   48 6b c8 34 8b 84 19 84 5f ee 00 41 89 40 20 8b
0x00007ffe45df3bd3:   84 19 88 5f ee 00 41 89 40 24 8b 84 19 8c 5f ee
0x00007ffe45df3be3:   00 41 89 40 28 8b 84 19 90 5f ee 00 41 89 40 2c
0x00007ffe45df3bf3:   8b 84 19 74 5f ee 00 41 89 40 30 8b 84 19 78 5f
0x00007ffe45df3c03:   ee 00 41 89 40 34 8b 84 19 7c 5f ee 00 41 89 40
0x00007ffe45df3c13:   38 8b 84 19 80 5f ee 00 41 89 40 3c 8b 84 19 64
0x00007ffe45df3c23:   5f ee 00 41 89 40 40 8b 84 19 68 5f ee 00 41 89
0x00007ffe45df3c33:   40 44 8b 84 19 6c 5f ee 00 41 89 40 48 8b 84 19
0x00007ffe45df3c43:   70 5f ee 00 41 89 40 4c 49 63 42 78 48 6b c8 34
0x00007ffe45df3c53:   8b 84 19 84 5f ee 00 41 89 40 50 8b 84 19 88 5f
0x00007ffe45df3c63:   ee 00 41 89 40 54 8b 84 19 8c 5f ee 00 41 89 40
0x00007ffe45df3c73:   58 8b 84 19 90 5f ee 00 41 89 40 5c 8b 84 19 74
0x00007ffe45df3c83:   5f ee 00 41 89 40 60 8b 84 19 78 5f ee 00 41 89
0x00007ffe45df3c93:   40 64 8b 84 19 7c 5f ee 00 41 89 40 68 8b 84 19
0x00007ffe45df3ca3:   80 5f ee 00 41 89 40 6c 8b 84 19 64 5f ee 00 41
0x00007ffe45df3cb3:   89 40 70 8b 84 19 68 5f ee 00 41 89 40 74 8b 84
0x00007ffe45df3cc3:   19 6c 5f ee 00 41 89 40 78 8b 84 19 70 5f ee 00
0x00007ffe45df3cd3:   41 89 40 7c 48 8b 42 18 8b 88 38 0b 00 00 f6 c1
0x00007ffe45df3ce3:   08 0f 84 86 00 00 00 8b 80 3c 0b 00 00 41 89 80
0x00007ffe45df3cf3:   80 00 00 00 48 8b 42 18 8b 88 40 0b 00 00 41 89
0x00007ffe45df3d03:   88 84 00 00 00 48 8b 42 18 8b 88 44 0b 00 00 41
0x00007ffe45df3d13:   89 88 88 00 00 00 48 8b 42 18 8b 88 48 0b 00 00
0x00007ffe45df3d23:   41 89 88 8c 00 00 00 48 8b 42 18 8b 88 4c 0b 00
0x00007ffe45df3d33:   00 41 89 88 90 00 00 00 48 8b 42 18 8b 88 50 0b
0x00007ffe45df3d43:   00 00 41 89 88 94 00 00 00 48 8b 42 18 8b 88 54 


Stack slot to memory mapping:
stack at sp + 0 slots: 0x00007ffe45df138b ig9icd64.dll
stack at sp + 1 slots: 0x0000000000000001 is an unknown value
stack at sp + 2 slots: 0x0 is NULL
stack at sp + 3 slots: 0x00000608eb71f900 points into unknown readable memory: 0x000000000000005c | 5c 00 00 00 00 00 00 00
stack at sp + 4 slots: 0x00007ffec7a82572 igdgmm64.dll
stack at sp + 5 slots: 0x0000009800000065 is an unknown value
stack at sp + 6 slots: 0x00000098b27fec10 is pointing into the stack for thread: 0x00000608e23c7440
stack at sp + 7 slots: 0x0 is NULL


Compiled method (n/a)   25415 2764     n 0       sun.java2d.opengl.OGLRenderQueue::flushBuffer (native)
 total in heap  [0x000001e2c5f49290,0x000001e2c5f49628] = 920
 relocation     [0x000001e2c5f493e8,0x000001e2c5f49418] = 48
 main code      [0x000001e2c5f49420,0x000001e2c5f49628] = 520

[Constant Pool (empty)]

[MachCode]
[Entry Point]
  # {method} {0x00000608deacf1b0} 'flushBuffer' '(JI)V' in 'sun/java2d/opengl/OGLRenderQueue'
  # this:     rdx:rdx   = 'sun/java2d/opengl/OGLRenderQueue'
  # parm0:    r8:r8     = long
  # parm1:    r9        = int
  #           [sp+0x70]  (sp of caller)
  0x000001e2c5f49420: 448b 5208 | 493b c20f | 840b 0000 

  0x000001e2c5f4942c: ;   {runtime_call ic_miss_stub}
  0x000001e2c5f4942c: 00e9 4e7c | 9bff 660f | 1f44 0000 
[Verified Entry Point]
  0x000001e2c5f49438: 8984 2400 | 90ff ff55 | 488b ec48 | 83ec 6048 | 8954 2420 | 4883 fa00 | 488d 5424 | 2048 0f44 
  0x000001e2c5f49458: 5424 20c5 

  0x000001e2c5f4945c: ;   {internal_word}
  0x000001e2c5f4945c: f877 49ba | 5b94 f4c5 | e201 0000 | 4d89 97a0 | 0200 0049 | 89a7 9802 

  0x000001e2c5f49474: ;   {external_word}
  0x000001e2c5f49474: 0000 49ba | 3d29 6729 | fe7f 0000 | 4180 3a00 | 0f84 5200 | 0000 5241 

  0x000001e2c5f4948c: ;   {metadata({method} {0x00000608deacf1b0} 'flushBuffer' '(JI)V' in 'sun/java2d/opengl/OGLRenderQueue')}
  0x000001e2c5f4948c: 5041 5148 | baa8 f1ac | de08 0600 | 0049 8bcf | 4883 ec20 | f7c4 0f00 | 0000 0f84 | 1a00 0000 
  0x000001e2c5f494ac: 4883 ec08 

  0x000001e2c5f494b0: ;   {runtime_call SharedRuntime::dtrace_method_entry}
  0x000001e2c5f494b0: 49ba b0ea | 1c29 fe7f | 0000 41ff | d248 83c4 | 08e9 0d00 

  0x000001e2c5f494c4: ;   {runtime_call SharedRuntime::dtrace_method_entry}
  0x000001e2c5f494c4: 0000 49ba | b0ea 1c29 | fe7f 0000 | 41ff d248 | 83c4 2041 | 5941 585a | 498d 8fb8 | 0200 0041 
  0x000001e2c5f494e4: c787 4803 | 0000 0400 

  0x000001e2c5f494ec: ;   {runtime_call}
  0x000001e2c5f494ec: 0000 49ba | 60fd cb89 | fe7f 0000 | 41ff d2c5 | f877 41c7 | 8748 0300 | 0005 0000 | 00f0 8344 
  0x000001e2c5f4950c: 24c0 0049 | 3baf 5003 | 0000 0f87 | 1100 0000 | 4181 bf38 | 0300 0000 | 0000 000f | 8421 0000 
  0x000001e2c5f4952c: 00c5 f877 | 498b cf4c | 8be4 4883 | ec20 4883 

  0x000001e2c5f4953c: ;   {runtime_call JavaThread::check_special_condition_for_native_trans}
  0x000001e2c5f4953c: e4f0 49ba | f008 2d29 | fe7f 0000 | 41ff d249 | 8be4 41c7 | 8748 0300 | 0008 0000 | 0041 81bf 
  0x000001e2c5f4955c: b803 0000 | 0200 0000 | 0f84 9b00 

  0x000001e2c5f49568: ;   {external_word}
  0x000001e2c5f49568: 0000 49ba | 3d29 6729 | fe7f 0000 | 4180 3a00 | 0f84 4800 

  0x000001e2c5f4957c: ;   {metadata({method} {0x00000608deacf1b0} 'flushBuffer' '(JI)V' in 'sun/java2d/opengl/OGLRenderQueue')}
  0x000001e2c5f4957c: 0000 48ba | a8f1 acde | 0806 0000 | 498b cf48 | 83ec 20f7 | c40f 0000 | 000f 841a | 0000 0048 
  0x000001e2c5f4959c: ;   {runtime_call SharedRuntime::dtrace_method_entry}
  0x000001e2c5f4959c: 83ec 0849 | bab0 ea1c | 29fe 7f00 | 0041 ffd2 | 4883 c408 | e90d 0000 

  0x000001e2c5f495b4: ;   {runtime_call SharedRuntime::dtrace_method_entry}
  0x000001e2c5f495b4: 0049 bab0 | ea1c 29fe | 7f00 0041 | ffd2 4883 | c420 49c7 | 8798 0200 | 0000 0000 | 0049 c787 
  0x000001e2c5f495d4: a002 0000 | 0000 0000 | c5f8 7749 | 8b8f d800 | 0000 c781 | 0001 0000 | 0000 0000 | c949 817f 
  0x000001e2c5f495f4: 0800 0000 | 000f 8501 | 0000 00c3 

  0x000001e2c5f49600: ;   {runtime_call StubRoutines (1)}
  0x000001e2c5f49600: e9fb 7896 | ffc5 f877 | 4c8b e448 | 83ec 2048 

  0x000001e2c5f49610: ;   {runtime_call SharedRuntime::reguard_yellow_pages}
  0x000001e2c5f49610: 83e4 f049 | ba40 1b1d | 29fe 7f00 | 0041 ffd2 | 498b e4e9 | 42ff ffff 
[/MachCode]


Compiled method (c1)   25507 2759       3       sun.java2d.opengl.OGLRenderQueue::flushBuffer (41 bytes)
 total in heap  [0x000001e2be865f90,0x000001e2be8665d8] = 1608
 relocation     [0x000001e2be8660e8,0x000001e2be866150] = 104
 main code      [0x000001e2be866160,0x000001e2be866440] = 736
 stub code      [0x000001e2be866440,0x000001e2be866498] = 88
 metadata       [0x000001e2be866498,0x000001e2be8664c0] = 40
 scopes data    [0x000001e2be8664c0,0x000001e2be866510] = 80
 scopes pcs     [0x000001e2be866510,0x000001e2be8665b0] = 160
 dependencies   [0x000001e2be8665b0,0x000001e2be8665b8] = 8
 nul chk table  [0x000001e2be8665b8,0x000001e2be8665d8] = 32

[Constant Pool (empty)]

[MachCode]
[Entry Point]
  # {method} {0x00000608deacf2a8} 'flushBuffer' '()V' in 'sun/java2d/opengl/OGLRenderQueue'
  #           [sp+0x70]  (sp of caller)
  0x000001e2be866160: 448b 5208 

  0x000001e2be866164: ;   {runtime_call ic_miss_stub}
  0x000001e2be866164: 4c3b d00f | 8513 af09 | 0766 6666 | 0f1f 8400 | 0000 0000 | 6666 6690 | 0f1f 4000 
[Verified Entry Point]
  0x000001e2be866180: 8984 2400 | 90ff ff55 | 4883 ec60 

  0x000001e2be86618c: ;   {metadata(method data for {method} {0x00000608deacf2a8} 'flushBuffer' '()V' in 'sun/java2d/opengl/OGLRenderQueue')}
  0x000001e2be86618c: 49b8 4005 | 44df 0806 | 0000 458b | 88cc 0000 | 0041 83c1 | 0245 8988 | cc00 0000 | 4181 e1fe 
  0x000001e2be8661ac: 0700 0041 | 83f9 000f | 84d6 0100 | 004c 8b42 | 1049 3b00 

  0x000001e2be8661c0: ;   {metadata(method data for {method} {0x00000608deacf2a8} 'flushBuffer' '()V' in 'sun/java2d/opengl/OGLRenderQueue')}
  0x000001e2be8661c0: 4d8b c848 | be40 0544 | df08 0600 | 0048 8386 | 1001 0000 

  0x000001e2be8661d4: ;   {metadata(method data for {method} {0x00000608dead2488} 'position' '()I' in 'sun/java2d/pipe/RenderBuffer')}
  0x000001e2be8661d4: 0149 b950 | 4538 df08 | 0600 0041 | 8bb1 cc00 | 0000 83c6 | 0241 89b1 | cc00 0000 | 81e6 feff 
  0x000001e2be8661f4: 1f00 83fe | 000f 84b6 | 0100 004d | 8b48 2049 | 8b70 104c | 2bce 458b | c941 83f9 

  0x000001e2be866210: ;   {metadata(method data for {method} {0x00000608deacf2a8} 'flushBuffer' '()V' in 'sun/java2d/opengl/OGLRenderQueue')}
  0x000001e2be866210: 0048 bf40 | 0544 df08 | 0600 0048 | bb48 0100 | 0000 0000 | 000f 8e0a | 0000 0048 | bb58 0100 
  0x000001e2be866230: 0000 0000 | 0048 8b04 | 1f48 8d40 | 0148 8904 | 1f0f 8e42 

  0x000001e2be866244: ;   {metadata(method data for {method} {0x00000608deacf2a8} 'flushBuffer' '()V' in 'sun/java2d/opengl/OGLRenderQueue')}
  0x000001e2be866244: 0000 0048 | bf40 0544 | df08 0600 | 0048 8387 | 6801 0000 | 014c 8bc2 

  0x000001e2be86625c: ;   {metadata(method data for {method} {0x00000608deacf2a8} 'flushBuffer' '()V' in 'sun/java2d/opengl/OGLRenderQueue')}
  0x000001e2be86625c: 48bf 4005 | 44df 0806 | 0000 4883 | 87a0 0100 | 0001 4c8b | c648 8bf2 | 488b d648 | 8974 2450 
  0x000001e2be86627c: ;   {optimized virtual_call}
  0x000001e2be86627c: 6666 90e8 

  0x000001e2be866280: ; ImmutableOopMap {[80]=Oop }
                      ;*invokevirtual flushBuffer {reexecute=0 rethrow=0 return_oop=0}
                      ; - sun.java2d.opengl.OGLRenderQueue::flushBuffer@21 (line 150)
  0x000001e2be866280: b431 6e07 | 488b 5424 | 5048 8b72 | 1048 3b06 

  0x000001e2be866290: ;   {metadata(method data for {method} {0x00000608deacf2a8} 'flushBuffer' '()V' in 'sun/java2d/opengl/OGLRenderQueue')}
  0x000001e2be866290: 488b fe48 | bb40 0544 | df08 0600 | 0048 8383 | d801 0000 

  0x000001e2be8662a4: ;   {metadata(method data for {method} {0x00000608dead2608} 'clear' '()V' in 'sun/java2d/pipe/RenderBuffer')}
  0x000001e2be8662a4: 0148 bfc8 | 0744 df08 | 0600 008b | 9fcc 0000 | 0083 c302 | 899f cc00 | 0000 81e3 | feff 1f00 
  0x000001e2be8662c4: 83fb 000f | 840e 0100 | 0048 8b7e | 1048 897e | 2048 8b52 | 1848 3b02 

  0x000001e2be8662dc: ;   {metadata(method data for {method} {0x00000608deacf2a8} 'flushBuffer' '()V' in 'sun/java2d/opengl/OGLRenderQueue')}
  0x000001e2be8662dc: 488b f248 | bf40 0544 | df08 0600 | 008b 7608 | 483b b720 | 0200 0075 | 0d48 8387 | 2802 0000 
  0x000001e2be8662fc: 01e9 6600 | 0000 483b | b730 0200 | 0075 0d48 | 8387 3802 | 0000 01e9 | 5000 0000 | 4881 bf20 
  0x000001e2be86631c: 0200 0000 | 0000 0075 | 1748 89b7 | 2002 0000 | 48c7 8728 | 0200 0001 | 0000 00e9 | 2c00 0000 
  0x000001e2be86633c: 4881 bf30 | 0200 0000 | 0000 0075 | 1748 89b7 | 3002 0000 | 48c7 8738 | 0200 0001 | 0000 00e9 
  0x000001e2be86635c: 0800 0000 | 4883 8710 | 0200 0001 | 0f1f 4400 | 0048 b828 | 4e07 8000 

  0x000001e2be866374: ;   {virtual_call}
  0x000001e2be866374: 0000 00e8 

  0x000001e2be866378: ; ImmutableOopMap {}
                      ;*invokeinterface clear {reexecute=0 rethrow=0 return_oop=0}
                      ; - sun.java2d.opengl.OGLRenderQueue::flushBuffer@35 (line 155)
  0x000001e2be866378: 44f9 ffff | 4883 c460 

  0x000001e2be866380: ;   {poll_return}
  0x000001e2be866380: 5d49 3ba7 | 5003 0000 | 0f87 7300 

  0x000001e2be86638c: ;   {metadata({method} {0x00000608deacf2a8} 'flushBuffer' '()V' in 'sun/java2d/opengl/OGLRenderQueue')}
  0x000001e2be86638c: 0000 c349 | baa0 f2ac | de08 0600 | 004c 8954 | 2408 48c7 | 0424 ffff 

  0x000001e2be8663a4: ;   {runtime_call counter_overflow Runtime1 stub}
  0x000001e2be8663a4: ffff e8d5 

  0x000001e2be8663a8: ; ImmutableOopMap {rdx=Oop }
                      ;*synchronization entry
                      ; - sun.java2d.opengl.OGLRenderQueue::flushBuffer@-1 (line 147)
  0x000001e2be8663a8: 2d14 07e9 | 09fe ffff 

  0x000001e2be8663b0: ;   {runtime_call throw_null_pointer_exception Runtime1 stub}
  0x000001e2be8663b0: e8eb dc13 

  0x000001e2be8663b4: ; ImmutableOopMap {rdx=Oop r8=Oop }
                      ;*invokevirtual position {reexecute=0 rethrow=0 return_oop=0}
                      ; - sun.java2d.opengl.OGLRenderQueue::flushBuffer@4 (line 147)
                      ;   {metadata({method} {0x00000608dead2488} 'position' '()I' in 'sun/java2d/pipe/RenderBuffer')}
  0x000001e2be8663b4: 0749 ba80 | 24ad de08 | 0600 004c | 8954 2408 | 48c7 0424 | ffff ffff 

  0x000001e2be8663cc: ;   {runtime_call counter_overflow Runtime1 stub}
  0x000001e2be8663cc: e8af 2d14 

  0x000001e2be8663d0: ; ImmutableOopMap {rdx=Oop r8=Oop }
                      ;*synchronization entry
                      ; - sun.java2d.pipe.RenderBuffer::position@-1 (line 110)
                      ; - sun.java2d.opengl.OGLRenderQueue::flushBuffer@4 (line 147)
  0x000001e2be8663d0: 07e9 29fe 

  0x000001e2be8663d4: ;   {runtime_call throw_null_pointer_exception Runtime1 stub}
  0x000001e2be8663d4: ffff e8c5 

  0x000001e2be8663d8: ; ImmutableOopMap {rdx=Oop rsi=Oop }
                      ;*invokevirtual clear {reexecute=0 rethrow=0 return_oop=0}
                      ; - sun.java2d.opengl.OGLRenderQueue::flushBuffer@28 (line 153)
                      ;   {metadata({method} {0x00000608dead2608} 'clear' '()V' in 'sun/java2d/pipe/RenderBuffer')}
  0x000001e2be8663d8: dc13 0749 | ba00 26ad | de08 0600 | 004c 8954 | 2408 48c7 | 0424 ffff 

  0x000001e2be8663f0: ;   {runtime_call counter_overflow Runtime1 stub}
  0x000001e2be8663f0: ffff e889 

  0x000001e2be8663f4: ; ImmutableOopMap {rdx=Oop rsi=Oop }
                      ;*synchronization entry
                      ; - sun.java2d.pipe.RenderBuffer::clear@-1 (line 118)
                      ; - sun.java2d.opengl.OGLRenderQueue::flushBuffer@28 (line 153)
  0x000001e2be8663f4: 2d14 07e9 | d1fe ffff 

  0x000001e2be8663fc: ;   {runtime_call throw_null_pointer_exception Runtime1 stub}
  0x000001e2be8663fc: e89f dc13 

  0x000001e2be866400: ; ImmutableOopMap {rdx=Oop }
                      ;*invokeinterface clear {reexecute=0 rethrow=0 return_oop=0}
                      ; - sun.java2d.opengl.OGLRenderQueue::flushBuffer@35 (line 155)
                      ;   {internal_word}
  0x000001e2be866400: 0749 ba81 | 6386 bee2 | 0100 004d | 8997 6803 

  0x000001e2be866410: ;   {runtime_call SafepointBlob}
  0x000001e2be866410: 0000 e9e9 | 150a 0790 | 9049 8b87 | e003 0000 | 49c7 87e0 | 0300 0000 | 0000 0049 | c787 e803 
  0x000001e2be866430: 0000 0000 | 0000 4883 

  0x000001e2be866438: ;   {runtime_call unwind_exception Runtime1 stub}
  0x000001e2be866438: c460 5de9 | c0f0 0a07 
[Stub Code]
  0x000001e2be866440: ;   {no_reloc}
  0x000001e2be866440: 0f1f 4400 

  0x000001e2be866444: ;   {static_stub}
  0x000001e2be866444: 0048 bba8 | f1ac de08 

  0x000001e2be86644c: ;   {runtime_call I2C/C2I adapters}
  0x000001e2be86644c: 0600 00e9 | 801e 0a07 

  0x000001e2be866454: ;   {static_stub}
  0x000001e2be866454: 9048 bb00 | 0000 0000 

  0x000001e2be86645c: ;   {runtime_call}
  0x000001e2be86645c: 0000 00e9 | fbff ffff 
[Exception Handler]
  0x000001e2be866464: ;   {runtime_call handle_exception_from_callee Runtime1 stub}
  0x000001e2be866464: e817 fa13 

  0x000001e2be866468: ;   {external_word}
  0x000001e2be866468: 0748 b990 | 6d41 29fe | 7f00 0048 

  0x000001e2be866474: ;   {runtime_call MacroAssembler::debug64}
  0x000001e2be866474: 83e4 f049 | ba30 df09 | 29fe 7f00 | 0041 ffd2 

  0x000001e2be866484: ;   {section_word}
  0x000001e2be866484: f449 ba85 | 6486 bee2 | 0100 0041 

  0x000001e2be866490: ;   {runtime_call DeoptimizationBlob}
  0x000001e2be866490: 52e9 0a08 | 0a07 f4f4 
[/MachCode]


---------------  P R O C E S S  ---------------

Threads class SMR info:
_java_thread_list=0x00000608eb7c4fe0, length=44, elements={
0x00000608dd34f270, 0x00000608dd350000, 0x00000608dd323730, 0x00000608dd365480,
0x00000608dd365d50, 0x00000608dd366620, 0x00000608dd37a9e0, 0x00000608dd386320,
0x00000608dd386c30, 0x00000608dd46f800, 0x00000608e2097af0, 0x00000608e2097fd0,
0x00000608e23c7440, 0x00000608e82be030, 0x00000608e826c480, 0x00000608e8aa1650,
0x00000608e8ba8130, 0x00000608e8ba7c20, 0x00000608e8ba7710, 0x00000608e8ba62d0,
0x00000608e8ba8640, 0x00000608e8ba8b50, 0x00000608e8ba53a0, 0x00000608e8ba58b0,
0x00000608e8ba5dc0, 0x00000608e8ba67e0, 0x00000608e8ba6cf0, 0x00000608e8ba7200,
0x00000608e8bbf910, 0x00000608e8bbeef0, 0x00000608e8bc1c80, 0x00000608e8bc3ae0,
0x00000608e8bbfe20, 0x00000608e8bc3ff0, 0x00000608e8bbdfc0, 0x00000608e8bc1260,
0x00000608e8bc30c0, 0x00000608e8bc0330, 0x00000608e8bc5940, 0x00000608e8bc4f20,
0x00000608e8bc5430, 0x00000608e8bc26a0, 0x00000608e8bc0840, 0x00000608e8bbf400
}

Java Threads: ( => current thread )
  0x00000608dd34f270 JavaThread "Reference Handler" daemon [_thread_blocked, id=11424, stack(0x00000098b1a00000,0x00000098b1b00000)]
  0x00000608dd350000 JavaThread "Finalizer" daemon [_thread_blocked, id=18320, stack(0x00000098b1b00000,0x00000098b1c00000)]
  0x00000608dd323730 JavaThread "Signal Dispatcher" daemon [_thread_blocked, id=8484, stack(0x00000098b1c00000,0x00000098b1d00000)]
  0x00000608dd365480 JavaThread "Attach Listener" daemon [_thread_blocked, id=36220, stack(0x00000098b1d00000,0x00000098b1e00000)]
  0x00000608dd365d50 JavaThread "Service Thread" daemon [_thread_blocked, id=3184, stack(0x00000098b1e00000,0x00000098b1f00000)]
  0x00000608dd366620 JavaThread "Monitor Deflation Thread" daemon [_thread_blocked, id=37284, stack(0x00000098b1f00000,0x00000098b2000000)]
  0x00000608dd37a9e0 JavaThread "C2 CompilerThread0" daemon [_thread_blocked, id=13520, stack(0x00000098b2000000,0x00000098b2100000)]
  0x00000608dd386320 JavaThread "C1 CompilerThread0" daemon [_thread_blocked, id=14012, stack(0x00000098b2100000,0x00000098b2200000)]
  0x00000608dd386c30 JavaThread "Sweeper thread" daemon [_thread_blocked, id=31292, stack(0x00000098b2200000,0x00000098b2300000)]
  0x00000608dd46f800 JavaThread "Common-Cleaner" daemon [_thread_blocked, id=34540, stack(0x00000098b2300000,0x00000098b2400000)]
  0x00000608e2097af0 JavaThread "Monitor Ctrl-Break" daemon [_thread_in_native, id=36368, stack(0x00000098b2400000,0x00000098b2500000)]
  0x00000608e2097fd0 JavaThread "Notification Thread" daemon [_thread_blocked, id=36272, stack(0x00000098b2500000,0x00000098b2600000)]
=>0x00000608e23c7440 JavaThread "Java2D Queue Flusher" daemon [_thread_in_native, id=32128, stack(0x00000098b2700000,0x00000098b2800000)]
  0x00000608e82be030 JavaThread "Java2D Disposer" daemon [_thread_blocked, id=32468, stack(0x00000098b2c00000,0x00000098b2d00000)]
  0x00000608e826c480 JavaThread "AWT-Windows" daemon [_thread_in_native, id=33648, stack(0x00000098b2f00000,0x00000098b3000000)]
  0x00000608e8aa1650 JavaThread "Java Sound Event Dispatcher" daemon [_thread_blocked, id=24728, stack(0x00000098b3a00000,0x00000098b3b00000)]
  0x00000608e8ba8130 JavaThread "Direct Clip" daemon [_thread_blocked, id=29028, stack(0x00000098b3d00000,0x00000098b3e00000)]
  0x00000608e8ba7c20 JavaThread "Direct Clip" daemon [_thread_blocked, id=36276, stack(0x00000098b3e00000,0x00000098b3f00000)]
  0x00000608e8ba7710 JavaThread "Direct Clip" daemon [_thread_blocked, id=32988, stack(0x00000098b3f00000,0x00000098b4000000)]
  0x00000608e8ba62d0 JavaThread "Direct Clip" daemon [_thread_blocked, id=37600, stack(0x00000098b4000000,0x00000098b4100000)]
  0x00000608e8ba8640 JavaThread "Direct Clip" daemon [_thread_blocked, id=17564, stack(0x00000098b4100000,0x00000098b4200000)]
  0x00000608e8ba8b50 JavaThread "Direct Clip" daemon [_thread_blocked, id=38868, stack(0x00000098b4200000,0x00000098b4300000)]
  0x00000608e8ba53a0 JavaThread "Direct Clip" daemon [_thread_blocked, id=9904, stack(0x00000098b4300000,0x00000098b4400000)]
  0x00000608e8ba58b0 JavaThread "Direct Clip" daemon [_thread_blocked, id=31132, stack(0x00000098b4400000,0x00000098b4500000)]
  0x00000608e8ba5dc0 JavaThread "Direct Clip" daemon [_thread_blocked, id=22072, stack(0x00000098b4500000,0x00000098b4600000)]
  0x00000608e8ba67e0 JavaThread "Direct Clip" daemon [_thread_blocked, id=34552, stack(0x00000098b4600000,0x00000098b4700000)]
  0x00000608e8ba6cf0 JavaThread "Direct Clip" daemon [_thread_blocked, id=29432, stack(0x00000098b4700000,0x00000098b4800000)]
  0x00000608e8ba7200 JavaThread "Direct Clip" daemon [_thread_blocked, id=33008, stack(0x00000098b4800000,0x00000098b4900000)]
  0x00000608e8bbf910 JavaThread "Direct Clip" daemon [_thread_blocked, id=18084, stack(0x00000098b4900000,0x00000098b4a00000)]
  0x00000608e8bbeef0 JavaThread "Direct Clip" daemon [_thread_blocked, id=3540, stack(0x00000098b4a00000,0x00000098b4b00000)]
  0x00000608e8bc1c80 JavaThread "Direct Clip" daemon [_thread_blocked, id=20012, stack(0x00000098b4b00000,0x00000098b4c00000)]
  0x00000608e8bc3ae0 JavaThread "Direct Clip" daemon [_thread_blocked, id=13396, stack(0x00000098b4c00000,0x00000098b4d00000)]
  0x00000608e8bbfe20 JavaThread "Direct Clip" daemon [_thread_blocked, id=24396, stack(0x00000098b4d00000,0x00000098b4e00000)]
  0x00000608e8bc3ff0 JavaThread "Direct Clip" daemon [_thread_blocked, id=33332, stack(0x00000098b4e00000,0x00000098b4f00000)]
  0x00000608e8bbdfc0 JavaThread "Direct Clip" daemon [_thread_blocked, id=860, stack(0x00000098b4f00000,0x00000098b5000000)]
  0x00000608e8bc1260 JavaThread "Direct Clip" daemon [_thread_blocked, id=18360, stack(0x00000098b5000000,0x00000098b5100000)]
  0x00000608e8bc30c0 JavaThread "Direct Clip" daemon [_thread_blocked, id=1184, stack(0x00000098b5100000,0x00000098b5200000)]
  0x00000608e8bc0330 JavaThread "AWT-Shutdown" [_thread_blocked, id=35796, stack(0x00000098b5a00000,0x00000098b5b00000)]
  0x00000608e8bc5940 JavaThread "AWT-EventQueue-0" [_thread_blocked, id=35188, stack(0x00000098b5b00000,0x00000098b5c00000)]
  0x00000608e8bc4f20 JavaThread "DestroyJavaVM" [_thread_blocked, id=35112, stack(0x00000098b1300000,0x00000098b1400000)]
  0x00000608e8bc5430 JavaThread "TimerQueue" daemon [_thread_blocked, id=36712, stack(0x00000098b6100000,0x00000098b6200000)]
  0x00000608e8bc26a0 JavaThread "Thread-0" [_thread_blocked, id=31240, stack(0x00000098b6200000,0x00000098b6300000)]
  0x00000608e8bc0840 JavaThread "Labyrinth" [_thread_in_vm, id=39860, stack(0x00000098b6300000,0x00000098b6400000)]
  0x00000608e8bbf400 JavaThread "ToolkitShutdown" daemon [_thread_in_native, id=1000, stack(0x00000098b6500000,0x00000098b6600000)]

Other Threads:
  0x00000608dd338e30 VMThread "VM Thread" [stack: 0x00000098b1900000,0x00000098b1a00000] [id=23012]
  0x00000608e2097610 WatcherThread [stack: 0x00000098b2600000,0x00000098b2700000] [id=6328]
  0x000001e2ba88a0b0 GCTaskThread "GC Thread#0" [stack: 0x00000098b1400000,0x00000098b1500000] [id=7184]
  0x00000608e87f0860 GCTaskThread "GC Thread#1" [stack: 0x00000098b3000000,0x00000098b3100000] [id=32568]
  0x00000608e87f0b20 GCTaskThread "GC Thread#2" [stack: 0x00000098b3100000,0x00000098b3200000] [id=16236]
  0x00000608e87f11f0 GCTaskThread "GC Thread#3" [stack: 0x00000098b3200000,0x00000098b3300000] [id=26376]
  0x00000608e85715b0 GCTaskThread "GC Thread#4" [stack: 0x00000098b3400000,0x00000098b3500000] [id=12832]
  0x00000608e8571c80 GCTaskThread "GC Thread#5" [stack: 0x00000098b3500000,0x00000098b3600000] [id=25360]
  0x00000608e8750ab0 GCTaskThread "GC Thread#6" [stack: 0x00000098b3300000,0x00000098b3400000] [id=37032]
  0x00000608e876f9c0 GCTaskThread "GC Thread#7" [stack: 0x00000098b3600000,0x00000098b3700000] [id=26372]
  0x00000608e876fc80 GCTaskThread "GC Thread#8" [stack: 0x00000098b3700000,0x00000098b3800000] [id=24788]
  0x00000608e8a856c0 GCTaskThread "GC Thread#9" [stack: 0x00000098b3800000,0x00000098b3900000] [id=37008]
  0x000001e2ba88d6a0 ConcurrentGCThread "G1 Main Marker" [stack: 0x00000098b1500000,0x00000098b1600000] [id=21312]
  0x000001e2ba88dfd0 ConcurrentGCThread "G1 Conc#0" [stack: 0x00000098b1600000,0x00000098b1700000] [id=20444]
  0x00000608e8fc7a20 ConcurrentGCThread "G1 Conc#1" [stack: 0x00000098b5f00000,0x00000098b6000000] [id=31236]
  0x00000608e88c2930 ConcurrentGCThread "G1 Conc#2" [stack: 0x00000098b6000000,0x00000098b6100000] [id=19672]
  0x000001e2cda86120 ConcurrentGCThread "G1 Refine#0" [stack: 0x00000098b1700000,0x00000098b1800000] [id=36128]
  0x00000608e826c000 ConcurrentGCThread "G1 Refine#1" [stack: 0x00000098b2e00000,0x00000098b2f00000] [id=39656]
  0x00000608e88f7f90 ConcurrentGCThread "G1 Refine#2" [stack: 0x00000098b5200000,0x00000098b5300000] [id=20648]
  0x00000608e8b67ea0 ConcurrentGCThread "G1 Refine#3" [stack: 0x00000098b5300000,0x00000098b5400000] [id=20260]
  0x00000608e8cdfa50 ConcurrentGCThread "G1 Refine#4" [stack: 0x00000098b5400000,0x00000098b5500000] [id=5428]
  0x00000608e88dc090 ConcurrentGCThread "G1 Refine#5" [stack: 0x00000098b5500000,0x00000098b5600000] [id=27956]
  0x00000608e88dcb90 ConcurrentGCThread "G1 Refine#6" [stack: 0x00000098b5600000,0x00000098b5700000] [id=34480]
  0x00000608e88dd690 ConcurrentGCThread "G1 Refine#7" [stack: 0x00000098b5700000,0x00000098b5800000] [id=28616]
  0x00000608e8c4d3d0 ConcurrentGCThread "G1 Refine#8" [stack: 0x00000098b5800000,0x00000098b5900000] [id=26912]
  0x00000608e8c556d0 ConcurrentGCThread "G1 Refine#9" [stack: 0x00000098b5900000,0x00000098b5a00000] [id=21828]
  0x000001e2cda86a60 ConcurrentGCThread "G1 Service" [stack: 0x00000098b1800000,0x00000098b1900000] [id=38792]

Threads with active compile tasks:

VM state: not at safepoint (normal execution)

VM Mutex/Monitor currently owned by a thread: None

CDS archive(s) not mapped
Compressed class space mapped at: 0x0000000080000000-0x00000000c0000000, reserved size: 1073741824
Narrow klass base: 0x0000000000000000, Narrow klass shift: 0, Narrow klass range: 0xc0000000

GC Precious Log:
 CPUs: 12 total, 12 available
 Memory: 16254M
 Large Page Support: Disabled
 NUMA Support: Disabled
 Compressed Oops: Disabled
 Heap Region Size: 32M
 Heap Min Capacity: 32M
 Heap Initial Capacity: 256M
 Heap Max Capacity: 4096G
 Pre-touch: Disabled
 Parallel Workers: 10
 Concurrent Workers: 3
 Concurrent Refinement Workers: 10
 Periodic GC: Disabled

Heap:
 garbage-first heap   total 524288K, used 190395K [0x000001e2ce000000, 0x000005e2ce000000)
  region size 32768K, 2 young (65536K), 1 survivors (32768K)
 Metaspace       used 23216K, committed 23488K, reserved 1114112K
  class space    used 2377K, committed 2496K, reserved 1048576K

Heap Regions: E=young(eden), S=young(survivor), O=old, HS=humongous(starts), HC=humongous(continues), CS=collection set, F=free, OA=open archive, CA=closed archive, TAMS=top-at-mark-start (previous, next)
|   0|0x000001e2ce000000, 0x000001e2d0000000, 0x000001e2d0000000|100%| O|  |TAMS 0x000001e2d0000000, 0x000001e2ce000000| Untracked 
|   1|0x000001e2d0000000, 0x000001e2d2000000, 0x000001e2d2000000|100%|HS|  |TAMS 0x000001e2d2000000, 0x000001e2d0000000| Complete 
|   2|0x000001e2d2000000, 0x000001e2d4000000, 0x000001e2d4000000|100%| O|  |TAMS 0x000001e2d4000000, 0x000001e2d2000000| Untracked 
|   3|0x000001e2d4000000, 0x000001e2d6000000, 0x000001e2d6000000|100%| O|  |TAMS 0x000001e2d5d1fc00, 0x000001e2d4000000| Untracked 
|   4|0x000001e2d6000000, 0x000001e2d8000000, 0x000001e2d8000000|100%| O|  |TAMS 0x000001e2d6000000, 0x000001e2d6000000| Untracked 
|   5|0x000001e2d8000000, 0x000001e2d95b3a00, 0x000001e2da000000| 67%| O|  |TAMS 0x000001e2d8000000, 0x000001e2d8000000| Untracked 
|   6|0x000001e2da000000, 0x000001e2da000000, 0x000001e2dc000000|  0%| F|  |TAMS 0x000001e2da000000, 0x000001e2da000000| Untracked 
|   7|0x000001e2dc000000, 0x000001e2dc000000, 0x000001e2de000000|  0%| F|  |TAMS 0x000001e2dc000000, 0x000001e2dc000000| Untracked 
|   8|0x000001e2de000000, 0x000001e2de000000, 0x000001e2e0000000|  0%| F|  |TAMS 0x000001e2de000000, 0x000001e2de000000| Untracked 
|   9|0x000001e2e0000000, 0x000001e2e0000000, 0x000001e2e2000000|  0%| F|  |TAMS 0x000001e2e0000000, 0x000001e2e0000000| Untracked 
|  10|0x000001e2e2000000, 0x000001e2e2000000, 0x000001e2e4000000|  0%| F|  |TAMS 0x000001e2e2000000, 0x000001e2e2000000| Untracked 
|  11|0x000001e2e4000000, 0x000001e2e4000000, 0x000001e2e6000000|  0%| F|  |TAMS 0x000001e2e4000000, 0x000001e2e4000000| Untracked 
|  12|0x000001e2e6000000, 0x000001e2e6000000, 0x000001e2e8000000|  0%| F|  |TAMS 0x000001e2e6000000, 0x000001e2e6000000| Untracked 
|  13|0x000001e2e8000000, 0x000001e2e8000000, 0x000001e2ea000000|  0%| F|  |TAMS 0x000001e2e8000000, 0x000001e2e8000000| Untracked 
|  14|0x000001e2ea000000, 0x000001e2ea43b578, 0x000001e2ec000000| 13%| S|CS|TAMS 0x000001e2ea000000, 0x000001e2ea000000| Complete 
|  15|0x000001e2ec000000, 0x000001e2ed847618, 0x000001e2ee000000| 75%| E|  |TAMS 0x000001e2ec000000, 0x000001e2ec000000| Complete 

Card table byte_map: [0x000005e4d6010000,0x000005e6d6010000] _byte_map_base: 0x000005e3e49a0000

Marking Bits (Prev, Next): (CMBitMap*) 0x000001e2ba88b630, (CMBitMap*) 0x000001e2ba88b5f0
 Prev Bits: [0x000005f8d6010000, 0x00000608d6010000)
 Next Bits: [0x000005e8d6010000, 0x000005f8d6010000)

Polling page: 0x000001e2b9f90000

Metaspace:

Usage:
  Non-class:     20.35 MB used.
      Class:      2.32 MB used.
       Both:     22.67 MB used.

Virtual space:
  Non-class space:       64.00 MB reserved,      20.50 MB ( 32%) committed,  1 nodes.
      Class space:        1.00 GB reserved,       2.44 MB ( <1%) committed,  1 nodes.
             Both:        1.06 GB reserved,      22.94 MB (  2%) committed. 

Chunk freelists:
   Non-Class:  10.98 MB
       Class:  13.59 MB
        Both:  24.58 MB

MaxMetaspaceSize: unlimited
CompressedClassSpaceSize: 1.00 GB
Initial GC threshold: 21.00 MB
Current GC threshold: 35.12 MB
CDS: off
MetaspaceReclaimPolicy: balanced
 - commit_granule_bytes: 65536.
 - commit_granule_words: 8192.
 - virtual_space_node_default_size: 8388608.
 - enlarge_chunks_in_place: 1.
 - new_chunks_are_fully_committed: 0.
 - uncommit_free_chunks: 1.
 - use_allocation_guard: 0.
 - handle_deallocations: 1.


Internal statistics:

num_allocs_failed_limit: 3.
num_arena_births: 270.
num_arena_deaths: 0.
num_vsnodes_births: 2.
num_vsnodes_deaths: 0.
num_space_committed: 367.
num_space_uncommitted: 0.
num_chunks_returned_to_freelist: 3.
num_chunks_taken_from_freelist: 414.
num_chunk_merges: 0.
num_chunk_splits: 234.
num_chunks_enlarged: 111.
num_inconsistent_stats: 0.

CodeHeap 'non-profiled nmethods': size=120000Kb used=1223Kb max_used=1223Kb free=118776Kb
 bounds [0x000001e2c5e50000, 0x000001e2c60c0000, 0x000001e2cd380000]
CodeHeap 'profiled nmethods': size=120000Kb used=5548Kb max_used=5548Kb free=114451Kb
 bounds [0x000001e2be380000, 0x000001e2be8f0000, 0x000001e2c58b0000]
CodeHeap 'non-nmethods': size=5760Kb used=1317Kb max_used=1383Kb free=4442Kb
 bounds [0x000001e2c58b0000, 0x000001e2c5b20000, 0x000001e2c5e50000]
 total_blobs=3677 nmethods=3019 adapters=569
 compilation: enabled
              stopped_count=0, restarted_count=0
 full_count=0

Compilation events (20 events):
Event: 24.339 Thread 0x00000608dd37a9e0 3010       4       java.util.regex.Pattern$BmpCharProperty::match (55 bytes)
Event: 24.341 Thread 0x00000608dd37a9e0 nmethod 3010 0x000001e2c5f7f910 code [0x000001e2c5f7faa0, 0x000001e2c5f7fce8]
Event: 24.372 Thread 0x00000608dd37a9e0 3011       4       sun.java2d.pipe.RenderBuffer::position (11 bytes)
Event: 24.373 Thread 0x00000608dd37a9e0 nmethod 3011 0x000001e2c5f7ff90 code [0x000001e2c5f80100, 0x000001e2c5f80178]
Event: 24.406 Thread 0x00000608dd386320 3012       3       java.util.WeakHashMap::get (75 bytes)
Event: 24.407 Thread 0x00000608dd386320 nmethod 3012 0x000001e2be8e8390 code [0x000001e2be8e85c0, 0x000001e2be8e8e78]
Event: 24.440 Thread 0x00000608dd386320 3013       3       java.util.Formatter$FormatSpecifier::print (163 bytes)
Event: 24.441 Thread 0x00000608dd386320 nmethod 3013 0x000001e2be8e9210 code [0x000001e2be8e9500, 0x000001e2be8ea2d8]
Event: 24.462 Thread 0x00000608dd386320 3014       3       sun.awt.windows.WComponentPeer::preprocessPostEvent (1 bytes)
Event: 24.462 Thread 0x00000608dd386320 nmethod 3014 0x000001e2be8ea810 code [0x000001e2be8ea9a0, 0x000001e2be8eaab8]
Event: 24.543 Thread 0x00000608dd37a9e0 3015       4       java.lang.ref.SoftReference::get (29 bytes)
Event: 24.543 Thread 0x00000608dd37a9e0 nmethod 3015 0x000001e2c5f80290 code [0x000001e2c5f80400, 0x000001e2c5f804f8]
Event: 24.797 Thread 0x00000608dd37a9e0 3016       4       java.lang.invoke.DirectMethodHandle$Holder::newInvokeSpecial (21 bytes)
Event: 24.799 Thread 0x00000608dd37a9e0 nmethod 3016 0x000001e2c5f80590 code [0x000001e2c5f80720, 0x000001e2c5f80928]
Event: 25.103 Thread 0x00000608dd37a9e0 3017       4       java.lang.AbstractStringBuilder::append (63 bytes)
Event: 25.109 Thread 0x00000608dd37a9e0 nmethod 3017 0x000001e2c5f80b10 code [0x000001e2c5f80cc0, 0x000001e2c5f81458]
Event: 25.155 Thread 0x00000608dd386320 3018       3       jdk.internal.math.FloatingDecimal$BinaryToASCIIBuffer::roundup (104 bytes)
Event: 25.155 Thread 0x00000608dd386320 nmethod 3018 0x000001e2be8eab90 code [0x000001e2be8ead40, 0x000001e2be8eb098]
Event: 25.234 Thread 0x00000608dd37a9e0 3019       4       java.lang.StrictMath::floorOrCeil (128 bytes)
Event: 25.235 Thread 0x00000608dd37a9e0 nmethod 3019 0x000001e2c5f81910 code [0x000001e2c5f81aa0, 0x000001e2c5f81bb8]

GC Heap History (18 events):
Event: 1.030 GC heap before
{Heap before GC invocations=0 (full 0):
 garbage-first heap   total 262144K, used 32768K [0x000001e2ce000000, 0x000005e2ce000000)
  region size 32768K, 1 young (32768K), 0 survivors (0K)
 Metaspace       used 15918K, committed 16192K, reserved 1114112K
  class space    used 1496K, committed 1600K, reserved 1048576K
}
Event: 1.042 GC heap after
{Heap after GC invocations=1 (full 0):
 garbage-first heap   total 262144K, used 6034K [0x000001e2ce000000, 0x000005e2ce000000)
  region size 32768K, 1 young (32768K), 1 survivors (32768K)
 Metaspace       used 15918K, committed 16192K, reserved 1114112K
  class space    used 1496K, committed 1600K, reserved 1048576K
}
Event: 1.153 GC heap before
{Heap before GC invocations=1 (full 0):
 garbage-first heap   total 262144K, used 6034K [0x000001e2ce000000, 0x000005e2ce000000)
  region size 32768K, 2 young (65536K), 1 survivors (32768K)
 Metaspace       used 16577K, committed 16832K, reserved 1114112K
  class space    used 1557K, committed 1664K, reserved 1048576K
}
Event: 1.160 GC heap after
{Heap after GC invocations=2 (full 0):
 garbage-first heap   total 262144K, used 17354K [0x000001e2ce000000, 0x000005e2ce000000)
  region size 32768K, 1 young (32768K), 1 survivors (32768K)
 Metaspace       used 16577K, committed 16832K, reserved 1114112K
  class space    used 1557K, committed 1664K, reserved 1048576K
}
Event: 1.433 GC heap before
{Heap before GC invocations=2 (full 0):
 garbage-first heap   total 262144K, used 50122K [0x000001e2ce000000, 0x000005e2ce000000)
  region size 32768K, 2 young (65536K), 1 survivors (32768K)
 Metaspace       used 16591K, committed 16832K, reserved 1114112K
  class space    used 1557K, committed 1664K, reserved 1048576K
}
Event: 1.447 GC heap after
{Heap after GC invocations=3 (full 0):
 garbage-first heap   total 262144K, used 31393K [0x000001e2ce000000, 0x000005e2ce000000)
  region size 32768K, 1 young (32768K), 1 survivors (32768K)
 Metaspace       used 16591K, committed 16832K, reserved 1114112K
  class space    used 1557K, committed 1664K, reserved 1048576K
}
Event: 1.513 GC heap before
{Heap before GC invocations=3 (full 0):
 garbage-first heap   total 262144K, used 31393K [0x000001e2ce000000, 0x000005e2ce000000)
  region size 32768K, 2 young (65536K), 1 survivors (32768K)
 Metaspace       used 16591K, committed 16832K, reserved 1114112K
  class space    used 1557K, committed 1664K, reserved 1048576K
}
Event: 1.529 GC heap after
{Heap after GC invocations=4 (full 0):
 garbage-first heap   total 262144K, used 47210K [0x000001e2ce000000, 0x000005e2ce000000)
  region size 32768K, 1 young (32768K), 1 survivors (32768K)
 Metaspace       used 16591K, committed 16832K, reserved 1114112K
  class space    used 1557K, committed 1664K, reserved 1048576K
}
Event: 1.723 GC heap before
{Heap before GC invocations=4 (full 0):
 garbage-first heap   total 262144K, used 79978K [0x000001e2ce000000, 0x000005e2ce000000)
  region size 32768K, 2 young (65536K), 1 survivors (32768K)
 Metaspace       used 16942K, committed 17216K, reserved 1114112K
  class space    used 1608K, committed 1728K, reserved 1048576K
}
Event: 1.728 GC heap after
{Heap after GC invocations=5 (full 0):
 garbage-first heap   total 524288K, used 73397K [0x000001e2ce000000, 0x000005e2ce000000)
  region size 32768K, 1 young (32768K), 1 survivors (32768K)
 Metaspace       used 16942K, committed 17216K, reserved 1114112K
  class space    used 1608K, committed 1728K, reserved 1048576K
}
Event: 2.348 GC heap before
{Heap before GC invocations=5 (full 0):
 garbage-first heap   total 524288K, used 106165K [0x000001e2ce000000, 0x000005e2ce000000)
  region size 32768K, 3 young (98304K), 1 survivors (32768K)
 Metaspace       used 17405K, committed 17600K, reserved 1114112K
  class space    used 1667K, committed 1728K, reserved 1048576K
}
Event: 2.367 GC heap after
{Heap after GC invocations=6 (full 0):
 garbage-first heap   total 524288K, used 129606K [0x000001e2ce000000, 0x000005e2ce000000)
  region size 32768K, 1 young (32768K), 1 survivors (32768K)
 Metaspace       used 17405K, committed 17600K, reserved 1114112K
  class space    used 1667K, committed 1728K, reserved 1048576K
}
Event: 3.847 GC heap before
{Heap before GC invocations=6 (full 0):
 garbage-first heap   total 524288K, used 162374K [0x000001e2ce000000, 0x000005e2ce000000)
  region size 32768K, 2 young (65536K), 1 survivors (32768K)
 Metaspace       used 17435K, committed 17664K, reserved 1114112K
  class space    used 1671K, committed 1728K, reserved 1048576K
}
Event: 3.865 GC heap after
{Heap after GC invocations=7 (full 0):
 garbage-first heap   total 524288K, used 160895K [0x000001e2ce000000, 0x000005e2ce000000)
  region size 32768K, 1 young (32768K), 1 survivors (32768K)
 Metaspace       used 17435K, committed 17664K, reserved 1114112K
  class space    used 1671K, committed 1728K, reserved 1048576K
}
Event: 5.698 GC heap before
{Heap before GC invocations=7 (full 0):
 garbage-first heap   total 524288K, used 160895K [0x000001e2ce000000, 0x000005e2ce000000)
  region size 32768K, 2 young (65536K), 1 survivors (32768K)
 Metaspace       used 21189K, committed 21504K, reserved 1114112K
  class space    used 2201K, committed 2368K, reserved 1048576K
}
Event: 5.717 GC heap after
{Heap after GC invocations=8 (full 0):
 garbage-first heap   total 524288K, used 185407K [0x000001e2ce000000, 0x000005e2ce000000)
  region size 32768K, 1 young (32768K), 1 survivors (32768K)
 Metaspace       used 21189K, committed 21504K, reserved 1114112K
  class space    used 2201K, committed 2368K, reserved 1048576K
}
Event: 20.872 GC heap before
{Heap before GC invocations=9 (full 0):
 garbage-first heap   total 524288K, used 185407K [0x000001e2ce000000, 0x000005e2ce000000)
  region size 32768K, 2 young (65536K), 1 survivors (32768K)
 Metaspace       used 23146K, committed 23424K, reserved 1114112K
  class space    used 2375K, committed 2496K, reserved 1048576K
}
Event: 20.881 GC heap after
{Heap after GC invocations=10 (full 0):
 garbage-first heap   total 524288K, used 190395K [0x000001e2ce000000, 0x000005e2ce000000)
  region size 32768K, 1 young (32768K), 1 survivors (32768K)
 Metaspace       used 23146K, committed 23424K, reserved 1114112K
  class space    used 2375K, committed 2496K, reserved 1048576K
}

Dll operation events (3 events):
Event: 0.006 Loaded shared library C:\Users\bader\.jdks\jbrsdk_jcef-17.0.9\bin\java.dll
Event: 0.097 Loaded shared library C:\Users\bader\.jdks\jbrsdk_jcef-17.0.9\bin\jsvml.dll
Event: 0.200 Loaded shared library C:\Users\bader\.jdks\jbrsdk_jcef-17.0.9\bin\zip.dll

Deoptimization events (20 events):
Event: 18.626 Thread 0x00000608e8bc26a0 DEOPT PACKING pc=0x000001e2c5f36b48 sp=0x00000098b62feca0
Event: 18.626 Thread 0x00000608e8bc26a0 DEOPT UNPACKING pc=0x000001e2c59069a3 sp=0x00000098b62fea28 mode 2
Event: 18.626 Thread 0x00000608e8bc26a0 Uncommon trap: trap_request=0xffffffde fr.pc=0x000001e2c5f44794 relative=0x0000000000000154
Event: 18.626 Thread 0x00000608e8bc26a0 Uncommon trap: reason=class_check action=maybe_recompile pc=0x000001e2c5f44794 method=sun.java2d.SurfaceDataProxy.replaceData(Lsun/java2d/SurfaceData;ILsun/java2d/loops/CompositeType;Ljava/awt/Color;)Lsun/java2d/SurfaceData; @ 108 c2
Event: 18.626 Thread 0x00000608e8bc26a0 DEOPT PACKING pc=0x000001e2c5f44794 sp=0x00000098b62fe7a0
Event: 18.626 Thread 0x00000608e8bc26a0 DEOPT UNPACKING pc=0x000001e2c59069a3 sp=0x00000098b62fe6f8 mode 2
Event: 18.628 Thread 0x00000608e8bc26a0 Uncommon trap: trap_request=0xffffff5c fr.pc=0x000001e2c5f33524 relative=0x0000000000000da4
Event: 18.628 Thread 0x00000608e8bc26a0 Uncommon trap: reason=speculate_null_check action=make_not_entrant pc=0x000001e2c5f33524 method=java.util.Objects.hashCode(Ljava/lang/Object;)I @ 1 c2
Event: 18.628 Thread 0x00000608e8bc26a0 DEOPT PACKING pc=0x000001e2c5f33524 sp=0x00000098b62fe790
Event: 18.628 Thread 0x00000608e8bc26a0 DEOPT UNPACKING pc=0x000001e2c59069a3 sp=0x00000098b62fe2d8 mode 2
Event: 18.831 Thread 0x00000608e8bc26a0 Uncommon trap: trap_request=0xffffffde fr.pc=0x000001e2c5f44778 relative=0x0000000000000138
Event: 18.831 Thread 0x00000608e8bc26a0 Uncommon trap: reason=class_check action=maybe_recompile pc=0x000001e2c5f44778 method=sun.java2d.SurfaceDataProxy.replaceData(Lsun/java2d/SurfaceData;ILsun/java2d/loops/CompositeType;Ljava/awt/Color;)Lsun/java2d/SurfaceData; @ 16 c2
Event: 18.831 Thread 0x00000608e8bc26a0 DEOPT PACKING pc=0x000001e2c5f44778 sp=0x00000098b62fe8d0
Event: 18.831 Thread 0x00000608e8bc26a0 DEOPT UNPACKING pc=0x000001e2c59069a3 sp=0x00000098b62fe828 mode 2
Event: 18.831 Thread 0x00000608e8bc26a0 Uncommon trap: trap_request=0xffffffde fr.pc=0x000001e2c5f44794 relative=0x0000000000000154
Event: 18.831 Thread 0x00000608e8bc26a0 Uncommon trap: reason=class_check action=maybe_recompile pc=0x000001e2c5f44794 method=sun.java2d.SurfaceDataProxy.replaceData(Lsun/java2d/SurfaceData;ILsun/java2d/loops/CompositeType;Ljava/awt/Color;)Lsun/java2d/SurfaceData; @ 108 c2
Event: 18.831 Thread 0x00000608e8bc26a0 DEOPT PACKING pc=0x000001e2c5f44794 sp=0x00000098b62fe700
Event: 18.831 Thread 0x00000608e8bc26a0 DEOPT UNPACKING pc=0x000001e2c59069a3 sp=0x00000098b62fe658 mode 2
Event: 21.109 Thread 0x00000608e8bc26a0 DEOPT PACKING pc=0x000001e2be86e54b sp=0x00000098b62fed90
Event: 21.109 Thread 0x00000608e8bc26a0 DEOPT UNPACKING pc=0x000001e2c5907143 sp=0x00000098b62fe328 mode 0

Classes unloaded (0 events):
No events

Classes redefined (0 events):
No events

Internal exceptions (20 events):
Event: 0.965 Thread 0x000001e2ba7cd480 Exception <a 'java/lang/NoSuchMethodError'{0x000001e2dd752190}: 'int java.lang.invoke.DirectMethodHandle$Holder.invokeStaticInit(java.lang.Object, long, long)'> (0x000001e2dd752190) 
thrown [s\src\hotspot\share\interpreter\linkResolver.cpp, line 771]
Event: 0.965 Thread 0x000001e2ba7cd480 Exception <a 'java/lang/NoSuchMethodError'{0x000001e2dd75ae78}: 'int java.lang.invoke.DirectMethodHandle$Holder.invokeStaticInit(java.lang.Object, float, float)'> (0x000001e2dd75ae78) 
thrown [s\src\hotspot\share\interpreter\linkResolver.cpp, line 771]
Event: 0.966 Thread 0x000001e2ba7cd480 Exception <a 'java/lang/NoSuchMethodError'{0x000001e2dd763b68}: 'int java.lang.invoke.DirectMethodHandle$Holder.invokeStaticInit(java.lang.Object, double, double)'> (0x000001e2dd763b68) 
thrown [s\src\hotspot\share\interpreter\linkResolver.cpp, line 771]
Event: 0.966 Thread 0x000001e2ba7cd480 Exception <a 'java/lang/NoSuchMethodError'{0x000001e2dd769638}: 'int java.lang.invoke.DirectMethodHandle$Holder.invokeStatic(java.lang.Object, long)'> (0x000001e2dd769638) 
thrown [s\src\hotspot\share\interpreter\linkResolver.cpp, line 771]
Event: 0.970 Thread 0x000001e2ba7cd480 Exception <a 'java/lang/NoSuchMethodError'{0x000001e2dd798400}: 'int java.lang.invoke.Invokers$Holder.linkToTargetMethod(java.lang.Object, java.lang.Object)'> (0x000001e2dd798400) 
thrown [s\src\hotspot\share\interpreter\linkResolver.cpp, line 771]
Event: 2.899 Thread 0x000001e2ba7cd480 Exception <a 'java/lang/NoSuchMethodError'{0x000001e2ec9ec330}: 'void java.lang.invoke.DirectMethodHandle$Holder.invokeSpecial(java.lang.Object, java.lang.Object, java.lang.Object)'> (0x000001e2ec9ec330) 
thrown [s\src\hotspot\share\interpreter\linkResolver.cpp, line 771]
Event: 4.801 Thread 0x000001e2ba7cd480 Exception <a 'java/lang/NoSuchMethodError'{0x000001e2ed5a35d8}: 'void java.lang.invoke.DirectMethodHandle$Holder.invokeStaticInit(java.lang.Object)'> (0x000001e2ed5a35d8) 
thrown [s\src\hotspot\share\interpreter\linkResolver.cpp, line 771]
Event: 4.834 Thread 0x00000608e8bc5940 Exception <a 'java/lang/NoSuchMethodError'{0x000001e2ed6be6f0}: 'java.lang.Object java.lang.invoke.DirectMethodHandle$Holder.newInvokeSpecial(java.lang.Object, java.lang.Object, java.lang.Object, java.lang.Object, java.lang.Object)'> (0x000001e2ed6be6f0) 
thrown [s\src\hotspot\share\interpreter\linkResolver.cpp, line 771]
Event: 4.835 Thread 0x00000608e8bc5940 Exception <a 'java/lang/NoSuchMethodError'{0x000001e2ed6ccfc0}: 'java.lang.Object java.lang.invoke.DirectMethodHandle$Holder.invokeStatic(java.lang.Object, int, java.lang.Object, java.lang.Object, java.lang.Object, java.lang.Object)'> (0x000001e2ed6ccfc0) 
thrown [s\src\hotspot\share\interpreter\linkResolver.cpp, line 771]
Event: 4.861 Thread 0x00000608e8bc5940 Exception <a 'java/lang/ClassNotFoundException'{0x000001e2ed802208}: com/sun/swing/internal/plaf/metal/resources/spi/metalProvider> (0x000001e2ed802208) 
thrown [s\src\hotspot\share\classfile\systemDictionary.cpp, line 256]
Event: 4.861 Thread 0x00000608e8bc5940 Exception <a 'java/lang/ClassNotFoundException'{0x000001e2ed808160}: com/sun/swing/internal/plaf/basic/resources/spi/basicProvider> (0x000001e2ed808160) 
thrown [s\src\hotspot\share\classfile\systemDictionary.cpp, line 256]
Event: 4.864 Thread 0x00000608e8bc5940 Exception <a 'java/lang/NoSuchMethodError'{0x000001e2ed82c518}: 'java.lang.Object java.lang.invoke.Invokers$Holder.linkToTargetMethod(java.lang.Object, int, java.lang.Object, java.lang.Object, java.lang.Object)'> (0x000001e2ed82c518) 
thrown [s\src\hotspot\share\interpreter\linkResolver.cpp, line 771]
Event: 4.891 Thread 0x00000608e826c480 Exception <a 'java/lang/NoSuchMethodError'{0x000001e2ed88c6e8}: 'void java.lang.invoke.DirectMethodHandle$Holder.invokeVirtual(java.lang.Object, java.lang.Object)'> (0x000001e2ed88c6e8) 
thrown [s\src\hotspot\share\interpreter\linkResolver.cpp, line 771]
Event: 4.908 Thread 0x00000608e8bc5940 Exception <a 'java/lang/NoSuchMethodError'{0x000001e2ed90d098}: 'java.lang.Object java.lang.invoke.DirectMethodHandle$Holder.newInvokeSpecial(java.lang.Object, java.lang.Object, int, int, int, int)'> (0x000001e2ed90d098) 
thrown [s\src\hotspot\share\interpreter\linkResolver.cpp, line 771]
Event: 4.911 Thread 0x00000608e8bc5940 Exception <a 'java/lang/NoSuchMethodError'{0x000001e2ed91ede8}: 'void java.lang.invoke.DirectMethodHandle$Holder.invokeSpecial(java.lang.Object, java.lang.Object, int, int)'> (0x000001e2ed91ede8) 
thrown [s\src\hotspot\share\interpreter\linkResolver.cpp, line 771]
Event: 4.911 Thread 0x00000608e8bc5940 Exception <a 'java/lang/NoSuchMethodError'{0x000001e2ed926c50}: 'java.lang.Object java.lang.invoke.DirectMethodHandle$Holder.newInvokeSpecial(java.lang.Object, java.lang.Object, int, int)'> (0x000001e2ed926c50) 
thrown [s\src\hotspot\share\interpreter\linkResolver.cpp, line 771]
Event: 5.082 Thread 0x00000608e8bc5940 Exception <a 'java/lang/NoSuchMethodError'{0x000001e2eda32a58}: 'java.lang.Object java.lang.invoke.Invokers$Holder.invoke_MT(java.lang.Object, java.lang.Object, java.lang.Object)'> (0x000001e2eda32a58) 
thrown [s\src\hotspot\share\interpreter\linkResolver.cpp, line 771]
Event: 5.083 Thread 0x00000608e8bc5940 Exception <a 'java/lang/NoSuchMethodError'{0x000001e2eda40f68}: 'int java.lang.invoke.Invokers$Holder.invoke_MT(java.lang.Object, java.lang.Object, java.lang.Object)'> (0x000001e2eda40f68) 
thrown [s\src\hotspot\share\interpreter\linkResolver.cpp, line 771]
Event: 5.954 Thread 0x00000608e8bc5940 Exception <a 'java/lang/NoSuchMethodError'{0x000001e2ec013880}: 'void java.lang.invoke.DirectMethodHandle$Holder.invokeStatic(java.lang.Object, java.lang.Object, java.lang.Object)'> (0x000001e2ec013880) 
thrown [s\src\hotspot\share\interpreter\linkResolver.cpp, line 771]
Event: 18.628 Thread 0x00000608e8bc26a0 Implicit null exception at 0x000001e2c5f328f6 to 0x000001e2c5f334f8

VM Operations (20 events):
Event: 16.143 Executing VM operation: Cleanup
Event: 16.143 Executing VM operation: Cleanup done
Event: 17.158 Executing VM operation: Cleanup
Event: 17.158 Executing VM operation: Cleanup done
Event: 18.168 Executing VM operation: Cleanup
Event: 18.168 Executing VM operation: Cleanup done
Event: 19.170 Executing VM operation: Cleanup
Event: 19.170 Executing VM operation: Cleanup done
Event: 20.184 Executing VM operation: Cleanup
Event: 20.184 Executing VM operation: Cleanup done
Event: 20.872 Executing VM operation: G1CollectForAllocation
Event: 20.881 Executing VM operation: G1CollectForAllocation done
Event: 21.882 Executing VM operation: Cleanup
Event: 21.882 Executing VM operation: Cleanup done
Event: 22.893 Executing VM operation: Cleanup
Event: 22.893 Executing VM operation: Cleanup done
Event: 23.895 Executing VM operation: Cleanup
Event: 23.895 Executing VM operation: Cleanup done
Event: 24.906 Executing VM operation: Cleanup
Event: 24.906 Executing VM operation: Cleanup done

Events (20 events):
Event: 18.504 loading class javax/swing/JInternalFrame done
Event: 18.504 loading class javax/swing/KeyboardManager
Event: 18.504 loading class javax/swing/KeyboardManager done
Event: 18.504 loading class javax/swing/Popup$HeavyWeightWindow
Event: 18.504 loading class sun/awt/ModalExclude
Event: 18.504 loading class sun/awt/ModalExclude done
Event: 18.504 loading class javax/swing/JWindow
Event: 18.504 loading class javax/swing/JWindow done
Event: 18.504 loading class javax/swing/Popup$HeavyWeightWindow done
Event: 25.234 Thread 0x00000608e8bbf400 Thread added: 0x00000608e8bbf400
Event: 25.234 Thread 0x00000608ebb99c50 Thread added: 0x00000608ebb99c50
Event: 25.234 Thread 0x00000608ebb9b5a0 Thread added: 0x00000608ebb9b5a0
Event: 25.234 loading class java/util/WeakHashMap$KeyIterator
Event: 25.235 loading class sun/font/SunFontManager$8$1
Event: 25.235 loading class java/util/WeakHashMap$HashIterator
Event: 25.235 loading class sun/font/SunFontManager$8$1 done
Event: 25.235 loading class java/util/WeakHashMap$HashIterator done
Event: 25.235 loading class java/util/WeakHashMap$KeyIterator done
Event: 25.235 Thread 0x00000608ebb99c50 Thread exited: 0x00000608ebb99c50
Event: 25.238 Thread 0x00000608ebb9b5a0 Thread exited: 0x00000608ebb9b5a0


Dynamic libraries:
0x00007ff7d9cd0000 - 0x00007ff7d9cda000 	C:\Users\bader\.jdks\jbrsdk_jcef-17.0.9\bin\java.exe
0x00007ffed6e90000 - 0x00007ffed7088000 	C:\Windows\SYSTEM32\ntdll.dll
0x00007ffed4f20000 - 0x00007ffed4fe2000 	C:\Windows\System32\KERNEL32.DLL
0x00007ffed4960000 - 0x00007ffed4c5e000 	C:\Windows\System32\KERNELBASE.dll
0x00007ffed4db0000 - 0x00007ffed4eb0000 	C:\Windows\System32\ucrtbase.dll
0x00007ffed08b0000 - 0x00007ffed08c7000 	C:\Users\bader\.jdks\jbrsdk_jcef-17.0.9\bin\jli.dll
0x00007ffebdcc0000 - 0x00007ffebdcdb000 	C:\Users\bader\.jdks\jbrsdk_jcef-17.0.9\bin\VCRUNTIME140.dll
0x00007ffed6bd0000 - 0x00007ffed6d6d000 	C:\Windows\System32\USER32.dll
0x00007ffed4650000 - 0x00007ffed4672000 	C:\Windows\System32\win32u.dll
0x00007ffeba210000 - 0x00007ffeba4aa000 	C:\Windows\WinSxS\amd64_microsoft.windows.common-controls_6595b64144ccf1df_6.0.19041.4355_none_60b8b9eb71f62e16\COMCTL32.dll
0x00007ffed67d0000 - 0x00007ffed686e000 	C:\Windows\System32\msvcrt.dll
0x00007ffed61a0000 - 0x00007ffed61cb000 	C:\Windows\System32\GDI32.dll
0x00007ffed4530000 - 0x00007ffed4647000 	C:\Windows\System32\gdi32full.dll
0x00007ffed4d10000 - 0x00007ffed4dad000 	C:\Windows\System32\msvcp_win.dll
0x00007ffed6100000 - 0x00007ffed612f000 	C:\Windows\System32\IMM32.DLL
0x00007ffeb9d20000 - 0x00007ffeb9d2c000 	C:\Users\bader\.jdks\jbrsdk_jcef-17.0.9\bin\vcruntime140_1.dll
0x00007ffe91610000 - 0x00007ffe9169d000 	C:\Users\bader\.jdks\jbrsdk_jcef-17.0.9\bin\msvcp140.dll
0x00007ffe28ae0000 - 0x00007ffe29762000 	C:\Users\bader\.jdks\jbrsdk_jcef-17.0.9\bin\server\jvm.dll
0x00007ffed6d90000 - 0x00007ffed6e41000 	C:\Windows\System32\ADVAPI32.dll
0x00007ffed5e40000 - 0x00007ffed5edf000 	C:\Windows\System32\sechost.dll
0x00007ffed62a0000 - 0x00007ffed63c3000 	C:\Windows\System32\RPCRT4.dll
0x00007ffed4760000 - 0x00007ffed4787000 	C:\Windows\System32\bcrypt.dll
0x00007ffebb4b0000 - 0x00007ffebb4b9000 	C:\Windows\SYSTEM32\WSOCK32.dll
0x00007ffed3a60000 - 0x00007ffed3aab000 	C:\Windows\SYSTEM32\POWRPROF.dll
0x00007ffeb9a40000 - 0x00007ffeb9a67000 	C:\Windows\SYSTEM32\WINMM.dll
0x00007ffed6090000 - 0x00007ffed60fb000 	C:\Windows\System32\WS2_32.dll
0x00007ffecd650000 - 0x00007ffecd65a000 	C:\Windows\SYSTEM32\VERSION.dll
0x00007ffed3930000 - 0x00007ffed3942000 	C:\Windows\SYSTEM32\UMPDC.dll
0x00007ffed23b0000 - 0x00007ffed23c2000 	C:\Windows\SYSTEM32\kernel.appcore.dll
0x00007ffeb9d10000 - 0x00007ffeb9d1a000 	C:\Users\bader\.jdks\jbrsdk_jcef-17.0.9\bin\jimage.dll
0x00007ffed1cc0000 - 0x00007ffed1ea4000 	C:\Windows\SYSTEM32\DBGHELP.DLL
0x00007ffec4470000 - 0x00007ffec44a4000 	C:\Windows\SYSTEM32\dbgcore.DLL
0x00007ffed46d0000 - 0x00007ffed4752000 	C:\Windows\System32\bcryptPrimitives.dll
0x00007ffed0880000 - 0x00007ffed088e000 	C:\Users\bader\.jdks\jbrsdk_jcef-17.0.9\bin\instrument.dll
0x00007ffeb9ce0000 - 0x00007ffeb9d05000 	C:\Users\bader\.jdks\jbrsdk_jcef-17.0.9\bin\java.dll
0x00007ffeb9cc0000 - 0x00007ffeb9cd8000 	C:\Users\bader\.jdks\jbrsdk_jcef-17.0.9\bin\zip.dll
0x00007ffe80ff0000 - 0x00007ffe810c7000 	C:\Users\bader\.jdks\jbrsdk_jcef-17.0.9\bin\jsvml.dll
0x00007ffed4ff0000 - 0x00007ffed575d000 	C:\Windows\System32\SHELL32.dll
0x00007ffed25b0000 - 0x00007ffed2d54000 	C:\Windows\SYSTEM32\windows.storage.dll
0x00007ffed6870000 - 0x00007ffed6bc3000 	C:\Windows\System32\combase.dll
0x00007ffed3f60000 - 0x00007ffed3f8e000 	C:\Windows\SYSTEM32\Wldp.dll
0x00007ffed61d0000 - 0x00007ffed629d000 	C:\Windows\System32\OLEAUT32.dll
0x00007ffed65c0000 - 0x00007ffed666d000 	C:\Windows\System32\SHCORE.dll
0x00007ffed6560000 - 0x00007ffed65b5000 	C:\Windows\System32\shlwapi.dll
0x00007ffed4460000 - 0x00007ffed4484000 	C:\Windows\SYSTEM32\profapi.dll
0x00007ffeb9a70000 - 0x00007ffeb9a89000 	C:\Users\bader\.jdks\jbrsdk_jcef-17.0.9\bin\net.dll
0x00007ffeccc80000 - 0x00007ffeccd8d000 	C:\Windows\SYSTEM32\WINHTTP.dll
0x00007ffed3cc0000 - 0x00007ffed3d2a000 	C:\Windows\system32\mswsock.dll
0x00007ffeb9370000 - 0x00007ffeb9386000 	C:\Users\bader\.jdks\jbrsdk_jcef-17.0.9\bin\nio.dll
0x00007ffecf390000 - 0x00007ffecf3aa000 	C:\Program Files\JetBrains\IntelliJ IDEA Community Edition 2023.3.6\bin\breakgen64.dll
0x00007ffe89c60000 - 0x00007ffe89dfa000 	C:\Users\bader\.jdks\jbrsdk_jcef-17.0.9\bin\awt.dll
0x00007ffeb45a0000 - 0x00007ffeb45e4000 	C:\Users\bader\.jdks\jbrsdk_jcef-17.0.9\bin\nvdaControllerClient64.dll
0x00007ffed20b0000 - 0x00007ffed20df000 	C:\Windows\SYSTEM32\dwmapi.dll
0x00007ffecf1c0000 - 0x00007ffecf254000 	C:\Windows\SYSTEM32\apphelp.dll
0x00007ffeb81e0000 - 0x00007ffeb8308000 	C:\Windows\system32\opengl32.dll
0x00007ffeb7c60000 - 0x00007ffeb7c8c000 	C:\Windows\SYSTEM32\GLU32.dll
0x00007ffed1090000 - 0x00007ffed112e000 	C:\Windows\system32\uxtheme.dll
0x00007ffed5bd0000 - 0x00007ffed5ce5000 	C:\Windows\System32\MSCTF.dll
0x00007ffed5cf0000 - 0x00007ffed5d99000 	C:\Windows\System32\clbcatq.dll
0x00007ffe45430000 - 0x00007ffe463fa000 	C:\Windows\System32\DriverStore\FileRepository\iigd_dch.inf_amd64_5d54dd32fa1ef4d4\ig9icd64.dll
0x00007ffed6430000 - 0x00007ffed655b000 	C:\Windows\System32\ole32.dll
0x00007ffed2dc0000 - 0x00007ffed2eb6000 	C:\Windows\system32\dxgi.dll
0x00007ffec7a80000 - 0x00007ffec7cbf000 	C:\Windows\System32\DriverStore\FileRepository\iigd_dch.inf_amd64_5d54dd32fa1ef4d4\igdgmm64.dll
0x00007ffec4eb0000 - 0x00007ffec7a79000 	C:\Windows\System32\DriverStore\FileRepository\iigd_dch.inf_amd64_5d54dd32fa1ef4d4\igc64.dll
0x00007ffe63280000 - 0x00007ffe6368c000 	C:\Windows\System32\DriverStore\FileRepository\iigd_dch.inf_amd64_5d54dd32fa1ef4d4\igdml64.dll
0x00007ffed3ec0000 - 0x00007ffed3ed8000 	C:\Windows\SYSTEM32\CRYPTSP.dll
0x00007ffed3570000 - 0x00007ffed35a4000 	C:\Windows\system32\rsaenh.dll
0x00007ffed4420000 - 0x00007ffed444e000 	C:\Windows\SYSTEM32\USERENV.dll
0x00007ffed3eb0000 - 0x00007ffed3ebc000 	C:\Windows\SYSTEM32\CRYPTBASE.dll
0x00007ffed3950000 - 0x00007ffed398b000 	C:\Windows\SYSTEM32\IPHLPAPI.DLL
0x00007ffed5e30000 - 0x00007ffed5e38000 	C:\Windows\System32\NSI.dll
0x00007ffecc960000 - 0x00007ffecc977000 	C:\Windows\SYSTEM32\dhcpcsvc6.DLL
0x00007ffeccbf0000 - 0x00007ffeccc0d000 	C:\Windows\SYSTEM32\dhcpcsvc.DLL
0x00007ffed3990000 - 0x00007ffed3a5a000 	C:\Windows\SYSTEM32\DNSAPI.dll
0x00007ffeaa9c0000 - 0x00007ffeaaa47000 	C:\Users\bader\.jdks\jbrsdk_jcef-17.0.9\bin\freetype.dll
0x00007ffea7bd0000 - 0x00007ffea7ca7000 	C:\Users\bader\.jdks\jbrsdk_jcef-17.0.9\bin\fontmanager.dll
0x00007ffecbf60000 - 0x00007ffecbf72000 	C:\Users\bader\.jdks\jbrsdk_jcef-17.0.9\bin\jsound.dll
0x00007ffea87c0000 - 0x00007ffea885c000 	C:\Windows\SYSTEM32\DSOUND.dll
0x00007ffec02f0000 - 0x00007ffec0316000 	C:\Windows\SYSTEM32\winmmbase.dll
0x00007ffecce00000 - 0x00007ffecce85000 	C:\Windows\System32\MMDevApi.dll
0x00007ffed42c0000 - 0x00007ffed42f3000 	C:\Windows\System32\DEVOBJ.dll
0x00007ffed4680000 - 0x00007ffed46ce000 	C:\Windows\System32\cfgmgr32.dll
0x00007ffeb5080000 - 0x00007ffeb50c6000 	C:\Windows\SYSTEM32\wdmaud.drv
0x00007ffecf4e0000 - 0x00007ffecf4e9000 	C:\Windows\SYSTEM32\ksuser.dll
0x00007ffeced00000 - 0x00007ffeced0a000 	C:\Windows\SYSTEM32\AVRT.dll
0x00007ffecce90000 - 0x00007ffecd011000 	C:\Windows\SYSTEM32\AUDIOSES.DLL
0x00007ffeb5070000 - 0x00007ffeb507d000 	C:\Windows\SYSTEM32\msacm32.drv
0x00007ffeb5050000 - 0x00007ffeb506e000 	C:\Windows\SYSTEM32\MSACM32.dll
0x00007ffeb5040000 - 0x00007ffeb504b000 	C:\Windows\SYSTEM32\midimap.dll
0x00007ffed1fb0000 - 0x00007ffed1fc4000 	C:\Windows\SYSTEM32\resourcepolicyclient.dll
0x00007ffeb1a60000 - 0x00007ffeb1c05000 	C:\Windows\WinSxS\amd64_microsoft.windows.gdiplus_6595b64144ccf1df_1.1.19041.4597_none_91a78020cc854124\gdiplus.dll
0x00007ffebfdd0000 - 0x00007ffebfec9000 	C:\Windows\SYSTEM32\textinputframework.dll
0x00007ffecea50000 - 0x00007ffeceb42000 	C:\Windows\System32\CoreMessaging.dll
0x00007ffece6e0000 - 0x00007ffecea3b000 	C:\Windows\System32\CoreUIComponents.dll
0x00007ffed37c0000 - 0x00007ffed37f3000 	C:\Windows\SYSTEM32\ntmarta.dll
0x00007ffed12c0000 - 0x00007ffed1417000 	C:\Windows\SYSTEM32\wintypes.dll
0x00007ffeb7e70000 - 0x00007ffeb8165000 	C:\Windows\System32\uiautomationcore.dll
0x00007ffed1880000 - 0x00007ffed1976000 	C:\Windows\System32\PROPSYS.dll
0x00007ffeb8170000 - 0x00007ffeb81d6000 	C:\Windows\System32\OLEACC.dll
0x00007ffebfed0000 - 0x00007ffec000f000 	C:\Windows\System32\Windows.UI.dll
0x00007ffecbdf0000 - 0x00007ffecbe91000 	C:\Windows\System32\WindowManagementAPI.dll
0x00007ffebfc70000 - 0x00007ffebfdc2000 	C:\Windows\System32\InputHost.dll
0x00007ffecb4a0000 - 0x00007ffecb6a3000 	C:\Windows\SYSTEM32\twinapi.appcore.dll
0x00007ffed0000000 - 0x00007ffed0009000 	C:\Users\bader\.jdks\jbrsdk_jcef-17.0.9\bin\management.dll
0x00007ffecff90000 - 0x00007ffecff9b000 	C:\Users\bader\.jdks\jbrsdk_jcef-17.0.9\bin\management_ext.dll
0x00007ffed4f10000 - 0x00007ffed4f18000 	C:\Windows\System32\PSAPI.DLL
0x00007ffebb3a0000 - 0x00007ffebb3f1000 	C:\Windows\SYSTEM32\pdh.dll
0x00007ffeb9a00000 - 0x00007ffeb9a0f000 	C:\Windows\System32\perfproc.dll
0x00007ffed0e20000 - 0x00007ffed0e2f000 	C:\Windows\System32\perfos.dll

dbghelp: loaded successfully - version: 4.0.5 - missing functions: none
symbol engine: initialized successfully - sym options: 0x614 - pdb path: .;C:\Users\bader\.jdks\jbrsdk_jcef-17.0.9\bin;C:\Windows\SYSTEM32;C:\Windows\WinSxS\amd64_microsoft.windows.common-controls_6595b64144ccf1df_6.0.19041.4355_none_60b8b9eb71f62e16;C:\Users\bader\.jdks\jbrsdk_jcef-17.0.9\bin\server;C:\Program Files\JetBrains\IntelliJ IDEA Community Edition 2023.3.6\bin;C:\Windows\System32\DriverStore\FileRepository\iigd_dch.inf_amd64_5d54dd32fa1ef4d4;C:\Windows\WinSxS\amd64_microsoft.windows.gdiplus_6595b64144ccf1df_1.1.19041.4597_none_91a78020cc854124

VM Arguments:
jvm_args: -Xmx3072g -Xmx4096g -Dsun.java2d.opengl=true -XX:ErrorFile=logs/hs_err_pid%p.log -javaagent:C:\Program Files\JetBrains\IntelliJ IDEA Community Edition 2023.3.6\lib\idea_rt.jar=51116:C:\Program Files\JetBrains\IntelliJ IDEA Community Edition 2023.3.6\bin -Dfile.encoding=UTF-8 
java_command: net.sendback.Main
java_class_path (initial): C:\Users\bader\OneDrive\Bureau\Idea\GTS_PRojekt\target\classes
Launcher Type: SUN_STANDARD

[Global flags]
     intx CICompilerCount                          = 4                                         {product} {ergonomic}
     uint ConcGCThreads                            = 3                                         {product} {ergonomic}
    ccstr ErrorFile                                = logs/hs_err_pid%p.log                     {product} {command line}
     uint G1ConcRefinementThreads                  = 10                                        {product} {ergonomic}
   size_t G1HeapRegionSize                         = 33554432                                  {product} {ergonomic}
    uintx GCDrainStackTargetSize                   = 64                                        {product} {ergonomic}
   size_t InitialHeapSize                          = 268435456                                 {product} {ergonomic}
   size_t MarkStackSize                            = 4194304                                   {product} {ergonomic}
   size_t MaxHeapSize                              = 4398046511104                             {product} {command line}
   size_t MaxNewSize                               = 2638821195776                             {product} {ergonomic}
   size_t MinHeapDeltaBytes                        = 33554432                                  {product} {ergonomic}
   size_t MinHeapSize                              = 33554432                                  {product} {ergonomic}
    uintx NonNMethodCodeHeapSize                   = 5839372                                {pd product} {ergonomic}
    uintx NonProfiledCodeHeapSize                  = 122909434                              {pd product} {ergonomic}
    uintx ProfiledCodeHeapSize                     = 122909434                              {pd product} {ergonomic}
    uintx ReservedCodeCacheSize                    = 251658240                              {pd product} {ergonomic}
     bool SegmentedCodeCache                       = true                                      {product} {ergonomic}
   size_t SoftMaxHeapSize                          = 4398046511104                          {manageable} {ergonomic}
     bool UseCompressedClassPointers               = true                           {product lp64_product} {ergonomic}
     bool UseG1GC                                  = true                                      {product} {ergonomic}
     bool UseLargePagesIndividualAllocation        = false                                  {pd product} {ergonomic}

Logging:
Log output configuration:
 #0: stdout all=warning uptime,level,tags
 #1: stderr all=off uptime,level,tags

Environment Variables:
PATH=C:\Program Files\Common Files\Oracle\Java\javapath;C:\Windows\system32;C:\Windows;C:\Windows\System32\Wbem;C:\Windows\System32\WindowsPowerShell\v1.0\;C:\Windows\System32\OpenSSH\;C:\Program Files (x86)\NVIDIA Corporation\PhysX\Common;C:\Program Files\dotnet\;C:\Users\bader\AppData\Local\Microsoft\WindowsApps;C:\Users\bader\AppData\Local\GitHubDesktop\bin
USERNAME=bader
OS=Windows_NT
PROCESSOR_IDENTIFIER=Intel64 Family 6 Model 158 Stepping 10, GenuineIntel
TMP=C:\Users\bader\AppData\Local\Temp
TEMP=C:\Users\bader\AppData\Local\Temp



Periodic native trim disabled

JNI global refs:
JNI global refs: 145, weak refs: 123

JNI global refs memory usage: 2107, weak refs: 2737

OOME stack traces (most recent first):
Classloader memory used:
Loader bootstrap                                                                       : 2856K
Loader jdk.internal.loader.ClassLoaders$AppClassLoader                                 : 38409B
Loader jdk.internal.reflect.DelegatingClassLoader                                      : 5306B
Loader jdk.internal.loader.ClassLoaders$PlatformClassLoader                            : 2871B


---------------  S Y S T E M  ---------------

OS:
 Windows 10 , 64 bit Build 19041 (10.0.19041.5072)
OS uptime: 11 days 5:16 hours

CPU: total 12 (initial active 12) (6 cores per cpu, 2 threads per core) family 6 model 158 stepping 10 microcode 0xf0, cx8, cmov, fxsr, ht, mmx, 3dnowpref, sse, sse2, sse3, ssse3, sse4.1, sse4.2, popcnt, lzcnt, tsc, tscinvbit, avx, avx2, aes, erms, clmul, bmi1, bmi2, adx, fma, vzeroupper, clflush, clflushopt
Processor Information for all 12 processors :
  Max Mhz: 2592, Current Mhz: 2592, Mhz Limit: 2592

Memory: 4k page, system-wide physical 16254M (2220M free)
TotalPageFile size 23086M (AvailPageFile size 2786M)
current process WorkingSet (physical memory assigned to process): 750M, peak: 750M
current process commit charge ("private bytes"): 981M, peak: 981M

vm_info: OpenJDK 64-Bit Server VM (17.0.9+8-b1166.2) for windows-amd64 JRE (17.0.9+8-b1166.2), built on 2024-01-13 by "builduser" with MS VC++ 16.10 / 16.11 (VS2019)

END.
