#
# A fatal error has been detected by the Java Runtime Environment:
#
#  EXCEPTION_ACCESS_VIOLATION (0xc0000005) at pc=0x00007ffe29163c53, pid=14292, tid=18488
#
# JRE version: OpenJDK Runtime Environment JBR-17.0.9+8-1166.2-jcef (17.0.9+8) (build 17.0.9+8-b1166.2)
# Java VM: OpenJDK 64-Bit Server VM JBR-17.0.9+8-1166.2-jcef (17.0.9+8-b1166.2, mixed mode, tiered, compressed class ptrs, g1 gc, windows-amd64)
# Problematic frame:
# C  [ig9icd64.dll+0x9c3c53]
#
# No core dump will be written. Minidumps are not enabled by default on client versions of Windows
#
# If you would like to submit a bug report, please visit:
#   https://youtrack.jetbrains.com/issues/JBR
# The crash happened outside the Java Virtual Machine in native code.
# See problematic frame for where to report the bug.
#

---------------  S U M M A R Y ------------

Command Line: -Xmx3072g -Xmx4096g -Dsun.java2d.opengl=true -XX:ErrorFile=logs/hs_err_pid%p.log -javaagent:C:\Program Files\JetBrains\IntelliJ IDEA Community Edition 2023.3.6\lib\idea_rt.jar=61734:C:\Program Files\JetBrains\IntelliJ IDEA Community Edition 2023.3.6\bin -Dfile.encoding=UTF-8 net.sendback.Main

Host: Intel(R) Core(TM) i7-9750H CPU @ 2.60GHz, 12 cores, 15G,  Windows 10 , 64 bit Build 19041 (10.0.19041.5072)
Time: Wed Nov  6 22:27:46 2024 Mitteleuropäische Zeit elapsed time: 18.754615 seconds (0d 0h 0m 18s)

---------------  T H R E A D  ---------------

Current thread (0x000002dd1d723ab0):  JavaThread "Java2D Queue Flusher" daemon [_thread_in_native, id=18488, stack(0x000000fbf1000000,0x000000fbf1100000)]

Stack: [0x000000fbf1000000,0x000000fbf1100000],  sp=0x000000fbf10fed18,  free space=1019k
Native frames: (J=compiled Java code, j=interpreted, Vv=VM code, C=native code)
C  [ig9icd64.dll+0x9c3c53]

Java frames: (J=compiled Java code, j=interpreted, Vv=VM code)
j  sun.java2d.opengl.OGLRenderQueue.flushBuffer(JI)V+0 java.desktop
j  sun.java2d.opengl.OGLRenderQueue.flushBuffer()V+21 java.desktop
j  sun.java2d.opengl.OGLRenderQueue$QueueFlusher.run()V+81 java.desktop
j  java.lang.Thread.run()V+11 java.base@17.0.9
v  ~StubRoutines::call_stub

siginfo: EXCEPTION_ACCESS_VIOLATION (0xc0000005), reading address 0xffffffffffffffff


Registers:
RAX=0x000000000fff0fff, RBX=0x00007ffe287a0000, RCX=0x000000033fcf3fcc, RDX=0x000000fbf10ff230
RSP=0x000000fbf10fed18, RBP=0x000000fbf10fee20, RSI=0x000002dd27bfdf00, RDI=0x000000fbf10ff020
R8 =0x000000fbf10fee50, R9 =0x000000fbf10ff230, R10=0x000000fbf10ff020, R11=0x0000000000000000
R12=0x00007ffe295ca420, R13=0x0000000000000000, R14=0x0000000000000000, R15=0x00000000000001c1
RIP=0x00007ffe29163c53, EFLAGS=0x0000000000010206


Register to memory mapping:

RIP=0x00007ffe29163c53 ig9icd64.dll
RAX=0x000000000fff0fff is an unknown value
RBX=0x00007ffe287a0000 ig9icd64.dll
RCX=0x000000033fcf3fcc is an unknown value
RDX=0x000000fbf10ff230 is pointing into the stack for thread: 0x000002dd1d723ab0
RSP=0x000000fbf10fed18 is pointing into the stack for thread: 0x000002dd1d723ab0
RBP=0x000000fbf10fee20 is pointing into the stack for thread: 0x000002dd1d723ab0
RSI=0x000002dd27bfdf00 points into unknown readable memory: 0x000002dd1d730540 | 40 05 73 1d dd 02 00 00
RDI=0x000000fbf10ff020 is pointing into the stack for thread: 0x000002dd1d723ab0
R8 =0x000000fbf10fee50 is pointing into the stack for thread: 0x000002dd1d723ab0
R9 =0x000000fbf10ff230 is pointing into the stack for thread: 0x000002dd1d723ab0
R10=0x000000fbf10ff020 is pointing into the stack for thread: 0x000002dd1d723ab0
R11=0x0 is NULL
R12=0x00007ffe295ca420 ig9icd64.dll
R13=0x0 is NULL
R14=0x0 is NULL
R15=0x00000000000001c1 is an unknown value


Top of Stack: (sp=0x000000fbf10fed18)
0x000000fbf10fed18:   00007ffe2916138b 0000000000000001
0x000000fbf10fed28:   0000000000000000 000002dd28849300
0x000000fbf10fed38:   00007ffec7a82572 000000fb00000065
0x000000fbf10fed48:   000000fbf10fef50 0000000000000000
0x000000fbf10fed58:   000002dd28974be0 0000000000000000
0x000000fbf10fed68:   000002dd28977df0 000002dd288493e0
0x000000fbf10fed78:   0000000000000fb0 0000000000000000
0x000000fbf10fed88:   0000000000000000 000000fbf10fef00
0x000000fbf10fed98:   00007ffe28df9070 0000000000000000
0x000000fbf10feda8:   0000000000000000 0000000000000000
0x000000fbf10fedb8:   0000000000000000 00001e25dcd0dbf2
0x000000fbf10fedc8:   00007ffe287b64e5 000002dd288493e0
0x000000fbf10fedd8:   0000000000000001 0000000000000200
0x000000fbf10fede8:   00007ffed6ebb86b 0000000000080006
0x000000fbf10fedf8:   00000000000000d1 000002dd2805cce0
0x000000fbf10fee08:   0000000000000000 0000000000000000
0x000000fbf10fee18:   00007ffe29161c62 0000000000000000
0x000000fbf10fee28:   000002dd779dbf40 000000fbf10ff120
0x000000fbf10fee38:   000002dd779d0000 000002dd779d02b4
0x000000fbf10fee48:   000002dd28974be0 00007ffe2946f020
0x000000fbf10fee58:   0000000e00000000 0000001a00000018
0x000000fbf10fee68:   00000fff00000000 437f0000437f0000
0x000000fbf10fee78:   437f0000437f0000 0000ff0000ff0000
0x000000fbf10fee88:   ff000000000000ff 0000000800000010
0x000000fbf10fee98:   0000001800000000 0000000000000000
0x000000fbf10feea8:   0000000000000000 0000000000000000
0x000000fbf10feeb8:   0000000000000000 0000000000000000
0x000000fbf10feec8:   0000000000000000 0000000000000000
0x000000fbf10feed8:   0000000000000000 0000000000000000
0x000000fbf10feee8:   0000000000000000 0000000000000000
0x000000fbf10feef8:   0000000000000000 0000000000000000
0x000000fbf10fef08:   0000000000000000 0000000000000000 

Instructions: (pc=0x00007ffe29163c53)
0x00007ffe29163b53:   a1 b6 30 00 48 89 51 08 48 89 01 8b 44 24 28 89
0x00007ffe29163b63:   41 20 8b 44 24 30 89 41 24 48 8b c1 4c 89 41 10
0x00007ffe29163b73:   4c 89 49 18 c3 cc cc cc cc cc cc cc cc 48 89 5c
0x00007ffe29163b83:   24 08 8b 41 5c 48 8d 1d 71 c4 63 ff 41 89 40 08
0x00007ffe29163b93:   4c 8b d1 8b 41 60 45 33 db 41 89 40 0c 4c 8b ca
0x00007ffe29163ba3:   8b 41 64 41 89 40 10 8b 41 68 41 89 40 14 8b 41
0x00007ffe29163bb3:   6c 41 89 40 18 8b 41 70 41 89 40 1c 48 63 41 74
0x00007ffe29163bc3:   48 6b c8 34 8b 84 19 84 5f ee 00 41 89 40 20 8b
0x00007ffe29163bd3:   84 19 88 5f ee 00 41 89 40 24 8b 84 19 8c 5f ee
0x00007ffe29163be3:   00 41 89 40 28 8b 84 19 90 5f ee 00 41 89 40 2c
0x00007ffe29163bf3:   8b 84 19 74 5f ee 00 41 89 40 30 8b 84 19 78 5f
0x00007ffe29163c03:   ee 00 41 89 40 34 8b 84 19 7c 5f ee 00 41 89 40
0x00007ffe29163c13:   38 8b 84 19 80 5f ee 00 41 89 40 3c 8b 84 19 64
0x00007ffe29163c23:   5f ee 00 41 89 40 40 8b 84 19 68 5f ee 00 41 89
0x00007ffe29163c33:   40 44 8b 84 19 6c 5f ee 00 41 89 40 48 8b 84 19
0x00007ffe29163c43:   70 5f ee 00 41 89 40 4c 49 63 42 78 48 6b c8 34
0x00007ffe29163c53:   8b 84 19 84 5f ee 00 41 89 40 50 8b 84 19 88 5f
0x00007ffe29163c63:   ee 00 41 89 40 54 8b 84 19 8c 5f ee 00 41 89 40
0x00007ffe29163c73:   58 8b 84 19 90 5f ee 00 41 89 40 5c 8b 84 19 74
0x00007ffe29163c83:   5f ee 00 41 89 40 60 8b 84 19 78 5f ee 00 41 89
0x00007ffe29163c93:   40 64 8b 84 19 7c 5f ee 00 41 89 40 68 8b 84 19
0x00007ffe29163ca3:   80 5f ee 00 41 89 40 6c 8b 84 19 64 5f ee 00 41
0x00007ffe29163cb3:   89 40 70 8b 84 19 68 5f ee 00 41 89 40 74 8b 84
0x00007ffe29163cc3:   19 6c 5f ee 00 41 89 40 78 8b 84 19 70 5f ee 00
0x00007ffe29163cd3:   41 89 40 7c 48 8b 42 18 8b 88 38 0b 00 00 f6 c1
0x00007ffe29163ce3:   08 0f 84 86 00 00 00 8b 80 3c 0b 00 00 41 89 80
0x00007ffe29163cf3:   80 00 00 00 48 8b 42 18 8b 88 40 0b 00 00 41 89
0x00007ffe29163d03:   88 84 00 00 00 48 8b 42 18 8b 88 44 0b 00 00 41
0x00007ffe29163d13:   89 88 88 00 00 00 48 8b 42 18 8b 88 48 0b 00 00
0x00007ffe29163d23:   41 89 88 8c 00 00 00 48 8b 42 18 8b 88 4c 0b 00
0x00007ffe29163d33:   00 41 89 88 90 00 00 00 48 8b 42 18 8b 88 50 0b
0x00007ffe29163d43:   00 00 41 89 88 94 00 00 00 48 8b 42 18 8b 88 54 


Stack slot to memory mapping:
stack at sp + 0 slots: 0x00007ffe2916138b ig9icd64.dll
stack at sp + 1 slots: 0x0000000000000001 is an unknown value
stack at sp + 2 slots: 0x0 is NULL
stack at sp + 3 slots: 0x000002dd28849300 points into unknown readable memory: 0x000002ddffffffff | ff ff ff ff dd 02 00 00
stack at sp + 4 slots: 0x00007ffec7a82572 igdgmm64.dll
stack at sp + 5 slots: 0x000000fb00000065 is an unknown value
stack at sp + 6 slots: 0x000000fbf10fef50 is pointing into the stack for thread: 0x000002dd1d723ab0
stack at sp + 7 slots: 0x0 is NULL


---------------  P R O C E S S  ---------------

Threads class SMR info:
_java_thread_list=0x000002dd2e09cdb0, length=43, elements={
0x000007037f607840, 0x000007037f6086c0, 0x000007037f65e020, 0x000007037f65e700,
0x000007037f6610d0, 0x000007037f661a90, 0x000007037f663570, 0x000007037f6719b0,
0x000007037f6722c0, 0x000007037f79c7c0, 0x000002dd1d48b000, 0x000002dd1d48b4e0,
0x000002dd1d723ab0, 0x000002dd27dabb20, 0x000002dd27d90500, 0x000002dd2826f3c0,
0x000002dd28374180, 0x000002dd283af150, 0x000002dd283b0080, 0x000002dd283b0590,
0x000002dd283b0aa0, 0x000002dd283afb70, 0x000002dd283ad2f0, 0x000002dd283ad800,
0x000002dd283ae220, 0x000002dd283add10, 0x000002dd283ae730, 0x000002dd283aec40,
0x000002dd283af660, 0x000002dd283d1080, 0x000002dd283d4830, 0x000002dd283d0660,
0x000002dd283d33f0, 0x000002dd283d1fb0, 0x000002dd283d4320, 0x000002dd283d0b70,
0x000002dd283cf220, 0x000002dd283cd8d0, 0x000002dd283cfc40, 0x000002dd283cf730,
0x000002dd283d3900, 0x000002dd283d1aa0, 0x000002dd283d2ee0
}

Java Threads: ( => current thread )
  0x000007037f607840 JavaThread "Reference Handler" daemon [_thread_blocked, id=35328, stack(0x000000fbf0300000,0x000000fbf0400000)]
  0x000007037f6086c0 JavaThread "Finalizer" daemon [_thread_blocked, id=33936, stack(0x000000fbf0400000,0x000000fbf0500000)]
  0x000007037f65e020 JavaThread "Signal Dispatcher" daemon [_thread_blocked, id=20188, stack(0x000000fbf0500000,0x000000fbf0600000)]
  0x000007037f65e700 JavaThread "Attach Listener" daemon [_thread_blocked, id=34460, stack(0x000000fbf0600000,0x000000fbf0700000)]
  0x000007037f6610d0 JavaThread "Service Thread" daemon [_thread_blocked, id=28600, stack(0x000000fbf0700000,0x000000fbf0800000)]
  0x000007037f661a90 JavaThread "Monitor Deflation Thread" daemon [_thread_blocked, id=36236, stack(0x000000fbf0800000,0x000000fbf0900000)]
  0x000007037f663570 JavaThread "C2 CompilerThread0" daemon [_thread_blocked, id=32264, stack(0x000000fbf0900000,0x000000fbf0a00000)]
  0x000007037f6719b0 JavaThread "C1 CompilerThread0" daemon [_thread_blocked, id=20788, stack(0x000000fbf0a00000,0x000000fbf0b00000)]
  0x000007037f6722c0 JavaThread "Sweeper thread" daemon [_thread_blocked, id=8148, stack(0x000000fbf0b00000,0x000000fbf0c00000)]
  0x000007037f79c7c0 JavaThread "Common-Cleaner" daemon [_thread_blocked, id=15036, stack(0x000000fbf0c00000,0x000000fbf0d00000)]
  0x000002dd1d48b000 JavaThread "Monitor Ctrl-Break" daemon [_thread_in_native, id=20208, stack(0x000000fbf0d00000,0x000000fbf0e00000)]
  0x000002dd1d48b4e0 JavaThread "Notification Thread" daemon [_thread_blocked, id=15408, stack(0x000000fbf0e00000,0x000000fbf0f00000)]
=>0x000002dd1d723ab0 JavaThread "Java2D Queue Flusher" daemon [_thread_in_native, id=18488, stack(0x000000fbf1000000,0x000000fbf1100000)]
  0x000002dd27dabb20 JavaThread "Java2D Disposer" daemon [_thread_blocked, id=13512, stack(0x000000fbf1500000,0x000000fbf1600000)]
  0x000002dd27d90500 JavaThread "AWT-Windows" daemon [_thread_in_native, id=34624, stack(0x000000fbf1800000,0x000000fbf1900000)]
  0x000002dd2826f3c0 JavaThread "Java Sound Event Dispatcher" daemon [_thread_blocked, id=34692, stack(0x000000fbf2300000,0x000000fbf2400000)]
  0x000002dd28374180 JavaThread "Direct Clip" daemon [_thread_blocked, id=5072, stack(0x000000fbf2600000,0x000000fbf2700000)]
  0x000002dd283af150 JavaThread "Direct Clip" daemon [_thread_blocked, id=37780, stack(0x000000fbf2700000,0x000000fbf2800000)]
  0x000002dd283b0080 JavaThread "Direct Clip" daemon [_thread_blocked, id=7068, stack(0x000000fbf2800000,0x000000fbf2900000)]
  0x000002dd283b0590 JavaThread "Direct Clip" daemon [_thread_blocked, id=15712, stack(0x000000fbf2900000,0x000000fbf2a00000)]
  0x000002dd283b0aa0 JavaThread "Direct Clip" daemon [_thread_blocked, id=13592, stack(0x000000fbf2a00000,0x000000fbf2b00000)]
  0x000002dd283afb70 JavaThread "Direct Clip" daemon [_thread_blocked, id=5188, stack(0x000000fbf2b00000,0x000000fbf2c00000)]
  0x000002dd283ad2f0 JavaThread "Direct Clip" daemon [_thread_blocked, id=27964, stack(0x000000fbf2c00000,0x000000fbf2d00000)]
  0x000002dd283ad800 JavaThread "Direct Clip" daemon [_thread_blocked, id=35388, stack(0x000000fbf2d00000,0x000000fbf2e00000)]
  0x000002dd283ae220 JavaThread "Direct Clip" daemon [_thread_blocked, id=13292, stack(0x000000fbf2e00000,0x000000fbf2f00000)]
  0x000002dd283add10 JavaThread "Direct Clip" daemon [_thread_blocked, id=15044, stack(0x000000fbf2f00000,0x000000fbf3000000)]
  0x000002dd283ae730 JavaThread "Direct Clip" daemon [_thread_blocked, id=34984, stack(0x000000fbf3000000,0x000000fbf3100000)]
  0x000002dd283aec40 JavaThread "Direct Clip" daemon [_thread_blocked, id=36792, stack(0x000000fbf3100000,0x000000fbf3200000)]
  0x000002dd283af660 JavaThread "Direct Clip" daemon [_thread_blocked, id=36316, stack(0x000000fbf3200000,0x000000fbf3300000)]
  0x000002dd283d1080 JavaThread "Direct Clip" daemon [_thread_blocked, id=23020, stack(0x000000fbf3300000,0x000000fbf3400000)]
  0x000002dd283d4830 JavaThread "Direct Clip" daemon [_thread_blocked, id=35576, stack(0x000000fbf3400000,0x000000fbf3500000)]
  0x000002dd283d0660 JavaThread "Direct Clip" daemon [_thread_blocked, id=32852, stack(0x000000fbf3500000,0x000000fbf3600000)]
  0x000002dd283d33f0 JavaThread "Direct Clip" daemon [_thread_blocked, id=1936, stack(0x000000fbf3600000,0x000000fbf3700000)]
  0x000002dd283d1fb0 JavaThread "Direct Clip" daemon [_thread_blocked, id=33660, stack(0x000000fbf3700000,0x000000fbf3800000)]
  0x000002dd283d4320 JavaThread "Direct Clip" daemon [_thread_blocked, id=22844, stack(0x000000fbf3800000,0x000000fbf3900000)]
  0x000002dd283d0b70 JavaThread "Direct Clip" daemon [_thread_blocked, id=25400, stack(0x000000fbf3900000,0x000000fbf3a00000)]
  0x000002dd283cf220 JavaThread "Direct Clip" daemon [_thread_blocked, id=14076, stack(0x000000fbf3a00000,0x000000fbf3b00000)]
  0x000002dd283cd8d0 JavaThread "AWT-Shutdown" [_thread_blocked, id=21052, stack(0x000000fbf3e00000,0x000000fbf3f00000)]
  0x000002dd283cfc40 JavaThread "AWT-EventQueue-0" [_thread_blocked, id=30280, stack(0x000000fbf3f00000,0x000000fbf4000000)]
  0x000002dd283cf730 JavaThread "DestroyJavaVM" [_thread_blocked, id=12856, stack(0x000000fbefc00000,0x000000fbefd00000)]
  0x000002dd283d3900 JavaThread "Thread-0" [_thread_blocked, id=27184, stack(0x000000fbf4500000,0x000000fbf4600000)]
  0x000002dd283d1aa0 JavaThread "ztt" [_thread_in_vm, id=35728, stack(0x000000fbf4600000,0x000000fbf4700000)]
  0x000002dd283d2ee0 JavaThread "ToolkitShutdown" daemon [_thread_in_native, id=13380, stack(0x000000fbf4900000,0x000000fbf4a00000)]

Other Threads:
  0x000007037f602b10 VMThread "VM Thread" [stack: 0x000000fbf0200000,0x000000fbf0300000] [id=31408]
  0x000002dd79b0efa0 WatcherThread [stack: 0x000000fbf0f00000,0x000000fbf1000000] [id=29660]
  0x000002dd79bcbb80 GCTaskThread "GC Thread#0" [stack: 0x000000fbefd00000,0x000000fbefe00000] [id=5840]
  0x000002dd2820ab70 GCTaskThread "GC Thread#1" [stack: 0x000000fbf1900000,0x000000fbf1a00000] [id=36488]
  0x000002dd281f4450 GCTaskThread "GC Thread#2" [stack: 0x000000fbf1a00000,0x000000fbf1b00000] [id=37800]
  0x000002dd281f4710 GCTaskThread "GC Thread#3" [stack: 0x000000fbf1b00000,0x000000fbf1c00000] [id=36440]
  0x000002dd281f49d0 GCTaskThread "GC Thread#4" [stack: 0x000000fbf1c00000,0x000000fbf1d00000] [id=14116]
  0x000002dd281f50a0 GCTaskThread "GC Thread#5" [stack: 0x000000fbf1d00000,0x000000fbf1e00000] [id=10284]
  0x000002dd2821d3f0 GCTaskThread "GC Thread#6" [stack: 0x000000fbf1e00000,0x000000fbf1f00000] [id=23668]
  0x000002dd2821d6b0 GCTaskThread "GC Thread#7" [stack: 0x000000fbf1f00000,0x000000fbf2000000] [id=14024]
  0x000002dd2821e180 GCTaskThread "GC Thread#8" [stack: 0x000000fbf2000000,0x000000fbf2100000] [id=33240]
  0x000002dd2821e440 GCTaskThread "GC Thread#9" [stack: 0x000000fbf2100000,0x000000fbf2200000] [id=29308]
  0x000002dd79bce250 ConcurrentGCThread "G1 Main Marker" [stack: 0x000000fbefe00000,0x000000fbeff00000] [id=37500]
  0x000002dd79bcec70 ConcurrentGCThread "G1 Conc#0" [stack: 0x000000fbeff00000,0x000000fbf0000000] [id=22724]
  0x000002dd288f9f50 ConcurrentGCThread "G1 Conc#1" [stack: 0x000000fbf4300000,0x000000fbf4400000] [id=20748]
  0x000002dd289382b0 ConcurrentGCThread "G1 Conc#2" [stack: 0x000000fbf4400000,0x000000fbf4500000] [id=32928]
  0x000002dd7ddcd790 ConcurrentGCThread "G1 Refine#0" [stack: 0x000000fbf0000000,0x000000fbf0100000] [id=34456]
  0x000002dd283d9cb0 ConcurrentGCThread "G1 Refine#1" [stack: 0x000000fbf1700000,0x000000fbf1800000] [id=12596]
  0x000002dd2865dae0 ConcurrentGCThread "G1 Refine#2" [stack: 0x000000fbf3b00000,0x000000fbf3c00000] [id=29508]
  0x000002dd283bfb00 ConcurrentGCThread "G1 Refine#3" [stack: 0x000000fbf3c00000,0x000000fbf3d00000] [id=19468]
  0x000002dd283bfdf0 ConcurrentGCThread "G1 Refine#4" [stack: 0x000000fbf3d00000,0x000000fbf3e00000] [id=15544]
  0x000002dd7ddce1c0 ConcurrentGCThread "G1 Service" [stack: 0x000000fbf0100000,0x000000fbf0200000] [id=11328]

Threads with active compile tasks:

VM state: not at safepoint (normal execution)

VM Mutex/Monitor currently owned by a thread: None

CDS archive(s) not mapped
Compressed class space mapped at: 0x0000000080000000-0x00000000c0000000, reserved size: 1073741824
Narrow klass base: 0x0000000000000000, Narrow klass shift: 0, Narrow klass range: 0xc0000000

GC Precious Log:
 CPUs: 12 total, 12 available
 Memory: 16254M
 Large Page Support: Disabled
 NUMA Support: Disabled
 Compressed Oops: Disabled
 Heap Region Size: 32M
 Heap Min Capacity: 32M
 Heap Initial Capacity: 256M
 Heap Max Capacity: 4096G
 Pre-touch: Disabled
 Parallel Workers: 10
 Concurrent Workers: 3
 Concurrent Refinement Workers: 10
 Periodic GC: Disabled

Heap:
 garbage-first heap   total 983040K, used 230184K [0x000002dd7e000000, 0x000006dd7e000000)
  region size 32768K, 2 young (65536K), 1 survivors (32768K)
 Metaspace       used 22640K, committed 22912K, reserved 1114112K
  class space    used 2325K, committed 2496K, reserved 1048576K

Heap Regions: E=young(eden), S=young(survivor), O=old, HS=humongous(starts), HC=humongous(continues), CS=collection set, F=free, OA=open archive, CA=closed archive, TAMS=top-at-mark-start (previous, next)
|   0|0x000002dd7e000000, 0x000002dd80000000, 0x000002dd80000000|100%| O|  |TAMS 0x000002dd80000000, 0x000002dd7e000000| Untracked 
|   1|0x000002dd80000000, 0x000002dd82000000, 0x000002dd82000000|100%|HS|  |TAMS 0x000002dd82000000, 0x000002dd80000000| Complete 
|   2|0x000002dd82000000, 0x000002dd84000000, 0x000002dd84000000|100%| O|  |TAMS 0x000002dd84000000, 0x000002dd82000000| Untracked 
|   3|0x000002dd84000000, 0x000002dd86000000, 0x000002dd86000000|100%| O|  |TAMS 0x000002dd86000000, 0x000002dd84000000| Untracked 
|   4|0x000002dd86000000, 0x000002dd88000000, 0x000002dd88000000|100%| O|  |TAMS 0x000002dd88000000, 0x000002dd86000000| Untracked 
|   5|0x000002dd88000000, 0x000002dd8a000000, 0x000002dd8a000000|100%| O|  |TAMS 0x000002dd89d6a000, 0x000002dd88000000| Untracked 
|   6|0x000002dd8a000000, 0x000002dd8bcee000, 0x000002dd8c000000| 90%| O|  |TAMS 0x000002dd8a000000, 0x000002dd8a000000| Untracked 
|   7|0x000002dd8c000000, 0x000002dd8c000000, 0x000002dd8e000000|  0%| F|  |TAMS 0x000002dd8c000000, 0x000002dd8c000000| Untracked 
|   8|0x000002dd8e000000, 0x000002dd8e000000, 0x000002dd90000000|  0%| F|  |TAMS 0x000002dd8e000000, 0x000002dd8e000000| Untracked 
|   9|0x000002dd90000000, 0x000002dd90000000, 0x000002dd92000000|  0%| F|  |TAMS 0x000002dd90000000, 0x000002dd90000000| Untracked 
|  10|0x000002dd92000000, 0x000002dd92000000, 0x000002dd94000000|  0%| F|  |TAMS 0x000002dd92000000, 0x000002dd92000000| Untracked 
|  11|0x000002dd94000000, 0x000002dd94000000, 0x000002dd96000000|  0%| F|  |TAMS 0x000002dd94000000, 0x000002dd94000000| Untracked 
|  12|0x000002dd96000000, 0x000002dd96000000, 0x000002dd98000000|  0%| F|  |TAMS 0x000002dd96000000, 0x000002dd96000000| Untracked 
|  13|0x000002dd98000000, 0x000002dd98000000, 0x000002dd9a000000|  0%| F|  |TAMS 0x000002dd98000000, 0x000002dd98000000| Untracked 
|  14|0x000002dd9a000000, 0x000002dd9a000000, 0x000002dd9c000000|  0%| F|  |TAMS 0x000002dd9a000000, 0x000002dd9a000000| Untracked 
|  15|0x000002dd9c000000, 0x000002dd9c000000, 0x000002dd9e000000|  0%| F|  |TAMS 0x000002dd9c000000, 0x000002dd9c000000| Untracked 
|  16|0x000002dd9e000000, 0x000002dd9e000000, 0x000002dda0000000|  0%| F|  |TAMS 0x000002dd9e000000, 0x000002dd9e000000| Untracked 
|  17|0x000002dda0000000, 0x000002dda0000000, 0x000002dda2000000|  0%| F|  |TAMS 0x000002dda0000000, 0x000002dda0000000| Untracked 
|  18|0x000002dda2000000, 0x000002dda2000000, 0x000002dda4000000|  0%| F|  |TAMS 0x000002dda2000000, 0x000002dda2000000| Untracked 
|  19|0x000002dda4000000, 0x000002dda4000000, 0x000002dda6000000|  0%| F|  |TAMS 0x000002dda4000000, 0x000002dda4000000| Untracked 
|  20|0x000002dda6000000, 0x000002dda6000000, 0x000002dda8000000|  0%| F|  |TAMS 0x000002dda6000000, 0x000002dda6000000| Untracked 
|  21|0x000002dda8000000, 0x000002dda8000000, 0x000002ddaa000000|  0%| F|  |TAMS 0x000002dda8000000, 0x000002dda8000000| Untracked 
|  22|0x000002ddaa000000, 0x000002ddaa000000, 0x000002ddac000000|  0%| F|  |TAMS 0x000002ddaa000000, 0x000002ddaa000000| Untracked 
|  23|0x000002ddac000000, 0x000002ddac000000, 0x000002ddae000000|  0%| F|  |TAMS 0x000002ddac000000, 0x000002ddac000000| Untracked 
|  24|0x000002ddae000000, 0x000002ddae000000, 0x000002ddb0000000|  0%| F|  |TAMS 0x000002ddae000000, 0x000002ddae000000| Untracked 
|  25|0x000002ddb0000000, 0x000002ddb0000000, 0x000002ddb2000000|  0%| F|  |TAMS 0x000002ddb0000000, 0x000002ddb0000000| Untracked 
|  26|0x000002ddb2000000, 0x000002ddb2000000, 0x000002ddb4000000|  0%| F|  |TAMS 0x000002ddb2000000, 0x000002ddb2000000| Untracked 
|  27|0x000002ddb4000000, 0x000002ddb4000000, 0x000002ddb6000000|  0%| F|  |TAMS 0x000002ddb4000000, 0x000002ddb4000000| Untracked 
|  31|0x000002ddbc000000, 0x000002ddbc3dc030, 0x000002ddbe000000| 12%| S|CS|TAMS 0x000002ddbc000000, 0x000002ddbc000000| Complete 
|  32|0x000002ddbe000000, 0x000002ddbf96b9b0, 0x000002ddc0000000| 79%| E|  |TAMS 0x000002ddbe000000, 0x000002ddbe000000| Complete 

Card table byte_map: [0x000006df7e000000,0x000006e17e000000] _byte_map_base: 0x000006de0f410000

Marking Bits (Prev, Next): (CMBitMap*) 0x000002dd79bcc1e0, (CMBitMap*) 0x000002dd79bcc1a0
 Prev Bits: [0x000006f37e210000, 0x000007037e210000)
 Next Bits: [0x000006e37e000000, 0x000006f37e000000)

Polling page: 0x000002dd777d0000

Metaspace:

Usage:
  Non-class:     19.84 MB used.
      Class:      2.27 MB used.
       Both:     22.11 MB used.

Virtual space:
  Non-class space:       64.00 MB reserved,      19.94 MB ( 31%) committed,  1 nodes.
      Class space:        1.00 GB reserved,       2.44 MB ( <1%) committed,  1 nodes.
             Both:        1.06 GB reserved,      22.38 MB (  2%) committed. 

Chunk freelists:
   Non-Class:  12.06 MB
       Class:  13.60 MB
        Both:  25.67 MB

MaxMetaspaceSize: unlimited
CompressedClassSpaceSize: 1.00 GB
Initial GC threshold: 21.00 MB
Current GC threshold: 35.44 MB
CDS: off
MetaspaceReclaimPolicy: balanced
 - commit_granule_bytes: 65536.
 - commit_granule_words: 8192.
 - virtual_space_node_default_size: 8388608.
 - enlarge_chunks_in_place: 1.
 - new_chunks_are_fully_committed: 0.
 - uncommit_free_chunks: 1.
 - use_allocation_guard: 0.
 - handle_deallocations: 1.


Internal statistics:

num_allocs_failed_limit: 3.
num_arena_births: 268.
num_arena_deaths: 0.
num_vsnodes_births: 2.
num_vsnodes_deaths: 0.
num_space_committed: 358.
num_space_uncommitted: 0.
num_chunks_returned_to_freelist: 3.
num_chunks_taken_from_freelist: 405.
num_chunk_merges: 0.
num_chunk_splits: 226.
num_chunks_enlarged: 107.
num_inconsistent_stats: 0.

CodeHeap 'non-profiled nmethods': size=120000Kb used=986Kb max_used=986Kb free=119013Kb
 bounds [0x000002dd07ad0000, 0x000002dd07d40000, 0x000002dd0f000000]
CodeHeap 'profiled nmethods': size=120000Kb used=4855Kb max_used=4855Kb free=115144Kb
 bounds [0x000002dd00000000, 0x000002dd004c0000, 0x000002dd07530000]
CodeHeap 'non-nmethods': size=5760Kb used=1313Kb max_used=1386Kb free=4446Kb
 bounds [0x000002dd07530000, 0x000002dd077a0000, 0x000002dd07ad0000]
 total_blobs=3312 nmethods=2658 adapters=566
 compilation: enabled
              stopped_count=0, restarted_count=0
 full_count=0

Compilation events (20 events):
Event: 18.637 Thread 0x000007037f6719b0 2650       3       java.util.Formatter$FormatSpecifier::printInteger (131 bytes)
Event: 18.637 Thread 0x000007037f6719b0 nmethod 2650 0x000002dd004b9510 code [0x000002dd004b97c0, 0x000002dd004ba6e8]
Event: 18.688 Thread 0x000007037f6719b0 2651       3       java.lang.Long::toString (139 bytes)
Event: 18.689 Thread 0x000007037f6719b0 nmethod 2651 0x000002dd004ba990 code [0x000002dd004bab80, 0x000002dd004bb178]
Event: 18.689 Thread 0x000007037f6719b0 2652       3       java.util.Collections::singleton (9 bytes)
Event: 18.689 Thread 0x000007037f6719b0 nmethod 2652 0x000002dd004bb390 code [0x000002dd004bb540, 0x000002dd004bb858]
Event: 18.689 Thread 0x000007037f6719b0 2653       3       java.util.Collections$SingletonSet::<init> (10 bytes)
Event: 18.689 Thread 0x000007037f6719b0 nmethod 2653 0x000002dd004bb990 code [0x000002dd004bbb40, 0x000002dd004bbdb8]
Event: 18.704 Thread 0x000007037f6719b0 2654       3       sun.java2d.SunGraphics2D::<init> (154 bytes)
Event: 18.705 Thread 0x000007037f6719b0 nmethod 2654 0x000002dd004bbe90 code [0x000002dd004bc140, 0x000002dd004bcee8]
Event: 18.705 Thread 0x000007037f6719b0 2655       3       java.awt.Graphics2D::<init> (5 bytes)
Event: 18.705 Thread 0x000007037f6719b0 nmethod 2655 0x000002dd004bd290 code [0x000002dd004bd440, 0x000002dd004bd618]
Event: 18.721 Thread 0x000007037f6719b0 2656       1       sun.java2d.SunGraphics2D::getSurfaceData (5 bytes)
Event: 18.722 Thread 0x000007037f663570 2657       4       sun.java2d.pipe.DrawImage::scaleImage (68 bytes)
Event: 18.722 Thread 0x000007037f6719b0 nmethod 2656 0x000002dd07bc4b10 code [0x000002dd07bc4ca0, 0x000002dd07bc4d78]
Event: 18.722 Thread 0x000007037f6719b0 2659       3       java.util.RegularEnumSet::contains (57 bytes)
Event: 18.722 Thread 0x000007037f6719b0 nmethod 2659 0x000002dd004bd710 code [0x000002dd004bd8e0, 0x000002dd004bdce8]
Event: 18.728 Thread 0x000007037f663570 nmethod 2657 0x000002dd07bc4e10 code [0x000002dd07bc4fe0, 0x000002dd07bc55f8]
Event: 18.728 Thread 0x000007037f663570 2658       4       sun.java2d.pipe.DrawImage::scaleImage (186 bytes)
Event: 18.733 Thread 0x000007037f663570 nmethod 2658 0x000002dd07bc5c10 code [0x000002dd07bc5de0, 0x000002dd07bc63b8]

GC Heap History (20 events):
Event: 1.088 GC heap before
{Heap before GC invocations=0 (full 0):
 garbage-first heap   total 262144K, used 32768K [0x000002dd7e000000, 0x000006dd7e000000)
  region size 32768K, 1 young (32768K), 0 survivors (0K)
 Metaspace       used 16505K, committed 16768K, reserved 1114112K
  class space    used 1554K, committed 1664K, reserved 1048576K
}
Event: 1.100 GC heap after
{Heap after GC invocations=1 (full 0):
 garbage-first heap   total 262144K, used 6095K [0x000002dd7e000000, 0x000006dd7e000000)
  region size 32768K, 1 young (32768K), 1 survivors (32768K)
 Metaspace       used 16505K, committed 16768K, reserved 1114112K
  class space    used 1554K, committed 1664K, reserved 1048576K
}
Event: 1.261 GC heap before
{Heap before GC invocations=1 (full 0):
 garbage-first heap   total 262144K, used 6095K [0x000002dd7e000000, 0x000006dd7e000000)
  region size 32768K, 2 young (65536K), 1 survivors (32768K)
 Metaspace       used 16531K, committed 16768K, reserved 1114112K
  class space    used 1554K, committed 1664K, reserved 1048576K
}
Event: 1.269 GC heap after
{Heap after GC invocations=2 (full 0):
 garbage-first heap   total 262144K, used 15351K [0x000002dd7e000000, 0x000006dd7e000000)
  region size 32768K, 1 young (32768K), 1 survivors (32768K)
 Metaspace       used 16531K, committed 16768K, reserved 1114112K
  class space    used 1554K, committed 1664K, reserved 1048576K
}
Event: 1.587 GC heap before
{Heap before GC invocations=2 (full 0):
 garbage-first heap   total 262144K, used 48119K [0x000002dd7e000000, 0x000006dd7e000000)
  region size 32768K, 2 young (65536K), 1 survivors (32768K)
 Metaspace       used 16539K, committed 16768K, reserved 1114112K
  class space    used 1554K, committed 1664K, reserved 1048576K
}
Event: 1.597 GC heap after
{Heap after GC invocations=3 (full 0):
 garbage-first heap   total 262144K, used 31111K [0x000002dd7e000000, 0x000006dd7e000000)
  region size 32768K, 1 young (32768K), 1 survivors (32768K)
 Metaspace       used 16539K, committed 16768K, reserved 1114112K
  class space    used 1554K, committed 1664K, reserved 1048576K
}
Event: 1.627 GC heap before
{Heap before GC invocations=3 (full 0):
 garbage-first heap   total 262144K, used 31111K [0x000002dd7e000000, 0x000006dd7e000000)
  region size 32768K, 2 young (65536K), 1 survivors (32768K)
 Metaspace       used 16539K, committed 16768K, reserved 1114112K
  class space    used 1554K, committed 1664K, reserved 1048576K
}
Event: 1.638 GC heap after
{Heap after GC invocations=4 (full 0):
 garbage-first heap   total 262144K, used 47170K [0x000002dd7e000000, 0x000006dd7e000000)
  region size 32768K, 1 young (32768K), 1 survivors (32768K)
 Metaspace       used 16539K, committed 16768K, reserved 1114112K
  class space    used 1554K, committed 1664K, reserved 1048576K
}
Event: 1.786 GC heap before
{Heap before GC invocations=4 (full 0):
 garbage-first heap   total 262144K, used 79938K [0x000002dd7e000000, 0x000006dd7e000000)
  region size 32768K, 2 young (65536K), 1 survivors (32768K)
 Metaspace       used 16892K, committed 17152K, reserved 1114112K
  class space    used 1605K, committed 1728K, reserved 1048576K
}
Event: 1.797 GC heap after
{Heap after GC invocations=5 (full 0):
 garbage-first heap   total 524288K, used 89089K [0x000002dd7e000000, 0x000006dd7e000000)
  region size 32768K, 1 young (32768K), 1 survivors (32768K)
 Metaspace       used 16892K, committed 17152K, reserved 1114112K
  class space    used 1605K, committed 1728K, reserved 1048576K
}
Event: 1.831 GC heap before
{Heap before GC invocations=5 (full 0):
 garbage-first heap   total 524288K, used 89089K [0x000002dd7e000000, 0x000006dd7e000000)
  region size 32768K, 2 young (65536K), 1 survivors (32768K)
 Metaspace       used 16895K, committed 17152K, reserved 1114112K
  class space    used 1605K, committed 1728K, reserved 1048576K
}
Event: 1.846 GC heap after
{Heap after GC invocations=6 (full 0):
 garbage-first heap   total 524288K, used 146864K [0x000002dd7e000000, 0x000006dd7e000000)
  region size 32768K, 1 young (32768K), 1 survivors (32768K)
 Metaspace       used 16895K, committed 17152K, reserved 1114112K
  class space    used 1605K, committed 1728K, reserved 1048576K
}
Event: 1.982 GC heap before
{Heap before GC invocations=6 (full 0):
 garbage-first heap   total 524288K, used 179632K [0x000002dd7e000000, 0x000006dd7e000000)
  region size 32768K, 2 young (65536K), 1 survivors (32768K)
 Metaspace       used 17238K, committed 17472K, reserved 1114112K
  class space    used 1647K, committed 1728K, reserved 1048576K
}
Event: 1.997 GC heap after
{Heap after GC invocations=7 (full 0):
 garbage-first heap   total 524288K, used 159202K [0x000002dd7e000000, 0x000006dd7e000000)
  region size 32768K, 1 young (32768K), 1 survivors (32768K)
 Metaspace       used 17238K, committed 17472K, reserved 1114112K
  class space    used 1647K, committed 1728K, reserved 1048576K
}
Event: 2.394 GC heap before
{Heap before GC invocations=7 (full 0):
 garbage-first heap   total 524288K, used 191970K [0x000002dd7e000000, 0x000006dd7e000000)
  region size 32768K, 2 young (65536K), 1 survivors (32768K)
 Metaspace       used 17276K, committed 17472K, reserved 1114112K
  class space    used 1651K, committed 1728K, reserved 1048576K
}
Event: 2.412 GC heap after
{Heap after GC invocations=8 (full 0):
 garbage-first heap   total 524288K, used 193996K [0x000002dd7e000000, 0x000006dd7e000000)
  region size 32768K, 1 young (32768K), 1 survivors (32768K)
 Metaspace       used 17276K, committed 17472K, reserved 1114112K
  class space    used 1651K, committed 1728K, reserved 1048576K
}
Event: 2.842 GC heap before
{Heap before GC invocations=8 (full 0):
 garbage-first heap   total 524288K, used 226764K [0x000002dd7e000000, 0x000006dd7e000000)
  region size 32768K, 2 young (65536K), 1 survivors (32768K)
 Metaspace       used 18808K, committed 19072K, reserved 1114112K
  class space    used 1865K, committed 1984K, reserved 1048576K
}
Event: 2.860 GC heap after
{Heap after GC invocations=9 (full 0):
 garbage-first heap   total 1081344K, used 225831K [0x000002dd7e000000, 0x000006dd7e000000)
  region size 32768K, 1 young (32768K), 1 survivors (32768K)
 Metaspace       used 18808K, committed 19072K, reserved 1114112K
  class space    used 1865K, committed 1984K, reserved 1048576K
}
Event: 3.848 GC heap before
{Heap before GC invocations=9 (full 0):
 garbage-first heap   total 1081344K, used 225831K [0x000002dd7e000000, 0x000006dd7e000000)
  region size 32768K, 2 young (65536K), 1 survivors (32768K)
 Metaspace       used 21186K, committed 21504K, reserved 1114112K
  class space    used 2199K, committed 2368K, reserved 1048576K
}
Event: 3.858 GC heap after
{Heap after GC invocations=10 (full 0):
 garbage-first heap   total 1081344K, used 230184K [0x000002dd7e000000, 0x000006dd7e000000)
  region size 32768K, 1 young (32768K), 1 survivors (32768K)
 Metaspace       used 21186K, committed 21504K, reserved 1114112K
  class space    used 2199K, committed 2368K, reserved 1048576K
}

Dll operation events (3 events):
Event: 0.007 Loaded shared library C:\Users\bader\.jdks\jbrsdk_jcef-17.0.9\bin\java.dll
Event: 0.092 Loaded shared library C:\Users\bader\.jdks\jbrsdk_jcef-17.0.9\bin\jsvml.dll
Event: 0.194 Loaded shared library C:\Users\bader\.jdks\jbrsdk_jcef-17.0.9\bin\zip.dll

Deoptimization events (20 events):
Event: 16.334 Thread 0x000002dd283d1aa0 DEOPT PACKING pc=0x000002dd00432108 sp=0x000000fbf46ff370
Event: 16.334 Thread 0x000002dd283d1aa0 DEOPT UNPACKING pc=0x000002dd07587143 sp=0x000000fbf46fe890 mode 0
Event: 16.663 Thread 0x000002dd283d3900 Uncommon trap: trap_request=0xffffffc6 fr.pc=0x000002dd07b100cc relative=0x000000000000020c
Event: 16.663 Thread 0x000002dd283d3900 Uncommon trap: reason=bimorphic_or_optimized_type_check action=maybe_recompile pc=0x000002dd07b100cc method=java.util.regex.Pattern$BmpCharProperty.match(Ljava/util/regex/Matcher;ILjava/lang/CharSequence;)Z @ 36 c2
Event: 16.663 Thread 0x000002dd283d3900 DEOPT PACKING pc=0x000002dd07b100cc sp=0x000000fbf45feba0
Event: 16.663 Thread 0x000002dd283d3900 DEOPT UNPACKING pc=0x000002dd075869a3 sp=0x000000fbf45feb28 mode 2
Event: 16.663 Thread 0x000002dd283d3900 Uncommon trap: trap_request=0xffffffc6 fr.pc=0x000002dd07b100cc relative=0x000000000000020c
Event: 16.663 Thread 0x000002dd283d3900 Uncommon trap: reason=bimorphic_or_optimized_type_check action=maybe_recompile pc=0x000002dd07b100cc method=java.util.regex.Pattern$BmpCharProperty.match(Ljava/util/regex/Matcher;ILjava/lang/CharSequence;)Z @ 36 c2
Event: 16.663 Thread 0x000002dd283d3900 DEOPT PACKING pc=0x000002dd07b100cc sp=0x000000fbf45fe7a0
Event: 16.663 Thread 0x000002dd283d3900 DEOPT UNPACKING pc=0x000002dd075869a3 sp=0x000000fbf45fe728 mode 2
Event: 16.663 Thread 0x000002dd283d3900 Uncommon trap: trap_request=0xffffffc6 fr.pc=0x000002dd07b100cc relative=0x000000000000020c
Event: 16.663 Thread 0x000002dd283d3900 Uncommon trap: reason=bimorphic_or_optimized_type_check action=maybe_recompile pc=0x000002dd07b100cc method=java.util.regex.Pattern$BmpCharProperty.match(Ljava/util/regex/Matcher;ILjava/lang/CharSequence;)Z @ 36 c2
Event: 16.663 Thread 0x000002dd283d3900 DEOPT PACKING pc=0x000002dd07b100cc sp=0x000000fbf45fe520
Event: 16.663 Thread 0x000002dd283d3900 DEOPT UNPACKING pc=0x000002dd075869a3 sp=0x000000fbf45fe4a8 mode 2
Event: 16.666 Thread 0x000002dd283d3900 Uncommon trap: trap_request=0xffffffc6 fr.pc=0x000002dd07b100cc relative=0x000000000000020c
Event: 16.666 Thread 0x000002dd283d3900 Uncommon trap: reason=bimorphic_or_optimized_type_check action=maybe_recompile pc=0x000002dd07b100cc method=java.util.regex.Pattern$BmpCharProperty.match(Ljava/util/regex/Matcher;ILjava/lang/CharSequence;)Z @ 36 c2
Event: 16.666 Thread 0x000002dd283d3900 DEOPT PACKING pc=0x000002dd07b100cc sp=0x000000fbf45feba0
Event: 16.666 Thread 0x000002dd283d3900 DEOPT UNPACKING pc=0x000002dd075869a3 sp=0x000000fbf45feb28 mode 2
Event: 16.739 Thread 0x000002dd283d3900 DEOPT PACKING pc=0x000002dd004692c5 sp=0x000000fbf45ff070
Event: 16.739 Thread 0x000002dd283d3900 DEOPT UNPACKING pc=0x000002dd07587143 sp=0x000000fbf45fe580 mode 0

Classes unloaded (0 events):
No events

Classes redefined (0 events):
No events

Internal exceptions (20 events):
Event: 1.016 Thread 0x000002dd79b0e0d0 Exception <a 'java/lang/NoSuchMethodError'{0x000002dd8d73f220}: 'int java.lang.invoke.DirectMethodHandle$Holder.invokeStaticInit(java.lang.Object, java.lang.Object, java.lang.Object)'> (0x000002dd8d73f220) 
thrown [s\src\hotspot\share\interpreter\linkResolver.cpp, line 771]
Event: 1.016 Thread 0x000002dd79b0e0d0 Exception <a 'java/lang/NoSuchMethodError'{0x000002dd8d7439c0}: 'int java.lang.invoke.DirectMethodHandle$Holder.invokeStaticInit(java.lang.Object, int, int)'> (0x000002dd8d7439c0) 
thrown [s\src\hotspot\share\interpreter\linkResolver.cpp, line 771]
Event: 1.017 Thread 0x000002dd79b0e0d0 Exception <a 'java/lang/NoSuchMethodError'{0x000002dd8d74d4e8}: 'int java.lang.invoke.DirectMethodHandle$Holder.invokeStaticInit(java.lang.Object, long, long)'> (0x000002dd8d74d4e8) 
thrown [s\src\hotspot\share\interpreter\linkResolver.cpp, line 771]
Event: 1.018 Thread 0x000002dd79b0e0d0 Exception <a 'java/lang/NoSuchMethodError'{0x000002dd8d7561d0}: 'int java.lang.invoke.DirectMethodHandle$Holder.invokeStaticInit(java.lang.Object, float, float)'> (0x000002dd8d7561d0) 
thrown [s\src\hotspot\share\interpreter\linkResolver.cpp, line 771]
Event: 1.018 Thread 0x000002dd79b0e0d0 Exception <a 'java/lang/NoSuchMethodError'{0x000002dd8d75eec0}: 'int java.lang.invoke.DirectMethodHandle$Holder.invokeStaticInit(java.lang.Object, double, double)'> (0x000002dd8d75eec0) 
thrown [s\src\hotspot\share\interpreter\linkResolver.cpp, line 771]
Event: 1.019 Thread 0x000002dd79b0e0d0 Exception <a 'java/lang/NoSuchMethodError'{0x000002dd8d764990}: 'int java.lang.invoke.DirectMethodHandle$Holder.invokeStatic(java.lang.Object, long)'> (0x000002dd8d764990) 
thrown [s\src\hotspot\share\interpreter\linkResolver.cpp, line 771]
Event: 1.025 Thread 0x000002dd79b0e0d0 Exception <a 'java/lang/NoSuchMethodError'{0x000002dd8d7936f0}: 'int java.lang.invoke.Invokers$Holder.linkToTargetMethod(java.lang.Object, java.lang.Object)'> (0x000002dd8d7936f0) 
thrown [s\src\hotspot\share\interpreter\linkResolver.cpp, line 771]
Event: 2.238 Thread 0x000002dd79b0e0d0 Exception <a 'java/lang/NoSuchMethodError'{0x000002dd9d0fa058}: 'void java.lang.invoke.DirectMethodHandle$Holder.invokeSpecial(java.lang.Object, java.lang.Object, java.lang.Object)'> (0x000002dd9d0fa058) 
thrown [s\src\hotspot\share\interpreter\linkResolver.cpp, line 771]
Event: 2.778 Thread 0x000002dd79b0e0d0 Exception <a 'java/lang/NoSuchMethodError'{0x000002dd9ddac888}: 'void java.lang.invoke.DirectMethodHandle$Holder.invokeStaticInit(java.lang.Object)'> (0x000002dd9ddac888) 
thrown [s\src\hotspot\share\interpreter\linkResolver.cpp, line 771]
Event: 2.806 Thread 0x000002dd283cfc40 Exception <a 'java/lang/NoSuchMethodError'{0x000002dd9de4a2e8}: 'java.lang.Object java.lang.invoke.DirectMethodHandle$Holder.newInvokeSpecial(java.lang.Object, java.lang.Object, java.lang.Object, java.lang.Object, java.lang.Object)'> (0x000002dd9de4a2e8) 
thrown [s\src\hotspot\share\interpreter\linkResolver.cpp, line 771]
Event: 2.810 Thread 0x000002dd283cfc40 Exception <a 'java/lang/NoSuchMethodError'{0x000002dd9de58bb8}: 'java.lang.Object java.lang.invoke.DirectMethodHandle$Holder.invokeStatic(java.lang.Object, int, java.lang.Object, java.lang.Object, java.lang.Object, java.lang.Object)'> (0x000002dd9de58bb8) 
thrown [s\src\hotspot\share\interpreter\linkResolver.cpp, line 771]
Event: 2.872 Thread 0x000002dd283cfc40 Exception <a 'java/lang/ClassNotFoundException'{0x000002ddbe031df0}: com/sun/swing/internal/plaf/metal/resources/spi/metalProvider> (0x000002ddbe031df0) 
thrown [s\src\hotspot\share\classfile\systemDictionary.cpp, line 256]
Event: 2.872 Thread 0x000002dd283cfc40 Exception <a 'java/lang/ClassNotFoundException'{0x000002ddbe037d48}: com/sun/swing/internal/plaf/basic/resources/spi/basicProvider> (0x000002ddbe037d48) 
thrown [s\src\hotspot\share\classfile\systemDictionary.cpp, line 256]
Event: 2.875 Thread 0x000002dd283cfc40 Exception <a 'java/lang/NoSuchMethodError'{0x000002ddbe05c100}: 'java.lang.Object java.lang.invoke.Invokers$Holder.linkToTargetMethod(java.lang.Object, int, java.lang.Object, java.lang.Object, java.lang.Object)'> (0x000002ddbe05c100) 
thrown [s\src\hotspot\share\interpreter\linkResolver.cpp, line 771]
Event: 2.907 Thread 0x000002dd27d90500 Exception <a 'java/lang/NoSuchMethodError'{0x000002ddbe0d3f88}: 'void java.lang.invoke.DirectMethodHandle$Holder.invokeVirtual(java.lang.Object, java.lang.Object)'> (0x000002ddbe0d3f88) 
thrown [s\src\hotspot\share\interpreter\linkResolver.cpp, line 771]
Event: 2.927 Thread 0x000002dd283cfc40 Exception <a 'java/lang/NoSuchMethodError'{0x000002ddbe1a39b0}: 'java.lang.Object java.lang.invoke.DirectMethodHandle$Holder.newInvokeSpecial(java.lang.Object, java.lang.Object, int, int, int, int)'> (0x000002ddbe1a39b0) 
thrown [s\src\hotspot\share\interpreter\linkResolver.cpp, line 771]
Event: 2.930 Thread 0x000002dd283cfc40 Exception <a 'java/lang/NoSuchMethodError'{0x000002ddbe1b5700}: 'void java.lang.invoke.DirectMethodHandle$Holder.invokeSpecial(java.lang.Object, java.lang.Object, int, int)'> (0x000002ddbe1b5700) 
thrown [s\src\hotspot\share\interpreter\linkResolver.cpp, line 771]
Event: 2.930 Thread 0x000002dd283cfc40 Exception <a 'java/lang/NoSuchMethodError'{0x000002ddbe1bd568}: 'java.lang.Object java.lang.invoke.DirectMethodHandle$Holder.newInvokeSpecial(java.lang.Object, java.lang.Object, int, int)'> (0x000002ddbe1bd568) 
thrown [s\src\hotspot\share\interpreter\linkResolver.cpp, line 771]
Event: 3.118 Thread 0x000002dd283cfc40 Exception <a 'java/lang/NoSuchMethodError'{0x000002ddbe3194d0}: 'java.lang.Object java.lang.invoke.Invokers$Holder.invoke_MT(java.lang.Object, java.lang.Object, java.lang.Object)'> (0x000002ddbe3194d0) 
thrown [s\src\hotspot\share\interpreter\linkResolver.cpp, line 771]
Event: 3.120 Thread 0x000002dd283cfc40 Exception <a 'java/lang/NoSuchMethodError'{0x000002ddbe3279e0}: 'int java.lang.invoke.Invokers$Holder.invoke_MT(java.lang.Object, java.lang.Object, java.lang.Object)'> (0x000002ddbe3279e0) 
thrown [s\src\hotspot\share\interpreter\linkResolver.cpp, line 771]

VM Operations (20 events):
Event: 4.924 Executing VM operation: Cleanup
Event: 4.924 Executing VM operation: Cleanup done
Event: 5.932 Executing VM operation: Cleanup
Event: 5.932 Executing VM operation: Cleanup done
Event: 11.988 Executing VM operation: Cleanup
Event: 11.988 Executing VM operation: Cleanup done
Event: 12.993 Executing VM operation: Cleanup
Event: 12.993 Executing VM operation: Cleanup done
Event: 14.009 Executing VM operation: Cleanup
Event: 14.009 Executing VM operation: Cleanup done
Event: 15.023 Executing VM operation: Cleanup
Event: 15.023 Executing VM operation: Cleanup done
Event: 16.038 Executing VM operation: Cleanup
Event: 16.038 Executing VM operation: Cleanup done
Event: 16.238 Executing VM operation: HandshakeAllThreads
Event: 16.238 Executing VM operation: HandshakeAllThreads done
Event: 17.252 Executing VM operation: Cleanup
Event: 17.253 Executing VM operation: Cleanup done
Event: 18.260 Executing VM operation: Cleanup
Event: 18.260 Executing VM operation: Cleanup done

Events (20 events):
Event: 16.664 loading class jdk/internal/math/FormattedFloatingDecimal$1 done
Event: 16.664 loading class jdk/internal/math/FormattedFloatingDecimal$2
Event: 16.664 loading class jdk/internal/math/FormattedFloatingDecimal$2 done
Event: 17.073 loading class java/awt/image/BufferedImageOp
Event: 17.073 loading class java/awt/image/BufferedImageOp done
Event: 17.108 Thread 0x000002dd28115ea0 Thread added: 0x000002dd28115ea0
Event: 17.176 loading class jdk/internal/math/FDBigInteger
Event: 17.176 loading class jdk/internal/math/FDBigInteger done
Event: 17.600 Thread 0x000002dd28115ea0 Thread exited: 0x000002dd28115ea0
Event: 18.703 Thread 0x000002dd283d3e10 Thread added: 0x000002dd283d3e10
Event: 18.703 Thread 0x000002dd283d2ee0 Thread added: 0x000002dd283d2ee0
Event: 18.703 Thread 0x000002dd283d5250 Thread added: 0x000002dd283d5250
Event: 18.703 loading class java/util/WeakHashMap$KeyIterator
Event: 18.703 loading class java/util/WeakHashMap$HashIterator
Event: 18.703 loading class sun/font/SunFontManager$8$1
Event: 18.703 loading class java/util/WeakHashMap$HashIterator done
Event: 18.703 loading class java/util/WeakHashMap$KeyIterator done
Event: 18.703 loading class sun/font/SunFontManager$8$1 done
Event: 18.703 Thread 0x000002dd283d3e10 Thread exited: 0x000002dd283d3e10
Event: 18.706 Thread 0x000002dd283d5250 Thread exited: 0x000002dd283d5250


Dynamic libraries:
0x00007ff7daa20000 - 0x00007ff7daa2a000 	C:\Users\bader\.jdks\jbrsdk_jcef-17.0.9\bin\java.exe
0x00007ffed6e90000 - 0x00007ffed7088000 	C:\Windows\SYSTEM32\ntdll.dll
0x00007ffed4f20000 - 0x00007ffed4fe2000 	C:\Windows\System32\KERNEL32.DLL
0x00007ffed4960000 - 0x00007ffed4c5e000 	C:\Windows\System32\KERNELBASE.dll
0x00007ffed4db0000 - 0x00007ffed4eb0000 	C:\Windows\System32\ucrtbase.dll
0x00007ffecf410000 - 0x00007ffecf427000 	C:\Users\bader\.jdks\jbrsdk_jcef-17.0.9\bin\jli.dll
0x00007ffecf390000 - 0x00007ffecf3ab000 	C:\Users\bader\.jdks\jbrsdk_jcef-17.0.9\bin\VCRUNTIME140.dll
0x00007ffed6bd0000 - 0x00007ffed6d6d000 	C:\Windows\System32\USER32.dll
0x00007ffed4650000 - 0x00007ffed4672000 	C:\Windows\System32\win32u.dll
0x00007ffeba210000 - 0x00007ffeba4aa000 	C:\Windows\WinSxS\amd64_microsoft.windows.common-controls_6595b64144ccf1df_6.0.19041.4355_none_60b8b9eb71f62e16\COMCTL32.dll
0x00007ffed61a0000 - 0x00007ffed61cb000 	C:\Windows\System32\GDI32.dll
0x00007ffed67d0000 - 0x00007ffed686e000 	C:\Windows\System32\msvcrt.dll
0x00007ffed4530000 - 0x00007ffed4647000 	C:\Windows\System32\gdi32full.dll
0x00007ffed4d10000 - 0x00007ffed4dad000 	C:\Windows\System32\msvcp_win.dll
0x00007ffed6100000 - 0x00007ffed612f000 	C:\Windows\System32\IMM32.DLL
0x00007ffecf570000 - 0x00007ffecf57c000 	C:\Users\bader\.jdks\jbrsdk_jcef-17.0.9\bin\vcruntime140_1.dll
0x00007ffeb93b0000 - 0x00007ffeb943d000 	C:\Users\bader\.jdks\jbrsdk_jcef-17.0.9\bin\msvcp140.dll
0x00007ffe65cf0000 - 0x00007ffe66972000 	C:\Users\bader\.jdks\jbrsdk_jcef-17.0.9\bin\server\jvm.dll
0x00007ffed6d90000 - 0x00007ffed6e41000 	C:\Windows\System32\ADVAPI32.dll
0x00007ffed5e40000 - 0x00007ffed5edf000 	C:\Windows\System32\sechost.dll
0x00007ffed62a0000 - 0x00007ffed63c3000 	C:\Windows\System32\RPCRT4.dll
0x00007ffed4760000 - 0x00007ffed4787000 	C:\Windows\System32\bcrypt.dll
0x00007ffed3a60000 - 0x00007ffed3aab000 	C:\Windows\SYSTEM32\POWRPROF.dll
0x00007ffebb4b0000 - 0x00007ffebb4b9000 	C:\Windows\SYSTEM32\WSOCK32.dll
0x00007ffeb9a40000 - 0x00007ffeb9a67000 	C:\Windows\SYSTEM32\WINMM.dll
0x00007ffed6090000 - 0x00007ffed60fb000 	C:\Windows\System32\WS2_32.dll
0x00007ffecd650000 - 0x00007ffecd65a000 	C:\Windows\SYSTEM32\VERSION.dll
0x00007ffed3930000 - 0x00007ffed3942000 	C:\Windows\SYSTEM32\UMPDC.dll
0x00007ffed23b0000 - 0x00007ffed23c2000 	C:\Windows\SYSTEM32\kernel.appcore.dll
0x00007ffecf3e0000 - 0x00007ffecf3ea000 	C:\Users\bader\.jdks\jbrsdk_jcef-17.0.9\bin\jimage.dll
0x00007ffed1cc0000 - 0x00007ffed1ea4000 	C:\Windows\SYSTEM32\DBGHELP.DLL
0x00007ffec4470000 - 0x00007ffec44a4000 	C:\Windows\SYSTEM32\dbgcore.DLL
0x00007ffed46d0000 - 0x00007ffed4752000 	C:\Windows\System32\bcryptPrimitives.dll
0x00007ffecf400000 - 0x00007ffecf40e000 	C:\Users\bader\.jdks\jbrsdk_jcef-17.0.9\bin\instrument.dll
0x00007ffecd150000 - 0x00007ffecd175000 	C:\Users\bader\.jdks\jbrsdk_jcef-17.0.9\bin\java.dll
0x00007ffecef10000 - 0x00007ffecef28000 	C:\Users\bader\.jdks\jbrsdk_jcef-17.0.9\bin\zip.dll
0x00007ffeabb30000 - 0x00007ffeabc07000 	C:\Users\bader\.jdks\jbrsdk_jcef-17.0.9\bin\jsvml.dll
0x00007ffed4ff0000 - 0x00007ffed575d000 	C:\Windows\System32\SHELL32.dll
0x00007ffed25b0000 - 0x00007ffed2d54000 	C:\Windows\SYSTEM32\windows.storage.dll
0x00007ffed6870000 - 0x00007ffed6bc3000 	C:\Windows\System32\combase.dll
0x00007ffed3f60000 - 0x00007ffed3f8e000 	C:\Windows\SYSTEM32\Wldp.dll
0x00007ffed61d0000 - 0x00007ffed629d000 	C:\Windows\System32\OLEAUT32.dll
0x00007ffed65c0000 - 0x00007ffed666d000 	C:\Windows\System32\SHCORE.dll
0x00007ffed6560000 - 0x00007ffed65b5000 	C:\Windows\System32\shlwapi.dll
0x00007ffed4460000 - 0x00007ffed4484000 	C:\Windows\SYSTEM32\profapi.dll
0x00007ffecc0e0000 - 0x00007ffecc0f9000 	C:\Users\bader\.jdks\jbrsdk_jcef-17.0.9\bin\net.dll
0x00007ffeccc80000 - 0x00007ffeccd8d000 	C:\Windows\SYSTEM32\WINHTTP.dll
0x00007ffed3cc0000 - 0x00007ffed3d2a000 	C:\Windows\system32\mswsock.dll
0x00007ffecc090000 - 0x00007ffecc0a6000 	C:\Users\bader\.jdks\jbrsdk_jcef-17.0.9\bin\nio.dll
0x00007ffecbf60000 - 0x00007ffecbf7a000 	C:\Program Files\JetBrains\IntelliJ IDEA Community Edition 2023.3.6\bin\breakgen64.dll
0x00007ffeb85b0000 - 0x00007ffeb874a000 	C:\Users\bader\.jdks\jbrsdk_jcef-17.0.9\bin\awt.dll
0x00007ffed20b0000 - 0x00007ffed20df000 	C:\Windows\SYSTEM32\dwmapi.dll
0x00007ffeb45b0000 - 0x00007ffeb45f4000 	C:\Users\bader\.jdks\jbrsdk_jcef-17.0.9\bin\nvdaControllerClient64.dll
0x00007ffecf1c0000 - 0x00007ffecf254000 	C:\Windows\SYSTEM32\apphelp.dll
0x00007ffeb81e0000 - 0x00007ffeb8308000 	C:\Windows\system32\opengl32.dll
0x00007ffeb7c60000 - 0x00007ffeb7c8c000 	C:\Windows\SYSTEM32\GLU32.dll
0x00007ffed1090000 - 0x00007ffed112e000 	C:\Windows\system32\uxtheme.dll
0x00007ffed5bd0000 - 0x00007ffed5ce5000 	C:\Windows\System32\MSCTF.dll
0x00007ffed5cf0000 - 0x00007ffed5d99000 	C:\Windows\System32\clbcatq.dll
0x00007ffe287a0000 - 0x00007ffe2976a000 	C:\Windows\System32\DriverStore\FileRepository\iigd_dch.inf_amd64_5d54dd32fa1ef4d4\ig9icd64.dll
0x00007ffed6430000 - 0x00007ffed655b000 	C:\Windows\System32\ole32.dll
0x00007ffed2dc0000 - 0x00007ffed2eb6000 	C:\Windows\system32\dxgi.dll
0x00007ffec7a80000 - 0x00007ffec7cbf000 	C:\Windows\System32\DriverStore\FileRepository\iigd_dch.inf_amd64_5d54dd32fa1ef4d4\igdgmm64.dll
0x00007ffec4eb0000 - 0x00007ffec7a79000 	C:\Windows\System32\DriverStore\FileRepository\iigd_dch.inf_amd64_5d54dd32fa1ef4d4\igc64.dll
0x00007ffe62d20000 - 0x00007ffe6312c000 	C:\Windows\System32\DriverStore\FileRepository\iigd_dch.inf_amd64_5d54dd32fa1ef4d4\igdml64.dll
0x00007ffed3ec0000 - 0x00007ffed3ed8000 	C:\Windows\SYSTEM32\CRYPTSP.dll
0x00007ffed3570000 - 0x00007ffed35a4000 	C:\Windows\system32\rsaenh.dll
0x00007ffed4420000 - 0x00007ffed444e000 	C:\Windows\SYSTEM32\USERENV.dll
0x00007ffed3eb0000 - 0x00007ffed3ebc000 	C:\Windows\SYSTEM32\CRYPTBASE.dll
0x00007ffed3950000 - 0x00007ffed398b000 	C:\Windows\SYSTEM32\IPHLPAPI.DLL
0x00007ffed5e30000 - 0x00007ffed5e38000 	C:\Windows\System32\NSI.dll
0x00007ffecc960000 - 0x00007ffecc977000 	C:\Windows\SYSTEM32\dhcpcsvc6.DLL
0x00007ffeccbf0000 - 0x00007ffeccc0d000 	C:\Windows\SYSTEM32\dhcpcsvc.DLL
0x00007ffed3990000 - 0x00007ffed3a5a000 	C:\Windows\SYSTEM32\DNSAPI.dll
0x00007ffeabd00000 - 0x00007ffeabd87000 	C:\Users\bader\.jdks\jbrsdk_jcef-17.0.9\bin\freetype.dll
0x00007ffea8900000 - 0x00007ffea89d7000 	C:\Users\bader\.jdks\jbrsdk_jcef-17.0.9\bin\fontmanager.dll
0x00007ffec3ef0000 - 0x00007ffec3f02000 	C:\Users\bader\.jdks\jbrsdk_jcef-17.0.9\bin\jsound.dll
0x00007ffeaa9b0000 - 0x00007ffeaaa4c000 	C:\Windows\SYSTEM32\DSOUND.dll
0x00007ffec02f0000 - 0x00007ffec0316000 	C:\Windows\SYSTEM32\winmmbase.dll
0x00007ffecce00000 - 0x00007ffecce85000 	C:\Windows\System32\MMDevApi.dll
0x00007ffed42c0000 - 0x00007ffed42f3000 	C:\Windows\System32\DEVOBJ.dll
0x00007ffed4680000 - 0x00007ffed46ce000 	C:\Windows\System32\cfgmgr32.dll
0x00007ffeb5080000 - 0x00007ffeb50c6000 	C:\Windows\SYSTEM32\wdmaud.drv
0x00007ffeced00000 - 0x00007ffeced0a000 	C:\Windows\SYSTEM32\AVRT.dll
0x00007ffecf4e0000 - 0x00007ffecf4e9000 	C:\Windows\SYSTEM32\ksuser.dll
0x00007ffecce90000 - 0x00007ffecd011000 	C:\Windows\SYSTEM32\AUDIOSES.DLL
0x00007ffeb5070000 - 0x00007ffeb507d000 	C:\Windows\SYSTEM32\msacm32.drv
0x00007ffeb5050000 - 0x00007ffeb506e000 	C:\Windows\SYSTEM32\MSACM32.dll
0x00007ffeb5040000 - 0x00007ffeb504b000 	C:\Windows\SYSTEM32\midimap.dll
0x00007ffed1fb0000 - 0x00007ffed1fc4000 	C:\Windows\SYSTEM32\resourcepolicyclient.dll
0x00007ffeb1a60000 - 0x00007ffeb1c05000 	C:\Windows\WinSxS\amd64_microsoft.windows.gdiplus_6595b64144ccf1df_1.1.19041.4597_none_91a78020cc854124\gdiplus.dll
0x00007ffebfdd0000 - 0x00007ffebfec9000 	C:\Windows\SYSTEM32\textinputframework.dll
0x00007ffece6e0000 - 0x00007ffecea3b000 	C:\Windows\System32\CoreUIComponents.dll
0x00007ffecea50000 - 0x00007ffeceb42000 	C:\Windows\System32\CoreMessaging.dll
0x00007ffed37c0000 - 0x00007ffed37f3000 	C:\Windows\SYSTEM32\ntmarta.dll
0x00007ffed12c0000 - 0x00007ffed1417000 	C:\Windows\SYSTEM32\wintypes.dll
0x00007ffeb7e70000 - 0x00007ffeb8165000 	C:\Windows\System32\uiautomationcore.dll
0x00007ffed1880000 - 0x00007ffed1976000 	C:\Windows\System32\PROPSYS.dll
0x00007ffeb8170000 - 0x00007ffeb81d6000 	C:\Windows\System32\OLEACC.dll
0x00007ffecf3f0000 - 0x00007ffecf3f9000 	C:\Users\bader\.jdks\jbrsdk_jcef-17.0.9\bin\management.dll
0x00007ffecbf50000 - 0x00007ffecbf5b000 	C:\Users\bader\.jdks\jbrsdk_jcef-17.0.9\bin\management_ext.dll
0x00007ffed4f10000 - 0x00007ffed4f18000 	C:\Windows\System32\PSAPI.DLL
0x00007ffebb3a0000 - 0x00007ffebb3f1000 	C:\Windows\SYSTEM32\pdh.dll
0x00007ffeb9a00000 - 0x00007ffeb9a0f000 	C:\Windows\System32\perfproc.dll
0x00007ffed0e20000 - 0x00007ffed0e2f000 	C:\Windows\System32\perfos.dll
0x00007ffebfed0000 - 0x00007ffec000f000 	C:\Windows\System32\Windows.UI.dll
0x00007ffecbdf0000 - 0x00007ffecbe91000 	C:\Windows\System32\WindowManagementAPI.dll
0x00007ffebfc70000 - 0x00007ffebfdc2000 	C:\Windows\System32\InputHost.dll
0x00007ffecb4a0000 - 0x00007ffecb6a3000 	C:\Windows\SYSTEM32\twinapi.appcore.dll

dbghelp: loaded successfully - version: 4.0.5 - missing functions: none
symbol engine: initialized successfully - sym options: 0x614 - pdb path: .;C:\Users\bader\.jdks\jbrsdk_jcef-17.0.9\bin;C:\Windows\SYSTEM32;C:\Windows\WinSxS\amd64_microsoft.windows.common-controls_6595b64144ccf1df_6.0.19041.4355_none_60b8b9eb71f62e16;C:\Users\bader\.jdks\jbrsdk_jcef-17.0.9\bin\server;C:\Program Files\JetBrains\IntelliJ IDEA Community Edition 2023.3.6\bin;C:\Windows\System32\DriverStore\FileRepository\iigd_dch.inf_amd64_5d54dd32fa1ef4d4;C:\Windows\WinSxS\amd64_microsoft.windows.gdiplus_6595b64144ccf1df_1.1.19041.4597_none_91a78020cc854124

VM Arguments:
jvm_args: -Xmx3072g -Xmx4096g -Dsun.java2d.opengl=true -XX:ErrorFile=logs/hs_err_pid%p.log -javaagent:C:\Program Files\JetBrains\IntelliJ IDEA Community Edition 2023.3.6\lib\idea_rt.jar=61734:C:\Program Files\JetBrains\IntelliJ IDEA Community Edition 2023.3.6\bin -Dfile.encoding=UTF-8 
java_command: net.sendback.Main
java_class_path (initial): C:\Users\bader\OneDrive\Bureau\Idea\GTS_PRojekt\target\classes
Launcher Type: SUN_STANDARD

[Global flags]
     intx CICompilerCount                          = 4                                         {product} {ergonomic}
     uint ConcGCThreads                            = 3                                         {product} {ergonomic}
    ccstr ErrorFile                                = logs/hs_err_pid%p.log                     {product} {command line}
     uint G1ConcRefinementThreads                  = 10                                        {product} {ergonomic}
   size_t G1HeapRegionSize                         = 33554432                                  {product} {ergonomic}
    uintx GCDrainStackTargetSize                   = 64                                        {product} {ergonomic}
   size_t InitialHeapSize                          = 268435456                                 {product} {ergonomic}
   size_t MarkStackSize                            = 4194304                                   {product} {ergonomic}
   size_t MaxHeapSize                              = 4398046511104                             {product} {command line}
   size_t MaxNewSize                               = 2638821195776                             {product} {ergonomic}
   size_t MinHeapDeltaBytes                        = 33554432                                  {product} {ergonomic}
   size_t MinHeapSize                              = 33554432                                  {product} {ergonomic}
    uintx NonNMethodCodeHeapSize                   = 5839372                                {pd product} {ergonomic}
    uintx NonProfiledCodeHeapSize                  = 122909434                              {pd product} {ergonomic}
    uintx ProfiledCodeHeapSize                     = 122909434                              {pd product} {ergonomic}
    uintx ReservedCodeCacheSize                    = 251658240                              {pd product} {ergonomic}
     bool SegmentedCodeCache                       = true                                      {product} {ergonomic}
   size_t SoftMaxHeapSize                          = 4398046511104                          {manageable} {ergonomic}
     bool UseCompressedClassPointers               = true                           {product lp64_product} {ergonomic}
     bool UseG1GC                                  = true                                      {product} {ergonomic}
     bool UseLargePagesIndividualAllocation        = false                                  {pd product} {ergonomic}

Logging:
Log output configuration:
 #0: stdout all=warning uptime,level,tags
 #1: stderr all=off uptime,level,tags

Environment Variables:
PATH=C:\Program Files\Common Files\Oracle\Java\javapath;C:\Windows\system32;C:\Windows;C:\Windows\System32\Wbem;C:\Windows\System32\WindowsPowerShell\v1.0\;C:\Windows\System32\OpenSSH\;C:\Program Files (x86)\NVIDIA Corporation\PhysX\Common;C:\Program Files\dotnet\;C:\Users\bader\AppData\Local\Microsoft\WindowsApps;C:\Users\bader\AppData\Local\GitHubDesktop\bin
USERNAME=bader
OS=Windows_NT
PROCESSOR_IDENTIFIER=Intel64 Family 6 Model 158 Stepping 10, GenuineIntel
TMP=C:\Users\bader\AppData\Local\Temp
TEMP=C:\Users\bader\AppData\Local\Temp



Periodic native trim disabled

JNI global refs:
JNI global refs: 139, weak refs: 148

JNI global refs memory usage: 2107, weak refs: 2105

OOME stack traces (most recent first):
Classloader memory used:
Loader bootstrap                                                                       : 2792K
Loader jdk.internal.loader.ClassLoaders$AppClassLoader                                 : 30805B
Loader jdk.internal.reflect.DelegatingClassLoader                                      : 5306B
Loader jdk.internal.loader.ClassLoaders$PlatformClassLoader                            : 2693B


---------------  S Y S T E M  ---------------

OS:
 Windows 10 , 64 bit Build 19041 (10.0.19041.5072)
OS uptime: 10 days 6:50 hours

CPU: total 12 (initial active 12) (6 cores per cpu, 2 threads per core) family 6 model 158 stepping 10 microcode 0xf0, cx8, cmov, fxsr, ht, mmx, 3dnowpref, sse, sse2, sse3, ssse3, sse4.1, sse4.2, popcnt, lzcnt, tsc, tscinvbit, avx, avx2, aes, erms, clmul, bmi1, bmi2, adx, fma, vzeroupper, clflush, clflushopt
Processor Information for all 12 processors :
  Max Mhz: 2592, Current Mhz: 2592, Mhz Limit: 2592

Memory: 4k page, system-wide physical 16254M (3412M free)
TotalPageFile size 19975M (AvailPageFile size 2115M)
current process WorkingSet (physical memory assigned to process): 746M, peak: 765M
current process commit charge ("private bytes"): 1433M, peak: 1515M

vm_info: OpenJDK 64-Bit Server VM (17.0.9+8-b1166.2) for windows-amd64 JRE (17.0.9+8-b1166.2), built on 2024-01-13 by "builduser" with MS VC++ 16.10 / 16.11 (VS2019)

END.
