#
# A fatal error has been detected by the Java Runtime Environment:
#
#  EXCEPTION_ACCESS_VIOLATION (0xc0000005) at pc=0x00007ffe45df3c53, pid=9428, tid=18464
#
# JRE version: OpenJDK Runtime Environment JBR-17.0.9+8-1166.2-jcef (17.0.9+8) (build 17.0.9+8-b1166.2)
# Java VM: OpenJDK 64-Bit Server VM JBR-17.0.9+8-1166.2-jcef (17.0.9+8-b1166.2, mixed mode, tiered, compressed class ptrs, g1 gc, windows-amd64)
# Problematic frame:
# C  [ig9icd64.dll+0x9c3c53]
#
# No core dump will be written. Minidumps are not enabled by default on client versions of Windows
#
# If you would like to submit a bug report, please visit:
#   https://youtrack.jetbrains.com/issues/JBR
# The crash happened outside the Java Virtual Machine in native code.
# See problematic frame for where to report the bug.
#

---------------  S U M M A R Y ------------

Command Line: -Xmx3072g -Xmx4096g -Dsun.java2d.opengl=true -XX:ErrorFile=logs/hs_err_pid%p.log -javaagent:C:\Program Files\JetBrains\IntelliJ IDEA Community Edition 2023.3.6\lib\idea_rt.jar=52688:C:\Program Files\JetBrains\IntelliJ IDEA Community Edition 2023.3.6\bin -Dfile.encoding=UTF-8 net.sendback.Main

Host: Intel(R) Core(TM) i7-9750H CPU @ 2.60GHz, 12 cores, 15G,  Windows 10 , 64 bit Build 19041 (10.0.19041.5072)
Time: Fri Nov  8 16:54:07 2024 Mitteleuropäische Zeit elapsed time: 31.709937 seconds (0d 0h 0m 31s)

---------------  T H R E A D  ---------------

Current thread (0x000005ed4e385150):  JavaThread "Java2D Queue Flusher" daemon [_thread_in_native, id=18464, stack(0x000000bedb200000,0x000000bedb300000)]

Stack: [0x000000bedb200000,0x000000bedb300000],  sp=0x000000bedb2feb38,  free space=1018k
Native frames: (J=compiled Java code, j=interpreted, Vv=VM code, C=native code)
C  [ig9icd64.dll+0x9c3c53]

Java frames: (J=compiled Java code, j=interpreted, Vv=VM code)
J 2490  sun.java2d.opengl.OGLRenderQueue.flushBuffer(JI)V java.desktop (0 bytes) @ 0x000001c732239f5b [0x000001c732239f20+0x000000000000003b]
J 2487 c1 sun.java2d.opengl.OGLRenderQueue.flushBuffer()V java.desktop (41 bytes) @ 0x000001c72ab25f04 [0x000001c72ab25de0+0x0000000000000124]
j  sun.java2d.opengl.OGLRenderQueue$QueueFlusher.run()V+81 java.desktop
j  java.lang.Thread.run()V+11 java.base@17.0.9
v  ~StubRoutines::call_stub

siginfo: EXCEPTION_ACCESS_VIOLATION (0xc0000005), reading address 0xffffffffffffffff


Registers:
RAX=0x000000000fff0fff, RBX=0x00007ffe45430000, RCX=0x000000033fcf3fcc, RDX=0x000000bedb2ff050
RSP=0x000000bedb2feb38, RBP=0x000000bedb2fec40, RSI=0x000005ed54574b40, RDI=0x000000bedb2fee40
R8 =0x000000bedb2fec70, R9 =0x000000bedb2ff050, R10=0x000000bedb2fee40, R11=0x0000000000000000
R12=0x00007ffe4625a420, R13=0x0000000000000000, R14=0x0000000000000000, R15=0x00000000000001c1
RIP=0x00007ffe45df3c53, EFLAGS=0x0000000000010206


Register to memory mapping:

RIP=0x00007ffe45df3c53 ig9icd64.dll
RAX=0x000000000fff0fff is an unknown value
RBX=0x00007ffe45430000 ig9icd64.dll
RCX=0x000000033fcf3fcc is an unknown value
RDX=0x000000bedb2ff050 is pointing into the stack for thread: 0x000005ed4e385150
RSP=0x000000bedb2feb38 is pointing into the stack for thread: 0x000005ed4e385150
RBP=0x000000bedb2fec40 is pointing into the stack for thread: 0x000005ed4e385150
RSI=0x000005ed54574b40 points into unknown readable memory: 0x000005ed4e3c9fc0 | c0 9f 3c 4e ed 05 00 00
RDI=0x000000bedb2fee40 is pointing into the stack for thread: 0x000005ed4e385150
R8 =0x000000bedb2fec70 is pointing into the stack for thread: 0x000005ed4e385150
R9 =0x000000bedb2ff050 is pointing into the stack for thread: 0x000005ed4e385150
R10=0x000000bedb2fee40 is pointing into the stack for thread: 0x000005ed4e385150
R11=0x0 is NULL
R12=0x00007ffe4625a420 ig9icd64.dll
R13=0x0 is NULL
R14=0x0 is NULL
R15=0x00000000000001c1 is an unknown value


Top of Stack: (sp=0x000000bedb2feb38)
0x000000bedb2feb38:   00007ffe45df138b 0000000000000001
0x000000bedb2feb48:   0000000000000000 000005ed54bc3f00
0x000000bedb2feb58:   00007ffec7a82572 000000be00000065
0x000000bedb2feb68:   000000bedb2fed70 0000000000000000
0x000000bedb2feb78:   000005ed55025dc0 0000000000000000
0x000000bedb2feb88:   000005ed54a51820 000005ed54bc3f50
0x000000bedb2feb98:   0000000000000fb0 0000000000000000
0x000000bedb2feba8:   0000000000000000 000000bedb2fed20
0x000000bedb2febb8:   00007ffe45a89070 0000000000000000
0x000000bedb2febc8:   0000000000000000 0000000000000000
0x000000bedb2febd8:   0000000000000000 0000f17225e86955
0x000000bedb2febe8:   00007ffe454464e5 000005ed54bc3f50
0x000000bedb2febf8:   0000000000004001 0000000000000200
0x000000bedb2fec08:   00007ffed6ebb86b 0000000000070008
0x000000bedb2fec18:   0000000000000076 000005ed54ac5770
0x000000bedb2fec28:   0000000000000000 0000000000000000
0x000000bedb2fec38:   00007ffe45df1c62 0000000000000000
0x000000bedb2fec48:   000001c724822e80 000000bedb2fef40
0x000000bedb2fec58:   000001c724820000 000001c7248202b4
0x000000bedb2fec68:   000005ed55025dc0 00007ffe460ff020
0x000000bedb2fec78:   0000000e00000000 0000001a00000018
0x000000bedb2fec88:   00000fff00000000 437f0000437f0000
0x000000bedb2fec98:   437f0000437f0000 0000ff0000ff0000
0x000000bedb2feca8:   ff000000000000ff 0000000800000010
0x000000bedb2fecb8:   0000001800000000 0000000000000000
0x000000bedb2fecc8:   0000000000000000 0000000000000000
0x000000bedb2fecd8:   0000000000000000 0000000000000000
0x000000bedb2fece8:   0000000000000000 0000000000000000
0x000000bedb2fecf8:   0000000000000000 0000000000000000
0x000000bedb2fed08:   0000000000000000 0000000000000000
0x000000bedb2fed18:   0000000000000000 0000000000000000
0x000000bedb2fed28:   0000000000000000 0000000000000000 

Instructions: (pc=0x00007ffe45df3c53)
0x00007ffe45df3b53:   a1 b6 30 00 48 89 51 08 48 89 01 8b 44 24 28 89
0x00007ffe45df3b63:   41 20 8b 44 24 30 89 41 24 48 8b c1 4c 89 41 10
0x00007ffe45df3b73:   4c 89 49 18 c3 cc cc cc cc cc cc cc cc 48 89 5c
0x00007ffe45df3b83:   24 08 8b 41 5c 48 8d 1d 71 c4 63 ff 41 89 40 08
0x00007ffe45df3b93:   4c 8b d1 8b 41 60 45 33 db 41 89 40 0c 4c 8b ca
0x00007ffe45df3ba3:   8b 41 64 41 89 40 10 8b 41 68 41 89 40 14 8b 41
0x00007ffe45df3bb3:   6c 41 89 40 18 8b 41 70 41 89 40 1c 48 63 41 74
0x00007ffe45df3bc3:   48 6b c8 34 8b 84 19 84 5f ee 00 41 89 40 20 8b
0x00007ffe45df3bd3:   84 19 88 5f ee 00 41 89 40 24 8b 84 19 8c 5f ee
0x00007ffe45df3be3:   00 41 89 40 28 8b 84 19 90 5f ee 00 41 89 40 2c
0x00007ffe45df3bf3:   8b 84 19 74 5f ee 00 41 89 40 30 8b 84 19 78 5f
0x00007ffe45df3c03:   ee 00 41 89 40 34 8b 84 19 7c 5f ee 00 41 89 40
0x00007ffe45df3c13:   38 8b 84 19 80 5f ee 00 41 89 40 3c 8b 84 19 64
0x00007ffe45df3c23:   5f ee 00 41 89 40 40 8b 84 19 68 5f ee 00 41 89
0x00007ffe45df3c33:   40 44 8b 84 19 6c 5f ee 00 41 89 40 48 8b 84 19
0x00007ffe45df3c43:   70 5f ee 00 41 89 40 4c 49 63 42 78 48 6b c8 34
0x00007ffe45df3c53:   8b 84 19 84 5f ee 00 41 89 40 50 8b 84 19 88 5f
0x00007ffe45df3c63:   ee 00 41 89 40 54 8b 84 19 8c 5f ee 00 41 89 40
0x00007ffe45df3c73:   58 8b 84 19 90 5f ee 00 41 89 40 5c 8b 84 19 74
0x00007ffe45df3c83:   5f ee 00 41 89 40 60 8b 84 19 78 5f ee 00 41 89
0x00007ffe45df3c93:   40 64 8b 84 19 7c 5f ee 00 41 89 40 68 8b 84 19
0x00007ffe45df3ca3:   80 5f ee 00 41 89 40 6c 8b 84 19 64 5f ee 00 41
0x00007ffe45df3cb3:   89 40 70 8b 84 19 68 5f ee 00 41 89 40 74 8b 84
0x00007ffe45df3cc3:   19 6c 5f ee 00 41 89 40 78 8b 84 19 70 5f ee 00
0x00007ffe45df3cd3:   41 89 40 7c 48 8b 42 18 8b 88 38 0b 00 00 f6 c1
0x00007ffe45df3ce3:   08 0f 84 86 00 00 00 8b 80 3c 0b 00 00 41 89 80
0x00007ffe45df3cf3:   80 00 00 00 48 8b 42 18 8b 88 40 0b 00 00 41 89
0x00007ffe45df3d03:   88 84 00 00 00 48 8b 42 18 8b 88 44 0b 00 00 41
0x00007ffe45df3d13:   89 88 88 00 00 00 48 8b 42 18 8b 88 48 0b 00 00
0x00007ffe45df3d23:   41 89 88 8c 00 00 00 48 8b 42 18 8b 88 4c 0b 00
0x00007ffe45df3d33:   00 41 89 88 90 00 00 00 48 8b 42 18 8b 88 50 0b
0x00007ffe45df3d43:   00 00 41 89 88 94 00 00 00 48 8b 42 18 8b 88 54 


Stack slot to memory mapping:
stack at sp + 0 slots: 0x00007ffe45df138b ig9icd64.dll
stack at sp + 1 slots: 0x0000000000000001 is an unknown value
stack at sp + 2 slots: 0x0 is NULL
stack at sp + 3 slots: 0x000005ed54bc3f00 points into unknown readable memory: 0xffffffffffffffff | ff ff ff ff ff ff ff ff
stack at sp + 4 slots: 0x00007ffec7a82572 igdgmm64.dll
stack at sp + 5 slots: 0x000000be00000065 is an unknown value
stack at sp + 6 slots: 0x000000bedb2fed70 is pointing into the stack for thread: 0x000005ed4e385150
stack at sp + 7 slots: 0x0 is NULL


Compiled method (n/a)   31818 2490     n 0       sun.java2d.opengl.OGLRenderQueue::flushBuffer (native)
 total in heap  [0x000001c732239d90,0x000001c73223a128] = 920
 relocation     [0x000001c732239ee8,0x000001c732239f18] = 48
 main code      [0x000001c732239f20,0x000001c73223a128] = 520

[Constant Pool (empty)]

[MachCode]
[Entry Point]
  # {method} {0x000005ed4aacc550} 'flushBuffer' '(JI)V' in 'sun/java2d/opengl/OGLRenderQueue'
  # this:     rdx:rdx   = 'sun/java2d/opengl/OGLRenderQueue'
  # parm0:    r8:r8     = long
  # parm1:    r9        = int
  #           [sp+0x70]  (sp of caller)
  0x000001c732239f20: 448b 5208 | 493b c20f | 840b 0000 

  0x000001c732239f2c: ;   {runtime_call ic_miss_stub}
  0x000001c732239f2c: 00e9 4e71 | 9eff 660f | 1f44 0000 
[Verified Entry Point]
  0x000001c732239f38: 8984 2400 | 90ff ff55 | 488b ec48 | 83ec 6048 | 8954 2420 | 4883 fa00 | 488d 5424 | 2048 0f44 
  0x000001c732239f58: 5424 20c5 

  0x000001c732239f5c: ;   {internal_word}
  0x000001c732239f5c: f877 49ba | 5b9f 2332 | c701 0000 | 4d89 97a0 | 0200 0049 | 89a7 9802 

  0x000001c732239f74: ;   {external_word}
  0x000001c732239f74: 0000 49ba | 3d29 b36b | fe7f 0000 | 4180 3a00 | 0f84 5200 | 0000 5241 

  0x000001c732239f8c: ;   {metadata({method} {0x000005ed4aacc550} 'flushBuffer' '(JI)V' in 'sun/java2d/opengl/OGLRenderQueue')}
  0x000001c732239f8c: 5041 5148 | ba48 c5ac | 4aed 0500 | 0049 8bcf | 4883 ec20 | f7c4 0f00 | 0000 0f84 | 1a00 0000 
  0x000001c732239fac: 4883 ec08 

  0x000001c732239fb0: ;   {runtime_call SharedRuntime::dtrace_method_entry}
  0x000001c732239fb0: 49ba b0ea | 686b fe7f | 0000 41ff | d248 83c4 | 08e9 0d00 

  0x000001c732239fc4: ;   {runtime_call SharedRuntime::dtrace_method_entry}
  0x000001c732239fc4: 0000 49ba | b0ea 686b | fe7f 0000 | 41ff d248 | 83c4 2041 | 5941 585a | 498d 8fb8 | 0200 0041 
  0x000001c732239fe4: c787 4803 | 0000 0400 

  0x000001c732239fec: ;   {runtime_call}
  0x000001c732239fec: 0000 49ba | 60fd dc82 | fe7f 0000 | 41ff d2c5 | f877 41c7 | 8748 0300 | 0005 0000 | 00f0 8344 
  0x000001c73223a00c: 24c0 0049 | 3baf 5003 | 0000 0f87 | 1100 0000 | 4181 bf38 | 0300 0000 | 0000 000f | 8421 0000 
  0x000001c73223a02c: 00c5 f877 | 498b cf4c | 8be4 4883 | ec20 4883 

  0x000001c73223a03c: ;   {runtime_call JavaThread::check_special_condition_for_native_trans}
  0x000001c73223a03c: e4f0 49ba | f008 796b | fe7f 0000 | 41ff d249 | 8be4 41c7 | 8748 0300 | 0008 0000 | 0041 81bf 
  0x000001c73223a05c: b803 0000 | 0200 0000 | 0f84 9b00 

  0x000001c73223a068: ;   {external_word}
  0x000001c73223a068: 0000 49ba | 3d29 b36b | fe7f 0000 | 4180 3a00 | 0f84 4800 

  0x000001c73223a07c: ;   {metadata({method} {0x000005ed4aacc550} 'flushBuffer' '(JI)V' in 'sun/java2d/opengl/OGLRenderQueue')}
  0x000001c73223a07c: 0000 48ba | 48c5 ac4a | ed05 0000 | 498b cf48 | 83ec 20f7 | c40f 0000 | 000f 841a | 0000 0048 
  0x000001c73223a09c: ;   {runtime_call SharedRuntime::dtrace_method_entry}
  0x000001c73223a09c: 83ec 0849 | bab0 ea68 | 6bfe 7f00 | 0041 ffd2 | 4883 c408 | e90d 0000 

  0x000001c73223a0b4: ;   {runtime_call SharedRuntime::dtrace_method_entry}
  0x000001c73223a0b4: 0049 bab0 | ea68 6bfe | 7f00 0041 | ffd2 4883 | c420 49c7 | 8798 0200 | 0000 0000 | 0049 c787 
  0x000001c73223a0d4: a002 0000 | 0000 0000 | c5f8 7749 | 8b8f d800 | 0000 c781 | 0001 0000 | 0000 0000 | c949 817f 
  0x000001c73223a0f4: 0800 0000 | 000f 8501 | 0000 00c3 

  0x000001c73223a100: ;   {runtime_call StubRoutines (1)}
  0x000001c73223a100: e9fb 6d99 | ffc5 f877 | 4c8b e448 | 83ec 2048 

  0x000001c73223a110: ;   {runtime_call SharedRuntime::reguard_yellow_pages}
  0x000001c73223a110: 83e4 f049 | ba40 1b69 | 6bfe 7f00 | 0041 ffd2 | 498b e4e9 | 42ff ffff 
[/MachCode]


Compiled method (c1)   31938 2487       3       sun.java2d.opengl.OGLRenderQueue::flushBuffer (41 bytes)
 total in heap  [0x000001c72ab25c10,0x000001c72ab26258] = 1608
 relocation     [0x000001c72ab25d68,0x000001c72ab25dd0] = 104
 main code      [0x000001c72ab25de0,0x000001c72ab260c0] = 736
 stub code      [0x000001c72ab260c0,0x000001c72ab26118] = 88
 metadata       [0x000001c72ab26118,0x000001c72ab26140] = 40
 scopes data    [0x000001c72ab26140,0x000001c72ab26190] = 80
 scopes pcs     [0x000001c72ab26190,0x000001c72ab26230] = 160
 dependencies   [0x000001c72ab26230,0x000001c72ab26238] = 8
 nul chk table  [0x000001c72ab26238,0x000001c72ab26258] = 32

[Constant Pool (empty)]

[MachCode]
[Entry Point]
  # {method} {0x000005ed4aacc648} 'flushBuffer' '()V' in 'sun/java2d/opengl/OGLRenderQueue'
  #           [sp+0x70]  (sp of caller)
  0x000001c72ab25de0: 448b 5208 

  0x000001c72ab25de4: ;   {runtime_call ic_miss_stub}
  0x000001c72ab25de4: 4c3b d00f | 8593 b20f | 0766 6666 | 0f1f 8400 | 0000 0000 | 6666 6690 | 0f1f 4000 
[Verified Entry Point]
  0x000001c72ab25e00: 8984 2400 | 90ff ff55 | 4883 ec60 

  0x000001c72ab25e0c: ;   {metadata(method data for {method} {0x000005ed4aacc648} 'flushBuffer' '()V' in 'sun/java2d/opengl/OGLRenderQueue')}
  0x000001c72ab25e0c: 49b8 a06d | 3d4b ed05 | 0000 458b | 88cc 0000 | 0041 83c1 | 0245 8988 | cc00 0000 | 4181 e1fe 
  0x000001c72ab25e2c: 0700 0041 | 83f9 000f | 84d6 0100 | 004c 8b42 | 1049 3b00 

  0x000001c72ab25e40: ;   {metadata(method data for {method} {0x000005ed4aacc648} 'flushBuffer' '()V' in 'sun/java2d/opengl/OGLRenderQueue')}
  0x000001c72ab25e40: 4d8b c848 | bea0 6d3d | 4bed 0500 | 0048 8386 | 1001 0000 

  0x000001c72ab25e54: ;   {metadata(method data for {method} {0x000005ed4aace928} 'position' '()I' in 'sun/java2d/pipe/RenderBuffer')}
  0x000001c72ab25e54: 0149 b9c8 | d584 4aed | 0500 0041 | 8bb1 cc00 | 0000 83c6 | 0241 89b1 | cc00 0000 | 81e6 feff 
  0x000001c72ab25e74: 1f00 83fe | 000f 84b6 | 0100 004d | 8b48 2049 | 8b70 104c | 2bce 458b | c941 83f9 

  0x000001c72ab25e90: ;   {metadata(method data for {method} {0x000005ed4aacc648} 'flushBuffer' '()V' in 'sun/java2d/opengl/OGLRenderQueue')}
  0x000001c72ab25e90: 0048 bfa0 | 6d3d 4bed | 0500 0048 | bb48 0100 | 0000 0000 | 000f 8e0a | 0000 0048 | bb58 0100 
  0x000001c72ab25eb0: 0000 0000 | 0048 8b04 | 1f48 8d40 | 0148 8904 | 1f0f 8e42 

  0x000001c72ab25ec4: ;   {metadata(method data for {method} {0x000005ed4aacc648} 'flushBuffer' '()V' in 'sun/java2d/opengl/OGLRenderQueue')}
  0x000001c72ab25ec4: 0000 0048 | bfa0 6d3d | 4bed 0500 | 0048 8387 | 6801 0000 | 014c 8bc2 

  0x000001c72ab25edc: ;   {metadata(method data for {method} {0x000005ed4aacc648} 'flushBuffer' '()V' in 'sun/java2d/opengl/OGLRenderQueue')}
  0x000001c72ab25edc: 48bf a06d | 3d4b ed05 | 0000 4883 | 87a0 0100 | 0001 4c8b | c648 8bf2 | 488b d648 | 8974 2450 
  0x000001c72ab25efc: ;   {optimized virtual_call}
  0x000001c72ab25efc: 6666 90e8 

  0x000001c72ab25f00: ; ImmutableOopMap {[80]=Oop }
                      ;*invokevirtual flushBuffer {reexecute=0 rethrow=0 return_oop=0}
                      ; - sun.java2d.opengl.OGLRenderQueue::flushBuffer@21 (line 150)
  0x000001c72ab25f00: 3440 7107 | 488b 5424 | 5048 8b72 | 1048 3b06 

  0x000001c72ab25f10: ;   {metadata(method data for {method} {0x000005ed4aacc648} 'flushBuffer' '()V' in 'sun/java2d/opengl/OGLRenderQueue')}
  0x000001c72ab25f10: 488b fe48 | bba0 6d3d | 4bed 0500 | 0048 8383 | d801 0000 

  0x000001c72ab25f24: ;   {metadata(method data for {method} {0x000005ed4aaceaa8} 'clear' '()V' in 'sun/java2d/pipe/RenderBuffer')}
  0x000001c72ab25f24: 0148 bf28 | 703d 4bed | 0500 008b | 9fcc 0000 | 0083 c302 | 899f cc00 | 0000 81e3 | feff 1f00 
  0x000001c72ab25f44: 83fb 000f | 840e 0100 | 0048 8b7e | 1048 897e | 2048 8b52 | 1848 3b02 

  0x000001c72ab25f5c: ;   {metadata(method data for {method} {0x000005ed4aacc648} 'flushBuffer' '()V' in 'sun/java2d/opengl/OGLRenderQueue')}
  0x000001c72ab25f5c: 488b f248 | bfa0 6d3d | 4bed 0500 | 008b 7608 | 483b b720 | 0200 0075 | 0d48 8387 | 2802 0000 
  0x000001c72ab25f7c: 01e9 6600 | 0000 483b | b730 0200 | 0075 0d48 | 8387 3802 | 0000 01e9 | 5000 0000 | 4881 bf20 
  0x000001c72ab25f9c: 0200 0000 | 0000 0075 | 1748 89b7 | 2002 0000 | 48c7 8728 | 0200 0001 | 0000 00e9 | 2c00 0000 
  0x000001c72ab25fbc: 4881 bf30 | 0200 0000 | 0000 0075 | 1748 89b7 | 3002 0000 | 48c7 8738 | 0200 0001 | 0000 00e9 
  0x000001c72ab25fdc: 0800 0000 | 4883 8710 | 0200 0001 | 0f1f 4400 | 0048 b828 | 4e07 8000 

  0x000001c72ab25ff4: ;   {virtual_call}
  0x000001c72ab25ff4: 0000 00e8 

  0x000001c72ab25ff8: ; ImmutableOopMap {}
                      ;*invokeinterface clear {reexecute=0 rethrow=0 return_oop=0}
                      ; - sun.java2d.opengl.OGLRenderQueue::flushBuffer@35 (line 155)
  0x000001c72ab25ff8: 44f9 ffff | 4883 c460 

  0x000001c72ab26000: ;   {poll_return}
  0x000001c72ab26000: 5d49 3ba7 | 5003 0000 | 0f87 7300 

  0x000001c72ab2600c: ;   {metadata({method} {0x000005ed4aacc648} 'flushBuffer' '()V' in 'sun/java2d/opengl/OGLRenderQueue')}
  0x000001c72ab2600c: 0000 c349 | ba40 c6ac | 4aed 0500 | 004c 8954 | 2408 48c7 | 0424 ffff 

  0x000001c72ab26024: ;   {runtime_call counter_overflow Runtime1 stub}
  0x000001c72ab26024: ffff e855 

  0x000001c72ab26028: ; ImmutableOopMap {rdx=Oop }
                      ;*synchronization entry
                      ; - sun.java2d.opengl.OGLRenderQueue::flushBuffer@-1 (line 147)
  0x000001c72ab26028: 311a 07e9 | 09fe ffff 

  0x000001c72ab26030: ;   {runtime_call throw_null_pointer_exception Runtime1 stub}
  0x000001c72ab26030: e86b d419 

  0x000001c72ab26034: ; ImmutableOopMap {rdx=Oop r8=Oop }
                      ;*invokevirtual position {reexecute=0 rethrow=0 return_oop=0}
                      ; - sun.java2d.opengl.OGLRenderQueue::flushBuffer@4 (line 147)
                      ;   {metadata({method} {0x000005ed4aace928} 'position' '()I' in 'sun/java2d/pipe/RenderBuffer')}
  0x000001c72ab26034: 0749 ba20 | e9ac 4aed | 0500 004c | 8954 2408 | 48c7 0424 | ffff ffff 

  0x000001c72ab2604c: ;   {runtime_call counter_overflow Runtime1 stub}
  0x000001c72ab2604c: e82f 311a 

  0x000001c72ab26050: ; ImmutableOopMap {rdx=Oop r8=Oop }
                      ;*synchronization entry
                      ; - sun.java2d.pipe.RenderBuffer::position@-1 (line 110)
                      ; - sun.java2d.opengl.OGLRenderQueue::flushBuffer@4 (line 147)
  0x000001c72ab26050: 07e9 29fe 

  0x000001c72ab26054: ;   {runtime_call throw_null_pointer_exception Runtime1 stub}
  0x000001c72ab26054: ffff e845 

  0x000001c72ab26058: ; ImmutableOopMap {rdx=Oop rsi=Oop }
                      ;*invokevirtual clear {reexecute=0 rethrow=0 return_oop=0}
                      ; - sun.java2d.opengl.OGLRenderQueue::flushBuffer@28 (line 153)
                      ;   {metadata({method} {0x000005ed4aaceaa8} 'clear' '()V' in 'sun/java2d/pipe/RenderBuffer')}
  0x000001c72ab26058: d419 0749 | baa0 eaac | 4aed 0500 | 004c 8954 | 2408 48c7 | 0424 ffff 

  0x000001c72ab26070: ;   {runtime_call counter_overflow Runtime1 stub}
  0x000001c72ab26070: ffff e809 

  0x000001c72ab26074: ; ImmutableOopMap {rdx=Oop rsi=Oop }
                      ;*synchronization entry
                      ; - sun.java2d.pipe.RenderBuffer::clear@-1 (line 118)
                      ; - sun.java2d.opengl.OGLRenderQueue::flushBuffer@28 (line 153)
  0x000001c72ab26074: 311a 07e9 | d1fe ffff 

  0x000001c72ab2607c: ;   {runtime_call throw_null_pointer_exception Runtime1 stub}
  0x000001c72ab2607c: e81f d419 

  0x000001c72ab26080: ; ImmutableOopMap {rdx=Oop }
                      ;*invokeinterface clear {reexecute=0 rethrow=0 return_oop=0}
                      ; - sun.java2d.opengl.OGLRenderQueue::flushBuffer@35 (line 155)
                      ;   {internal_word}
  0x000001c72ab26080: 0749 ba01 | 60b2 2ac7 | 0100 004d | 8997 6803 

  0x000001c72ab26090: ;   {runtime_call SafepointBlob}
  0x000001c72ab26090: 0000 e969 | 1910 0790 | 9049 8b87 | e003 0000 | 49c7 87e0 | 0300 0000 | 0000 0049 | c787 e803 
  0x000001c72ab260b0: 0000 0000 | 0000 4883 

  0x000001c72ab260b8: ;   {runtime_call unwind_exception Runtime1 stub}
  0x000001c72ab260b8: c460 5de9 | 40f4 1007 
[Stub Code]
  0x000001c72ab260c0: ;   {no_reloc}
  0x000001c72ab260c0: 0f1f 4400 

  0x000001c72ab260c4: ;   {static_stub}
  0x000001c72ab260c4: 0048 bb48 | c5ac 4aed 

  0x000001c72ab260cc: ;   {runtime_call I2C/C2I adapters}
  0x000001c72ab260cc: 0500 00e9 | 0022 1007 

  0x000001c72ab260d4: ;   {static_stub}
  0x000001c72ab260d4: 9048 bb00 | 0000 0000 

  0x000001c72ab260dc: ;   {runtime_call}
  0x000001c72ab260dc: 0000 00e9 | fbff ffff 
[Exception Handler]
  0x000001c72ab260e4: ;   {runtime_call handle_exception_from_callee Runtime1 stub}
  0x000001c72ab260e4: e897 f119 

  0x000001c72ab260e8: ;   {external_word}
  0x000001c72ab260e8: 0748 b990 | 6d8d 6bfe | 7f00 0048 

  0x000001c72ab260f4: ;   {runtime_call MacroAssembler::debug64}
  0x000001c72ab260f4: 83e4 f049 | ba30 df55 | 6bfe 7f00 | 0041 ffd2 

  0x000001c72ab26104: ;   {section_word}
  0x000001c72ab26104: f449 ba05 | 61b2 2ac7 | 0100 0041 

  0x000001c72ab26110: ;   {runtime_call DeoptimizationBlob}
  0x000001c72ab26110: 52e9 8a0b | 1007 f4f4 
[/MachCode]


---------------  P R O C E S S  ---------------

Threads class SMR info:
_java_thread_list=0x000005ed57a808e0, length=44, elements={
0x000005ed49765250, 0x000005ed497660d0, 0x000005ed4978a8f0, 0x000005ed4978b4b0,
0x000005ed4978de80, 0x000005ed49790850, 0x000005ed49795100, 0x000005ed4979fbd0,
0x000005ed497a09e0, 0x000005ed4988c4a0, 0x000005ed4e0fcad0, 0x000005ed4e0fcfb0,
0x000005ed4e385150, 0x000005ed5471c060, 0x000005ed549e3f40, 0x000005ed54c87f70,
0x000005ed54666720, 0x000005ed54d0eda0, 0x000005ed54d0f2b0, 0x000005ed54d101e0,
0x000005ed54d0f7c0, 0x000005ed54d0fcd0, 0x000005ed54d0de70, 0x000005ed54d10c00,
0x000005ed54d0e380, 0x000005ed54d0e890, 0x000005ed54d11110, 0x000005ed54d11620,
0x000005ed54d106f0, 0x000005ed54ea23d0, 0x000005ed54ea6ab0, 0x000005ed54ea4740,
0x000005ed54ea14a0, 0x000005ed54ea0570, 0x000005ed54ea65a0, 0x000005ed54ea2df0,
0x000005ed54ea3d20, 0x000005ed54ea6fc0, 0x000005ed54ea28e0, 0x000005ed54ea0a80,
0x000005ed54ea5670, 0x000005ed54ea19b0, 0x000005ed54ea79e0, 0x000005ed54ea1ec0
}

Java Threads: ( => current thread )
  0x000005ed49765250 JavaThread "Reference Handler" daemon [_thread_blocked, id=33264, stack(0x000000beda500000,0x000000beda600000)]
  0x000005ed497660d0 JavaThread "Finalizer" daemon [_thread_blocked, id=34580, stack(0x000000beda600000,0x000000beda700000)]
  0x000005ed4978a8f0 JavaThread "Signal Dispatcher" daemon [_thread_blocked, id=15444, stack(0x000000beda700000,0x000000beda800000)]
  0x000005ed4978b4b0 JavaThread "Attach Listener" daemon [_thread_blocked, id=20156, stack(0x000000beda800000,0x000000beda900000)]
  0x000005ed4978de80 JavaThread "Service Thread" daemon [_thread_blocked, id=11808, stack(0x000000beda900000,0x000000bedaa00000)]
  0x000005ed49790850 JavaThread "Monitor Deflation Thread" daemon [_thread_blocked, id=3620, stack(0x000000bedaa00000,0x000000bedab00000)]
  0x000005ed49795100 JavaThread "C2 CompilerThread0" daemon [_thread_blocked, id=16720, stack(0x000000bedab00000,0x000000bedac00000)]
  0x000005ed4979fbd0 JavaThread "C1 CompilerThread0" daemon [_thread_blocked, id=3212, stack(0x000000bedac00000,0x000000bedad00000)]
  0x000005ed497a09e0 JavaThread "Sweeper thread" daemon [_thread_blocked, id=28164, stack(0x000000bedad00000,0x000000bedae00000)]
  0x000005ed4988c4a0 JavaThread "Common-Cleaner" daemon [_thread_blocked, id=38788, stack(0x000000bedae00000,0x000000bedaf00000)]
  0x000005ed4e0fcad0 JavaThread "Monitor Ctrl-Break" daemon [_thread_in_native, id=33488, stack(0x000000bedaf00000,0x000000bedb000000)]
  0x000005ed4e0fcfb0 JavaThread "Notification Thread" daemon [_thread_blocked, id=36768, stack(0x000000bedb000000,0x000000bedb100000)]
=>0x000005ed4e385150 JavaThread "Java2D Queue Flusher" daemon [_thread_in_native, id=18464, stack(0x000000bedb200000,0x000000bedb300000)]
  0x000005ed5471c060 JavaThread "Java2D Disposer" daemon [_thread_blocked, id=36028, stack(0x000000bedb700000,0x000000bedb800000)]
  0x000005ed549e3f40 JavaThread "AWT-Windows" daemon [_thread_in_native, id=40360, stack(0x000000bedba00000,0x000000bedbb00000)]
  0x000005ed54c87f70 JavaThread "Java Sound Event Dispatcher" daemon [_thread_blocked, id=33848, stack(0x000000bedc500000,0x000000bedc600000)]
  0x000005ed54666720 JavaThread "Direct Clip" daemon [_thread_blocked, id=21980, stack(0x000000bedc800000,0x000000bedc900000)]
  0x000005ed54d0eda0 JavaThread "Direct Clip" daemon [_thread_blocked, id=36892, stack(0x000000bedc900000,0x000000bedca00000)]
  0x000005ed54d0f2b0 JavaThread "Direct Clip" daemon [_thread_blocked, id=29300, stack(0x000000bedca00000,0x000000bedcb00000)]
  0x000005ed54d101e0 JavaThread "Direct Clip" daemon [_thread_blocked, id=40600, stack(0x000000bedcb00000,0x000000bedcc00000)]
  0x000005ed54d0f7c0 JavaThread "Direct Clip" daemon [_thread_blocked, id=39012, stack(0x000000bedcc00000,0x000000bedcd00000)]
  0x000005ed54d0fcd0 JavaThread "Direct Clip" daemon [_thread_blocked, id=40140, stack(0x000000bedcd00000,0x000000bedce00000)]
  0x000005ed54d0de70 JavaThread "Direct Clip" daemon [_thread_blocked, id=34112, stack(0x000000bedce00000,0x000000bedcf00000)]
  0x000005ed54d10c00 JavaThread "Direct Clip" daemon [_thread_blocked, id=34716, stack(0x000000bedcf00000,0x000000bedd000000)]
  0x000005ed54d0e380 JavaThread "Direct Clip" daemon [_thread_blocked, id=10588, stack(0x000000bedd000000,0x000000bedd100000)]
  0x000005ed54d0e890 JavaThread "Direct Clip" daemon [_thread_blocked, id=34852, stack(0x000000bedd100000,0x000000bedd200000)]
  0x000005ed54d11110 JavaThread "Direct Clip" daemon [_thread_blocked, id=14136, stack(0x000000bedd200000,0x000000bedd300000)]
  0x000005ed54d11620 JavaThread "Direct Clip" daemon [_thread_blocked, id=22156, stack(0x000000bedd300000,0x000000bedd400000)]
  0x000005ed54d106f0 JavaThread "Direct Clip" daemon [_thread_blocked, id=30972, stack(0x000000bedd400000,0x000000bedd500000)]
  0x000005ed54ea23d0 JavaThread "Direct Clip" daemon [_thread_blocked, id=33996, stack(0x000000bedb900000,0x000000bedba00000)]
  0x000005ed54ea6ab0 JavaThread "Direct Clip" daemon [_thread_blocked, id=31012, stack(0x000000bedd500000,0x000000bedd600000)]
  0x000005ed54ea4740 JavaThread "Direct Clip" daemon [_thread_blocked, id=33024, stack(0x000000bedd600000,0x000000bedd700000)]
  0x000005ed54ea14a0 JavaThread "Direct Clip" daemon [_thread_blocked, id=32844, stack(0x000000bedd700000,0x000000bedd800000)]
  0x000005ed54ea0570 JavaThread "Direct Clip" daemon [_thread_blocked, id=25700, stack(0x000000bedd800000,0x000000bedd900000)]
  0x000005ed54ea65a0 JavaThread "Direct Clip" daemon [_thread_blocked, id=38688, stack(0x000000bedd900000,0x000000bedda00000)]
  0x000005ed54ea2df0 JavaThread "Direct Clip" daemon [_thread_blocked, id=10832, stack(0x000000bedda00000,0x000000beddb00000)]
  0x000005ed54ea3d20 JavaThread "Direct Clip" daemon [_thread_blocked, id=36956, stack(0x000000beddb00000,0x000000beddc00000)]
  0x000005ed54ea6fc0 JavaThread "AWT-Shutdown" [_thread_blocked, id=38208, stack(0x000000bede100000,0x000000bede200000)]
  0x000005ed54ea28e0 JavaThread "AWT-EventQueue-0" [_thread_blocked, id=27580, stack(0x000000bede200000,0x000000bede300000)]
  0x000005ed54ea0a80 JavaThread "DestroyJavaVM" [_thread_blocked, id=34184, stack(0x000000bed9e00000,0x000000bed9f00000)]
  0x000005ed54ea5670 JavaThread "TimerQueue" daemon [_thread_blocked, id=36416, stack(0x000000bede600000,0x000000bede700000)]
  0x000005ed54ea19b0 JavaThread "Thread-0" [_thread_blocked, id=33928, stack(0x000000bede900000,0x000000bedea00000)]
  0x000005ed54ea79e0 JavaThread "Labyrinth" [_thread_in_vm, id=16804, stack(0x000000bedea00000,0x000000bedeb00000)]
  0x000005ed54ea1ec0 JavaThread "ToolkitShutdown" daemon [_thread_in_native, id=30032, stack(0x000000beded00000,0x000000bedee00000)]

Other Threads:
  0x000005ed49741290 VMThread "VM Thread" [stack: 0x000000beda400000,0x000000beda500000] [id=36184]
  0x000005ed4e0c1510 WatcherThread [stack: 0x000000bedb100000,0x000000bedb200000] [id=35188]
  0x000001c726bac030 GCTaskThread "GC Thread#0" [stack: 0x000000bed9f00000,0x000000beda000000] [id=9028]
  0x000005ed54c46250 GCTaskThread "GC Thread#1" [stack: 0x000000bedbb00000,0x000000bedbc00000] [id=22436]
  0x000005ed54c46510 GCTaskThread "GC Thread#2" [stack: 0x000000bedbc00000,0x000000bedbd00000] [id=29848]
  0x000005ed54c46be0 GCTaskThread "GC Thread#3" [stack: 0x000000bedbd00000,0x000000bedbe00000] [id=15036]
  0x000005ed54b6e7a0 GCTaskThread "GC Thread#4" [stack: 0x000000bedbe00000,0x000000bedbf00000] [id=16152]
  0x000005ed54b6eee0 GCTaskThread "GC Thread#5" [stack: 0x000000bedbf00000,0x000000bedc000000] [id=7768]
  0x000005ed54c7bd70 GCTaskThread "GC Thread#6" [stack: 0x000000bedc000000,0x000000bedc100000] [id=29680]
  0x000005ed54d880c0 GCTaskThread "GC Thread#7" [stack: 0x000000bedc100000,0x000000bedc200000] [id=11780]
  0x000005ed54d8a7a0 GCTaskThread "GC Thread#8" [stack: 0x000000bedc200000,0x000000bedc300000] [id=26480]
  0x000005ed54d8ca70 GCTaskThread "GC Thread#9" [stack: 0x000000bedc300000,0x000000bedc400000] [id=25560]
  0x000001c726bae700 ConcurrentGCThread "G1 Main Marker" [stack: 0x000000beda000000,0x000000beda100000] [id=1008]
  0x000001c739d41340 ConcurrentGCThread "G1 Conc#0" [stack: 0x000000beda100000,0x000000beda200000] [id=39144]
  0x000005ed5465cbd0 ConcurrentGCThread "G1 Conc#1" [stack: 0x000000bede700000,0x000000bede800000] [id=5500]
  0x000005ed5465df10 ConcurrentGCThread "G1 Conc#2" [stack: 0x000000bede800000,0x000000bede900000] [id=37252]
  0x000001c739dbb790 ConcurrentGCThread "G1 Refine#0" [stack: 0x000000beda200000,0x000000beda300000] [id=39772]
  0x000005ed54d483c0 ConcurrentGCThread "G1 Refine#1" [stack: 0x000000beddc00000,0x000000beddd00000] [id=35076]
  0x000005ed54e40160 ConcurrentGCThread "G1 Refine#2" [stack: 0x000000beddd00000,0x000000bedde00000] [id=37380]
  0x000005ed54d4a530 ConcurrentGCThread "G1 Refine#3" [stack: 0x000000bedde00000,0x000000beddf00000] [id=26456]
  0x000005ed54d61590 ConcurrentGCThread "G1 Refine#4" [stack: 0x000000beddf00000,0x000000bede000000] [id=26420]
  0x000005ed54d61880 ConcurrentGCThread "G1 Refine#5" [stack: 0x000000bede000000,0x000000bede100000] [id=18956]
  0x000001c739dbc1c0 ConcurrentGCThread "G1 Service" [stack: 0x000000beda300000,0x000000beda400000] [id=40536]

Threads with active compile tasks:

VM state: not at safepoint (normal execution)

VM Mutex/Monitor currently owned by a thread: None

CDS archive(s) not mapped
Compressed class space mapped at: 0x0000000080000000-0x00000000c0000000, reserved size: 1073741824
Narrow klass base: 0x0000000000000000, Narrow klass shift: 0, Narrow klass range: 0xc0000000

GC Precious Log:
 CPUs: 12 total, 12 available
 Memory: 16254M
 Large Page Support: Disabled
 NUMA Support: Disabled
 Compressed Oops: Disabled
 Heap Region Size: 32M
 Heap Min Capacity: 32M
 Heap Initial Capacity: 256M
 Heap Max Capacity: 4096G
 Pre-touch: Disabled
 Parallel Workers: 10
 Concurrent Workers: 3
 Concurrent Refinement Workers: 10
 Periodic GC: Disabled

Heap:
 garbage-first heap   total 557056K, used 260895K [0x000001c73a000000, 0x000005c73a000000)
  region size 32768K, 2 young (65536K), 1 survivors (32768K)
 Metaspace       used 22581K, committed 22848K, reserved 1114112K
  class space    used 2296K, committed 2432K, reserved 1048576K

Heap Regions: E=young(eden), S=young(survivor), O=old, HS=humongous(starts), HC=humongous(continues), CS=collection set, F=free, OA=open archive, CA=closed archive, TAMS=top-at-mark-start (previous, next)
|   0|0x000001c73a000000, 0x000001c73c000000, 0x000001c73c000000|100%| O|  |TAMS 0x000001c73c000000, 0x000001c73a000000| Untracked 
|   1|0x000001c73c000000, 0x000001c73e000000, 0x000001c73e000000|100%|HS|  |TAMS 0x000001c73e000000, 0x000001c73c000000| Complete 
|   2|0x000001c73e000000, 0x000001c740000000, 0x000001c740000000|100%| O|  |TAMS 0x000001c740000000, 0x000001c73e000000| Complete 
|   3|0x000001c740000000, 0x000001c742000000, 0x000001c742000000|100%| O|  |TAMS 0x000001c742000000, 0x000001c740000000| Complete 
|   4|0x000001c742000000, 0x000001c744000000, 0x000001c744000000|100%| O|  |TAMS 0x000001c744000000, 0x000001c742000000| Untracked 
|   5|0x000001c744000000, 0x000001c746000000, 0x000001c746000000|100%| O|  |TAMS 0x000001c746000000, 0x000001c744000000| Untracked 
|   6|0x000001c746000000, 0x000001c748000000, 0x000001c748000000|100%| O|  |TAMS 0x000001c747d98a00, 0x000001c746000000| Untracked 
|   7|0x000001c748000000, 0x000001c749c7f000, 0x000001c74a000000| 89%| O|  |TAMS 0x000001c748000000, 0x000001c748000000| Untracked 
|   8|0x000001c74a000000, 0x000001c74a000000, 0x000001c74c000000|  0%| F|  |TAMS 0x000001c74a000000, 0x000001c74a000000| Untracked 
|   9|0x000001c74c000000, 0x000001c74c000000, 0x000001c74e000000|  0%| F|  |TAMS 0x000001c74c000000, 0x000001c74c000000| Untracked 
|  10|0x000001c74e000000, 0x000001c74e000000, 0x000001c750000000|  0%| F|  |TAMS 0x000001c74e000000, 0x000001c74e000000| Untracked 
|  11|0x000001c750000000, 0x000001c750000000, 0x000001c752000000|  0%| F|  |TAMS 0x000001c750000000, 0x000001c750000000| Untracked 
|  12|0x000001c752000000, 0x000001c752000000, 0x000001c754000000|  0%| F|  |TAMS 0x000001c752000000, 0x000001c752000000| Untracked 
|  13|0x000001c754000000, 0x000001c754000000, 0x000001c756000000|  0%| F|  |TAMS 0x000001c754000000, 0x000001c754000000| Untracked 
|  14|0x000001c756000000, 0x000001c756000000, 0x000001c758000000|  0%| F|  |TAMS 0x000001c756000000, 0x000001c756000000| Untracked 
|  15|0x000001c758000000, 0x000001c758b67f78, 0x000001c75a000000| 35%| E|  |TAMS 0x000001c758000000, 0x000001c758000000| Complete 
|  16|0x000001c75a000000, 0x000001c75a248eb8, 0x000001c75c000000|  7%| S|CS|TAMS 0x000001c75a000000, 0x000001c75a000000| Complete 

Card table byte_map: [0x000005c942010000,0x000005cb42010000] _byte_map_base: 0x000005c85e640000

Marking Bits (Prev, Next): (CMBitMap*) 0x000001c726bac690, (CMBitMap*) 0x000001c726bac650
 Prev Bits: [0x000005dd42230000, 0x000005ed42230000)
 Next Bits: [0x000005cd42010000, 0x000005dd42010000)

Polling page: 0x000001c7262b0000

Metaspace:

Usage:
  Non-class:     19.81 MB used.
      Class:      2.24 MB used.
       Both:     22.05 MB used.

Virtual space:
  Non-class space:       64.00 MB reserved,      19.94 MB ( 31%) committed,  1 nodes.
      Class space:        1.00 GB reserved,       2.38 MB ( <1%) committed,  1 nodes.
             Both:        1.06 GB reserved,      22.31 MB (  2%) committed. 

Chunk freelists:
   Non-Class:  12.06 MB
       Class:  13.61 MB
        Both:  25.67 MB

MaxMetaspaceSize: unlimited
CompressedClassSpaceSize: 1.00 GB
Initial GC threshold: 21.00 MB
Current GC threshold: 35.75 MB
CDS: off
MetaspaceReclaimPolicy: balanced
 - commit_granule_bytes: 65536.
 - commit_granule_words: 8192.
 - virtual_space_node_default_size: 8388608.
 - enlarge_chunks_in_place: 1.
 - new_chunks_are_fully_committed: 0.
 - uncommit_free_chunks: 1.
 - use_allocation_guard: 0.
 - handle_deallocations: 1.


Internal statistics:

num_allocs_failed_limit: 6.
num_arena_births: 270.
num_arena_deaths: 0.
num_vsnodes_births: 2.
num_vsnodes_deaths: 0.
num_space_committed: 357.
num_space_uncommitted: 0.
num_chunks_returned_to_freelist: 6.
num_chunks_taken_from_freelist: 406.
num_chunk_merges: 0.
num_chunk_splits: 225.
num_chunks_enlarged: 111.
num_inconsistent_stats: 0.

CodeHeap 'non-profiled nmethods': size=120000Kb used=1465Kb max_used=1465Kb free=118534Kb
 bounds [0x000001c732170000, 0x000001c7323e0000, 0x000001c7396a0000]
CodeHeap 'profiled nmethods': size=120000Kb used=5677Kb max_used=5677Kb free=114322Kb
 bounds [0x000001c72a6a0000, 0x000001c72ac30000, 0x000001c731bd0000]
CodeHeap 'non-nmethods': size=5760Kb used=1308Kb max_used=1385Kb free=4451Kb
 bounds [0x000001c731bd0000, 0x000001c731e40000, 0x000001c732170000]
 total_blobs=3675 nmethods=3028 adapters=559
 compilation: enabled
              stopped_count=0, restarted_count=0
 full_count=0

Compilation events (20 events):
Event: 31.046 Thread 0x000005ed4979fbd0 nmethod 3017 0x000001c72ac23d90 code [0x000001c72ac23f40, 0x000001c72ac24228]
Event: 31.113 Thread 0x000005ed4979fbd0 3019       3       sun.awt.windows.WComponentPeer::getGraphicsConfiguration (23 bytes)
Event: 31.114 Thread 0x000005ed4979fbd0 nmethod 3019 0x000001c72ac24390 code [0x000001c72ac24540, 0x000001c72ac24898]
Event: 31.130 Thread 0x000005ed4979fbd0 3020       3       sun.java2d.SurfaceData::getTextPipe (120 bytes)
Event: 31.130 Thread 0x000005ed49795100 3021 %     4       net.sendback.util.components.menus.GameCanvas::render @ 156 (593 bytes)
Event: 31.131 Thread 0x000005ed4979fbd0 nmethod 3020 0x000001c72ac24990 code [0x000001c72ac24b80, 0x000001c72ac25048]
Event: 31.149 Thread 0x000005ed49795100 nmethod 3021% 0x000001c7322dc510 code [0x000001c7322dc740, 0x000001c7322dd950]
Event: 31.181 Thread 0x000005ed4979fbd0 3022       3       sun.java2d.pipe.ValidatePipe::scaleImage (33 bytes)
Event: 31.181 Thread 0x000005ed4979fbd0 nmethod 3022 0x000001c72ac25190 code [0x000001c72ac25380, 0x000001c72ac25888]
Event: 31.302 Thread 0x000005ed4979fbd0 3023       3       java.util.WeakHashMap::indexFor (6 bytes)
Event: 31.302 Thread 0x000005ed4979fbd0 nmethod 3023 0x000001c72ac25a90 code [0x000001c72ac25c20, 0x000001c72ac25d18]
Event: 31.302 Thread 0x000005ed4979fbd0 3024       1       com.sun.media.sound.EventDispatcher$EventInfo::getEvent (5 bytes)
Event: 31.303 Thread 0x000005ed4979fbd0 nmethod 3024 0x000001c7322de390 code [0x000001c7322de520, 0x000001c7322de5f8]
Event: 31.538 Thread 0x000005ed4979fbd0 3025       3       sun.java2d.SunGraphics2D::setPaint (162 bytes)
Event: 31.539 Thread 0x000005ed4979fbd0 nmethod 3025 0x000001c72ac25d90 code [0x000001c72ac25fc0, 0x000001c72ac269a8]
Event: 31.642 Thread 0x000005ed4979fbd0 3026   !   3       java.awt.Component$FlipBufferStrategy::revalidate (145 bytes)
Event: 31.642 Thread 0x000005ed4979fbd0 nmethod 3026 0x000001c72ac26b10 code [0x000001c72ac26d40, 0x000001c72ac27668]
Event: 31.642 Thread 0x000005ed4979fbd0 3027       3       sun.java2d.SunGraphics2D::clearRect (49 bytes)
Event: 31.643 Thread 0x000005ed4979fbd0 nmethod 3027 0x000001c72ac27990 code [0x000001c72ac27b60, 0x000001c72ac27de8]
Event: 31.693 Thread 0x000005ed4979fbd0 3028       3       sun.java2d.SurfaceData::validatePipe (785 bytes)

GC Heap History (20 events):
Event: 1.264 GC heap before
{Heap before GC invocations=1 (full 0):
 garbage-first heap   total 262144K, used 38883K [0x000001c73a000000, 0x000005c73a000000)
  region size 32768K, 2 young (65536K), 1 survivors (32768K)
 Metaspace       used 16585K, committed 16832K, reserved 1114112K
  class space    used 1557K, committed 1664K, reserved 1048576K
}
Event: 1.271 GC heap after
{Heap after GC invocations=2 (full 0):
 garbage-first heap   total 262144K, used 15558K [0x000001c73a000000, 0x000005c73a000000)
  region size 32768K, 1 young (32768K), 1 survivors (32768K)
 Metaspace       used 16585K, committed 16832K, reserved 1114112K
  class space    used 1557K, committed 1664K, reserved 1048576K
}
Event: 1.594 GC heap before
{Heap before GC invocations=2 (full 0):
 garbage-first heap   total 262144K, used 48326K [0x000001c73a000000, 0x000005c73a000000)
  region size 32768K, 2 young (65536K), 1 survivors (32768K)
 Metaspace       used 16594K, committed 16832K, reserved 1114112K
  class space    used 1557K, committed 1664K, reserved 1048576K
}
Event: 1.605 GC heap after
{Heap after GC invocations=3 (full 0):
 garbage-first heap   total 262144K, used 31257K [0x000001c73a000000, 0x000005c73a000000)
  region size 32768K, 1 young (32768K), 1 survivors (32768K)
 Metaspace       used 16594K, committed 16832K, reserved 1114112K
  class space    used 1557K, committed 1664K, reserved 1048576K
}
Event: 1.634 GC heap before
{Heap before GC invocations=3 (full 0):
 garbage-first heap   total 262144K, used 31257K [0x000001c73a000000, 0x000005c73a000000)
  region size 32768K, 2 young (65536K), 1 survivors (32768K)
 Metaspace       used 16594K, committed 16832K, reserved 1114112K
  class space    used 1557K, committed 1664K, reserved 1048576K
}
Event: 1.648 GC heap after
{Heap after GC invocations=4 (full 0):
 garbage-first heap   total 262144K, used 47312K [0x000001c73a000000, 0x000005c73a000000)
  region size 32768K, 1 young (32768K), 1 survivors (32768K)
 Metaspace       used 16594K, committed 16832K, reserved 1114112K
  class space    used 1557K, committed 1664K, reserved 1048576K
}
Event: 1.822 GC heap before
{Heap before GC invocations=4 (full 0):
 garbage-first heap   total 262144K, used 80080K [0x000001c73a000000, 0x000005c73a000000)
  region size 32768K, 2 young (65536K), 1 survivors (32768K)
 Metaspace       used 16945K, committed 17216K, reserved 1114112K
  class space    used 1609K, committed 1728K, reserved 1048576K
}
Event: 1.833 GC heap after
{Heap after GC invocations=5 (full 0):
 garbage-first heap   total 262144K, used 129845K [0x000001c73a000000, 0x000005c73a000000)
  region size 32768K, 1 young (32768K), 1 survivors (32768K)
 Metaspace       used 16945K, committed 17216K, reserved 1114112K
  class space    used 1609K, committed 1728K, reserved 1048576K
}
Event: 1.856 GC heap before
{Heap before GC invocations=5 (full 0):
 garbage-first heap   total 262144K, used 129845K [0x000001c73a000000, 0x000005c73a000000)
  region size 32768K, 2 young (65536K), 1 survivors (32768K)
 Metaspace       used 16949K, committed 17216K, reserved 1114112K
  class space    used 1609K, committed 1728K, reserved 1048576K
}
Event: 1.870 GC heap after
{Heap after GC invocations=6 (full 0):
 garbage-first heap   total 524288K, used 173326K [0x000001c73a000000, 0x000005c73a000000)
  region size 32768K, 1 young (32768K), 1 survivors (32768K)
 Metaspace       used 16949K, committed 17216K, reserved 1114112K
  class space    used 1609K, committed 1728K, reserved 1048576K
}
Event: 2.124 GC heap before
{Heap before GC invocations=6 (full 0):
 garbage-first heap   total 524288K, used 206094K [0x000001c73a000000, 0x000005c73a000000)
  region size 32768K, 2 young (65536K), 1 survivors (32768K)
 Metaspace       used 17408K, committed 17600K, reserved 1114112K
  class space    used 1667K, committed 1728K, reserved 1048576K
}
Event: 2.146 GC heap after
{Heap after GC invocations=7 (full 0):
 garbage-first heap   total 524288K, used 185641K [0x000001c73a000000, 0x000005c73a000000)
  region size 32768K, 1 young (32768K), 1 survivors (32768K)
 Metaspace       used 17408K, committed 17600K, reserved 1114112K
  class space    used 1667K, committed 1728K, reserved 1048576K
}
Event: 4.037 GC heap before
{Heap before GC invocations=7 (full 0):
 garbage-first heap   total 524288K, used 218409K [0x000001c73a000000, 0x000005c73a000000)
  region size 32768K, 2 young (65536K), 1 survivors (32768K)
 Metaspace       used 17440K, committed 17664K, reserved 1114112K
  class space    used 1672K, committed 1728K, reserved 1048576K
}
Event: 4.055 GC heap after
{Heap after GC invocations=8 (full 0):
 garbage-first heap   total 524288K, used 226809K [0x000001c73a000000, 0x000005c73a000000)
  region size 32768K, 1 young (32768K), 1 survivors (32768K)
 Metaspace       used 17440K, committed 17664K, reserved 1114112K
  class space    used 1672K, committed 1728K, reserved 1048576K
}
Event: 5.828 GC heap before
{Heap before GC invocations=8 (full 0):
 garbage-first heap   total 524288K, used 259577K [0x000001c73a000000, 0x000005c73a000000)
  region size 32768K, 2 young (65536K), 1 survivors (32768K)
 Metaspace       used 19948K, committed 20224K, reserved 1114112K
  class space    used 2042K, committed 2176K, reserved 1048576K
}
Event: 5.845 GC heap after
{Heap after GC invocations=9 (full 0):
 garbage-first heap   total 524288K, used 258816K [0x000001c73a000000, 0x000005c73a000000)
  region size 32768K, 1 young (32768K), 1 survivors (32768K)
 Metaspace       used 19948K, committed 20224K, reserved 1114112K
  class space    used 2042K, committed 2176K, reserved 1048576K
}
Event: 7.251 GC heap before
{Heap before GC invocations=9 (full 0):
 garbage-first heap   total 524288K, used 258816K [0x000001c73a000000, 0x000005c73a000000)
  region size 32768K, 2 young (65536K), 1 survivors (32768K)
 Metaspace       used 21218K, committed 21504K, reserved 1114112K
  class space    used 2179K, committed 2304K, reserved 1048576K
}
Event: 7.261 GC heap after
{Heap after GC invocations=10 (full 0):
 garbage-first heap   total 524288K, used 263573K [0x000001c73a000000, 0x000005c73a000000)
  region size 32768K, 1 young (32768K), 1 survivors (32768K)
 Metaspace       used 21218K, committed 21504K, reserved 1114112K
  class space    used 2179K, committed 2304K, reserved 1048576K
}
Event: 29.677 GC heap before
{Heap before GC invocations=11 (full 0):
 garbage-first heap   total 557056K, used 296341K [0x000001c73a000000, 0x000005c73a000000)
  region size 32768K, 2 young (65536K), 1 survivors (32768K)
 Metaspace       used 22551K, committed 22784K, reserved 1114112K
  class space    used 2294K, committed 2432K, reserved 1048576K
}
Event: 29.684 GC heap after
{Heap after GC invocations=12 (full 0):
 garbage-first heap   total 557056K, used 260895K [0x000001c73a000000, 0x000005c73a000000)
  region size 32768K, 1 young (32768K), 1 survivors (32768K)
 Metaspace       used 22551K, committed 22784K, reserved 1114112K
  class space    used 2294K, committed 2432K, reserved 1048576K
}

Dll operation events (3 events):
Event: 0.007 Loaded shared library C:\Users\bader\.jdks\jbrsdk_jcef-17.0.9\bin\java.dll
Event: 0.106 Loaded shared library C:\Users\bader\.jdks\jbrsdk_jcef-17.0.9\bin\jsvml.dll
Event: 0.210 Loaded shared library C:\Users\bader\.jdks\jbrsdk_jcef-17.0.9\bin\zip.dll

Deoptimization events (20 events):
Event: 29.732 Thread 0x000005ed54ea28e0 Uncommon trap: trap_request=0xffffffde fr.pc=0x000001c7322650dc relative=0x0000000000000a1c
Event: 29.732 Thread 0x000005ed54ea28e0 Uncommon trap: reason=class_check action=maybe_recompile pc=0x000001c7322650dc method=java.awt.AWTEvent.dispatched()V @ 11 c2
Event: 29.732 Thread 0x000005ed54ea28e0 DEOPT PACKING pc=0x000001c7322650dc sp=0x000000bede2fed00
Event: 29.732 Thread 0x000005ed54ea28e0 DEOPT UNPACKING pc=0x000001c731c269a3 sp=0x000000bede2fec70 mode 2
Event: 29.732 Thread 0x000005ed54ea28e0 Uncommon trap: trap_request=0xffffffde fr.pc=0x000001c73225f15c relative=0x00000000000006fc
Event: 29.732 Thread 0x000005ed54ea28e0 Uncommon trap: reason=class_check action=maybe_recompile pc=0x000001c73225f15c method=java.awt.EventQueue.setCurrentEventAndMostRecentTimeImpl(Ljava/awt/AWTEvent;)V @ 75 c2
Event: 29.732 Thread 0x000005ed54ea28e0 DEOPT PACKING pc=0x000001c73225f15c sp=0x000000bede2fe720
Event: 29.732 Thread 0x000005ed54ea28e0 DEOPT UNPACKING pc=0x000001c731c269a3 sp=0x000000bede2fe6c0 mode 2
Event: 29.732 Thread 0x000005ed54ea28e0 Uncommon trap: trap_request=0xffffffde fr.pc=0x000001c7322650dc relative=0x0000000000000a1c
Event: 29.732 Thread 0x000005ed54ea28e0 Uncommon trap: reason=class_check action=maybe_recompile pc=0x000001c7322650dc method=java.awt.AWTEvent.dispatched()V @ 11 c2
Event: 29.732 Thread 0x000005ed54ea28e0 DEOPT PACKING pc=0x000001c7322650dc sp=0x000000bede2fed00
Event: 29.732 Thread 0x000005ed54ea28e0 DEOPT UNPACKING pc=0x000001c731c269a3 sp=0x000000bede2fec70 mode 2
Event: 29.735 Thread 0x000005ed54ea19b0 Uncommon trap: trap_request=0xffffff45 fr.pc=0x000001c7322ae8a0 relative=0x00000000000012c0
Event: 29.735 Thread 0x000005ed54ea19b0 Uncommon trap: reason=unstable_if action=reinterpret pc=0x000001c7322ae8a0 method=sun.java2d.opengl.OGLDrawImage.renderImageXform(Lsun/java2d/SunGraphics2D;Ljava/awt/Image;Ljava/awt/geom/AffineTransform;IIIIILjava/awt/Color;)V @ 50 c2
Event: 29.735 Thread 0x000005ed54ea19b0 DEOPT PACKING pc=0x000001c7322ae8a0 sp=0x000000bede9fef90
Event: 29.736 Thread 0x000005ed54ea19b0 DEOPT UNPACKING pc=0x000001c731c269a3 sp=0x000000bede9feeb0 mode 2
Event: 31.648 Thread 0x000005ed549e3f40 Uncommon trap: trap_request=0xffffff45 fr.pc=0x000001c7322d5fb0 relative=0x0000000000000d50
Event: 31.648 Thread 0x000005ed549e3f40 Uncommon trap: reason=unstable_if action=reinterpret pc=0x000001c7322d5fb0 method=sun.awt.windows.WWindowPeer.preprocessPostEvent(Ljava/awt/AWTEvent;)V @ 4 c2
Event: 31.648 Thread 0x000005ed549e3f40 DEOPT PACKING pc=0x000001c7322d5fb0 sp=0x000000bedbafbc70
Event: 31.648 Thread 0x000005ed549e3f40 DEOPT UNPACKING pc=0x000001c731c269a3 sp=0x000000bedbafbc10 mode 2

Classes unloaded (0 events):
No events

Classes redefined (0 events):
No events

Internal exceptions (20 events):
Event: 1.019 Thread 0x000001c726aef590 Exception <a 'java/lang/NoSuchMethodError'{0x000001c7497730f0}: 'int java.lang.invoke.DirectMethodHandle$Holder.invokeStatic(java.lang.Object, long)'> (0x000001c7497730f0) 
thrown [s\src\hotspot\share\interpreter\linkResolver.cpp, line 771]
Event: 1.022 Thread 0x000001c726aef590 Exception <a 'java/lang/NoSuchMethodError'{0x000001c7497a1e20}: 'int java.lang.invoke.Invokers$Holder.linkToTargetMethod(java.lang.Object, java.lang.Object)'> (0x000001c7497a1e20) 
thrown [s\src\hotspot\share\interpreter\linkResolver.cpp, line 771]
Event: 3.260 Thread 0x000001c726aef590 Exception <a 'java/lang/NoSuchMethodError'{0x000001c759090398}: 'void java.lang.invoke.DirectMethodHandle$Holder.invokeSpecial(java.lang.Object, java.lang.Object, java.lang.Object)'> (0x000001c759090398) 
thrown [s\src\hotspot\share\interpreter\linkResolver.cpp, line 771]
Event: 5.680 Thread 0x000001c726aef590 Exception <a 'java/lang/NoSuchMethodError'{0x000001c759c47400}: 'void java.lang.invoke.DirectMethodHandle$Holder.invokeStaticInit(java.lang.Object)'> (0x000001c759c47400) 
thrown [s\src\hotspot\share\interpreter\linkResolver.cpp, line 771]
Event: 5.713 Thread 0x000005ed54ea28e0 Exception <a 'java/lang/NoSuchMethodError'{0x000001c759d0f570}: 'java.lang.Object java.lang.invoke.DirectMethodHandle$Holder.newInvokeSpecial(java.lang.Object, java.lang.Object, java.lang.Object, java.lang.Object, java.lang.Object)'> (0x000001c759d0f570) 
thrown [s\src\hotspot\share\interpreter\linkResolver.cpp, line 771]
Event: 5.716 Thread 0x000005ed54ea28e0 Exception <a 'java/lang/NoSuchMethodError'{0x000001c759d1de40}: 'java.lang.Object java.lang.invoke.DirectMethodHandle$Holder.invokeStatic(java.lang.Object, int, java.lang.Object, java.lang.Object, java.lang.Object, java.lang.Object)'> (0x000001c759d1de40) 
thrown [s\src\hotspot\share\interpreter\linkResolver.cpp, line 771]
Event: 5.760 Thread 0x000005ed54ea28e0 Exception <a 'java/lang/ClassNotFoundException'{0x000001c759ef6ae0}: com/sun/swing/internal/plaf/metal/resources/spi/metalProvider> (0x000001c759ef6ae0) 
thrown [s\src\hotspot\share\classfile\systemDictionary.cpp, line 256]
Event: 5.761 Thread 0x000005ed54ea28e0 Exception <a 'java/lang/ClassNotFoundException'{0x000001c759efca38}: com/sun/swing/internal/plaf/basic/resources/spi/basicProvider> (0x000001c759efca38) 
thrown [s\src\hotspot\share\classfile\systemDictionary.cpp, line 256]
Event: 5.765 Thread 0x000005ed54ea28e0 Exception <a 'java/lang/NoSuchMethodError'{0x000001c759f20df0}: 'java.lang.Object java.lang.invoke.Invokers$Holder.linkToTargetMethod(java.lang.Object, int, java.lang.Object, java.lang.Object, java.lang.Object)'> (0x000001c759f20df0) 
thrown [s\src\hotspot\share\interpreter\linkResolver.cpp, line 771]
Event: 5.794 Thread 0x000005ed549e3f40 Exception <a 'java/lang/NoSuchMethodError'{0x000001c759fd9e20}: 'void java.lang.invoke.DirectMethodHandle$Holder.invokeVirtual(java.lang.Object, java.lang.Object)'> (0x000001c759fd9e20) 
thrown [s\src\hotspot\share\interpreter\linkResolver.cpp, line 771]
Event: 5.821 Thread 0x000005ed54ea28e0 Exception <a 'java/lang/NoSuchMethodError'{0x000001c759fb1f70}: 'java.lang.Object java.lang.invoke.DirectMethodHandle$Holder.newInvokeSpecial(java.lang.Object, java.lang.Object, int, int, int, int)'> (0x000001c759fb1f70) 
thrown [s\src\hotspot\share\interpreter\linkResolver.cpp, line 771]
Event: 5.826 Thread 0x000005ed54ea28e0 Exception <a 'java/lang/NoSuchMethodError'{0x000001c759fc3cc0}: 'void java.lang.invoke.DirectMethodHandle$Holder.invokeSpecial(java.lang.Object, java.lang.Object, int, int)'> (0x000001c759fc3cc0) 
thrown [s\src\hotspot\share\interpreter\linkResolver.cpp, line 771]
Event: 5.827 Thread 0x000005ed54ea28e0 Exception <a 'java/lang/NoSuchMethodError'{0x000001c759fcbb28}: 'java.lang.Object java.lang.invoke.DirectMethodHandle$Holder.newInvokeSpecial(java.lang.Object, java.lang.Object, int, int)'> (0x000001c759fcbb28) 
thrown [s\src\hotspot\share\interpreter\linkResolver.cpp, line 771]
Event: 6.012 Thread 0x000005ed54ea28e0 Exception <a 'java/lang/NoSuchMethodError'{0x000001c7581321c0}: 'java.lang.Object java.lang.invoke.Invokers$Holder.invoke_MT(java.lang.Object, java.lang.Object, java.lang.Object)'> (0x000001c7581321c0) 
thrown [s\src\hotspot\share\interpreter\linkResolver.cpp, line 771]
Event: 6.014 Thread 0x000005ed54ea28e0 Exception <a 'java/lang/NoSuchMethodError'{0x000001c7581406d0}: 'int java.lang.invoke.Invokers$Holder.invoke_MT(java.lang.Object, java.lang.Object, java.lang.Object)'> (0x000001c7581406d0) 
thrown [s\src\hotspot\share\interpreter\linkResolver.cpp, line 771]
Event: 7.176 Thread 0x000005ed54ea28e0 Exception <a 'java/lang/NoSuchMethodError'{0x000001c7581ce3a0}: 'void java.lang.invoke.DirectMethodHandle$Holder.invokeStatic(java.lang.Object, java.lang.Object, java.lang.Object)'> (0x000001c7581ce3a0) 
thrown [s\src\hotspot\share\interpreter\linkResolver.cpp, line 771]
Event: 24.018 Thread 0x000005ed54ea28e0 Implicit null exception at 0x000001c73224f0c0 to 0x000001c73224f278
Event: 29.380 Thread 0x000005ed54ea19b0 Implicit null exception at 0x000001c73229c3f6 to 0x000001c73229d000
Event: 29.381 Thread 0x000005ed54ea19b0 Implicit null exception at 0x000001c732295580 to 0x000001c732295b0c
Event: 29.685 Thread 0x000005ed54ea19b0 Implicit null exception at 0x000001c73229f466 to 0x000001c7322a1cf8

VM Operations (20 events):
Event: 23.482 Executing VM operation: Cleanup
Event: 23.483 Executing VM operation: Cleanup done
Event: 24.494 Executing VM operation: Cleanup
Event: 24.494 Executing VM operation: Cleanup done
Event: 25.495 Executing VM operation: Cleanup
Event: 25.495 Executing VM operation: Cleanup done
Event: 26.498 Executing VM operation: Cleanup
Event: 26.498 Executing VM operation: Cleanup done
Event: 27.512 Executing VM operation: Cleanup
Event: 27.512 Executing VM operation: Cleanup done
Event: 27.733 Executing VM operation: HandshakeAllThreads
Event: 27.733 Executing VM operation: HandshakeAllThreads done
Event: 28.736 Executing VM operation: Cleanup
Event: 28.736 Executing VM operation: Cleanup done
Event: 29.377 Executing VM operation: HandshakeAllThreads
Event: 29.377 Executing VM operation: HandshakeAllThreads done
Event: 29.677 Executing VM operation: G1CollectForAllocation
Event: 29.684 Executing VM operation: G1CollectForAllocation done
Event: 30.693 Executing VM operation: Cleanup
Event: 30.694 Executing VM operation: Cleanup done

Events (20 events):
Event: 29.376 loading class javax/swing/JInternalFrame done
Event: 29.377 loading class javax/swing/KeyboardManager
Event: 29.377 loading class javax/swing/KeyboardManager done
Event: 29.377 loading class javax/swing/Popup$HeavyWeightWindow
Event: 29.377 loading class sun/awt/ModalExclude
Event: 29.377 loading class sun/awt/ModalExclude done
Event: 29.377 loading class javax/swing/JWindow
Event: 29.378 loading class javax/swing/JWindow done
Event: 29.378 loading class javax/swing/Popup$HeavyWeightWindow done
Event: 31.648 Thread 0x000005ed54ea3810 Thread added: 0x000005ed54ea3810
Event: 31.648 Thread 0x000005ed54ea1ec0 Thread added: 0x000005ed54ea1ec0
Event: 31.648 Thread 0x000005ed54ea3300 Thread added: 0x000005ed54ea3300
Event: 31.649 loading class java/util/WeakHashMap$KeyIterator
Event: 31.649 loading class java/util/WeakHashMap$HashIterator
Event: 31.649 loading class sun/font/SunFontManager$8$1
Event: 31.649 loading class sun/font/SunFontManager$8$1 done
Event: 31.649 loading class java/util/WeakHashMap$HashIterator done
Event: 31.649 loading class java/util/WeakHashMap$KeyIterator done
Event: 31.649 Thread 0x000005ed54ea3810 Thread exited: 0x000005ed54ea3810
Event: 31.653 Thread 0x000005ed54ea3300 Thread exited: 0x000005ed54ea3300


Dynamic libraries:
0x00007ff7d9cd0000 - 0x00007ff7d9cda000 	C:\Users\bader\.jdks\jbrsdk_jcef-17.0.9\bin\java.exe
0x00007ffed6e90000 - 0x00007ffed7088000 	C:\Windows\SYSTEM32\ntdll.dll
0x00007ffed4f20000 - 0x00007ffed4fe2000 	C:\Windows\System32\KERNEL32.DLL
0x00007ffed4960000 - 0x00007ffed4c5e000 	C:\Windows\System32\KERNELBASE.dll
0x00007ffed4db0000 - 0x00007ffed4eb0000 	C:\Windows\System32\ucrtbase.dll
0x00007ffecf5f0000 - 0x00007ffecf607000 	C:\Users\bader\.jdks\jbrsdk_jcef-17.0.9\bin\jli.dll
0x00007ffecf4c0000 - 0x00007ffecf4db000 	C:\Users\bader\.jdks\jbrsdk_jcef-17.0.9\bin\VCRUNTIME140.dll
0x00007ffed6bd0000 - 0x00007ffed6d6d000 	C:\Windows\System32\USER32.dll
0x00007ffeba210000 - 0x00007ffeba4aa000 	C:\Windows\WinSxS\amd64_microsoft.windows.common-controls_6595b64144ccf1df_6.0.19041.4355_none_60b8b9eb71f62e16\COMCTL32.dll
0x00007ffed4650000 - 0x00007ffed4672000 	C:\Windows\System32\win32u.dll
0x00007ffed61a0000 - 0x00007ffed61cb000 	C:\Windows\System32\GDI32.dll
0x00007ffed67d0000 - 0x00007ffed686e000 	C:\Windows\System32\msvcrt.dll
0x00007ffed4530000 - 0x00007ffed4647000 	C:\Windows\System32\gdi32full.dll
0x00007ffed4d10000 - 0x00007ffed4dad000 	C:\Windows\System32\msvcp_win.dll
0x00007ffed6100000 - 0x00007ffed612f000 	C:\Windows\System32\IMM32.DLL
0x00007ffecf660000 - 0x00007ffecf66c000 	C:\Users\bader\.jdks\jbrsdk_jcef-17.0.9\bin\vcruntime140_1.dll
0x00007ffeb72d0000 - 0x00007ffeb735d000 	C:\Users\bader\.jdks\jbrsdk_jcef-17.0.9\bin\msvcp140.dll
0x00007ffe6afa0000 - 0x00007ffe6bc22000 	C:\Users\bader\.jdks\jbrsdk_jcef-17.0.9\bin\server\jvm.dll
0x00007ffed6d90000 - 0x00007ffed6e41000 	C:\Windows\System32\ADVAPI32.dll
0x00007ffed5e40000 - 0x00007ffed5edf000 	C:\Windows\System32\sechost.dll
0x00007ffed62a0000 - 0x00007ffed63c3000 	C:\Windows\System32\RPCRT4.dll
0x00007ffed4760000 - 0x00007ffed4787000 	C:\Windows\System32\bcrypt.dll
0x00007ffed3a60000 - 0x00007ffed3aab000 	C:\Windows\SYSTEM32\POWRPROF.dll
0x00007ffebb4b0000 - 0x00007ffebb4b9000 	C:\Windows\SYSTEM32\WSOCK32.dll
0x00007ffeb9a40000 - 0x00007ffeb9a67000 	C:\Windows\SYSTEM32\WINMM.dll
0x00007ffed6090000 - 0x00007ffed60fb000 	C:\Windows\System32\WS2_32.dll
0x00007ffecd650000 - 0x00007ffecd65a000 	C:\Windows\SYSTEM32\VERSION.dll
0x00007ffed3930000 - 0x00007ffed3942000 	C:\Windows\SYSTEM32\UMPDC.dll
0x00007ffed23b0000 - 0x00007ffed23c2000 	C:\Windows\SYSTEM32\kernel.appcore.dll
0x00007ffecf640000 - 0x00007ffecf64a000 	C:\Users\bader\.jdks\jbrsdk_jcef-17.0.9\bin\jimage.dll
0x00007ffed1cc0000 - 0x00007ffed1ea4000 	C:\Windows\SYSTEM32\DBGHELP.DLL
0x00007ffec4470000 - 0x00007ffec44a4000 	C:\Windows\SYSTEM32\dbgcore.DLL
0x00007ffed46d0000 - 0x00007ffed4752000 	C:\Windows\System32\bcryptPrimitives.dll
0x00007ffecd140000 - 0x00007ffecd14e000 	C:\Users\bader\.jdks\jbrsdk_jcef-17.0.9\bin\instrument.dll
0x00007ffecbf50000 - 0x00007ffecbf75000 	C:\Users\bader\.jdks\jbrsdk_jcef-17.0.9\bin\java.dll
0x00007ffec3fb0000 - 0x00007ffec3fc8000 	C:\Users\bader\.jdks\jbrsdk_jcef-17.0.9\bin\zip.dll
0x00007ffea8900000 - 0x00007ffea89d7000 	C:\Users\bader\.jdks\jbrsdk_jcef-17.0.9\bin\jsvml.dll
0x00007ffed4ff0000 - 0x00007ffed575d000 	C:\Windows\System32\SHELL32.dll
0x00007ffed25b0000 - 0x00007ffed2d54000 	C:\Windows\SYSTEM32\windows.storage.dll
0x00007ffed6870000 - 0x00007ffed6bc3000 	C:\Windows\System32\combase.dll
0x00007ffed3f60000 - 0x00007ffed3f8e000 	C:\Windows\SYSTEM32\Wldp.dll
0x00007ffed61d0000 - 0x00007ffed629d000 	C:\Windows\System32\OLEAUT32.dll
0x00007ffed65c0000 - 0x00007ffed666d000 	C:\Windows\System32\SHCORE.dll
0x00007ffed6560000 - 0x00007ffed65b5000 	C:\Windows\System32\shlwapi.dll
0x00007ffed4460000 - 0x00007ffed4484000 	C:\Windows\SYSTEM32\profapi.dll
0x00007ffec3f90000 - 0x00007ffec3fa9000 	C:\Users\bader\.jdks\jbrsdk_jcef-17.0.9\bin\net.dll
0x00007ffeccc80000 - 0x00007ffeccd8d000 	C:\Windows\SYSTEM32\WINHTTP.dll
0x00007ffed3cc0000 - 0x00007ffed3d2a000 	C:\Windows\system32\mswsock.dll
0x00007ffec3ef0000 - 0x00007ffec3f06000 	C:\Users\bader\.jdks\jbrsdk_jcef-17.0.9\bin\nio.dll
0x00007ffec1840000 - 0x00007ffec185a000 	C:\Program Files\JetBrains\IntelliJ IDEA Community Edition 2023.3.6\bin\breakgen64.dll
0x00007ffe82d70000 - 0x00007ffe82f0a000 	C:\Users\bader\.jdks\jbrsdk_jcef-17.0.9\bin\awt.dll
0x00007ffebbdb0000 - 0x00007ffebbdf4000 	C:\Users\bader\.jdks\jbrsdk_jcef-17.0.9\bin\nvdaControllerClient64.dll
0x00007ffed20b0000 - 0x00007ffed20df000 	C:\Windows\SYSTEM32\dwmapi.dll
0x00007ffecf1c0000 - 0x00007ffecf254000 	C:\Windows\SYSTEM32\apphelp.dll
0x00007ffeb81e0000 - 0x00007ffeb8308000 	C:\Windows\system32\opengl32.dll
0x00007ffeb7c60000 - 0x00007ffeb7c8c000 	C:\Windows\SYSTEM32\GLU32.dll
0x00007ffed1090000 - 0x00007ffed112e000 	C:\Windows\system32\uxtheme.dll
0x00007ffed5bd0000 - 0x00007ffed5ce5000 	C:\Windows\System32\MSCTF.dll
0x00007ffed5cf0000 - 0x00007ffed5d99000 	C:\Windows\System32\clbcatq.dll
0x00007ffe45430000 - 0x00007ffe463fa000 	C:\Windows\System32\DriverStore\FileRepository\iigd_dch.inf_amd64_5d54dd32fa1ef4d4\ig9icd64.dll
0x00007ffed6430000 - 0x00007ffed655b000 	C:\Windows\System32\ole32.dll
0x00007ffed2dc0000 - 0x00007ffed2eb6000 	C:\Windows\system32\dxgi.dll
0x00007ffec7a80000 - 0x00007ffec7cbf000 	C:\Windows\System32\DriverStore\FileRepository\iigd_dch.inf_amd64_5d54dd32fa1ef4d4\igdgmm64.dll
0x00007ffec4eb0000 - 0x00007ffec7a79000 	C:\Windows\System32\DriverStore\FileRepository\iigd_dch.inf_amd64_5d54dd32fa1ef4d4\igc64.dll
0x00007ffe63280000 - 0x00007ffe6368c000 	C:\Windows\System32\DriverStore\FileRepository\iigd_dch.inf_amd64_5d54dd32fa1ef4d4\igdml64.dll
0x00007ffed3ec0000 - 0x00007ffed3ed8000 	C:\Windows\SYSTEM32\CRYPTSP.dll
0x00007ffed3570000 - 0x00007ffed35a4000 	C:\Windows\system32\rsaenh.dll
0x00007ffed4420000 - 0x00007ffed444e000 	C:\Windows\SYSTEM32\USERENV.dll
0x00007ffed3eb0000 - 0x00007ffed3ebc000 	C:\Windows\SYSTEM32\CRYPTBASE.dll
0x00007ffed3950000 - 0x00007ffed398b000 	C:\Windows\SYSTEM32\IPHLPAPI.DLL
0x00007ffed5e30000 - 0x00007ffed5e38000 	C:\Windows\System32\NSI.dll
0x00007ffecc960000 - 0x00007ffecc977000 	C:\Windows\SYSTEM32\dhcpcsvc6.DLL
0x00007ffeccbf0000 - 0x00007ffeccc0d000 	C:\Windows\SYSTEM32\dhcpcsvc.DLL
0x00007ffed3990000 - 0x00007ffed3a5a000 	C:\Windows\SYSTEM32\DNSAPI.dll
0x00007ffeabf20000 - 0x00007ffeabfa7000 	C:\Users\bader\.jdks\jbrsdk_jcef-17.0.9\bin\freetype.dll
0x00007ffea7b90000 - 0x00007ffea7c67000 	C:\Users\bader\.jdks\jbrsdk_jcef-17.0.9\bin\fontmanager.dll
0x00007ffebde20000 - 0x00007ffebde32000 	C:\Users\bader\.jdks\jbrsdk_jcef-17.0.9\bin\jsound.dll
0x00007ffea87c0000 - 0x00007ffea885c000 	C:\Windows\SYSTEM32\DSOUND.dll
0x00007ffec02f0000 - 0x00007ffec0316000 	C:\Windows\SYSTEM32\winmmbase.dll
0x00007ffecce00000 - 0x00007ffecce85000 	C:\Windows\System32\MMDevApi.dll
0x00007ffed42c0000 - 0x00007ffed42f3000 	C:\Windows\System32\DEVOBJ.dll
0x00007ffed4680000 - 0x00007ffed46ce000 	C:\Windows\System32\cfgmgr32.dll
0x00007ffeb5080000 - 0x00007ffeb50c6000 	C:\Windows\SYSTEM32\wdmaud.drv
0x00007ffecf4e0000 - 0x00007ffecf4e9000 	C:\Windows\SYSTEM32\ksuser.dll
0x00007ffeced00000 - 0x00007ffeced0a000 	C:\Windows\SYSTEM32\AVRT.dll
0x00007ffecce90000 - 0x00007ffecd011000 	C:\Windows\SYSTEM32\AUDIOSES.DLL
0x00007ffeb5070000 - 0x00007ffeb507d000 	C:\Windows\SYSTEM32\msacm32.drv
0x00007ffeb5050000 - 0x00007ffeb506e000 	C:\Windows\SYSTEM32\MSACM32.dll
0x00007ffeb5040000 - 0x00007ffeb504b000 	C:\Windows\SYSTEM32\midimap.dll
0x00007ffed1fb0000 - 0x00007ffed1fc4000 	C:\Windows\SYSTEM32\resourcepolicyclient.dll
0x00007ffeb1a60000 - 0x00007ffeb1c05000 	C:\Windows\WinSxS\amd64_microsoft.windows.gdiplus_6595b64144ccf1df_1.1.19041.4597_none_91a78020cc854124\gdiplus.dll
0x00007ffebfdd0000 - 0x00007ffebfec9000 	C:\Windows\SYSTEM32\textinputframework.dll
0x00007ffece6e0000 - 0x00007ffecea3b000 	C:\Windows\System32\CoreUIComponents.dll
0x00007ffecea50000 - 0x00007ffeceb42000 	C:\Windows\System32\CoreMessaging.dll
0x00007ffed37c0000 - 0x00007ffed37f3000 	C:\Windows\SYSTEM32\ntmarta.dll
0x00007ffed12c0000 - 0x00007ffed1417000 	C:\Windows\SYSTEM32\wintypes.dll
0x00007ffeb7e70000 - 0x00007ffeb8165000 	C:\Windows\System32\uiautomationcore.dll
0x00007ffed1880000 - 0x00007ffed1976000 	C:\Windows\System32\PROPSYS.dll
0x00007ffeb8170000 - 0x00007ffeb81d6000 	C:\Windows\System32\OLEACC.dll
0x00007ffebfed0000 - 0x00007ffec000f000 	C:\Windows\System32\Windows.UI.dll
0x00007ffecbdf0000 - 0x00007ffecbe91000 	C:\Windows\System32\WindowManagementAPI.dll
0x00007ffebfc70000 - 0x00007ffebfdc2000 	C:\Windows\System32\InputHost.dll
0x00007ffecb4a0000 - 0x00007ffecb6a3000 	C:\Windows\SYSTEM32\twinapi.appcore.dll

dbghelp: loaded successfully - version: 4.0.5 - missing functions: none
symbol engine: initialized successfully - sym options: 0x614 - pdb path: .;C:\Users\bader\.jdks\jbrsdk_jcef-17.0.9\bin;C:\Windows\SYSTEM32;C:\Windows\WinSxS\amd64_microsoft.windows.common-controls_6595b64144ccf1df_6.0.19041.4355_none_60b8b9eb71f62e16;C:\Users\bader\.jdks\jbrsdk_jcef-17.0.9\bin\server;C:\Program Files\JetBrains\IntelliJ IDEA Community Edition 2023.3.6\bin;C:\Windows\System32\DriverStore\FileRepository\iigd_dch.inf_amd64_5d54dd32fa1ef4d4;C:\Windows\WinSxS\amd64_microsoft.windows.gdiplus_6595b64144ccf1df_1.1.19041.4597_none_91a78020cc854124

VM Arguments:
jvm_args: -Xmx3072g -Xmx4096g -Dsun.java2d.opengl=true -XX:ErrorFile=logs/hs_err_pid%p.log -javaagent:C:\Program Files\JetBrains\IntelliJ IDEA Community Edition 2023.3.6\lib\idea_rt.jar=52688:C:\Program Files\JetBrains\IntelliJ IDEA Community Edition 2023.3.6\bin -Dfile.encoding=UTF-8 
java_command: net.sendback.Main
java_class_path (initial): C:\Users\bader\OneDrive\Bureau\Idea\GTS_PRojekt\target\classes
Launcher Type: SUN_STANDARD

[Global flags]
     intx CICompilerCount                          = 4                                         {product} {ergonomic}
     uint ConcGCThreads                            = 3                                         {product} {ergonomic}
    ccstr ErrorFile                                = logs/hs_err_pid%p.log                     {product} {command line}
     uint G1ConcRefinementThreads                  = 10                                        {product} {ergonomic}
   size_t G1HeapRegionSize                         = 33554432                                  {product} {ergonomic}
    uintx GCDrainStackTargetSize                   = 64                                        {product} {ergonomic}
   size_t InitialHeapSize                          = 268435456                                 {product} {ergonomic}
   size_t MarkStackSize                            = 4194304                                   {product} {ergonomic}
   size_t MaxHeapSize                              = 4398046511104                             {product} {command line}
   size_t MaxNewSize                               = 2638821195776                             {product} {ergonomic}
   size_t MinHeapDeltaBytes                        = 33554432                                  {product} {ergonomic}
   size_t MinHeapSize                              = 33554432                                  {product} {ergonomic}
    uintx NonNMethodCodeHeapSize                   = 5839372                                {pd product} {ergonomic}
    uintx NonProfiledCodeHeapSize                  = 122909434                              {pd product} {ergonomic}
    uintx ProfiledCodeHeapSize                     = 122909434                              {pd product} {ergonomic}
    uintx ReservedCodeCacheSize                    = 251658240                              {pd product} {ergonomic}
     bool SegmentedCodeCache                       = true                                      {product} {ergonomic}
   size_t SoftMaxHeapSize                          = 4398046511104                          {manageable} {ergonomic}
     bool UseCompressedClassPointers               = true                           {product lp64_product} {ergonomic}
     bool UseG1GC                                  = true                                      {product} {ergonomic}
     bool UseLargePagesIndividualAllocation        = false                                  {pd product} {ergonomic}

Logging:
Log output configuration:
 #0: stdout all=warning uptime,level,tags
 #1: stderr all=off uptime,level,tags

Environment Variables:
PATH=C:\Program Files\Common Files\Oracle\Java\javapath;C:\Windows\system32;C:\Windows;C:\Windows\System32\Wbem;C:\Windows\System32\WindowsPowerShell\v1.0\;C:\Windows\System32\OpenSSH\;C:\Program Files (x86)\NVIDIA Corporation\PhysX\Common;C:\Program Files\dotnet\;C:\Users\bader\AppData\Local\Microsoft\WindowsApps;C:\Users\bader\AppData\Local\GitHubDesktop\bin
USERNAME=bader
OS=Windows_NT
PROCESSOR_IDENTIFIER=Intel64 Family 6 Model 158 Stepping 10, GenuineIntel
TMP=C:\Users\bader\AppData\Local\Temp
TEMP=C:\Users\bader\AppData\Local\Temp



Periodic native trim disabled

JNI global refs:
JNI global refs: 149, weak refs: 142

JNI global refs memory usage: 2107, weak refs: 2737

OOME stack traces (most recent first):
Classloader memory used:
Loader bootstrap                                                                       : 2781K
Loader jdk.internal.loader.ClassLoaders$AppClassLoader                                 : 36022B
Loader jdk.internal.reflect.DelegatingClassLoader                                      : 5306B
Loader jdk.internal.loader.ClassLoaders$PlatformClassLoader                            : 764B


---------------  S Y S T E M  ---------------

OS:
 Windows 10 , 64 bit Build 19041 (10.0.19041.5072)
OS uptime: 12 days 1:16 hours

CPU: total 12 (initial active 12) (6 cores per cpu, 2 threads per core) family 6 model 158 stepping 10 microcode 0xf0, cx8, cmov, fxsr, ht, mmx, 3dnowpref, sse, sse2, sse3, ssse3, sse4.1, sse4.2, popcnt, lzcnt, tsc, tscinvbit, avx, avx2, aes, erms, clmul, bmi1, bmi2, adx, fma, vzeroupper, clflush, clflushopt
Processor Information for all 12 processors :
  Max Mhz: 2592, Current Mhz: 2592, Mhz Limit: 2592

Memory: 4k page, system-wide physical 16254M (2099M free)
TotalPageFile size 21818M (AvailPageFile size 3148M)
current process WorkingSet (physical memory assigned to process): 664M, peak: 669M
current process commit charge ("private bytes"): 970M, peak: 971M

vm_info: OpenJDK 64-Bit Server VM (17.0.9+8-b1166.2) for windows-amd64 JRE (17.0.9+8-b1166.2), built on 2024-01-13 by "builduser" with MS VC++ 16.10 / 16.11 (VS2019)

END.
