#
# A fatal error has been detected by the Java Runtime Environment:
#
#  EXCEPTION_ACCESS_VIOLATION (0xc0000005) at pc=0x00007ffe6a403c53, pid=13520, tid=36308
#
# JRE version: OpenJDK Runtime Environment JBR-17.0.9+8-1166.2-jcef (17.0.9+8) (build 17.0.9+8-b1166.2)
# Java VM: OpenJDK 64-Bit Server VM JBR-17.0.9+8-1166.2-jcef (17.0.9+8-b1166.2, mixed mode, tiered, compressed class ptrs, g1 gc, windows-amd64)
# Problematic frame:
# C  [ig9icd64.dll+0x9c3c53]
#
# No core dump will be written. Minidumps are not enabled by default on client versions of Windows
#
# If you would like to submit a bug report, please visit:
#   https://youtrack.jetbrains.com/issues/JBR
# The crash happened outside the Java Virtual Machine in native code.
# See problematic frame for where to report the bug.
#

---------------  S U M M A R Y ------------

Command Line: -Xmx3072g -Xmx4096g -Dsun.java2d.opengl=true -XX:ErrorFile=logs/hs_err_pid%p.log -javaagent:C:\Program Files\JetBrains\IntelliJ IDEA Community Edition 2023.3.6\lib\idea_rt.jar=60051:C:\Program Files\JetBrains\IntelliJ IDEA Community Edition 2023.3.6\bin -Dfile.encoding=UTF-8 net.sendback.Main

Host: Intel(R) Core(TM) i7-9750H CPU @ 2.60GHz, 12 cores, 15G,  Windows 10 , 64 bit Build 19041 (10.0.19041.5072)
Time: Thu Nov 14 22:00:59 2024 Mitteleuropäische Zeit elapsed time: 25.658216 seconds (0d 0h 0m 25s)

---------------  T H R E A D  ---------------

Current thread (0x00000658dd4da570):  JavaThread "Java2D Queue Flusher" daemon [_thread_in_native, id=36308, stack(0x0000006bc7300000,0x0000006bc7400000)]

Stack: [0x0000006bc7300000,0x0000006bc7400000],  sp=0x0000006bc73feb38,  free space=1018k
Native frames: (J=compiled Java code, j=interpreted, Vv=VM code, C=native code)
C  [ig9icd64.dll+0x9c3c53]

Java frames: (J=compiled Java code, j=interpreted, Vv=VM code)
j  sun.java2d.opengl.OGLRenderQueue.flushBuffer(JI)V+0 java.desktop
J 2663 c1 sun.java2d.opengl.OGLRenderQueue.flushBuffer()V java.desktop (41 bytes) @ 0x00000232b9f3c404 [0x00000232b9f3c2e0+0x0000000000000124]
j  sun.java2d.opengl.OGLRenderQueue$QueueFlusher.run()V+81 java.desktop
j  java.lang.Thread.run()V+11 java.base@17.0.9
v  ~StubRoutines::call_stub

siginfo: EXCEPTION_ACCESS_VIOLATION (0xc0000005), reading address 0xffffffffffffffff


Registers:
RAX=0x000000000fff0fff, RBX=0x00007ffe69a40000, RCX=0x000000033fcf3fcc, RDX=0x0000006bc73ff050
RSP=0x0000006bc73feb38, RBP=0x0000006bc73fec40, RSI=0x00000658e38e0400, RDI=0x0000006bc73fee40
R8 =0x0000006bc73fec70, R9 =0x0000006bc73ff050, R10=0x0000006bc73fee40, R11=0x0000000000000000
R12=0x00007ffe6a86a420, R13=0x0000000000000000, R14=0x0000000000000000, R15=0x00000000000001c1
RIP=0x00007ffe6a403c53, EFLAGS=0x0000000000010206


Register to memory mapping:

RIP=0x00007ffe6a403c53 ig9icd64.dll
RAX=0x000000000fff0fff is an unknown value
RBX=0x00007ffe69a40000 ig9icd64.dll
RCX=0x000000033fcf3fcc is an unknown value
RDX=0x0000006bc73ff050 is pointing into the stack for thread: 0x00000658dd4da570
RSP=0x0000006bc73feb38 is pointing into the stack for thread: 0x00000658dd4da570
RBP=0x0000006bc73fec40 is pointing into the stack for thread: 0x00000658dd4da570
RSI=0x00000658e38e0400 points into unknown readable memory: 0x00000658dd501380 | 80 13 50 dd 58 06 00 00
RDI=0x0000006bc73fee40 is pointing into the stack for thread: 0x00000658dd4da570
R8 =0x0000006bc73fec70 is pointing into the stack for thread: 0x00000658dd4da570
R9 =0x0000006bc73ff050 is pointing into the stack for thread: 0x00000658dd4da570
R10=0x0000006bc73fee40 is pointing into the stack for thread: 0x00000658dd4da570
R11=0x0 is NULL
R12=0x00007ffe6a86a420 ig9icd64.dll
R13=0x0 is NULL
R14=0x0 is NULL
R15=0x00000000000001c1 is an unknown value


Top of Stack: (sp=0x0000006bc73feb38)
0x0000006bc73feb38:   00007ffe6a40138b 0000000000000001
0x0000006bc73feb48:   0000000000000000 00000658e631d100
0x0000006bc73feb58:   00007ffec7a82572 0000004000000065
0x0000006bc73feb68:   0000006bc73fed70 0000000000000000
0x0000006bc73feb78:   00000658e3f76ca0 0000000000000000
0x0000006bc73feb88:   00000658e43504a0 0000000000000001
0x0000006bc73feb98:   0000000000000000 0000000000004000
0x0000006bc73feba8:   00007ffec7c62723 0000006bc73fed20
0x0000006bc73febb8:   00007ffe6a099070 0000000000000000
0x0000006bc73febc8:   0000006b00000018 0000006bc73fee50
0x0000006bc73febd8:   00000658dd326000 0000ab734eae0062
0x0000006bc73febe8:   0000000000000001 00000232b3cc0000
0x0000006bc73febf8:   0000000000000295 0000000000000200
0x0000006bc73fec08:   00007ffed6ebb86b 000000000027001c
0x0000006bc73fec18:   000000000000007e 00000658e41e45b0
0x0000006bc73fec28:   0000000000000000 0000000000000000
0x0000006bc73fec38:   00007ffe6a401c62 0000000000000000
0x0000006bc73fec48:   00000232b3cc1200 0000006bc73fef40
0x0000006bc73fec58:   00000232b3cc0000 00000232b3cc02b4
0x0000006bc73fec68:   00000658e3f76ca0 00007ffe6a70f020
0x0000006bc73fec78:   0000000e00000000 0000001a00000018
0x0000006bc73fec88:   00000fff00000000 437f0000437f0000
0x0000006bc73fec98:   437f0000437f0000 0000ff0000ff0000
0x0000006bc73feca8:   ff000000000000ff 0000000800000010
0x0000006bc73fecb8:   0000001800000000 0000000000000000
0x0000006bc73fecc8:   0000000000000000 0000000000000000
0x0000006bc73fecd8:   0000000000000000 0000000000000000
0x0000006bc73fece8:   0000000000000000 0000000000000000
0x0000006bc73fecf8:   0000000000000000 0000000000000000
0x0000006bc73fed08:   0000000000000000 0000000000000000
0x0000006bc73fed18:   0000000000000000 0000000000000000
0x0000006bc73fed28:   0000000000000000 0000000000000000 

Instructions: (pc=0x00007ffe6a403c53)
0x00007ffe6a403b53:   a1 b6 30 00 48 89 51 08 48 89 01 8b 44 24 28 89
0x00007ffe6a403b63:   41 20 8b 44 24 30 89 41 24 48 8b c1 4c 89 41 10
0x00007ffe6a403b73:   4c 89 49 18 c3 cc cc cc cc cc cc cc cc 48 89 5c
0x00007ffe6a403b83:   24 08 8b 41 5c 48 8d 1d 71 c4 63 ff 41 89 40 08
0x00007ffe6a403b93:   4c 8b d1 8b 41 60 45 33 db 41 89 40 0c 4c 8b ca
0x00007ffe6a403ba3:   8b 41 64 41 89 40 10 8b 41 68 41 89 40 14 8b 41
0x00007ffe6a403bb3:   6c 41 89 40 18 8b 41 70 41 89 40 1c 48 63 41 74
0x00007ffe6a403bc3:   48 6b c8 34 8b 84 19 84 5f ee 00 41 89 40 20 8b
0x00007ffe6a403bd3:   84 19 88 5f ee 00 41 89 40 24 8b 84 19 8c 5f ee
0x00007ffe6a403be3:   00 41 89 40 28 8b 84 19 90 5f ee 00 41 89 40 2c
0x00007ffe6a403bf3:   8b 84 19 74 5f ee 00 41 89 40 30 8b 84 19 78 5f
0x00007ffe6a403c03:   ee 00 41 89 40 34 8b 84 19 7c 5f ee 00 41 89 40
0x00007ffe6a403c13:   38 8b 84 19 80 5f ee 00 41 89 40 3c 8b 84 19 64
0x00007ffe6a403c23:   5f ee 00 41 89 40 40 8b 84 19 68 5f ee 00 41 89
0x00007ffe6a403c33:   40 44 8b 84 19 6c 5f ee 00 41 89 40 48 8b 84 19
0x00007ffe6a403c43:   70 5f ee 00 41 89 40 4c 49 63 42 78 48 6b c8 34
0x00007ffe6a403c53:   8b 84 19 84 5f ee 00 41 89 40 50 8b 84 19 88 5f
0x00007ffe6a403c63:   ee 00 41 89 40 54 8b 84 19 8c 5f ee 00 41 89 40
0x00007ffe6a403c73:   58 8b 84 19 90 5f ee 00 41 89 40 5c 8b 84 19 74
0x00007ffe6a403c83:   5f ee 00 41 89 40 60 8b 84 19 78 5f ee 00 41 89
0x00007ffe6a403c93:   40 64 8b 84 19 7c 5f ee 00 41 89 40 68 8b 84 19
0x00007ffe6a403ca3:   80 5f ee 00 41 89 40 6c 8b 84 19 64 5f ee 00 41
0x00007ffe6a403cb3:   89 40 70 8b 84 19 68 5f ee 00 41 89 40 74 8b 84
0x00007ffe6a403cc3:   19 6c 5f ee 00 41 89 40 78 8b 84 19 70 5f ee 00
0x00007ffe6a403cd3:   41 89 40 7c 48 8b 42 18 8b 88 38 0b 00 00 f6 c1
0x00007ffe6a403ce3:   08 0f 84 86 00 00 00 8b 80 3c 0b 00 00 41 89 80
0x00007ffe6a403cf3:   80 00 00 00 48 8b 42 18 8b 88 40 0b 00 00 41 89
0x00007ffe6a403d03:   88 84 00 00 00 48 8b 42 18 8b 88 44 0b 00 00 41
0x00007ffe6a403d13:   89 88 88 00 00 00 48 8b 42 18 8b 88 48 0b 00 00
0x00007ffe6a403d23:   41 89 88 8c 00 00 00 48 8b 42 18 8b 88 4c 0b 00
0x00007ffe6a403d33:   00 41 89 88 90 00 00 00 48 8b 42 18 8b 88 50 0b
0x00007ffe6a403d43:   00 00 41 89 88 94 00 00 00 48 8b 42 18 8b 88 54 


Stack slot to memory mapping:
stack at sp + 0 slots: 0x00007ffe6a40138b ig9icd64.dll
stack at sp + 1 slots: 0x0000000000000001 is an unknown value
stack at sp + 2 slots: 0x0 is NULL
stack at sp + 3 slots: 0x00000658e631d100 points into unknown readable memory: 0x0000000000000000 | 00 00 00 00 00 00 00 00
stack at sp + 4 slots: 0x00007ffec7a82572 igdgmm64.dll
stack at sp + 5 slots: 0x0000004000000065 is an unknown value
stack at sp + 6 slots: 0x0000006bc73fed70 is pointing into the stack for thread: 0x00000658dd4da570
stack at sp + 7 slots: 0x0 is NULL


Compiled method (c1)   25752 2663       3       sun.java2d.opengl.OGLRenderQueue::flushBuffer (41 bytes)
 total in heap  [0x00000232b9f3c110,0x00000232b9f3c758] = 1608
 relocation     [0x00000232b9f3c268,0x00000232b9f3c2d0] = 104
 main code      [0x00000232b9f3c2e0,0x00000232b9f3c5c0] = 736
 stub code      [0x00000232b9f3c5c0,0x00000232b9f3c618] = 88
 metadata       [0x00000232b9f3c618,0x00000232b9f3c640] = 40
 scopes data    [0x00000232b9f3c640,0x00000232b9f3c690] = 80
 scopes pcs     [0x00000232b9f3c690,0x00000232b9f3c730] = 160
 dependencies   [0x00000232b9f3c730,0x00000232b9f3c738] = 8
 nul chk table  [0x00000232b9f3c738,0x00000232b9f3c758] = 32

[Constant Pool (empty)]

[MachCode]
[Entry Point]
  # {method} {0x00000658d9accfa0} 'flushBuffer' '()V' in 'sun/java2d/opengl/OGLRenderQueue'
  #           [sp+0x70]  (sp of caller)
  0x00000232b9f3c2e0: 448b 5208 

  0x00000232b9f3c2e4: ;   {runtime_call ic_miss_stub}
  0x00000232b9f3c2e4: 4c3b d00f | 8593 4d0e | 0766 6666 | 0f1f 8400 | 0000 0000 | 6666 6690 | 0f1f 4000 
[Verified Entry Point]
  0x00000232b9f3c300: 8984 2400 | 90ff ff55 | 4883 ec60 

  0x00000232b9f3c30c: ;   {metadata(method data for {method} {0x00000658d9accfa0} 'flushBuffer' '()V' in 'sun/java2d/opengl/OGLRenderQueue')}
  0x00000232b9f3c30c: 49b8 508d | 3eda 5806 | 0000 458b | 88cc 0000 | 0041 83c1 | 0245 8988 | cc00 0000 | 4181 e1fe 
  0x00000232b9f3c32c: 0700 0041 | 83f9 000f | 84d6 0100 | 004c 8b42 | 1049 3b00 

  0x00000232b9f3c340: ;   {metadata(method data for {method} {0x00000658d9accfa0} 'flushBuffer' '()V' in 'sun/java2d/opengl/OGLRenderQueue')}
  0x00000232b9f3c340: 4d8b c848 | be50 8d3e | da58 0600 | 0048 8386 | 1001 0000 

  0x00000232b9f3c354: ;   {metadata(method data for {method} {0x00000658d9acf280} 'position' '()I' in 'sun/java2d/pipe/RenderBuffer')}
  0x00000232b9f3c354: 0149 b9d0 | 75ab d958 | 0600 0041 | 8bb1 cc00 | 0000 83c6 | 0241 89b1 | cc00 0000 | 81e6 feff 
  0x00000232b9f3c374: 1f00 83fe | 000f 84b6 | 0100 004d | 8b48 2049 | 8b70 104c | 2bce 458b | c941 83f9 

  0x00000232b9f3c390: ;   {metadata(method data for {method} {0x00000658d9accfa0} 'flushBuffer' '()V' in 'sun/java2d/opengl/OGLRenderQueue')}
  0x00000232b9f3c390: 0048 bf50 | 8d3e da58 | 0600 0048 | bb48 0100 | 0000 0000 | 000f 8e0a | 0000 0048 | bb58 0100 
  0x00000232b9f3c3b0: 0000 0000 | 0048 8b04 | 1f48 8d40 | 0148 8904 | 1f0f 8e42 

  0x00000232b9f3c3c4: ;   {metadata(method data for {method} {0x00000658d9accfa0} 'flushBuffer' '()V' in 'sun/java2d/opengl/OGLRenderQueue')}
  0x00000232b9f3c3c4: 0000 0048 | bf50 8d3e | da58 0600 | 0048 8387 | 6801 0000 | 014c 8bc2 

  0x00000232b9f3c3dc: ;   {metadata(method data for {method} {0x00000658d9accfa0} 'flushBuffer' '()V' in 'sun/java2d/opengl/OGLRenderQueue')}
  0x00000232b9f3c3dc: 48bf 508d | 3eda 5806 | 0000 4883 | 87a0 0100 | 0001 4c8b | c648 8bf2 | 488b d648 | 8974 2450 
  0x00000232b9f3c3fc: ;   {optimized virtual_call}
  0x00000232b9f3c3fc: 6666 90e8 

  0x00000232b9f3c400: ; ImmutableOopMap {[80]=Oop }
                      ;*invokevirtual flushBuffer {reexecute=0 rethrow=0 return_oop=0}
                      ; - sun.java2d.opengl.OGLRenderQueue::flushBuffer@21 (line 150)
  0x00000232b9f3c400: c101 0000 | 488b 5424 | 5048 8b72 | 1048 3b06 

  0x00000232b9f3c410: ;   {metadata(method data for {method} {0x00000658d9accfa0} 'flushBuffer' '()V' in 'sun/java2d/opengl/OGLRenderQueue')}
  0x00000232b9f3c410: 488b fe48 | bb50 8d3e | da58 0600 | 0048 8383 | d801 0000 

  0x00000232b9f3c424: ;   {metadata(method data for {method} {0x00000658d9acf400} 'clear' '()V' in 'sun/java2d/pipe/RenderBuffer')}
  0x00000232b9f3c424: 0148 bfd8 | 8f3e da58 | 0600 008b | 9fcc 0000 | 0083 c302 | 899f cc00 | 0000 81e3 | feff 1f00 
  0x00000232b9f3c444: 83fb 000f | 840e 0100 | 0048 8b7e | 1048 897e | 2048 8b52 | 1848 3b02 

  0x00000232b9f3c45c: ;   {metadata(method data for {method} {0x00000658d9accfa0} 'flushBuffer' '()V' in 'sun/java2d/opengl/OGLRenderQueue')}
  0x00000232b9f3c45c: 488b f248 | bf50 8d3e | da58 0600 | 008b 7608 | 483b b720 | 0200 0075 | 0d48 8387 | 2802 0000 
  0x00000232b9f3c47c: 01e9 6600 | 0000 483b | b730 0200 | 0075 0d48 | 8387 3802 | 0000 01e9 | 5000 0000 | 4881 bf20 
  0x00000232b9f3c49c: 0200 0000 | 0000 0075 | 1748 89b7 | 2002 0000 | 48c7 8728 | 0200 0001 | 0000 00e9 | 2c00 0000 
  0x00000232b9f3c4bc: 4881 bf30 | 0200 0000 | 0000 0075 | 1748 89b7 | 3002 0000 | 48c7 8738 | 0200 0001 | 0000 00e9 
  0x00000232b9f3c4dc: 0800 0000 | 4883 8710 | 0200 0001 | 0f1f 4400 | 0048 b828 | 4e07 8000 

  0x00000232b9f3c4f4: ;   {virtual_call}
  0x00000232b9f3c4f4: 0000 00e8 

  0x00000232b9f3c4f8: ; ImmutableOopMap {}
                      ;*invokeinterface clear {reexecute=0 rethrow=0 return_oop=0}
                      ; - sun.java2d.opengl.OGLRenderQueue::flushBuffer@35 (line 155)
  0x00000232b9f3c4f8: c4d9 ffff | 4883 c460 

  0x00000232b9f3c500: ;   {poll_return}
  0x00000232b9f3c500: 5d49 3ba7 | 5003 0000 | 0f87 7300 

  0x00000232b9f3c50c: ;   {metadata({method} {0x00000658d9accfa0} 'flushBuffer' '()V' in 'sun/java2d/opengl/OGLRenderQueue')}
  0x00000232b9f3c50c: 0000 c349 | ba98 cfac | d958 0600 | 004c 8954 | 2408 48c7 | 0424 ffff 

  0x00000232b9f3c524: ;   {runtime_call counter_overflow Runtime1 stub}
  0x00000232b9f3c524: ffff e855 

  0x00000232b9f3c528: ; ImmutableOopMap {rdx=Oop }
                      ;*synchronization entry
                      ; - sun.java2d.opengl.OGLRenderQueue::flushBuffer@-1 (line 147)
  0x00000232b9f3c528: cc18 07e9 | 09fe ffff 

  0x00000232b9f3c530: ;   {runtime_call throw_null_pointer_exception Runtime1 stub}
  0x00000232b9f3c530: e86b 6f18 

  0x00000232b9f3c534: ; ImmutableOopMap {rdx=Oop r8=Oop }
                      ;*invokevirtual position {reexecute=0 rethrow=0 return_oop=0}
                      ; - sun.java2d.opengl.OGLRenderQueue::flushBuffer@4 (line 147)
                      ;   {metadata({method} {0x00000658d9acf280} 'position' '()I' in 'sun/java2d/pipe/RenderBuffer')}
  0x00000232b9f3c534: 0749 ba78 | f2ac d958 | 0600 004c | 8954 2408 | 48c7 0424 | ffff ffff 

  0x00000232b9f3c54c: ;   {runtime_call counter_overflow Runtime1 stub}
  0x00000232b9f3c54c: e82f cc18 

  0x00000232b9f3c550: ; ImmutableOopMap {rdx=Oop r8=Oop }
                      ;*synchronization entry
                      ; - sun.java2d.pipe.RenderBuffer::position@-1 (line 110)
                      ; - sun.java2d.opengl.OGLRenderQueue::flushBuffer@4 (line 147)
  0x00000232b9f3c550: 07e9 29fe 

  0x00000232b9f3c554: ;   {runtime_call throw_null_pointer_exception Runtime1 stub}
  0x00000232b9f3c554: ffff e845 

  0x00000232b9f3c558: ; ImmutableOopMap {rdx=Oop rsi=Oop }
                      ;*invokevirtual clear {reexecute=0 rethrow=0 return_oop=0}
                      ; - sun.java2d.opengl.OGLRenderQueue::flushBuffer@28 (line 153)
                      ;   {metadata({method} {0x00000658d9acf400} 'clear' '()V' in 'sun/java2d/pipe/RenderBuffer')}
  0x00000232b9f3c558: 6f18 0749 | baf8 f3ac | d958 0600 | 004c 8954 | 2408 48c7 | 0424 ffff 

  0x00000232b9f3c570: ;   {runtime_call counter_overflow Runtime1 stub}
  0x00000232b9f3c570: ffff e809 

  0x00000232b9f3c574: ; ImmutableOopMap {rdx=Oop rsi=Oop }
                      ;*synchronization entry
                      ; - sun.java2d.pipe.RenderBuffer::clear@-1 (line 118)
                      ; - sun.java2d.opengl.OGLRenderQueue::flushBuffer@28 (line 153)
  0x00000232b9f3c574: cc18 07e9 | d1fe ffff 

  0x00000232b9f3c57c: ;   {runtime_call throw_null_pointer_exception Runtime1 stub}
  0x00000232b9f3c57c: e81f 6f18 

  0x00000232b9f3c580: ; ImmutableOopMap {rdx=Oop }
                      ;*invokeinterface clear {reexecute=0 rethrow=0 return_oop=0}
                      ; - sun.java2d.opengl.OGLRenderQueue::flushBuffer@35 (line 155)
                      ;   {internal_word}
  0x00000232b9f3c580: 0749 ba01 | c5f3 b932 | 0200 004d | 8997 6803 

  0x00000232b9f3c590: ;   {runtime_call SafepointBlob}
  0x00000232b9f3c590: 0000 e969 | b40e 0790 | 9049 8b87 | e003 0000 | 49c7 87e0 | 0300 0000 | 0000 0049 | c787 e803 
  0x00000232b9f3c5b0: 0000 0000 | 0000 4883 

  0x00000232b9f3c5b8: ;   {runtime_call unwind_exception Runtime1 stub}
  0x00000232b9f3c5b8: c460 5de9 | 408f 0f07 
[Stub Code]
  0x00000232b9f3c5c0: ;   {no_reloc}
  0x00000232b9f3c5c0: 0f1f 4400 

  0x00000232b9f3c5c4: ;   {static_stub}
  0x00000232b9f3c5c4: 0048 bba0 | ceac d958 

  0x00000232b9f3c5cc: ;   {runtime_call I2C/C2I adapters}
  0x00000232b9f3c5cc: 0600 00e9 | 00bd 0e07 

  0x00000232b9f3c5d4: ;   {static_stub}
  0x00000232b9f3c5d4: 9048 bb00 | 0000 0000 

  0x00000232b9f3c5dc: ;   {runtime_call}
  0x00000232b9f3c5dc: 0000 00e9 | fbff ffff 
[Exception Handler]
  0x00000232b9f3c5e4: ;   {runtime_call handle_exception_from_callee Runtime1 stub}
  0x00000232b9f3c5e4: e897 9218 

  0x00000232b9f3c5e8: ;   {external_word}
  0x00000232b9f3c5e8: 0748 b990 | 6d41 45fe | 7f00 0048 

  0x00000232b9f3c5f4: ;   {runtime_call MacroAssembler::debug64}
  0x00000232b9f3c5f4: 83e4 f049 | ba30 df09 | 45fe 7f00 | 0041 ffd2 

  0x00000232b9f3c604: ;   {section_word}
  0x00000232b9f3c604: f449 ba05 | c6f3 b932 | 0200 0041 

  0x00000232b9f3c610: ;   {runtime_call DeoptimizationBlob}
  0x00000232b9f3c610: 52e9 8aa6 | 0e07 f4f4 
[/MachCode]


---------------  P R O C E S S  ---------------

Threads class SMR info:
_java_thread_list=0x00000658dd806f90, length=44, elements={
0x00000658d8ad6270, 0x00000658d8ad70f0, 0x00000658d8ac2940, 0x00000658d8afa6f0,
0x00000658d8afd0c0, 0x00000658d8afda80, 0x00000658d8b01d20, 0x00000658d8b057f0,
0x00000658d8b0e9c0, 0x00000658d8b33000, 0x00000658dd1f67f0, 0x00000658dd22ebb0,
0x00000658dd4da570, 0x00000658e3a9e0e0, 0x00000658e3f88fe0, 0x00000658e420f350,
0x00000658e41d2e40, 0x00000658e41d9a60, 0x00000658e41d76f0, 0x00000658e41d8620,
0x00000658e41d9040, 0x00000658e41daea0, 0x00000658e41da990, 0x00000658e41d9f70,
0x00000658e41d9550, 0x00000658e41d7c00, 0x00000658e41d8110, 0x00000658e41da480,
0x00000658e41d8b30, 0x00000658e4277840, 0x00000658e4276910, 0x00000658e4276e20,
0x00000658e4279190, 0x00000658e42759e0, 0x00000658e4278260, 0x00000658e4277d50,
0x00000658e427b500, 0x00000658e427aff0, 0x00000658e4278770, 0x00000658e427a0c0,
0x00000658e4274090, 0x00000658e427aae0, 0x00000658e4274ab0, 0x00000658e4275ef0
}

Java Threads: ( => current thread )
  0x00000658d8ad6270 JavaThread "Reference Handler" daemon [_thread_blocked, id=36752, stack(0x0000006bc6600000,0x0000006bc6700000)]
  0x00000658d8ad70f0 JavaThread "Finalizer" daemon [_thread_blocked, id=11780, stack(0x0000006bc6700000,0x0000006bc6800000)]
  0x00000658d8ac2940 JavaThread "Signal Dispatcher" daemon [_thread_blocked, id=28636, stack(0x0000006bc6800000,0x0000006bc6900000)]
  0x00000658d8afa6f0 JavaThread "Attach Listener" daemon [_thread_blocked, id=42524, stack(0x0000006bc6900000,0x0000006bc6a00000)]
  0x00000658d8afd0c0 JavaThread "Service Thread" daemon [_thread_blocked, id=23372, stack(0x0000006bc6a00000,0x0000006bc6b00000)]
  0x00000658d8afda80 JavaThread "Monitor Deflation Thread" daemon [_thread_blocked, id=39704, stack(0x0000006bc6b00000,0x0000006bc6c00000)]
  0x00000658d8b01d20 JavaThread "C2 CompilerThread0" daemon [_thread_blocked, id=38100, stack(0x0000006bc6c00000,0x0000006bc6d00000)]
  0x00000658d8b057f0 JavaThread "C1 CompilerThread0" daemon [_thread_blocked, id=37504, stack(0x0000006bc6d00000,0x0000006bc6e00000)]
  0x00000658d8b0e9c0 JavaThread "Sweeper thread" daemon [_thread_blocked, id=3592, stack(0x0000006bc6e00000,0x0000006bc6f00000)]
  0x00000658d8b33000 JavaThread "Common-Cleaner" daemon [_thread_blocked, id=31820, stack(0x0000006bc6f00000,0x0000006bc7000000)]
  0x00000658dd1f67f0 JavaThread "Monitor Ctrl-Break" daemon [_thread_in_native, id=11492, stack(0x0000006bc7000000,0x0000006bc7100000)]
  0x00000658dd22ebb0 JavaThread "Notification Thread" daemon [_thread_blocked, id=32624, stack(0x0000006bc7100000,0x0000006bc7200000)]
=>0x00000658dd4da570 JavaThread "Java2D Queue Flusher" daemon [_thread_in_native, id=36308, stack(0x0000006bc7300000,0x0000006bc7400000)]
  0x00000658e3a9e0e0 JavaThread "Java2D Disposer" daemon [_thread_blocked, id=38196, stack(0x0000006bc7800000,0x0000006bc7900000)]
  0x00000658e3f88fe0 JavaThread "AWT-Windows" daemon [_thread_in_native, id=42212, stack(0x0000006bc7b00000,0x0000006bc7c00000)]
  0x00000658e420f350 JavaThread "Java Sound Event Dispatcher" daemon [_thread_blocked, id=32000, stack(0x0000006bc8600000,0x0000006bc8700000)]
  0x00000658e41d2e40 JavaThread "Direct Clip" daemon [_thread_blocked, id=19900, stack(0x0000006bc8900000,0x0000006bc8a00000)]
  0x00000658e41d9a60 JavaThread "Direct Clip" daemon [_thread_blocked, id=40604, stack(0x0000006bc8a00000,0x0000006bc8b00000)]
  0x00000658e41d76f0 JavaThread "Direct Clip" daemon [_thread_blocked, id=36268, stack(0x0000006bc8b00000,0x0000006bc8c00000)]
  0x00000658e41d8620 JavaThread "Direct Clip" daemon [_thread_blocked, id=38436, stack(0x0000006bc8c00000,0x0000006bc8d00000)]
  0x00000658e41d9040 JavaThread "Direct Clip" daemon [_thread_blocked, id=23280, stack(0x0000006bc8d00000,0x0000006bc8e00000)]
  0x00000658e41daea0 JavaThread "Direct Clip" daemon [_thread_blocked, id=41444, stack(0x0000006bc8e00000,0x0000006bc8f00000)]
  0x00000658e41da990 JavaThread "Direct Clip" daemon [_thread_blocked, id=7356, stack(0x0000006bc8f00000,0x0000006bc9000000)]
  0x00000658e41d9f70 JavaThread "Direct Clip" daemon [_thread_blocked, id=34136, stack(0x0000006bc9000000,0x0000006bc9100000)]
  0x00000658e41d9550 JavaThread "Direct Clip" daemon [_thread_blocked, id=18496, stack(0x0000006bc9100000,0x0000006bc9200000)]
  0x00000658e41d7c00 JavaThread "Direct Clip" daemon [_thread_blocked, id=39304, stack(0x0000006bc9200000,0x0000006bc9300000)]
  0x00000658e41d8110 JavaThread "Direct Clip" daemon [_thread_blocked, id=39816, stack(0x0000006bc9300000,0x0000006bc9400000)]
  0x00000658e41da480 JavaThread "Direct Clip" daemon [_thread_blocked, id=33300, stack(0x0000006bc9400000,0x0000006bc9500000)]
  0x00000658e41d8b30 JavaThread "Direct Clip" daemon [_thread_blocked, id=4468, stack(0x0000006bc9500000,0x0000006bc9600000)]
  0x00000658e4277840 JavaThread "Direct Clip" daemon [_thread_blocked, id=2492, stack(0x0000006bc9600000,0x0000006bc9700000)]
  0x00000658e4276910 JavaThread "Direct Clip" daemon [_thread_blocked, id=38076, stack(0x0000006bc9700000,0x0000006bc9800000)]
  0x00000658e4276e20 JavaThread "Direct Clip" daemon [_thread_blocked, id=25972, stack(0x0000006bc9800000,0x0000006bc9900000)]
  0x00000658e4279190 JavaThread "Direct Clip" daemon [_thread_blocked, id=38928, stack(0x0000006bc9900000,0x0000006bc9a00000)]
  0x00000658e42759e0 JavaThread "Direct Clip" daemon [_thread_blocked, id=38288, stack(0x0000006bc9a00000,0x0000006bc9b00000)]
  0x00000658e4278260 JavaThread "Direct Clip" daemon [_thread_blocked, id=39204, stack(0x0000006bc9b00000,0x0000006bc9c00000)]
  0x00000658e4277d50 JavaThread "Direct Clip" daemon [_thread_blocked, id=9404, stack(0x0000006bc9c00000,0x0000006bc9d00000)]
  0x00000658e427b500 JavaThread "Direct Clip" daemon [_thread_blocked, id=35528, stack(0x0000006bc9d00000,0x0000006bc9e00000)]
  0x00000658e427aff0 JavaThread "AWT-Shutdown" [_thread_blocked, id=33720, stack(0x0000006bca100000,0x0000006bca200000)]
  0x00000658e4278770 JavaThread "AWT-EventQueue-0" [_thread_blocked, id=26576, stack(0x0000006bca200000,0x0000006bca300000)]
  0x00000658e427a0c0 JavaThread "DestroyJavaVM" [_thread_blocked, id=17108, stack(0x0000006bc5f00000,0x0000006bc6000000)]
  0x00000658e4274090 JavaThread "TimerQueue" daemon [_thread_blocked, id=35904, stack(0x0000006bca600000,0x0000006bca700000)]
  0x00000658e427aae0 JavaThread "Thread-0" [_thread_blocked, id=12700, stack(0x0000006bca900000,0x0000006bcaa00000)]
  0x00000658e4274ab0 JavaThread "Forest" [_thread_in_vm, id=34240, stack(0x0000006bcaa00000,0x0000006bcab00000)]
  0x00000658e4275ef0 JavaThread "ToolkitShutdown" daemon [_thread_in_native, id=23236, stack(0x0000006bcad00000,0x0000006bcae00000)]

Other Threads:
  0x00000658d8aae700 VMThread "VM Thread" [stack: 0x0000006bc6500000,0x0000006bc6600000] [id=30140]
  0x00000658dd22fd20 WatcherThread [stack: 0x0000006bc7200000,0x0000006bc7300000] [id=5508]
  0x00000232b5faac20 GCTaskThread "GC Thread#0" [stack: 0x0000006bc6000000,0x0000006bc6100000] [id=13804]
  0x00000658e3f49a80 GCTaskThread "GC Thread#1" [stack: 0x0000006bc7c00000,0x0000006bc7d00000] [id=33820]
  0x00000658e3f38770 GCTaskThread "GC Thread#2" [stack: 0x0000006bc7d00000,0x0000006bc7e00000] [id=40276]
  0x00000658e4226780 GCTaskThread "GC Thread#3" [stack: 0x0000006bc7e00000,0x0000006bc7f00000] [id=14356]
  0x00000658e3d87210 GCTaskThread "GC Thread#4" [stack: 0x0000006bc7f00000,0x0000006bc8000000] [id=41612]
  0x00000658e3f7f610 GCTaskThread "GC Thread#5" [stack: 0x0000006bc8000000,0x0000006bc8100000] [id=41120]
  0x00000658e3fc6cd0 GCTaskThread "GC Thread#6" [stack: 0x0000006bc8100000,0x0000006bc8200000] [id=33032]
  0x00000658e3fc6f90 GCTaskThread "GC Thread#7" [stack: 0x0000006bc8200000,0x0000006bc8300000] [id=17024]
  0x00000658e4072e70 GCTaskThread "GC Thread#8" [stack: 0x0000006bc8300000,0x0000006bc8400000] [id=40660]
  0x00000658e4073130 GCTaskThread "GC Thread#9" [stack: 0x0000006bc8400000,0x0000006bc8500000] [id=40252]
  0x00000232b5fad2f0 ConcurrentGCThread "G1 Main Marker" [stack: 0x0000006bc6100000,0x0000006bc6200000] [id=7876]
  0x00000232b5fadd10 ConcurrentGCThread "G1 Conc#0" [stack: 0x0000006bc6200000,0x0000006bc6300000] [id=18856]
  0x00000658e432b170 ConcurrentGCThread "G1 Conc#1" [stack: 0x0000006bca700000,0x0000006bca800000] [id=34588]
  0x00000658e433d650 ConcurrentGCThread "G1 Conc#2" [stack: 0x0000006bca800000,0x0000006bca900000] [id=23456]
  0x00000232c91ca6b0 ConcurrentGCThread "G1 Refine#0" [stack: 0x0000006bc6300000,0x0000006bc6400000] [id=25536]
  0x00000658e43b3cd0 ConcurrentGCThread "G1 Refine#1" [stack: 0x0000006bc7a00000,0x0000006bc7b00000] [id=37844]
  0x00000658e3fd61a0 ConcurrentGCThread "G1 Refine#2" [stack: 0x0000006bc9e00000,0x0000006bc9f00000] [id=25064]
  0x00000658e418d2c0 ConcurrentGCThread "G1 Refine#3" [stack: 0x0000006bc9f00000,0x0000006bca000000] [id=26888]
  0x00000658e418e5c0 ConcurrentGCThread "G1 Refine#4" [stack: 0x0000006bca000000,0x0000006bca100000] [id=17052]
  0x00000232c91cb0e0 ConcurrentGCThread "G1 Service" [stack: 0x0000006bc6400000,0x0000006bc6500000] [id=35000]

Threads with active compile tasks:

VM state: not at safepoint (normal execution)

VM Mutex/Monitor currently owned by a thread: None

CDS archive(s) not mapped
Compressed class space mapped at: 0x0000000080000000-0x00000000c0000000, reserved size: 1073741824
Narrow klass base: 0x0000000000000000, Narrow klass shift: 0, Narrow klass range: 0xc0000000

GC Precious Log:
 CPUs: 12 total, 12 available
 Memory: 16254M
 Large Page Support: Disabled
 NUMA Support: Disabled
 Compressed Oops: Disabled
 Heap Region Size: 32M
 Heap Min Capacity: 32M
 Heap Initial Capacity: 256M
 Heap Max Capacity: 4096G
 Pre-touch: Disabled
 Parallel Workers: 10
 Concurrent Workers: 3
 Concurrent Refinement Workers: 10
 Periodic GC: Disabled

Heap:
 garbage-first heap   total 1048576K, used 284861K [0x00000232ca000000, 0x00000632ca000000)
  region size 32768K, 2 young (65536K), 1 survivors (32768K)
 Metaspace       used 22164K, committed 22464K, reserved 1114112K
  class space    used 2271K, committed 2432K, reserved 1048576K

Heap Regions: E=young(eden), S=young(survivor), O=old, HS=humongous(starts), HC=humongous(continues), CS=collection set, F=free, OA=open archive, CA=closed archive, TAMS=top-at-mark-start (previous, next)
|   0|0x00000232ca000000, 0x00000232cc000000, 0x00000232cc000000|100%| O|  |TAMS 0x00000232cc000000, 0x00000232ca000000| Untracked 
|   1|0x00000232cc000000, 0x00000232ce000000, 0x00000232ce000000|100%|HS|  |TAMS 0x00000232ce000000, 0x00000232cc000000| Complete 
|   2|0x00000232ce000000, 0x00000232d0000000, 0x00000232d0000000|100%| O|  |TAMS 0x00000232d0000000, 0x00000232ce000000| Complete 
|   3|0x00000232d0000000, 0x00000232d2000000, 0x00000232d2000000|100%| O|  |TAMS 0x00000232d2000000, 0x00000232d0000000| Untracked 
|   4|0x00000232d2000000, 0x00000232d4000000, 0x00000232d4000000|100%| O|  |TAMS 0x00000232d4000000, 0x00000232d2000000| Complete 
|   5|0x00000232d4000000, 0x00000232d6000000, 0x00000232d6000000|100%| O|  |TAMS 0x00000232d6000000, 0x00000232d4000000| Untracked 
|   6|0x00000232d6000000, 0x00000232d8000000, 0x00000232d8000000|100%| O|  |TAMS 0x00000232d8000000, 0x00000232d6000000| Untracked 
|   7|0x00000232d8000000, 0x00000232da000000, 0x00000232da000000|100%| O|  |TAMS 0x00000232d9299c00, 0x00000232d8000000| Untracked 
|   8|0x00000232da000000, 0x00000232db13be00, 0x00000232dc000000| 53%| O|  |TAMS 0x00000232da000000, 0x00000232da000000| Untracked 
|   9|0x00000232dc000000, 0x00000232dc000000, 0x00000232de000000|  0%| F|  |TAMS 0x00000232dc000000, 0x00000232dc000000| Untracked 
|  10|0x00000232de000000, 0x00000232de000000, 0x00000232e0000000|  0%| F|  |TAMS 0x00000232de000000, 0x00000232de000000| Untracked 
|  11|0x00000232e0000000, 0x00000232e0000000, 0x00000232e2000000|  0%| F|  |TAMS 0x00000232e0000000, 0x00000232e0000000| Untracked 
|  12|0x00000232e2000000, 0x00000232e2000000, 0x00000232e4000000|  0%| F|  |TAMS 0x00000232e2000000, 0x00000232e2000000| Untracked 
|  13|0x00000232e4000000, 0x00000232e4000000, 0x00000232e6000000|  0%| F|  |TAMS 0x00000232e4000000, 0x00000232e4000000| Untracked 
|  14|0x00000232e6000000, 0x00000232e64f3860, 0x00000232e8000000| 15%| S|CS|TAMS 0x00000232e6000000, 0x00000232e6000000| Complete 
|  15|0x00000232e8000000, 0x00000232e8000000, 0x00000232ea000000|  0%| F|  |TAMS 0x00000232e8000000, 0x00000232e8000000| Untracked 
|  16|0x00000232ea000000, 0x00000232ea000000, 0x00000232ec000000|  0%| F|  |TAMS 0x00000232ea000000, 0x00000232ea000000| Untracked 
|  17|0x00000232ec000000, 0x00000232ec000000, 0x00000232ee000000|  0%| F|  |TAMS 0x00000232ec000000, 0x00000232ec000000| Untracked 
|  18|0x00000232ee000000, 0x00000232ee000000, 0x00000232f0000000|  0%| F|  |TAMS 0x00000232ee000000, 0x00000232ee000000| Untracked 
|  19|0x00000232f0000000, 0x00000232f0000000, 0x00000232f2000000|  0%| F|  |TAMS 0x00000232f0000000, 0x00000232f0000000| Untracked 
|  20|0x00000232f2000000, 0x00000232f2000000, 0x00000232f4000000|  0%| F|  |TAMS 0x00000232f2000000, 0x00000232f2000000| Untracked 
|  21|0x00000232f4000000, 0x00000232f4000000, 0x00000232f6000000|  0%| F|  |TAMS 0x00000232f4000000, 0x00000232f4000000| Untracked 
|  22|0x00000232f6000000, 0x00000232f6000000, 0x00000232f8000000|  0%| F|  |TAMS 0x00000232f6000000, 0x00000232f6000000| Untracked 
|  23|0x00000232f8000000, 0x00000232f8000000, 0x00000232fa000000|  0%| F|  |TAMS 0x00000232f8000000, 0x00000232f8000000| Untracked 
|  24|0x00000232fa000000, 0x00000232fa000000, 0x00000232fc000000|  0%| F|  |TAMS 0x00000232fa000000, 0x00000232fa000000| Untracked 
|  25|0x00000232fc000000, 0x00000232fc000000, 0x00000232fe000000|  0%| F|  |TAMS 0x00000232fc000000, 0x00000232fc000000| Untracked 
|  26|0x00000232fe000000, 0x00000232fe000000, 0x0000023300000000|  0%| F|  |TAMS 0x00000232fe000000, 0x00000232fe000000| Untracked 
|  27|0x0000023300000000, 0x0000023300000000, 0x0000023302000000|  0%| F|  |TAMS 0x0000023300000000, 0x0000023300000000| Untracked 
|  28|0x0000023302000000, 0x0000023302000000, 0x0000023304000000|  0%| F|  |TAMS 0x0000023302000000, 0x0000023302000000| Untracked 
|  29|0x0000023304000000, 0x0000023304000000, 0x0000023306000000|  0%| F|  |TAMS 0x0000023304000000, 0x0000023304000000| Untracked 
|  30|0x0000023306000000, 0x0000023306000000, 0x0000023308000000|  0%| F|  |TAMS 0x0000023306000000, 0x0000023306000000| Untracked 
|  31|0x0000023308000000, 0x0000023309d761b8, 0x000002330a000000| 92%| E|  |TAMS 0x0000023308000000, 0x0000023308000000| Complete 

Card table byte_map: [0x00000634d2010000,0x00000636d2010000] _byte_map_base: 0x00000633b89c0000

Marking Bits (Prev, Next): (CMBitMap*) 0x00000232b5fab280, (CMBitMap*) 0x00000232b5fab240
 Prev Bits: [0x00000648d2010000, 0x00000658d2010000)
 Next Bits: [0x00000638d2010000, 0x00000648d2010000)

Polling page: 0x00000232b3e60000

Metaspace:

Usage:
  Non-class:     19.43 MB used.
      Class:      2.22 MB used.
       Both:     21.65 MB used.

Virtual space:
  Non-class space:       64.00 MB reserved,      19.56 MB ( 31%) committed,  1 nodes.
      Class space:        1.00 GB reserved,       2.38 MB ( <1%) committed,  1 nodes.
             Both:        1.06 GB reserved,      21.94 MB (  2%) committed. 

Chunk freelists:
   Non-Class:  12.42 MB
       Class:  13.60 MB
        Both:  26.02 MB

MaxMetaspaceSize: unlimited
CompressedClassSpaceSize: 1.00 GB
Initial GC threshold: 21.00 MB
Current GC threshold: 35.56 MB
CDS: off
MetaspaceReclaimPolicy: balanced
 - commit_granule_bytes: 65536.
 - commit_granule_words: 8192.
 - virtual_space_node_default_size: 8388608.
 - enlarge_chunks_in_place: 1.
 - new_chunks_are_fully_committed: 0.
 - uncommit_free_chunks: 1.
 - use_allocation_guard: 0.
 - handle_deallocations: 1.


Internal statistics:

num_allocs_failed_limit: 3.
num_arena_births: 268.
num_arena_deaths: 0.
num_vsnodes_births: 2.
num_vsnodes_deaths: 0.
num_space_committed: 351.
num_space_uncommitted: 0.
num_chunks_returned_to_freelist: 3.
num_chunks_taken_from_freelist: 401.
num_chunk_merges: 0.
num_chunk_splits: 225.
num_chunks_enlarged: 108.
num_inconsistent_stats: 0.

CodeHeap 'non-profiled nmethods': size=120000Kb used=1368Kb max_used=1368Kb free=118631Kb
 bounds [0x00000232c1570000, 0x00000232c17e0000, 0x00000232c8aa0000]
CodeHeap 'profiled nmethods': size=120000Kb used=4785Kb max_used=4785Kb free=115214Kb
 bounds [0x00000232b9aa0000, 0x00000232b9f50000, 0x00000232c0fd0000]
CodeHeap 'non-nmethods': size=5760Kb used=1306Kb max_used=1384Kb free=4453Kb
 bounds [0x00000232c0fd0000, 0x00000232c1240000, 0x00000232c1570000]
 total_blobs=3373 nmethods=2730 adapters=555
 compilation: enabled
              stopped_count=0, restarted_count=0
 full_count=0

Compilation events (20 events):
Event: 24.833 Thread 0x00000658d8b01d20 nmethod 2719 0x00000232c16bc610 code [0x00000232c16bc920, 0x00000232c16be1d0]
Event: 24.833 Thread 0x00000658d8b01d20 2721       4       sun.java2d.opengl.OGLBlitLoops::createPackedParams (60 bytes)
Event: 24.833 Thread 0x00000658d8b01d20 nmethod 2721 0x00000232c16bf190 code [0x00000232c16bf300, 0x00000232c16bf398]
Event: 24.833 Thread 0x00000658d8b01d20 2720   !   4       sun.java2d.SurfaceDataProxy::replaceData (329 bytes)
Event: 24.835 Thread 0x00000658e3ee6ce0 nmethod 2723 0x00000232c16bf490 code [0x00000232c16bf6c0, 0x00000232c16bff48]
Event: 24.844 Thread 0x00000658d8b01d20 nmethod 2720 0x00000232c16c0410 code [0x00000232c16c0640, 0x00000232c16c1950]
Event: 24.866 Thread 0x00000658d8b057f0 2724       3       sun.awt.windows.WComponentPeer::preprocessPostEvent (1 bytes)
Event: 24.866 Thread 0x00000658d8b057f0 nmethod 2724 0x00000232b9f4a910 code [0x00000232b9f4aaa0, 0x00000232b9f4abb8]
Event: 24.870 Thread 0x00000658e3ee6ce0 2725       4       sun.java2d.opengl.OGLBlitLoops::enqueueBlit (102 bytes)
Event: 24.871 Thread 0x00000658d8b01d20 2726   !   4       sun.java2d.opengl.OGLBlitLoops::IsoBlit (207 bytes)
Event: 24.873 Thread 0x00000658e3ee6ce0 nmethod 2725 0x00000232c16c2210 code [0x00000232c16c23a0, 0x00000232c16c2578]
Event: 24.889 Thread 0x00000658d8b01d20 nmethod 2726 0x00000232c16c2790 code [0x00000232c16c29a0, 0x00000232c16c3fb0]
Event: 25.108 Thread 0x00000658d8b057f0 2727       3       sun.java2d.pipe.ValidatePipe::scaleImage (33 bytes)
Event: 25.108 Thread 0x00000658d8b057f0 nmethod 2727 0x00000232b9f4ac90 code [0x00000232b9f4ae80, 0x00000232b9f4b388]
Event: 25.237 Thread 0x00000658d8b01d20 2728       4       java.awt.event.InvocationEvent::<init> (52 bytes)
Event: 25.247 Thread 0x00000658d8b01d20 nmethod 2728 0x00000232c16c4f10 code [0x00000232c16c50c0, 0x00000232c16c5cb8]
Event: 25.584 Thread 0x00000658d8b057f0 2729       3       sun.java2d.pipe.Region::getInstanceXYWH (16 bytes)
Event: 25.584 Thread 0x00000658d8b057f0 nmethod 2729 0x00000232b9f4b590 code [0x00000232b9f4b740, 0x00000232b9f4ba28]
Event: 25.584 Thread 0x00000658d8b057f0 2730   !   3       sun.java2d.opengl.OGLRenderQueue$QueueFlusher::flushNow (84 bytes)
Event: 25.585 Thread 0x00000658d8b057f0 nmethod 2730 0x00000232b9f4bb90 code [0x00000232b9f4bd80, 0x00000232b9f4c318]

GC Heap History (20 events):
Event: 1.106 GC heap before
{Heap before GC invocations=0 (full 0):
 garbage-first heap   total 262144K, used 32768K [0x00000232ca000000, 0x00000632ca000000)
  region size 32768K, 1 young (32768K), 0 survivors (0K)
 Metaspace       used 16510K, committed 16768K, reserved 1114112K
  class space    used 1554K, committed 1664K, reserved 1048576K
}
Event: 1.118 GC heap after
{Heap after GC invocations=1 (full 0):
 garbage-first heap   total 262144K, used 6191K [0x00000232ca000000, 0x00000632ca000000)
  region size 32768K, 1 young (32768K), 1 survivors (32768K)
 Metaspace       used 16510K, committed 16768K, reserved 1114112K
  class space    used 1554K, committed 1664K, reserved 1048576K
}
Event: 1.283 GC heap before
{Heap before GC invocations=1 (full 0):
 garbage-first heap   total 262144K, used 6191K [0x00000232ca000000, 0x00000632ca000000)
  region size 32768K, 2 young (65536K), 1 survivors (32768K)
 Metaspace       used 16585K, committed 16832K, reserved 1114112K
  class space    used 1556K, committed 1664K, reserved 1048576K
}
Event: 1.290 GC heap after
{Heap after GC invocations=2 (full 0):
 garbage-first heap   total 262144K, used 15081K [0x00000232ca000000, 0x00000632ca000000)
  region size 32768K, 1 young (32768K), 1 survivors (32768K)
 Metaspace       used 16585K, committed 16832K, reserved 1114112K
  class space    used 1556K, committed 1664K, reserved 1048576K
}
Event: 1.552 GC heap before
{Heap before GC invocations=2 (full 0):
 garbage-first heap   total 262144K, used 47849K [0x00000232ca000000, 0x00000632ca000000)
  region size 32768K, 2 young (65536K), 1 survivors (32768K)
 Metaspace       used 16593K, committed 16832K, reserved 1114112K
  class space    used 1556K, committed 1664K, reserved 1048576K
}
Event: 1.563 GC heap after
{Heap after GC invocations=3 (full 0):
 garbage-first heap   total 262144K, used 31120K [0x00000232ca000000, 0x00000632ca000000)
  region size 32768K, 1 young (32768K), 1 survivors (32768K)
 Metaspace       used 16593K, committed 16832K, reserved 1114112K
  class space    used 1556K, committed 1664K, reserved 1048576K
}
Event: 1.593 GC heap before
{Heap before GC invocations=3 (full 0):
 garbage-first heap   total 262144K, used 31120K [0x00000232ca000000, 0x00000632ca000000)
  region size 32768K, 2 young (65536K), 1 survivors (32768K)
 Metaspace       used 16594K, committed 16832K, reserved 1114112K
  class space    used 1556K, committed 1664K, reserved 1048576K
}
Event: 1.605 GC heap after
{Heap after GC invocations=4 (full 0):
 garbage-first heap   total 262144K, used 47056K [0x00000232ca000000, 0x00000632ca000000)
  region size 32768K, 1 young (32768K), 1 survivors (32768K)
 Metaspace       used 16594K, committed 16832K, reserved 1114112K
  class space    used 1556K, committed 1664K, reserved 1048576K
}
Event: 1.760 GC heap before
{Heap before GC invocations=4 (full 0):
 garbage-first heap   total 262144K, used 79824K [0x00000232ca000000, 0x00000632ca000000)
  region size 32768K, 2 young (65536K), 1 survivors (32768K)
 Metaspace       used 16945K, committed 17216K, reserved 1114112K
  class space    used 1608K, committed 1728K, reserved 1048576K
}
Event: 1.770 GC heap after
{Heap after GC invocations=5 (full 0):
 garbage-first heap   total 524288K, used 129845K [0x00000232ca000000, 0x00000632ca000000)
  region size 32768K, 1 young (32768K), 1 survivors (32768K)
 Metaspace       used 16945K, committed 17216K, reserved 1114112K
  class space    used 1608K, committed 1728K, reserved 1048576K
}
Event: 1.799 GC heap before
{Heap before GC invocations=5 (full 0):
 garbage-first heap   total 524288K, used 129845K [0x00000232ca000000, 0x00000632ca000000)
  region size 32768K, 2 young (65536K), 1 survivors (32768K)
 Metaspace       used 16948K, committed 17216K, reserved 1114112K
  class space    used 1608K, committed 1728K, reserved 1048576K
}
Event: 1.810 GC heap after
{Heap after GC invocations=6 (full 0):
 garbage-first heap   total 524288K, used 189115K [0x00000232ca000000, 0x00000632ca000000)
  region size 32768K, 1 young (32768K), 1 survivors (32768K)
 Metaspace       used 16948K, committed 17216K, reserved 1114112K
  class space    used 1608K, committed 1728K, reserved 1048576K
}
Event: 2.020 GC heap before
{Heap before GC invocations=6 (full 0):
 garbage-first heap   total 524288K, used 221883K [0x00000232ca000000, 0x00000632ca000000)
  region size 32768K, 2 young (65536K), 1 survivors (32768K)
 Metaspace       used 17403K, committed 17600K, reserved 1114112K
  class space    used 1666K, committed 1728K, reserved 1048576K
}
Event: 2.031 GC heap after
{Heap after GC invocations=7 (full 0):
 garbage-first heap   total 524288K, used 209368K [0x00000232ca000000, 0x00000632ca000000)
  region size 32768K, 1 young (32768K), 1 survivors (32768K)
 Metaspace       used 17403K, committed 17600K, reserved 1114112K
  class space    used 1666K, committed 1728K, reserved 1048576K
}
Event: 3.519 GC heap before
{Heap before GC invocations=7 (full 0):
 garbage-first heap   total 524288K, used 242136K [0x00000232ca000000, 0x00000632ca000000)
  region size 32768K, 2 young (65536K), 1 survivors (32768K)
 Metaspace       used 17436K, committed 17664K, reserved 1114112K
  class space    used 1671K, committed 1728K, reserved 1048576K
}
Event: 3.533 GC heap after
{Heap after GC invocations=8 (full 0):
 garbage-first heap   total 524288K, used 247874K [0x00000232ca000000, 0x00000632ca000000)
  region size 32768K, 1 young (32768K), 1 survivors (32768K)
 Metaspace       used 17436K, committed 17664K, reserved 1114112K
  class space    used 1671K, committed 1728K, reserved 1048576K
}
Event: 4.855 GC heap before
{Heap before GC invocations=8 (full 0):
 garbage-first heap   total 524288K, used 280642K [0x00000232ca000000, 0x00000632ca000000)
  region size 32768K, 2 young (65536K), 1 survivors (32768K)
 Metaspace       used 19411K, committed 19648K, reserved 1114112K
  class space    used 1945K, committed 2048K, reserved 1048576K
}
Event: 4.870 GC heap after
{Heap after GC invocations=9 (full 0):
 garbage-first heap   total 524288K, used 280565K [0x00000232ca000000, 0x00000632ca000000)
  region size 32768K, 1 young (32768K), 1 survivors (32768K)
 Metaspace       used 19411K, committed 19648K, reserved 1114112K
  class space    used 1945K, committed 2048K, reserved 1048576K
}
Event: 6.054 GC heap before
{Heap before GC invocations=9 (full 0):
 garbage-first heap   total 524288K, used 280565K [0x00000232ca000000, 0x00000632ca000000)
  region size 32768K, 2 young (65536K), 1 survivors (32768K)
 Metaspace       used 21219K, committed 21504K, reserved 1114112K
  class space    used 2195K, committed 2304K, reserved 1048576K
}
Event: 6.066 GC heap after
{Heap after GC invocations=10 (full 0):
 garbage-first heap   total 1048576K, used 284861K [0x00000232ca000000, 0x00000632ca000000)
  region size 32768K, 1 young (32768K), 1 survivors (32768K)
 Metaspace       used 21219K, committed 21504K, reserved 1114112K
  class space    used 2195K, committed 2304K, reserved 1048576K
}

Dll operation events (3 events):
Event: 0.008 Loaded shared library C:\Users\bader\.jdks\jbrsdk_jcef-17.0.9\bin\java.dll
Event: 0.110 Loaded shared library C:\Users\bader\.jdks\jbrsdk_jcef-17.0.9\bin\jsvml.dll
Event: 0.225 Loaded shared library C:\Users\bader\.jdks\jbrsdk_jcef-17.0.9\bin\zip.dll

Deoptimization events (20 events):
Event: 24.386 Thread 0x00000658e4278770 Uncommon trap: trap_request=0xffffffde fr.pc=0x00000232c167d820 relative=0x0000000000002940
Event: 24.386 Thread 0x00000658e4278770 Uncommon trap: reason=class_check action=maybe_recompile pc=0x00000232c167d820 method=java.awt.EventQueue.uncacheEQItem(Lsun/awt/EventQueueItem;)V @ 33 c2
Event: 24.386 Thread 0x00000658e4278770 DEOPT PACKING pc=0x00000232c167d820 sp=0x0000006bca2fecf0
Event: 24.386 Thread 0x00000658e4278770 DEOPT UNPACKING pc=0x00000232c10269a3 sp=0x0000006bca2fec30 mode 2
Event: 24.411 Thread 0x00000658e4274ab0 DEOPT PACKING pc=0x00000232b9f34988 sp=0x0000006bcaaff230
Event: 24.411 Thread 0x00000658e4274ab0 DEOPT UNPACKING pc=0x00000232c1027143 sp=0x0000006bcaafe750 mode 0
Event: 24.454 Thread 0x00000658e427aae0 DEOPT PACKING pc=0x00000232b9f45345 sp=0x0000006bca9ff0f0
Event: 24.454 Thread 0x00000658e427aae0 DEOPT UNPACKING pc=0x00000232c1027143 sp=0x0000006bca9fe600 mode 0
Event: 24.507 Thread 0x00000658e4278770 Uncommon trap: trap_request=0xffffffde fr.pc=0x00000232c16588b4 relative=0x0000000000006194
Event: 24.507 Thread 0x00000658e4278770 Uncommon trap: reason=class_check action=maybe_recompile pc=0x00000232c16588b4 method=java.awt.EventQueue.coalesceMouseEvent(Ljava/awt/event/MouseEvent;)Z @ 4 c2
Event: 24.507 Thread 0x00000658e4278770 DEOPT PACKING pc=0x00000232c16588b4 sp=0x0000006bca2fec40
Event: 24.507 Thread 0x00000658e4278770 DEOPT UNPACKING pc=0x00000232c10269a3 sp=0x0000006bca2fe9f0 mode 2
Event: 24.507 Thread 0x00000658e4278770 Uncommon trap: trap_request=0xffffffde fr.pc=0x00000232c164ae68 relative=0x0000000000000448
Event: 24.507 Thread 0x00000658e4278770 Uncommon trap: reason=class_check action=maybe_recompile pc=0x00000232c164ae68 method=java.awt.EventQueue.uncacheEQItem(Lsun/awt/EventQueueItem;)V @ 33 c2
Event: 24.507 Thread 0x00000658e4278770 DEOPT PACKING pc=0x00000232c164ae68 sp=0x0000006bca2fecf0
Event: 24.507 Thread 0x00000658e4278770 DEOPT UNPACKING pc=0x00000232c10269a3 sp=0x0000006bca2fec38 mode 2
Event: 24.517 Thread 0x00000658e4278770 Uncommon trap: trap_request=0xffffffde fr.pc=0x00000232c16588b4 relative=0x0000000000006194
Event: 24.517 Thread 0x00000658e4278770 Uncommon trap: reason=class_check action=maybe_recompile pc=0x00000232c16588b4 method=java.awt.EventQueue.coalesceMouseEvent(Ljava/awt/event/MouseEvent;)Z @ 4 c2
Event: 24.517 Thread 0x00000658e4278770 DEOPT PACKING pc=0x00000232c16588b4 sp=0x0000006bca2fec40
Event: 24.517 Thread 0x00000658e4278770 DEOPT UNPACKING pc=0x00000232c10269a3 sp=0x0000006bca2fe9f0 mode 2

Classes unloaded (0 events):
No events

Classes redefined (0 events):
No events

Internal exceptions (20 events):
Event: 1.021 Thread 0x00000232b5eee290 Exception <a 'java/lang/NoSuchMethodError'{0x00000232d9624b08}: 'int java.lang.invoke.DirectMethodHandle$Holder.invokeStaticInit(java.lang.Object, int, int)'> (0x00000232d9624b08) 
thrown [s\src\hotspot\share\interpreter\linkResolver.cpp, line 771]
Event: 1.022 Thread 0x00000232b5eee290 Exception <a 'java/lang/NoSuchMethodError'{0x00000232d962e630}: 'int java.lang.invoke.DirectMethodHandle$Holder.invokeStaticInit(java.lang.Object, long, long)'> (0x00000232d962e630) 
thrown [s\src\hotspot\share\interpreter\linkResolver.cpp, line 771]
Event: 1.023 Thread 0x00000232b5eee290 Exception <a 'java/lang/NoSuchMethodError'{0x00000232d9637318}: 'int java.lang.invoke.DirectMethodHandle$Holder.invokeStaticInit(java.lang.Object, float, float)'> (0x00000232d9637318) 
thrown [s\src\hotspot\share\interpreter\linkResolver.cpp, line 771]
Event: 1.023 Thread 0x00000232b5eee290 Exception <a 'java/lang/NoSuchMethodError'{0x00000232d9640008}: 'int java.lang.invoke.DirectMethodHandle$Holder.invokeStaticInit(java.lang.Object, double, double)'> (0x00000232d9640008) 
thrown [s\src\hotspot\share\interpreter\linkResolver.cpp, line 771]
Event: 1.024 Thread 0x00000232b5eee290 Exception <a 'java/lang/NoSuchMethodError'{0x00000232d9645ad8}: 'int java.lang.invoke.DirectMethodHandle$Holder.invokeStatic(java.lang.Object, long)'> (0x00000232d9645ad8) 
thrown [s\src\hotspot\share\interpreter\linkResolver.cpp, line 771]
Event: 1.028 Thread 0x00000232b5eee290 Exception <a 'java/lang/NoSuchMethodError'{0x00000232d96745c8}: 'int java.lang.invoke.Invokers$Holder.linkToTargetMethod(java.lang.Object, java.lang.Object)'> (0x00000232d96745c8) 
thrown [s\src\hotspot\share\interpreter\linkResolver.cpp, line 771]
Event: 2.912 Thread 0x00000232b5eee290 Exception <a 'java/lang/NoSuchMethodError'{0x00000232e90645a0}: 'void java.lang.invoke.DirectMethodHandle$Holder.invokeSpecial(java.lang.Object, java.lang.Object, java.lang.Object)'> (0x00000232e90645a0) 
thrown [s\src\hotspot\share\interpreter\linkResolver.cpp, line 771]
Event: 4.776 Thread 0x00000232b5eee290 Exception <a 'java/lang/NoSuchMethodError'{0x00000232e9cc1de8}: 'void java.lang.invoke.DirectMethodHandle$Holder.invokeStaticInit(java.lang.Object)'> (0x00000232e9cc1de8) 
thrown [s\src\hotspot\share\interpreter\linkResolver.cpp, line 771]
Event: 4.810 Thread 0x00000658e4278770 Exception <a 'java/lang/NoSuchMethodError'{0x00000232e9dc78e0}: 'java.lang.Object java.lang.invoke.DirectMethodHandle$Holder.newInvokeSpecial(java.lang.Object, java.lang.Object, java.lang.Object, java.lang.Object, java.lang.Object)'> (0x00000232e9dc78e0) 
thrown [s\src\hotspot\share\interpreter\linkResolver.cpp, line 771]
Event: 4.810 Thread 0x00000658e4278770 Exception <a 'java/lang/NoSuchMethodError'{0x00000232e9dd61b0}: 'java.lang.Object java.lang.invoke.DirectMethodHandle$Holder.invokeStatic(java.lang.Object, int, java.lang.Object, java.lang.Object, java.lang.Object, java.lang.Object)'> (0x00000232e9dd61b0) 
thrown [s\src\hotspot\share\interpreter\linkResolver.cpp, line 771]
Event: 4.835 Thread 0x00000658e4278770 Exception <a 'java/lang/ClassNotFoundException'{0x00000232e9faee50}: com/sun/swing/internal/plaf/metal/resources/spi/metalProvider> (0x00000232e9faee50) 
thrown [s\src\hotspot\share\classfile\systemDictionary.cpp, line 256]
Event: 4.836 Thread 0x00000658e4278770 Exception <a 'java/lang/ClassNotFoundException'{0x00000232e9fb4da8}: com/sun/swing/internal/plaf/basic/resources/spi/basicProvider> (0x00000232e9fb4da8) 
thrown [s\src\hotspot\share\classfile\systemDictionary.cpp, line 256]
Event: 4.839 Thread 0x00000658e4278770 Exception <a 'java/lang/NoSuchMethodError'{0x00000232e9fd9160}: 'java.lang.Object java.lang.invoke.Invokers$Holder.linkToTargetMethod(java.lang.Object, int, java.lang.Object, java.lang.Object, java.lang.Object)'> (0x00000232e9fd9160) 
thrown [s\src\hotspot\share\interpreter\linkResolver.cpp, line 771]
Event: 4.881 Thread 0x00000658e3f88fe0 Exception <a 'java/lang/NoSuchMethodError'{0x00000232e8070af8}: 'void java.lang.invoke.DirectMethodHandle$Holder.invokeVirtual(java.lang.Object, java.lang.Object)'> (0x00000232e8070af8) 
thrown [s\src\hotspot\share\interpreter\linkResolver.cpp, line 771]
Event: 4.896 Thread 0x00000658e4278770 Exception <a 'java/lang/NoSuchMethodError'{0x00000232e80c8448}: 'java.lang.Object java.lang.invoke.DirectMethodHandle$Holder.newInvokeSpecial(java.lang.Object, java.lang.Object, int, int, int, int)'> (0x00000232e80c8448) 
thrown [s\src\hotspot\share\interpreter\linkResolver.cpp, line 771]
Event: 4.898 Thread 0x00000658e4278770 Exception <a 'java/lang/NoSuchMethodError'{0x00000232e80da198}: 'void java.lang.invoke.DirectMethodHandle$Holder.invokeSpecial(java.lang.Object, java.lang.Object, int, int)'> (0x00000232e80da198) 
thrown [s\src\hotspot\share\interpreter\linkResolver.cpp, line 771]
Event: 4.899 Thread 0x00000658e4278770 Exception <a 'java/lang/NoSuchMethodError'{0x00000232e80e2000}: 'java.lang.Object java.lang.invoke.DirectMethodHandle$Holder.newInvokeSpecial(java.lang.Object, java.lang.Object, int, int)'> (0x00000232e80e2000) 
thrown [s\src\hotspot\share\interpreter\linkResolver.cpp, line 771]
Event: 4.985 Thread 0x00000658e4278770 Exception <a 'java/lang/NoSuchMethodError'{0x00000232e81e25a0}: 'java.lang.Object java.lang.invoke.Invokers$Holder.invoke_MT(java.lang.Object, java.lang.Object, java.lang.Object)'> (0x00000232e81e25a0) 
thrown [s\src\hotspot\share\interpreter\linkResolver.cpp, line 771]
Event: 4.986 Thread 0x00000658e4278770 Exception <a 'java/lang/NoSuchMethodError'{0x00000232e81f0ab0}: 'int java.lang.invoke.Invokers$Holder.invoke_MT(java.lang.Object, java.lang.Object, java.lang.Object)'> (0x00000232e81f0ab0) 
thrown [s\src\hotspot\share\interpreter\linkResolver.cpp, line 771]
Event: 5.959 Thread 0x00000658e4278770 Exception <a 'java/lang/NoSuchMethodError'{0x00000232e8242328}: 'void java.lang.invoke.DirectMethodHandle$Holder.invokeStatic(java.lang.Object, java.lang.Object, java.lang.Object)'> (0x00000232e8242328) 
thrown [s\src\hotspot\share\interpreter\linkResolver.cpp, line 771]

VM Operations (20 events):
Event: 16.178 Executing VM operation: Cleanup
Event: 16.178 Executing VM operation: Cleanup done
Event: 17.181 Executing VM operation: Cleanup
Event: 17.181 Executing VM operation: Cleanup done
Event: 18.184 Executing VM operation: Cleanup
Event: 18.184 Executing VM operation: Cleanup done
Event: 19.185 Executing VM operation: Cleanup
Event: 19.185 Executing VM operation: Cleanup done
Event: 20.186 Executing VM operation: Cleanup
Event: 20.186 Executing VM operation: Cleanup done
Event: 21.199 Executing VM operation: Cleanup
Event: 21.199 Executing VM operation: Cleanup done
Event: 22.209 Executing VM operation: Cleanup
Event: 22.209 Executing VM operation: Cleanup done
Event: 23.216 Executing VM operation: Cleanup
Event: 23.216 Executing VM operation: Cleanup done
Event: 24.225 Executing VM operation: Cleanup
Event: 24.225 Executing VM operation: Cleanup done
Event: 25.226 Executing VM operation: Cleanup
Event: 25.226 Executing VM operation: Cleanup done

Events (20 events):
Event: 24.360 loading class sun/java2d/loops/DrawGlyphListAA$General done
Event: 24.364 loading class sun/java2d/pipe/RegionSpanIterator
Event: 24.364 loading class sun/java2d/pipe/SpanIterator
Event: 24.364 loading class sun/java2d/pipe/SpanIterator done
Event: 24.364 loading class sun/java2d/pipe/RegionSpanIterator done
Event: 24.480 Thread 0x00000658e3ee6ce0 Thread added: 0x00000658e3ee6ce0
Event: 24.870 loading class java/awt/image/BufferedImageOp
Event: 24.871 loading class java/awt/image/BufferedImageOp done
Event: 25.108 Thread 0x00000658e3ee6ce0 Thread exited: 0x00000658e3ee6ce0
Event: 25.601 Thread 0x00000658e427ba10 Thread added: 0x00000658e427ba10
Event: 25.601 Thread 0x00000658e4275ef0 Thread added: 0x00000658e4275ef0
Event: 25.601 Thread 0x00000658e4277330 Thread added: 0x00000658e4277330
Event: 25.601 loading class sun/font/SunFontManager$8$1
Event: 25.601 loading class sun/font/SunFontManager$8$1 done
Event: 25.602 loading class java/util/WeakHashMap$KeyIterator
Event: 25.602 loading class java/util/WeakHashMap$HashIterator
Event: 25.602 loading class java/util/WeakHashMap$HashIterator done
Event: 25.602 loading class java/util/WeakHashMap$KeyIterator done
Event: 25.602 Thread 0x00000658e427ba10 Thread exited: 0x00000658e427ba10
Event: 25.604 Thread 0x00000658e4277330 Thread exited: 0x00000658e4277330


Dynamic libraries:
0x00007ff782070000 - 0x00007ff78207a000 	C:\Users\bader\.jdks\jbrsdk_jcef-17.0.9\bin\java.exe
0x00007ffed6e90000 - 0x00007ffed7088000 	C:\Windows\SYSTEM32\ntdll.dll
0x00007ffed4f20000 - 0x00007ffed4fe2000 	C:\Windows\System32\KERNEL32.DLL
0x00007ffed4960000 - 0x00007ffed4c5e000 	C:\Windows\System32\KERNELBASE.dll
0x00007ffed4db0000 - 0x00007ffed4eb0000 	C:\Windows\System32\ucrtbase.dll
0x00007ffecf5a0000 - 0x00007ffecf5b7000 	C:\Users\bader\.jdks\jbrsdk_jcef-17.0.9\bin\jli.dll
0x00007ffecd160000 - 0x00007ffecd17b000 	C:\Users\bader\.jdks\jbrsdk_jcef-17.0.9\bin\VCRUNTIME140.dll
0x00007ffed6bd0000 - 0x00007ffed6d6d000 	C:\Windows\System32\USER32.dll
0x00007ffed4650000 - 0x00007ffed4672000 	C:\Windows\System32\win32u.dll
0x00007ffeba210000 - 0x00007ffeba4aa000 	C:\Windows\WinSxS\amd64_microsoft.windows.common-controls_6595b64144ccf1df_6.0.19041.4355_none_60b8b9eb71f62e16\COMCTL32.dll
0x00007ffed61a0000 - 0x00007ffed61cb000 	C:\Windows\System32\GDI32.dll
0x00007ffed67d0000 - 0x00007ffed686e000 	C:\Windows\System32\msvcrt.dll
0x00007ffed4530000 - 0x00007ffed4647000 	C:\Windows\System32\gdi32full.dll
0x00007ffed4d10000 - 0x00007ffed4dad000 	C:\Windows\System32\msvcp_win.dll
0x00007ffed6100000 - 0x00007ffed612f000 	C:\Windows\System32\IMM32.DLL
0x00007ffed0df0000 - 0x00007ffed0dfc000 	C:\Users\bader\.jdks\jbrsdk_jcef-17.0.9\bin\vcruntime140_1.dll
0x00007ffeb69d0000 - 0x00007ffeb6a5d000 	C:\Users\bader\.jdks\jbrsdk_jcef-17.0.9\bin\msvcp140.dll
0x00007ffe44ae0000 - 0x00007ffe45762000 	C:\Users\bader\.jdks\jbrsdk_jcef-17.0.9\bin\server\jvm.dll
0x00007ffed6d90000 - 0x00007ffed6e41000 	C:\Windows\System32\ADVAPI32.dll
0x00007ffed5e40000 - 0x00007ffed5edf000 	C:\Windows\System32\sechost.dll
0x00007ffed62a0000 - 0x00007ffed63c3000 	C:\Windows\System32\RPCRT4.dll
0x00007ffed4760000 - 0x00007ffed4787000 	C:\Windows\System32\bcrypt.dll
0x00007ffed3a60000 - 0x00007ffed3aab000 	C:\Windows\SYSTEM32\POWRPROF.dll
0x00007ffecf4c0000 - 0x00007ffecf4c9000 	C:\Windows\SYSTEM32\WSOCK32.dll
0x00007ffeb9a40000 - 0x00007ffeb9a67000 	C:\Windows\SYSTEM32\WINMM.dll
0x00007ffed6090000 - 0x00007ffed60fb000 	C:\Windows\System32\WS2_32.dll
0x00007ffecd650000 - 0x00007ffecd65a000 	C:\Windows\SYSTEM32\VERSION.dll
0x00007ffed3930000 - 0x00007ffed3942000 	C:\Windows\SYSTEM32\UMPDC.dll
0x00007ffed23b0000 - 0x00007ffed23c2000 	C:\Windows\SYSTEM32\kernel.appcore.dll
0x00007ffecff90000 - 0x00007ffecff9a000 	C:\Users\bader\.jdks\jbrsdk_jcef-17.0.9\bin\jimage.dll
0x00007ffed1cc0000 - 0x00007ffed1ea4000 	C:\Windows\SYSTEM32\DBGHELP.DLL
0x00007ffec4470000 - 0x00007ffec44a4000 	C:\Windows\SYSTEM32\dbgcore.DLL
0x00007ffed46d0000 - 0x00007ffed4752000 	C:\Windows\System32\bcryptPrimitives.dll
0x00007ffecffb0000 - 0x00007ffecffbe000 	C:\Users\bader\.jdks\jbrsdk_jcef-17.0.9\bin\instrument.dll
0x00007ffebbd20000 - 0x00007ffebbd45000 	C:\Users\bader\.jdks\jbrsdk_jcef-17.0.9\bin\java.dll
0x00007ffebb1f0000 - 0x00007ffebb208000 	C:\Users\bader\.jdks\jbrsdk_jcef-17.0.9\bin\zip.dll
0x00007ffe8a170000 - 0x00007ffe8a247000 	C:\Users\bader\.jdks\jbrsdk_jcef-17.0.9\bin\jsvml.dll
0x00007ffed4ff0000 - 0x00007ffed575d000 	C:\Windows\System32\SHELL32.dll
0x00007ffed25b0000 - 0x00007ffed2d54000 	C:\Windows\SYSTEM32\windows.storage.dll
0x00007ffed6870000 - 0x00007ffed6bc3000 	C:\Windows\System32\combase.dll
0x00007ffed3f60000 - 0x00007ffed3f8e000 	C:\Windows\SYSTEM32\Wldp.dll
0x00007ffed61d0000 - 0x00007ffed629d000 	C:\Windows\System32\OLEAUT32.dll
0x00007ffed65c0000 - 0x00007ffed666d000 	C:\Windows\System32\SHCORE.dll
0x00007ffed6560000 - 0x00007ffed65b5000 	C:\Windows\System32\shlwapi.dll
0x00007ffed4460000 - 0x00007ffed4484000 	C:\Windows\SYSTEM32\profapi.dll
0x00007ffebb1d0000 - 0x00007ffebb1e9000 	C:\Users\bader\.jdks\jbrsdk_jcef-17.0.9\bin\net.dll
0x00007ffeccc80000 - 0x00007ffeccd8d000 	C:\Windows\SYSTEM32\WINHTTP.dll
0x00007ffed3cc0000 - 0x00007ffed3d2a000 	C:\Windows\system32\mswsock.dll
0x00007ffeba090000 - 0x00007ffeba0a6000 	C:\Users\bader\.jdks\jbrsdk_jcef-17.0.9\bin\nio.dll
0x00007ffecf690000 - 0x00007ffecf6aa000 	C:\Program Files\JetBrains\IntelliJ IDEA Community Edition 2023.3.6\bin\breakgen64.dll
0x00007ffeb8fc0000 - 0x00007ffeb915a000 	C:\Users\bader\.jdks\jbrsdk_jcef-17.0.9\bin\awt.dll
0x00007ffec2300000 - 0x00007ffec2344000 	C:\Users\bader\.jdks\jbrsdk_jcef-17.0.9\bin\nvdaControllerClient64.dll
0x00007ffed20b0000 - 0x00007ffed20df000 	C:\Windows\SYSTEM32\dwmapi.dll
0x00007ffecf1c0000 - 0x00007ffecf254000 	C:\Windows\SYSTEM32\apphelp.dll
0x00007ffeb81e0000 - 0x00007ffeb8308000 	C:\Windows\system32\opengl32.dll
0x00007ffeb7c60000 - 0x00007ffeb7c8c000 	C:\Windows\SYSTEM32\GLU32.dll
0x00007ffed1090000 - 0x00007ffed112e000 	C:\Windows\system32\uxtheme.dll
0x00007ffed5bd0000 - 0x00007ffed5ce5000 	C:\Windows\System32\MSCTF.dll
0x00007ffed5cf0000 - 0x00007ffed5d99000 	C:\Windows\System32\clbcatq.dll
0x00007ffe69a40000 - 0x00007ffe6aa0a000 	C:\Windows\System32\DriverStore\FileRepository\iigd_dch.inf_amd64_5d54dd32fa1ef4d4\ig9icd64.dll
0x00007ffed6430000 - 0x00007ffed655b000 	C:\Windows\System32\ole32.dll
0x00007ffed2dc0000 - 0x00007ffed2eb6000 	C:\Windows\system32\dxgi.dll
0x00007ffec7a80000 - 0x00007ffec7cbf000 	C:\Windows\System32\DriverStore\FileRepository\iigd_dch.inf_amd64_5d54dd32fa1ef4d4\igdgmm64.dll
0x00007ffec4eb0000 - 0x00007ffec7a79000 	C:\Windows\System32\DriverStore\FileRepository\iigd_dch.inf_amd64_5d54dd32fa1ef4d4\igc64.dll
0x00007ffe870f0000 - 0x00007ffe874fc000 	C:\Windows\System32\DriverStore\FileRepository\iigd_dch.inf_amd64_5d54dd32fa1ef4d4\igdml64.dll
0x00007ffed3ec0000 - 0x00007ffed3ed8000 	C:\Windows\SYSTEM32\CRYPTSP.dll
0x00007ffed3570000 - 0x00007ffed35a4000 	C:\Windows\system32\rsaenh.dll
0x00007ffed4420000 - 0x00007ffed444e000 	C:\Windows\SYSTEM32\USERENV.dll
0x00007ffed3eb0000 - 0x00007ffed3ebc000 	C:\Windows\SYSTEM32\CRYPTBASE.dll
0x00007ffed3950000 - 0x00007ffed398b000 	C:\Windows\SYSTEM32\IPHLPAPI.DLL
0x00007ffed5e30000 - 0x00007ffed5e38000 	C:\Windows\System32\NSI.dll
0x00007ffecc960000 - 0x00007ffecc977000 	C:\Windows\SYSTEM32\dhcpcsvc6.DLL
0x00007ffeccbf0000 - 0x00007ffeccc0d000 	C:\Windows\SYSTEM32\dhcpcsvc.DLL
0x00007ffed3990000 - 0x00007ffed3a5a000 	C:\Windows\SYSTEM32\DNSAPI.dll
0x00007ffeb9ba0000 - 0x00007ffeb9c27000 	C:\Users\bader\.jdks\jbrsdk_jcef-17.0.9\bin\freetype.dll
0x00007ffeb8ee0000 - 0x00007ffeb8fb7000 	C:\Users\bader\.jdks\jbrsdk_jcef-17.0.9\bin\fontmanager.dll
0x00007ffecf360000 - 0x00007ffecf372000 	C:\Users\bader\.jdks\jbrsdk_jcef-17.0.9\bin\jsound.dll
0x00007ffeb8e40000 - 0x00007ffeb8edc000 	C:\Windows\SYSTEM32\DSOUND.dll
0x00007ffec02f0000 - 0x00007ffec0316000 	C:\Windows\SYSTEM32\winmmbase.dll
0x00007ffecce00000 - 0x00007ffecce85000 	C:\Windows\System32\MMDevApi.dll
0x00007ffed42c0000 - 0x00007ffed42f3000 	C:\Windows\System32\DEVOBJ.dll
0x00007ffed4680000 - 0x00007ffed46ce000 	C:\Windows\System32\cfgmgr32.dll
0x00007ffeb5080000 - 0x00007ffeb50c6000 	C:\Windows\SYSTEM32\wdmaud.drv
0x00007ffecf4e0000 - 0x00007ffecf4e9000 	C:\Windows\SYSTEM32\ksuser.dll
0x00007ffeced00000 - 0x00007ffeced0a000 	C:\Windows\SYSTEM32\AVRT.dll
0x00007ffecce90000 - 0x00007ffecd011000 	C:\Windows\SYSTEM32\AUDIOSES.DLL
0x00007ffeb5070000 - 0x00007ffeb507d000 	C:\Windows\SYSTEM32\msacm32.drv
0x00007ffeb5050000 - 0x00007ffeb506e000 	C:\Windows\SYSTEM32\MSACM32.dll
0x00007ffeb5040000 - 0x00007ffeb504b000 	C:\Windows\SYSTEM32\midimap.dll
0x00007ffed1fb0000 - 0x00007ffed1fc4000 	C:\Windows\SYSTEM32\resourcepolicyclient.dll
0x00007ffeb1a60000 - 0x00007ffeb1c05000 	C:\Windows\WinSxS\amd64_microsoft.windows.gdiplus_6595b64144ccf1df_1.1.19041.4597_none_91a78020cc854124\gdiplus.dll
0x00007ffebfdd0000 - 0x00007ffebfec9000 	C:\Windows\SYSTEM32\textinputframework.dll
0x00007ffece6e0000 - 0x00007ffecea3b000 	C:\Windows\System32\CoreUIComponents.dll
0x00007ffecea50000 - 0x00007ffeceb42000 	C:\Windows\System32\CoreMessaging.dll
0x00007ffed37c0000 - 0x00007ffed37f3000 	C:\Windows\SYSTEM32\ntmarta.dll
0x00007ffed12c0000 - 0x00007ffed1417000 	C:\Windows\SYSTEM32\wintypes.dll
0x00007ffeb7e70000 - 0x00007ffeb8165000 	C:\Windows\System32\uiautomationcore.dll
0x00007ffed1880000 - 0x00007ffed1976000 	C:\Windows\System32\PROPSYS.dll
0x00007ffeb8170000 - 0x00007ffeb81d6000 	C:\Windows\System32\OLEACC.dll
0x00007ffebfed0000 - 0x00007ffec000f000 	C:\Windows\System32\Windows.UI.dll
0x00007ffecbdf0000 - 0x00007ffecbe91000 	C:\Windows\System32\WindowManagementAPI.dll
0x00007ffebfc70000 - 0x00007ffebfdc2000 	C:\Windows\System32\InputHost.dll
0x00007ffecb4a0000 - 0x00007ffecb6a3000 	C:\Windows\SYSTEM32\twinapi.appcore.dll

dbghelp: loaded successfully - version: 4.0.5 - missing functions: none
symbol engine: initialized successfully - sym options: 0x614 - pdb path: .;C:\Users\bader\.jdks\jbrsdk_jcef-17.0.9\bin;C:\Windows\SYSTEM32;C:\Windows\WinSxS\amd64_microsoft.windows.common-controls_6595b64144ccf1df_6.0.19041.4355_none_60b8b9eb71f62e16;C:\Users\bader\.jdks\jbrsdk_jcef-17.0.9\bin\server;C:\Program Files\JetBrains\IntelliJ IDEA Community Edition 2023.3.6\bin;C:\Windows\System32\DriverStore\FileRepository\iigd_dch.inf_amd64_5d54dd32fa1ef4d4;C:\Windows\WinSxS\amd64_microsoft.windows.gdiplus_6595b64144ccf1df_1.1.19041.4597_none_91a78020cc854124

VM Arguments:
jvm_args: -Xmx3072g -Xmx4096g -Dsun.java2d.opengl=true -XX:ErrorFile=logs/hs_err_pid%p.log -javaagent:C:\Program Files\JetBrains\IntelliJ IDEA Community Edition 2023.3.6\lib\idea_rt.jar=60051:C:\Program Files\JetBrains\IntelliJ IDEA Community Edition 2023.3.6\bin -Dfile.encoding=UTF-8 
java_command: net.sendback.Main
java_class_path (initial): C:\Users\bader\OneDrive\Bureau\Idea\GTS_PRojekt\target\classes
Launcher Type: SUN_STANDARD

[Global flags]
     intx CICompilerCount                          = 4                                         {product} {ergonomic}
     uint ConcGCThreads                            = 3                                         {product} {ergonomic}
    ccstr ErrorFile                                = logs/hs_err_pid%p.log                     {product} {command line}
     uint G1ConcRefinementThreads                  = 10                                        {product} {ergonomic}
   size_t G1HeapRegionSize                         = 33554432                                  {product} {ergonomic}
    uintx GCDrainStackTargetSize                   = 64                                        {product} {ergonomic}
   size_t InitialHeapSize                          = 268435456                                 {product} {ergonomic}
   size_t MarkStackSize                            = 4194304                                   {product} {ergonomic}
   size_t MaxHeapSize                              = 4398046511104                             {product} {command line}
   size_t MaxNewSize                               = 2638821195776                             {product} {ergonomic}
   size_t MinHeapDeltaBytes                        = 33554432                                  {product} {ergonomic}
   size_t MinHeapSize                              = 33554432                                  {product} {ergonomic}
    uintx NonNMethodCodeHeapSize                   = 5839372                                {pd product} {ergonomic}
    uintx NonProfiledCodeHeapSize                  = 122909434                              {pd product} {ergonomic}
    uintx ProfiledCodeHeapSize                     = 122909434                              {pd product} {ergonomic}
    uintx ReservedCodeCacheSize                    = 251658240                              {pd product} {ergonomic}
     bool SegmentedCodeCache                       = true                                      {product} {ergonomic}
   size_t SoftMaxHeapSize                          = 4398046511104                          {manageable} {ergonomic}
     bool UseCompressedClassPointers               = true                           {product lp64_product} {ergonomic}
     bool UseG1GC                                  = true                                      {product} {ergonomic}
     bool UseLargePagesIndividualAllocation        = false                                  {pd product} {ergonomic}

Logging:
Log output configuration:
 #0: stdout all=warning uptime,level,tags
 #1: stderr all=off uptime,level,tags

Environment Variables:
PATH=C:\Program Files\Common Files\Oracle\Java\javapath;C:\Windows\system32;C:\Windows;C:\Windows\System32\Wbem;C:\Windows\System32\WindowsPowerShell\v1.0\;C:\Windows\System32\OpenSSH\;C:\Program Files (x86)\NVIDIA Corporation\PhysX\Common;C:\Program Files\dotnet\;C:\Users\bader\AppData\Local\Microsoft\WindowsApps;C:\Users\bader\AppData\Local\GitHubDesktop\bin
USERNAME=bader
OS=Windows_NT
PROCESSOR_IDENTIFIER=Intel64 Family 6 Model 158 Stepping 10, GenuineIntel
TMP=C:\Users\bader\AppData\Local\Temp
TEMP=C:\Users\bader\AppData\Local\Temp



Periodic native trim disabled

JNI global refs:
JNI global refs: 169, weak refs: 239

JNI global refs memory usage: 2107, weak refs: 2737

OOME stack traces (most recent first):
Classloader memory used:
Loader bootstrap                                                                       : 2726K
Loader jdk.internal.loader.ClassLoaders$AppClassLoader                                 : 39293B
Loader jdk.internal.reflect.DelegatingClassLoader                                      : 5061B
Loader jdk.internal.loader.ClassLoaders$PlatformClassLoader                            : 764B


---------------  S Y S T E M  ---------------

OS:
 Windows 10 , 64 bit Build 19041 (10.0.19041.5072)
OS uptime: 18 days 6:23 hours

CPU: total 12 (initial active 12) (6 cores per cpu, 2 threads per core) family 6 model 158 stepping 10 microcode 0xf0, cx8, cmov, fxsr, ht, mmx, 3dnowpref, sse, sse2, sse3, ssse3, sse4.1, sse4.2, popcnt, lzcnt, tsc, tscinvbit, avx, avx2, aes, erms, clmul, bmi1, bmi2, adx, fma, vzeroupper, clflush, clflushopt
Processor Information for all 12 processors :
  Max Mhz: 2592, Current Mhz: 2592, Mhz Limit: 2592

Memory: 4k page, system-wide physical 16254M (2229M free)
TotalPageFile size 22547M (AvailPageFile size 2360M)
current process WorkingSet (physical memory assigned to process): 693M, peak: 700M
current process commit charge ("private bytes"): 1477M, peak: 1477M

vm_info: OpenJDK 64-Bit Server VM (17.0.9+8-b1166.2) for windows-amd64 JRE (17.0.9+8-b1166.2), built on 2024-01-13 by "builduser" with MS VC++ 16.10 / 16.11 (VS2019)

END.
