#
# A fatal error has been detected by the Java Runtime Environment:
#
#  EXCEPTION_ACCESS_VIOLATION (0xc0000005) at pc=0x00007ffe45df3c53, pid=39900, tid=32380
#
# JRE version: OpenJDK Runtime Environment JBR-17.0.9+8-1166.2-jcef (17.0.9+8) (build 17.0.9+8-b1166.2)
# Java VM: OpenJDK 64-Bit Server VM JBR-17.0.9+8-1166.2-jcef (17.0.9+8-b1166.2, mixed mode, tiered, compressed class ptrs, g1 gc, windows-amd64)
# Problematic frame:
# C  [ig9icd64.dll+0x9c3c53]
#
# No core dump will be written. Minidumps are not enabled by default on client versions of Windows
#
# If you would like to submit a bug report, please visit:
#   https://youtrack.jetbrains.com/issues/JBR
# The crash happened outside the Java Virtual Machine in native code.
# See problematic frame for where to report the bug.
#

---------------  S U M M A R Y ------------

Command Line: -Xmx3072g -Xmx4096g -Dsun.java2d.opengl=true -XX:ErrorFile=logs/hs_err_pid%p.log -javaagent:C:\Program Files\JetBrains\IntelliJ IDEA Community Edition 2023.3.6\lib\idea_rt.jar=50570:C:\Program Files\JetBrains\IntelliJ IDEA Community Edition 2023.3.6\bin -Dfile.encoding=UTF-8 net.sendback.Main

Host: Intel(R) Core(TM) i7-9750H CPU @ 2.60GHz, 12 cores, 15G,  Windows 10 , 64 bit Build 19041 (10.0.19041.5072)
Time: Thu Nov  7 20:00:45 2024 Mitteleuropäische Zeit elapsed time: 16.899359 seconds (0d 0h 0m 16s)

---------------  T H R E A D  ---------------

Current thread (0x00000677369ed530):  JavaThread "Java2D Queue Flusher" daemon [_thread_in_native, id=32380, stack(0x000000fb33600000,0x000000fb33700000)]

Stack: [0x000000fb33600000,0x000000fb33700000],  sp=0x000000fb336fee08,  free space=1019k
Native frames: (J=compiled Java code, j=interpreted, Vv=VM code, C=native code)
C  [ig9icd64.dll+0x9c3c53]

Java frames: (J=compiled Java code, j=interpreted, Vv=VM code)
J 2587  sun.java2d.opengl.OGLRenderQueue.flushBuffer(JI)V java.desktop (0 bytes) @ 0x000002511e3fcfdb [0x000002511e3fcfa0+0x000000000000003b]
J 2514 c1 sun.java2d.opengl.OGLRenderQueue.flushBuffer()V java.desktop (41 bytes) @ 0x0000025116cf9a04 [0x0000025116cf98e0+0x0000000000000124]
j  sun.java2d.opengl.OGLRenderQueue$QueueFlusher.run()V+81 java.desktop
j  java.lang.Thread.run()V+11 java.base@17.0.9
v  ~StubRoutines::call_stub

siginfo: EXCEPTION_ACCESS_VIOLATION (0xc0000005), reading address 0xffffffffffffffff


Registers:
RAX=0x000000000fff0fff, RBX=0x00007ffe45430000, RCX=0x000000033fcf3fcc, RDX=0x000000fb336ff320
RSP=0x000000fb336fee08, RBP=0x000000fb336fef10, RSI=0x0000067740c05d80, RDI=0x000000fb336ff110
R8 =0x000000fb336fef40, R9 =0x000000fb336ff320, R10=0x000000fb336ff110, R11=0x0000000000000000
R12=0x00007ffe4625a420, R13=0x0000000000000000, R14=0x0000000000000000, R15=0x00000000000001c1
RIP=0x00007ffe45df3c53, EFLAGS=0x0000000000010206


Register to memory mapping:

RIP=0x00007ffe45df3c53 ig9icd64.dll
RAX=0x000000000fff0fff is an unknown value
RBX=0x00007ffe45430000 ig9icd64.dll
RCX=0x000000033fcf3fcc is an unknown value
RDX=0x000000fb336ff320 is pointing into the stack for thread: 0x00000677369ed530
RSP=0x000000fb336fee08 is pointing into the stack for thread: 0x00000677369ed530
RBP=0x000000fb336fef10 is pointing into the stack for thread: 0x00000677369ed530
RSI=0x0000067740c05d80 points into unknown readable memory: 0x0000067736a06340 | 40 63 a0 36 77 06 00 00
RDI=0x000000fb336ff110 is pointing into the stack for thread: 0x00000677369ed530
R8 =0x000000fb336fef40 is pointing into the stack for thread: 0x00000677369ed530
R9 =0x000000fb336ff320 is pointing into the stack for thread: 0x00000677369ed530
R10=0x000000fb336ff110 is pointing into the stack for thread: 0x00000677369ed530
R11=0x0 is NULL
R12=0x00007ffe4625a420 ig9icd64.dll
R13=0x0 is NULL
R14=0x0 is NULL
R15=0x00000000000001c1 is an unknown value


Top of Stack: (sp=0x000000fb336fee08)
0x000000fb336fee08:   00007ffe45df138b 0000000000000001
0x000000fb336fee18:   0000000000000000 000006774178ba00
0x000000fb336fee28:   00007ffec7a82572 000000fb00000065
0x000000fb336fee38:   000000fb336ff040 0000000000000000
0x000000fb336fee48:   00000677418ec4c0 0000000000000000
0x000000fb336fee58:   00000677418f0d10 000006774178ba00
0x000000fb336fee68:   0000000000000fb0 0000000000000000
0x000000fb336fee78:   0000000000000000 000000fb336feff0
0x000000fb336fee88:   00007ffe45a89070 0000000000000000
0x000000fb336fee98:   0000000000000000 0000000000000000
0x000000fb336feea8:   0000000000000000 0000afa515a4096d
0x000000fb336feeb8:   00007ffe454464e5 000006774178ba00
0x000000fb336feec8:   0000000000000001 0000000000000200
0x000000fb336feed8:   00007ffed6ebb86b 00000000000d0015
0x000000fb336feee8:   0000000000000074 0000067740cf9bc0
0x000000fb336feef8:   0000000000000000 0000000000000000
0x000000fb336fef08:   00007ffe45df1c62 0000000000000000
0x000000fb336fef18:   0000025111167500 000000fb336ff210
0x000000fb336fef28:   0000025111160000 00000251111602b4
0x000000fb336fef38:   00000677418ec4c0 00007ffe460ff020
0x000000fb336fef48:   0000000e00000000 0000001a00000018
0x000000fb336fef58:   00000fff00000000 437f0000437f0000
0x000000fb336fef68:   437f0000437f0000 0000ff0000ff0000
0x000000fb336fef78:   ff000000000000ff 0000000800000010
0x000000fb336fef88:   0000001800000000 0000000000000000
0x000000fb336fef98:   0000000000000000 0000000000000000
0x000000fb336fefa8:   0000000000000000 0000000000000000
0x000000fb336fefb8:   0000000000000000 0000000000000000
0x000000fb336fefc8:   0000000000000000 0000000000000000
0x000000fb336fefd8:   0000000000000000 0000000000000000
0x000000fb336fefe8:   0000000000000000 0000000000000000
0x000000fb336feff8:   0000000000000000 0000000000000000 

Instructions: (pc=0x00007ffe45df3c53)
0x00007ffe45df3b53:   a1 b6 30 00 48 89 51 08 48 89 01 8b 44 24 28 89
0x00007ffe45df3b63:   41 20 8b 44 24 30 89 41 24 48 8b c1 4c 89 41 10
0x00007ffe45df3b73:   4c 89 49 18 c3 cc cc cc cc cc cc cc cc 48 89 5c
0x00007ffe45df3b83:   24 08 8b 41 5c 48 8d 1d 71 c4 63 ff 41 89 40 08
0x00007ffe45df3b93:   4c 8b d1 8b 41 60 45 33 db 41 89 40 0c 4c 8b ca
0x00007ffe45df3ba3:   8b 41 64 41 89 40 10 8b 41 68 41 89 40 14 8b 41
0x00007ffe45df3bb3:   6c 41 89 40 18 8b 41 70 41 89 40 1c 48 63 41 74
0x00007ffe45df3bc3:   48 6b c8 34 8b 84 19 84 5f ee 00 41 89 40 20 8b
0x00007ffe45df3bd3:   84 19 88 5f ee 00 41 89 40 24 8b 84 19 8c 5f ee
0x00007ffe45df3be3:   00 41 89 40 28 8b 84 19 90 5f ee 00 41 89 40 2c
0x00007ffe45df3bf3:   8b 84 19 74 5f ee 00 41 89 40 30 8b 84 19 78 5f
0x00007ffe45df3c03:   ee 00 41 89 40 34 8b 84 19 7c 5f ee 00 41 89 40
0x00007ffe45df3c13:   38 8b 84 19 80 5f ee 00 41 89 40 3c 8b 84 19 64
0x00007ffe45df3c23:   5f ee 00 41 89 40 40 8b 84 19 68 5f ee 00 41 89
0x00007ffe45df3c33:   40 44 8b 84 19 6c 5f ee 00 41 89 40 48 8b 84 19
0x00007ffe45df3c43:   70 5f ee 00 41 89 40 4c 49 63 42 78 48 6b c8 34
0x00007ffe45df3c53:   8b 84 19 84 5f ee 00 41 89 40 50 8b 84 19 88 5f
0x00007ffe45df3c63:   ee 00 41 89 40 54 8b 84 19 8c 5f ee 00 41 89 40
0x00007ffe45df3c73:   58 8b 84 19 90 5f ee 00 41 89 40 5c 8b 84 19 74
0x00007ffe45df3c83:   5f ee 00 41 89 40 60 8b 84 19 78 5f ee 00 41 89
0x00007ffe45df3c93:   40 64 8b 84 19 7c 5f ee 00 41 89 40 68 8b 84 19
0x00007ffe45df3ca3:   80 5f ee 00 41 89 40 6c 8b 84 19 64 5f ee 00 41
0x00007ffe45df3cb3:   89 40 70 8b 84 19 68 5f ee 00 41 89 40 74 8b 84
0x00007ffe45df3cc3:   19 6c 5f ee 00 41 89 40 78 8b 84 19 70 5f ee 00
0x00007ffe45df3cd3:   41 89 40 7c 48 8b 42 18 8b 88 38 0b 00 00 f6 c1
0x00007ffe45df3ce3:   08 0f 84 86 00 00 00 8b 80 3c 0b 00 00 41 89 80
0x00007ffe45df3cf3:   80 00 00 00 48 8b 42 18 8b 88 40 0b 00 00 41 89
0x00007ffe45df3d03:   88 84 00 00 00 48 8b 42 18 8b 88 44 0b 00 00 41
0x00007ffe45df3d13:   89 88 88 00 00 00 48 8b 42 18 8b 88 48 0b 00 00
0x00007ffe45df3d23:   41 89 88 8c 00 00 00 48 8b 42 18 8b 88 4c 0b 00
0x00007ffe45df3d33:   00 41 89 88 90 00 00 00 48 8b 42 18 8b 88 50 0b
0x00007ffe45df3d43:   00 00 41 89 88 94 00 00 00 48 8b 42 18 8b 88 54 


Stack slot to memory mapping:
stack at sp + 0 slots: 0x00007ffe45df138b ig9icd64.dll
stack at sp + 1 slots: 0x0000000000000001 is an unknown value
stack at sp + 2 slots: 0x0 is NULL
stack at sp + 3 slots: 0x000006774178ba00 points into unknown readable memory: 0x00007ffec7c9d290 | 90 d2 c9 c7 fe 7f 00 00
stack at sp + 4 slots: 0x00007ffec7a82572 igdgmm64.dll
stack at sp + 5 slots: 0x000000fb00000065 is an unknown value
stack at sp + 6 slots: 0x000000fb336ff040 is pointing into the stack for thread: 0x00000677369ed530
stack at sp + 7 slots: 0x0 is NULL


Compiled method (n/a)   17010 2587     n 0       sun.java2d.opengl.OGLRenderQueue::flushBuffer (native)
 total in heap  [0x000002511e3fce10,0x000002511e3fd1a8] = 920
 relocation     [0x000002511e3fcf68,0x000002511e3fcf98] = 48
 main code      [0x000002511e3fcfa0,0x000002511e3fd1a8] = 520

[Constant Pool (empty)]

[MachCode]
[Entry Point]
  # {method} {0x0000067737ad09e8} 'flushBuffer' '(JI)V' in 'sun/java2d/opengl/OGLRenderQueue'
  # this:     rdx:rdx   = 'sun/java2d/opengl/OGLRenderQueue'
  # parm0:    r8:r8     = long
  # parm1:    r9        = int
  #           [sp+0x70]  (sp of caller)
  0x000002511e3fcfa0: 448b 5208 | 493b c20f | 840b 0000 

  0x000002511e3fcfac: ;   {runtime_call ic_miss_stub}
  0x000002511e3fcfac: 00e9 ce40 | 9eff 660f | 1f44 0000 
[Verified Entry Point]
  0x000002511e3fcfb8: 8984 2400 | 90ff ff55 | 488b ec48 | 83ec 6048 | 8954 2420 | 4883 fa00 | 488d 5424 | 2048 0f44 
  0x000002511e3fcfd8: 5424 20c5 

  0x000002511e3fcfdc: ;   {internal_word}
  0x000002511e3fcfdc: f877 49ba | dbcf 3f1e | 5102 0000 | 4d89 97a0 | 0200 0049 | 89a7 9802 

  0x000002511e3fcff4: ;   {external_word}
  0x000002511e3fcff4: 0000 49ba | 3d29 6729 | fe7f 0000 | 4180 3a00 | 0f84 5200 | 0000 5241 

  0x000002511e3fd00c: ;   {metadata({method} {0x0000067737ad09e8} 'flushBuffer' '(JI)V' in 'sun/java2d/opengl/OGLRenderQueue')}
  0x000002511e3fd00c: 5041 5148 | bae0 09ad | 3777 0600 | 0049 8bcf | 4883 ec20 | f7c4 0f00 | 0000 0f84 | 1a00 0000 
  0x000002511e3fd02c: 4883 ec08 

  0x000002511e3fd030: ;   {runtime_call SharedRuntime::dtrace_method_entry}
  0x000002511e3fd030: 49ba b0ea | 1c29 fe7f | 0000 41ff | d248 83c4 | 08e9 0d00 

  0x000002511e3fd044: ;   {runtime_call SharedRuntime::dtrace_method_entry}
  0x000002511e3fd044: 0000 49ba | b0ea 1c29 | fe7f 0000 | 41ff d248 | 83c4 2041 | 5941 585a | 498d 8fb8 | 0200 0041 
  0x000002511e3fd064: c787 4803 | 0000 0400 

  0x000002511e3fd06c: ;   {runtime_call}
  0x000002511e3fd06c: 0000 49ba | 60fd cb89 | fe7f 0000 | 41ff d2c5 | f877 41c7 | 8748 0300 | 0005 0000 | 00f0 8344 
  0x000002511e3fd08c: 24c0 0049 | 3baf 5003 | 0000 0f87 | 1100 0000 | 4181 bf38 | 0300 0000 | 0000 000f | 8421 0000 
  0x000002511e3fd0ac: 00c5 f877 | 498b cf4c | 8be4 4883 | ec20 4883 

  0x000002511e3fd0bc: ;   {runtime_call JavaThread::check_special_condition_for_native_trans}
  0x000002511e3fd0bc: e4f0 49ba | f008 2d29 | fe7f 0000 | 41ff d249 | 8be4 41c7 | 8748 0300 | 0008 0000 | 0041 81bf 
  0x000002511e3fd0dc: b803 0000 | 0200 0000 | 0f84 9b00 

  0x000002511e3fd0e8: ;   {external_word}
  0x000002511e3fd0e8: 0000 49ba | 3d29 6729 | fe7f 0000 | 4180 3a00 | 0f84 4800 

  0x000002511e3fd0fc: ;   {metadata({method} {0x0000067737ad09e8} 'flushBuffer' '(JI)V' in 'sun/java2d/opengl/OGLRenderQueue')}
  0x000002511e3fd0fc: 0000 48ba | e009 ad37 | 7706 0000 | 498b cf48 | 83ec 20f7 | c40f 0000 | 000f 841a | 0000 0048 
  0x000002511e3fd11c: ;   {runtime_call SharedRuntime::dtrace_method_entry}
  0x000002511e3fd11c: 83ec 0849 | bab0 ea1c | 29fe 7f00 | 0041 ffd2 | 4883 c408 | e90d 0000 

  0x000002511e3fd134: ;   {runtime_call SharedRuntime::dtrace_method_entry}
  0x000002511e3fd134: 0049 bab0 | ea1c 29fe | 7f00 0041 | ffd2 4883 | c420 49c7 | 8798 0200 | 0000 0000 | 0049 c787 
  0x000002511e3fd154: a002 0000 | 0000 0000 | c5f8 7749 | 8b8f d800 | 0000 c781 | 0001 0000 | 0000 0000 | c949 817f 
  0x000002511e3fd174: 0800 0000 | 000f 8501 | 0000 00c3 

  0x000002511e3fd180: ;   {runtime_call StubRoutines (1)}
  0x000002511e3fd180: e97b 3d99 | ffc5 f877 | 4c8b e448 | 83ec 2048 

  0x000002511e3fd190: ;   {runtime_call SharedRuntime::reguard_yellow_pages}
  0x000002511e3fd190: 83e4 f049 | ba40 1b1d | 29fe 7f00 | 0041 ffd2 | 498b e4e9 | 42ff ffff 
[/MachCode]


Compiled method (c1)   17128 2514       3       sun.java2d.opengl.OGLRenderQueue::flushBuffer (41 bytes)
 total in heap  [0x0000025116cf9710,0x0000025116cf9d58] = 1608
 relocation     [0x0000025116cf9868,0x0000025116cf98d0] = 104
 main code      [0x0000025116cf98e0,0x0000025116cf9bc0] = 736
 stub code      [0x0000025116cf9bc0,0x0000025116cf9c18] = 88
 metadata       [0x0000025116cf9c18,0x0000025116cf9c40] = 40
 scopes data    [0x0000025116cf9c40,0x0000025116cf9c90] = 80
 scopes pcs     [0x0000025116cf9c90,0x0000025116cf9d30] = 160
 dependencies   [0x0000025116cf9d30,0x0000025116cf9d38] = 8
 nul chk table  [0x0000025116cf9d38,0x0000025116cf9d58] = 32

[Constant Pool (empty)]

[MachCode]
[Entry Point]
  # {method} {0x0000067737ad0ae0} 'flushBuffer' '()V' in 'sun/java2d/opengl/OGLRenderQueue'
  #           [sp+0x70]  (sp of caller)
  0x0000025116cf98e0: 448b 5208 

  0x0000025116cf98e4: ;   {runtime_call ic_miss_stub}
  0x0000025116cf98e4: 4c3b d00f | 8593 770e | 0766 6666 | 0f1f 8400 | 0000 0000 | 6666 6690 | 0f1f 4000 
[Verified Entry Point]
  0x0000025116cf9900: 8984 2400 | 90ff ff55 | 4883 ec60 

  0x0000025116cf990c: ;   {metadata(method data for {method} {0x0000067737ad0ae0} 'flushBuffer' '()V' in 'sun/java2d/opengl/OGLRenderQueue')}
  0x0000025116cf990c: 49b8 60f1 | 3f38 7706 | 0000 458b | 88cc 0000 | 0041 83c1 | 0245 8988 | cc00 0000 | 4181 e1fe 
  0x0000025116cf992c: 0700 0041 | 83f9 000f | 84d6 0100 | 004c 8b42 | 1049 3b00 

  0x0000025116cf9940: ;   {metadata(method data for {method} {0x0000067737ad0ae0} 'flushBuffer' '()V' in 'sun/java2d/opengl/OGLRenderQueue')}
  0x0000025116cf9940: 4d8b c848 | be60 f13f | 3877 0600 | 0048 8386 | 1001 0000 

  0x0000025116cf9954: ;   {metadata(method data for {method} {0x0000067737ad2dc0} 'position' '()I' in 'sun/java2d/pipe/RenderBuffer')}
  0x0000025116cf9954: 0149 b9b0 | f038 3877 | 0600 0041 | 8bb1 cc00 | 0000 83c6 | 0241 89b1 | cc00 0000 | 81e6 feff 
  0x0000025116cf9974: 1f00 83fe | 000f 84b6 | 0100 004d | 8b48 2049 | 8b70 104c | 2bce 458b | c941 83f9 

  0x0000025116cf9990: ;   {metadata(method data for {method} {0x0000067737ad0ae0} 'flushBuffer' '()V' in 'sun/java2d/opengl/OGLRenderQueue')}
  0x0000025116cf9990: 0048 bf60 | f13f 3877 | 0600 0048 | bb48 0100 | 0000 0000 | 000f 8e0a | 0000 0048 | bb58 0100 
  0x0000025116cf99b0: 0000 0000 | 0048 8b04 | 1f48 8d40 | 0148 8904 | 1f0f 8e42 

  0x0000025116cf99c4: ;   {metadata(method data for {method} {0x0000067737ad0ae0} 'flushBuffer' '()V' in 'sun/java2d/opengl/OGLRenderQueue')}
  0x0000025116cf99c4: 0000 0048 | bf60 f13f | 3877 0600 | 0048 8387 | 6801 0000 | 014c 8bc2 

  0x0000025116cf99dc: ;   {metadata(method data for {method} {0x0000067737ad0ae0} 'flushBuffer' '()V' in 'sun/java2d/opengl/OGLRenderQueue')}
  0x0000025116cf99dc: 48bf 60f1 | 3f38 7706 | 0000 4883 | 87a0 0100 | 0001 4c8b | c648 8bf2 | 488b d648 | 8974 2450 
  0x0000025116cf99fc: ;   {optimized virtual_call}
  0x0000025116cf99fc: 6666 90e8 

  0x0000025116cf9a00: ; ImmutableOopMap {[80]=Oop }
                      ;*invokevirtual flushBuffer {reexecute=0 rethrow=0 return_oop=0}
                      ; - sun.java2d.opengl.OGLRenderQueue::flushBuffer@21 (line 150)
  0x0000025116cf9a00: b435 7007 | 488b 5424 | 5048 8b72 | 1048 3b06 

  0x0000025116cf9a10: ;   {metadata(method data for {method} {0x0000067737ad0ae0} 'flushBuffer' '()V' in 'sun/java2d/opengl/OGLRenderQueue')}
  0x0000025116cf9a10: 488b fe48 | bb60 f13f | 3877 0600 | 0048 8383 | d801 0000 

  0x0000025116cf9a24: ;   {metadata(method data for {method} {0x0000067737ad2f40} 'clear' '()V' in 'sun/java2d/pipe/RenderBuffer')}
  0x0000025116cf9a24: 0148 bfe8 | f33f 3877 | 0600 008b | 9fcc 0000 | 0083 c302 | 899f cc00 | 0000 81e3 | feff 1f00 
  0x0000025116cf9a44: 83fb 000f | 840e 0100 | 0048 8b7e | 1048 897e | 2048 8b52 | 1848 3b02 

  0x0000025116cf9a5c: ;   {metadata(method data for {method} {0x0000067737ad0ae0} 'flushBuffer' '()V' in 'sun/java2d/opengl/OGLRenderQueue')}
  0x0000025116cf9a5c: 488b f248 | bf60 f13f | 3877 0600 | 008b 7608 | 483b b720 | 0200 0075 | 0d48 8387 | 2802 0000 
  0x0000025116cf9a7c: 01e9 6600 | 0000 483b | b730 0200 | 0075 0d48 | 8387 3802 | 0000 01e9 | 5000 0000 | 4881 bf20 
  0x0000025116cf9a9c: 0200 0000 | 0000 0075 | 1748 89b7 | 2002 0000 | 48c7 8728 | 0200 0001 | 0000 00e9 | 2c00 0000 
  0x0000025116cf9abc: 4881 bf30 | 0200 0000 | 0000 0075 | 1748 89b7 | 3002 0000 | 48c7 8738 | 0200 0001 | 0000 00e9 
  0x0000025116cf9adc: 0800 0000 | 4883 8710 | 0200 0001 | 0f1f 4400 | 0048 b828 | 4e07 8000 

  0x0000025116cf9af4: ;   {virtual_call}
  0x0000025116cf9af4: 0000 00e8 

  0x0000025116cf9af8: ; ImmutableOopMap {}
                      ;*invokeinterface clear {reexecute=0 rethrow=0 return_oop=0}
                      ; - sun.java2d.opengl.OGLRenderQueue::flushBuffer@35 (line 155)
  0x0000025116cf9af8: 44c2 ffff | 4883 c460 

  0x0000025116cf9b00: ;   {poll_return}
  0x0000025116cf9b00: 5d49 3ba7 | 5003 0000 | 0f87 7300 

  0x0000025116cf9b0c: ;   {metadata({method} {0x0000067737ad0ae0} 'flushBuffer' '()V' in 'sun/java2d/opengl/OGLRenderQueue')}
  0x0000025116cf9b0c: 0000 c349 | bad8 0aad | 3777 0600 | 004c 8954 | 2408 48c7 | 0424 ffff 

  0x0000025116cf9b24: ;   {runtime_call counter_overflow Runtime1 stub}
  0x0000025116cf9b24: ffff e855 

  0x0000025116cf9b28: ; ImmutableOopMap {rdx=Oop }
                      ;*synchronization entry
                      ; - sun.java2d.opengl.OGLRenderQueue::flushBuffer@-1 (line 147)
  0x0000025116cf9b28: f618 07e9 | 09fe ffff 

  0x0000025116cf9b30: ;   {runtime_call throw_null_pointer_exception Runtime1 stub}
  0x0000025116cf9b30: e86b 9918 

  0x0000025116cf9b34: ; ImmutableOopMap {rdx=Oop r8=Oop }
                      ;*invokevirtual position {reexecute=0 rethrow=0 return_oop=0}
                      ; - sun.java2d.opengl.OGLRenderQueue::flushBuffer@4 (line 147)
                      ;   {metadata({method} {0x0000067737ad2dc0} 'position' '()I' in 'sun/java2d/pipe/RenderBuffer')}
  0x0000025116cf9b34: 0749 bab8 | 2dad 3777 | 0600 004c | 8954 2408 | 48c7 0424 | ffff ffff 

  0x0000025116cf9b4c: ;   {runtime_call counter_overflow Runtime1 stub}
  0x0000025116cf9b4c: e82f f618 

  0x0000025116cf9b50: ; ImmutableOopMap {rdx=Oop r8=Oop }
                      ;*synchronization entry
                      ; - sun.java2d.pipe.RenderBuffer::position@-1 (line 110)
                      ; - sun.java2d.opengl.OGLRenderQueue::flushBuffer@4 (line 147)
  0x0000025116cf9b50: 07e9 29fe 

  0x0000025116cf9b54: ;   {runtime_call throw_null_pointer_exception Runtime1 stub}
  0x0000025116cf9b54: ffff e845 

  0x0000025116cf9b58: ; ImmutableOopMap {rdx=Oop rsi=Oop }
                      ;*invokevirtual clear {reexecute=0 rethrow=0 return_oop=0}
                      ; - sun.java2d.opengl.OGLRenderQueue::flushBuffer@28 (line 153)
                      ;   {metadata({method} {0x0000067737ad2f40} 'clear' '()V' in 'sun/java2d/pipe/RenderBuffer')}
  0x0000025116cf9b58: 9918 0749 | ba38 2fad | 3777 0600 | 004c 8954 | 2408 48c7 | 0424 ffff 

  0x0000025116cf9b70: ;   {runtime_call counter_overflow Runtime1 stub}
  0x0000025116cf9b70: ffff e809 

  0x0000025116cf9b74: ; ImmutableOopMap {rdx=Oop rsi=Oop }
                      ;*synchronization entry
                      ; - sun.java2d.pipe.RenderBuffer::clear@-1 (line 118)
                      ; - sun.java2d.opengl.OGLRenderQueue::flushBuffer@28 (line 153)
  0x0000025116cf9b74: f618 07e9 | d1fe ffff 

  0x0000025116cf9b7c: ;   {runtime_call throw_null_pointer_exception Runtime1 stub}
  0x0000025116cf9b7c: e81f 9918 

  0x0000025116cf9b80: ; ImmutableOopMap {rdx=Oop }
                      ;*invokeinterface clear {reexecute=0 rethrow=0 return_oop=0}
                      ; - sun.java2d.opengl.OGLRenderQueue::flushBuffer@35 (line 155)
                      ;   {internal_word}
  0x0000025116cf9b80: 0749 ba01 | 9bcf 1651 | 0200 004d | 8997 6803 

  0x0000025116cf9b90: ;   {runtime_call SafepointBlob}
  0x0000025116cf9b90: 0000 e969 | de0e 0790 | 9049 8b87 | e003 0000 | 49c7 87e0 | 0300 0000 | 0000 0049 | c787 e803 
  0x0000025116cf9bb0: 0000 0000 | 0000 4883 

  0x0000025116cf9bb8: ;   {runtime_call unwind_exception Runtime1 stub}
  0x0000025116cf9bb8: c460 5de9 | c086 1807 
[Stub Code]
  0x0000025116cf9bc0: ;   {no_reloc}
  0x0000025116cf9bc0: 0f1f 4400 

  0x0000025116cf9bc4: ;   {static_stub}
  0x0000025116cf9bc4: 0048 bbe0 | 09ad 3777 

  0x0000025116cf9bcc: ;   {runtime_call I2C/C2I adapters}
  0x0000025116cf9bcc: 0600 00e9 | 00e7 0e07 

  0x0000025116cf9bd4: ;   {static_stub}
  0x0000025116cf9bd4: 9048 bb00 | 0000 0000 

  0x0000025116cf9bdc: ;   {runtime_call}
  0x0000025116cf9bdc: 0000 00e9 | fbff ffff 
[Exception Handler]
  0x0000025116cf9be4: ;   {runtime_call handle_exception_from_callee Runtime1 stub}
  0x0000025116cf9be4: e897 b618 

  0x0000025116cf9be8: ;   {external_word}
  0x0000025116cf9be8: 0748 b990 | 6d41 29fe | 7f00 0048 

  0x0000025116cf9bf4: ;   {runtime_call MacroAssembler::debug64}
  0x0000025116cf9bf4: 83e4 f049 | ba30 df09 | 29fe 7f00 | 0041 ffd2 

  0x0000025116cf9c04: ;   {section_word}
  0x0000025116cf9c04: f449 ba05 | 9ccf 1651 | 0200 0041 

  0x0000025116cf9c10: ;   {runtime_call DeoptimizationBlob}
  0x0000025116cf9c10: 52e9 8ad0 | 0e07 f4f4 
[/MachCode]


---------------  P R O C E S S  ---------------

Threads class SMR info:
_java_thread_list=0x0000067740e3add0, length=44, elements={
0x0000067736333010, 0x0000067736334630, 0x0000067736354020, 0x000006773638c000,
0x000006773638d070, 0x000006773638e0e0, 0x0000067736392a70, 0x00000677363973d0,
0x00000677363985b0, 0x00000251266c8bb0, 0x000006773672e3a0, 0x000006773672e880,
0x00000677369ed530, 0x0000067740c959c0, 0x0000067741014700, 0x0000067741453090,
0x000006774147b3c0, 0x000006774146f7a0, 0x00000677414701c0, 0x0000067741470be0,
0x00000677414710f0, 0x000006774146fcb0, 0x00000677414706d0, 0x0000067741338930,
0x000006774133fda0, 0x000006774133a790, 0x000006774133cb00, 0x0000067741339860,
0x0000067741338e40, 0x000006774133da30, 0x000006774133f380, 0x000006774133a280,
0x000006774133e450, 0x000006774133aca0, 0x000006774133df40, 0x0000067741339d70,
0x00000677413402b0, 0x000006774133ee70, 0x000006774133b1b0, 0x000006774133b6c0,
0x000006774133d520, 0x000006774133c5f0, 0x000006774133f890, 0x0000067744910de0
}

Java Threads: ( => current thread )
  0x0000067736333010 JavaThread "Reference Handler" daemon [_thread_blocked, id=2764, stack(0x000000fb32900000,0x000000fb32a00000)]
  0x0000067736334630 JavaThread "Finalizer" daemon [_thread_blocked, id=3540, stack(0x000000fb32a00000,0x000000fb32b00000)]
  0x0000067736354020 JavaThread "Signal Dispatcher" daemon [_thread_blocked, id=38788, stack(0x000000fb32b00000,0x000000fb32c00000)]
  0x000006773638c000 JavaThread "Attach Listener" daemon [_thread_blocked, id=21956, stack(0x000000fb32c00000,0x000000fb32d00000)]
  0x000006773638d070 JavaThread "Service Thread" daemon [_thread_blocked, id=3648, stack(0x000000fb32d00000,0x000000fb32e00000)]
  0x000006773638e0e0 JavaThread "Monitor Deflation Thread" daemon [_thread_blocked, id=3608, stack(0x000000fb32e00000,0x000000fb32f00000)]
  0x0000067736392a70 JavaThread "C2 CompilerThread0" daemon [_thread_blocked, id=38176, stack(0x000000fb32f00000,0x000000fb33000000)]
  0x00000677363973d0 JavaThread "C1 CompilerThread0" daemon [_thread_blocked, id=34684, stack(0x000000fb33000000,0x000000fb33100000)]
  0x00000677363985b0 JavaThread "Sweeper thread" daemon [_thread_blocked, id=11208, stack(0x000000fb33100000,0x000000fb33200000)]
  0x00000251266c8bb0 JavaThread "Common-Cleaner" daemon [_thread_blocked, id=37008, stack(0x000000fb33200000,0x000000fb33300000)]
  0x000006773672e3a0 JavaThread "Monitor Ctrl-Break" daemon [_thread_in_native, id=31668, stack(0x000000fb33300000,0x000000fb33400000)]
  0x000006773672e880 JavaThread "Notification Thread" daemon [_thread_blocked, id=10116, stack(0x000000fb33400000,0x000000fb33500000)]
=>0x00000677369ed530 JavaThread "Java2D Queue Flusher" daemon [_thread_in_native, id=32380, stack(0x000000fb33600000,0x000000fb33700000)]
  0x0000067740c959c0 JavaThread "Java2D Disposer" daemon [_thread_blocked, id=2996, stack(0x000000fb33b00000,0x000000fb33c00000)]
  0x0000067741014700 JavaThread "AWT-Windows" daemon [_thread_in_native, id=21084, stack(0x000000fb33e00000,0x000000fb33f00000)]
  0x0000067741453090 JavaThread "Java Sound Event Dispatcher" daemon [_thread_blocked, id=36332, stack(0x000000fb34900000,0x000000fb34a00000)]
  0x000006774147b3c0 JavaThread "Direct Clip" daemon [_thread_blocked, id=8552, stack(0x000000fb34c00000,0x000000fb34d00000)]
  0x000006774146f7a0 JavaThread "Direct Clip" daemon [_thread_blocked, id=1184, stack(0x000000fb34d00000,0x000000fb34e00000)]
  0x00000677414701c0 JavaThread "Direct Clip" daemon [_thread_blocked, id=21096, stack(0x000000fb34e00000,0x000000fb34f00000)]
  0x0000067741470be0 JavaThread "Direct Clip" daemon [_thread_blocked, id=34736, stack(0x000000fb34f00000,0x000000fb35000000)]
  0x00000677414710f0 JavaThread "Direct Clip" daemon [_thread_blocked, id=20028, stack(0x000000fb35000000,0x000000fb35100000)]
  0x000006774146fcb0 JavaThread "Direct Clip" daemon [_thread_blocked, id=18320, stack(0x000000fb35100000,0x000000fb35200000)]
  0x00000677414706d0 JavaThread "Direct Clip" daemon [_thread_blocked, id=2084, stack(0x000000fb35200000,0x000000fb35300000)]
  0x0000067741338930 JavaThread "Direct Clip" daemon [_thread_blocked, id=17484, stack(0x000000fb35300000,0x000000fb35400000)]
  0x000006774133fda0 JavaThread "Direct Clip" daemon [_thread_blocked, id=36680, stack(0x000000fb35400000,0x000000fb35500000)]
  0x000006774133a790 JavaThread "Direct Clip" daemon [_thread_blocked, id=38784, stack(0x000000fb35500000,0x000000fb35600000)]
  0x000006774133cb00 JavaThread "Direct Clip" daemon [_thread_blocked, id=33856, stack(0x000000fb35600000,0x000000fb35700000)]
  0x0000067741339860 JavaThread "Direct Clip" daemon [_thread_blocked, id=15744, stack(0x000000fb35700000,0x000000fb35800000)]
  0x0000067741338e40 JavaThread "Direct Clip" daemon [_thread_blocked, id=35456, stack(0x000000fb35800000,0x000000fb35900000)]
  0x000006774133da30 JavaThread "Direct Clip" daemon [_thread_blocked, id=25684, stack(0x000000fb33d00000,0x000000fb33e00000)]
  0x000006774133f380 JavaThread "Direct Clip" daemon [_thread_blocked, id=21312, stack(0x000000fb35900000,0x000000fb35a00000)]
  0x000006774133a280 JavaThread "Direct Clip" daemon [_thread_blocked, id=35616, stack(0x000000fb35a00000,0x000000fb35b00000)]
  0x000006774133e450 JavaThread "Direct Clip" daemon [_thread_blocked, id=29300, stack(0x000000fb35b00000,0x000000fb35c00000)]
  0x000006774133aca0 JavaThread "Direct Clip" daemon [_thread_blocked, id=28772, stack(0x000000fb35c00000,0x000000fb35d00000)]
  0x000006774133df40 JavaThread "Direct Clip" daemon [_thread_blocked, id=6308, stack(0x000000fb35d00000,0x000000fb35e00000)]
  0x0000067741339d70 JavaThread "Direct Clip" daemon [_thread_blocked, id=35976, stack(0x000000fb35e00000,0x000000fb35f00000)]
  0x00000677413402b0 JavaThread "Direct Clip" daemon [_thread_blocked, id=28148, stack(0x000000fb35f00000,0x000000fb36000000)]
  0x000006774133ee70 JavaThread "AWT-Shutdown" [_thread_blocked, id=3444, stack(0x000000fb36000000,0x000000fb36100000)]
  0x000006774133b1b0 JavaThread "AWT-EventQueue-0" [_thread_blocked, id=10652, stack(0x000000fb36100000,0x000000fb36200000)]
  0x000006774133b6c0 JavaThread "DestroyJavaVM" [_thread_blocked, id=29048, stack(0x000000fb32200000,0x000000fb32300000)]
  0x000006774133d520 JavaThread "TimerQueue" daemon [_thread_blocked, id=34776, stack(0x000000fb36900000,0x000000fb36a00000)]
  0x000006774133c5f0 JavaThread "Thread-0" [_thread_blocked, id=29312, stack(0x000000fb36a00000,0x000000fb36b00000)]
  0x000006774133f890 JavaThread "ztt" [_thread_in_vm, id=34152, stack(0x000000fb36b00000,0x000000fb36c00000)]
  0x0000067744910de0 JavaThread "ToolkitShutdown" daemon [_thread_in_native, id=33736, stack(0x000000fb36e00000,0x000000fb36f00000)]

Other Threads:
  0x000006773632bc20 VMThread "VM Thread" [stack: 0x000000fb32800000,0x000000fb32900000] [id=35408]
  0x000006773671a150 WatcherThread [stack: 0x000000fb33500000,0x000000fb33600000] [id=16552]
  0x000002511153a710 GCTaskThread "GC Thread#0" [stack: 0x000000fb32300000,0x000000fb32400000] [id=28488]
  0x00000677411c9bc0 GCTaskThread "GC Thread#1" [stack: 0x000000fb33f00000,0x000000fb34000000] [id=29828]
  0x000006774119c6c0 GCTaskThread "GC Thread#2" [stack: 0x000000fb34000000,0x000000fb34100000] [id=15420]
  0x00000677411cbf50 GCTaskThread "GC Thread#3" [stack: 0x000000fb34100000,0x000000fb34200000] [id=4568]
  0x00000677411cc210 GCTaskThread "GC Thread#4" [stack: 0x000000fb34200000,0x000000fb34300000] [id=15248]
  0x00000677411cc950 GCTaskThread "GC Thread#5" [stack: 0x000000fb34300000,0x000000fb34400000] [id=36884]
  0x000006774115c130 GCTaskThread "GC Thread#6" [stack: 0x000000fb34400000,0x000000fb34500000] [id=692]
  0x000006774115c3f0 GCTaskThread "GC Thread#7" [stack: 0x000000fb34500000,0x000000fb34600000] [id=36336]
  0x00000677412f8c40 GCTaskThread "GC Thread#8" [stack: 0x000000fb34600000,0x000000fb34700000] [id=35508]
  0x00000677412fbb40 GCTaskThread "GC Thread#9" [stack: 0x000000fb34700000,0x000000fb34800000] [id=15912]
  0x000002511153cde0 ConcurrentGCThread "G1 Main Marker" [stack: 0x000000fb32400000,0x000000fb32500000] [id=34196]
  0x000002511153d800 ConcurrentGCThread "G1 Conc#0" [stack: 0x000000fb32500000,0x000000fb32600000] [id=39808]
  0x00000677418b0610 ConcurrentGCThread "G1 Conc#1" [stack: 0x000000fb36700000,0x000000fb36800000] [id=23140]
  0x00000677448918a0 ConcurrentGCThread "G1 Conc#2" [stack: 0x000000fb36800000,0x000000fb36900000] [id=32980]
  0x000002512669a790 ConcurrentGCThread "G1 Refine#0" [stack: 0x000000fb32600000,0x000000fb32700000] [id=17884]
  0x0000067741389490 ConcurrentGCThread "G1 Refine#1" [stack: 0x000000fb36200000,0x000000fb36300000] [id=24436]
  0x0000067741711bf0 ConcurrentGCThread "G1 Refine#2" [stack: 0x000000fb36300000,0x000000fb36400000] [id=35576]
  0x000002512669b1c0 ConcurrentGCThread "G1 Service" [stack: 0x000000fb32700000,0x000000fb32800000] [id=29244]

Threads with active compile tasks:

VM state: not at safepoint (normal execution)

VM Mutex/Monitor currently owned by a thread: None

CDS archive(s) not mapped
Compressed class space mapped at: 0x0000000080000000-0x00000000c0000000, reserved size: 1073741824
Narrow klass base: 0x0000000000000000, Narrow klass shift: 0, Narrow klass range: 0xc0000000

GC Precious Log:
 CPUs: 12 total, 12 available
 Memory: 16254M
 Large Page Support: Disabled
 NUMA Support: Disabled
 Compressed Oops: Disabled
 Heap Region Size: 32M
 Heap Min Capacity: 32M
 Heap Initial Capacity: 256M
 Heap Max Capacity: 4096G
 Pre-touch: Disabled
 Parallel Workers: 10
 Concurrent Workers: 3
 Concurrent Refinement Workers: 10
 Periodic GC: Disabled

Heap:
 garbage-first heap   total 1114112K, used 234167K [0x0000025128000000, 0x0000065128000000)
  region size 32768K, 2 young (65536K), 1 survivors (32768K)
 Metaspace       used 22632K, committed 22912K, reserved 1114112K
  class space    used 2304K, committed 2432K, reserved 1048576K

Heap Regions: E=young(eden), S=young(survivor), O=old, HS=humongous(starts), HC=humongous(continues), CS=collection set, F=free, OA=open archive, CA=closed archive, TAMS=top-at-mark-start (previous, next)
|   0|0x0000025128000000, 0x000002512a000000, 0x000002512a000000|100%| O|  |TAMS 0x000002512a000000, 0x0000025128000000| Complete 
|   1|0x000002512a000000, 0x000002512c000000, 0x000002512c000000|100%|HS|  |TAMS 0x000002512c000000, 0x000002512a000000| Complete 
|   2|0x000002512c000000, 0x000002512e000000, 0x000002512e000000|100%| O|  |TAMS 0x000002512e000000, 0x000002512c000000| Complete 
|   3|0x000002512e000000, 0x0000025130000000, 0x0000025130000000|100%| O|  |TAMS 0x0000025130000000, 0x000002512e000000| Untracked 
|   4|0x0000025130000000, 0x0000025132000000, 0x0000025132000000|100%| O|  |TAMS 0x0000025132000000, 0x0000025130000000| Untracked 
|   5|0x0000025132000000, 0x0000025134000000, 0x0000025134000000|100%| O|  |TAMS 0x0000025134000000, 0x0000025132000000| Untracked 
|   6|0x0000025134000000, 0x0000025136000000, 0x0000025136000000|100%| O|  |TAMS 0x000002513405d200, 0x0000025134000000| Untracked 
|   7|0x0000025136000000, 0x000002513627a400, 0x0000025138000000|  7%| O|  |TAMS 0x0000025136000000, 0x0000025136000000| Untracked 
|   8|0x0000025138000000, 0x0000025138000000, 0x000002513a000000|  0%| F|  |TAMS 0x0000025138000000, 0x0000025138000000| Untracked 
|   9|0x000002513a000000, 0x000002513a000000, 0x000002513c000000|  0%| F|  |TAMS 0x000002513a000000, 0x000002513a000000| Untracked 
|  10|0x000002513c000000, 0x000002513c000000, 0x000002513e000000|  0%| F|  |TAMS 0x000002513c000000, 0x000002513c000000| Untracked 
|  11|0x000002513e000000, 0x000002513e000000, 0x0000025140000000|  0%| F|  |TAMS 0x000002513e000000, 0x000002513e000000| Untracked 
|  12|0x0000025140000000, 0x0000025140000000, 0x0000025142000000|  0%| F|  |TAMS 0x0000025140000000, 0x0000025140000000| Untracked 
|  13|0x0000025142000000, 0x0000025142000000, 0x0000025144000000|  0%| F|  |TAMS 0x0000025142000000, 0x0000025142000000| Untracked 
|  14|0x0000025144000000, 0x0000025144000000, 0x0000025146000000|  0%| F|  |TAMS 0x0000025144000000, 0x0000025144000000| Untracked 
|  15|0x0000025146000000, 0x0000025146000000, 0x0000025148000000|  0%| F|  |TAMS 0x0000025146000000, 0x0000025146000000| Untracked 
|  16|0x0000025148000000, 0x0000025148233a08, 0x000002514a000000|  6%| S|CS|TAMS 0x0000025148000000, 0x0000025148000000| Complete 
|  17|0x000002514a000000, 0x000002514a000000, 0x000002514c000000|  0%| F|  |TAMS 0x000002514a000000, 0x000002514a000000| Untracked 
|  18|0x000002514c000000, 0x000002514c000000, 0x000002514e000000|  0%| F|  |TAMS 0x000002514c000000, 0x000002514c000000| Untracked 
|  19|0x000002514e000000, 0x000002514e000000, 0x0000025150000000|  0%| F|  |TAMS 0x000002514e000000, 0x000002514e000000| Untracked 
|  20|0x0000025150000000, 0x0000025150000000, 0x0000025152000000|  0%| F|  |TAMS 0x0000025150000000, 0x0000025150000000| Untracked 
|  21|0x0000025152000000, 0x0000025152000000, 0x0000025154000000|  0%| F|  |TAMS 0x0000025152000000, 0x0000025152000000| Untracked 
|  22|0x0000025154000000, 0x0000025154000000, 0x0000025156000000|  0%| F|  |TAMS 0x0000025154000000, 0x0000025154000000| Untracked 
|  23|0x0000025156000000, 0x0000025156000000, 0x0000025158000000|  0%| F|  |TAMS 0x0000025156000000, 0x0000025156000000| Untracked 
|  24|0x0000025158000000, 0x0000025158000000, 0x000002515a000000|  0%| F|  |TAMS 0x0000025158000000, 0x0000025158000000| Untracked 
|  25|0x000002515a000000, 0x000002515a000000, 0x000002515c000000|  0%| F|  |TAMS 0x000002515a000000, 0x000002515a000000| Untracked 
|  26|0x000002515c000000, 0x000002515c000000, 0x000002515e000000|  0%| F|  |TAMS 0x000002515c000000, 0x000002515c000000| Untracked 
|  27|0x000002515e000000, 0x000002515e000000, 0x0000025160000000|  0%| F|  |TAMS 0x000002515e000000, 0x000002515e000000| Untracked 
|  28|0x0000025160000000, 0x0000025160000000, 0x0000025162000000|  0%| F|  |TAMS 0x0000025160000000, 0x0000025160000000| Untracked 
|  29|0x0000025162000000, 0x0000025162000000, 0x0000025164000000|  0%| F|  |TAMS 0x0000025162000000, 0x0000025162000000| Untracked 
|  30|0x0000025164000000, 0x0000025164000000, 0x0000025166000000|  0%| F|  |TAMS 0x0000025164000000, 0x0000025164000000| Untracked 
|  31|0x0000025166000000, 0x0000025166000000, 0x0000025168000000|  0%| F|  |TAMS 0x0000025166000000, 0x0000025166000000| Untracked 
|  32|0x0000025168000000, 0x0000025168000000, 0x000002516a000000|  0%| F|  |TAMS 0x0000025168000000, 0x0000025168000000| Untracked 
|  33|0x000002516a000000, 0x000002516ab5f680, 0x000002516c000000| 35%| E|  |TAMS 0x000002516a000000, 0x000002516a000000| Complete 

Card table byte_map: [0x0000065330020000,0x0000065530020000] _byte_map_base: 0x00000652076e0000

Marking Bits (Prev, Next): (CMBitMap*) 0x000002511153ad70, (CMBitMap*) 0x000002511153ad30
 Prev Bits: [0x0000066730020000, 0x0000067730020000)
 Next Bits: [0x0000065730020000, 0x0000066730020000)

Polling page: 0x0000025111540000

Metaspace:

Usage:
  Non-class:     19.85 MB used.
      Class:      2.25 MB used.
       Both:     22.10 MB used.

Virtual space:
  Non-class space:       64.00 MB reserved,      20.00 MB ( 31%) committed,  1 nodes.
      Class space:        1.00 GB reserved,       2.38 MB ( <1%) committed,  1 nodes.
             Both:        1.06 GB reserved,      22.38 MB (  2%) committed. 

Chunk freelists:
   Non-Class:  12.00 MB
       Class:  13.60 MB
        Both:  25.60 MB

MaxMetaspaceSize: unlimited
CompressedClassSpaceSize: 1.00 GB
Initial GC threshold: 21.00 MB
Current GC threshold: 35.12 MB
CDS: off
MetaspaceReclaimPolicy: balanced
 - commit_granule_bytes: 65536.
 - commit_granule_words: 8192.
 - virtual_space_node_default_size: 8388608.
 - enlarge_chunks_in_place: 1.
 - new_chunks_are_fully_committed: 0.
 - uncommit_free_chunks: 1.
 - use_allocation_guard: 0.
 - handle_deallocations: 1.


Internal statistics:

num_allocs_failed_limit: 3.
num_arena_births: 270.
num_arena_deaths: 0.
num_vsnodes_births: 2.
num_vsnodes_deaths: 0.
num_space_committed: 358.
num_space_uncommitted: 0.
num_chunks_returned_to_freelist: 3.
num_chunks_taken_from_freelist: 401.
num_chunk_merges: 0.
num_chunk_splits: 225.
num_chunks_enlarged: 111.
num_inconsistent_stats: 0.

CodeHeap 'non-profiled nmethods': size=120000Kb used=1162Kb max_used=1162Kb free=118837Kb
 bounds [0x000002511e330000, 0x000002511e5a0000, 0x0000025125860000]
CodeHeap 'profiled nmethods': size=120000Kb used=5559Kb max_used=5559Kb free=114440Kb
 bounds [0x0000025116860000, 0x0000025116dd0000, 0x000002511dd90000]
CodeHeap 'non-nmethods': size=5760Kb used=1313Kb max_used=1384Kb free=4446Kb
 bounds [0x000002511dd90000, 0x000002511e000000, 0x000002511e330000]
 total_blobs=3561 nmethods=2907 adapters=566
 compilation: enabled
              stopped_count=0, restarted_count=0
 full_count=0

Compilation events (20 events):
Event: 16.171 Thread 0x00000677363973d0 2896       3       java.util.WeakHashMap::matchesKey (33 bytes)
Event: 16.171 Thread 0x00000677363973d0 nmethod 2896 0x0000025116dc4810 code [0x0000025116dc49e0, 0x0000025116dc4ef8]
Event: 16.470 Thread 0x00000677363973d0 2897       1       javax.swing.InputMap::getParent (5 bytes)
Event: 16.470 Thread 0x00000677363973d0 nmethod 2897 0x000002511e452110 code [0x000002511e4522a0, 0x000002511e452378]
Event: 16.501 Thread 0x00000677363973d0 2898       3       javax.swing.JComponent::getActionMap (35 bytes)
Event: 16.501 Thread 0x00000677363973d0 nmethod 2898 0x0000025116dc5090 code [0x0000025116dc5280, 0x0000025116dc5748]
Event: 16.570 Thread 0x00000677363973d0 2899       1       com.sun.media.sound.AbstractDataLine::setActive (6 bytes)
Event: 16.570 Thread 0x00000677363973d0 nmethod 2899 0x000002511e452410 code [0x000002511e4525a0, 0x000002511e452678]
Event: 16.570 Thread 0x00000677363973d0 2900       1       javax.sound.sampled.LineEvent::getType (5 bytes)
Event: 16.570 Thread 0x00000677363973d0 nmethod 2900 0x000002511e452710 code [0x000002511e4528a0, 0x000002511e452978]
Event: 16.697 Thread 0x00000677363973d0 2902       3       java.awt.Component$FlipBufferStrategy::updateInternalBuffers (38 bytes)
Event: 16.698 Thread 0x00000677363973d0 nmethod 2902 0x0000025116dc5910 code [0x0000025116dc5b00, 0x0000025116dc61d8]
Event: 16.698 Thread 0x00000677363973d0 2905       3       net.sendback.util.Settings::getBoolean (13 bytes)
Event: 16.698 Thread 0x00000677363973d0 nmethod 2905 0x0000025116dc6390 code [0x0000025116dc6540, 0x0000025116dc6768]
Event: 16.698 Thread 0x00000677363973d0 2903       3       net.sendback.util.Settings::getInt (13 bytes)
Event: 16.698 Thread 0x00000677363973d0 nmethod 2903 0x0000025116dc6890 code [0x0000025116dc6a40, 0x0000025116dc6c68]
Event: 16.698 Thread 0x00000677363973d0 2901       3       java.awt.Component$FlipBufferStrategy::getDrawGraphics (12 bytes)
Event: 16.698 Thread 0x00000677363973d0 nmethod 2901 0x0000025116dc6d90 code [0x0000025116dc6f40, 0x0000025116dc71b8]
Event: 16.698 Thread 0x00000677363973d0 2904       3       net.sendback.objects.entity.Player::getTexture (218 bytes)
Event: 16.698 Thread 0x00000677363973d0 nmethod 2904 0x0000025116dc7290 code [0x0000025116dc74a0, 0x0000025116dc7d98]

GC Heap History (20 events):
Event: 1.094 GC heap before
{Heap before GC invocations=0 (full 0):
 garbage-first heap   total 262144K, used 0K [0x0000025128000000, 0x0000065128000000)
  region size 32768K, 1 young (32768K), 0 survivors (0K)
 Metaspace       used 16496K, committed 16768K, reserved 1114112K
  class space    used 1553K, committed 1664K, reserved 1048576K
}
Event: 1.105 GC heap after
{Heap after GC invocations=1 (full 0):
 garbage-first heap   total 262144K, used 6175K [0x0000025128000000, 0x0000065128000000)
  region size 32768K, 1 young (32768K), 1 survivors (32768K)
 Metaspace       used 16496K, committed 16768K, reserved 1114112K
  class space    used 1553K, committed 1664K, reserved 1048576K
}
Event: 1.257 GC heap before
{Heap before GC invocations=1 (full 0):
 garbage-first heap   total 262144K, used 38943K [0x0000025128000000, 0x0000065128000000)
  region size 32768K, 2 young (65536K), 1 survivors (32768K)
 Metaspace       used 16574K, committed 16832K, reserved 1114112K
  class space    used 1556K, committed 1664K, reserved 1048576K
}
Event: 1.266 GC heap after
{Heap after GC invocations=2 (full 0):
 garbage-first heap   total 262144K, used 15373K [0x0000025128000000, 0x0000065128000000)
  region size 32768K, 1 young (32768K), 1 survivors (32768K)
 Metaspace       used 16574K, committed 16832K, reserved 1114112K
  class space    used 1556K, committed 1664K, reserved 1048576K
}
Event: 1.580 GC heap before
{Heap before GC invocations=2 (full 0):
 garbage-first heap   total 262144K, used 48141K [0x0000025128000000, 0x0000065128000000)
  region size 32768K, 2 young (65536K), 1 survivors (32768K)
 Metaspace       used 16583K, committed 16832K, reserved 1114112K
  class space    used 1556K, committed 1664K, reserved 1048576K
}
Event: 1.591 GC heap after
{Heap after GC invocations=3 (full 0):
 garbage-first heap   total 262144K, used 31208K [0x0000025128000000, 0x0000065128000000)
  region size 32768K, 1 young (32768K), 1 survivors (32768K)
 Metaspace       used 16583K, committed 16832K, reserved 1114112K
  class space    used 1556K, committed 1664K, reserved 1048576K
}
Event: 1.623 GC heap before
{Heap before GC invocations=3 (full 0):
 garbage-first heap   total 262144K, used 31208K [0x0000025128000000, 0x0000065128000000)
  region size 32768K, 2 young (65536K), 1 survivors (32768K)
 Metaspace       used 16583K, committed 16832K, reserved 1114112K
  class space    used 1556K, committed 1664K, reserved 1048576K
}
Event: 1.637 GC heap after
{Heap after GC invocations=4 (full 0):
 garbage-first heap   total 262144K, used 47194K [0x0000025128000000, 0x0000065128000000)
  region size 32768K, 1 young (32768K), 1 survivors (32768K)
 Metaspace       used 16583K, committed 16832K, reserved 1114112K
  class space    used 1556K, committed 1664K, reserved 1048576K
}
Event: 1.866 GC heap before
{Heap before GC invocations=4 (full 0):
 garbage-first heap   total 262144K, used 79962K [0x0000025128000000, 0x0000065128000000)
  region size 32768K, 2 young (65536K), 1 survivors (32768K)
 Metaspace       used 16934K, committed 17216K, reserved 1114112K
  class space    used 1608K, committed 1728K, reserved 1048576K
}
Event: 1.879 GC heap after
{Heap after GC invocations=5 (full 0):
 garbage-first heap   total 262144K, used 106503K [0x0000025128000000, 0x0000065128000000)
  region size 32768K, 1 young (32768K), 1 survivors (32768K)
 Metaspace       used 16934K, committed 17216K, reserved 1114112K
  class space    used 1608K, committed 1728K, reserved 1048576K
}
Event: 1.904 GC heap before
{Heap before GC invocations=5 (full 0):
 garbage-first heap   total 262144K, used 106503K [0x0000025128000000, 0x0000065128000000)
  region size 32768K, 2 young (65536K), 1 survivors (32768K)
 Metaspace       used 16938K, committed 17216K, reserved 1114112K
  class space    used 1608K, committed 1728K, reserved 1048576K
}
Event: 1.917 GC heap after
{Heap after GC invocations=6 (full 0):
 garbage-first heap   total 524288K, used 140295K [0x0000025128000000, 0x0000065128000000)
  region size 32768K, 1 young (32768K), 1 survivors (32768K)
 Metaspace       used 16938K, committed 17216K, reserved 1114112K
  class space    used 1608K, committed 1728K, reserved 1048576K
}
Event: 2.082 GC heap before
{Heap before GC invocations=6 (full 0):
 garbage-first heap   total 524288K, used 173063K [0x0000025128000000, 0x0000065128000000)
  region size 32768K, 2 young (65536K), 1 survivors (32768K)
 Metaspace       used 17380K, committed 17600K, reserved 1114112K
  class space    used 1663K, committed 1728K, reserved 1048576K
}
Event: 2.101 GC heap after
{Heap after GC invocations=7 (full 0):
 garbage-first heap   total 524288K, used 166889K [0x0000025128000000, 0x0000065128000000)
  region size 32768K, 1 young (32768K), 1 survivors (32768K)
 Metaspace       used 17380K, committed 17600K, reserved 1114112K
  class space    used 1663K, committed 1728K, reserved 1048576K
}
Event: 3.011 GC heap before
{Heap before GC invocations=7 (full 0):
 garbage-first heap   total 524288K, used 232425K [0x0000025128000000, 0x0000065128000000)
  region size 32768K, 3 young (98304K), 1 survivors (32768K)
 Metaspace       used 18720K, committed 18944K, reserved 1114112K
  class space    used 1819K, committed 1920K, reserved 1048576K
}
Event: 3.036 GC heap after
{Heap after GC invocations=8 (full 0):
 garbage-first heap   total 524288K, used 229748K [0x0000025128000000, 0x0000065128000000)
  region size 32768K, 1 young (32768K), 1 survivors (32768K)
 Metaspace       used 18720K, committed 18944K, reserved 1114112K
  class space    used 1819K, committed 1920K, reserved 1048576K
}
Event: 3.936 GC heap before
{Heap before GC invocations=8 (full 0):
 garbage-first heap   total 524288K, used 229748K [0x0000025128000000, 0x0000065128000000)
  region size 32768K, 2 young (65536K), 1 survivors (32768K)
 Metaspace       used 21184K, committed 21568K, reserved 1114112K
  class space    used 2197K, committed 2368K, reserved 1048576K
}
Event: 3.948 GC heap after
{Heap after GC invocations=9 (full 0):
 garbage-first heap   total 524288K, used 236512K [0x0000025128000000, 0x0000065128000000)
  region size 32768K, 1 young (32768K), 1 survivors (32768K)
 Metaspace       used 21184K, committed 21568K, reserved 1114112K
  class space    used 2197K, committed 2368K, reserved 1048576K
}
Event: 14.622 GC heap before
{Heap before GC invocations=10 (full 0):
 garbage-first heap   total 557056K, used 269280K [0x0000025128000000, 0x0000065128000000)
  region size 32768K, 2 young (65536K), 1 survivors (32768K)
 Metaspace       used 22601K, committed 22848K, reserved 1114112K
  class space    used 2302K, committed 2432K, reserved 1048576K
}
Event: 14.629 GC heap after
{Heap after GC invocations=11 (full 0):
 garbage-first heap   total 1114112K, used 234167K [0x0000025128000000, 0x0000065128000000)
  region size 32768K, 1 young (32768K), 1 survivors (32768K)
 Metaspace       used 22601K, committed 22848K, reserved 1114112K
  class space    used 2302K, committed 2432K, reserved 1048576K
}

Dll operation events (3 events):
Event: 0.007 Loaded shared library C:\Users\bader\.jdks\jbrsdk_jcef-17.0.9\bin\java.dll
Event: 0.115 Loaded shared library C:\Users\bader\.jdks\jbrsdk_jcef-17.0.9\bin\jsvml.dll
Event: 0.214 Loaded shared library C:\Users\bader\.jdks\jbrsdk_jcef-17.0.9\bin\zip.dll

Deoptimization events (20 events):
Event: 10.726 Thread 0x000006774133c5f0 DEOPT PACKING pc=0x0000025116d94645 sp=0x000000fb36aff040
Event: 10.726 Thread 0x000006774133c5f0 DEOPT UNPACKING pc=0x000002511dde7143 sp=0x000000fb36afe550 mode 0
Event: 11.715 Thread 0x000006774133c5f0 Uncommon trap: trap_request=0xffffff45 fr.pc=0x000002511e43b294 relative=0x00000000000038f4
Event: 11.715 Thread 0x000006774133c5f0 Uncommon trap: reason=unstable_if action=reinterpret pc=0x000002511e43b294 method=sun.java2d.opengl.OGLDrawImage.renderImageXform(Lsun/java2d/SunGraphics2D;Ljava/awt/Image;Ljava/awt/geom/AffineTransform;IIIIILjava/awt/Color;)V @ 50 c2
Event: 11.715 Thread 0x000006774133c5f0 DEOPT PACKING pc=0x000002511e43b294 sp=0x000000fb36afedf0
Event: 11.715 Thread 0x000006774133c5f0 DEOPT UNPACKING pc=0x000002511dde69a3 sp=0x000000fb36afeab0 mode 2
Event: 11.716 Thread 0x000006774133c5f0 Uncommon trap: trap_request=0xffffff5c fr.pc=0x000002511e42b224 relative=0x0000000000000da4
Event: 11.716 Thread 0x000006774133c5f0 Uncommon trap: reason=speculate_null_check action=make_not_entrant pc=0x000002511e42b224 method=java.util.Objects.hashCode(Ljava/lang/Object;)I @ 1 c2
Event: 11.716 Thread 0x000006774133c5f0 DEOPT PACKING pc=0x000002511e42b224 sp=0x000000fb36afe700
Event: 11.716 Thread 0x000006774133c5f0 DEOPT UNPACKING pc=0x000002511dde69a3 sp=0x000000fb36afe248 mode 2
Event: 11.717 Thread 0x000006774133c5f0 Uncommon trap: trap_request=0xffffff5c fr.pc=0x000002511e42021c relative=0x00000000000005dc
Event: 11.717 Thread 0x000006774133c5f0 Uncommon trap: reason=speculate_null_check action=make_not_entrant pc=0x000002511e42021c method=java.util.Objects.hashCode(Ljava/lang/Object;)I @ 1 c2
Event: 11.717 Thread 0x000006774133c5f0 DEOPT PACKING pc=0x000002511e42021c sp=0x000000fb36afe690
Event: 11.717 Thread 0x000006774133c5f0 DEOPT UNPACKING pc=0x000002511dde69a3 sp=0x000000fb36afe360 mode 2
Event: 11.817 Thread 0x000006774133c5f0 Uncommon trap: trap_request=0xffffff45 fr.pc=0x000002511e431a90 relative=0x0000000000001230
Event: 11.817 Thread 0x000006774133c5f0 Uncommon trap: reason=unstable_if action=reinterpret pc=0x000002511e431a90 method=sun.java2d.opengl.OGLDrawImage.renderImageXform(Lsun/java2d/SunGraphics2D;Ljava/awt/Image;Ljava/awt/geom/AffineTransform;IIIIILjava/awt/Color;)V @ 50 c2
Event: 11.817 Thread 0x000006774133c5f0 DEOPT PACKING pc=0x000002511e431a90 sp=0x000000fb36afed20
Event: 11.817 Thread 0x000006774133c5f0 DEOPT UNPACKING pc=0x000002511dde69a3 sp=0x000000fb36afec40 mode 2
Event: 14.690 Thread 0x000006774133c5f0 DEOPT PACKING pc=0x0000025116d9fd74 sp=0x000000fb36afef80
Event: 14.690 Thread 0x000006774133c5f0 DEOPT UNPACKING pc=0x000002511dde7143 sp=0x000000fb36afe438 mode 0

Classes unloaded (0 events):
No events

Classes redefined (0 events):
No events

Internal exceptions (20 events):
Event: 1.032 Thread 0x000002511147cba0 Exception <a 'java/lang/NoSuchMethodError'{0x000002513775a868}: 'int java.lang.invoke.DirectMethodHandle$Holder.invokeStaticInit(java.lang.Object, float, float)'> (0x000002513775a868) 
thrown [s\src\hotspot\share\interpreter\linkResolver.cpp, line 771]
Event: 1.033 Thread 0x000002511147cba0 Exception <a 'java/lang/NoSuchMethodError'{0x0000025137763558}: 'int java.lang.invoke.DirectMethodHandle$Holder.invokeStaticInit(java.lang.Object, double, double)'> (0x0000025137763558) 
thrown [s\src\hotspot\share\interpreter\linkResolver.cpp, line 771]
Event: 1.033 Thread 0x000002511147cba0 Exception <a 'java/lang/NoSuchMethodError'{0x0000025137769028}: 'int java.lang.invoke.DirectMethodHandle$Holder.invokeStatic(java.lang.Object, long)'> (0x0000025137769028) 
thrown [s\src\hotspot\share\interpreter\linkResolver.cpp, line 771]
Event: 1.038 Thread 0x000002511147cba0 Exception <a 'java/lang/NoSuchMethodError'{0x000002513783bd08}: 'int java.lang.invoke.Invokers$Holder.linkToTargetMethod(java.lang.Object, java.lang.Object)'> (0x000002513783bd08) 
thrown [s\src\hotspot\share\interpreter\linkResolver.cpp, line 771]
Event: 2.398 Thread 0x000002511147cba0 Exception <a 'java/lang/NoSuchMethodError'{0x000002514710a058}: 'void java.lang.invoke.DirectMethodHandle$Holder.invokeSpecial(java.lang.Object, java.lang.Object, java.lang.Object)'> (0x000002514710a058) 
thrown [s\src\hotspot\share\interpreter\linkResolver.cpp, line 771]
Event: 2.985 Thread 0x000002511147cba0 Exception <a 'java/lang/NoSuchMethodError'{0x0000025143db89c8}: 'void java.lang.invoke.DirectMethodHandle$Holder.invokeStaticInit(java.lang.Object)'> (0x0000025143db89c8) 
thrown [s\src\hotspot\share\interpreter\linkResolver.cpp, line 771]
Event: 3.042 Thread 0x000006774133b1b0 Exception <a 'java/lang/NoSuchMethodError'{0x000002514601f2f8}: 'java.lang.Object java.lang.invoke.DirectMethodHandle$Holder.newInvokeSpecial(java.lang.Object, java.lang.Object, java.lang.Object, java.lang.Object, java.lang.Object)'> (0x000002514601f2f8) 
thrown [s\src\hotspot\share\interpreter\linkResolver.cpp, line 771]
Event: 3.044 Thread 0x000006774133b1b0 Exception <a 'java/lang/NoSuchMethodError'{0x000002514602de38}: 'java.lang.Object java.lang.invoke.DirectMethodHandle$Holder.invokeStatic(java.lang.Object, int, java.lang.Object, java.lang.Object, java.lang.Object, java.lang.Object)'> (0x000002514602de38) 
thrown [s\src\hotspot\share\interpreter\linkResolver.cpp, line 771]
Event: 3.078 Thread 0x000006774133b1b0 Exception <a 'java/lang/ClassNotFoundException'{0x000002514614d540}: com/sun/swing/internal/plaf/metal/resources/spi/metalProvider> (0x000002514614d540) 
thrown [s\src\hotspot\share\classfile\systemDictionary.cpp, line 256]
Event: 3.079 Thread 0x000006774133b1b0 Exception <a 'java/lang/ClassNotFoundException'{0x0000025146153498}: com/sun/swing/internal/plaf/basic/resources/spi/basicProvider> (0x0000025146153498) 
thrown [s\src\hotspot\share\classfile\systemDictionary.cpp, line 256]
Event: 3.082 Thread 0x000006774133b1b0 Exception <a 'java/lang/NoSuchMethodError'{0x0000025146177aa8}: 'java.lang.Object java.lang.invoke.Invokers$Holder.linkToTargetMethod(java.lang.Object, int, java.lang.Object, java.lang.Object, java.lang.Object)'> (0x0000025146177aa8) 
thrown [s\src\hotspot\share\interpreter\linkResolver.cpp, line 771]
Event: 3.118 Thread 0x0000067741014700 Exception <a 'java/lang/NoSuchMethodError'{0x00000251461ce450}: 'void java.lang.invoke.DirectMethodHandle$Holder.invokeVirtual(java.lang.Object, java.lang.Object)'> (0x00000251461ce450) 
thrown [s\src\hotspot\share\interpreter\linkResolver.cpp, line 771]
Event: 3.142 Thread 0x000006774133b1b0 Exception <a 'java/lang/NoSuchMethodError'{0x000002514626ed90}: 'java.lang.Object java.lang.invoke.DirectMethodHandle$Holder.newInvokeSpecial(java.lang.Object, java.lang.Object, int, int, int, int)'> (0x000002514626ed90) 
thrown [s\src\hotspot\share\interpreter\linkResolver.cpp, line 771]
Event: 3.147 Thread 0x000006774133b1b0 Exception <a 'java/lang/NoSuchMethodError'{0x0000025146280dc8}: 'void java.lang.invoke.DirectMethodHandle$Holder.invokeSpecial(java.lang.Object, java.lang.Object, int, int)'> (0x0000025146280dc8) 
thrown [s\src\hotspot\share\interpreter\linkResolver.cpp, line 771]
Event: 3.147 Thread 0x000006774133b1b0 Exception <a 'java/lang/NoSuchMethodError'{0x0000025146288c30}: 'java.lang.Object java.lang.invoke.DirectMethodHandle$Holder.newInvokeSpecial(java.lang.Object, java.lang.Object, int, int)'> (0x0000025146288c30) 
thrown [s\src\hotspot\share\interpreter\linkResolver.cpp, line 771]
Event: 3.365 Thread 0x000006774133b1b0 Exception <a 'java/lang/NoSuchMethodError'{0x00000251463942a8}: 'java.lang.Object java.lang.invoke.Invokers$Holder.invoke_MT(java.lang.Object, java.lang.Object, java.lang.Object)'> (0x00000251463942a8) 
thrown [s\src\hotspot\share\interpreter\linkResolver.cpp, line 771]
Event: 3.368 Thread 0x000006774133b1b0 Exception <a 'java/lang/NoSuchMethodError'{0x00000251463a2ad8}: 'int java.lang.invoke.Invokers$Holder.invoke_MT(java.lang.Object, java.lang.Object, java.lang.Object)'> (0x00000251463a2ad8) 
thrown [s\src\hotspot\share\interpreter\linkResolver.cpp, line 771]
Event: 4.292 Thread 0x000006774133b1b0 Exception <a 'java/lang/NoSuchMethodError'{0x00000251460bdf90}: 'void java.lang.invoke.DirectMethodHandle$Holder.invokeStatic(java.lang.Object, java.lang.Object, java.lang.Object)'> (0x00000251460bdf90) 
thrown [s\src\hotspot\share\interpreter\linkResolver.cpp, line 771]
Event: 11.716 Thread 0x000006774133c5f0 Implicit null exception at 0x000002511e42a5f6 to 0x000002511e42b1f8
Event: 11.717 Thread 0x000006774133c5f0 Implicit null exception at 0x000002511e41fc80 to 0x000002511e42020c

VM Operations (20 events):
Event: 7.392 Executing VM operation: Cleanup
Event: 7.392 Executing VM operation: Cleanup done
Event: 8.403 Executing VM operation: Cleanup
Event: 8.403 Executing VM operation: Cleanup done
Event: 9.411 Executing VM operation: Cleanup
Event: 9.412 Executing VM operation: Cleanup done
Event: 10.424 Executing VM operation: Cleanup
Event: 10.424 Executing VM operation: Cleanup done
Event: 11.133 Executing VM operation: HandshakeAllThreads
Event: 11.133 Executing VM operation: HandshakeAllThreads done
Event: 12.133 Executing VM operation: Cleanup
Event: 12.133 Executing VM operation: Cleanup done
Event: 13.137 Executing VM operation: Cleanup
Event: 13.137 Executing VM operation: Cleanup done
Event: 14.622 Executing VM operation: G1CollectForAllocation
Event: 14.630 Executing VM operation: G1CollectForAllocation done
Event: 15.641 Executing VM operation: Cleanup
Event: 15.641 Executing VM operation: Cleanup done
Event: 16.655 Executing VM operation: Cleanup
Event: 16.655 Executing VM operation: Cleanup done

Events (20 events):
Event: 11.132 loading class sun/awt/ModalExclude done
Event: 11.132 loading class javax/swing/JWindow
Event: 11.133 loading class javax/swing/JWindow done
Event: 11.133 loading class javax/swing/Popup$HeavyWeightWindow done
Event: 11.290 Thread 0x00000677363f1690 Thread exited: 0x00000677363f1690
Event: 11.428 loading class java/lang/NoSuchFieldError
Event: 11.428 loading class java/lang/NoSuchFieldError done
Event: 11.429 loading class javax/swing/JInternalFrame
Event: 11.430 loading class javax/swing/JInternalFrame done
Event: 16.849 Thread 0x000006774490db40 Thread added: 0x000006774490db40
Event: 16.849 Thread 0x0000067744910de0 Thread added: 0x0000067744910de0
Event: 16.849 Thread 0x000006774490b2c0 Thread added: 0x000006774490b2c0
Event: 16.849 loading class java/util/WeakHashMap$KeyIterator
Event: 16.849 loading class java/util/WeakHashMap$HashIterator
Event: 16.849 loading class java/util/WeakHashMap$HashIterator done
Event: 16.849 loading class java/util/WeakHashMap$KeyIterator done
Event: 16.849 Thread 0x000006774490db40 Thread exited: 0x000006774490db40
Event: 16.849 loading class sun/font/SunFontManager$8$1
Event: 16.850 loading class sun/font/SunFontManager$8$1 done
Event: 16.852 Thread 0x000006774490b2c0 Thread exited: 0x000006774490b2c0


Dynamic libraries:
0x00007ff7d9cd0000 - 0x00007ff7d9cda000 	C:\Users\bader\.jdks\jbrsdk_jcef-17.0.9\bin\java.exe
0x00007ffed6e90000 - 0x00007ffed7088000 	C:\Windows\SYSTEM32\ntdll.dll
0x00007ffed4f20000 - 0x00007ffed4fe2000 	C:\Windows\System32\KERNEL32.DLL
0x00007ffed4960000 - 0x00007ffed4c5e000 	C:\Windows\System32\KERNELBASE.dll
0x00007ffed4db0000 - 0x00007ffed4eb0000 	C:\Windows\System32\ucrtbase.dll
0x00007ffed08b0000 - 0x00007ffed08c7000 	C:\Users\bader\.jdks\jbrsdk_jcef-17.0.9\bin\jli.dll
0x00007ffebdcc0000 - 0x00007ffebdcdb000 	C:\Users\bader\.jdks\jbrsdk_jcef-17.0.9\bin\VCRUNTIME140.dll
0x00007ffed6bd0000 - 0x00007ffed6d6d000 	C:\Windows\System32\USER32.dll
0x00007ffeba210000 - 0x00007ffeba4aa000 	C:\Windows\WinSxS\amd64_microsoft.windows.common-controls_6595b64144ccf1df_6.0.19041.4355_none_60b8b9eb71f62e16\COMCTL32.dll
0x00007ffed4650000 - 0x00007ffed4672000 	C:\Windows\System32\win32u.dll
0x00007ffed67d0000 - 0x00007ffed686e000 	C:\Windows\System32\msvcrt.dll
0x00007ffed61a0000 - 0x00007ffed61cb000 	C:\Windows\System32\GDI32.dll
0x00007ffed4530000 - 0x00007ffed4647000 	C:\Windows\System32\gdi32full.dll
0x00007ffed4d10000 - 0x00007ffed4dad000 	C:\Windows\System32\msvcp_win.dll
0x00007ffed6100000 - 0x00007ffed612f000 	C:\Windows\System32\IMM32.DLL
0x00007ffeb9d20000 - 0x00007ffeb9d2c000 	C:\Users\bader\.jdks\jbrsdk_jcef-17.0.9\bin\vcruntime140_1.dll
0x00007ffe91610000 - 0x00007ffe9169d000 	C:\Users\bader\.jdks\jbrsdk_jcef-17.0.9\bin\msvcp140.dll
0x00007ffe28ae0000 - 0x00007ffe29762000 	C:\Users\bader\.jdks\jbrsdk_jcef-17.0.9\bin\server\jvm.dll
0x00007ffed6d90000 - 0x00007ffed6e41000 	C:\Windows\System32\ADVAPI32.dll
0x00007ffed5e40000 - 0x00007ffed5edf000 	C:\Windows\System32\sechost.dll
0x00007ffed62a0000 - 0x00007ffed63c3000 	C:\Windows\System32\RPCRT4.dll
0x00007ffed4760000 - 0x00007ffed4787000 	C:\Windows\System32\bcrypt.dll
0x00007ffed3a60000 - 0x00007ffed3aab000 	C:\Windows\SYSTEM32\POWRPROF.dll
0x00007ffebb4b0000 - 0x00007ffebb4b9000 	C:\Windows\SYSTEM32\WSOCK32.dll
0x00007ffeb9a40000 - 0x00007ffeb9a67000 	C:\Windows\SYSTEM32\WINMM.dll
0x00007ffed6090000 - 0x00007ffed60fb000 	C:\Windows\System32\WS2_32.dll
0x00007ffecd650000 - 0x00007ffecd65a000 	C:\Windows\SYSTEM32\VERSION.dll
0x00007ffed3930000 - 0x00007ffed3942000 	C:\Windows\SYSTEM32\UMPDC.dll
0x00007ffed23b0000 - 0x00007ffed23c2000 	C:\Windows\SYSTEM32\kernel.appcore.dll
0x00007ffeb9d10000 - 0x00007ffeb9d1a000 	C:\Users\bader\.jdks\jbrsdk_jcef-17.0.9\bin\jimage.dll
0x00007ffed1cc0000 - 0x00007ffed1ea4000 	C:\Windows\SYSTEM32\DBGHELP.DLL
0x00007ffec4470000 - 0x00007ffec44a4000 	C:\Windows\SYSTEM32\dbgcore.DLL
0x00007ffed46d0000 - 0x00007ffed4752000 	C:\Windows\System32\bcryptPrimitives.dll
0x00007ffed0880000 - 0x00007ffed088e000 	C:\Users\bader\.jdks\jbrsdk_jcef-17.0.9\bin\instrument.dll
0x00007ffeb9ce0000 - 0x00007ffeb9d05000 	C:\Users\bader\.jdks\jbrsdk_jcef-17.0.9\bin\java.dll
0x00007ffeb9cc0000 - 0x00007ffeb9cd8000 	C:\Users\bader\.jdks\jbrsdk_jcef-17.0.9\bin\zip.dll
0x00007ffe80ff0000 - 0x00007ffe810c7000 	C:\Users\bader\.jdks\jbrsdk_jcef-17.0.9\bin\jsvml.dll
0x00007ffed4ff0000 - 0x00007ffed575d000 	C:\Windows\System32\SHELL32.dll
0x00007ffed25b0000 - 0x00007ffed2d54000 	C:\Windows\SYSTEM32\windows.storage.dll
0x00007ffed6870000 - 0x00007ffed6bc3000 	C:\Windows\System32\combase.dll
0x00007ffed3f60000 - 0x00007ffed3f8e000 	C:\Windows\SYSTEM32\Wldp.dll
0x00007ffed61d0000 - 0x00007ffed629d000 	C:\Windows\System32\OLEAUT32.dll
0x00007ffed65c0000 - 0x00007ffed666d000 	C:\Windows\System32\SHCORE.dll
0x00007ffed6560000 - 0x00007ffed65b5000 	C:\Windows\System32\shlwapi.dll
0x00007ffed4460000 - 0x00007ffed4484000 	C:\Windows\SYSTEM32\profapi.dll
0x00007ffeb9a70000 - 0x00007ffeb9a89000 	C:\Users\bader\.jdks\jbrsdk_jcef-17.0.9\bin\net.dll
0x00007ffeccc80000 - 0x00007ffeccd8d000 	C:\Windows\SYSTEM32\WINHTTP.dll
0x00007ffed3cc0000 - 0x00007ffed3d2a000 	C:\Windows\system32\mswsock.dll
0x00007ffeb9370000 - 0x00007ffeb9386000 	C:\Users\bader\.jdks\jbrsdk_jcef-17.0.9\bin\nio.dll
0x00007ffecf410000 - 0x00007ffecf42a000 	C:\Program Files\JetBrains\IntelliJ IDEA Community Edition 2023.3.6\bin\breakgen64.dll
0x00007ffe89c60000 - 0x00007ffe89dfa000 	C:\Users\bader\.jdks\jbrsdk_jcef-17.0.9\bin\awt.dll
0x00007ffec22b0000 - 0x00007ffec22f4000 	C:\Users\bader\.jdks\jbrsdk_jcef-17.0.9\bin\nvdaControllerClient64.dll
0x00007ffed20b0000 - 0x00007ffed20df000 	C:\Windows\SYSTEM32\dwmapi.dll
0x00007ffecf1c0000 - 0x00007ffecf254000 	C:\Windows\SYSTEM32\apphelp.dll
0x00007ffeb81e0000 - 0x00007ffeb8308000 	C:\Windows\system32\opengl32.dll
0x00007ffeb7c60000 - 0x00007ffeb7c8c000 	C:\Windows\SYSTEM32\GLU32.dll
0x00007ffed1090000 - 0x00007ffed112e000 	C:\Windows\system32\uxtheme.dll
0x00007ffed5bd0000 - 0x00007ffed5ce5000 	C:\Windows\System32\MSCTF.dll
0x00007ffed5cf0000 - 0x00007ffed5d99000 	C:\Windows\System32\clbcatq.dll
0x00007ffe45430000 - 0x00007ffe463fa000 	C:\Windows\System32\DriverStore\FileRepository\iigd_dch.inf_amd64_5d54dd32fa1ef4d4\ig9icd64.dll
0x00007ffed6430000 - 0x00007ffed655b000 	C:\Windows\System32\ole32.dll
0x00007ffed2dc0000 - 0x00007ffed2eb6000 	C:\Windows\system32\dxgi.dll
0x00007ffec7a80000 - 0x00007ffec7cbf000 	C:\Windows\System32\DriverStore\FileRepository\iigd_dch.inf_amd64_5d54dd32fa1ef4d4\igdgmm64.dll
0x00007ffec4eb0000 - 0x00007ffec7a79000 	C:\Windows\System32\DriverStore\FileRepository\iigd_dch.inf_amd64_5d54dd32fa1ef4d4\igc64.dll
0x00007ffe63280000 - 0x00007ffe6368c000 	C:\Windows\System32\DriverStore\FileRepository\iigd_dch.inf_amd64_5d54dd32fa1ef4d4\igdml64.dll
0x00007ffed3ec0000 - 0x00007ffed3ed8000 	C:\Windows\SYSTEM32\CRYPTSP.dll
0x00007ffed3570000 - 0x00007ffed35a4000 	C:\Windows\system32\rsaenh.dll
0x00007ffed4420000 - 0x00007ffed444e000 	C:\Windows\SYSTEM32\USERENV.dll
0x00007ffed3eb0000 - 0x00007ffed3ebc000 	C:\Windows\SYSTEM32\CRYPTBASE.dll
0x00007ffed3950000 - 0x00007ffed398b000 	C:\Windows\SYSTEM32\IPHLPAPI.DLL
0x00007ffed5e30000 - 0x00007ffed5e38000 	C:\Windows\System32\NSI.dll
0x00007ffecc960000 - 0x00007ffecc977000 	C:\Windows\SYSTEM32\dhcpcsvc6.DLL
0x00007ffeccbf0000 - 0x00007ffeccc0d000 	C:\Windows\SYSTEM32\dhcpcsvc.DLL
0x00007ffed3990000 - 0x00007ffed3a5a000 	C:\Windows\SYSTEM32\DNSAPI.dll
0x00007ffeb84c0000 - 0x00007ffeb8547000 	C:\Users\bader\.jdks\jbrsdk_jcef-17.0.9\bin\freetype.dll
0x00007ffeb6680000 - 0x00007ffeb6757000 	C:\Users\bader\.jdks\jbrsdk_jcef-17.0.9\bin\fontmanager.dll
0x00007ffecbf60000 - 0x00007ffecbf72000 	C:\Users\bader\.jdks\jbrsdk_jcef-17.0.9\bin\jsound.dll
0x00007ffea87c0000 - 0x00007ffea885c000 	C:\Windows\SYSTEM32\DSOUND.dll
0x00007ffec02f0000 - 0x00007ffec0316000 	C:\Windows\SYSTEM32\winmmbase.dll
0x00007ffecce00000 - 0x00007ffecce85000 	C:\Windows\System32\MMDevApi.dll
0x00007ffed42c0000 - 0x00007ffed42f3000 	C:\Windows\System32\DEVOBJ.dll
0x00007ffed4680000 - 0x00007ffed46ce000 	C:\Windows\System32\cfgmgr32.dll
0x00007ffeb5080000 - 0x00007ffeb50c6000 	C:\Windows\SYSTEM32\wdmaud.drv
0x00007ffecf4e0000 - 0x00007ffecf4e9000 	C:\Windows\SYSTEM32\ksuser.dll
0x00007ffeced00000 - 0x00007ffeced0a000 	C:\Windows\SYSTEM32\AVRT.dll
0x00007ffecce90000 - 0x00007ffecd011000 	C:\Windows\SYSTEM32\AUDIOSES.DLL
0x00007ffeb5070000 - 0x00007ffeb507d000 	C:\Windows\SYSTEM32\msacm32.drv
0x00007ffeb5050000 - 0x00007ffeb506e000 	C:\Windows\SYSTEM32\MSACM32.dll
0x00007ffeb5040000 - 0x00007ffeb504b000 	C:\Windows\SYSTEM32\midimap.dll
0x00007ffed1fb0000 - 0x00007ffed1fc4000 	C:\Windows\SYSTEM32\resourcepolicyclient.dll
0x00007ffeb1a60000 - 0x00007ffeb1c05000 	C:\Windows\WinSxS\amd64_microsoft.windows.gdiplus_6595b64144ccf1df_1.1.19041.4597_none_91a78020cc854124\gdiplus.dll
0x00007ffebfdd0000 - 0x00007ffebfec9000 	C:\Windows\SYSTEM32\textinputframework.dll
0x00007ffecea50000 - 0x00007ffeceb42000 	C:\Windows\System32\CoreMessaging.dll
0x00007ffece6e0000 - 0x00007ffecea3b000 	C:\Windows\System32\CoreUIComponents.dll
0x00007ffed37c0000 - 0x00007ffed37f3000 	C:\Windows\SYSTEM32\ntmarta.dll
0x00007ffed12c0000 - 0x00007ffed1417000 	C:\Windows\SYSTEM32\wintypes.dll
0x00007ffeb7e70000 - 0x00007ffeb8165000 	C:\Windows\System32\uiautomationcore.dll
0x00007ffed1880000 - 0x00007ffed1976000 	C:\Windows\System32\PROPSYS.dll
0x00007ffeb8170000 - 0x00007ffeb81d6000 	C:\Windows\System32\OLEACC.dll
0x00007ffebfed0000 - 0x00007ffec000f000 	C:\Windows\System32\Windows.UI.dll
0x00007ffecbdf0000 - 0x00007ffecbe91000 	C:\Windows\System32\WindowManagementAPI.dll
0x00007ffebfc70000 - 0x00007ffebfdc2000 	C:\Windows\System32\InputHost.dll
0x00007ffecb4a0000 - 0x00007ffecb6a3000 	C:\Windows\SYSTEM32\twinapi.appcore.dll

dbghelp: loaded successfully - version: 4.0.5 - missing functions: none
symbol engine: initialized successfully - sym options: 0x614 - pdb path: .;C:\Users\bader\.jdks\jbrsdk_jcef-17.0.9\bin;C:\Windows\SYSTEM32;C:\Windows\WinSxS\amd64_microsoft.windows.common-controls_6595b64144ccf1df_6.0.19041.4355_none_60b8b9eb71f62e16;C:\Users\bader\.jdks\jbrsdk_jcef-17.0.9\bin\server;C:\Program Files\JetBrains\IntelliJ IDEA Community Edition 2023.3.6\bin;C:\Windows\System32\DriverStore\FileRepository\iigd_dch.inf_amd64_5d54dd32fa1ef4d4;C:\Windows\WinSxS\amd64_microsoft.windows.gdiplus_6595b64144ccf1df_1.1.19041.4597_none_91a78020cc854124

VM Arguments:
jvm_args: -Xmx3072g -Xmx4096g -Dsun.java2d.opengl=true -XX:ErrorFile=logs/hs_err_pid%p.log -javaagent:C:\Program Files\JetBrains\IntelliJ IDEA Community Edition 2023.3.6\lib\idea_rt.jar=50570:C:\Program Files\JetBrains\IntelliJ IDEA Community Edition 2023.3.6\bin -Dfile.encoding=UTF-8 
java_command: net.sendback.Main
java_class_path (initial): C:\Users\bader\OneDrive\Bureau\Idea\GTS_PRojekt\target\classes
Launcher Type: SUN_STANDARD

[Global flags]
     intx CICompilerCount                          = 4                                         {product} {ergonomic}
     uint ConcGCThreads                            = 3                                         {product} {ergonomic}
    ccstr ErrorFile                                = logs/hs_err_pid%p.log                     {product} {command line}
     uint G1ConcRefinementThreads                  = 10                                        {product} {ergonomic}
   size_t G1HeapRegionSize                         = 33554432                                  {product} {ergonomic}
    uintx GCDrainStackTargetSize                   = 64                                        {product} {ergonomic}
   size_t InitialHeapSize                          = 268435456                                 {product} {ergonomic}
   size_t MarkStackSize                            = 4194304                                   {product} {ergonomic}
   size_t MaxHeapSize                              = 4398046511104                             {product} {command line}
   size_t MaxNewSize                               = 2638821195776                             {product} {ergonomic}
   size_t MinHeapDeltaBytes                        = 33554432                                  {product} {ergonomic}
   size_t MinHeapSize                              = 33554432                                  {product} {ergonomic}
    uintx NonNMethodCodeHeapSize                   = 5839372                                {pd product} {ergonomic}
    uintx NonProfiledCodeHeapSize                  = 122909434                              {pd product} {ergonomic}
    uintx ProfiledCodeHeapSize                     = 122909434                              {pd product} {ergonomic}
    uintx ReservedCodeCacheSize                    = 251658240                              {pd product} {ergonomic}
     bool SegmentedCodeCache                       = true                                      {product} {ergonomic}
   size_t SoftMaxHeapSize                          = 4398046511104                          {manageable} {ergonomic}
     bool UseCompressedClassPointers               = true                           {product lp64_product} {ergonomic}
     bool UseG1GC                                  = true                                      {product} {ergonomic}
     bool UseLargePagesIndividualAllocation        = false                                  {pd product} {ergonomic}

Logging:
Log output configuration:
 #0: stdout all=warning uptime,level,tags
 #1: stderr all=off uptime,level,tags

Environment Variables:
PATH=C:\Program Files\Common Files\Oracle\Java\javapath;C:\Windows\system32;C:\Windows;C:\Windows\System32\Wbem;C:\Windows\System32\WindowsPowerShell\v1.0\;C:\Windows\System32\OpenSSH\;C:\Program Files (x86)\NVIDIA Corporation\PhysX\Common;C:\Program Files\dotnet\;C:\Users\bader\AppData\Local\Microsoft\WindowsApps;C:\Users\bader\AppData\Local\GitHubDesktop\bin
USERNAME=bader
OS=Windows_NT
PROCESSOR_IDENTIFIER=Intel64 Family 6 Model 158 Stepping 10, GenuineIntel
TMP=C:\Users\bader\AppData\Local\Temp
TEMP=C:\Users\bader\AppData\Local\Temp



Periodic native trim disabled

JNI global refs:
JNI global refs: 145, weak refs: 123

JNI global refs memory usage: 2107, weak refs: 2105

OOME stack traces (most recent first):
Classloader memory used:
Loader bootstrap                                                                       : 2788K
Loader jdk.internal.loader.ClassLoaders$AppClassLoader                                 : 35830B
Loader jdk.internal.reflect.DelegatingClassLoader                                      : 5306B
Loader jdk.internal.loader.ClassLoaders$PlatformClassLoader                            : 764B


---------------  S Y S T E M  ---------------

OS:
 Windows 10 , 64 bit Build 19041 (10.0.19041.5072)
OS uptime: 11 days 4:23 hours

CPU: total 12 (initial active 12) (6 cores per cpu, 2 threads per core) family 6 model 158 stepping 10 microcode 0xf0, cx8, cmov, fxsr, ht, mmx, 3dnowpref, sse, sse2, sse3, ssse3, sse4.1, sse4.2, popcnt, lzcnt, tsc, tscinvbit, avx, avx2, aes, erms, clmul, bmi1, bmi2, adx, fma, vzeroupper, clflush, clflushopt
Processor Information for all 12 processors :
  Max Mhz: 2592, Current Mhz: 2592, Mhz Limit: 2592

Memory: 4k page, system-wide physical 16254M (2400M free)
TotalPageFile size 23086M (AvailPageFile size 2592M)
current process WorkingSet (physical memory assigned to process): 753M, peak: 755M
current process commit charge ("private bytes"): 1574M, peak: 1575M

vm_info: OpenJDK 64-Bit Server VM (17.0.9+8-b1166.2) for windows-amd64 JRE (17.0.9+8-b1166.2), built on 2024-01-13 by "builduser" with MS VC++ 16.10 / 16.11 (VS2019)

END.
