#
# A fatal error has been detected by the Java Runtime Environment:
#
#  EXCEPTION_ACCESS_VIOLATION (0xc0000005) at pc=0x00007ffe4f253c53, pid=26604, tid=28104
#
# JRE version: OpenJDK Runtime Environment JBR-17.0.9+8-1166.2-jcef (17.0.9+8) (build 17.0.9+8-b1166.2)
# Java VM: OpenJDK 64-Bit Server VM JBR-17.0.9+8-1166.2-jcef (17.0.9+8-b1166.2, mixed mode, tiered, compressed class ptrs, g1 gc, windows-amd64)
# Problematic frame:
# C  [ig9icd64.dll+0x9c3c53]
#
# No core dump will be written. Minidumps are not enabled by default on client versions of Windows
#
# If you would like to submit a bug report, please visit:
#   https://youtrack.jetbrains.com/issues/JBR
# The crash happened outside the Java Virtual Machine in native code.
# See problematic frame for where to report the bug.
#

---------------  S U M M A R Y ------------

Command Line: -Xmx3072g -Xmx4096g -Dsun.java2d.opengl=true -XX:ErrorFile=logs/hs_err_pid%p.log -javaagent:C:\Program Files\JetBrains\IntelliJ IDEA Community Edition 2023.3.6\lib\idea_rt.jar=63441:C:\Program Files\JetBrains\IntelliJ IDEA Community Edition 2023.3.6\bin -Dfile.encoding=UTF-8 net.sendback.Main

Host: Intel(R) Core(TM) i7-9750H CPU @ 2.60GHz, 12 cores, 15G,  Windows 10 , 64 bit Build 19041 (10.0.19041.5072)
Time: Sun Nov  3 22:06:25 2024 Mitteleuropäische Zeit elapsed time: 5.863296 seconds (0d 0h 0m 5s)

---------------  T H R E A D  ---------------

Current thread (0x000006a5694d4a50):  JavaThread "Java2D Queue Flusher" daemon [_thread_in_native, id=28104, stack(0x000000ba14f00000,0x000000ba15000000)]

Stack: [0x000000ba14f00000,0x000000ba15000000],  sp=0x000000ba14ffe6e8,  free space=1017k
Native frames: (J=compiled Java code, j=interpreted, Vv=VM code, C=native code)
C  [ig9icd64.dll+0x9c3c53]

Java frames: (J=compiled Java code, j=interpreted, Vv=VM code)
j  sun.java2d.opengl.OGLRenderQueue.flushBuffer(JI)V+0 java.desktop
j  sun.java2d.opengl.OGLRenderQueue.flushBuffer()V+21 java.desktop
j  sun.java2d.opengl.OGLRenderQueue$QueueFlusher.run()V+81 java.desktop
j  java.lang.Thread.run()V+11 java.base@17.0.9
v  ~StubRoutines::call_stub

siginfo: EXCEPTION_ACCESS_VIOLATION (0xc0000005), reading address 0xffffffffffffffff


Registers:
RAX=0x000000000fff0fff, RBX=0x00007ffe4e890000, RCX=0x000000033fcf3fcc, RDX=0x000000ba14ffec00
RSP=0x000000ba14ffe6e8, RBP=0x000000ba14ffe7f0, RSI=0x000006a56f6e1280, RDI=0x000000ba14ffe9f0
R8 =0x000000ba14ffe820, R9 =0x000000ba14ffec00, R10=0x000000ba14ffe9f0, R11=0x0000000000000000
R12=0x00007ffe4f6ba420, R13=0x0000000000000000, R14=0x0000000000000000, R15=0x00000000000001c1
RIP=0x00007ffe4f253c53, EFLAGS=0x0000000000010206


Register to memory mapping:

RIP=0x00007ffe4f253c53 ig9icd64.dll
RAX=0x000000000fff0fff is an unknown value
RBX=0x00007ffe4e890000 ig9icd64.dll
RCX=0x000000033fcf3fcc is an unknown value
RDX=0x000000ba14ffec00 is pointing into the stack for thread: 0x000006a5694d4a50
RSP=0x000000ba14ffe6e8 is pointing into the stack for thread: 0x000006a5694d4a50
RBP=0x000000ba14ffe7f0 is pointing into the stack for thread: 0x000006a5694d4a50
RSI=0x000006a56f6e1280 points into unknown readable memory: 0x000006a5694e4140 | 40 41 4e 69 a5 06 00 00
RDI=0x000000ba14ffe9f0 is pointing into the stack for thread: 0x000006a5694d4a50
R8 =0x000000ba14ffe820 is pointing into the stack for thread: 0x000006a5694d4a50
R9 =0x000000ba14ffec00 is pointing into the stack for thread: 0x000006a5694d4a50
R10=0x000000ba14ffe9f0 is pointing into the stack for thread: 0x000006a5694d4a50
R11=0x0 is NULL
R12=0x00007ffe4f6ba420 ig9icd64.dll
R13=0x0 is NULL
R14=0x0 is NULL
R15=0x00000000000001c1 is an unknown value


Top of Stack: (sp=0x000000ba14ffe6e8)
0x000000ba14ffe6e8:   00007ffe4f25138b 0000000000000001
0x000000ba14ffe6f8:   0000000000000000 000006a576094400
0x000000ba14ffe708:   00007ffec7a82572 000000ba00000065
0x000000ba14ffe718:   000000ba14ffe920 0000000000000000
0x000000ba14ffe728:   000006a57056feb0 0000000000000000
0x000000ba14ffe738:   000006a57031cd80 000006a576094490
0x000000ba14ffe748:   0000000000000fb0 0000000000000000
0x000000ba14ffe758:   0000000000000000 000000ba14ffe8d0
0x000000ba14ffe768:   00007ffe4eee9070 0000000000000000
0x000000ba14ffe778:   0000000000000000 0000000000000000
0x000000ba14ffe788:   0000000000000000 000039228bcb87bd
0x000000ba14ffe798:   00007ffe4e8a64e5 000006a576094490
0x000000ba14ffe7a8:   0000000000004001 0000000000000200
0x000000ba14ffe7b8:   00007ffed6ebb86b 00000000013701fa
0x000000ba14ffe7c8:   000000000000002e 000006a56faa1f40
0x000000ba14ffe7d8:   0000000000000000 0000000000000000
0x000000ba14ffe7e8:   00007ffe4f251c62 0000000000000000
0x000000ba14ffe7f8:   0000027f3fc21080 000000ba14ffeaf0
0x000000ba14ffe808:   0000027f3fc20000 0000027f3fc202b4
0x000000ba14ffe818:   000006a57056feb0 00007ffe4f55f020
0x000000ba14ffe828:   0000000e00000000 0000001a00000018
0x000000ba14ffe838:   00000fff00000000 437f0000437f0000
0x000000ba14ffe848:   437f0000437f0000 0000ff0000ff0000
0x000000ba14ffe858:   ff000000000000ff 0000000800000010
0x000000ba14ffe868:   0000001800000000 0000000000000000
0x000000ba14ffe878:   0000000000000000 0000000000000000
0x000000ba14ffe888:   0000000000000000 0000000000000000
0x000000ba14ffe898:   0000000000000000 0000000000000000
0x000000ba14ffe8a8:   0000000000000000 0000000000000000
0x000000ba14ffe8b8:   0000000000000000 0000000000000000
0x000000ba14ffe8c8:   0000000000000000 0000000000000000
0x000000ba14ffe8d8:   0000000000000000 0000000000000000 

Instructions: (pc=0x00007ffe4f253c53)
0x00007ffe4f253b53:   a1 b6 30 00 48 89 51 08 48 89 01 8b 44 24 28 89
0x00007ffe4f253b63:   41 20 8b 44 24 30 89 41 24 48 8b c1 4c 89 41 10
0x00007ffe4f253b73:   4c 89 49 18 c3 cc cc cc cc cc cc cc cc 48 89 5c
0x00007ffe4f253b83:   24 08 8b 41 5c 48 8d 1d 71 c4 63 ff 41 89 40 08
0x00007ffe4f253b93:   4c 8b d1 8b 41 60 45 33 db 41 89 40 0c 4c 8b ca
0x00007ffe4f253ba3:   8b 41 64 41 89 40 10 8b 41 68 41 89 40 14 8b 41
0x00007ffe4f253bb3:   6c 41 89 40 18 8b 41 70 41 89 40 1c 48 63 41 74
0x00007ffe4f253bc3:   48 6b c8 34 8b 84 19 84 5f ee 00 41 89 40 20 8b
0x00007ffe4f253bd3:   84 19 88 5f ee 00 41 89 40 24 8b 84 19 8c 5f ee
0x00007ffe4f253be3:   00 41 89 40 28 8b 84 19 90 5f ee 00 41 89 40 2c
0x00007ffe4f253bf3:   8b 84 19 74 5f ee 00 41 89 40 30 8b 84 19 78 5f
0x00007ffe4f253c03:   ee 00 41 89 40 34 8b 84 19 7c 5f ee 00 41 89 40
0x00007ffe4f253c13:   38 8b 84 19 80 5f ee 00 41 89 40 3c 8b 84 19 64
0x00007ffe4f253c23:   5f ee 00 41 89 40 40 8b 84 19 68 5f ee 00 41 89
0x00007ffe4f253c33:   40 44 8b 84 19 6c 5f ee 00 41 89 40 48 8b 84 19
0x00007ffe4f253c43:   70 5f ee 00 41 89 40 4c 49 63 42 78 48 6b c8 34
0x00007ffe4f253c53:   8b 84 19 84 5f ee 00 41 89 40 50 8b 84 19 88 5f
0x00007ffe4f253c63:   ee 00 41 89 40 54 8b 84 19 8c 5f ee 00 41 89 40
0x00007ffe4f253c73:   58 8b 84 19 90 5f ee 00 41 89 40 5c 8b 84 19 74
0x00007ffe4f253c83:   5f ee 00 41 89 40 60 8b 84 19 78 5f ee 00 41 89
0x00007ffe4f253c93:   40 64 8b 84 19 7c 5f ee 00 41 89 40 68 8b 84 19
0x00007ffe4f253ca3:   80 5f ee 00 41 89 40 6c 8b 84 19 64 5f ee 00 41
0x00007ffe4f253cb3:   89 40 70 8b 84 19 68 5f ee 00 41 89 40 74 8b 84
0x00007ffe4f253cc3:   19 6c 5f ee 00 41 89 40 78 8b 84 19 70 5f ee 00
0x00007ffe4f253cd3:   41 89 40 7c 48 8b 42 18 8b 88 38 0b 00 00 f6 c1
0x00007ffe4f253ce3:   08 0f 84 86 00 00 00 8b 80 3c 0b 00 00 41 89 80
0x00007ffe4f253cf3:   80 00 00 00 48 8b 42 18 8b 88 40 0b 00 00 41 89
0x00007ffe4f253d03:   88 84 00 00 00 48 8b 42 18 8b 88 44 0b 00 00 41
0x00007ffe4f253d13:   89 88 88 00 00 00 48 8b 42 18 8b 88 48 0b 00 00
0x00007ffe4f253d23:   41 89 88 8c 00 00 00 48 8b 42 18 8b 88 4c 0b 00
0x00007ffe4f253d33:   00 41 89 88 90 00 00 00 48 8b 42 18 8b 88 50 0b
0x00007ffe4f253d43:   00 00 41 89 88 94 00 00 00 48 8b 42 18 8b 88 54 


Stack slot to memory mapping:
stack at sp + 0 slots: 0x00007ffe4f25138b ig9icd64.dll
stack at sp + 1 slots: 0x0000000000000001 is an unknown value
stack at sp + 2 slots: 0x0 is NULL
stack at sp + 3 slots: 0x000006a576094400 points into unknown readable memory: 0x00000000ffffffff | ff ff ff ff 00 00 00 00
stack at sp + 4 slots: 0x00007ffec7a82572 igdgmm64.dll
stack at sp + 5 slots: 0x000000ba00000065 is an unknown value
stack at sp + 6 slots: 0x000000ba14ffe920 is pointing into the stack for thread: 0x000006a5694d4a50
stack at sp + 7 slots: 0x0 is NULL


---------------  P R O C E S S  ---------------

Threads class SMR info:
_java_thread_list=0x000006a5763025a0, length=25, elements={
0x000006a564a9ff10, 0x000006a564aa0d90, 0x000006a564af37a0, 0x000006a564b05680,
0x000006a564b07f60, 0x000006a564b08830, 0x000006a564b094e0, 0x000006a564b0b7b0,
0x000006a564b0e1c0, 0x000006a564bb1b60, 0x000006a5691caf20, 0x000006a5691cb400,
0x000006a5694d4a50, 0x000006a56f8a4b40, 0x000006a56fd7b830, 0x000006a56fc6c900,
0x000006a56fe02aa0, 0x000006a56fe00220, 0x000006a56fe00730, 0x000006a56fe00c40,
0x000006a56fe01150, 0x000006a56fe02080, 0x000006a56fe02590, 0x000006a5702f5540,
0x000006a5702f5030
}

Java Threads: ( => current thread )
  0x000006a564a9ff10 JavaThread "Reference Handler" daemon [_thread_blocked, id=24184, stack(0x000000ba14100000,0x000000ba14200000)]
  0x000006a564aa0d90 JavaThread "Finalizer" daemon [_thread_blocked, id=21988, stack(0x000000ba14200000,0x000000ba14300000)]
  0x000006a564af37a0 JavaThread "Signal Dispatcher" daemon [_thread_blocked, id=27024, stack(0x000000ba14300000,0x000000ba14400000)]
  0x000006a564b05680 JavaThread "Attach Listener" daemon [_thread_blocked, id=16044, stack(0x000000ba14400000,0x000000ba14500000)]
  0x000006a564b07f60 JavaThread "Service Thread" daemon [_thread_blocked, id=28588, stack(0x000000ba14500000,0x000000ba14600000)]
  0x000006a564b08830 JavaThread "Monitor Deflation Thread" daemon [_thread_blocked, id=31332, stack(0x000000ba14600000,0x000000ba14700000)]
  0x000006a564b094e0 JavaThread "C2 CompilerThread0" daemon [_thread_blocked, id=12508, stack(0x000000ba14700000,0x000000ba14800000)]
  0x000006a564b0b7b0 JavaThread "C1 CompilerThread0" daemon [_thread_blocked, id=7548, stack(0x000000ba14800000,0x000000ba14900000)]
  0x000006a564b0e1c0 JavaThread "Sweeper thread" daemon [_thread_blocked, id=10064, stack(0x000000ba14900000,0x000000ba14a00000)]
  0x000006a564bb1b60 JavaThread "Common-Cleaner" daemon [_thread_blocked, id=25696, stack(0x000000ba14a00000,0x000000ba14b00000)]
  0x000006a5691caf20 JavaThread "Monitor Ctrl-Break" daemon [_thread_in_native, id=2148, stack(0x000000ba14c00000,0x000000ba14d00000)]
  0x000006a5691cb400 JavaThread "Notification Thread" daemon [_thread_blocked, id=20064, stack(0x000000ba14d00000,0x000000ba14e00000)]
=>0x000006a5694d4a50 JavaThread "Java2D Queue Flusher" daemon [_thread_in_native, id=28104, stack(0x000000ba14f00000,0x000000ba15000000)]
  0x000006a56f8a4b40 JavaThread "Java2D Disposer" daemon [_thread_blocked, id=13008, stack(0x000000ba14b00000,0x000000ba14c00000)]
  0x000006a56fd7b830 JavaThread "Java Sound Event Dispatcher" daemon [_thread_blocked, id=11432, stack(0x000000ba16100000,0x000000ba16200000)]
  0x000006a56fc6c900 JavaThread "Direct Clip" daemon [_thread_blocked, id=5236, stack(0x000000ba16400000,0x000000ba16500000)]
  0x000006a56fe02aa0 JavaThread "Direct Clip" daemon [_thread_blocked, id=7068, stack(0x000000ba16500000,0x000000ba16600000)]
  0x000006a56fe00220 JavaThread "Direct Clip" daemon [_thread_blocked, id=19416, stack(0x000000ba16600000,0x000000ba16700000)]
  0x000006a56fe00730 JavaThread "Direct Clip" daemon [_thread_blocked, id=6368, stack(0x000000ba16700000,0x000000ba16800000)]
  0x000006a56fe00c40 JavaThread "Direct Clip" daemon [_thread_blocked, id=20164, stack(0x000000ba16800000,0x000000ba16900000)]
  0x000006a56fe01150 JavaThread "AWT-Shutdown" [_thread_blocked, id=24488, stack(0x000000ba17000000,0x000000ba17100000)]
  0x000006a56fe02080 JavaThread "AWT-EventQueue-0" [_thread_blocked, id=21092, stack(0x000000ba17100000,0x000000ba17200000)]
  0x000006a56fe02590 JavaThread "DestroyJavaVM" [_thread_blocked, id=14764, stack(0x000000ba13a00000,0x000000ba13b00000)]
  0x000006a5702f5540 JavaThread "Thread-0" [_thread_blocked, id=31492, stack(0x000000ba17500000,0x000000ba17600000)]
  0x000006a5702f5030 JavaThread "ztt" [_thread_in_vm, id=32444, stack(0x000000ba17600000,0x000000ba17700000)]

Other Threads:
  0x000006a564ac6dd0 VMThread "VM Thread" [stack: 0x000000ba14000000,0x000000ba14100000] [id=17156]
  0x0000027f41e5ebf0 WatcherThread [stack: 0x000000ba14e00000,0x000000ba14f00000] [id=32132]
  0x0000027f41f1c960 GCTaskThread "GC Thread#0" [stack: 0x000000ba13b00000,0x000000ba13c00000] [id=31520]
  0x000006a56faa2e90 GCTaskThread "GC Thread#1" [stack: 0x000000ba15700000,0x000000ba15800000] [id=23436]
  0x000006a56fc0bb60 GCTaskThread "GC Thread#2" [stack: 0x000000ba15800000,0x000000ba15900000] [id=11724]
  0x000006a56fc0c220 GCTaskThread "GC Thread#3" [stack: 0x000000ba15900000,0x000000ba15a00000] [id=9048]
  0x000006a56fc0c8f0 GCTaskThread "GC Thread#4" [stack: 0x000000ba15a00000,0x000000ba15b00000] [id=100]
  0x000006a56fc10300 GCTaskThread "GC Thread#5" [stack: 0x000000ba15b00000,0x000000ba15c00000] [id=24820]
  0x000006a56fb03ee0 GCTaskThread "GC Thread#6" [stack: 0x000000ba15c00000,0x000000ba15d00000] [id=29776]
  0x000006a56fca0970 GCTaskThread "GC Thread#7" [stack: 0x000000ba15d00000,0x000000ba15e00000] [id=31728]
  0x000006a56fc75190 GCTaskThread "GC Thread#8" [stack: 0x000000ba15e00000,0x000000ba15f00000] [id=17644]
  0x000006a56fc9c8a0 GCTaskThread "GC Thread#9" [stack: 0x000000ba15f00000,0x000000ba16000000] [id=14788]
  0x0000027f41f1e020 ConcurrentGCThread "G1 Main Marker" [stack: 0x000000ba13c00000,0x000000ba13d00000] [id=4984]
  0x0000027f41f1ea40 ConcurrentGCThread "G1 Conc#0" [stack: 0x000000ba13d00000,0x000000ba13e00000] [id=24748]
  0x000006a5704855e0 ConcurrentGCThread "G1 Conc#1" [stack: 0x000000ba17900000,0x000000ba17a00000] [id=13348]
  0x000006a57036ada0 ConcurrentGCThread "G1 Conc#2" [stack: 0x000000ba17a00000,0x000000ba17b00000] [id=31524]
  0x0000027f5512dec0 ConcurrentGCThread "G1 Refine#0" [stack: 0x000000ba13e00000,0x000000ba13f00000] [id=12380]
  0x000006a570053c60 ConcurrentGCThread "G1 Refine#1" [stack: 0x000000ba16900000,0x000000ba16a00000] [id=29136]
  0x000006a56fd7b490 ConcurrentGCThread "G1 Refine#2" [stack: 0x000000ba16a00000,0x000000ba16b00000] [id=6684]
  0x000006a56fcfa890 ConcurrentGCThread "G1 Refine#3" [stack: 0x000000ba16b00000,0x000000ba16c00000] [id=28548]
  0x000006a56fd00c90 ConcurrentGCThread "G1 Refine#4" [stack: 0x000000ba16c00000,0x000000ba16d00000] [id=23500]
  0x000006a56fdcbcb0 ConcurrentGCThread "G1 Refine#5" [stack: 0x000000ba15500000,0x000000ba15600000] [id=10496]
  0x000006a56fd50a90 ConcurrentGCThread "G1 Refine#6" [stack: 0x000000ba16d00000,0x000000ba16e00000] [id=23424]
  0x000006a56fd50d80 ConcurrentGCThread "G1 Refine#7" [stack: 0x000000ba16e00000,0x000000ba16f00000] [id=31244]
  0x000006a56fcbad70 ConcurrentGCThread "G1 Refine#8" [stack: 0x000000ba16f00000,0x000000ba17000000] [id=31052]
  0x0000027f5512e8f0 ConcurrentGCThread "G1 Service" [stack: 0x000000ba13f00000,0x000000ba14000000] [id=15808]

Threads with active compile tasks:

VM state: not at safepoint (normal execution)

VM Mutex/Monitor currently owned by a thread: None

CDS archive(s) not mapped
Compressed class space mapped at: 0x0000000080000000-0x00000000c0000000, reserved size: 1073741824
Narrow klass base: 0x0000000000000000, Narrow klass shift: 0, Narrow klass range: 0xc0000000

GC Precious Log:
 CPUs: 12 total, 12 available
 Memory: 16254M
 Large Page Support: Disabled
 NUMA Support: Disabled
 Compressed Oops: Disabled
 Heap Region Size: 32M
 Heap Min Capacity: 32M
 Heap Initial Capacity: 256M
 Heap Max Capacity: 4096G
 Pre-touch: Disabled
 Parallel Workers: 10
 Concurrent Workers: 3
 Concurrent Refinement Workers: 10
 Periodic GC: Disabled

Heap:
 garbage-first heap   total 983040K, used 246669K [0x0000027f56000000, 0x0000067f56000000)
  region size 32768K, 2 young (65536K), 1 survivors (32768K)
 Metaspace       used 21281K, committed 21568K, reserved 1114112K
  class space    used 2180K, committed 2304K, reserved 1048576K

Heap Regions: E=young(eden), S=young(survivor), O=old, HS=humongous(starts), HC=humongous(continues), CS=collection set, F=free, OA=open archive, CA=closed archive, TAMS=top-at-mark-start (previous, next)
|   0|0x0000027f56000000, 0x0000027f58000000, 0x0000027f58000000|100%| O|  |TAMS 0x0000027f58000000, 0x0000027f56000000| Untracked 
|   1|0x0000027f58000000, 0x0000027f5a000000, 0x0000027f5a000000|100%|HS|  |TAMS 0x0000027f5a000000, 0x0000027f58000000| Complete 
|   2|0x0000027f5a000000, 0x0000027f5c000000, 0x0000027f5c000000|100%| O|  |TAMS 0x0000027f5c000000, 0x0000027f5a000000| Complete 
|   3|0x0000027f5c000000, 0x0000027f5e000000, 0x0000027f5e000000|100%| O|  |TAMS 0x0000027f5e000000, 0x0000027f5c000000| Untracked 
|   4|0x0000027f5e000000, 0x0000027f60000000, 0x0000027f60000000|100%| O|  |TAMS 0x0000027f60000000, 0x0000027f5e000000| Untracked 
|   5|0x0000027f60000000, 0x0000027f62000000, 0x0000027f62000000|100%| O|  |TAMS 0x0000027f61f99c00, 0x0000027f60000000| Untracked 
|   6|0x0000027f62000000, 0x0000027f63e75a00, 0x0000027f64000000| 95%| O|  |TAMS 0x0000027f62000000, 0x0000027f62000000| Untracked 
|   7|0x0000027f64000000, 0x0000027f64000000, 0x0000027f66000000|  0%| F|  |TAMS 0x0000027f64000000, 0x0000027f64000000| Untracked 
|   8|0x0000027f66000000, 0x0000027f66000000, 0x0000027f68000000|  0%| F|  |TAMS 0x0000027f66000000, 0x0000027f66000000| Untracked 
|   9|0x0000027f68000000, 0x0000027f68000000, 0x0000027f6a000000|  0%| F|  |TAMS 0x0000027f68000000, 0x0000027f68000000| Untracked 
|  10|0x0000027f6a000000, 0x0000027f6a000000, 0x0000027f6c000000|  0%| F|  |TAMS 0x0000027f6a000000, 0x0000027f6a000000| Untracked 
|  11|0x0000027f6c000000, 0x0000027f6c000000, 0x0000027f6e000000|  0%| F|  |TAMS 0x0000027f6c000000, 0x0000027f6c000000| Untracked 
|  12|0x0000027f6e000000, 0x0000027f6e000000, 0x0000027f70000000|  0%| F|  |TAMS 0x0000027f6e000000, 0x0000027f6e000000| Untracked 
|  13|0x0000027f70000000, 0x0000027f7126dd10, 0x0000027f72000000| 57%| S|CS|TAMS 0x0000027f70000000, 0x0000027f70000000| Complete 
|  14|0x0000027f72000000, 0x0000027f72000000, 0x0000027f74000000|  0%| F|  |TAMS 0x0000027f72000000, 0x0000027f72000000| Untracked 
|  15|0x0000027f74000000, 0x0000027f74000000, 0x0000027f76000000|  0%| F|  |TAMS 0x0000027f74000000, 0x0000027f74000000| Untracked 
|  16|0x0000027f76000000, 0x0000027f76000000, 0x0000027f78000000|  0%| F|  |TAMS 0x0000027f76000000, 0x0000027f76000000| Untracked 
|  17|0x0000027f78000000, 0x0000027f78000000, 0x0000027f7a000000|  0%| F|  |TAMS 0x0000027f78000000, 0x0000027f78000000| Untracked 
|  18|0x0000027f7a000000, 0x0000027f7a000000, 0x0000027f7c000000|  0%| F|  |TAMS 0x0000027f7a000000, 0x0000027f7a000000| Untracked 
|  19|0x0000027f7c000000, 0x0000027f7c000000, 0x0000027f7e000000|  0%| F|  |TAMS 0x0000027f7c000000, 0x0000027f7c000000| Untracked 
|  20|0x0000027f7e000000, 0x0000027f7e000000, 0x0000027f80000000|  0%| F|  |TAMS 0x0000027f7e000000, 0x0000027f7e000000| Untracked 
|  21|0x0000027f80000000, 0x0000027f80000000, 0x0000027f82000000|  0%| F|  |TAMS 0x0000027f80000000, 0x0000027f80000000| Untracked 
|  22|0x0000027f82000000, 0x0000027f82000000, 0x0000027f84000000|  0%| F|  |TAMS 0x0000027f82000000, 0x0000027f82000000| Untracked 
|  23|0x0000027f84000000, 0x0000027f84000000, 0x0000027f86000000|  0%| F|  |TAMS 0x0000027f84000000, 0x0000027f84000000| Untracked 
|  24|0x0000027f86000000, 0x0000027f86000000, 0x0000027f88000000|  0%| F|  |TAMS 0x0000027f86000000, 0x0000027f86000000| Untracked 
|  25|0x0000027f88000000, 0x0000027f88000000, 0x0000027f8a000000|  0%| F|  |TAMS 0x0000027f88000000, 0x0000027f88000000| Untracked 
|  26|0x0000027f8a000000, 0x0000027f8a000000, 0x0000027f8c000000|  0%| F|  |TAMS 0x0000027f8a000000, 0x0000027f8a000000| Untracked 
|  27|0x0000027f8c000000, 0x0000027f8c000000, 0x0000027f8e000000|  0%| F|  |TAMS 0x0000027f8c000000, 0x0000027f8c000000| Untracked 
|  28|0x0000027f8e000000, 0x0000027f8e000000, 0x0000027f90000000|  0%| F|  |TAMS 0x0000027f8e000000, 0x0000027f8e000000| Untracked 
|  31|0x0000027f94000000, 0x0000027f9450b200, 0x0000027f96000000| 15%| E|  |TAMS 0x0000027f94000000, 0x0000027f94000000| Complete 

Card table byte_map: [0x000006815e010000,0x000006835e010000] _byte_map_base: 0x000006801e560000

Marking Bits (Prev, Next): (CMBitMap*) 0x0000027f41f1cfc0, (CMBitMap*) 0x0000027f41f1cf80
 Prev Bits: [0x000006955e010000, 0x000006a55e010000)
 Next Bits: [0x000006855e010000, 0x000006955e010000)

Polling page: 0x0000027f3fe30000

Metaspace:

Usage:
  Non-class:     18.65 MB used.
      Class:      2.13 MB used.
       Both:     20.78 MB used.

Virtual space:
  Non-class space:       64.00 MB reserved,      18.81 MB ( 29%) committed,  1 nodes.
      Class space:        1.00 GB reserved,       2.25 MB ( <1%) committed,  1 nodes.
             Both:        1.06 GB reserved,      21.06 MB (  2%) committed. 

Chunk freelists:
   Non-Class:  12.97 MB
       Class:  13.73 MB
        Both:  26.70 MB

MaxMetaspaceSize: unlimited
CompressedClassSpaceSize: 1.00 GB
Initial GC threshold: 21.00 MB
Current GC threshold: 35.12 MB
CDS: off
MetaspaceReclaimPolicy: balanced
 - commit_granule_bytes: 65536.
 - commit_granule_words: 8192.
 - virtual_space_node_default_size: 8388608.
 - enlarge_chunks_in_place: 1.
 - new_chunks_are_fully_committed: 0.
 - uncommit_free_chunks: 1.
 - use_allocation_guard: 0.
 - handle_deallocations: 1.


Internal statistics:

num_allocs_failed_limit: 3.
num_arena_births: 238.
num_arena_deaths: 0.
num_vsnodes_births: 2.
num_vsnodes_deaths: 0.
num_space_committed: 337.
num_space_uncommitted: 0.
num_chunks_returned_to_freelist: 3.
num_chunks_taken_from_freelist: 345.
num_chunk_merges: 0.
num_chunk_splits: 199.
num_chunks_enlarged: 107.
num_inconsistent_stats: 0.

CodeHeap 'non-profiled nmethods': size=120000Kb used=786Kb max_used=786Kb free=119213Kb
 bounds [0x0000027f4d4e0000, 0x0000027f4d750000, 0x0000027f54a10000]
CodeHeap 'profiled nmethods': size=120000Kb used=3985Kb max_used=3985Kb free=116015Kb
 bounds [0x0000027f45a10000, 0x0000027f45e00000, 0x0000027f4cf40000]
CodeHeap 'non-nmethods': size=5760Kb used=1310Kb max_used=1340Kb free=4449Kb
 bounds [0x0000027f4cf40000, 0x0000027f4d1b0000, 0x0000027f4d4e0000]
 total_blobs=2812 nmethods=2162 adapters=563
 compilation: enabled
              stopped_count=0, restarted_count=0
 full_count=0

Compilation events (20 events):
Event: 5.609 Thread 0x000006a564b0b7b0 2153       3       java.awt.Color::getAlpha (12 bytes)
Event: 5.609 Thread 0x000006a564b0b7b0 nmethod 2153 0x0000027f45df1b10 code [0x0000027f45df1ca0, 0x0000027f45df1e38]
Event: 5.659 Thread 0x000006a564b0b7b0 2154       3       java.awt.Component::getBackground (29 bytes)
Event: 5.660 Thread 0x000006a564b0b7b0 nmethod 2154 0x0000027f45df1f10 code [0x0000027f45df20c0, 0x0000027f45df2368]
Event: 5.693 Thread 0x000006a564b0b7b0 2155       1       sun.awt.image.SunVolatileImage::getGraphicsConfig (5 bytes)
Event: 5.694 Thread 0x000006a564b0b7b0 nmethod 2155 0x0000027f4d5a3c90 code [0x0000027f4d5a3e20, 0x0000027f4d5a3ef8]
Event: 5.710 Thread 0x000006a564b0b7b0 2156       3       sun.java2d.pipe.RenderBuffer::putFloat (26 bytes)
Event: 5.711 Thread 0x000006a564b0b7b0 nmethod 2156 0x0000027f45df2410 code [0x0000027f45df25a0, 0x0000027f45df2738]
Event: 5.711 Thread 0x000006a564b0b7b0 2157       3       jdk.internal.misc.Unsafe::putFloat (8 bytes)
Event: 5.711 Thread 0x000006a564b0b7b0 nmethod 2157 0x0000027f45df2810 code [0x0000027f45df29a0, 0x0000027f45df2ab8]
Event: 5.728 Thread 0x000006a564b0b7b0 2158       3       java.awt.geom.AffineTransform::equals (92 bytes)
Event: 5.729 Thread 0x000006a564b0b7b0 nmethod 2158 0x0000027f45df2b90 code [0x0000027f45df2d40, 0x0000027f45df32f8]
Event: 5.746 Thread 0x000006a564b094e0 2159       4       sun.java2d.SurfaceData::markDirty (8 bytes)
Event: 5.746 Thread 0x000006a564b094e0 nmethod 2159 0x0000027f4d5a3f90 code [0x0000027f4d5a4100, 0x0000027f4d5a41d8]
Event: 5.763 Thread 0x000006a564b094e0 2161       4       sun.java2d.pipe.RenderQueue::unlock (4 bytes)
Event: 5.763 Thread 0x000006a564b0b7b0 2160       3       sun.font.FileFontStrike::getCachedGlyphPtrInternal (120 bytes)
Event: 5.763 Thread 0x000006a564b0b7b0 nmethod 2160 0x0000027f45df3410 code [0x0000027f45df3600, 0x0000027f45df3ab8]
Event: 5.765 Thread 0x000006a564b094e0 nmethod 2161 0x0000027f4d5a4290 code [0x0000027f4d5a4420, 0x0000027f4d5a4648]
Event: 5.847 Thread 0x000006a564b0b7b0 2162       3       java.awt.Component::getForeground (29 bytes)
Event: 5.847 Thread 0x000006a564b0b7b0 nmethod 2162 0x0000027f45df3d10 code [0x0000027f45df3ee0, 0x0000027f45df42e8]

GC Heap History (18 events):
Event: 0.991 GC heap before
{Heap before GC invocations=0 (full 0):
 garbage-first heap   total 262144K, used 32768K [0x0000027f56000000, 0x0000067f56000000)
  region size 32768K, 1 young (32768K), 0 survivors (0K)
 Metaspace       used 15894K, committed 16064K, reserved 1114112K
  class space    used 1494K, committed 1600K, reserved 1048576K
}
Event: 1.002 GC heap after
{Heap after GC invocations=1 (full 0):
 garbage-first heap   total 262144K, used 6010K [0x0000027f56000000, 0x0000067f56000000)
  region size 32768K, 1 young (32768K), 1 survivors (32768K)
 Metaspace       used 15894K, committed 16064K, reserved 1114112K
  class space    used 1494K, committed 1600K, reserved 1048576K
}
Event: 1.113 GC heap before
{Heap before GC invocations=1 (full 0):
 garbage-first heap   total 262144K, used 6010K [0x0000027f56000000, 0x0000067f56000000)
  region size 32768K, 2 young (65536K), 1 survivors (32768K)
 Metaspace       used 16508K, committed 16768K, reserved 1114112K
  class space    used 1552K, committed 1664K, reserved 1048576K
}
Event: 1.120 GC heap after
{Heap after GC invocations=2 (full 0):
 garbage-first heap   total 262144K, used 15452K [0x0000027f56000000, 0x0000067f56000000)
  region size 32768K, 1 young (32768K), 1 survivors (32768K)
 Metaspace       used 16508K, committed 16768K, reserved 1114112K
  class space    used 1552K, committed 1664K, reserved 1048576K
}
Event: 1.374 GC heap before
{Heap before GC invocations=2 (full 0):
 garbage-first heap   total 262144K, used 48220K [0x0000027f56000000, 0x0000067f56000000)
  region size 32768K, 2 young (65536K), 1 survivors (32768K)
 Metaspace       used 16517K, committed 16768K, reserved 1114112K
  class space    used 1552K, committed 1664K, reserved 1048576K
}
Event: 1.384 GC heap after
{Heap after GC invocations=3 (full 0):
 garbage-first heap   total 262144K, used 59209K [0x0000027f56000000, 0x0000067f56000000)
  region size 32768K, 1 young (32768K), 1 survivors (32768K)
 Metaspace       used 16517K, committed 16768K, reserved 1114112K
  class space    used 1552K, committed 1664K, reserved 1048576K
}
Event: 1.413 GC heap before
{Heap before GC invocations=3 (full 0):
 garbage-first heap   total 262144K, used 59209K [0x0000027f56000000, 0x0000067f56000000)
  region size 32768K, 2 young (65536K), 1 survivors (32768K)
 Metaspace       used 16517K, committed 16768K, reserved 1114112K
  class space    used 1552K, committed 1664K, reserved 1048576K
}
Event: 1.424 GC heap after
{Heap after GC invocations=4 (full 0):
 garbage-first heap   total 262144K, used 62703K [0x0000027f56000000, 0x0000067f56000000)
  region size 32768K, 1 young (32768K), 1 survivors (32768K)
 Metaspace       used 16517K, committed 16768K, reserved 1114112K
  class space    used 1552K, committed 1664K, reserved 1048576K
}
Event: 1.577 GC heap before
{Heap before GC invocations=4 (full 0):
 garbage-first heap   total 262144K, used 95471K [0x0000027f56000000, 0x0000067f56000000)
  region size 32768K, 2 young (65536K), 1 survivors (32768K)
 Metaspace       used 16868K, committed 17152K, reserved 1114112K
  class space    used 1603K, committed 1728K, reserved 1048576K
}
Event: 1.587 GC heap after
{Heap after GC invocations=5 (full 0):
 garbage-first heap   total 524288K, used 122168K [0x0000027f56000000, 0x0000067f56000000)
  region size 32768K, 1 young (32768K), 1 survivors (32768K)
 Metaspace       used 16868K, committed 17152K, reserved 1114112K
  class space    used 1603K, committed 1728K, reserved 1048576K
}
Event: 1.616 GC heap before
{Heap before GC invocations=5 (full 0):
 garbage-first heap   total 524288K, used 122168K [0x0000027f56000000, 0x0000067f56000000)
  region size 32768K, 2 young (65536K), 1 survivors (32768K)
 Metaspace       used 16871K, committed 17152K, reserved 1114112K
  class space    used 1603K, committed 1728K, reserved 1048576K
}
Event: 1.627 GC heap after
{Heap after GC invocations=6 (full 0):
 garbage-first heap   total 524288K, used 156334K [0x0000027f56000000, 0x0000067f56000000)
  region size 32768K, 1 young (32768K), 1 survivors (32768K)
 Metaspace       used 16871K, committed 17152K, reserved 1114112K
  class space    used 1603K, committed 1728K, reserved 1048576K
}
Event: 1.884 GC heap before
{Heap before GC invocations=6 (full 0):
 garbage-first heap   total 524288K, used 189102K [0x0000027f56000000, 0x0000067f56000000)
  region size 32768K, 2 young (65536K), 1 survivors (32768K)
 Metaspace       used 16950K, committed 17152K, reserved 1114112K
  class space    used 1616K, committed 1728K, reserved 1048576K
}
Event: 1.902 GC heap after
{Heap after GC invocations=7 (full 0):
 garbage-first heap   total 524288K, used 188991K [0x0000027f56000000, 0x0000067f56000000)
  region size 32768K, 1 young (32768K), 1 survivors (32768K)
 Metaspace       used 16950K, committed 17152K, reserved 1114112K
  class space    used 1616K, committed 1728K, reserved 1048576K
}
Event: 2.249 GC heap before
{Heap before GC invocations=7 (full 0):
 garbage-first heap   total 524288K, used 221759K [0x0000027f56000000, 0x0000067f56000000)
  region size 32768K, 2 young (65536K), 1 survivors (32768K)
 Metaspace       used 16980K, committed 17216K, reserved 1114112K
  class space    used 1621K, committed 1728K, reserved 1048576K
}
Event: 2.266 GC heap after
{Heap after GC invocations=8 (full 0):
 garbage-first heap   total 524288K, used 228967K [0x0000027f56000000, 0x0000067f56000000)
  region size 32768K, 1 young (32768K), 1 survivors (32768K)
 Metaspace       used 16980K, committed 17216K, reserved 1114112K
  class space    used 1621K, committed 1728K, reserved 1048576K
}
Event: 5.289 GC heap before
{Heap before GC invocations=8 (full 0):
 garbage-first heap   total 524288K, used 228967K [0x0000027f56000000, 0x0000067f56000000)
  region size 32768K, 2 young (65536K), 1 survivors (32768K)
 Metaspace       used 21269K, committed 21504K, reserved 1114112K
  class space    used 2178K, committed 2304K, reserved 1048576K
}
Event: 5.305 GC heap after
{Heap after GC invocations=9 (full 0):
 garbage-first heap   total 1048576K, used 246669K [0x0000027f56000000, 0x0000067f56000000)
  region size 32768K, 1 young (32768K), 1 survivors (32768K)
 Metaspace       used 21269K, committed 21504K, reserved 1114112K
  class space    used 2178K, committed 2304K, reserved 1048576K
}

Dll operation events (3 events):
Event: 0.006 Loaded shared library C:\Users\bader\.jdks\jbrsdk_jcef-17.0.9\bin\java.dll
Event: 0.088 Loaded shared library C:\Users\bader\.jdks\jbrsdk_jcef-17.0.9\bin\jsvml.dll
Event: 0.171 Loaded shared library C:\Users\bader\.jdks\jbrsdk_jcef-17.0.9\bin\zip.dll

Deoptimization events (20 events):
Event: 1.761 Thread 0x0000027f41e5de20 DEOPT PACKING pc=0x0000027f45c988e3 sp=0x000000ba13aff1b0
Event: 1.761 Thread 0x0000027f41e5de20 DEOPT UNPACKING pc=0x0000027f4cf97143 sp=0x000000ba13afe710 mode 0
Event: 1.924 Thread 0x0000027f41e5de20 Uncommon trap: trap_request=0xffffff45 fr.pc=0x0000027f4d55af4c relative=0x0000000000000c0c
Event: 1.924 Thread 0x0000027f41e5de20 Uncommon trap: reason=unstable_if action=reinterpret pc=0x0000027f4d55af4c method=net.sendback.worlds.World.generate()V @ 148 c2
Event: 1.924 Thread 0x0000027f41e5de20 DEOPT PACKING pc=0x0000027f4d55af4c sp=0x000000ba13aff240
Event: 1.924 Thread 0x0000027f41e5de20 DEOPT UNPACKING pc=0x0000027f4cf969a3 sp=0x000000ba13aff210 mode 2
Event: 2.021 Thread 0x0000027f41e5de20 DEOPT PACKING pc=0x0000027f45c9d285 sp=0x000000ba13aff1c0
Event: 2.021 Thread 0x0000027f41e5de20 DEOPT UNPACKING pc=0x0000027f4cf97143 sp=0x000000ba13afe700 mode 0
Event: 3.958 Thread 0x000006a56fe02080 Uncommon trap: trap_request=0xffffff45 fr.pc=0x0000027f4d57bfbc relative=0x00000000000000bc
Event: 3.958 Thread 0x000006a56fe02080 Uncommon trap: reason=unstable_if action=reinterpret pc=0x0000027f4d57bfbc method=java.awt.Component.inside(II)Z @ 1 c2
Event: 3.958 Thread 0x000006a56fe02080 DEOPT PACKING pc=0x0000027f4d57bfbc sp=0x000000ba171fd710
Event: 3.958 Thread 0x000006a56fe02080 DEOPT UNPACKING pc=0x0000027f4cf969a3 sp=0x000000ba171fd5b0 mode 2
Event: 4.719 Thread 0x000006a56fe02080 Uncommon trap: trap_request=0xffffff45 fr.pc=0x0000027f4d5573fc relative=0x000000000000013c
Event: 4.719 Thread 0x000006a56fe02080 Uncommon trap: reason=unstable_if action=reinterpret pc=0x0000027f4d5573fc method=java.lang.StrictMath.floorOrCeil(DDDD)D @ 24 c2
Event: 4.719 Thread 0x000006a56fe02080 DEOPT PACKING pc=0x0000027f4d5573fc sp=0x000000ba171fd220
Event: 4.719 Thread 0x000006a56fe02080 DEOPT UNPACKING pc=0x0000027f4cf969a3 sp=0x000000ba171fd188 mode 2
Event: 4.782 Thread 0x000006a5702f5030 DEOPT PACKING pc=0x0000027f45d77d08 sp=0x000000ba176ff1e0
Event: 4.782 Thread 0x000006a5702f5030 DEOPT UNPACKING pc=0x0000027f4cf97143 sp=0x000000ba176fe700 mode 0
Event: 5.094 Thread 0x000006a5702f5540 DEOPT PACKING pc=0x0000027f45db5bc5 sp=0x000000ba175ff230
Event: 5.094 Thread 0x000006a5702f5540 DEOPT UNPACKING pc=0x0000027f4cf97143 sp=0x000000ba175fe740 mode 0

Classes unloaded (0 events):
No events

Classes redefined (0 events):
No events

Internal exceptions (20 events):
Event: 0.923 Thread 0x0000027f41e5de20 Exception <a 'java/lang/NoSuchMethodError'{0x0000027f657d1110}: 'int java.lang.invoke.DirectMethodHandle$Holder.invokeStaticInit(java.lang.Object, java.lang.Object, java.lang.Object)'> (0x0000027f657d1110) 
thrown [s\src\hotspot\share\interpreter\linkResolver.cpp, line 771]
Event: 0.923 Thread 0x0000027f41e5de20 Exception <a 'java/lang/NoSuchMethodError'{0x0000027f657d58b0}: 'int java.lang.invoke.DirectMethodHandle$Holder.invokeStaticInit(java.lang.Object, int, int)'> (0x0000027f657d58b0) 
thrown [s\src\hotspot\share\interpreter\linkResolver.cpp, line 771]
Event: 0.924 Thread 0x0000027f41e5de20 Exception <a 'java/lang/NoSuchMethodError'{0x0000027f657df838}: 'int java.lang.invoke.DirectMethodHandle$Holder.invokeStaticInit(java.lang.Object, long, long)'> (0x0000027f657df838) 
thrown [s\src\hotspot\share\interpreter\linkResolver.cpp, line 771]
Event: 0.924 Thread 0x0000027f41e5de20 Exception <a 'java/lang/NoSuchMethodError'{0x0000027f657e8520}: 'int java.lang.invoke.DirectMethodHandle$Holder.invokeStaticInit(java.lang.Object, float, float)'> (0x0000027f657e8520) 
thrown [s\src\hotspot\share\interpreter\linkResolver.cpp, line 771]
Event: 0.925 Thread 0x0000027f41e5de20 Exception <a 'java/lang/NoSuchMethodError'{0x0000027f657f1210}: 'int java.lang.invoke.DirectMethodHandle$Holder.invokeStaticInit(java.lang.Object, double, double)'> (0x0000027f657f1210) 
thrown [s\src\hotspot\share\interpreter\linkResolver.cpp, line 771]
Event: 0.925 Thread 0x0000027f41e5de20 Exception <a 'java/lang/NoSuchMethodError'{0x0000027f657f6ce0}: 'int java.lang.invoke.DirectMethodHandle$Holder.invokeStatic(java.lang.Object, long)'> (0x0000027f657f6ce0) 
thrown [s\src\hotspot\share\interpreter\linkResolver.cpp, line 771]
Event: 0.929 Thread 0x0000027f41e5de20 Exception <a 'java/lang/NoSuchMethodError'{0x0000027f658257d0}: 'int java.lang.invoke.Invokers$Holder.linkToTargetMethod(java.lang.Object, java.lang.Object)'> (0x0000027f658257d0) 
thrown [s\src\hotspot\share\interpreter\linkResolver.cpp, line 771]
Event: 2.486 Thread 0x0000027f41e5de20 Exception <a 'java/lang/NoSuchMethodError'{0x0000027f74f28100}: 'void java.lang.invoke.DirectMethodHandle$Holder.invokeStaticInit(java.lang.Object)'> (0x0000027f74f28100) 
thrown [s\src\hotspot\share\interpreter\linkResolver.cpp, line 771]
Event: 2.507 Thread 0x000006a56fe02080 Exception <a 'java/lang/NoSuchMethodError'{0x0000027f74fe44c8}: 'void java.lang.invoke.DirectMethodHandle$Holder.invokeSpecial(java.lang.Object, java.lang.Object, java.lang.Object)'> (0x0000027f74fe44c8) 
thrown [s\src\hotspot\share\interpreter\linkResolver.cpp, line 771]
Event: 2.515 Thread 0x000006a56fe02080 Exception <a 'java/lang/NoSuchMethodError'{0x0000027f7501ce50}: 'java.lang.Object java.lang.invoke.DirectMethodHandle$Holder.newInvokeSpecial(java.lang.Object, java.lang.Object, java.lang.Object, java.lang.Object, java.lang.Object)'> (0x0000027f7501ce50) 
thrown [s\src\hotspot\share\interpreter\linkResolver.cpp, line 771]
Event: 2.516 Thread 0x000006a56fe02080 Exception <a 'java/lang/NoSuchMethodError'{0x0000027f7502b710}: 'java.lang.Object java.lang.invoke.DirectMethodHandle$Holder.invokeStatic(java.lang.Object, int, java.lang.Object, java.lang.Object, java.lang.Object, java.lang.Object)'> (0x0000027f7502b710) 
thrown [s\src\hotspot\share\interpreter\linkResolver.cpp, line 771]
Event: 2.546 Thread 0x000006a56fe02080 Exception <a 'java/lang/ClassNotFoundException'{0x0000027f751ee2e8}: com/sun/swing/internal/plaf/metal/resources/spi/metalProvider> (0x0000027f751ee2e8) 
thrown [s\src\hotspot\share\classfile\systemDictionary.cpp, line 256]
Event: 2.546 Thread 0x000006a56fe02080 Exception <a 'java/lang/ClassNotFoundException'{0x0000027f751f4240}: com/sun/swing/internal/plaf/basic/resources/spi/basicProvider> (0x0000027f751f4240) 
thrown [s\src\hotspot\share\classfile\systemDictionary.cpp, line 256]
Event: 2.549 Thread 0x000006a56fe02080 Exception <a 'java/lang/NoSuchMethodError'{0x0000027f75218900}: 'java.lang.Object java.lang.invoke.Invokers$Holder.linkToTargetMethod(java.lang.Object, int, java.lang.Object, java.lang.Object, java.lang.Object)'> (0x0000027f75218900) 
thrown [s\src\hotspot\share\interpreter\linkResolver.cpp, line 771]
Event: 2.577 Thread 0x000006a56fdcc130 Exception <a 'java/lang/NoSuchMethodError'{0x0000027f752c7438}: 'void java.lang.invoke.DirectMethodHandle$Holder.invokeVirtual(java.lang.Object, java.lang.Object)'> (0x0000027f752c7438) 
thrown [s\src\hotspot\share\interpreter\linkResolver.cpp, line 771]
Event: 2.619 Thread 0x000006a56fe02080 Exception <a 'java/lang/NoSuchMethodError'{0x0000027f7529ee20}: 'java.lang.Object java.lang.invoke.DirectMethodHandle$Holder.newInvokeSpecial(java.lang.Object, java.lang.Object, int, int, int, int)'> (0x0000027f7529ee20) 
thrown [s\src\hotspot\share\interpreter\linkResolver.cpp, line 771]
Event: 2.626 Thread 0x000006a56fe02080 Exception <a 'java/lang/NoSuchMethodError'{0x0000027f752b0b70}: 'void java.lang.invoke.DirectMethodHandle$Holder.invokeSpecial(java.lang.Object, java.lang.Object, int, int)'> (0x0000027f752b0b70) 
thrown [s\src\hotspot\share\interpreter\linkResolver.cpp, line 771]
Event: 2.626 Thread 0x000006a56fe02080 Exception <a 'java/lang/NoSuchMethodError'{0x0000027f752b89d8}: 'java.lang.Object java.lang.invoke.DirectMethodHandle$Holder.newInvokeSpecial(java.lang.Object, java.lang.Object, int, int)'> (0x0000027f752b89d8) 
thrown [s\src\hotspot\share\interpreter\linkResolver.cpp, line 771]
Event: 2.822 Thread 0x000006a56fe02080 Exception <a 'java/lang/NoSuchMethodError'{0x0000027f75414b18}: 'java.lang.Object java.lang.invoke.Invokers$Holder.invoke_MT(java.lang.Object, java.lang.Object, java.lang.Object)'> (0x0000027f75414b18) 
thrown [s\src\hotspot\share\interpreter\linkResolver.cpp, line 771]
Event: 2.823 Thread 0x000006a56fe02080 Exception <a 'java/lang/NoSuchMethodError'{0x0000027f75423028}: 'int java.lang.invoke.Invokers$Holder.invoke_MT(java.lang.Object, java.lang.Object, java.lang.Object)'> (0x0000027f75423028) 
thrown [s\src\hotspot\share\interpreter\linkResolver.cpp, line 771]

VM Operations (20 events):
Event: 2.249 Executing VM operation: G1CollectForAllocation
Event: 2.266 Executing VM operation: G1CollectForAllocation done
Event: 2.692 Executing VM operation: HandshakeAllThreads
Event: 2.692 Executing VM operation: HandshakeAllThreads done
Event: 3.699 Executing VM operation: Cleanup
Event: 3.699 Executing VM operation: Cleanup done
Event: 3.955 Executing VM operation: HandshakeAllThreads
Event: 3.955 Executing VM operation: HandshakeAllThreads done
Event: 3.956 Executing VM operation: HandshakeAllThreads
Event: 3.956 Executing VM operation: HandshakeAllThreads done
Event: 4.706 Executing VM operation: HandshakeAllThreads
Event: 4.706 Executing VM operation: HandshakeAllThreads done
Event: 4.706 Executing VM operation: Cleanup
Event: 4.706 Executing VM operation: Cleanup done
Event: 5.289 Executing VM operation: CollectForMetadataAllocation
Event: 5.305 Executing VM operation: CollectForMetadataAllocation done
Event: 5.337 Executing VM operation: G1PauseRemark
Event: 5.339 Executing VM operation: G1PauseRemark done
Event: 5.360 Executing VM operation: G1PauseCleanup
Event: 5.360 Executing VM operation: G1PauseCleanup done

Events (20 events):
Event: 4.962 loading class sun/java2d/pipe/SpanIterator
Event: 4.962 loading class sun/java2d/pipe/SpanIterator done
Event: 4.962 loading class sun/java2d/pipe/RegionSpanIterator done
Event: 5.137 Thread 0x000006a570566c00 Thread added: 0x000006a570566c00
Event: 5.305 Thread 0x000006a570566c00 Thread exited: 0x000006a570566c00
Event: 5.491 Thread 0x000006a5761a1830 Thread added: 0x000006a5761a1830
Event: 5.524 loading class java/awt/image/BufferedImageOp
Event: 5.524 loading class java/awt/image/BufferedImageOp done
Event: 5.659 Thread 0x000006a5761a1830 Thread exited: 0x000006a5761a1830
Event: 5.804 Thread 0x000006a5702f4100 Thread added: 0x000006a5702f4100
Event: 5.804 Thread 0x000006a5702f0440 Thread added: 0x000006a5702f0440
Event: 5.804 Thread 0x000006a5702f4b20 Thread added: 0x000006a5702f4b20
Event: 5.804 loading class sun/font/SunFontManager$8$1
Event: 5.804 loading class sun/font/SunFontManager$8$1 done
Event: 5.804 loading class java/util/WeakHashMap$KeyIterator
Event: 5.804 loading class java/util/WeakHashMap$HashIterator
Event: 5.805 loading class java/util/WeakHashMap$HashIterator done
Event: 5.805 loading class java/util/WeakHashMap$KeyIterator done
Event: 5.805 Thread 0x000006a5702f4b20 Thread exited: 0x000006a5702f4b20
Event: 5.808 Thread 0x000006a5702f4100 Thread exited: 0x000006a5702f4100


Dynamic libraries:
0x00007ff61f330000 - 0x00007ff61f33a000 	C:\Users\bader\.jdks\jbrsdk_jcef-17.0.9\bin\java.exe
0x00007ffed6e90000 - 0x00007ffed7088000 	C:\Windows\SYSTEM32\ntdll.dll
0x00007ffed4f20000 - 0x00007ffed4fe2000 	C:\Windows\System32\KERNEL32.DLL
0x00007ffed4960000 - 0x00007ffed4c5e000 	C:\Windows\System32\KERNELBASE.dll
0x00007ffed4db0000 - 0x00007ffed4eb0000 	C:\Windows\System32\ucrtbase.dll
0x00007ffecf590000 - 0x00007ffecf5a7000 	C:\Users\bader\.jdks\jbrsdk_jcef-17.0.9\bin\jli.dll
0x00007ffecf4c0000 - 0x00007ffecf4db000 	C:\Users\bader\.jdks\jbrsdk_jcef-17.0.9\bin\VCRUNTIME140.dll
0x00007ffed6bd0000 - 0x00007ffed6d6d000 	C:\Windows\System32\USER32.dll
0x00007ffed4650000 - 0x00007ffed4672000 	C:\Windows\System32\win32u.dll
0x00007ffeba210000 - 0x00007ffeba4aa000 	C:\Windows\WinSxS\amd64_microsoft.windows.common-controls_6595b64144ccf1df_6.0.19041.4355_none_60b8b9eb71f62e16\COMCTL32.dll
0x00007ffed61a0000 - 0x00007ffed61cb000 	C:\Windows\System32\GDI32.dll
0x00007ffed67d0000 - 0x00007ffed686e000 	C:\Windows\System32\msvcrt.dll
0x00007ffed4530000 - 0x00007ffed4647000 	C:\Windows\System32\gdi32full.dll
0x00007ffed4d10000 - 0x00007ffed4dad000 	C:\Windows\System32\msvcp_win.dll
0x00007ffed6100000 - 0x00007ffed612f000 	C:\Windows\System32\IMM32.DLL
0x00007ffecfd60000 - 0x00007ffecfd6c000 	C:\Users\bader\.jdks\jbrsdk_jcef-17.0.9\bin\vcruntime140_1.dll
0x00007ffebdf30000 - 0x00007ffebdfbd000 	C:\Users\bader\.jdks\jbrsdk_jcef-17.0.9\bin\msvcp140.dll
0x00007ffe85690000 - 0x00007ffe86312000 	C:\Users\bader\.jdks\jbrsdk_jcef-17.0.9\bin\server\jvm.dll
0x00007ffed6d90000 - 0x00007ffed6e41000 	C:\Windows\System32\ADVAPI32.dll
0x00007ffed5e40000 - 0x00007ffed5edf000 	C:\Windows\System32\sechost.dll
0x00007ffed62a0000 - 0x00007ffed63c3000 	C:\Windows\System32\RPCRT4.dll
0x00007ffed4760000 - 0x00007ffed4787000 	C:\Windows\System32\bcrypt.dll
0x00007ffed3a60000 - 0x00007ffed3aab000 	C:\Windows\SYSTEM32\POWRPROF.dll
0x00007ffebb4b0000 - 0x00007ffebb4b9000 	C:\Windows\SYSTEM32\WSOCK32.dll
0x00007ffed6090000 - 0x00007ffed60fb000 	C:\Windows\System32\WS2_32.dll
0x00007ffeb9a40000 - 0x00007ffeb9a67000 	C:\Windows\SYSTEM32\WINMM.dll
0x00007ffecd650000 - 0x00007ffecd65a000 	C:\Windows\SYSTEM32\VERSION.dll
0x00007ffed3930000 - 0x00007ffed3942000 	C:\Windows\SYSTEM32\UMPDC.dll
0x00007ffed23b0000 - 0x00007ffed23c2000 	C:\Windows\SYSTEM32\kernel.appcore.dll
0x00007ffecf780000 - 0x00007ffecf78a000 	C:\Users\bader\.jdks\jbrsdk_jcef-17.0.9\bin\jimage.dll
0x00007ffed1cc0000 - 0x00007ffed1ea4000 	C:\Windows\SYSTEM32\DBGHELP.DLL
0x00007ffec4470000 - 0x00007ffec44a4000 	C:\Windows\SYSTEM32\dbgcore.DLL
0x00007ffed46d0000 - 0x00007ffed4752000 	C:\Windows\System32\bcryptPrimitives.dll
0x00007ffecf6d0000 - 0x00007ffecf6de000 	C:\Users\bader\.jdks\jbrsdk_jcef-17.0.9\bin\instrument.dll
0x00007ffecf3b0000 - 0x00007ffecf3d5000 	C:\Users\bader\.jdks\jbrsdk_jcef-17.0.9\bin\java.dll
0x00007ffecef10000 - 0x00007ffecef28000 	C:\Users\bader\.jdks\jbrsdk_jcef-17.0.9\bin\zip.dll
0x00007ffebdcb0000 - 0x00007ffebdd87000 	C:\Users\bader\.jdks\jbrsdk_jcef-17.0.9\bin\jsvml.dll
0x00007ffed4ff0000 - 0x00007ffed575d000 	C:\Windows\System32\SHELL32.dll
0x00007ffed25b0000 - 0x00007ffed2d54000 	C:\Windows\SYSTEM32\windows.storage.dll
0x00007ffed6870000 - 0x00007ffed6bc3000 	C:\Windows\System32\combase.dll
0x00007ffed3f60000 - 0x00007ffed3f8e000 	C:\Windows\SYSTEM32\Wldp.dll
0x00007ffed61d0000 - 0x00007ffed629d000 	C:\Windows\System32\OLEAUT32.dll
0x00007ffed65c0000 - 0x00007ffed666d000 	C:\Windows\System32\SHCORE.dll
0x00007ffed6560000 - 0x00007ffed65b5000 	C:\Windows\System32\shlwapi.dll
0x00007ffed4460000 - 0x00007ffed4484000 	C:\Windows\SYSTEM32\profapi.dll
0x00007ffecd160000 - 0x00007ffecd179000 	C:\Users\bader\.jdks\jbrsdk_jcef-17.0.9\bin\net.dll
0x00007ffeccc80000 - 0x00007ffeccd8d000 	C:\Windows\SYSTEM32\WINHTTP.dll
0x00007ffed3cc0000 - 0x00007ffed3d2a000 	C:\Windows\system32\mswsock.dll
0x00007ffec22a0000 - 0x00007ffec22b6000 	C:\Users\bader\.jdks\jbrsdk_jcef-17.0.9\bin\nio.dll
0x00007ffec2250000 - 0x00007ffec226a000 	C:\Program Files\JetBrains\IntelliJ IDEA Community Edition 2023.3.6\bin\breakgen64.dll
0x00007ffe819a0000 - 0x00007ffe81b3a000 	C:\Users\bader\.jdks\jbrsdk_jcef-17.0.9\bin\awt.dll
0x00007ffebdee0000 - 0x00007ffebdf24000 	C:\Users\bader\.jdks\jbrsdk_jcef-17.0.9\bin\nvdaControllerClient64.dll
0x00007ffed20b0000 - 0x00007ffed20df000 	C:\Windows\SYSTEM32\dwmapi.dll
0x00007ffecf1c0000 - 0x00007ffecf254000 	C:\Windows\SYSTEM32\apphelp.dll
0x00007ffeb81e0000 - 0x00007ffeb8308000 	C:\Windows\system32\opengl32.dll
0x00007ffeb7c60000 - 0x00007ffeb7c8c000 	C:\Windows\SYSTEM32\GLU32.dll
0x00007ffed1090000 - 0x00007ffed112e000 	C:\Windows\system32\uxtheme.dll
0x00007ffed5bd0000 - 0x00007ffed5ce5000 	C:\Windows\System32\MSCTF.dll
0x00007ffed5cf0000 - 0x00007ffed5d99000 	C:\Windows\System32\clbcatq.dll
0x00007ffe4e890000 - 0x00007ffe4f85a000 	C:\Windows\System32\DriverStore\FileRepository\iigd_dch.inf_amd64_5d54dd32fa1ef4d4\ig9icd64.dll
0x00007ffed6430000 - 0x00007ffed655b000 	C:\Windows\System32\ole32.dll
0x00007ffed2dc0000 - 0x00007ffed2eb6000 	C:\Windows\system32\dxgi.dll
0x00007ffec7a80000 - 0x00007ffec7cbf000 	C:\Windows\System32\DriverStore\FileRepository\iigd_dch.inf_amd64_5d54dd32fa1ef4d4\igdgmm64.dll
0x00007ffec4eb0000 - 0x00007ffec7a79000 	C:\Windows\System32\DriverStore\FileRepository\iigd_dch.inf_amd64_5d54dd32fa1ef4d4\igc64.dll
0x00007ffe6af50000 - 0x00007ffe6b35c000 	C:\Windows\System32\DriverStore\FileRepository\iigd_dch.inf_amd64_5d54dd32fa1ef4d4\igdml64.dll
0x00007ffed3ec0000 - 0x00007ffed3ed8000 	C:\Windows\SYSTEM32\CRYPTSP.dll
0x00007ffed3570000 - 0x00007ffed35a4000 	C:\Windows\system32\rsaenh.dll
0x00007ffed4420000 - 0x00007ffed444e000 	C:\Windows\SYSTEM32\USERENV.dll
0x00007ffed3eb0000 - 0x00007ffed3ebc000 	C:\Windows\SYSTEM32\CRYPTBASE.dll
0x00007ffed3950000 - 0x00007ffed398b000 	C:\Windows\SYSTEM32\IPHLPAPI.DLL
0x00007ffed5e30000 - 0x00007ffed5e38000 	C:\Windows\System32\NSI.dll
0x00007ffecc960000 - 0x00007ffecc977000 	C:\Windows\SYSTEM32\dhcpcsvc6.DLL
0x00007ffeccbf0000 - 0x00007ffeccc0d000 	C:\Windows\SYSTEM32\dhcpcsvc.DLL
0x00007ffed3990000 - 0x00007ffed3a5a000 	C:\Windows\SYSTEM32\DNSAPI.dll
0x00007ffeabb80000 - 0x00007ffeabc07000 	C:\Users\bader\.jdks\jbrsdk_jcef-17.0.9\bin\freetype.dll
0x00007ffe864a0000 - 0x00007ffe86577000 	C:\Users\bader\.jdks\jbrsdk_jcef-17.0.9\bin\fontmanager.dll
0x00007ffec2020000 - 0x00007ffec2032000 	C:\Users\bader\.jdks\jbrsdk_jcef-17.0.9\bin\jsound.dll
0x00007ffeb9bf0000 - 0x00007ffeb9c8c000 	C:\Windows\SYSTEM32\DSOUND.dll
0x00007ffec02f0000 - 0x00007ffec0316000 	C:\Windows\SYSTEM32\winmmbase.dll
0x00007ffecce00000 - 0x00007ffecce85000 	C:\Windows\System32\MMDevApi.dll
0x00007ffed42c0000 - 0x00007ffed42f3000 	C:\Windows\System32\DEVOBJ.dll
0x00007ffed4680000 - 0x00007ffed46ce000 	C:\Windows\System32\cfgmgr32.dll
0x00007ffeb5080000 - 0x00007ffeb50c6000 	C:\Windows\SYSTEM32\wdmaud.drv
0x00007ffecf4e0000 - 0x00007ffecf4e9000 	C:\Windows\SYSTEM32\ksuser.dll
0x00007ffeced00000 - 0x00007ffeced0a000 	C:\Windows\SYSTEM32\AVRT.dll
0x00007ffecce90000 - 0x00007ffecd011000 	C:\Windows\SYSTEM32\AUDIOSES.DLL
0x00007ffeb5070000 - 0x00007ffeb507d000 	C:\Windows\SYSTEM32\msacm32.drv
0x00007ffeb5050000 - 0x00007ffeb506e000 	C:\Windows\SYSTEM32\MSACM32.dll
0x00007ffeb5040000 - 0x00007ffeb504b000 	C:\Windows\SYSTEM32\midimap.dll
0x00007ffed1fb0000 - 0x00007ffed1fc4000 	C:\Windows\SYSTEM32\resourcepolicyclient.dll
0x00007ffeb1a60000 - 0x00007ffeb1c05000 	C:\Windows\WinSxS\amd64_microsoft.windows.gdiplus_6595b64144ccf1df_1.1.19041.4597_none_91a78020cc854124\gdiplus.dll
0x00007ffebfdd0000 - 0x00007ffebfec9000 	C:\Windows\SYSTEM32\textinputframework.dll
0x00007ffecea50000 - 0x00007ffeceb42000 	C:\Windows\System32\CoreMessaging.dll
0x00007ffece6e0000 - 0x00007ffecea3b000 	C:\Windows\System32\CoreUIComponents.dll
0x00007ffed37c0000 - 0x00007ffed37f3000 	C:\Windows\SYSTEM32\ntmarta.dll
0x00007ffed12c0000 - 0x00007ffed1417000 	C:\Windows\SYSTEM32\wintypes.dll
0x00007ffeb7e70000 - 0x00007ffeb8165000 	C:\Windows\System32\uiautomationcore.dll
0x00007ffed1880000 - 0x00007ffed1976000 	C:\Windows\System32\PROPSYS.dll
0x00007ffeb8170000 - 0x00007ffeb81d6000 	C:\Windows\System32\OLEACC.dll
0x00007ffebfed0000 - 0x00007ffec000f000 	C:\Windows\System32\Windows.UI.dll
0x00007ffebfc70000 - 0x00007ffebfdc2000 	C:\Windows\System32\InputHost.dll
0x00007ffecbdf0000 - 0x00007ffecbe91000 	C:\Windows\System32\WindowManagementAPI.dll
0x00007ffecb4a0000 - 0x00007ffecb6a3000 	C:\Windows\SYSTEM32\twinapi.appcore.dll

dbghelp: loaded successfully - version: 4.0.5 - missing functions: none
symbol engine: initialized successfully - sym options: 0x614 - pdb path: .;C:\Users\bader\.jdks\jbrsdk_jcef-17.0.9\bin;C:\Windows\SYSTEM32;C:\Windows\WinSxS\amd64_microsoft.windows.common-controls_6595b64144ccf1df_6.0.19041.4355_none_60b8b9eb71f62e16;C:\Users\bader\.jdks\jbrsdk_jcef-17.0.9\bin\server;C:\Program Files\JetBrains\IntelliJ IDEA Community Edition 2023.3.6\bin;C:\Windows\System32\DriverStore\FileRepository\iigd_dch.inf_amd64_5d54dd32fa1ef4d4;C:\Windows\WinSxS\amd64_microsoft.windows.gdiplus_6595b64144ccf1df_1.1.19041.4597_none_91a78020cc854124

VM Arguments:
jvm_args: -Xmx3072g -Xmx4096g -Dsun.java2d.opengl=true -XX:ErrorFile=logs/hs_err_pid%p.log -javaagent:C:\Program Files\JetBrains\IntelliJ IDEA Community Edition 2023.3.6\lib\idea_rt.jar=63441:C:\Program Files\JetBrains\IntelliJ IDEA Community Edition 2023.3.6\bin -Dfile.encoding=UTF-8 
java_command: net.sendback.Main
java_class_path (initial): C:\Users\bader\OneDrive\Bureau\Idea\GTS_PRojekt\target\classes
Launcher Type: SUN_STANDARD

[Global flags]
     intx CICompilerCount                          = 4                                         {product} {ergonomic}
     uint ConcGCThreads                            = 3                                         {product} {ergonomic}
    ccstr ErrorFile                                = logs/hs_err_pid%p.log                     {product} {command line}
     uint G1ConcRefinementThreads                  = 10                                        {product} {ergonomic}
   size_t G1HeapRegionSize                         = 33554432                                  {product} {ergonomic}
    uintx GCDrainStackTargetSize                   = 64                                        {product} {ergonomic}
   size_t InitialHeapSize                          = 268435456                                 {product} {ergonomic}
   size_t MarkStackSize                            = 4194304                                   {product} {ergonomic}
   size_t MaxHeapSize                              = 4398046511104                             {product} {command line}
   size_t MaxNewSize                               = 2638821195776                             {product} {ergonomic}
   size_t MinHeapDeltaBytes                        = 33554432                                  {product} {ergonomic}
   size_t MinHeapSize                              = 33554432                                  {product} {ergonomic}
    uintx NonNMethodCodeHeapSize                   = 5839372                                {pd product} {ergonomic}
    uintx NonProfiledCodeHeapSize                  = 122909434                              {pd product} {ergonomic}
    uintx ProfiledCodeHeapSize                     = 122909434                              {pd product} {ergonomic}
    uintx ReservedCodeCacheSize                    = 251658240                              {pd product} {ergonomic}
     bool SegmentedCodeCache                       = true                                      {product} {ergonomic}
   size_t SoftMaxHeapSize                          = 4398046511104                          {manageable} {ergonomic}
     bool UseCompressedClassPointers               = true                           {product lp64_product} {ergonomic}
     bool UseG1GC                                  = true                                      {product} {ergonomic}
     bool UseLargePagesIndividualAllocation        = false                                  {pd product} {ergonomic}

Logging:
Log output configuration:
 #0: stdout all=warning uptime,level,tags
 #1: stderr all=off uptime,level,tags

Environment Variables:
PATH=C:\Program Files\Common Files\Oracle\Java\javapath;C:\Windows\system32;C:\Windows;C:\Windows\System32\Wbem;C:\Windows\System32\WindowsPowerShell\v1.0\;C:\Windows\System32\OpenSSH\;C:\Program Files (x86)\NVIDIA Corporation\PhysX\Common;C:\Program Files\dotnet\;C:\Users\bader\AppData\Local\Microsoft\WindowsApps;C:\Users\bader\AppData\Local\GitHubDesktop\bin
USERNAME=bader
OS=Windows_NT
PROCESSOR_IDENTIFIER=Intel64 Family 6 Model 158 Stepping 10, GenuineIntel
TMP=C:\Users\bader\AppData\Local\Temp
TEMP=C:\Users\bader\AppData\Local\Temp



Periodic native trim disabled

JNI global refs:
JNI global refs: 129, weak refs: 79

JNI global refs memory usage: 2107, weak refs: 2105

OOME stack traces (most recent first):
Classloader memory used:
Loader bootstrap                                                                       : 2632K
Loader jdk.internal.loader.ClassLoaders$AppClassLoader                                 : 27830B
Loader jdk.internal.loader.ClassLoaders$PlatformClassLoader                            : 764B


---------------  S Y S T E M  ---------------

OS:
 Windows 10 , 64 bit Build 19041 (10.0.19041.5072)
OS uptime: 7 days 6:29 hours

CPU: total 12 (initial active 12) (6 cores per cpu, 2 threads per core) family 6 model 158 stepping 10 microcode 0xf0, cx8, cmov, fxsr, ht, mmx, 3dnowpref, sse, sse2, sse3, ssse3, sse4.1, sse4.2, popcnt, lzcnt, tsc, tscinvbit, avx, avx2, aes, erms, clmul, bmi1, bmi2, adx, fma, vzeroupper, clflush, clflushopt
Processor Information for all 12 processors :
  Max Mhz: 2592, Current Mhz: 2592, Mhz Limit: 2592

Memory: 4k page, system-wide physical 16254M (3783M free)
TotalPageFile size 18942M (AvailPageFile size 2033M)
current process WorkingSet (physical memory assigned to process): 701M, peak: 718M
current process commit charge ("private bytes"): 1427M, peak: 1489M

vm_info: OpenJDK 64-Bit Server VM (17.0.9+8-b1166.2) for windows-amd64 JRE (17.0.9+8-b1166.2), built on 2024-01-13 by "builduser" with MS VC++ 16.10 / 16.11 (VS2019)

END.
