#
# A fatal error has been detected by the Java Runtime Environment:
#
#  EXCEPTION_ACCESS_VIOLATION (0xc0000005) at pc=0x00007ffe4f253c53, pid=17436, tid=22196
#
# JRE version: OpenJDK Runtime Environment JBR-17.0.9+8-1166.2-jcef (17.0.9+8) (build 17.0.9+8-b1166.2)
# Java VM: OpenJDK 64-Bit Server VM JBR-17.0.9+8-1166.2-jcef (17.0.9+8-b1166.2, mixed mode, tiered, compressed class ptrs, g1 gc, windows-amd64)
# Problematic frame:
# C  [ig9icd64.dll+0x9c3c53]
#
# No core dump will be written. Minidumps are not enabled by default on client versions of Windows
#
# If you would like to submit a bug report, please visit:
#   https://youtrack.jetbrains.com/issues/JBR
# The crash happened outside the Java Virtual Machine in native code.
# See problematic frame for where to report the bug.
#

---------------  S U M M A R Y ------------

Command Line: -Xmx3072g -Xmx4096g -Dsun.java2d.opengl=true -XX:ErrorFile=logs/hs_err_pid%p.log -javaagent:C:\Program Files\JetBrains\IntelliJ IDEA Community Edition 2023.3.6\lib\idea_rt.jar=62430:C:\Program Files\JetBrains\IntelliJ IDEA Community Edition 2023.3.6\bin -Dfile.encoding=UTF-8 net.sendback.Main

Host: Intel(R) Core(TM) i7-9750H CPU @ 2.60GHz, 12 cores, 15G,  Windows 10 , 64 bit Build 19041 (10.0.19041.5072)
Time: Sun Nov  3 20:55:31 2024 Mitteleuropäische Zeit elapsed time: 18.551366 seconds (0d 0h 0m 18s)

---------------  T H R E A D  ---------------

Current thread (0x0000069674805320):  JavaThread "Java2D Queue Flusher" daemon [_thread_in_native, id=22196, stack(0x000000f213c00000,0x000000f213d00000)]

Stack: [0x000000f213c00000,0x000000f213d00000],  sp=0x000000f213cfe6d8,  free space=1017k
Native frames: (J=compiled Java code, j=interpreted, Vv=VM code, C=native code)
C  [ig9icd64.dll+0x9c3c53]

Java frames: (J=compiled Java code, j=interpreted, Vv=VM code)
J 2180  sun.java2d.opengl.OGLRenderQueue.flushBuffer(JI)V java.desktop (0 bytes) @ 0x000002705c9436db [0x000002705c9436a0+0x000000000000003b]
J 2178 c1 sun.java2d.opengl.OGLRenderQueue.flushBuffer()V java.desktop (41 bytes) @ 0x0000027055172384 [0x0000027055172260+0x0000000000000124]
j  sun.java2d.opengl.OGLRenderQueue$QueueFlusher.run()V+81 java.desktop
j  java.lang.Thread.run()V+11 java.base@17.0.9
v  ~StubRoutines::call_stub

siginfo: EXCEPTION_ACCESS_VIOLATION (0xc0000005), reading address 0xffffffffffffffff


Registers:
RAX=0x000000000fff0fff, RBX=0x00007ffe4e890000, RCX=0x000000033fcf3fcc, RDX=0x000000f213cfebf0
RSP=0x000000f213cfe6d8, RBP=0x000000f213cfe7e0, RSI=0x000006967ec23b80, RDI=0x000000f213cfe9e0
R8 =0x000000f213cfe810, R9 =0x000000f213cfebf0, R10=0x000000f213cfe9e0, R11=0x0000000000000000
R12=0x00007ffe4f6ba420, R13=0x0000000000000000, R14=0x0000000000000000, R15=0x00000000000001c1
RIP=0x00007ffe4f253c53, EFLAGS=0x0000000000010206


Register to memory mapping:

RIP=0x00007ffe4f253c53 ig9icd64.dll
RAX=0x000000000fff0fff is an unknown value
RBX=0x00007ffe4e890000 ig9icd64.dll
RCX=0x000000033fcf3fcc is an unknown value
RDX=0x000000f213cfebf0 is pointing into the stack for thread: 0x0000069674805320
RSP=0x000000f213cfe6d8 is pointing into the stack for thread: 0x0000069674805320
RBP=0x000000f213cfe7e0 is pointing into the stack for thread: 0x0000069674805320
RSI=0x000006967ec23b80 points into unknown readable memory: 0x000006967484b4c0 | c0 b4 84 74 96 06 00 00
RDI=0x000000f213cfe9e0 is pointing into the stack for thread: 0x0000069674805320
R8 =0x000000f213cfe810 is pointing into the stack for thread: 0x0000069674805320
R9 =0x000000f213cfebf0 is pointing into the stack for thread: 0x0000069674805320
R10=0x000000f213cfe9e0 is pointing into the stack for thread: 0x0000069674805320
R11=0x0 is NULL
R12=0x00007ffe4f6ba420 ig9icd64.dll
R13=0x0 is NULL
R14=0x0 is NULL
R15=0x00000000000001c1 is an unknown value


Top of Stack: (sp=0x000000f213cfe6d8)
0x000000f213cfe6d8:   00007ffe4f25138b 0000000000000001
0x000000f213cfe6e8:   0000000000000000 000006967f7b5900
0x000000f213cfe6f8:   00007ffec7a82572 000000f200000065
0x000000f213cfe708:   000000f213cfe910 0000000000000000
0x000000f213cfe718:   000006967f7f03d0 0000000000000000
0x000000f213cfe728:   00000696746b8740 000006967f7b5910
0x000000f213cfe738:   0000000000000fb0 0000000000000000
0x000000f213cfe748:   0000000000000000 000000f213cfe8c0
0x000000f213cfe758:   00007ffe4eee9070 0000000000000000
0x000000f213cfe768:   0000000000000000 0000000000000000
0x000000f213cfe778:   0000000000000000 000091e60e3d9afb
0x000000f213cfe788:   00007ffe4e8a64e5 000006967f7b5910
0x000000f213cfe798:   0000000000000001 0000000000000200
0x000000f213cfe7a8:   00007ffed6ebb86b 0000000000080011
0x000000f213cfe7b8:   0000000000000039 000006967f485b90
0x000000f213cfe7c8:   0000000000000000 0000000000000000
0x000000f213cfe7d8:   00007ffe4f251c62 0000000000000000
0x000000f213cfe7e8:   000002704f047c80 000000f213cfeae0
0x000000f213cfe7f8:   000002704f040000 000002704f0402b4
0x000000f213cfe808:   000006967f7f03d0 00007ffe4f55f020
0x000000f213cfe818:   0000000e00000000 0000001a00000018
0x000000f213cfe828:   00000fff00000000 437f0000437f0000
0x000000f213cfe838:   437f0000437f0000 0000ff0000ff0000
0x000000f213cfe848:   ff000000000000ff 0000000800000010
0x000000f213cfe858:   0000001800000000 0000000000000000
0x000000f213cfe868:   0000000000000000 0000000000000000
0x000000f213cfe878:   0000000000000000 0000000000000000
0x000000f213cfe888:   0000000000000000 0000000000000000
0x000000f213cfe898:   0000000000000000 0000000000000000
0x000000f213cfe8a8:   0000000000000000 0000000000000000
0x000000f213cfe8b8:   0000000000000000 0000000000000000
0x000000f213cfe8c8:   0000000000000000 0000000000000000 

Instructions: (pc=0x00007ffe4f253c53)
0x00007ffe4f253b53:   a1 b6 30 00 48 89 51 08 48 89 01 8b 44 24 28 89
0x00007ffe4f253b63:   41 20 8b 44 24 30 89 41 24 48 8b c1 4c 89 41 10
0x00007ffe4f253b73:   4c 89 49 18 c3 cc cc cc cc cc cc cc cc 48 89 5c
0x00007ffe4f253b83:   24 08 8b 41 5c 48 8d 1d 71 c4 63 ff 41 89 40 08
0x00007ffe4f253b93:   4c 8b d1 8b 41 60 45 33 db 41 89 40 0c 4c 8b ca
0x00007ffe4f253ba3:   8b 41 64 41 89 40 10 8b 41 68 41 89 40 14 8b 41
0x00007ffe4f253bb3:   6c 41 89 40 18 8b 41 70 41 89 40 1c 48 63 41 74
0x00007ffe4f253bc3:   48 6b c8 34 8b 84 19 84 5f ee 00 41 89 40 20 8b
0x00007ffe4f253bd3:   84 19 88 5f ee 00 41 89 40 24 8b 84 19 8c 5f ee
0x00007ffe4f253be3:   00 41 89 40 28 8b 84 19 90 5f ee 00 41 89 40 2c
0x00007ffe4f253bf3:   8b 84 19 74 5f ee 00 41 89 40 30 8b 84 19 78 5f
0x00007ffe4f253c03:   ee 00 41 89 40 34 8b 84 19 7c 5f ee 00 41 89 40
0x00007ffe4f253c13:   38 8b 84 19 80 5f ee 00 41 89 40 3c 8b 84 19 64
0x00007ffe4f253c23:   5f ee 00 41 89 40 40 8b 84 19 68 5f ee 00 41 89
0x00007ffe4f253c33:   40 44 8b 84 19 6c 5f ee 00 41 89 40 48 8b 84 19
0x00007ffe4f253c43:   70 5f ee 00 41 89 40 4c 49 63 42 78 48 6b c8 34
0x00007ffe4f253c53:   8b 84 19 84 5f ee 00 41 89 40 50 8b 84 19 88 5f
0x00007ffe4f253c63:   ee 00 41 89 40 54 8b 84 19 8c 5f ee 00 41 89 40
0x00007ffe4f253c73:   58 8b 84 19 90 5f ee 00 41 89 40 5c 8b 84 19 74
0x00007ffe4f253c83:   5f ee 00 41 89 40 60 8b 84 19 78 5f ee 00 41 89
0x00007ffe4f253c93:   40 64 8b 84 19 7c 5f ee 00 41 89 40 68 8b 84 19
0x00007ffe4f253ca3:   80 5f ee 00 41 89 40 6c 8b 84 19 64 5f ee 00 41
0x00007ffe4f253cb3:   89 40 70 8b 84 19 68 5f ee 00 41 89 40 74 8b 84
0x00007ffe4f253cc3:   19 6c 5f ee 00 41 89 40 78 8b 84 19 70 5f ee 00
0x00007ffe4f253cd3:   41 89 40 7c 48 8b 42 18 8b 88 38 0b 00 00 f6 c1
0x00007ffe4f253ce3:   08 0f 84 86 00 00 00 8b 80 3c 0b 00 00 41 89 80
0x00007ffe4f253cf3:   80 00 00 00 48 8b 42 18 8b 88 40 0b 00 00 41 89
0x00007ffe4f253d03:   88 84 00 00 00 48 8b 42 18 8b 88 44 0b 00 00 41
0x00007ffe4f253d13:   89 88 88 00 00 00 48 8b 42 18 8b 88 48 0b 00 00
0x00007ffe4f253d23:   41 89 88 8c 00 00 00 48 8b 42 18 8b 88 4c 0b 00
0x00007ffe4f253d33:   00 41 89 88 90 00 00 00 48 8b 42 18 8b 88 50 0b
0x00007ffe4f253d43:   00 00 41 89 88 94 00 00 00 48 8b 42 18 8b 88 54 


Stack slot to memory mapping:
stack at sp + 0 slots: 0x00007ffe4f25138b ig9icd64.dll
stack at sp + 1 slots: 0x0000000000000001 is an unknown value
stack at sp + 2 slots: 0x0 is NULL
stack at sp + 3 slots: 0x000006967f7b5900 points into unknown readable memory: 0x0000000000000060 | 60 00 00 00 00 00 00 00
stack at sp + 4 slots: 0x00007ffec7a82572 igdgmm64.dll
stack at sp + 5 slots: 0x000000f200000065 is an unknown value
stack at sp + 6 slots: 0x000000f213cfe910 is pointing into the stack for thread: 0x0000069674805320
stack at sp + 7 slots: 0x0 is NULL


Compiled method (n/a)   18652 2180     n 0       sun.java2d.opengl.OGLRenderQueue::flushBuffer (native)
 total in heap  [0x000002705c943510,0x000002705c9438a8] = 920
 relocation     [0x000002705c943668,0x000002705c943698] = 48
 main code      [0x000002705c9436a0,0x000002705c9438a8] = 520

[Constant Pool (empty)]

[MachCode]
[Entry Point]
  # {method} {0x0000069675aca5c0} 'flushBuffer' '(JI)V' in 'sun/java2d/opengl/OGLRenderQueue'
  # this:     rdx:rdx   = 'sun/java2d/opengl/OGLRenderQueue'
  # parm0:    r8:r8     = long
  # parm1:    r9        = int
  #           [sp+0x70]  (sp of caller)
  0x000002705c9436a0: 448b 5208 | 493b c20f | 840b 0000 

  0x000002705c9436ac: ;   {runtime_call ic_miss_stub}
  0x000002705c9436ac: 00e9 ced9 | 9dff 660f | 1f44 0000 
[Verified Entry Point]
  0x000002705c9436b8: 8984 2400 | 90ff ff55 | 488b ec48 | 83ec 6048 | 8954 2420 | 4883 fa00 | 488d 5424 | 2048 0f44 
  0x000002705c9436d8: 5424 20c5 

  0x000002705c9436dc: ;   {internal_word}
  0x000002705c9436dc: f877 49ba | db36 945c | 7002 0000 | 4d89 97a0 | 0200 0049 | 89a7 9802 

  0x000002705c9436f4: ;   {external_word}
  0x000002705c9436f4: 0000 49ba | 3d29 1c86 | fe7f 0000 | 4180 3a00 | 0f84 5200 | 0000 5241 

  0x000002705c94370c: ;   {metadata({method} {0x0000069675aca5c0} 'flushBuffer' '(JI)V' in 'sun/java2d/opengl/OGLRenderQueue')}
  0x000002705c94370c: 5041 5148 | bab8 a5ac | 7596 0600 | 0049 8bcf | 4883 ec20 | f7c4 0f00 | 0000 0f84 | 1a00 0000 
  0x000002705c94372c: 4883 ec08 

  0x000002705c943730: ;   {runtime_call SharedRuntime::dtrace_method_entry}
  0x000002705c943730: 49ba b0ea | d185 fe7f | 0000 41ff | d248 83c4 | 08e9 0d00 

  0x000002705c943744: ;   {runtime_call SharedRuntime::dtrace_method_entry}
  0x000002705c943744: 0000 49ba | b0ea d185 | fe7f 0000 | 41ff d248 | 83c4 2041 | 5941 585a | 498d 8fb8 | 0200 0041 
  0x000002705c943764: c787 4803 | 0000 0400 

  0x000002705c94376c: ;   {runtime_call}
  0x000002705c94376c: 0000 49ba | 60fd 8f82 | fe7f 0000 | 41ff d2c5 | f877 41c7 | 8748 0300 | 0005 0000 | 00f0 8344 
  0x000002705c94378c: 24c0 0049 | 3baf 5003 | 0000 0f87 | 1100 0000 | 4181 bf38 | 0300 0000 | 0000 000f | 8421 0000 
  0x000002705c9437ac: 00c5 f877 | 498b cf4c | 8be4 4883 | ec20 4883 

  0x000002705c9437bc: ;   {runtime_call JavaThread::check_special_condition_for_native_trans}
  0x000002705c9437bc: e4f0 49ba | f008 e285 | fe7f 0000 | 41ff d249 | 8be4 41c7 | 8748 0300 | 0008 0000 | 0041 81bf 
  0x000002705c9437dc: b803 0000 | 0200 0000 | 0f84 9b00 

  0x000002705c9437e8: ;   {external_word}
  0x000002705c9437e8: 0000 49ba | 3d29 1c86 | fe7f 0000 | 4180 3a00 | 0f84 4800 

  0x000002705c9437fc: ;   {metadata({method} {0x0000069675aca5c0} 'flushBuffer' '(JI)V' in 'sun/java2d/opengl/OGLRenderQueue')}
  0x000002705c9437fc: 0000 48ba | b8a5 ac75 | 9606 0000 | 498b cf48 | 83ec 20f7 | c40f 0000 | 000f 841a | 0000 0048 
  0x000002705c94381c: ;   {runtime_call SharedRuntime::dtrace_method_entry}
  0x000002705c94381c: 83ec 0849 | bab0 ead1 | 85fe 7f00 | 0041 ffd2 | 4883 c408 | e90d 0000 

  0x000002705c943834: ;   {runtime_call SharedRuntime::dtrace_method_entry}
  0x000002705c943834: 0049 bab0 | ead1 85fe | 7f00 0041 | ffd2 4883 | c420 49c7 | 8798 0200 | 0000 0000 | 0049 c787 
  0x000002705c943854: a002 0000 | 0000 0000 | c5f8 7749 | 8b8f d800 | 0000 c781 | 0001 0000 | 0000 0000 | c949 817f 
  0x000002705c943874: 0800 0000 | 000f 8501 | 0000 00c3 

  0x000002705c943880: ;   {runtime_call StubRoutines (1)}
  0x000002705c943880: e97b d698 | ffc5 f877 | 4c8b e448 | 83ec 2048 

  0x000002705c943890: ;   {runtime_call SharedRuntime::reguard_yellow_pages}
  0x000002705c943890: 83e4 f049 | ba40 1bd2 | 85fe 7f00 | 0041 ffd2 | 498b e4e9 | 42ff ffff 
[/MachCode]


Compiled method (c1)   18735 2178       3       sun.java2d.opengl.OGLRenderQueue::flushBuffer (41 bytes)
 total in heap  [0x0000027055172090,0x00000270551726d8] = 1608
 relocation     [0x00000270551721e8,0x0000027055172250] = 104
 main code      [0x0000027055172260,0x0000027055172540] = 736
 stub code      [0x0000027055172540,0x0000027055172598] = 88
 metadata       [0x0000027055172598,0x00000270551725c0] = 40
 scopes data    [0x00000270551725c0,0x0000027055172610] = 80
 scopes pcs     [0x0000027055172610,0x00000270551726b0] = 160
 dependencies   [0x00000270551726b0,0x00000270551726b8] = 8
 nul chk table  [0x00000270551726b8,0x00000270551726d8] = 32

[Constant Pool (empty)]

[MachCode]
[Entry Point]
  # {method} {0x0000069675aca6b8} 'flushBuffer' '()V' in 'sun/java2d/opengl/OGLRenderQueue'
  #           [sp+0x70]  (sp of caller)
  0x0000027055172260: 448b 5208 

  0x0000027055172264: ;   {runtime_call ic_miss_stub}
  0x0000027055172264: 4c3b d00f | 8513 ee1a | 0766 6666 | 0f1f 8400 | 0000 0000 | 6666 6690 | 0f1f 4000 
[Verified Entry Point]
  0x0000027055172280: 8984 2400 | 90ff ff55 | 4883 ec60 

  0x000002705517228c: ;   {metadata(method data for {method} {0x0000069675aca6b8} 'flushBuffer' '()V' in 'sun/java2d/opengl/OGLRenderQueue')}
  0x000002705517228c: 49b8 38c2 | 2a76 9606 | 0000 458b | 88cc 0000 | 0041 83c1 | 0245 8988 | cc00 0000 | 4181 e1fe 
  0x00000270551722ac: 0700 0041 | 83f9 000f | 84d6 0100 | 004c 8b42 | 1049 3b00 

  0x00000270551722c0: ;   {metadata(method data for {method} {0x0000069675aca6b8} 'flushBuffer' '()V' in 'sun/java2d/opengl/OGLRenderQueue')}
  0x00000270551722c0: 4d8b c848 | be38 c22a | 7696 0600 | 0048 8386 | 1001 0000 

  0x00000270551722d4: ;   {metadata(method data for {method} {0x0000069675acccf0} 'position' '()I' in 'sun/java2d/pipe/RenderBuffer')}
  0x00000270551722d4: 0149 b910 | 2a27 7696 | 0600 0041 | 8bb1 cc00 | 0000 83c6 | 0241 89b1 | cc00 0000 | 81e6 feff 
  0x00000270551722f4: 1f00 83fe | 000f 84b6 | 0100 004d | 8b48 2049 | 8b70 104c | 2bce 458b | c941 83f9 

  0x0000027055172310: ;   {metadata(method data for {method} {0x0000069675aca6b8} 'flushBuffer' '()V' in 'sun/java2d/opengl/OGLRenderQueue')}
  0x0000027055172310: 0048 bf38 | c22a 7696 | 0600 0048 | bb48 0100 | 0000 0000 | 000f 8e0a | 0000 0048 | bb58 0100 
  0x0000027055172330: 0000 0000 | 0048 8b04 | 1f48 8d40 | 0148 8904 | 1f0f 8e42 

  0x0000027055172344: ;   {metadata(method data for {method} {0x0000069675aca6b8} 'flushBuffer' '()V' in 'sun/java2d/opengl/OGLRenderQueue')}
  0x0000027055172344: 0000 0048 | bf38 c22a | 7696 0600 | 0048 8387 | 6801 0000 | 014c 8bc2 

  0x000002705517235c: ;   {metadata(method data for {method} {0x0000069675aca6b8} 'flushBuffer' '()V' in 'sun/java2d/opengl/OGLRenderQueue')}
  0x000002705517235c: 48bf 38c2 | 2a76 9606 | 0000 4883 | 87a0 0100 | 0001 4c8b | c648 8bf2 | 488b d648 | 8974 2450 
  0x000002705517237c: ;   {optimized virtual_call}
  0x000002705517237c: 6666 90e8 

  0x0000027055172380: ; ImmutableOopMap {[80]=Oop }
                      ;*invokevirtual flushBuffer {reexecute=0 rethrow=0 return_oop=0}
                      ; - sun.java2d.opengl.OGLRenderQueue::flushBuffer@21 (line 150)
  0x0000027055172380: 3413 7d07 | 488b 5424 | 5048 8b72 | 1048 3b06 

  0x0000027055172390: ;   {metadata(method data for {method} {0x0000069675aca6b8} 'flushBuffer' '()V' in 'sun/java2d/opengl/OGLRenderQueue')}
  0x0000027055172390: 488b fe48 | bb38 c22a | 7696 0600 | 0048 8383 | d801 0000 

  0x00000270551723a4: ;   {metadata(method data for {method} {0x0000069675acce70} 'clear' '()V' in 'sun/java2d/pipe/RenderBuffer')}
  0x00000270551723a4: 0148 bfc0 | c42a 7696 | 0600 008b | 9fcc 0000 | 0083 c302 | 899f cc00 | 0000 81e3 | feff 1f00 
  0x00000270551723c4: 83fb 000f | 840e 0100 | 0048 8b7e | 1048 897e | 2048 8b52 | 1848 3b02 

  0x00000270551723dc: ;   {metadata(method data for {method} {0x0000069675aca6b8} 'flushBuffer' '()V' in 'sun/java2d/opengl/OGLRenderQueue')}
  0x00000270551723dc: 488b f248 | bf38 c22a | 7696 0600 | 008b 7608 | 483b b720 | 0200 0075 | 0d48 8387 | 2802 0000 
  0x00000270551723fc: 01e9 6600 | 0000 483b | b730 0200 | 0075 0d48 | 8387 3802 | 0000 01e9 | 5000 0000 | 4881 bf20 
  0x000002705517241c: 0200 0000 | 0000 0075 | 1748 89b7 | 2002 0000 | 48c7 8728 | 0200 0001 | 0000 00e9 | 2c00 0000 
  0x000002705517243c: 4881 bf30 | 0200 0000 | 0000 0075 | 1748 89b7 | 3002 0000 | 48c7 8738 | 0200 0001 | 0000 00e9 
  0x000002705517245c: 0800 0000 | 4883 8710 | 0200 0001 | 0f1f 4400 | 0048 b828 | 4e07 8000 

  0x0000027055172474: ;   {virtual_call}
  0x0000027055172474: 0000 00e8 

  0x0000027055172478: ; ImmutableOopMap {}
                      ;*invokeinterface clear {reexecute=0 rethrow=0 return_oop=0}
                      ; - sun.java2d.opengl.OGLRenderQueue::flushBuffer@35 (line 155)
  0x0000027055172478: 44f9 ffff | 4883 c460 

  0x0000027055172480: ;   {poll_return}
  0x0000027055172480: 5d49 3ba7 | 5003 0000 | 0f87 7300 

  0x000002705517248c: ;   {metadata({method} {0x0000069675aca6b8} 'flushBuffer' '()V' in 'sun/java2d/opengl/OGLRenderQueue')}
  0x000002705517248c: 0000 c349 | bab0 a6ac | 7596 0600 | 004c 8954 | 2408 48c7 | 0424 ffff 

  0x00000270551724a4: ;   {runtime_call counter_overflow Runtime1 stub}
  0x00000270551724a4: ffff e8d5 

  0x00000270551724a8: ; ImmutableOopMap {rdx=Oop }
                      ;*synchronization entry
                      ; - sun.java2d.opengl.OGLRenderQueue::flushBuffer@-1 (line 147)
  0x00000270551724a8: 6c25 07e9 | 09fe ffff 

  0x00000270551724b0: ;   {runtime_call throw_null_pointer_exception Runtime1 stub}
  0x00000270551724b0: e8eb 0f25 

  0x00000270551724b4: ; ImmutableOopMap {rdx=Oop r8=Oop }
                      ;*invokevirtual position {reexecute=0 rethrow=0 return_oop=0}
                      ; - sun.java2d.opengl.OGLRenderQueue::flushBuffer@4 (line 147)
                      ;   {metadata({method} {0x0000069675acccf0} 'position' '()I' in 'sun/java2d/pipe/RenderBuffer')}
  0x00000270551724b4: 0749 bae8 | ccac 7596 | 0600 004c | 8954 2408 | 48c7 0424 | ffff ffff 

  0x00000270551724cc: ;   {runtime_call counter_overflow Runtime1 stub}
  0x00000270551724cc: e8af 6c25 

  0x00000270551724d0: ; ImmutableOopMap {rdx=Oop r8=Oop }
                      ;*synchronization entry
                      ; - sun.java2d.pipe.RenderBuffer::position@-1 (line 110)
                      ; - sun.java2d.opengl.OGLRenderQueue::flushBuffer@4 (line 147)
  0x00000270551724d0: 07e9 29fe 

  0x00000270551724d4: ;   {runtime_call throw_null_pointer_exception Runtime1 stub}
  0x00000270551724d4: ffff e8c5 

  0x00000270551724d8: ; ImmutableOopMap {rdx=Oop rsi=Oop }
                      ;*invokevirtual clear {reexecute=0 rethrow=0 return_oop=0}
                      ; - sun.java2d.opengl.OGLRenderQueue::flushBuffer@28 (line 153)
                      ;   {metadata({method} {0x0000069675acce70} 'clear' '()V' in 'sun/java2d/pipe/RenderBuffer')}
  0x00000270551724d8: 0f25 0749 | ba68 ceac | 7596 0600 | 004c 8954 | 2408 48c7 | 0424 ffff 

  0x00000270551724f0: ;   {runtime_call counter_overflow Runtime1 stub}
  0x00000270551724f0: ffff e889 

  0x00000270551724f4: ; ImmutableOopMap {rdx=Oop rsi=Oop }
                      ;*synchronization entry
                      ; - sun.java2d.pipe.RenderBuffer::clear@-1 (line 118)
                      ; - sun.java2d.opengl.OGLRenderQueue::flushBuffer@28 (line 153)
  0x00000270551724f4: 6c25 07e9 | d1fe ffff 

  0x00000270551724fc: ;   {runtime_call throw_null_pointer_exception Runtime1 stub}
  0x00000270551724fc: e89f 0f25 

  0x0000027055172500: ; ImmutableOopMap {rdx=Oop }
                      ;*invokeinterface clear {reexecute=0 rethrow=0 return_oop=0}
                      ; - sun.java2d.opengl.OGLRenderQueue::flushBuffer@35 (line 155)
                      ;   {internal_word}
  0x0000027055172500: 0749 ba81 | 2417 5570 | 0200 004d | 8997 6803 

  0x0000027055172510: ;   {runtime_call SafepointBlob}
  0x0000027055172510: 0000 e9e9 | 541b 0790 | 9049 8b87 | e003 0000 | 49c7 87e0 | 0300 0000 | 0000 0049 | c787 e803 
  0x0000027055172530: 0000 0000 | 0000 4883 

  0x0000027055172538: ;   {runtime_call unwind_exception Runtime1 stub}
  0x0000027055172538: c460 5de9 | c02f 1c07 
[Stub Code]
  0x0000027055172540: ;   {no_reloc}
  0x0000027055172540: 0f1f 4400 

  0x0000027055172544: ;   {static_stub}
  0x0000027055172544: 0048 bbb8 | a5ac 7596 

  0x000002705517254c: ;   {runtime_call I2C/C2I adapters}
  0x000002705517254c: 0600 00e9 | 805d 1b07 

  0x0000027055172554: ;   {static_stub}
  0x0000027055172554: 9048 bb00 | 0000 0000 

  0x000002705517255c: ;   {runtime_call}
  0x000002705517255c: 0000 00e9 | fbff ffff 
[Exception Handler]
  0x0000027055172564: ;   {runtime_call handle_exception_from_callee Runtime1 stub}
  0x0000027055172564: e817 2d25 

  0x0000027055172568: ;   {external_word}
  0x0000027055172568: 0748 b990 | 6df6 85fe | 7f00 0048 

  0x0000027055172574: ;   {runtime_call MacroAssembler::debug64}
  0x0000027055172574: 83e4 f049 | ba30 dfbe | 85fe 7f00 | 0041 ffd2 

  0x0000027055172584: ;   {section_word}
  0x0000027055172584: f449 ba85 | 2517 5570 | 0200 0041 

  0x0000027055172590: ;   {runtime_call DeoptimizationBlob}
  0x0000027055172590: 52e9 0a47 | 1b07 f4f4 
[/MachCode]


---------------  P R O C E S S  ---------------

Threads class SMR info:
_java_thread_list=0x000006967f0c22e0, length=27, elements={
0x0000027065c06790, 0x0000027065c07610, 0x0000027065c273d0, 0x0000027065c27f90,
0x0000027065c60020, 0x0000027065c608f0, 0x0000027065c6af80, 0x0000027065c6b980,
0x0000027065c6e780, 0x0000027065d5df80, 0x0000069674611240, 0x0000069674611720,
0x0000069674805320, 0x000006967ef84de0, 0x000006967efc6b40, 0x000006967f24a430,
0x000006967f2a5c70, 0x000006967f536490, 0x000006967f535050, 0x000006967f5369a0,
0x000006967f535560, 0x000006967f535a70, 0x000006967f534b40, 0x000006967f534120,
0x000006967f8a2e10, 0x000006967f8a0590, 0x000006967f8a4c70
}

Java Threads: ( => current thread )
  0x0000027065c06790 JavaThread "Reference Handler" daemon [_thread_blocked, id=21572, stack(0x000000f212f00000,0x000000f213000000)]
  0x0000027065c07610 JavaThread "Finalizer" daemon [_thread_blocked, id=9472, stack(0x000000f213000000,0x000000f213100000)]
  0x0000027065c273d0 JavaThread "Signal Dispatcher" daemon [_thread_blocked, id=13128, stack(0x000000f213100000,0x000000f213200000)]
  0x0000027065c27f90 JavaThread "Attach Listener" daemon [_thread_blocked, id=28772, stack(0x000000f213200000,0x000000f213300000)]
  0x0000027065c60020 JavaThread "Service Thread" daemon [_thread_blocked, id=29416, stack(0x000000f213300000,0x000000f213400000)]
  0x0000027065c608f0 JavaThread "Monitor Deflation Thread" daemon [_thread_blocked, id=22664, stack(0x000000f213400000,0x000000f213500000)]
  0x0000027065c6af80 JavaThread "C2 CompilerThread0" daemon [_thread_blocked, id=25108, stack(0x000000f213500000,0x000000f213600000)]
  0x0000027065c6b980 JavaThread "C1 CompilerThread0" daemon [_thread_blocked, id=31764, stack(0x000000f213600000,0x000000f213700000)]
  0x0000027065c6e780 JavaThread "Sweeper thread" daemon [_thread_blocked, id=12832, stack(0x000000f213700000,0x000000f213800000)]
  0x0000027065d5df80 JavaThread "Common-Cleaner" daemon [_thread_blocked, id=19416, stack(0x000000f213800000,0x000000f213900000)]
  0x0000069674611240 JavaThread "Monitor Ctrl-Break" daemon [_thread_in_native, id=26376, stack(0x000000f213900000,0x000000f213a00000)]
  0x0000069674611720 JavaThread "Notification Thread" daemon [_thread_blocked, id=22680, stack(0x000000f213a00000,0x000000f213b00000)]
=>0x0000069674805320 JavaThread "Java2D Queue Flusher" daemon [_thread_in_native, id=22196, stack(0x000000f213c00000,0x000000f213d00000)]
  0x000006967ef84de0 JavaThread "Java2D Disposer" daemon [_thread_blocked, id=21612, stack(0x000000f214100000,0x000000f214200000)]
  0x000006967efc6b40 JavaThread "AWT-Windows" daemon [_thread_in_native, id=20860, stack(0x000000f214500000,0x000000f214600000)]
  0x000006967f24a430 JavaThread "Java Sound Event Dispatcher" daemon [_thread_blocked, id=15744, stack(0x000000f214f00000,0x000000f215000000)]
  0x000006967f2a5c70 JavaThread "Direct Clip" daemon [_thread_blocked, id=692, stack(0x000000f215200000,0x000000f215300000)]
  0x000006967f536490 JavaThread "Direct Clip" daemon [_thread_blocked, id=21768, stack(0x000000f215300000,0x000000f215400000)]
  0x000006967f535050 JavaThread "Direct Clip" daemon [_thread_blocked, id=13664, stack(0x000000f215400000,0x000000f215500000)]
  0x000006967f5369a0 JavaThread "Direct Clip" daemon [_thread_blocked, id=14424, stack(0x000000f215500000,0x000000f215600000)]
  0x000006967f535560 JavaThread "Direct Clip" daemon [_thread_blocked, id=4524, stack(0x000000f215600000,0x000000f215700000)]
  0x000006967f535a70 JavaThread "AWT-Shutdown" [_thread_blocked, id=30608, stack(0x000000f214400000,0x000000f214500000)]
  0x000006967f534b40 JavaThread "AWT-EventQueue-0" [_thread_blocked, id=18436, stack(0x000000f215700000,0x000000f215800000)]
  0x000006967f534120 JavaThread "DestroyJavaVM" [_thread_blocked, id=22352, stack(0x000000f212800000,0x000000f212900000)]
  0x000006967f8a2e10 JavaThread "Thread-0" [_thread_blocked, id=26296, stack(0x000000f215b00000,0x000000f215c00000)]
  0x000006967f8a0590 JavaThread "Test" [_thread_in_vm, id=5936, stack(0x000000f215c00000,0x000000f215d00000)]
  0x000006967f8a4c70 JavaThread "ToolkitShutdown" daemon [_thread_in_native, id=21736, stack(0x000000f216500000,0x000000f216600000)]

Other Threads:
  0x0000027065bfd3c0 VMThread "VM Thread" [stack: 0x000000f212e00000,0x000000f212f00000] [id=18604]
  0x0000069674557f20 WatcherThread [stack: 0x000000f213b00000,0x000000f213c00000] [id=26404]
  0x00000270512ab9e0 GCTaskThread "GC Thread#0" [stack: 0x000000f212900000,0x000000f212a00000] [id=30428]
  0x000006967f3526d0 GCTaskThread "GC Thread#1" [stack: 0x000000f214600000,0x000000f214700000] [id=26520]
  0x000006967f21e090 GCTaskThread "GC Thread#2" [stack: 0x000000f214700000,0x000000f214800000] [id=3796]
  0x000006967f21e350 GCTaskThread "GC Thread#3" [stack: 0x000000f214800000,0x000000f214900000] [id=2412]
  0x000006967f21e610 GCTaskThread "GC Thread#4" [stack: 0x000000f214900000,0x000000f214a00000] [id=26908]
  0x000006967f21bcc0 GCTaskThread "GC Thread#5" [stack: 0x000000f214a00000,0x000000f214b00000] [id=27180]
  0x000006967f24f150 GCTaskThread "GC Thread#6" [stack: 0x000000f214b00000,0x000000f214c00000] [id=13000]
  0x000006967f5d8a60 GCTaskThread "GC Thread#7" [stack: 0x000000f214c00000,0x000000f214d00000] [id=10016]
  0x000006967f479550 GCTaskThread "GC Thread#8" [stack: 0x000000f214d00000,0x000000f214e00000] [id=25968]
  0x000006967f479c20 GCTaskThread "GC Thread#9" [stack: 0x000000f214e00000,0x000000f214f00000] [id=10616]
  0x00000270512ad0a0 ConcurrentGCThread "G1 Main Marker" [stack: 0x000000f212a00000,0x000000f212b00000] [id=32260]
  0x00000270512aead0 ConcurrentGCThread "G1 Conc#0" [stack: 0x000000f212b00000,0x000000f212c00000] [id=13144]
  0x000006967f2f98e0 ConcurrentGCThread "G1 Conc#1" [stack: 0x000000f216200000,0x000000f216300000] [id=25824]
  0x000006967f339860 ConcurrentGCThread "G1 Conc#2" [stack: 0x000000f216300000,0x000000f216400000] [id=5684]
  0x00000270644ac790 ConcurrentGCThread "G1 Refine#0" [stack: 0x000000f212c00000,0x000000f212d00000] [id=6312]
  0x000006967f6be780 ConcurrentGCThread "G1 Refine#1" [stack: 0x000000f215d00000,0x000000f215e00000] [id=6460]
  0x000006967f91b8a0 ConcurrentGCThread "G1 Refine#2" [stack: 0x000000f215e00000,0x000000f215f00000] [id=27612]
  0x000006967f8ac130 ConcurrentGCThread "G1 Refine#3" [stack: 0x000000f215f00000,0x000000f216000000] [id=14992]
  0x00000696745e3400 ConcurrentGCThread "G1 Refine#4" [stack: 0x000000f216000000,0x000000f216100000] [id=6868]
  0x000006967f8cf350 ConcurrentGCThread "G1 Refine#5" [stack: 0x000000f216100000,0x000000f216200000] [id=9524]
  0x00000270644ad1c0 ConcurrentGCThread "G1 Service" [stack: 0x000000f212d00000,0x000000f212e00000] [id=12848]

Threads with active compile tasks:

VM state: not at safepoint (normal execution)

VM Mutex/Monitor currently owned by a thread: None

CDS archive(s) not mapped
Compressed class space mapped at: 0x0000000080000000-0x00000000c0000000, reserved size: 1073741824
Narrow klass base: 0x0000000000000000, Narrow klass shift: 0, Narrow klass range: 0xc0000000

GC Precious Log:
 CPUs: 12 total, 12 available
 Memory: 16254M
 Large Page Support: Disabled
 NUMA Support: Disabled
 Compressed Oops: Disabled
 Heap Region Size: 32M
 Heap Min Capacity: 32M
 Heap Initial Capacity: 256M
 Heap Max Capacity: 4096G
 Pre-touch: Disabled
 Parallel Workers: 10
 Concurrent Workers: 3
 Concurrent Refinement Workers: 10
 Periodic GC: Disabled

Heap:
 garbage-first heap   total 983040K, used 260719K [0x0000027066000000, 0x0000067066000000)
  region size 32768K, 3 young (98304K), 1 survivors (32768K)
 Metaspace       used 21418K, committed 21696K, reserved 1114112K
  class space    used 2187K, committed 2304K, reserved 1048576K

Heap Regions: E=young(eden), S=young(survivor), O=old, HS=humongous(starts), HC=humongous(continues), CS=collection set, F=free, OA=open archive, CA=closed archive, TAMS=top-at-mark-start (previous, next)
|   0|0x0000027066000000, 0x0000027068000000, 0x0000027068000000|100%| O|  |TAMS 0x0000027068000000, 0x0000027066000000| Untracked 
|   1|0x0000027068000000, 0x000002706a000000, 0x000002706a000000|100%|HS|  |TAMS 0x000002706a000000, 0x0000027068000000| Complete 
|   2|0x000002706a000000, 0x000002706c000000, 0x000002706c000000|100%| O|  |TAMS 0x000002706c000000, 0x000002706a000000| Untracked 
|   3|0x000002706c000000, 0x000002706e000000, 0x000002706e000000|100%| O|  |TAMS 0x000002706e000000, 0x000002706c000000| Untracked 
|   4|0x000002706e000000, 0x0000027070000000, 0x0000027070000000|100%| O|  |TAMS 0x0000027070000000, 0x000002706e000000| Untracked 
|   5|0x0000027070000000, 0x0000027072000000, 0x0000027072000000|100%| O|  |TAMS 0x0000027072000000, 0x0000027070000000| Untracked 
|   6|0x0000027072000000, 0x0000027073c61a00, 0x0000027074000000| 88%| O|  |TAMS 0x0000027072967600, 0x0000027072000000| Untracked 
|   7|0x0000027074000000, 0x0000027074000000, 0x0000027076000000|  0%| F|  |TAMS 0x0000027074000000, 0x0000027074000000| Untracked 
|   8|0x0000027076000000, 0x0000027076000000, 0x0000027078000000|  0%| F|  |TAMS 0x0000027076000000, 0x0000027076000000| Untracked 
|   9|0x0000027078000000, 0x0000027078000000, 0x000002707a000000|  0%| F|  |TAMS 0x0000027078000000, 0x0000027078000000| Untracked 
|  10|0x000002707a000000, 0x000002707a000000, 0x000002707c000000|  0%| F|  |TAMS 0x000002707a000000, 0x000002707a000000| Untracked 
|  11|0x000002707c000000, 0x000002707c000000, 0x000002707e000000|  0%| F|  |TAMS 0x000002707c000000, 0x000002707c000000| Untracked 
|  12|0x000002707e000000, 0x000002707e000000, 0x0000027080000000|  0%| F|  |TAMS 0x000002707e000000, 0x000002707e000000| Untracked 
|  13|0x0000027080000000, 0x0000027080000000, 0x0000027082000000|  0%| F|  |TAMS 0x0000027080000000, 0x0000027080000000| Untracked 
|  14|0x0000027082000000, 0x0000027082000000, 0x0000027084000000|  0%| F|  |TAMS 0x0000027082000000, 0x0000027082000000| Untracked 
|  15|0x0000027084000000, 0x0000027084000000, 0x0000027086000000|  0%| F|  |TAMS 0x0000027084000000, 0x0000027084000000| Untracked 
|  16|0x0000027086000000, 0x0000027086000000, 0x0000027088000000|  0%| F|  |TAMS 0x0000027086000000, 0x0000027086000000| Untracked 
|  17|0x0000027088000000, 0x0000027088000000, 0x000002708a000000|  0%| F|  |TAMS 0x0000027088000000, 0x0000027088000000| Untracked 
|  18|0x000002708a000000, 0x000002708a000000, 0x000002708c000000|  0%| F|  |TAMS 0x000002708a000000, 0x000002708a000000| Untracked 
|  19|0x000002708c000000, 0x000002708c000000, 0x000002708e000000|  0%| F|  |TAMS 0x000002708c000000, 0x000002708c000000| Untracked 
|  20|0x000002708e000000, 0x000002708e000000, 0x0000027090000000|  0%| F|  |TAMS 0x000002708e000000, 0x000002708e000000| Untracked 
|  21|0x0000027090000000, 0x0000027090000000, 0x0000027092000000|  0%| F|  |TAMS 0x0000027090000000, 0x0000027090000000| Untracked 
|  22|0x0000027092000000, 0x0000027092000000, 0x0000027094000000|  0%| F|  |TAMS 0x0000027092000000, 0x0000027092000000| Untracked 
|  23|0x0000027094000000, 0x0000027094000000, 0x0000027096000000|  0%| F|  |TAMS 0x0000027094000000, 0x0000027094000000| Untracked 
|  24|0x0000027096000000, 0x0000027096000000, 0x0000027098000000|  0%| F|  |TAMS 0x0000027096000000, 0x0000027096000000| Untracked 
|  25|0x0000027098000000, 0x0000027098000000, 0x000002709a000000|  0%| F|  |TAMS 0x0000027098000000, 0x0000027098000000| Untracked 
|  26|0x000002709a000000, 0x000002709a000000, 0x000002709c000000|  0%| F|  |TAMS 0x000002709a000000, 0x000002709a000000| Untracked 
|  27|0x000002709c000000, 0x000002709c990720, 0x000002709e000000| 29%| E|  |TAMS 0x000002709c000000, 0x000002709c000000| Complete 
|  30|0x00000270a2000000, 0x00000270a223a390, 0x00000270a4000000|  6%| S|CS|TAMS 0x00000270a2000000, 0x00000270a2000000| Complete 
|  31|0x00000270a4000000, 0x00000270a6000000, 0x00000270a6000000|100%| E|CS|TAMS 0x00000270a4000000, 0x00000270a4000000| Complete 

Card table byte_map: [0x000006726e010000,0x000006746e010000] _byte_map_base: 0x0000067135ce0000

Marking Bits (Prev, Next): (CMBitMap*) 0x00000270512ac040, (CMBitMap*) 0x00000270512ac000
 Prev Bits: [0x000006866e010000, 0x000006966e010000)
 Next Bits: [0x000006766e010000, 0x000006866e010000)

Polling page: 0x000002704f150000

Metaspace:

Usage:
  Non-class:     18.78 MB used.
      Class:      2.14 MB used.
       Both:     20.92 MB used.

Virtual space:
  Non-class space:       64.00 MB reserved,      18.94 MB ( 30%) committed,  1 nodes.
      Class space:        1.00 GB reserved,       2.25 MB ( <1%) committed,  1 nodes.
             Both:        1.06 GB reserved,      21.19 MB (  2%) committed. 

Chunk freelists:
   Non-Class:  12.97 MB
       Class:  13.74 MB
        Both:  26.71 MB

MaxMetaspaceSize: unlimited
CompressedClassSpaceSize: 1.00 GB
Initial GC threshold: 21.00 MB
Current GC threshold: 35.25 MB
CDS: off
MetaspaceReclaimPolicy: balanced
 - commit_granule_bytes: 65536.
 - commit_granule_words: 8192.
 - virtual_space_node_default_size: 8388608.
 - enlarge_chunks_in_place: 1.
 - new_chunks_are_fully_committed: 0.
 - uncommit_free_chunks: 1.
 - use_allocation_guard: 0.
 - handle_deallocations: 1.


Internal statistics:

num_allocs_failed_limit: 3.
num_arena_births: 238.
num_arena_deaths: 0.
num_vsnodes_births: 2.
num_vsnodes_deaths: 0.
num_space_committed: 339.
num_space_uncommitted: 0.
num_chunks_returned_to_freelist: 3.
num_chunks_taken_from_freelist: 349.
num_chunk_merges: 0.
num_chunk_splits: 197.
num_chunks_enlarged: 106.
num_inconsistent_stats: 0.

CodeHeap 'non-profiled nmethods': size=120000Kb used=1067Kb max_used=1067Kb free=118932Kb
 bounds [0x000002705c870000, 0x000002705cae0000, 0x0000027063da0000]
CodeHeap 'profiled nmethods': size=120000Kb used=4432Kb max_used=4432Kb free=115567Kb
 bounds [0x0000027054da0000, 0x0000027055200000, 0x000002705c2d0000]
CodeHeap 'non-nmethods': size=5760Kb used=1309Kb max_used=1381Kb free=4450Kb
 bounds [0x000002705c2d0000, 0x000002705c540000, 0x000002705c870000]
 total_blobs=3047 nmethods=2398 adapters=562
 compilation: enabled
              stopped_count=0, restarted_count=0
 full_count=0

Compilation events (20 events):
Event: 16.120 Thread 0x0000027065c6af80 2389   !   4       sun.awt.PostEventQueue::flush (168 bytes)
Event: 16.285 Thread 0x0000027065c6af80 nmethod 2389 0x000002705c96fb90 code [0x000002705c970100, 0x000002705c9777e8]
Event: 16.285 Thread 0x0000027065c6af80 2390       4       java.lang.StrictMath::floorOrCeil (128 bytes)
Event: 16.286 Thread 0x0000027065c6af80 nmethod 2390 0x000002705c97a410 code [0x000002705c97a5a0, 0x000002705c97a698]
Event: 16.545 Thread 0x0000027065c6b980 2391       3       sun.font.GlyphList::dispose (48 bytes)
Event: 16.545 Thread 0x0000027065c6b980 nmethod 2391 0x00000270551f0f90 code [0x00000270551f1140, 0x00000270551f1418]
Event: 16.545 Thread 0x0000027065c6b980 2392       3       java.util.concurrent.atomic.AtomicBoolean::set (14 bytes)
Event: 16.545 Thread 0x0000027065c6b980 nmethod 2392 0x00000270551f1510 code [0x00000270551f16a0, 0x00000270551f1818]
Event: 16.589 Thread 0x0000027065c6b980 2393  s    3       java.awt.AWTKeyStroke::getCachedStroke (159 bytes)
Event: 16.590 Thread 0x0000027065c6b980 nmethod 2393 0x00000270551f1890 code [0x00000270551f1bc0, 0x00000270551f2cc8]
Event: 16.590 Thread 0x0000027065c6b980 2394       3       java.awt.AWTKeyStroke::mapOldModifiers (69 bytes)
Event: 16.590 Thread 0x0000027065c6b980 nmethod 2394 0x00000270551f3390 code [0x00000270551f3520, 0x00000270551f3778]
Event: 16.850 Thread 0x0000027065c6b980 2395       1       java.awt.Window::isShowing (5 bytes)
Event: 16.850 Thread 0x0000027065c6b980 nmethod 2395 0x000002705c97a790 code [0x000002705c97a920, 0x000002705c97a9f8]
Event: 17.026 Thread 0x0000027065c6b980 2396       3       java.awt.Container::postProcessKeyEvent (15 bytes)
Event: 17.026 Thread 0x0000027065c6b980 nmethod 2396 0x00000270551f3810 code [0x00000270551f39c0, 0x00000270551f3bc8]
Event: 17.478 Thread 0x0000027065c6b980 2397       3       java.util.Collections$UnmodifiableCollection::contains (11 bytes)
Event: 17.478 Thread 0x0000027065c6b980 nmethod 2397 0x00000270551f3c90 code [0x00000270551f3e40, 0x00000270551f4008]
Event: 17.610 Thread 0x0000027065c6b980 2398       1       javax.swing.JComponent$IntVector::size (5 bytes)
Event: 17.610 Thread 0x0000027065c6b980 nmethod 2398 0x000002705c97aa90 code [0x000002705c97ac20, 0x000002705c97acf8]

GC Heap History (20 events):
Event: 1.020 GC heap before
{Heap before GC invocations=0 (full 0):
 garbage-first heap   total 262144K, used 32768K [0x0000027066000000, 0x0000067066000000)
  region size 32768K, 1 young (32768K), 0 survivors (0K)
 Metaspace       used 15897K, committed 16064K, reserved 1114112K
  class space    used 1494K, committed 1600K, reserved 1048576K
}
Event: 1.045 GC heap after
{Heap after GC invocations=1 (full 0):
 garbage-first heap   total 262144K, used 6458K [0x0000027066000000, 0x0000067066000000)
  region size 32768K, 1 young (32768K), 1 survivors (32768K)
 Metaspace       used 15897K, committed 16064K, reserved 1114112K
  class space    used 1494K, committed 1600K, reserved 1048576K
}
Event: 1.143 GC heap before
{Heap before GC invocations=1 (full 0):
 garbage-first heap   total 262144K, used 6458K [0x0000027066000000, 0x0000067066000000)
  region size 32768K, 2 young (65536K), 1 survivors (32768K)
 Metaspace       used 16505K, committed 16768K, reserved 1114112K
  class space    used 1552K, committed 1664K, reserved 1048576K
}
Event: 1.149 GC heap after
{Heap after GC invocations=2 (full 0):
 garbage-first heap   total 262144K, used 15292K [0x0000027066000000, 0x0000067066000000)
  region size 32768K, 1 young (32768K), 1 survivors (32768K)
 Metaspace       used 16505K, committed 16768K, reserved 1114112K
  class space    used 1552K, committed 1664K, reserved 1048576K
}
Event: 1.434 GC heap before
{Heap before GC invocations=2 (full 0):
 garbage-first heap   total 262144K, used 48060K [0x0000027066000000, 0x0000067066000000)
  region size 32768K, 2 young (65536K), 1 survivors (32768K)
 Metaspace       used 16513K, committed 16768K, reserved 1114112K
  class space    used 1552K, committed 1664K, reserved 1048576K
}
Event: 1.445 GC heap after
{Heap after GC invocations=3 (full 0):
 garbage-first heap   total 262144K, used 31322K [0x0000027066000000, 0x0000067066000000)
  region size 32768K, 1 young (32768K), 1 survivors (32768K)
 Metaspace       used 16513K, committed 16768K, reserved 1114112K
  class space    used 1552K, committed 1664K, reserved 1048576K
}
Event: 1.479 GC heap before
{Heap before GC invocations=3 (full 0):
 garbage-first heap   total 262144K, used 31322K [0x0000027066000000, 0x0000067066000000)
  region size 32768K, 2 young (65536K), 1 survivors (32768K)
 Metaspace       used 16513K, committed 16768K, reserved 1114112K
  class space    used 1552K, committed 1664K, reserved 1048576K
}
Event: 1.491 GC heap after
{Heap after GC invocations=4 (full 0):
 garbage-first heap   total 262144K, used 47396K [0x0000027066000000, 0x0000067066000000)
  region size 32768K, 1 young (32768K), 1 survivors (32768K)
 Metaspace       used 16513K, committed 16768K, reserved 1114112K
  class space    used 1552K, committed 1664K, reserved 1048576K
}
Event: 1.646 GC heap before
{Heap before GC invocations=4 (full 0):
 garbage-first heap   total 262144K, used 80164K [0x0000027066000000, 0x0000067066000000)
  region size 32768K, 2 young (65536K), 1 survivors (32768K)
 Metaspace       used 16864K, committed 17152K, reserved 1114112K
  class space    used 1603K, committed 1728K, reserved 1048576K
}
Event: 1.660 GC heap after
{Heap after GC invocations=5 (full 0):
 garbage-first heap   total 524288K, used 89043K [0x0000027066000000, 0x0000067066000000)
  region size 32768K, 1 young (32768K), 1 survivors (32768K)
 Metaspace       used 16864K, committed 17152K, reserved 1114112K
  class space    used 1603K, committed 1728K, reserved 1048576K
}
Event: 1.691 GC heap before
{Heap before GC invocations=5 (full 0):
 garbage-first heap   total 524288K, used 89043K [0x0000027066000000, 0x0000067066000000)
  region size 32768K, 2 young (65536K), 1 survivors (32768K)
 Metaspace       used 16867K, committed 17152K, reserved 1114112K
  class space    used 1603K, committed 1728K, reserved 1048576K
}
Event: 1.702 GC heap after
{Heap after GC invocations=6 (full 0):
 garbage-first heap   total 524288K, used 146656K [0x0000027066000000, 0x0000067066000000)
  region size 32768K, 1 young (32768K), 1 survivors (32768K)
 Metaspace       used 16867K, committed 17152K, reserved 1114112K
  class space    used 1603K, committed 1728K, reserved 1048576K
}
Event: 1.930 GC heap before
{Heap before GC invocations=6 (full 0):
 garbage-first heap   total 524288K, used 179424K [0x0000027066000000, 0x0000067066000000)
  region size 32768K, 2 young (65536K), 1 survivors (32768K)
 Metaspace       used 16962K, committed 17152K, reserved 1114112K
  class space    used 1619K, committed 1728K, reserved 1048576K
}
Event: 1.947 GC heap after
{Heap after GC invocations=7 (full 0):
 garbage-first heap   total 524288K, used 173703K [0x0000027066000000, 0x0000067066000000)
  region size 32768K, 1 young (32768K), 1 survivors (32768K)
 Metaspace       used 16962K, committed 17152K, reserved 1114112K
  class space    used 1619K, committed 1728K, reserved 1048576K
}
Event: 2.265 GC heap before
{Heap before GC invocations=7 (full 0):
 garbage-first heap   total 524288K, used 206471K [0x0000027066000000, 0x0000067066000000)
  region size 32768K, 2 young (65536K), 1 survivors (32768K)
 Metaspace       used 16977K, committed 17152K, reserved 1114112K
  class space    used 1621K, committed 1728K, reserved 1048576K
}
Event: 2.288 GC heap after
{Heap after GC invocations=8 (full 0):
 garbage-first heap   total 524288K, used 205567K [0x0000027066000000, 0x0000067066000000)
  region size 32768K, 1 young (32768K), 1 survivors (32768K)
 Metaspace       used 16977K, committed 17152K, reserved 1114112K
  class space    used 1621K, committed 1728K, reserved 1048576K
}
Event: 7.326 GC heap before
{Heap before GC invocations=8 (full 0):
 garbage-first heap   total 524288K, used 238335K [0x0000027066000000, 0x0000067066000000)
  region size 32768K, 2 young (65536K), 1 survivors (32768K)
 Metaspace       used 21171K, committed 21440K, reserved 1114112K
  class space    used 2169K, committed 2304K, reserved 1048576K
}
Event: 7.340 GC heap after
{Heap after GC invocations=9 (full 0):
 garbage-first heap   total 1048576K, used 225878K [0x0000027066000000, 0x0000067066000000)
  region size 32768K, 1 young (32768K), 1 survivors (32768K)
 Metaspace       used 21171K, committed 21440K, reserved 1114112K
  class space    used 2169K, committed 2304K, reserved 1048576K
}
Event: 9.099 GC heap before
{Heap before GC invocations=9 (full 0):
 garbage-first heap   total 1048576K, used 225878K [0x0000027066000000, 0x0000067066000000)
  region size 32768K, 2 young (65536K), 1 survivors (32768K)
 Metaspace       used 21244K, committed 21504K, reserved 1114112K
  class space    used 2169K, committed 2304K, reserved 1048576K
}
Event: 9.107 GC heap after
{Heap after GC invocations=10 (full 0):
 garbage-first heap   total 1048576K, used 227951K [0x0000027066000000, 0x0000067066000000)
  region size 32768K, 1 young (32768K), 1 survivors (32768K)
 Metaspace       used 21244K, committed 21504K, reserved 1114112K
  class space    used 2169K, committed 2304K, reserved 1048576K
}

Dll operation events (3 events):
Event: 0.007 Loaded shared library C:\Users\bader\.jdks\jbrsdk_jcef-17.0.9\bin\java.dll
Event: 0.100 Loaded shared library C:\Users\bader\.jdks\jbrsdk_jcef-17.0.9\bin\jsvml.dll
Event: 0.186 Loaded shared library C:\Users\bader\.jdks\jbrsdk_jcef-17.0.9\bin\zip.dll

Deoptimization events (20 events):
Event: 9.130 Thread 0x000006967f8a2e10 DEOPT PACKING pc=0x000002705c931cf8 sp=0x000000f215bfeb00
Event: 9.130 Thread 0x000006967f8a2e10 DEOPT UNPACKING pc=0x000002705c3269a3 sp=0x000000f215bfea80 mode 2
Event: 9.147 Thread 0x000006967f8a2e10 Uncommon trap: trap_request=0xffffffde fr.pc=0x000002705c931d14 relative=0x0000000000000154
Event: 9.147 Thread 0x000006967f8a2e10 Uncommon trap: reason=class_check action=maybe_recompile pc=0x000002705c931d14 method=sun.java2d.SurfaceDataProxy.replaceData(Lsun/java2d/SurfaceData;ILsun/java2d/loops/CompositeType;Ljava/awt/Color;)Lsun/java2d/SurfaceData; @ 108 c2
Event: 9.147 Thread 0x000006967f8a2e10 DEOPT PACKING pc=0x000002705c931d14 sp=0x000000f215bfeb50
Event: 9.147 Thread 0x000006967f8a2e10 DEOPT UNPACKING pc=0x000002705c3269a3 sp=0x000000f215bfeaa8 mode 2
Event: 9.283 Thread 0x000006967f8a2e10 Uncommon trap: trap_request=0xffffff45 fr.pc=0x000002705c92a7b0 relative=0x00000000000005d0
Event: 9.283 Thread 0x000006967f8a2e10 Uncommon trap: reason=unstable_if action=reinterpret pc=0x000002705c92a7b0 method=sun.awt.image.SurfaceManager.getCacheData(Ljava/lang/Object;)Ljava/lang/Object; @ 4 c2
Event: 9.283 Thread 0x000006967f8a2e10 DEOPT PACKING pc=0x000002705c92a7b0 sp=0x000000f215bfeba0
Event: 9.283 Thread 0x000006967f8a2e10 DEOPT UNPACKING pc=0x000002705c3269a3 sp=0x000000f215bfeaf8 mode 2
Event: 9.284 Thread 0x000006967f8a2e10 Uncommon trap: trap_request=0xffffff5c fr.pc=0x000002705c94dd0c relative=0x00000000000005ec
Event: 9.284 Thread 0x000006967f8a2e10 Uncommon trap: reason=speculate_null_check action=make_not_entrant pc=0x000002705c94dd0c method=java.util.Objects.hashCode(Ljava/lang/Object;)I @ 1 c2
Event: 9.284 Thread 0x000006967f8a2e10 DEOPT PACKING pc=0x000002705c94dd0c sp=0x000000f215bfe8c0
Event: 9.284 Thread 0x000006967f8a2e10 DEOPT UNPACKING pc=0x000002705c3269a3 sp=0x000000f215bfe590 mode 2
Event: 9.284 Thread 0x000006967f8a2e10 Uncommon trap: trap_request=0xffffff45 fr.pc=0x000002705c946dfc relative=0x0000000000001e5c
Event: 9.284 Thread 0x000006967f8a2e10 Uncommon trap: reason=unstable_if action=reinterpret pc=0x000002705c946dfc method=sun.java2d.pipe.BufferedContext.validate(Lsun/java2d/pipe/hw/AccelSurface;Lsun/java2d/pipe/hw/AccelSurface;Lsun/java2d/pipe/Region;Ljava/awt/Composite;Ljava/awt/geom/AffineT
Event: 9.284 Thread 0x000006967f8a2e10 DEOPT PACKING pc=0x000002705c946dfc sp=0x000000f215bfe770
Event: 9.284 Thread 0x000006967f8a2e10 DEOPT UNPACKING pc=0x000002705c3269a3 sp=0x000000f215bfe6f8 mode 2
Event: 10.489 Thread 0x000006967f8a2e10 DEOPT PACKING pc=0x0000027055163e0d sp=0x000000f215bff0e0
Event: 10.489 Thread 0x000006967f8a2e10 DEOPT UNPACKING pc=0x000002705c327143 sp=0x000000f215bfe660 mode 0

Classes unloaded (0 events):
No events

Classes redefined (0 events):
No events

Internal exceptions (20 events):
Event: 0.969 Thread 0x00000270511ee330 Exception <a 'java/lang/NoSuchMethodError'{0x000002707574d8a8}: 'int java.lang.invoke.DirectMethodHandle$Holder.invokeStaticInit(java.lang.Object, double, double)'> (0x000002707574d8a8) 
thrown [s\src\hotspot\share\interpreter\linkResolver.cpp, line 771]
Event: 0.970 Thread 0x00000270511ee330 Exception <a 'java/lang/NoSuchMethodError'{0x0000027075753378}: 'int java.lang.invoke.DirectMethodHandle$Holder.invokeStatic(java.lang.Object, long)'> (0x0000027075753378) 
thrown [s\src\hotspot\share\interpreter\linkResolver.cpp, line 771]
Event: 0.973 Thread 0x00000270511ee330 Exception <a 'java/lang/NoSuchMethodError'{0x0000027075781e68}: 'int java.lang.invoke.Invokers$Holder.linkToTargetMethod(java.lang.Object, java.lang.Object)'> (0x0000027075781e68) 
thrown [s\src\hotspot\share\interpreter\linkResolver.cpp, line 771]
Event: 2.493 Thread 0x00000270511ee330 Exception <a 'java/lang/NoSuchMethodError'{0x0000027084f23790}: 'void java.lang.invoke.DirectMethodHandle$Holder.invokeStaticInit(java.lang.Object)'> (0x0000027084f23790) 
thrown [s\src\hotspot\share\interpreter\linkResolver.cpp, line 771]
Event: 2.528 Thread 0x000006967f534b40 Exception <a 'java/lang/NoSuchMethodError'{0x0000027084fed120}: 'void java.lang.invoke.DirectMethodHandle$Holder.invokeSpecial(java.lang.Object, java.lang.Object, java.lang.Object)'> (0x0000027084fed120) 
thrown [s\src\hotspot\share\interpreter\linkResolver.cpp, line 771]
Event: 2.534 Thread 0x000006967f534b40 Exception <a 'java/lang/NoSuchMethodError'{0x0000027085025aa8}: 'java.lang.Object java.lang.invoke.DirectMethodHandle$Holder.newInvokeSpecial(java.lang.Object, java.lang.Object, java.lang.Object, java.lang.Object, java.lang.Object)'> (0x0000027085025aa8) 
thrown [s\src\hotspot\share\interpreter\linkResolver.cpp, line 771]
Event: 2.536 Thread 0x000006967f534b40 Exception <a 'java/lang/NoSuchMethodError'{0x0000027085034368}: 'java.lang.Object java.lang.invoke.DirectMethodHandle$Holder.invokeStatic(java.lang.Object, int, java.lang.Object, java.lang.Object, java.lang.Object, java.lang.Object)'> (0x0000027085034368) 
thrown [s\src\hotspot\share\interpreter\linkResolver.cpp, line 771]
Event: 2.561 Thread 0x000006967f534b40 Exception <a 'java/lang/ClassNotFoundException'{0x00000270851f6798}: com/sun/swing/internal/plaf/metal/resources/spi/metalProvider> (0x00000270851f6798) 
thrown [s\src\hotspot\share\classfile\systemDictionary.cpp, line 256]
Event: 2.562 Thread 0x000006967f534b40 Exception <a 'java/lang/ClassNotFoundException'{0x00000270851fc6f0}: com/sun/swing/internal/plaf/basic/resources/spi/basicProvider> (0x00000270851fc6f0) 
thrown [s\src\hotspot\share\classfile\systemDictionary.cpp, line 256]
Event: 2.565 Thread 0x000006967f534b40 Exception <a 'java/lang/NoSuchMethodError'{0x0000027085220db0}: 'java.lang.Object java.lang.invoke.Invokers$Holder.linkToTargetMethod(java.lang.Object, int, java.lang.Object, java.lang.Object, java.lang.Object)'> (0x0000027085220db0) 
thrown [s\src\hotspot\share\interpreter\linkResolver.cpp, line 771]
Event: 2.596 Thread 0x000006967efc6b40 Exception <a 'java/lang/NoSuchMethodError'{0x00000270852cfb58}: 'void java.lang.invoke.DirectMethodHandle$Holder.invokeVirtual(java.lang.Object, java.lang.Object)'> (0x00000270852cfb58) 
thrown [s\src\hotspot\share\interpreter\linkResolver.cpp, line 771]
Event: 2.629 Thread 0x000006967f534b40 Exception <a 'java/lang/NoSuchMethodError'{0x00000270852a4150}: 'java.lang.Object java.lang.invoke.DirectMethodHandle$Holder.newInvokeSpecial(java.lang.Object, java.lang.Object, int, int, int, int)'> (0x00000270852a4150) 
thrown [s\src\hotspot\share\interpreter\linkResolver.cpp, line 771]
Event: 2.635 Thread 0x000006967f534b40 Exception <a 'java/lang/NoSuchMethodError'{0x00000270852b5ea0}: 'void java.lang.invoke.DirectMethodHandle$Holder.invokeSpecial(java.lang.Object, java.lang.Object, int, int)'> (0x00000270852b5ea0) 
thrown [s\src\hotspot\share\interpreter\linkResolver.cpp, line 771]
Event: 2.636 Thread 0x000006967f534b40 Exception <a 'java/lang/NoSuchMethodError'{0x00000270852bdd08}: 'java.lang.Object java.lang.invoke.DirectMethodHandle$Holder.newInvokeSpecial(java.lang.Object, java.lang.Object, int, int)'> (0x00000270852bdd08) 
thrown [s\src\hotspot\share\interpreter\linkResolver.cpp, line 771]
Event: 2.878 Thread 0x000006967f534b40 Exception <a 'java/lang/NoSuchMethodError'{0x0000027085419ea0}: 'java.lang.Object java.lang.invoke.Invokers$Holder.invoke_MT(java.lang.Object, java.lang.Object, java.lang.Object)'> (0x0000027085419ea0) 
thrown [s\src\hotspot\share\interpreter\linkResolver.cpp, line 771]
Event: 2.882 Thread 0x000006967f534b40 Exception <a 'java/lang/NoSuchMethodError'{0x00000270854283b0}: 'int java.lang.invoke.Invokers$Holder.invoke_MT(java.lang.Object, java.lang.Object, java.lang.Object)'> (0x00000270854283b0) 
thrown [s\src\hotspot\share\interpreter\linkResolver.cpp, line 771]
Event: 9.113 Thread 0x000006967f8a2e10 Implicit null exception at 0x000002705c933626 to 0x000002705c93525c
Event: 9.115 Thread 0x000006967f8a2e10 Implicit null exception at 0x000002705c922a2d to 0x000002705c923540
Event: 9.284 Thread 0x000006967f8a2e10 Implicit null exception at 0x000002705c94d76a to 0x000002705c94dcfc
Event: 9.284 Thread 0x000006967f8a2e10 Implicit null exception at 0x000002705c945540 to 0x000002705c946da4

VM Operations (20 events):
Event: 9.099 Executing VM operation: CollectForMetadataAllocation
Event: 9.107 Executing VM operation: CollectForMetadataAllocation done
Event: 9.157 Executing VM operation: G1PauseRemark
Event: 9.159 Executing VM operation: G1PauseRemark done
Event: 9.174 Executing VM operation: G1PauseCleanup
Event: 9.174 Executing VM operation: G1PauseCleanup done
Event: 10.186 Executing VM operation: Cleanup
Event: 10.186 Executing VM operation: Cleanup done
Event: 11.187 Executing VM operation: Cleanup
Event: 11.187 Executing VM operation: Cleanup done
Event: 13.201 Executing VM operation: Cleanup
Event: 13.201 Executing VM operation: Cleanup done
Event: 14.209 Executing VM operation: Cleanup
Event: 14.209 Executing VM operation: Cleanup done
Event: 15.210 Executing VM operation: Cleanup
Event: 15.210 Executing VM operation: Cleanup done
Event: 16.222 Executing VM operation: Cleanup
Event: 16.223 Executing VM operation: Cleanup done
Event: 17.234 Executing VM operation: Cleanup
Event: 17.234 Executing VM operation: Cleanup done

Events (20 events):
Event: 9.111 loading class javax/swing/JInternalFrame done
Event: 9.111 loading class javax/swing/KeyboardManager
Event: 9.111 loading class javax/swing/KeyboardManager done
Event: 9.111 loading class javax/swing/Popup$HeavyWeightWindow
Event: 9.111 loading class sun/awt/ModalExclude
Event: 9.111 loading class sun/awt/ModalExclude done
Event: 9.111 loading class javax/swing/JWindow
Event: 9.111 loading class javax/swing/JWindow done
Event: 9.111 loading class javax/swing/Popup$HeavyWeightWindow done
Event: 18.507 Thread 0x000006967f8a4760 Thread added: 0x000006967f8a4760
Event: 18.507 Thread 0x000006967f8a4c70 Thread added: 0x000006967f8a4c70
Event: 18.507 Thread 0x000006967f8a1ee0 Thread added: 0x000006967f8a1ee0
Event: 18.507 loading class sun/font/SunFontManager$8$1
Event: 18.508 loading class sun/font/SunFontManager$8$1 done
Event: 18.508 loading class java/util/WeakHashMap$KeyIterator
Event: 18.508 loading class java/util/WeakHashMap$HashIterator
Event: 18.508 loading class java/util/WeakHashMap$HashIterator done
Event: 18.508 loading class java/util/WeakHashMap$KeyIterator done
Event: 18.508 Thread 0x000006967f8a1ee0 Thread exited: 0x000006967f8a1ee0
Event: 18.511 Thread 0x000006967f8a4760 Thread exited: 0x000006967f8a4760


Dynamic libraries:
0x00007ff61f330000 - 0x00007ff61f33a000 	C:\Users\bader\.jdks\jbrsdk_jcef-17.0.9\bin\java.exe
0x00007ffed6e90000 - 0x00007ffed7088000 	C:\Windows\SYSTEM32\ntdll.dll
0x00007ffed4f20000 - 0x00007ffed4fe2000 	C:\Windows\System32\KERNEL32.DLL
0x00007ffed4960000 - 0x00007ffed4c5e000 	C:\Windows\System32\KERNELBASE.dll
0x00007ffed4db0000 - 0x00007ffed4eb0000 	C:\Windows\System32\ucrtbase.dll
0x00007ffec22a0000 - 0x00007ffec22b7000 	C:\Users\bader\.jdks\jbrsdk_jcef-17.0.9\bin\jli.dll
0x00007ffec2250000 - 0x00007ffec226b000 	C:\Users\bader\.jdks\jbrsdk_jcef-17.0.9\bin\VCRUNTIME140.dll
0x00007ffed6bd0000 - 0x00007ffed6d6d000 	C:\Windows\System32\USER32.dll
0x00007ffed4650000 - 0x00007ffed4672000 	C:\Windows\System32\win32u.dll
0x00007ffeba210000 - 0x00007ffeba4aa000 	C:\Windows\WinSxS\amd64_microsoft.windows.common-controls_6595b64144ccf1df_6.0.19041.4355_none_60b8b9eb71f62e16\COMCTL32.dll
0x00007ffed61a0000 - 0x00007ffed61cb000 	C:\Windows\System32\GDI32.dll
0x00007ffed67d0000 - 0x00007ffed686e000 	C:\Windows\System32\msvcrt.dll
0x00007ffed4530000 - 0x00007ffed4647000 	C:\Windows\System32\gdi32full.dll
0x00007ffed4d10000 - 0x00007ffed4dad000 	C:\Windows\System32\msvcp_win.dll
0x00007ffed6100000 - 0x00007ffed612f000 	C:\Windows\System32\IMM32.DLL
0x00007ffecf590000 - 0x00007ffecf59c000 	C:\Users\bader\.jdks\jbrsdk_jcef-17.0.9\bin\vcruntime140_1.dll
0x00007ffeabc70000 - 0x00007ffeabcfd000 	C:\Users\bader\.jdks\jbrsdk_jcef-17.0.9\bin\msvcp140.dll
0x00007ffe85630000 - 0x00007ffe862b2000 	C:\Users\bader\.jdks\jbrsdk_jcef-17.0.9\bin\server\jvm.dll
0x00007ffed6d90000 - 0x00007ffed6e41000 	C:\Windows\System32\ADVAPI32.dll
0x00007ffed5e40000 - 0x00007ffed5edf000 	C:\Windows\System32\sechost.dll
0x00007ffed62a0000 - 0x00007ffed63c3000 	C:\Windows\System32\RPCRT4.dll
0x00007ffed4760000 - 0x00007ffed4787000 	C:\Windows\System32\bcrypt.dll
0x00007ffed3a60000 - 0x00007ffed3aab000 	C:\Windows\SYSTEM32\POWRPROF.dll
0x00007ffebb4b0000 - 0x00007ffebb4b9000 	C:\Windows\SYSTEM32\WSOCK32.dll
0x00007ffeb9a40000 - 0x00007ffeb9a67000 	C:\Windows\SYSTEM32\WINMM.dll
0x00007ffed6090000 - 0x00007ffed60fb000 	C:\Windows\System32\WS2_32.dll
0x00007ffecd650000 - 0x00007ffecd65a000 	C:\Windows\SYSTEM32\VERSION.dll
0x00007ffed3930000 - 0x00007ffed3942000 	C:\Windows\SYSTEM32\UMPDC.dll
0x00007ffed23b0000 - 0x00007ffed23c2000 	C:\Windows\SYSTEM32\kernel.appcore.dll
0x00007ffec2220000 - 0x00007ffec222a000 	C:\Users\bader\.jdks\jbrsdk_jcef-17.0.9\bin\jimage.dll
0x00007ffed1cc0000 - 0x00007ffed1ea4000 	C:\Windows\SYSTEM32\DBGHELP.DLL
0x00007ffec4470000 - 0x00007ffec44a4000 	C:\Windows\SYSTEM32\dbgcore.DLL
0x00007ffed46d0000 - 0x00007ffed4752000 	C:\Windows\System32\bcryptPrimitives.dll
0x00007ffecbf50000 - 0x00007ffecbf5e000 	C:\Users\bader\.jdks\jbrsdk_jcef-17.0.9\bin\instrument.dll
0x00007ffeac4c0000 - 0x00007ffeac4e5000 	C:\Users\bader\.jdks\jbrsdk_jcef-17.0.9\bin\java.dll
0x00007ffec2020000 - 0x00007ffec2038000 	C:\Users\bader\.jdks\jbrsdk_jcef-17.0.9\bin\zip.dll
0x00007ffeabb10000 - 0x00007ffeabbe7000 	C:\Users\bader\.jdks\jbrsdk_jcef-17.0.9\bin\jsvml.dll
0x00007ffed4ff0000 - 0x00007ffed575d000 	C:\Windows\System32\SHELL32.dll
0x00007ffed25b0000 - 0x00007ffed2d54000 	C:\Windows\SYSTEM32\windows.storage.dll
0x00007ffed6870000 - 0x00007ffed6bc3000 	C:\Windows\System32\combase.dll
0x00007ffed3f60000 - 0x00007ffed3f8e000 	C:\Windows\SYSTEM32\Wldp.dll
0x00007ffed61d0000 - 0x00007ffed629d000 	C:\Windows\System32\OLEAUT32.dll
0x00007ffed65c0000 - 0x00007ffed666d000 	C:\Windows\System32\SHCORE.dll
0x00007ffed6560000 - 0x00007ffed65b5000 	C:\Windows\System32\shlwapi.dll
0x00007ffed4460000 - 0x00007ffed4484000 	C:\Windows\SYSTEM32\profapi.dll
0x00007ffec1fb0000 - 0x00007ffec1fc9000 	C:\Users\bader\.jdks\jbrsdk_jcef-17.0.9\bin\net.dll
0x00007ffeccc80000 - 0x00007ffeccd8d000 	C:\Windows\SYSTEM32\WINHTTP.dll
0x00007ffed3cc0000 - 0x00007ffed3d2a000 	C:\Windows\system32\mswsock.dll
0x00007ffeb12e0000 - 0x00007ffeb12f6000 	C:\Users\bader\.jdks\jbrsdk_jcef-17.0.9\bin\nio.dll
0x00007ffebdf00000 - 0x00007ffebdf1a000 	C:\Program Files\JetBrains\IntelliJ IDEA Community Edition 2023.3.6\bin\breakgen64.dll
0x00007ffe828a0000 - 0x00007ffe82a3a000 	C:\Users\bader\.jdks\jbrsdk_jcef-17.0.9\bin\awt.dll
0x00007ffeb6770000 - 0x00007ffeb67b4000 	C:\Users\bader\.jdks\jbrsdk_jcef-17.0.9\bin\nvdaControllerClient64.dll
0x00007ffed20b0000 - 0x00007ffed20df000 	C:\Windows\SYSTEM32\dwmapi.dll
0x00007ffecf1c0000 - 0x00007ffecf254000 	C:\Windows\SYSTEM32\apphelp.dll
0x00007ffeb81e0000 - 0x00007ffeb8308000 	C:\Windows\system32\opengl32.dll
0x00007ffeb7c60000 - 0x00007ffeb7c8c000 	C:\Windows\SYSTEM32\GLU32.dll
0x00007ffed1090000 - 0x00007ffed112e000 	C:\Windows\system32\uxtheme.dll
0x00007ffed5bd0000 - 0x00007ffed5ce5000 	C:\Windows\System32\MSCTF.dll
0x00007ffed5cf0000 - 0x00007ffed5d99000 	C:\Windows\System32\clbcatq.dll
0x00007ffe4e890000 - 0x00007ffe4f85a000 	C:\Windows\System32\DriverStore\FileRepository\iigd_dch.inf_amd64_5d54dd32fa1ef4d4\ig9icd64.dll
0x00007ffed6430000 - 0x00007ffed655b000 	C:\Windows\System32\ole32.dll
0x00007ffed2dc0000 - 0x00007ffed2eb6000 	C:\Windows\system32\dxgi.dll
0x00007ffec7a80000 - 0x00007ffec7cbf000 	C:\Windows\System32\DriverStore\FileRepository\iigd_dch.inf_amd64_5d54dd32fa1ef4d4\igdgmm64.dll
0x00007ffec4eb0000 - 0x00007ffec7a79000 	C:\Windows\System32\DriverStore\FileRepository\iigd_dch.inf_amd64_5d54dd32fa1ef4d4\igc64.dll
0x00007ffe6af50000 - 0x00007ffe6b35c000 	C:\Windows\System32\DriverStore\FileRepository\iigd_dch.inf_amd64_5d54dd32fa1ef4d4\igdml64.dll
0x00007ffed3ec0000 - 0x00007ffed3ed8000 	C:\Windows\SYSTEM32\CRYPTSP.dll
0x00007ffed3570000 - 0x00007ffed35a4000 	C:\Windows\system32\rsaenh.dll
0x00007ffed4420000 - 0x00007ffed444e000 	C:\Windows\SYSTEM32\USERENV.dll
0x00007ffed3eb0000 - 0x00007ffed3ebc000 	C:\Windows\SYSTEM32\CRYPTBASE.dll
0x00007ffed3950000 - 0x00007ffed398b000 	C:\Windows\SYSTEM32\IPHLPAPI.DLL
0x00007ffed5e30000 - 0x00007ffed5e38000 	C:\Windows\System32\NSI.dll
0x00007ffecc960000 - 0x00007ffecc977000 	C:\Windows\SYSTEM32\dhcpcsvc6.DLL
0x00007ffeccbf0000 - 0x00007ffeccc0d000 	C:\Windows\SYSTEM32\dhcpcsvc.DLL
0x00007ffed3990000 - 0x00007ffed3a5a000 	C:\Windows\SYSTEM32\DNSAPI.dll
0x00007ffeaba00000 - 0x00007ffeaba87000 	C:\Users\bader\.jdks\jbrsdk_jcef-17.0.9\bin\freetype.dll
0x00007ffe864a0000 - 0x00007ffe86577000 	C:\Users\bader\.jdks\jbrsdk_jcef-17.0.9\bin\fontmanager.dll
0x00007ffebdc70000 - 0x00007ffebdc82000 	C:\Users\bader\.jdks\jbrsdk_jcef-17.0.9\bin\jsound.dll
0x00007ffeb9bf0000 - 0x00007ffeb9c8c000 	C:\Windows\SYSTEM32\DSOUND.dll
0x00007ffec02f0000 - 0x00007ffec0316000 	C:\Windows\SYSTEM32\winmmbase.dll
0x00007ffecce00000 - 0x00007ffecce85000 	C:\Windows\System32\MMDevApi.dll
0x00007ffed42c0000 - 0x00007ffed42f3000 	C:\Windows\System32\DEVOBJ.dll
0x00007ffed4680000 - 0x00007ffed46ce000 	C:\Windows\System32\cfgmgr32.dll
0x00007ffeb5080000 - 0x00007ffeb50c6000 	C:\Windows\SYSTEM32\wdmaud.drv
0x00007ffecf4e0000 - 0x00007ffecf4e9000 	C:\Windows\SYSTEM32\ksuser.dll
0x00007ffeced00000 - 0x00007ffeced0a000 	C:\Windows\SYSTEM32\AVRT.dll
0x00007ffecce90000 - 0x00007ffecd011000 	C:\Windows\SYSTEM32\AUDIOSES.DLL
0x00007ffeb5070000 - 0x00007ffeb507d000 	C:\Windows\SYSTEM32\msacm32.drv
0x00007ffeb5050000 - 0x00007ffeb506e000 	C:\Windows\SYSTEM32\MSACM32.dll
0x00007ffeb5040000 - 0x00007ffeb504b000 	C:\Windows\SYSTEM32\midimap.dll
0x00007ffed1fb0000 - 0x00007ffed1fc4000 	C:\Windows\SYSTEM32\resourcepolicyclient.dll
0x00007ffeb1a60000 - 0x00007ffeb1c05000 	C:\Windows\WinSxS\amd64_microsoft.windows.gdiplus_6595b64144ccf1df_1.1.19041.4597_none_91a78020cc854124\gdiplus.dll
0x00007ffebfdd0000 - 0x00007ffebfec9000 	C:\Windows\SYSTEM32\textinputframework.dll
0x00007ffecea50000 - 0x00007ffeceb42000 	C:\Windows\System32\CoreMessaging.dll
0x00007ffece6e0000 - 0x00007ffecea3b000 	C:\Windows\System32\CoreUIComponents.dll
0x00007ffed12c0000 - 0x00007ffed1417000 	C:\Windows\SYSTEM32\wintypes.dll
0x00007ffed37c0000 - 0x00007ffed37f3000 	C:\Windows\SYSTEM32\ntmarta.dll
0x00007ffeb7e70000 - 0x00007ffeb8165000 	C:\Windows\System32\uiautomationcore.dll
0x00007ffed1880000 - 0x00007ffed1976000 	C:\Windows\System32\PROPSYS.dll
0x00007ffeb8170000 - 0x00007ffeb81d6000 	C:\Windows\System32\OLEACC.dll

dbghelp: loaded successfully - version: 4.0.5 - missing functions: none
symbol engine: initialized successfully - sym options: 0x614 - pdb path: .;C:\Users\bader\.jdks\jbrsdk_jcef-17.0.9\bin;C:\Windows\SYSTEM32;C:\Windows\WinSxS\amd64_microsoft.windows.common-controls_6595b64144ccf1df_6.0.19041.4355_none_60b8b9eb71f62e16;C:\Users\bader\.jdks\jbrsdk_jcef-17.0.9\bin\server;C:\Program Files\JetBrains\IntelliJ IDEA Community Edition 2023.3.6\bin;C:\Windows\System32\DriverStore\FileRepository\iigd_dch.inf_amd64_5d54dd32fa1ef4d4;C:\Windows\WinSxS\amd64_microsoft.windows.gdiplus_6595b64144ccf1df_1.1.19041.4597_none_91a78020cc854124

VM Arguments:
jvm_args: -Xmx3072g -Xmx4096g -Dsun.java2d.opengl=true -XX:ErrorFile=logs/hs_err_pid%p.log -javaagent:C:\Program Files\JetBrains\IntelliJ IDEA Community Edition 2023.3.6\lib\idea_rt.jar=62430:C:\Program Files\JetBrains\IntelliJ IDEA Community Edition 2023.3.6\bin -Dfile.encoding=UTF-8 
java_command: net.sendback.Main
java_class_path (initial): C:\Users\bader\OneDrive\Bureau\Idea\GTS_PRojekt\target\classes
Launcher Type: SUN_STANDARD

[Global flags]
     intx CICompilerCount                          = 4                                         {product} {ergonomic}
     uint ConcGCThreads                            = 3                                         {product} {ergonomic}
    ccstr ErrorFile                                = logs/hs_err_pid%p.log                     {product} {command line}
     uint G1ConcRefinementThreads                  = 10                                        {product} {ergonomic}
   size_t G1HeapRegionSize                         = 33554432                                  {product} {ergonomic}
    uintx GCDrainStackTargetSize                   = 64                                        {product} {ergonomic}
   size_t InitialHeapSize                          = 268435456                                 {product} {ergonomic}
   size_t MarkStackSize                            = 4194304                                   {product} {ergonomic}
   size_t MaxHeapSize                              = 4398046511104                             {product} {command line}
   size_t MaxNewSize                               = 2638821195776                             {product} {ergonomic}
   size_t MinHeapDeltaBytes                        = 33554432                                  {product} {ergonomic}
   size_t MinHeapSize                              = 33554432                                  {product} {ergonomic}
    uintx NonNMethodCodeHeapSize                   = 5839372                                {pd product} {ergonomic}
    uintx NonProfiledCodeHeapSize                  = 122909434                              {pd product} {ergonomic}
    uintx ProfiledCodeHeapSize                     = 122909434                              {pd product} {ergonomic}
    uintx ReservedCodeCacheSize                    = 251658240                              {pd product} {ergonomic}
     bool SegmentedCodeCache                       = true                                      {product} {ergonomic}
   size_t SoftMaxHeapSize                          = 4398046511104                          {manageable} {ergonomic}
     bool UseCompressedClassPointers               = true                           {product lp64_product} {ergonomic}
     bool UseG1GC                                  = true                                      {product} {ergonomic}
     bool UseLargePagesIndividualAllocation        = false                                  {pd product} {ergonomic}

Logging:
Log output configuration:
 #0: stdout all=warning uptime,level,tags
 #1: stderr all=off uptime,level,tags

Environment Variables:
PATH=C:\Program Files\Common Files\Oracle\Java\javapath;C:\Windows\system32;C:\Windows;C:\Windows\System32\Wbem;C:\Windows\System32\WindowsPowerShell\v1.0\;C:\Windows\System32\OpenSSH\;C:\Program Files (x86)\NVIDIA Corporation\PhysX\Common;C:\Program Files\dotnet\;C:\Users\bader\AppData\Local\Microsoft\WindowsApps;C:\Users\bader\AppData\Local\GitHubDesktop\bin
USERNAME=bader
OS=Windows_NT
PROCESSOR_IDENTIFIER=Intel64 Family 6 Model 158 Stepping 10, GenuineIntel
TMP=C:\Users\bader\AppData\Local\Temp
TEMP=C:\Users\bader\AppData\Local\Temp



Periodic native trim disabled

JNI global refs:
JNI global refs: 136, weak refs: 113

JNI global refs memory usage: 2107, weak refs: 2105

OOME stack traces (most recent first):
Classloader memory used:
Loader bootstrap                                                                       : 2651K
Loader jdk.internal.loader.ClassLoaders$AppClassLoader                                 : 25925B
Loader jdk.internal.loader.ClassLoaders$PlatformClassLoader                            : 764B


---------------  S Y S T E M  ---------------

OS:
 Windows 10 , 64 bit Build 19041 (10.0.19041.5072)
OS uptime: 7 days 5:18 hours

CPU: total 12 (initial active 12) (6 cores per cpu, 2 threads per core) family 6 model 158 stepping 10 microcode 0xf0, cx8, cmov, fxsr, ht, mmx, 3dnowpref, sse, sse2, sse3, ssse3, sse4.1, sse4.2, popcnt, lzcnt, tsc, tscinvbit, avx, avx2, aes, erms, clmul, bmi1, bmi2, adx, fma, vzeroupper, clflush, clflushopt
Processor Information for all 12 processors :
  Max Mhz: 2592, Current Mhz: 2592, Mhz Limit: 2592

Memory: 4k page, system-wide physical 16254M (3961M free)
TotalPageFile size 18942M (AvailPageFile size 2791M)
current process WorkingSet (physical memory assigned to process): 764M, peak: 764M
current process commit charge ("private bytes"): 1432M, peak: 1489M

vm_info: OpenJDK 64-Bit Server VM (17.0.9+8-b1166.2) for windows-amd64 JRE (17.0.9+8-b1166.2), built on 2024-01-13 by "builduser" with MS VC++ 16.10 / 16.11 (VS2019)

END.
