#
# A fatal error has been detected by the Java Runtime Environment:
#
#  EXCEPTION_ACCESS_VIOLATION (0xc0000005) at pc=0x00007ffe419b3c53, pid=30748, tid=28372
#
# JRE version: OpenJDK Runtime Environment JBR-17.0.9+8-1166.2-jcef (17.0.9+8) (build 17.0.9+8-b1166.2)
# Java VM: OpenJDK 64-Bit Server VM JBR-17.0.9+8-1166.2-jcef (17.0.9+8-b1166.2, mixed mode, tiered, compressed class ptrs, g1 gc, windows-amd64)
# Problematic frame:
# C  [ig9icd64.dll+0x9c3c53]
#
# No core dump will be written. Minidumps are not enabled by default on client versions of Windows
#
# If you would like to submit a bug report, please visit:
#   https://youtrack.jetbrains.com/issues/JBR
# The crash happened outside the Java Virtual Machine in native code.
# See problematic frame for where to report the bug.
#

---------------  S U M M A R Y ------------

Command Line: -Xmx3072g -Xmx4096g -Dsun.java2d.opengl=true -XX:ErrorFile=logs/hs_err_pid%p.log -javaagent:C:\Program Files\JetBrains\IntelliJ IDEA Community Edition 2023.3.6\lib\idea_rt.jar=54381:C:\Program Files\JetBrains\IntelliJ IDEA Community Edition 2023.3.6\bin -Dfile.encoding=UTF-8 net.sendback.Main

Host: Intel(R) Core(TM) i7-9750H CPU @ 2.60GHz, 12 cores, 15G,  Windows 10 , 64 bit Build 19041 (10.0.19041.5072)
Time: Fri Nov  8 20:11:17 2024 Mitteleuropäische Zeit elapsed time: 9.134026 seconds (0d 0h 0m 9s)

---------------  T H R E A D  ---------------

Current thread (0x0000063814362180):  JavaThread "Java2D Queue Flusher" daemon [_thread_in_native, id=28372, stack(0x0000004dde200000,0x0000004dde300000)]

Stack: [0x0000004dde200000,0x0000004dde300000],  sp=0x0000004dde2fe628,  free space=1017k
Native frames: (J=compiled Java code, j=interpreted, Vv=VM code, C=native code)
C  [ig9icd64.dll+0x9c3c53]

Java frames: (J=compiled Java code, j=interpreted, Vv=VM code)
j  sun.java2d.opengl.OGLRenderQueue.flushBuffer(JI)V+0 java.desktop
j  sun.java2d.opengl.OGLRenderQueue.flushBuffer()V+21 java.desktop
j  sun.java2d.opengl.OGLRenderQueue$QueueFlusher.run()V+81 java.desktop
j  java.lang.Thread.run()V+11 java.base@17.0.9
v  ~StubRoutines::call_stub

siginfo: EXCEPTION_ACCESS_VIOLATION (0xc0000005), reading address 0xffffffffffffffff


Registers:
RAX=0x000000000fff0fff, RBX=0x00007ffe40ff0000, RCX=0x000000033fcf3fcc, RDX=0x0000004dde2feb40
RSP=0x0000004dde2fe628, RBP=0x0000004dde2fe730, RSI=0x000006381a584180, RDI=0x0000004dde2fe930
R8 =0x0000004dde2fe760, R9 =0x0000004dde2feb40, R10=0x0000004dde2fe930, R11=0x0000000000000000
R12=0x00007ffe41e1a420, R13=0x0000000000000000, R14=0x0000000000000000, R15=0x00000000000001c1
RIP=0x00007ffe419b3c53, EFLAGS=0x0000000000010206


Register to memory mapping:

RIP=0x00007ffe419b3c53 ig9icd64.dll
RAX=0x000000000fff0fff is an unknown value
RBX=0x00007ffe40ff0000 ig9icd64.dll
RCX=0x000000033fcf3fcc is an unknown value
RDX=0x0000004dde2feb40 is pointing into the stack for thread: 0x0000063814362180
RSP=0x0000004dde2fe628 is pointing into the stack for thread: 0x0000063814362180
RBP=0x0000004dde2fe730 is pointing into the stack for thread: 0x0000063814362180
RSI=0x000006381a584180 points into unknown readable memory: 0x000006381438d080 | 80 d0 38 14 38 06 00 00
RDI=0x0000004dde2fe930 is pointing into the stack for thread: 0x0000063814362180
R8 =0x0000004dde2fe760 is pointing into the stack for thread: 0x0000063814362180
R9 =0x0000004dde2feb40 is pointing into the stack for thread: 0x0000063814362180
R10=0x0000004dde2fe930 is pointing into the stack for thread: 0x0000063814362180
R11=0x0 is NULL
R12=0x00007ffe41e1a420 ig9icd64.dll
R13=0x0 is NULL
R14=0x0 is NULL
R15=0x00000000000001c1 is an unknown value


Top of Stack: (sp=0x0000004dde2fe628)
0x0000004dde2fe628:   00007ffe419b138b 0000000000000001
0x0000004dde2fe638:   0000000000000000 000006381ab0d100
0x0000004dde2fe648:   00007ffec7a82572 0000004d00000065
0x0000004dde2fe658:   0000004dde2fe860 0000000000000000
0x0000004dde2fe668:   000006381ad51c10 0000000000000000
0x0000004dde2fe678:   000006381b2afdb0 000006381ab0d1b0
0x0000004dde2fe688:   0000000000000fb0 0000000000000000
0x0000004dde2fe698:   0000000000000000 0000004dde2fe810
0x0000004dde2fe6a8:   00007ffe41649070 0000000000000000
0x0000004dde2fe6b8:   0000000000000000 0000000000000000
0x0000004dde2fe6c8:   0000000000000000 0000dd465e6c0ee6
0x0000004dde2fe6d8:   00007ffe410064e5 000006381ab0d1b0
0x0000004dde2fe6e8:   0000000000004001 0000000000000200
0x0000004dde2fe6f8:   00007ffed6ebb86b 0000000001930190
0x0000004dde2fe708:   000000000000006d 000006381a7a4a70
0x0000004dde2fe718:   0000000000000000 0000000000000000
0x0000004dde2fe728:   00007ffe419b1c62 0000000000000000
0x0000004dde2fe738:   00000211fe8d1140 0000004dde2fea30
0x0000004dde2fe748:   00000211fe8d0000 00000211fe8d02b4
0x0000004dde2fe758:   000006381ad51c10 00007ffe41cbf020
0x0000004dde2fe768:   0000000e00000000 0000001a00000018
0x0000004dde2fe778:   00000fff00000000 437f0000437f0000
0x0000004dde2fe788:   437f0000437f0000 0000ff0000ff0000
0x0000004dde2fe798:   ff000000000000ff 0000000800000010
0x0000004dde2fe7a8:   0000001800000000 0000000000000000
0x0000004dde2fe7b8:   0000000000000000 0000000000000000
0x0000004dde2fe7c8:   0000000000000000 0000000000000000
0x0000004dde2fe7d8:   0000000000000000 0000000000000000
0x0000004dde2fe7e8:   0000000000000000 0000000000000000
0x0000004dde2fe7f8:   0000000000000000 0000000000000000
0x0000004dde2fe808:   0000000000000000 0000000000000000
0x0000004dde2fe818:   0000000000000000 0000000000000000 

Instructions: (pc=0x00007ffe419b3c53)
0x00007ffe419b3b53:   a1 b6 30 00 48 89 51 08 48 89 01 8b 44 24 28 89
0x00007ffe419b3b63:   41 20 8b 44 24 30 89 41 24 48 8b c1 4c 89 41 10
0x00007ffe419b3b73:   4c 89 49 18 c3 cc cc cc cc cc cc cc cc 48 89 5c
0x00007ffe419b3b83:   24 08 8b 41 5c 48 8d 1d 71 c4 63 ff 41 89 40 08
0x00007ffe419b3b93:   4c 8b d1 8b 41 60 45 33 db 41 89 40 0c 4c 8b ca
0x00007ffe419b3ba3:   8b 41 64 41 89 40 10 8b 41 68 41 89 40 14 8b 41
0x00007ffe419b3bb3:   6c 41 89 40 18 8b 41 70 41 89 40 1c 48 63 41 74
0x00007ffe419b3bc3:   48 6b c8 34 8b 84 19 84 5f ee 00 41 89 40 20 8b
0x00007ffe419b3bd3:   84 19 88 5f ee 00 41 89 40 24 8b 84 19 8c 5f ee
0x00007ffe419b3be3:   00 41 89 40 28 8b 84 19 90 5f ee 00 41 89 40 2c
0x00007ffe419b3bf3:   8b 84 19 74 5f ee 00 41 89 40 30 8b 84 19 78 5f
0x00007ffe419b3c03:   ee 00 41 89 40 34 8b 84 19 7c 5f ee 00 41 89 40
0x00007ffe419b3c13:   38 8b 84 19 80 5f ee 00 41 89 40 3c 8b 84 19 64
0x00007ffe419b3c23:   5f ee 00 41 89 40 40 8b 84 19 68 5f ee 00 41 89
0x00007ffe419b3c33:   40 44 8b 84 19 6c 5f ee 00 41 89 40 48 8b 84 19
0x00007ffe419b3c43:   70 5f ee 00 41 89 40 4c 49 63 42 78 48 6b c8 34
0x00007ffe419b3c53:   8b 84 19 84 5f ee 00 41 89 40 50 8b 84 19 88 5f
0x00007ffe419b3c63:   ee 00 41 89 40 54 8b 84 19 8c 5f ee 00 41 89 40
0x00007ffe419b3c73:   58 8b 84 19 90 5f ee 00 41 89 40 5c 8b 84 19 74
0x00007ffe419b3c83:   5f ee 00 41 89 40 60 8b 84 19 78 5f ee 00 41 89
0x00007ffe419b3c93:   40 64 8b 84 19 7c 5f ee 00 41 89 40 68 8b 84 19
0x00007ffe419b3ca3:   80 5f ee 00 41 89 40 6c 8b 84 19 64 5f ee 00 41
0x00007ffe419b3cb3:   89 40 70 8b 84 19 68 5f ee 00 41 89 40 74 8b 84
0x00007ffe419b3cc3:   19 6c 5f ee 00 41 89 40 78 8b 84 19 70 5f ee 00
0x00007ffe419b3cd3:   41 89 40 7c 48 8b 42 18 8b 88 38 0b 00 00 f6 c1
0x00007ffe419b3ce3:   08 0f 84 86 00 00 00 8b 80 3c 0b 00 00 41 89 80
0x00007ffe419b3cf3:   80 00 00 00 48 8b 42 18 8b 88 40 0b 00 00 41 89
0x00007ffe419b3d03:   88 84 00 00 00 48 8b 42 18 8b 88 44 0b 00 00 41
0x00007ffe419b3d13:   89 88 88 00 00 00 48 8b 42 18 8b 88 48 0b 00 00
0x00007ffe419b3d23:   41 89 88 8c 00 00 00 48 8b 42 18 8b 88 4c 0b 00
0x00007ffe419b3d33:   00 41 89 88 90 00 00 00 48 8b 42 18 8b 88 50 0b
0x00007ffe419b3d43:   00 00 41 89 88 94 00 00 00 48 8b 42 18 8b 88 54 


Stack slot to memory mapping:
stack at sp + 0 slots: 0x00007ffe419b138b ig9icd64.dll
stack at sp + 1 slots: 0x0000000000000001 is an unknown value
stack at sp + 2 slots: 0x0 is NULL
stack at sp + 3 slots: 0x000006381ab0d100 points into unknown readable memory: 0x0000000000000000 | 00 00 00 00 00 00 00 00
stack at sp + 4 slots: 0x00007ffec7a82572 igdgmm64.dll
stack at sp + 5 slots: 0x0000004d00000065 is an unknown value
stack at sp + 6 slots: 0x0000004dde2fe860 is pointing into the stack for thread: 0x0000063814362180
stack at sp + 7 slots: 0x0 is NULL


---------------  P R O C E S S  ---------------

Threads class SMR info:
_java_thread_list=0x000006380fa0c4d0, length=44, elements={
0x000006380f889270, 0x000006380f88a000, 0x000006380f85b580, 0x000006380f85c050,
0x000006380f8ae010, 0x000006380f8ae8e0, 0x000006380f8af4e0, 0x000006380f8b2e10,
0x000006380f8bec30, 0x00000211fff7d2b0, 0x00000638140997d0, 0x0000063814099cb0,
0x0000063814362180, 0x000006381a7b95b0, 0x000006381ac99070, 0x000006381ad273c0,
0x000006381ad2b400, 0x000006381acefba0, 0x000006381aceec70, 0x000006381acef180,
0x000006381acee760, 0x000006381acef690, 0x000006381acf00b0, 0x000006381acf05c0,
0x000006381acf0ad0, 0x000006381acf14f0, 0x000006381acf0fe0, 0x000006381acf1a00,
0x000006381acee250, 0x000006381ad424e0, 0x000006381ad42f00, 0x000006381ad466b0,
0x000006381ad44850, 0x000006381ad41fd0, 0x000006381ad461a0, 0x000006381ad40170,
0x000006381ad40b90, 0x000006381ad40680, 0x000006381ad415b0, 0x000006381ad410a0,
0x000006381ad44d60, 0x000006381ad46bc0, 0x000006381ad45780, 0x000006381ad43920
}

Java Threads: ( => current thread )
  0x000006380f889270 JavaThread "Reference Handler" daemon [_thread_blocked, id=26940, stack(0x0000004ddd500000,0x0000004ddd600000)]
  0x000006380f88a000 JavaThread "Finalizer" daemon [_thread_blocked, id=34136, stack(0x0000004ddd600000,0x0000004ddd700000)]
  0x000006380f85b580 JavaThread "Signal Dispatcher" daemon [_thread_blocked, id=20116, stack(0x0000004ddd700000,0x0000004ddd800000)]
  0x000006380f85c050 JavaThread "Attach Listener" daemon [_thread_blocked, id=26772, stack(0x0000004ddd800000,0x0000004ddd900000)]
  0x000006380f8ae010 JavaThread "Service Thread" daemon [_thread_blocked, id=35052, stack(0x0000004ddd900000,0x0000004ddda00000)]
  0x000006380f8ae8e0 JavaThread "Monitor Deflation Thread" daemon [_thread_blocked, id=30740, stack(0x0000004ddda00000,0x0000004dddb00000)]
  0x000006380f8af4e0 JavaThread "C2 CompilerThread0" daemon [_thread_blocked, id=23492, stack(0x0000004dddb00000,0x0000004dddc00000)]
  0x000006380f8b2e10 JavaThread "C1 CompilerThread0" daemon [_thread_blocked, id=34560, stack(0x0000004dddc00000,0x0000004dddd00000)]
  0x000006380f8bec30 JavaThread "Sweeper thread" daemon [_thread_blocked, id=34572, stack(0x0000004dddd00000,0x0000004ddde00000)]
  0x00000211fff7d2b0 JavaThread "Common-Cleaner" daemon [_thread_blocked, id=7148, stack(0x0000004ddde00000,0x0000004dddf00000)]
  0x00000638140997d0 JavaThread "Monitor Ctrl-Break" daemon [_thread_in_native, id=17640, stack(0x0000004dddf00000,0x0000004dde000000)]
  0x0000063814099cb0 JavaThread "Notification Thread" daemon [_thread_blocked, id=40816, stack(0x0000004dde000000,0x0000004dde100000)]
=>0x0000063814362180 JavaThread "Java2D Queue Flusher" daemon [_thread_in_native, id=28372, stack(0x0000004dde200000,0x0000004dde300000)]
  0x000006381a7b95b0 JavaThread "Java2D Disposer" daemon [_thread_blocked, id=13896, stack(0x0000004dde700000,0x0000004dde800000)]
  0x000006381ac99070 JavaThread "AWT-Windows" daemon [_thread_in_native, id=18176, stack(0x0000004ddea00000,0x0000004ddeb00000)]
  0x000006381ad273c0 JavaThread "Java Sound Event Dispatcher" daemon [_thread_blocked, id=376, stack(0x0000004ddf500000,0x0000004ddf600000)]
  0x000006381ad2b400 JavaThread "Direct Clip" daemon [_thread_blocked, id=34684, stack(0x0000004ddf800000,0x0000004ddf900000)]
  0x000006381acefba0 JavaThread "Direct Clip" daemon [_thread_blocked, id=25960, stack(0x0000004ddf900000,0x0000004ddfa00000)]
  0x000006381aceec70 JavaThread "Direct Clip" daemon [_thread_blocked, id=5960, stack(0x0000004ddfa00000,0x0000004ddfb00000)]
  0x000006381acef180 JavaThread "Direct Clip" daemon [_thread_blocked, id=28260, stack(0x0000004ddfb00000,0x0000004ddfc00000)]
  0x000006381acee760 JavaThread "Direct Clip" daemon [_thread_blocked, id=15904, stack(0x0000004ddfc00000,0x0000004ddfd00000)]
  0x000006381acef690 JavaThread "Direct Clip" daemon [_thread_blocked, id=3080, stack(0x0000004ddfd00000,0x0000004ddfe00000)]
  0x000006381acf00b0 JavaThread "Direct Clip" daemon [_thread_blocked, id=39496, stack(0x0000004ddfe00000,0x0000004ddff00000)]
  0x000006381acf05c0 JavaThread "Direct Clip" daemon [_thread_blocked, id=38232, stack(0x0000004ddff00000,0x0000004de0000000)]
  0x000006381acf0ad0 JavaThread "Direct Clip" daemon [_thread_blocked, id=21524, stack(0x0000004de0000000,0x0000004de0100000)]
  0x000006381acf14f0 JavaThread "Direct Clip" daemon [_thread_blocked, id=39236, stack(0x0000004de0100000,0x0000004de0200000)]
  0x000006381acf0fe0 JavaThread "Direct Clip" daemon [_thread_blocked, id=32776, stack(0x0000004de0200000,0x0000004de0300000)]
  0x000006381acf1a00 JavaThread "Direct Clip" daemon [_thread_blocked, id=30344, stack(0x0000004de0300000,0x0000004de0400000)]
  0x000006381acee250 JavaThread "Direct Clip" daemon [_thread_blocked, id=37112, stack(0x0000004de0400000,0x0000004de0500000)]
  0x000006381ad424e0 JavaThread "Direct Clip" daemon [_thread_blocked, id=23476, stack(0x0000004de0500000,0x0000004de0600000)]
  0x000006381ad42f00 JavaThread "Direct Clip" daemon [_thread_blocked, id=17084, stack(0x0000004dde900000,0x0000004ddea00000)]
  0x000006381ad466b0 JavaThread "Direct Clip" daemon [_thread_blocked, id=32240, stack(0x0000004de0600000,0x0000004de0700000)]
  0x000006381ad44850 JavaThread "Direct Clip" daemon [_thread_blocked, id=31528, stack(0x0000004de0700000,0x0000004de0800000)]
  0x000006381ad41fd0 JavaThread "Direct Clip" daemon [_thread_blocked, id=39524, stack(0x0000004de0800000,0x0000004de0900000)]
  0x000006381ad461a0 JavaThread "Direct Clip" daemon [_thread_blocked, id=15036, stack(0x0000004de0900000,0x0000004de0a00000)]
  0x000006381ad40170 JavaThread "Direct Clip" daemon [_thread_blocked, id=33848, stack(0x0000004de0a00000,0x0000004de0b00000)]
  0x000006381ad40b90 JavaThread "Direct Clip" daemon [_thread_blocked, id=37000, stack(0x0000004de0b00000,0x0000004de0c00000)]
  0x000006381ad40680 JavaThread "AWT-Shutdown" [_thread_blocked, id=6308, stack(0x0000004de0c00000,0x0000004de0d00000)]
  0x000006381ad415b0 JavaThread "AWT-EventQueue-0" [_thread_blocked, id=21036, stack(0x0000004de0d00000,0x0000004de0e00000)]
  0x000006381ad410a0 JavaThread "DestroyJavaVM" [_thread_blocked, id=19664, stack(0x0000004ddce00000,0x0000004ddcf00000)]
  0x000006381ad44d60 JavaThread "TimerQueue" daemon [_thread_blocked, id=39064, stack(0x0000004de1100000,0x0000004de1200000)]
  0x000006381ad46bc0 JavaThread "Thread-0" [_thread_blocked, id=34296, stack(0x0000004de1400000,0x0000004de1500000)]
  0x000006381ad45780 JavaThread "Forest" [_thread_in_vm, id=1628, stack(0x0000004de1500000,0x0000004de1600000)]
  0x000006381ad43920 JavaThread "ToolkitShutdown" daemon [_thread_in_native, id=30276, stack(0x0000004de1800000,0x0000004de1900000)]

Other Threads:
  0x000006380f8729f0 VMThread "VM Thread" [stack: 0x0000004ddd400000,0x0000004ddd500000] [id=37248]
  0x000006381409b430 WatcherThread [stack: 0x0000004dde100000,0x0000004dde200000] [id=21660]
  0x00000211ff84a0b0 GCTaskThread "GC Thread#0" [stack: 0x0000004ddcf00000,0x0000004ddd000000] [id=22712]
  0x000006381a919dc0 GCTaskThread "GC Thread#1" [stack: 0x0000004ddeb00000,0x0000004ddec00000] [id=34604]
  0x000006381a91a080 GCTaskThread "GC Thread#2" [stack: 0x0000004ddec00000,0x0000004dded00000] [id=38596]
  0x000006381a91a340 GCTaskThread "GC Thread#3" [stack: 0x0000004dded00000,0x0000004ddee00000] [id=33668]
  0x000006381ab67550 GCTaskThread "GC Thread#4" [stack: 0x0000004ddee00000,0x0000004ddef00000] [id=9648]
  0x000006381ab67c20 GCTaskThread "GC Thread#5" [stack: 0x0000004ddef00000,0x0000004ddf000000] [id=10832]
  0x000006381ab40730 GCTaskThread "GC Thread#6" [stack: 0x0000004ddf000000,0x0000004ddf100000] [id=28496]
  0x000006381aac3e30 GCTaskThread "GC Thread#7" [stack: 0x0000004ddf100000,0x0000004ddf200000] [id=33680]
  0x000006381abb88f0 GCTaskThread "GC Thread#8" [stack: 0x0000004ddf200000,0x0000004ddf300000] [id=6328]
  0x000006381ae10b10 GCTaskThread "GC Thread#9" [stack: 0x0000004ddf300000,0x0000004ddf400000] [id=38828]
  0x00000211ff84d6a0 ConcurrentGCThread "G1 Main Marker" [stack: 0x0000004ddd000000,0x0000004ddd100000] [id=35792]
  0x00000211ff84dfd0 ConcurrentGCThread "G1 Conc#0" [stack: 0x0000004ddd100000,0x0000004ddd200000] [id=7028]
  0x000006381b21ed40 ConcurrentGCThread "G1 Conc#1" [stack: 0x0000004de1200000,0x0000004de1300000] [id=40428]
  0x000006381a94cf30 ConcurrentGCThread "G1 Conc#2" [stack: 0x0000004de1300000,0x0000004de1400000] [id=19532]
  0x00000211fff4a810 ConcurrentGCThread "G1 Refine#0" [stack: 0x0000004ddd200000,0x0000004ddd300000] [id=35608]
  0x00000211fff4b150 ConcurrentGCThread "G1 Service" [stack: 0x0000004ddd300000,0x0000004ddd400000] [id=36616]

Threads with active compile tasks:

VM state: not at safepoint (normal execution)

VM Mutex/Monitor currently owned by a thread: None

CDS archive(s) not mapped
Compressed class space mapped at: 0x0000000080000000-0x00000000c0000000, reserved size: 1073741824
Narrow klass base: 0x0000000000000000, Narrow klass shift: 0, Narrow klass range: 0xc0000000

GC Precious Log:
 CPUs: 12 total, 12 available
 Memory: 16254M
 Large Page Support: Disabled
 NUMA Support: Disabled
 Compressed Oops: Disabled
 Heap Region Size: 32M
 Heap Min Capacity: 32M
 Heap Initial Capacity: 256M
 Heap Max Capacity: 4096G
 Pre-touch: Disabled
 Parallel Workers: 10
 Concurrent Workers: 3
 Concurrent Refinement Workers: 10
 Periodic GC: Disabled

Heap:
 garbage-first heap   total 557056K, used 252197K [0x0000021200000000, 0x0000061200000000)
  region size 32768K, 2 young (65536K), 1 survivors (32768K)
 Metaspace       used 21482K, committed 21760K, reserved 1114112K
  class space    used 2198K, committed 2368K, reserved 1048576K

Heap Regions: E=young(eden), S=young(survivor), O=old, HS=humongous(starts), HC=humongous(continues), CS=collection set, F=free, OA=open archive, CA=closed archive, TAMS=top-at-mark-start (previous, next)
|   0|0x0000021200000000, 0x0000021202000000, 0x0000021202000000|100%| O|  |TAMS 0x0000021202000000, 0x0000021200000000| Untracked 
|   1|0x0000021202000000, 0x0000021204000000, 0x0000021204000000|100%|HS|  |TAMS 0x0000021204000000, 0x0000021202000000| Complete 
|   2|0x0000021204000000, 0x0000021206000000, 0x0000021206000000|100%| O|  |TAMS 0x0000021206000000, 0x0000021204000000| Complete 
|   3|0x0000021206000000, 0x0000021208000000, 0x0000021208000000|100%| O|  |TAMS 0x0000021208000000, 0x0000021206000000| Complete 
|   4|0x0000021208000000, 0x000002120a000000, 0x000002120a000000|100%| O|  |TAMS 0x000002120a000000, 0x0000021208000000| Untracked 
|   5|0x000002120a000000, 0x000002120c000000, 0x000002120c000000|100%| O|  |TAMS 0x000002120c000000, 0x000002120a000000| Untracked 
|   6|0x000002120c000000, 0x000002120e000000, 0x000002120e000000|100%| O|  |TAMS 0x000002120d098000, 0x000002120c000000| Untracked 
|   7|0x000002120e000000, 0x000002120f204800, 0x0000021210000000| 56%| O|  |TAMS 0x000002120e000000, 0x000002120e000000| Untracked 
|   8|0x0000021210000000, 0x0000021210000000, 0x0000021212000000|  0%| F|  |TAMS 0x0000021210000000, 0x0000021210000000| Untracked 
|   9|0x0000021212000000, 0x0000021212000000, 0x0000021214000000|  0%| F|  |TAMS 0x0000021212000000, 0x0000021212000000| Untracked 
|  10|0x0000021214000000, 0x0000021214000000, 0x0000021216000000|  0%| F|  |TAMS 0x0000021214000000, 0x0000021214000000| Untracked 
|  11|0x0000021216000000, 0x0000021216000000, 0x0000021218000000|  0%| F|  |TAMS 0x0000021216000000, 0x0000021216000000| Untracked 
|  12|0x0000021218000000, 0x0000021218000000, 0x000002121a000000|  0%| F|  |TAMS 0x0000021218000000, 0x0000021218000000| Untracked 
|  13|0x000002121a000000, 0x000002121a000000, 0x000002121c000000|  0%| F|  |TAMS 0x000002121a000000, 0x000002121a000000| Untracked 
|  14|0x000002121c000000, 0x000002121c444e28, 0x000002121e000000| 13%| S|CS|TAMS 0x000002121c000000, 0x000002121c000000| Complete 
|  15|0x000002121e000000, 0x000002121ec1c310, 0x0000021220000000| 37%| E|  |TAMS 0x000002121e000000, 0x000002121e000000| Complete 
|  16|0x0000021220000000, 0x0000021220000000, 0x0000021222000000|  0%| F|  |TAMS 0x0000021220000000, 0x0000021220000000| Untracked 

Card table byte_map: [0x0000061408010000,0x0000061608010000] _byte_map_base: 0x00000612ff010000

Marking Bits (Prev, Next): (CMBitMap*) 0x00000211ff84b630, (CMBitMap*) 0x00000211ff84b5f0
 Prev Bits: [0x0000062808220000, 0x0000063808220000)
 Next Bits: [0x0000061808010000, 0x0000062808010000)

Polling page: 0x00000211fe970000

Metaspace:

Usage:
  Non-class:     18.83 MB used.
      Class:      2.15 MB used.
       Both:     20.98 MB used.

Virtual space:
  Non-class space:       64.00 MB reserved,      18.94 MB ( 30%) committed,  1 nodes.
      Class space:        1.00 GB reserved,       2.31 MB ( <1%) committed,  1 nodes.
             Both:        1.06 GB reserved,      21.25 MB (  2%) committed. 

Chunk freelists:
   Non-Class:  12.95 MB
       Class:  13.73 MB
        Both:  26.68 MB

MaxMetaspaceSize: unlimited
CompressedClassSpaceSize: 1.00 GB
Initial GC threshold: 21.00 MB
Current GC threshold: 35.12 MB
CDS: off
MetaspaceReclaimPolicy: balanced
 - commit_granule_bytes: 65536.
 - commit_granule_words: 8192.
 - virtual_space_node_default_size: 8388608.
 - enlarge_chunks_in_place: 1.
 - new_chunks_are_fully_committed: 0.
 - uncommit_free_chunks: 1.
 - use_allocation_guard: 0.
 - handle_deallocations: 1.


Internal statistics:

num_allocs_failed_limit: 3.
num_arena_births: 264.
num_arena_deaths: 0.
num_vsnodes_births: 2.
num_vsnodes_deaths: 0.
num_space_committed: 340.
num_space_uncommitted: 0.
num_chunks_returned_to_freelist: 3.
num_chunks_taken_from_freelist: 392.
num_chunk_merges: 0.
num_chunk_splits: 221.
num_chunks_enlarged: 107.
num_inconsistent_stats: 0.

CodeHeap 'non-profiled nmethods': size=120000Kb used=899Kb max_used=899Kb free=119100Kb
 bounds [0x000002118c9d0000, 0x000002118cc40000, 0x0000021193f00000]
CodeHeap 'profiled nmethods': size=120000Kb used=4155Kb max_used=4155Kb free=115844Kb
 bounds [0x0000021184f00000, 0x0000021185310000, 0x000002118c430000]
CodeHeap 'non-nmethods': size=5760Kb used=1300Kb max_used=1331Kb free=4459Kb
 bounds [0x000002118c430000, 0x000002118c6a0000, 0x000002118c9d0000]
 total_blobs=2936 nmethods=2298 adapters=551
 compilation: enabled
              stopped_count=0, restarted_count=0
 full_count=0

Compilation events (20 events):
Event: 8.812 Thread 0x000006380f8b2e10 2289       3       sun.awt.SunHints$Key::getIndex (5 bytes)
Event: 8.812 Thread 0x000006380f8b2e10 nmethod 2289 0x000002118530a790 code [0x000002118530a920, 0x000002118530aa38]
Event: 8.863 Thread 0x000006380f8b2e10 2290       3       java.awt.Component::getBackground (29 bytes)
Event: 8.863 Thread 0x000006380f8b2e10 nmethod 2290 0x000002118530ab10 code [0x000002118530acc0, 0x000002118530af68]
Event: 8.897 Thread 0x000006380f8b2e10 2291       3       java.awt.Component::getForeground (29 bytes)
Event: 8.897 Thread 0x000006380f8b2e10 nmethod 2291 0x000002118530b010 code [0x000002118530b1e0, 0x000002118530b5e8]
Event: 8.915 Thread 0x000006380f8b2e10 2292       3       sun.java2d.SunGraphics2D::dispose (12 bytes)
Event: 8.915 Thread 0x000006380f8b2e10 nmethod 2292 0x000002118530b710 code [0x000002118530b8c0, 0x000002118530ba68]
Event: 8.983 Thread 0x000006380f8b2e10 2293       3       sun.java2d.SunGraphics2D::setColor (108 bytes)
Event: 8.983 Thread 0x000006380f8b2e10 nmethod 2293 0x000002118530bb10 code [0x000002118530bd00, 0x000002118530c1b8]
Event: 9.000 Thread 0x000006380f8b2e10 2294       1       java.awt.Component::getGraphicsConfiguration_NoClientCode (5 bytes)
Event: 9.000 Thread 0x000006380f8b2e10 nmethod 2294 0x000002118cab0c10 code [0x000002118cab0da0, 0x000002118cab0e78]
Event: 9.017 Thread 0x000006380f8b2e10 2295       3       sun.java2d.pipe.Region::clipRound (34 bytes)
Event: 9.017 Thread 0x000006380f8b2e10 nmethod 2295 0x000002118530c290 code [0x000002118530c480, 0x000002118530c728]
Event: 9.017 Thread 0x000006380f8b2e10 2296       3       sun.java2d.SunGraphics2D::setRenderingHint (539 bytes)
Event: 9.017 Thread 0x000006380f8b2e10 nmethod 2296 0x000002118530c810 code [0x000002118530cae0, 0x000002118530df58]
Event: 9.033 Thread 0x000006380f8b2e10 2297       3       sun.java2d.pipe.Region::isRectangular (13 bytes)
Event: 9.034 Thread 0x000006380f8b2e10 nmethod 2297 0x000002118530e310 code [0x000002118530e4a0, 0x000002118530e618]
Event: 9.034 Thread 0x000006380f8b2e10 2298       3       java.awt.geom.AffineTransform::equals (92 bytes)
Event: 9.034 Thread 0x000006380f8b2e10 nmethod 2298 0x000002118530e690 code [0x000002118530e840, 0x000002118530edf8]

GC Heap History (18 events):
Event: 1.002 GC heap before
{Heap before GC invocations=0 (full 0):
 garbage-first heap   total 262144K, used 0K [0x0000021200000000, 0x0000061200000000)
  region size 32768K, 1 young (32768K), 0 survivors (0K)
 Metaspace       used 15920K, committed 16192K, reserved 1114112K
  class space    used 1495K, committed 1600K, reserved 1048576K
}
Event: 1.018 GC heap after
{Heap after GC invocations=1 (full 0):
 garbage-first heap   total 262144K, used 6042K [0x0000021200000000, 0x0000061200000000)
  region size 32768K, 1 young (32768K), 1 survivors (32768K)
 Metaspace       used 15920K, committed 16192K, reserved 1114112K
  class space    used 1495K, committed 1600K, reserved 1048576K
}
Event: 1.148 GC heap before
{Heap before GC invocations=1 (full 0):
 garbage-first heap   total 262144K, used 38810K [0x0000021200000000, 0x0000061200000000)
  region size 32768K, 2 young (65536K), 1 survivors (32768K)
 Metaspace       used 16581K, committed 16832K, reserved 1114112K
  class space    used 1556K, committed 1664K, reserved 1048576K
}
Event: 1.156 GC heap after
{Heap after GC invocations=2 (full 0):
 garbage-first heap   total 262144K, used 15458K [0x0000021200000000, 0x0000061200000000)
  region size 32768K, 1 young (32768K), 1 survivors (32768K)
 Metaspace       used 16581K, committed 16832K, reserved 1114112K
  class space    used 1556K, committed 1664K, reserved 1048576K
}
Event: 1.490 GC heap before
{Heap before GC invocations=2 (full 0):
 garbage-first heap   total 262144K, used 48226K [0x0000021200000000, 0x0000061200000000)
  region size 32768K, 2 young (65536K), 1 survivors (32768K)
 Metaspace       used 16591K, committed 16832K, reserved 1114112K
  class space    used 1556K, committed 1664K, reserved 1048576K
}
Event: 1.503 GC heap after
{Heap after GC invocations=3 (full 0):
 garbage-first heap   total 262144K, used 31215K [0x0000021200000000, 0x0000061200000000)
  region size 32768K, 1 young (32768K), 1 survivors (32768K)
 Metaspace       used 16591K, committed 16832K, reserved 1114112K
  class space    used 1556K, committed 1664K, reserved 1048576K
}
Event: 1.540 GC heap before
{Heap before GC invocations=3 (full 0):
 garbage-first heap   total 262144K, used 31215K [0x0000021200000000, 0x0000061200000000)
  region size 32768K, 2 young (65536K), 1 survivors (32768K)
 Metaspace       used 16591K, committed 16832K, reserved 1114112K
  class space    used 1556K, committed 1664K, reserved 1048576K
}
Event: 1.557 GC heap after
{Heap after GC invocations=4 (full 0):
 garbage-first heap   total 262144K, used 47319K [0x0000021200000000, 0x0000061200000000)
  region size 32768K, 1 young (32768K), 1 survivors (32768K)
 Metaspace       used 16591K, committed 16832K, reserved 1114112K
  class space    used 1556K, committed 1664K, reserved 1048576K
}
Event: 1.757 GC heap before
{Heap before GC invocations=4 (full 0):
 garbage-first heap   total 262144K, used 80087K [0x0000021200000000, 0x0000061200000000)
  region size 32768K, 2 young (65536K), 1 survivors (32768K)
 Metaspace       used 16941K, committed 17216K, reserved 1114112K
  class space    used 1608K, committed 1728K, reserved 1048576K
}
Event: 1.774 GC heap after
{Heap after GC invocations=5 (full 0):
 garbage-first heap   total 524288K, used 106476K [0x0000021200000000, 0x0000061200000000)
  region size 32768K, 1 young (32768K), 1 survivors (32768K)
 Metaspace       used 16941K, committed 17216K, reserved 1114112K
  class space    used 1608K, committed 1728K, reserved 1048576K
}
Event: 1.824 GC heap before
{Heap before GC invocations=5 (full 0):
 garbage-first heap   total 524288K, used 106476K [0x0000021200000000, 0x0000061200000000)
  region size 32768K, 2 young (65536K), 1 survivors (32768K)
 Metaspace       used 16945K, committed 17216K, reserved 1114112K
  class space    used 1608K, committed 1728K, reserved 1048576K
}
Event: 1.841 GC heap after
{Heap after GC invocations=6 (full 0):
 garbage-first heap   total 524288K, used 156120K [0x0000021200000000, 0x0000061200000000)
  region size 32768K, 1 young (32768K), 1 survivors (32768K)
 Metaspace       used 16945K, committed 17216K, reserved 1114112K
  class space    used 1608K, committed 1728K, reserved 1048576K
}
Event: 2.063 GC heap before
{Heap before GC invocations=6 (full 0):
 garbage-first heap   total 524288K, used 188888K [0x0000021200000000, 0x0000061200000000)
  region size 32768K, 2 young (65536K), 1 survivors (32768K)
 Metaspace       used 17399K, committed 17600K, reserved 1114112K
  class space    used 1666K, committed 1728K, reserved 1048576K
}
Event: 2.082 GC heap after
{Heap after GC invocations=7 (full 0):
 garbage-first heap   total 524288K, used 176320K [0x0000021200000000, 0x0000061200000000)
  region size 32768K, 1 young (32768K), 1 survivors (32768K)
 Metaspace       used 17399K, committed 17600K, reserved 1114112K
  class space    used 1666K, committed 1728K, reserved 1048576K
}
Event: 5.270 GC heap before
{Heap before GC invocations=7 (full 0):
 garbage-first heap   total 524288K, used 241856K [0x0000021200000000, 0x0000061200000000)
  region size 32768K, 3 young (98304K), 1 survivors (32768K)
 Metaspace       used 19939K, committed 20224K, reserved 1114112K
  class space    used 2041K, committed 2176K, reserved 1048576K
}
Event: 5.294 GC heap after
{Heap after GC invocations=8 (full 0):
 garbage-first heap   total 524288K, used 246368K [0x0000021200000000, 0x0000061200000000)
  region size 32768K, 1 young (32768K), 1 survivors (32768K)
 Metaspace       used 19939K, committed 20224K, reserved 1114112K
  class space    used 2041K, committed 2176K, reserved 1048576K
}
Event: 7.195 GC heap before
{Heap before GC invocations=8 (full 0):
 garbage-first heap   total 524288K, used 246368K [0x0000021200000000, 0x0000061200000000)
  region size 32768K, 2 young (65536K), 1 survivors (32768K)
 Metaspace       used 21256K, committed 21504K, reserved 1114112K
  class space    used 2180K, committed 2304K, reserved 1048576K
}
Event: 7.205 GC heap after
{Heap after GC invocations=9 (full 0):
 garbage-first heap   total 524288K, used 252197K [0x0000021200000000, 0x0000061200000000)
  region size 32768K, 1 young (32768K), 1 survivors (32768K)
 Metaspace       used 21256K, committed 21504K, reserved 1114112K
  class space    used 2180K, committed 2304K, reserved 1048576K
}

Dll operation events (3 events):
Event: 0.006 Loaded shared library C:\Users\bader\.jdks\jbrsdk_jcef-17.0.9\bin\java.dll
Event: 0.082 Loaded shared library C:\Users\bader\.jdks\jbrsdk_jcef-17.0.9\bin\jsvml.dll
Event: 0.168 Loaded shared library C:\Users\bader\.jdks\jbrsdk_jcef-17.0.9\bin\zip.dll

Deoptimization events (20 events):
Event: 6.654 Thread 0x000006381ad415b0 Uncommon trap: trap_request=0xffffff45 fr.pc=0x000002118ca755c8 relative=0x00000000000000c8
Event: 6.655 Thread 0x000006381ad415b0 Uncommon trap: reason=unstable_if action=reinterpret pc=0x000002118ca755c8 method=java.awt.Component.inside(II)Z @ 1 c2
Event: 6.655 Thread 0x000006381ad415b0 DEOPT PACKING pc=0x000002118ca755c8 sp=0x0000004de0dfe0d0
Event: 6.655 Thread 0x000006381ad415b0 DEOPT UNPACKING pc=0x000002118c4869a3 sp=0x0000004de0dfdf70 mode 2
Event: 7.853 Thread 0x000006381ad415b0 Uncommon trap: trap_request=0xffffff45 fr.pc=0x000002118ca577f4 relative=0x0000000000000134
Event: 7.853 Thread 0x000006381ad415b0 Uncommon trap: reason=unstable_if action=reinterpret pc=0x000002118ca577f4 method=java.lang.StrictMath.floorOrCeil(DDDD)D @ 24 c2
Event: 7.853 Thread 0x000006381ad415b0 DEOPT PACKING pc=0x000002118ca577f4 sp=0x0000004de0dfd300
Event: 7.853 Thread 0x000006381ad415b0 DEOPT UNPACKING pc=0x000002118c4869a3 sp=0x0000004de0dfd268 mode 2
Event: 7.894 Thread 0x000006381ad46bc0 Uncommon trap: trap_request=0xffffffde fr.pc=0x000002118ca33748 relative=0x0000000000000508
Event: 7.894 Thread 0x000006381ad46bc0 Uncommon trap: reason=class_check action=maybe_recompile pc=0x000002118ca33748 method=java.util.HashMap.getNode(Ljava/lang/Object;)Ljava/util/HashMap$Node; @ 128 c2
Event: 7.894 Thread 0x000006381ad46bc0 DEOPT PACKING pc=0x000002118ca33748 sp=0x0000004de14fed60
Event: 7.894 Thread 0x000006381ad46bc0 DEOPT UNPACKING pc=0x000002118c4869a3 sp=0x0000004de14fece8 mode 2
Event: 7.898 Thread 0x000006381ad46bc0 Uncommon trap: trap_request=0xffffffde fr.pc=0x000002118ca33748 relative=0x0000000000000508
Event: 7.898 Thread 0x000006381ad46bc0 Uncommon trap: reason=class_check action=maybe_recompile pc=0x000002118ca33748 method=java.util.HashMap.getNode(Ljava/lang/Object;)Ljava/util/HashMap$Node; @ 128 c2
Event: 7.898 Thread 0x000006381ad46bc0 DEOPT PACKING pc=0x000002118ca33748 sp=0x0000004de14fed60
Event: 7.898 Thread 0x000006381ad46bc0 DEOPT UNPACKING pc=0x000002118c4869a3 sp=0x0000004de14fece8 mode 2
Event: 7.925 Thread 0x000006381ad45780 DEOPT PACKING pc=0x00000211852bce08 sp=0x0000004de15ff260
Event: 7.925 Thread 0x000006381ad45780 DEOPT UNPACKING pc=0x000002118c487143 sp=0x0000004de15fe780 mode 0
Event: 7.992 Thread 0x000006381ad46bc0 DEOPT PACKING pc=0x00000211852f7e45 sp=0x0000004de14ff660
Event: 7.992 Thread 0x000006381ad46bc0 DEOPT UNPACKING pc=0x000002118c487143 sp=0x0000004de14feb70 mode 0

Classes unloaded (0 events):
No events

Classes redefined (0 events):
No events

Internal exceptions (20 events):
Event: 0.948 Thread 0x00000211ff78d480 Exception <a 'java/lang/NoSuchMethodError'{0x000002120f753140}: 'int java.lang.invoke.DirectMethodHandle$Holder.invokeStaticInit(java.lang.Object, int, int)'> (0x000002120f753140) 
thrown [s\src\hotspot\share\interpreter\linkResolver.cpp, line 771]
Event: 0.949 Thread 0x00000211ff78d480 Exception <a 'java/lang/NoSuchMethodError'{0x000002120f75cc68}: 'int java.lang.invoke.DirectMethodHandle$Holder.invokeStaticInit(java.lang.Object, long, long)'> (0x000002120f75cc68) 
thrown [s\src\hotspot\share\interpreter\linkResolver.cpp, line 771]
Event: 0.949 Thread 0x00000211ff78d480 Exception <a 'java/lang/NoSuchMethodError'{0x000002120f765950}: 'int java.lang.invoke.DirectMethodHandle$Holder.invokeStaticInit(java.lang.Object, float, float)'> (0x000002120f765950) 
thrown [s\src\hotspot\share\interpreter\linkResolver.cpp, line 771]
Event: 0.950 Thread 0x00000211ff78d480 Exception <a 'java/lang/NoSuchMethodError'{0x000002120f76e640}: 'int java.lang.invoke.DirectMethodHandle$Holder.invokeStaticInit(java.lang.Object, double, double)'> (0x000002120f76e640) 
thrown [s\src\hotspot\share\interpreter\linkResolver.cpp, line 771]
Event: 0.950 Thread 0x00000211ff78d480 Exception <a 'java/lang/NoSuchMethodError'{0x000002120f774110}: 'int java.lang.invoke.DirectMethodHandle$Holder.invokeStatic(java.lang.Object, long)'> (0x000002120f774110) 
thrown [s\src\hotspot\share\interpreter\linkResolver.cpp, line 771]
Event: 0.953 Thread 0x00000211ff78d480 Exception <a 'java/lang/NoSuchMethodError'{0x000002120f7a2ea0}: 'int java.lang.invoke.Invokers$Holder.linkToTargetMethod(java.lang.Object, java.lang.Object)'> (0x000002120f7a2ea0) 
thrown [s\src\hotspot\share\interpreter\linkResolver.cpp, line 771]
Event: 3.071 Thread 0x00000211ff78d480 Exception <a 'java/lang/NoSuchMethodError'{0x000002121f090168}: 'void java.lang.invoke.DirectMethodHandle$Holder.invokeSpecial(java.lang.Object, java.lang.Object, java.lang.Object)'> (0x000002121f090168) 
thrown [s\src\hotspot\share\interpreter\linkResolver.cpp, line 771]
Event: 5.151 Thread 0x00000211ff78d480 Exception <a 'java/lang/NoSuchMethodError'{0x000002121dc454e8}: 'void java.lang.invoke.DirectMethodHandle$Holder.invokeStaticInit(java.lang.Object)'> (0x000002121dc454e8) 
thrown [s\src\hotspot\share\interpreter\linkResolver.cpp, line 771]
Event: 5.177 Thread 0x000006381ad415b0 Exception <a 'java/lang/NoSuchMethodError'{0x000002121dcfe4f0}: 'java.lang.Object java.lang.invoke.DirectMethodHandle$Holder.newInvokeSpecial(java.lang.Object, java.lang.Object, java.lang.Object, java.lang.Object, java.lang.Object)'> (0x000002121dcfe4f0) 
thrown [s\src\hotspot\share\interpreter\linkResolver.cpp, line 771]
Event: 5.178 Thread 0x000006381ad415b0 Exception <a 'java/lang/NoSuchMethodError'{0x000002121dd0cdc0}: 'java.lang.Object java.lang.invoke.DirectMethodHandle$Holder.invokeStatic(java.lang.Object, int, java.lang.Object, java.lang.Object, java.lang.Object, java.lang.Object)'> (0x000002121dd0cdc0) 
thrown [s\src\hotspot\share\interpreter\linkResolver.cpp, line 771]
Event: 5.204 Thread 0x000006381ad415b0 Exception <a 'java/lang/ClassNotFoundException'{0x000002121defc270}: com/sun/swing/internal/plaf/metal/resources/spi/metalProvider> (0x000002121defc270) 
thrown [s\src\hotspot\share\classfile\systemDictionary.cpp, line 256]
Event: 5.205 Thread 0x000006381ad415b0 Exception <a 'java/lang/ClassNotFoundException'{0x000002121df021c8}: com/sun/swing/internal/plaf/basic/resources/spi/basicProvider> (0x000002121df021c8) 
thrown [s\src\hotspot\share\classfile\systemDictionary.cpp, line 256]
Event: 5.208 Thread 0x000006381ad415b0 Exception <a 'java/lang/NoSuchMethodError'{0x000002121df26580}: 'java.lang.Object java.lang.invoke.Invokers$Holder.linkToTargetMethod(java.lang.Object, int, java.lang.Object, java.lang.Object, java.lang.Object)'> (0x000002121df26580) 
thrown [s\src\hotspot\share\interpreter\linkResolver.cpp, line 771]
Event: 5.239 Thread 0x000006381ac99070 Exception <a 'java/lang/NoSuchMethodError'{0x000002121dfdf5b0}: 'void java.lang.invoke.DirectMethodHandle$Holder.invokeVirtual(java.lang.Object, java.lang.Object)'> (0x000002121dfdf5b0) 
thrown [s\src\hotspot\share\interpreter\linkResolver.cpp, line 771]
Event: 5.263 Thread 0x000006381ad415b0 Exception <a 'java/lang/NoSuchMethodError'{0x000002121dfb4108}: 'java.lang.Object java.lang.invoke.DirectMethodHandle$Holder.newInvokeSpecial(java.lang.Object, java.lang.Object, int, int, int, int)'> (0x000002121dfb4108) 
thrown [s\src\hotspot\share\interpreter\linkResolver.cpp, line 771]
Event: 5.270 Thread 0x000006381ad415b0 Exception <a 'java/lang/NoSuchMethodError'{0x000002121dfc5e58}: 'void java.lang.invoke.DirectMethodHandle$Holder.invokeSpecial(java.lang.Object, java.lang.Object, int, int)'> (0x000002121dfc5e58) 
thrown [s\src\hotspot\share\interpreter\linkResolver.cpp, line 771]
Event: 5.270 Thread 0x000006381ad415b0 Exception <a 'java/lang/NoSuchMethodError'{0x000002121dfcdcc0}: 'java.lang.Object java.lang.invoke.DirectMethodHandle$Holder.newInvokeSpecial(java.lang.Object, java.lang.Object, int, int)'> (0x000002121dfcdcc0) 
thrown [s\src\hotspot\share\interpreter\linkResolver.cpp, line 771]
Event: 5.402 Thread 0x000006381ad415b0 Exception <a 'java/lang/NoSuchMethodError'{0x000002121e12e878}: 'java.lang.Object java.lang.invoke.Invokers$Holder.invoke_MT(java.lang.Object, java.lang.Object, java.lang.Object)'> (0x000002121e12e878) 
thrown [s\src\hotspot\share\interpreter\linkResolver.cpp, line 771]
Event: 5.404 Thread 0x000006381ad415b0 Exception <a 'java/lang/NoSuchMethodError'{0x000002121e13cfe0}: 'int java.lang.invoke.Invokers$Holder.invoke_MT(java.lang.Object, java.lang.Object, java.lang.Object)'> (0x000002121e13cfe0) 
thrown [s\src\hotspot\share\interpreter\linkResolver.cpp, line 771]
Event: 6.409 Thread 0x000006381ad415b0 Exception <a 'java/lang/NoSuchMethodError'{0x000002121e1a8328}: 'void java.lang.invoke.DirectMethodHandle$Holder.invokeStatic(java.lang.Object, java.lang.Object, java.lang.Object)'> (0x000002121e1a8328) 
thrown [s\src\hotspot\share\interpreter\linkResolver.cpp, line 771]

VM Operations (20 events):
Event: 1.824 Executing VM operation: G1CollectForAllocation
Event: 1.841 Executing VM operation: G1CollectForAllocation done
Event: 2.063 Executing VM operation: G1CollectForAllocation
Event: 2.082 Executing VM operation: G1CollectForAllocation done
Event: 3.086 Executing VM operation: Cleanup
Event: 3.086 Executing VM operation: Cleanup done
Event: 5.270 Executing VM operation: G1CollectForAllocation
Event: 5.294 Executing VM operation: G1CollectForAllocation done
Event: 5.341 Executing VM operation: HandshakeAllThreads
Event: 5.341 Executing VM operation: HandshakeAllThreads done
Event: 6.353 Executing VM operation: Cleanup
Event: 6.353 Executing VM operation: Cleanup done
Event: 7.195 Executing VM operation: CollectForMetadataAllocation
Event: 7.205 Executing VM operation: CollectForMetadataAllocation done
Event: 7.245 Executing VM operation: G1PauseRemark
Event: 7.246 Executing VM operation: G1PauseRemark done
Event: 7.265 Executing VM operation: G1PauseCleanup
Event: 7.265 Executing VM operation: G1PauseCleanup done
Event: 8.273 Executing VM operation: Cleanup
Event: 8.274 Executing VM operation: Cleanup done

Events (20 events):
Event: 7.890 loading class sun/java2d/pipe/SpanIterator
Event: 7.890 loading class sun/java2d/pipe/SpanIterator done
Event: 7.890 loading class sun/java2d/pipe/RegionSpanIterator done
Event: 7.898 loading class java/awt/LightweightDispatcher$2
Event: 7.898 loading class java/awt/LightweightDispatcher$2 done
Event: 8.426 Thread 0x000006381af6bd80 Thread added: 0x000006381af6bd80
Event: 8.472 loading class java/awt/image/BufferedImageOp
Event: 8.472 loading class java/awt/image/BufferedImageOp done
Event: 8.694 Thread 0x000006381af6bd80 Thread exited: 0x000006381af6bd80
Event: 9.084 Thread 0x000006381ad470d0 Thread added: 0x000006381ad470d0
Event: 9.084 Thread 0x000006381ad43920 Thread added: 0x000006381ad43920
Event: 9.084 Thread 0x000006381ad43410 Thread added: 0x000006381ad43410
Event: 9.085 loading class java/util/WeakHashMap$KeyIterator
Event: 9.085 loading class java/util/WeakHashMap$HashIterator
Event: 9.085 loading class java/util/WeakHashMap$HashIterator done
Event: 9.085 loading class java/util/WeakHashMap$KeyIterator done
Event: 9.085 Thread 0x000006381ad470d0 Thread exited: 0x000006381ad470d0
Event: 9.085 loading class sun/font/SunFontManager$8$1
Event: 9.085 loading class sun/font/SunFontManager$8$1 done
Event: 9.088 Thread 0x000006381ad43410 Thread exited: 0x000006381ad43410


Dynamic libraries:
0x00007ff7d9cd0000 - 0x00007ff7d9cda000 	C:\Users\bader\.jdks\jbrsdk_jcef-17.0.9\bin\java.exe
0x00007ffed6e90000 - 0x00007ffed7088000 	C:\Windows\SYSTEM32\ntdll.dll
0x00007ffed4f20000 - 0x00007ffed4fe2000 	C:\Windows\System32\KERNEL32.DLL
0x00007ffed4960000 - 0x00007ffed4c5e000 	C:\Windows\System32\KERNELBASE.dll
0x00007ffed4db0000 - 0x00007ffed4eb0000 	C:\Windows\System32\ucrtbase.dll
0x00007ffec3fb0000 - 0x00007ffec3fc7000 	C:\Users\bader\.jdks\jbrsdk_jcef-17.0.9\bin\jli.dll
0x00007ffecbf60000 - 0x00007ffecbf7b000 	C:\Users\bader\.jdks\jbrsdk_jcef-17.0.9\bin\VCRUNTIME140.dll
0x00007ffed6bd0000 - 0x00007ffed6d6d000 	C:\Windows\System32\USER32.dll
0x00007ffeba210000 - 0x00007ffeba4aa000 	C:\Windows\WinSxS\amd64_microsoft.windows.common-controls_6595b64144ccf1df_6.0.19041.4355_none_60b8b9eb71f62e16\COMCTL32.dll
0x00007ffed4650000 - 0x00007ffed4672000 	C:\Windows\System32\win32u.dll
0x00007ffed67d0000 - 0x00007ffed686e000 	C:\Windows\System32\msvcrt.dll
0x00007ffed61a0000 - 0x00007ffed61cb000 	C:\Windows\System32\GDI32.dll
0x00007ffed4530000 - 0x00007ffed4647000 	C:\Windows\System32\gdi32full.dll
0x00007ffed4d10000 - 0x00007ffed4dad000 	C:\Windows\System32\msvcp_win.dll
0x00007ffed6100000 - 0x00007ffed612f000 	C:\Windows\System32\IMM32.DLL
0x00007ffece2f0000 - 0x00007ffece2fc000 	C:\Users\bader\.jdks\jbrsdk_jcef-17.0.9\bin\vcruntime140_1.dll
0x00007ffeb84c0000 - 0x00007ffeb854d000 	C:\Users\bader\.jdks\jbrsdk_jcef-17.0.9\bin\msvcp140.dll
0x00007ffe5ab10000 - 0x00007ffe5b792000 	C:\Users\bader\.jdks\jbrsdk_jcef-17.0.9\bin\server\jvm.dll
0x00007ffed6d90000 - 0x00007ffed6e41000 	C:\Windows\System32\ADVAPI32.dll
0x00007ffed5e40000 - 0x00007ffed5edf000 	C:\Windows\System32\sechost.dll
0x00007ffed62a0000 - 0x00007ffed63c3000 	C:\Windows\System32\RPCRT4.dll
0x00007ffed4760000 - 0x00007ffed4787000 	C:\Windows\System32\bcrypt.dll
0x00007ffebb4b0000 - 0x00007ffebb4b9000 	C:\Windows\SYSTEM32\WSOCK32.dll
0x00007ffeb9a40000 - 0x00007ffeb9a67000 	C:\Windows\SYSTEM32\WINMM.dll
0x00007ffed3a60000 - 0x00007ffed3aab000 	C:\Windows\SYSTEM32\POWRPROF.dll
0x00007ffed6090000 - 0x00007ffed60fb000 	C:\Windows\System32\WS2_32.dll
0x00007ffecd650000 - 0x00007ffecd65a000 	C:\Windows\SYSTEM32\VERSION.dll
0x00007ffed3930000 - 0x00007ffed3942000 	C:\Windows\SYSTEM32\UMPDC.dll
0x00007ffed23b0000 - 0x00007ffed23c2000 	C:\Windows\SYSTEM32\kernel.appcore.dll
0x00007ffece280000 - 0x00007ffece28a000 	C:\Users\bader\.jdks\jbrsdk_jcef-17.0.9\bin\jimage.dll
0x00007ffed1cc0000 - 0x00007ffed1ea4000 	C:\Windows\SYSTEM32\DBGHELP.DLL
0x00007ffec4470000 - 0x00007ffec44a4000 	C:\Windows\SYSTEM32\dbgcore.DLL
0x00007ffed46d0000 - 0x00007ffed4752000 	C:\Windows\System32\bcryptPrimitives.dll
0x00007ffecf3c0000 - 0x00007ffecf3ce000 	C:\Users\bader\.jdks\jbrsdk_jcef-17.0.9\bin\instrument.dll
0x00007ffec3ee0000 - 0x00007ffec3f05000 	C:\Users\bader\.jdks\jbrsdk_jcef-17.0.9\bin\java.dll
0x00007ffec3f90000 - 0x00007ffec3fa8000 	C:\Users\bader\.jdks\jbrsdk_jcef-17.0.9\bin\zip.dll
0x00007ffeb72b0000 - 0x00007ffeb7387000 	C:\Users\bader\.jdks\jbrsdk_jcef-17.0.9\bin\jsvml.dll
0x00007ffed4ff0000 - 0x00007ffed575d000 	C:\Windows\System32\SHELL32.dll
0x00007ffed25b0000 - 0x00007ffed2d54000 	C:\Windows\SYSTEM32\windows.storage.dll
0x00007ffed6870000 - 0x00007ffed6bc3000 	C:\Windows\System32\combase.dll
0x00007ffed3f60000 - 0x00007ffed3f8e000 	C:\Windows\SYSTEM32\Wldp.dll
0x00007ffed61d0000 - 0x00007ffed629d000 	C:\Windows\System32\OLEAUT32.dll
0x00007ffed65c0000 - 0x00007ffed666d000 	C:\Windows\System32\SHCORE.dll
0x00007ffed6560000 - 0x00007ffed65b5000 	C:\Windows\System32\shlwapi.dll
0x00007ffed4460000 - 0x00007ffed4484000 	C:\Windows\SYSTEM32\profapi.dll
0x00007ffec2270000 - 0x00007ffec2289000 	C:\Users\bader\.jdks\jbrsdk_jcef-17.0.9\bin\net.dll
0x00007ffeccc80000 - 0x00007ffeccd8d000 	C:\Windows\SYSTEM32\WINHTTP.dll
0x00007ffed3cc0000 - 0x00007ffed3d2a000 	C:\Windows\system32\mswsock.dll
0x00007ffec1790000 - 0x00007ffec17a6000 	C:\Users\bader\.jdks\jbrsdk_jcef-17.0.9\bin\nio.dll
0x00007ffec30d0000 - 0x00007ffec30ea000 	C:\Program Files\JetBrains\IntelliJ IDEA Community Edition 2023.3.6\bin\breakgen64.dll
0x00007ffe82bf0000 - 0x00007ffe82d8a000 	C:\Users\bader\.jdks\jbrsdk_jcef-17.0.9\bin\awt.dll
0x00007ffed20b0000 - 0x00007ffed20df000 	C:\Windows\SYSTEM32\dwmapi.dll
0x00007ffeb6710000 - 0x00007ffeb6754000 	C:\Users\bader\.jdks\jbrsdk_jcef-17.0.9\bin\nvdaControllerClient64.dll
0x00007ffecf1c0000 - 0x00007ffecf254000 	C:\Windows\SYSTEM32\apphelp.dll
0x00007ffeb81e0000 - 0x00007ffeb8308000 	C:\Windows\system32\opengl32.dll
0x00007ffeb7c60000 - 0x00007ffeb7c8c000 	C:\Windows\SYSTEM32\GLU32.dll
0x00007ffed1090000 - 0x00007ffed112e000 	C:\Windows\system32\uxtheme.dll
0x00007ffed5bd0000 - 0x00007ffed5ce5000 	C:\Windows\System32\MSCTF.dll
0x00007ffed5cf0000 - 0x00007ffed5d99000 	C:\Windows\System32\clbcatq.dll
0x00007ffe40ff0000 - 0x00007ffe41fba000 	C:\Windows\System32\DriverStore\FileRepository\iigd_dch.inf_amd64_5d54dd32fa1ef4d4\ig9icd64.dll
0x00007ffed6430000 - 0x00007ffed655b000 	C:\Windows\System32\ole32.dll
0x00007ffed2dc0000 - 0x00007ffed2eb6000 	C:\Windows\system32\dxgi.dll
0x00007ffec7a80000 - 0x00007ffec7cbf000 	C:\Windows\System32\DriverStore\FileRepository\iigd_dch.inf_amd64_5d54dd32fa1ef4d4\igdgmm64.dll
0x00007ffec4eb0000 - 0x00007ffec7a79000 	C:\Windows\System32\DriverStore\FileRepository\iigd_dch.inf_amd64_5d54dd32fa1ef4d4\igc64.dll
0x00007ffe63280000 - 0x00007ffe6368c000 	C:\Windows\System32\DriverStore\FileRepository\iigd_dch.inf_amd64_5d54dd32fa1ef4d4\igdml64.dll
0x00007ffed3ec0000 - 0x00007ffed3ed8000 	C:\Windows\SYSTEM32\CRYPTSP.dll
0x00007ffed3570000 - 0x00007ffed35a4000 	C:\Windows\system32\rsaenh.dll
0x00007ffed4420000 - 0x00007ffed444e000 	C:\Windows\SYSTEM32\USERENV.dll
0x00007ffed3eb0000 - 0x00007ffed3ebc000 	C:\Windows\SYSTEM32\CRYPTBASE.dll
0x00007ffed3950000 - 0x00007ffed398b000 	C:\Windows\SYSTEM32\IPHLPAPI.DLL
0x00007ffed5e30000 - 0x00007ffed5e38000 	C:\Windows\System32\NSI.dll
0x00007ffecc960000 - 0x00007ffecc977000 	C:\Windows\SYSTEM32\dhcpcsvc6.DLL
0x00007ffeccbf0000 - 0x00007ffeccc0d000 	C:\Windows\SYSTEM32\dhcpcsvc.DLL
0x00007ffed3990000 - 0x00007ffed3a5a000 	C:\Windows\SYSTEM32\DNSAPI.dll
0x00007ffeb6680000 - 0x00007ffeb6707000 	C:\Users\bader\.jdks\jbrsdk_jcef-17.0.9\bin\freetype.dll
0x00007ffeabdb0000 - 0x00007ffeabe87000 	C:\Users\bader\.jdks\jbrsdk_jcef-17.0.9\bin\fontmanager.dll
0x00007ffec2300000 - 0x00007ffec2312000 	C:\Users\bader\.jdks\jbrsdk_jcef-17.0.9\bin\jsound.dll
0x00007ffeac8b0000 - 0x00007ffeac94c000 	C:\Windows\SYSTEM32\DSOUND.dll
0x00007ffec02f0000 - 0x00007ffec0316000 	C:\Windows\SYSTEM32\winmmbase.dll
0x00007ffecce00000 - 0x00007ffecce85000 	C:\Windows\System32\MMDevApi.dll
0x00007ffed42c0000 - 0x00007ffed42f3000 	C:\Windows\System32\DEVOBJ.dll
0x00007ffed4680000 - 0x00007ffed46ce000 	C:\Windows\System32\cfgmgr32.dll
0x00007ffeb5080000 - 0x00007ffeb50c6000 	C:\Windows\SYSTEM32\wdmaud.drv
0x00007ffecf4e0000 - 0x00007ffecf4e9000 	C:\Windows\SYSTEM32\ksuser.dll
0x00007ffeced00000 - 0x00007ffeced0a000 	C:\Windows\SYSTEM32\AVRT.dll
0x00007ffecce90000 - 0x00007ffecd011000 	C:\Windows\SYSTEM32\AUDIOSES.DLL
0x00007ffeb5070000 - 0x00007ffeb507d000 	C:\Windows\SYSTEM32\msacm32.drv
0x00007ffeb5050000 - 0x00007ffeb506e000 	C:\Windows\SYSTEM32\MSACM32.dll
0x00007ffeb5040000 - 0x00007ffeb504b000 	C:\Windows\SYSTEM32\midimap.dll
0x00007ffed1fb0000 - 0x00007ffed1fc4000 	C:\Windows\SYSTEM32\resourcepolicyclient.dll
0x00007ffeb1a60000 - 0x00007ffeb1c05000 	C:\Windows\WinSxS\amd64_microsoft.windows.gdiplus_6595b64144ccf1df_1.1.19041.4597_none_91a78020cc854124\gdiplus.dll
0x00007ffebfdd0000 - 0x00007ffebfec9000 	C:\Windows\SYSTEM32\textinputframework.dll
0x00007ffece6e0000 - 0x00007ffecea3b000 	C:\Windows\System32\CoreUIComponents.dll
0x00007ffecea50000 - 0x00007ffeceb42000 	C:\Windows\System32\CoreMessaging.dll
0x00007ffed37c0000 - 0x00007ffed37f3000 	C:\Windows\SYSTEM32\ntmarta.dll
0x00007ffed12c0000 - 0x00007ffed1417000 	C:\Windows\SYSTEM32\wintypes.dll
0x00007ffeb7e70000 - 0x00007ffeb8165000 	C:\Windows\System32\uiautomationcore.dll
0x00007ffed1880000 - 0x00007ffed1976000 	C:\Windows\System32\PROPSYS.dll
0x00007ffeb8170000 - 0x00007ffeb81d6000 	C:\Windows\System32\OLEACC.dll
0x00007ffebfed0000 - 0x00007ffec000f000 	C:\Windows\System32\Windows.UI.dll
0x00007ffecbdf0000 - 0x00007ffecbe91000 	C:\Windows\System32\WindowManagementAPI.dll
0x00007ffebfc70000 - 0x00007ffebfdc2000 	C:\Windows\System32\InputHost.dll
0x00007ffecb4a0000 - 0x00007ffecb6a3000 	C:\Windows\System32\twinapi.appcore.dll

dbghelp: loaded successfully - version: 4.0.5 - missing functions: none
symbol engine: initialized successfully - sym options: 0x614 - pdb path: .;C:\Users\bader\.jdks\jbrsdk_jcef-17.0.9\bin;C:\Windows\SYSTEM32;C:\Windows\WinSxS\amd64_microsoft.windows.common-controls_6595b64144ccf1df_6.0.19041.4355_none_60b8b9eb71f62e16;C:\Users\bader\.jdks\jbrsdk_jcef-17.0.9\bin\server;C:\Program Files\JetBrains\IntelliJ IDEA Community Edition 2023.3.6\bin;C:\Windows\System32\DriverStore\FileRepository\iigd_dch.inf_amd64_5d54dd32fa1ef4d4;C:\Windows\WinSxS\amd64_microsoft.windows.gdiplus_6595b64144ccf1df_1.1.19041.4597_none_91a78020cc854124

VM Arguments:
jvm_args: -Xmx3072g -Xmx4096g -Dsun.java2d.opengl=true -XX:ErrorFile=logs/hs_err_pid%p.log -javaagent:C:\Program Files\JetBrains\IntelliJ IDEA Community Edition 2023.3.6\lib\idea_rt.jar=54381:C:\Program Files\JetBrains\IntelliJ IDEA Community Edition 2023.3.6\bin -Dfile.encoding=UTF-8 
java_command: net.sendback.Main
java_class_path (initial): C:\Users\bader\OneDrive\Bureau\Idea\GTS_PRojekt\target\classes
Launcher Type: SUN_STANDARD

[Global flags]
     intx CICompilerCount                          = 4                                         {product} {ergonomic}
     uint ConcGCThreads                            = 3                                         {product} {ergonomic}
    ccstr ErrorFile                                = logs/hs_err_pid%p.log                     {product} {command line}
     uint G1ConcRefinementThreads                  = 10                                        {product} {ergonomic}
   size_t G1HeapRegionSize                         = 33554432                                  {product} {ergonomic}
    uintx GCDrainStackTargetSize                   = 64                                        {product} {ergonomic}
   size_t InitialHeapSize                          = 268435456                                 {product} {ergonomic}
   size_t MarkStackSize                            = 4194304                                   {product} {ergonomic}
   size_t MaxHeapSize                              = 4398046511104                             {product} {command line}
   size_t MaxNewSize                               = 2638821195776                             {product} {ergonomic}
   size_t MinHeapDeltaBytes                        = 33554432                                  {product} {ergonomic}
   size_t MinHeapSize                              = 33554432                                  {product} {ergonomic}
    uintx NonNMethodCodeHeapSize                   = 5839372                                {pd product} {ergonomic}
    uintx NonProfiledCodeHeapSize                  = 122909434                              {pd product} {ergonomic}
    uintx ProfiledCodeHeapSize                     = 122909434                              {pd product} {ergonomic}
    uintx ReservedCodeCacheSize                    = 251658240                              {pd product} {ergonomic}
     bool SegmentedCodeCache                       = true                                      {product} {ergonomic}
   size_t SoftMaxHeapSize                          = 4398046511104                          {manageable} {ergonomic}
     bool UseCompressedClassPointers               = true                           {product lp64_product} {ergonomic}
     bool UseG1GC                                  = true                                      {product} {ergonomic}
     bool UseLargePagesIndividualAllocation        = false                                  {pd product} {ergonomic}

Logging:
Log output configuration:
 #0: stdout all=warning uptime,level,tags
 #1: stderr all=off uptime,level,tags

Environment Variables:
PATH=C:\Program Files\Common Files\Oracle\Java\javapath;C:\Windows\system32;C:\Windows;C:\Windows\System32\Wbem;C:\Windows\System32\WindowsPowerShell\v1.0\;C:\Windows\System32\OpenSSH\;C:\Program Files (x86)\NVIDIA Corporation\PhysX\Common;C:\Program Files\dotnet\;C:\Users\bader\AppData\Local\Microsoft\WindowsApps;C:\Users\bader\AppData\Local\GitHubDesktop\bin
USERNAME=bader
OS=Windows_NT
PROCESSOR_IDENTIFIER=Intel64 Family 6 Model 158 Stepping 10, GenuineIntel
TMP=C:\Users\bader\AppData\Local\Temp
TEMP=C:\Users\bader\AppData\Local\Temp



Periodic native trim disabled

JNI global refs:
JNI global refs: 132, weak refs: 164

JNI global refs memory usage: 2107, weak refs: 2105

OOME stack traces (most recent first):
Classloader memory used:
Loader bootstrap                                                                       : 2646K
Loader jdk.internal.loader.ClassLoaders$AppClassLoader                                 : 34060B
Loader jdk.internal.reflect.DelegatingClassLoader                                      : 5061B
Loader jdk.internal.loader.ClassLoaders$PlatformClassLoader                            : 764B


---------------  S Y S T E M  ---------------

OS:
 Windows 10 , 64 bit Build 19041 (10.0.19041.5072)
OS uptime: 12 days 4:34 hours

CPU: total 12 (initial active 12) (6 cores per cpu, 2 threads per core) family 6 model 158 stepping 10 microcode 0xf0, cx8, cmov, fxsr, ht, mmx, 3dnowpref, sse, sse2, sse3, ssse3, sse4.1, sse4.2, popcnt, lzcnt, tsc, tscinvbit, avx, avx2, aes, erms, clmul, bmi1, bmi2, adx, fma, vzeroupper, clflush, clflushopt
Processor Information for all 12 processors :
  Max Mhz: 2592, Current Mhz: 2592, Mhz Limit: 2592

Memory: 4k page, system-wide physical 16254M (2265M free)
TotalPageFile size 24005M (AvailPageFile size 3417M)
current process WorkingSet (physical memory assigned to process): 662M, peak: 679M
current process commit charge ("private bytes"): 953M, peak: 964M

vm_info: OpenJDK 64-Bit Server VM (17.0.9+8-b1166.2) for windows-amd64 JRE (17.0.9+8-b1166.2), built on 2024-01-13 by "builduser" with MS VC++ 16.10 / 16.11 (VS2019)

END.
