#
# A fatal error has been detected by the Java Runtime Environment:
#
#  EXCEPTION_ACCESS_VIOLATION (0xc0000005) at pc=0x00007ffe49c23c53, pid=20780, tid=38464
#
# JRE version: OpenJDK Runtime Environment JBR-17.0.9+8-1166.2-jcef (17.0.9+8) (build 17.0.9+8-b1166.2)
# Java VM: OpenJDK 64-Bit Server VM JBR-17.0.9+8-1166.2-jcef (17.0.9+8-b1166.2, mixed mode, tiered, compressed class ptrs, g1 gc, windows-amd64)
# Problematic frame:
# C  [ig9icd64.dll+0x9c3c53]
#
# No core dump will be written. Minidumps are not enabled by default on client versions of Windows
#
# If you would like to submit a bug report, please visit:
#   https://youtrack.jetbrains.com/issues/JBR
# The crash happened outside the Java Virtual Machine in native code.
# See problematic frame for where to report the bug.
#

---------------  S U M M A R Y ------------

Command Line: -Xmx3072g -Xmx4096g -Dsun.java2d.opengl=true -XX:ErrorFile=logs/hs_err_pid%p.log -javaagent:C:\Program Files\JetBrains\IntelliJ IDEA Community Edition 2023.3.6\lib\idea_rt.jar=57600:C:\Program Files\JetBrains\IntelliJ IDEA Community Edition 2023.3.6\bin -Dfile.encoding=UTF-8 net.sendback.Main

Host: Intel(R) Core(TM) i7-9750H CPU @ 2.60GHz, 12 cores, 15G,  Windows 10 , 64 bit Build 19041 (10.0.19041.5072)
Time: Thu Nov 14 17:21:04 2024 Mitteleuropäische Zeit elapsed time: 12.770007 seconds (0d 0h 0m 12s)

---------------  T H R E A D  ---------------

Current thread (0x000006e4e4333e60):  JavaThread "Java2D Queue Flusher" daemon [_thread_in_native, id=38464, stack(0x000000df99300000,0x000000df99400000)]

Stack: [0x000000df99300000,0x000000df99400000],  sp=0x000000df993fe7e8,  free space=1017k
Native frames: (J=compiled Java code, j=interpreted, Vv=VM code, C=native code)
C  [ig9icd64.dll+0x9c3c53]

Java frames: (J=compiled Java code, j=interpreted, Vv=VM code)
j  sun.java2d.opengl.OGLRenderQueue.flushBuffer(JI)V+0 java.desktop
j  sun.java2d.opengl.OGLRenderQueue.flushBuffer()V+21 java.desktop
j  sun.java2d.opengl.OGLRenderQueue$QueueFlusher.run()V+81 java.desktop
j  java.lang.Thread.run()V+11 java.base@17.0.9
v  ~StubRoutines::call_stub

siginfo: EXCEPTION_ACCESS_VIOLATION (0xc0000005), reading address 0xffffffffffffffff


Registers:
RAX=0x000000000fff0fff, RBX=0x00007ffe49260000, RCX=0x000000033fcf3fcc, RDX=0x000000df993fed00
RSP=0x000000df993fe7e8, RBP=0x000000df993fe8f0, RSI=0x000006e4ea64fa00, RDI=0x000000df993feaf0
R8 =0x000000df993fe920, R9 =0x000000df993fed00, R10=0x000000df993feaf0, R11=0x0000000000000000
R12=0x00007ffe4a08a420, R13=0x0000000000000000, R14=0x0000000000000000, R15=0x00000000000001c1
RIP=0x00007ffe49c23c53, EFLAGS=0x0000000000010206


Register to memory mapping:

RIP=0x00007ffe49c23c53 ig9icd64.dll
RAX=0x000000000fff0fff is an unknown value
RBX=0x00007ffe49260000 ig9icd64.dll
RCX=0x000000033fcf3fcc is an unknown value
RDX=0x000000df993fed00 is pointing into the stack for thread: 0x000006e4e4333e60
RSP=0x000000df993fe7e8 is pointing into the stack for thread: 0x000006e4e4333e60
RBP=0x000000df993fe8f0 is pointing into the stack for thread: 0x000006e4e4333e60
RSI=0x000006e4ea64fa00 points into unknown readable memory: 0x000006e4e439cf80 | 80 cf 39 e4 e4 06 00 00
RDI=0x000000df993feaf0 is pointing into the stack for thread: 0x000006e4e4333e60
R8 =0x000000df993fe920 is pointing into the stack for thread: 0x000006e4e4333e60
R9 =0x000000df993fed00 is pointing into the stack for thread: 0x000006e4e4333e60
R10=0x000000df993feaf0 is pointing into the stack for thread: 0x000006e4e4333e60
R11=0x0 is NULL
R12=0x00007ffe4a08a420 ig9icd64.dll
R13=0x0 is NULL
R14=0x0 is NULL
R15=0x00000000000001c1 is an unknown value


Top of Stack: (sp=0x000000df993fe7e8)
0x000000df993fe7e8:   00007ffe49c2138b 0000000000000001
0x000000df993fe7f8:   0000000000000000 000006e4eacaa900
0x000000df993fe808:   00007ffec7a82572 000000df00000065
0x000000df993fe818:   000000df993fea20 0000000000000000
0x000000df993fe828:   000006e4eab75f40 0000000000000000
0x000000df993fe838:   000006e4eae86fd0 000006e4eacaa940
0x000000df993fe848:   0000000000000fb0 0000000000000000
0x000000df993fe858:   0000000000000000 000000df993fe9d0
0x000000df993fe868:   00007ffe498b9070 0000000000000000
0x000000df993fe878:   0000000000000000 0000000000000000
0x000000df993fe888:   0000000000000000 0000d411eb8fe499
0x000000df993fe898:   00007ffe492764e5 000006e4eacaa940
0x000000df993fe8a8:   0000000000004001 0000000000000200
0x000000df993fe8b8:   00007ffed6ebb86b 00000000026200d2
0x000000df993fe8c8:   0000000000000061 000006e4eb101fb0
0x000000df993fe8d8:   0000000000000000 0000000000000000
0x000000df993fe8e8:   00007ffe49c21c62 0000000000000000
0x000000df993fe8f8:   000002bebadb1200 000000df993febf0
0x000000df993fe908:   000002bebadb0000 000002bebadb02b4
0x000000df993fe918:   000006e4eab75f40 00007ffe49f2f020
0x000000df993fe928:   0000000e00000000 0000001a00000018
0x000000df993fe938:   00000fff00000000 437f0000437f0000
0x000000df993fe948:   437f0000437f0000 0000ff0000ff0000
0x000000df993fe958:   ff000000000000ff 0000000800000010
0x000000df993fe968:   0000001800000000 0000000000000000
0x000000df993fe978:   0000000000000000 0000000000000000
0x000000df993fe988:   0000000000000000 0000000000000000
0x000000df993fe998:   0000000000000000 0000000000000000
0x000000df993fe9a8:   0000000000000000 0000000000000000
0x000000df993fe9b8:   0000000000000000 0000000000000000
0x000000df993fe9c8:   0000000000000000 0000000000000000
0x000000df993fe9d8:   0000000000000000 0000000000000000 

Instructions: (pc=0x00007ffe49c23c53)
0x00007ffe49c23b53:   a1 b6 30 00 48 89 51 08 48 89 01 8b 44 24 28 89
0x00007ffe49c23b63:   41 20 8b 44 24 30 89 41 24 48 8b c1 4c 89 41 10
0x00007ffe49c23b73:   4c 89 49 18 c3 cc cc cc cc cc cc cc cc 48 89 5c
0x00007ffe49c23b83:   24 08 8b 41 5c 48 8d 1d 71 c4 63 ff 41 89 40 08
0x00007ffe49c23b93:   4c 8b d1 8b 41 60 45 33 db 41 89 40 0c 4c 8b ca
0x00007ffe49c23ba3:   8b 41 64 41 89 40 10 8b 41 68 41 89 40 14 8b 41
0x00007ffe49c23bb3:   6c 41 89 40 18 8b 41 70 41 89 40 1c 48 63 41 74
0x00007ffe49c23bc3:   48 6b c8 34 8b 84 19 84 5f ee 00 41 89 40 20 8b
0x00007ffe49c23bd3:   84 19 88 5f ee 00 41 89 40 24 8b 84 19 8c 5f ee
0x00007ffe49c23be3:   00 41 89 40 28 8b 84 19 90 5f ee 00 41 89 40 2c
0x00007ffe49c23bf3:   8b 84 19 74 5f ee 00 41 89 40 30 8b 84 19 78 5f
0x00007ffe49c23c03:   ee 00 41 89 40 34 8b 84 19 7c 5f ee 00 41 89 40
0x00007ffe49c23c13:   38 8b 84 19 80 5f ee 00 41 89 40 3c 8b 84 19 64
0x00007ffe49c23c23:   5f ee 00 41 89 40 40 8b 84 19 68 5f ee 00 41 89
0x00007ffe49c23c33:   40 44 8b 84 19 6c 5f ee 00 41 89 40 48 8b 84 19
0x00007ffe49c23c43:   70 5f ee 00 41 89 40 4c 49 63 42 78 48 6b c8 34
0x00007ffe49c23c53:   8b 84 19 84 5f ee 00 41 89 40 50 8b 84 19 88 5f
0x00007ffe49c23c63:   ee 00 41 89 40 54 8b 84 19 8c 5f ee 00 41 89 40
0x00007ffe49c23c73:   58 8b 84 19 90 5f ee 00 41 89 40 5c 8b 84 19 74
0x00007ffe49c23c83:   5f ee 00 41 89 40 60 8b 84 19 78 5f ee 00 41 89
0x00007ffe49c23c93:   40 64 8b 84 19 7c 5f ee 00 41 89 40 68 8b 84 19
0x00007ffe49c23ca3:   80 5f ee 00 41 89 40 6c 8b 84 19 64 5f ee 00 41
0x00007ffe49c23cb3:   89 40 70 8b 84 19 68 5f ee 00 41 89 40 74 8b 84
0x00007ffe49c23cc3:   19 6c 5f ee 00 41 89 40 78 8b 84 19 70 5f ee 00
0x00007ffe49c23cd3:   41 89 40 7c 48 8b 42 18 8b 88 38 0b 00 00 f6 c1
0x00007ffe49c23ce3:   08 0f 84 86 00 00 00 8b 80 3c 0b 00 00 41 89 80
0x00007ffe49c23cf3:   80 00 00 00 48 8b 42 18 8b 88 40 0b 00 00 41 89
0x00007ffe49c23d03:   88 84 00 00 00 48 8b 42 18 8b 88 44 0b 00 00 41
0x00007ffe49c23d13:   89 88 88 00 00 00 48 8b 42 18 8b 88 48 0b 00 00
0x00007ffe49c23d23:   41 89 88 8c 00 00 00 48 8b 42 18 8b 88 4c 0b 00
0x00007ffe49c23d33:   00 41 89 88 90 00 00 00 48 8b 42 18 8b 88 50 0b
0x00007ffe49c23d43:   00 00 41 89 88 94 00 00 00 48 8b 42 18 8b 88 54 


Stack slot to memory mapping:
stack at sp + 0 slots: 0x00007ffe49c2138b ig9icd64.dll
stack at sp + 1 slots: 0x0000000000000001 is an unknown value
stack at sp + 2 slots: 0x0 is NULL
stack at sp + 3 slots: 0x000006e4eacaa900 points into unknown readable memory: 0x0000000000000000 | 00 00 00 00 00 00 00 00
stack at sp + 4 slots: 0x00007ffec7a82572 igdgmm64.dll
stack at sp + 5 slots: 0x000000df00000065 is an unknown value
stack at sp + 6 slots: 0x000000df993fea20 is pointing into the stack for thread: 0x000006e4e4333e60
stack at sp + 7 slots: 0x0 is NULL


---------------  P R O C E S S  ---------------

Threads class SMR info:
_java_thread_list=0x000006e4eaec85e0, length=44, elements={
0x000006e4df942f30, 0x000006e4df946480, 0x000006e4df9883d0, 0x000006e4df988ea0,
0x000006e4df98b780, 0x000006e4df98c050, 0x000006e4df98d3f0, 0x000006e4df990560,
0x000006e4df994370, 0x000006e4dfacd0f0, 0x000006e4e40b7790, 0x000006e4e40b7c70,
0x000006e4e4333e60, 0x000006e4ea9aa170, 0x000006e4ea7ceb50, 0x000006e4ead22440,
0x000006e4ead240c0, 0x000006e4eaeeb0a0, 0x000006e4eaf41d00, 0x000006e4eaf3fea0,
0x000006e4eaf42210, 0x000006e4eaf40dd0, 0x000006e4eaf3f480, 0x000006e4eaf42720,
0x000006e4eaf3f990, 0x000006e4eaf403b0, 0x000006e4eaf3ef70, 0x000006e4eaf417f0,
0x000006e4eaf408c0, 0x000006e4eaf412e0, 0x000006e4eafb6910, 0x000006e4eafb2230,
0x000006e4eafb45a0, 0x000006e4eafb1300, 0x000006e4eafb5ef0, 0x000006e4eafb1810,
0x000006e4eafb3b80, 0x000006e4eafb2c50, 0x000006e4eafb1d20, 0x000006e4eafb4ab0,
0x000006e4eafb3160, 0x000006e4eafb4090, 0x000006e4eafb3670, 0x000006e4eafafec0
}

Java Threads: ( => current thread )
  0x000006e4df942f30 JavaThread "Reference Handler" daemon [_thread_blocked, id=29804, stack(0x000000df98600000,0x000000df98700000)]
  0x000006e4df946480 JavaThread "Finalizer" daemon [_thread_blocked, id=38940, stack(0x000000df98700000,0x000000df98800000)]
  0x000006e4df9883d0 JavaThread "Signal Dispatcher" daemon [_thread_blocked, id=28404, stack(0x000000df98800000,0x000000df98900000)]
  0x000006e4df988ea0 JavaThread "Attach Listener" daemon [_thread_blocked, id=6904, stack(0x000000df98900000,0x000000df98a00000)]
  0x000006e4df98b780 JavaThread "Service Thread" daemon [_thread_blocked, id=10724, stack(0x000000df98a00000,0x000000df98b00000)]
  0x000006e4df98c050 JavaThread "Monitor Deflation Thread" daemon [_thread_blocked, id=21876, stack(0x000000df98b00000,0x000000df98c00000)]
  0x000006e4df98d3f0 JavaThread "C2 CompilerThread0" daemon [_thread_blocked, id=22168, stack(0x000000df98c00000,0x000000df98d00000)]
  0x000006e4df990560 JavaThread "C1 CompilerThread0" daemon [_thread_blocked, id=14356, stack(0x000000df98d00000,0x000000df98e00000)]
  0x000006e4df994370 JavaThread "Sweeper thread" daemon [_thread_blocked, id=15832, stack(0x000000df98e00000,0x000000df98f00000)]
  0x000006e4dfacd0f0 JavaThread "Common-Cleaner" daemon [_thread_blocked, id=32336, stack(0x000000df98f00000,0x000000df99000000)]
  0x000006e4e40b7790 JavaThread "Monitor Ctrl-Break" daemon [_thread_in_native, id=13060, stack(0x000000df99000000,0x000000df99100000)]
  0x000006e4e40b7c70 JavaThread "Notification Thread" daemon [_thread_blocked, id=29168, stack(0x000000df99100000,0x000000df99200000)]
=>0x000006e4e4333e60 JavaThread "Java2D Queue Flusher" daemon [_thread_in_native, id=38464, stack(0x000000df99300000,0x000000df99400000)]
  0x000006e4ea9aa170 JavaThread "Java2D Disposer" daemon [_thread_blocked, id=36236, stack(0x000000df99800000,0x000000df99900000)]
  0x000006e4ea7ceb50 JavaThread "AWT-Windows" daemon [_thread_in_native, id=42728, stack(0x000000df99b00000,0x000000df99c00000)]
  0x000006e4ead22440 JavaThread "Java Sound Event Dispatcher" daemon [_thread_blocked, id=3800, stack(0x000000df99a00000,0x000000df99b00000)]
  0x000006e4ead240c0 JavaThread "Direct Clip" daemon [_thread_blocked, id=16368, stack(0x000000df9a800000,0x000000df9a900000)]
  0x000006e4eaeeb0a0 JavaThread "Direct Clip" daemon [_thread_blocked, id=7808, stack(0x000000df9a900000,0x000000df9aa00000)]
  0x000006e4eaf41d00 JavaThread "Direct Clip" daemon [_thread_blocked, id=16432, stack(0x000000df9aa00000,0x000000df9ab00000)]
  0x000006e4eaf3fea0 JavaThread "Direct Clip" daemon [_thread_blocked, id=34116, stack(0x000000df9ab00000,0x000000df9ac00000)]
  0x000006e4eaf42210 JavaThread "Direct Clip" daemon [_thread_blocked, id=34604, stack(0x000000df9ac00000,0x000000df9ad00000)]
  0x000006e4eaf40dd0 JavaThread "Direct Clip" daemon [_thread_blocked, id=21508, stack(0x000000df9ad00000,0x000000df9ae00000)]
  0x000006e4eaf3f480 JavaThread "Direct Clip" daemon [_thread_blocked, id=25860, stack(0x000000df9ae00000,0x000000df9af00000)]
  0x000006e4eaf42720 JavaThread "Direct Clip" daemon [_thread_blocked, id=40180, stack(0x000000df9af00000,0x000000df9b000000)]
  0x000006e4eaf3f990 JavaThread "Direct Clip" daemon [_thread_blocked, id=22552, stack(0x000000df9b000000,0x000000df9b100000)]
  0x000006e4eaf403b0 JavaThread "Direct Clip" daemon [_thread_blocked, id=34860, stack(0x000000df9b100000,0x000000df9b200000)]
  0x000006e4eaf3ef70 JavaThread "Direct Clip" daemon [_thread_blocked, id=41556, stack(0x000000df9b200000,0x000000df9b300000)]
  0x000006e4eaf417f0 JavaThread "Direct Clip" daemon [_thread_blocked, id=12856, stack(0x000000df9b300000,0x000000df9b400000)]
  0x000006e4eaf408c0 JavaThread "Direct Clip" daemon [_thread_blocked, id=41504, stack(0x000000df9b400000,0x000000df9b500000)]
  0x000006e4eaf412e0 JavaThread "Direct Clip" daemon [_thread_blocked, id=30592, stack(0x000000df9b500000,0x000000df9b600000)]
  0x000006e4eafb6910 JavaThread "Direct Clip" daemon [_thread_blocked, id=15696, stack(0x000000df9b600000,0x000000df9b700000)]
  0x000006e4eafb2230 JavaThread "Direct Clip" daemon [_thread_blocked, id=40888, stack(0x000000df9b700000,0x000000df9b800000)]
  0x000006e4eafb45a0 JavaThread "Direct Clip" daemon [_thread_blocked, id=37180, stack(0x000000df9b800000,0x000000df9b900000)]
  0x000006e4eafb1300 JavaThread "Direct Clip" daemon [_thread_blocked, id=36244, stack(0x000000df9b900000,0x000000df9ba00000)]
  0x000006e4eafb5ef0 JavaThread "Direct Clip" daemon [_thread_blocked, id=1952, stack(0x000000df9ba00000,0x000000df9bb00000)]
  0x000006e4eafb1810 JavaThread "Direct Clip" daemon [_thread_blocked, id=41520, stack(0x000000df9bb00000,0x000000df9bc00000)]
  0x000006e4eafb3b80 JavaThread "Direct Clip" daemon [_thread_blocked, id=33292, stack(0x000000df9bc00000,0x000000df9bd00000)]
  0x000006e4eafb2c50 JavaThread "AWT-Shutdown" [_thread_blocked, id=36264, stack(0x000000df9bd00000,0x000000df9be00000)]
  0x000006e4eafb1d20 JavaThread "AWT-EventQueue-0" [_thread_blocked, id=27548, stack(0x000000df9be00000,0x000000df9bf00000)]
  0x000006e4eafb4ab0 JavaThread "DestroyJavaVM" [_thread_blocked, id=33656, stack(0x000000df97f00000,0x000000df98000000)]
  0x000006e4eafb3160 JavaThread "TimerQueue" daemon [_thread_blocked, id=29236, stack(0x000000df9c400000,0x000000df9c500000)]
  0x000006e4eafb4090 JavaThread "Thread-0" [_thread_blocked, id=29448, stack(0x000000df9c700000,0x000000df9c800000)]
  0x000006e4eafb3670 JavaThread "Forest" [_thread_in_vm, id=16004, stack(0x000000df9c800000,0x000000df9c900000)]
  0x000006e4eafafec0 JavaThread "ToolkitShutdown" daemon [_thread_in_native, id=33588, stack(0x000000df9cd00000,0x000000df9ce00000)]

Other Threads:
  0x000006e4df93d630 VMThread "VM Thread" [stack: 0x000000df98500000,0x000000df98600000] [id=10104]
  0x000006e4e40fb970 WatcherThread [stack: 0x000000df99200000,0x000000df99300000] [id=18952]
  0x000002bebaf9ce60 GCTaskThread "GC Thread#0" [stack: 0x000000df98000000,0x000000df98100000] [id=14216]
  0x000006e4ead05020 GCTaskThread "GC Thread#1" [stack: 0x000000df99c00000,0x000000df99d00000] [id=31196]
  0x000006e4ead06990 GCTaskThread "GC Thread#2" [stack: 0x000000df99d00000,0x000000df99e00000] [id=8756]
  0x000006e4ead06c50 GCTaskThread "GC Thread#3" [stack: 0x000000df99e00000,0x000000df99f00000] [id=15724]
  0x000006e4ead06f10 GCTaskThread "GC Thread#4" [stack: 0x000000df99f00000,0x000000df9a000000] [id=33828]
  0x000006e4ead071d0 GCTaskThread "GC Thread#5" [stack: 0x000000df9a000000,0x000000df9a100000] [id=30032]
  0x000006e4ea756750 GCTaskThread "GC Thread#6" [stack: 0x000000df9a100000,0x000000df9a200000] [id=21836]
  0x000006e4eb000c50 GCTaskThread "GC Thread#7" [stack: 0x000000df9a200000,0x000000df9a300000] [id=6180]
  0x000006e4ead7c150 GCTaskThread "GC Thread#8" [stack: 0x000000df9a300000,0x000000df9a400000] [id=25968]
  0x000006e4ead7c620 GCTaskThread "GC Thread#9" [stack: 0x000000df9a400000,0x000000df9a500000] [id=36708]
  0x000002bebaf9eca0 ConcurrentGCThread "G1 Main Marker" [stack: 0x000000df98100000,0x000000df98200000] [id=10964]
  0x000006c4d8152110 ConcurrentGCThread "G1 Conc#0" [stack: 0x000000df98200000,0x000000df98300000] [id=29140]
  0x000006e4edb3bd10 ConcurrentGCThread "G1 Conc#1" [stack: 0x000000df9c500000,0x000000df9c600000] [id=39684]
  0x000006e4e43e8d90 ConcurrentGCThread "G1 Conc#2" [stack: 0x000000df9c600000,0x000000df9c700000] [id=17520]
  0x000006c4d81cc790 ConcurrentGCThread "G1 Refine#0" [stack: 0x000000df98300000,0x000000df98400000] [id=22292]
  0x000006e4eadeedd0 ConcurrentGCThread "G1 Refine#1" [stack: 0x000000df9bf00000,0x000000df9c000000] [id=27836]
  0x000006e4ea754030 ConcurrentGCThread "G1 Refine#2" [stack: 0x000000df9c000000,0x000000df9c100000] [id=29964]
  0x000006c4d81cd0d0 ConcurrentGCThread "G1 Service" [stack: 0x000000df98400000,0x000000df98500000] [id=8436]

Threads with active compile tasks:

VM state: not at safepoint (normal execution)

VM Mutex/Monitor currently owned by a thread: None

CDS archive(s) not mapped
Compressed class space mapped at: 0x0000000080000000-0x00000000c0000000, reserved size: 1073741824
Narrow klass base: 0x0000000000000000, Narrow klass shift: 0, Narrow klass range: 0xc0000000

GC Precious Log:
 CPUs: 12 total, 12 available
 Memory: 16254M
 Large Page Support: Disabled
 NUMA Support: Disabled
 Compressed Oops: Disabled
 Heap Region Size: 32M
 Heap Min Capacity: 32M
 Heap Initial Capacity: 256M
 Heap Max Capacity: 4096G
 Pre-touch: Disabled
 Parallel Workers: 10
 Concurrent Workers: 3
 Concurrent Refinement Workers: 10
 Periodic GC: Disabled

Heap:
 garbage-first heap   total 524288K, used 230596K [0x000002bed0000000, 0x000006bed0000000)
  region size 32768K, 2 young (65536K), 1 survivors (32768K)
 Metaspace       used 21535K, committed 21824K, reserved 1114112K
  class space    used 2199K, committed 2368K, reserved 1048576K

Heap Regions: E=young(eden), S=young(survivor), O=old, HS=humongous(starts), HC=humongous(continues), CS=collection set, F=free, OA=open archive, CA=closed archive, TAMS=top-at-mark-start (previous, next)
|   0|0x000002bed0000000, 0x000002bed2000000, 0x000002bed2000000|100%| O|  |TAMS 0x000002bed2000000, 0x000002bed0000000| Untracked 
|   1|0x000002bed2000000, 0x000002bed4000000, 0x000002bed4000000|100%|HS|  |TAMS 0x000002bed4000000, 0x000002bed2000000| Complete 
|   2|0x000002bed4000000, 0x000002bed6000000, 0x000002bed6000000|100%| O|  |TAMS 0x000002bed6000000, 0x000002bed4000000| Complete 
|   3|0x000002bed6000000, 0x000002bed8000000, 0x000002bed8000000|100%| O|  |TAMS 0x000002bed8000000, 0x000002bed6000000| Untracked 
|   4|0x000002bed8000000, 0x000002beda000000, 0x000002beda000000|100%| O|  |TAMS 0x000002beda000000, 0x000002bed8000000| Untracked 
|   5|0x000002beda000000, 0x000002bedc000000, 0x000002bedc000000|100%| O|  |TAMS 0x000002bedbb48a00, 0x000002beda000000| Untracked 
|   6|0x000002bedc000000, 0x000002beddd58c00, 0x000002bede000000| 91%| O|  |TAMS 0x000002bedc000000, 0x000002bedc000000| Untracked 
|   7|0x000002bede000000, 0x000002bede000000, 0x000002bee0000000|  0%| F|  |TAMS 0x000002bede000000, 0x000002bede000000| Untracked 
|   8|0x000002bee0000000, 0x000002bee0000000, 0x000002bee2000000|  0%| F|  |TAMS 0x000002bee0000000, 0x000002bee0000000| Untracked 
|   9|0x000002bee2000000, 0x000002bee2000000, 0x000002bee4000000|  0%| F|  |TAMS 0x000002bee2000000, 0x000002bee2000000| Untracked 
|  10|0x000002bee4000000, 0x000002bee4000000, 0x000002bee6000000|  0%| F|  |TAMS 0x000002bee4000000, 0x000002bee4000000| Untracked 
|  11|0x000002bee6000000, 0x000002bee6000000, 0x000002bee8000000|  0%| F|  |TAMS 0x000002bee6000000, 0x000002bee6000000| Untracked 
|  12|0x000002bee8000000, 0x000002bee8000000, 0x000002beea000000|  0%| F|  |TAMS 0x000002bee8000000, 0x000002bee8000000| Untracked 
|  13|0x000002beea000000, 0x000002beea000000, 0x000002beec000000|  0%| F|  |TAMS 0x000002beea000000, 0x000002beea000000| Untracked 
|  14|0x000002beec000000, 0x000002beec3d86c0, 0x000002beee000000| 12%| S|CS|TAMS 0x000002beec000000, 0x000002beec000000| Complete 
|  15|0x000002beee000000, 0x000002beeeef9278, 0x000002bef0000000| 46%| E|  |TAMS 0x000002beee000000, 0x000002beee000000| Complete 

Card table byte_map: [0x000006c0d8010000,0x000006c2d8010000] _byte_map_base: 0x000006bf78990000

Marking Bits (Prev, Next): (CMBitMap*) 0x000002bebaf9e3e0, (CMBitMap*) 0x000002bebaf9e3a0
 Prev Bits: [0x000006d4d8420000, 0x000006e4d8420000)
 Next Bits: [0x000006c4d8210000, 0x000006d4d8210000)

Polling page: 0x000002bebafa0000

Metaspace:

Usage:
  Non-class:     18.88 MB used.
      Class:      2.15 MB used.
       Both:     21.03 MB used.

Virtual space:
  Non-class space:       64.00 MB reserved,      19.00 MB ( 30%) committed,  1 nodes.
      Class space:        1.00 GB reserved,       2.31 MB ( <1%) committed,  1 nodes.
             Both:        1.06 GB reserved,      21.31 MB (  2%) committed. 

Chunk freelists:
   Non-Class:  12.95 MB
       Class:  13.72 MB
        Both:  26.67 MB

MaxMetaspaceSize: unlimited
CompressedClassSpaceSize: 1.00 GB
Initial GC threshold: 21.00 MB
Current GC threshold: 35.12 MB
CDS: off
MetaspaceReclaimPolicy: balanced
 - commit_granule_bytes: 65536.
 - commit_granule_words: 8192.
 - virtual_space_node_default_size: 8388608.
 - enlarge_chunks_in_place: 1.
 - new_chunks_are_fully_committed: 0.
 - uncommit_free_chunks: 1.
 - use_allocation_guard: 0.
 - handle_deallocations: 1.


Internal statistics:

num_allocs_failed_limit: 3.
num_arena_births: 264.
num_arena_deaths: 0.
num_vsnodes_births: 2.
num_vsnodes_deaths: 0.
num_space_committed: 341.
num_space_uncommitted: 0.
num_chunks_returned_to_freelist: 3.
num_chunks_taken_from_freelist: 391.
num_chunk_merges: 0.
num_chunk_splits: 225.
num_chunks_enlarged: 109.
num_inconsistent_stats: 0.

CodeHeap 'non-profiled nmethods': size=120000Kb used=906Kb max_used=906Kb free=119093Kb
 bounds [0x000002bec7d40000, 0x000002bec7fb0000, 0x000002becf270000]
CodeHeap 'profiled nmethods': size=120000Kb used=4255Kb max_used=4255Kb free=115744Kb
 bounds [0x000002bec0270000, 0x000002bec06a0000, 0x000002bec77a0000]
CodeHeap 'non-nmethods': size=5760Kb used=1302Kb max_used=1343Kb free=4458Kb
 bounds [0x000002bec77a0000, 0x000002bec7a10000, 0x000002bec7d40000]
 total_blobs=2992 nmethods=2354 adapters=551
 compilation: enabled
              stopped_count=0, restarted_count=0
 full_count=0

Compilation events (20 events):
Event: 12.525 Thread 0x000006e4df990560 2346       3       sun.java2d.pipe.Region::<init> (26 bytes)
Event: 12.525 Thread 0x000006e4df990560 nmethod 2346 0x000002bec0695310 code [0x000002bec06954a0, 0x000002bec0695618]
Event: 12.525 Thread 0x000006e4df990560 2347       3       sun.java2d.SunGraphics2D::setComposite (224 bytes)
Event: 12.526 Thread 0x000006e4df990560 nmethod 2347 0x000002bec0695710 code [0x000002bec06959a0, 0x000002bec06969d8]
Event: 12.542 Thread 0x000006e4df990560 2348       1       java.awt.Font::getSize2D (5 bytes)
Event: 12.542 Thread 0x000006e4df990560 nmethod 2348 0x000002bec7e21410 code [0x000002bec7e215a0, 0x000002bec7e21678]
Event: 12.542 Thread 0x000006e4df990560 2349       1       java.awt.Font::isTransformed (5 bytes)
Event: 12.542 Thread 0x000006e4df990560 nmethod 2349 0x000002bec7e21710 code [0x000002bec7e218a0, 0x000002bec7e21978]
Event: 12.542 Thread 0x000006e4df990560 2350       1       java.awt.Font::getStyle (5 bytes)
Event: 12.542 Thread 0x000006e4df990560 nmethod 2350 0x000002bec7e21a10 code [0x000002bec7e21ba0, 0x000002bec7e21c78]
Event: 12.560 Thread 0x000006e4df990560 2351       1       sun.java2d.opengl.WGLVolatileSurfaceManager::isAccelerationEnabled (5 bytes)
Event: 12.560 Thread 0x000006e4df990560 nmethod 2351 0x000002bec7e21d10 code [0x000002bec7e21ea0, 0x000002bec7e21f78]
Event: 12.560 Thread 0x000006e4df990560 2352   !   3       sun.java2d.SunGraphics2D::validateCompClip (186 bytes)
Event: 12.560 Thread 0x000006e4df990560 nmethod 2352 0x000002bec0696c90 code [0x000002bec0696f20, 0x000002bec0697b58]
Event: 12.560 Thread 0x000006e4df990560 2353       1       sun.java2d.loops.GraphicsPrimitive::getNativePrim (5 bytes)
Event: 12.560 Thread 0x000006e4df990560 nmethod 2353 0x000002bec7e22010 code [0x000002bec7e221a0, 0x000002bec7e22278]
Event: 12.628 Thread 0x000006e4df990560 2354       1       sun.java2d.SunGraphics2D::getBackground (5 bytes)
Event: 12.628 Thread 0x000006e4df990560 nmethod 2354 0x000002bec7e22310 code [0x000002bec7e224a0, 0x000002bec7e22578]
Event: 12.696 Thread 0x000006e4df98d3f0 2355       4       sun.java2d.pipe.RenderQueue::lock (4 bytes)
Event: 12.699 Thread 0x000006e4df98d3f0 nmethod 2355 0x000002bec7e22610 code [0x000002bec7e227a0, 0x000002bec7e229c8]

GC Heap History (18 events):
Event: 2.100 GC heap before
{Heap before GC invocations=0 (full 0):
 garbage-first heap   total 262144K, used 32768K [0x000002bed0000000, 0x000006bed0000000)
  region size 32768K, 1 young (32768K), 0 survivors (0K)
 Metaspace       used 16515K, committed 16768K, reserved 1114112K
  class space    used 1554K, committed 1664K, reserved 1048576K
}
Event: 2.117 GC heap after
{Heap after GC invocations=1 (full 0):
 garbage-first heap   total 262144K, used 6115K [0x000002bed0000000, 0x000006bed0000000)
  region size 32768K, 1 young (32768K), 1 survivors (32768K)
 Metaspace       used 16515K, committed 16768K, reserved 1114112K
  class space    used 1554K, committed 1664K, reserved 1048576K
}
Event: 2.373 GC heap before
{Heap before GC invocations=1 (full 0):
 garbage-first heap   total 262144K, used 6115K [0x000002bed0000000, 0x000006bed0000000)
  region size 32768K, 2 young (65536K), 1 survivors (32768K)
 Metaspace       used 16592K, committed 16832K, reserved 1114112K
  class space    used 1556K, committed 1664K, reserved 1048576K
}
Event: 2.385 GC heap after
{Heap after GC invocations=2 (full 0):
 garbage-first heap   total 262144K, used 15239K [0x000002bed0000000, 0x000006bed0000000)
  region size 32768K, 1 young (32768K), 1 survivors (32768K)
 Metaspace       used 16592K, committed 16832K, reserved 1114112K
  class space    used 1556K, committed 1664K, reserved 1048576K
}
Event: 2.785 GC heap before
{Heap before GC invocations=2 (full 0):
 garbage-first heap   total 262144K, used 48007K [0x000002bed0000000, 0x000006bed0000000)
  region size 32768K, 2 young (65536K), 1 survivors (32768K)
 Metaspace       used 16600K, committed 16832K, reserved 1114112K
  class space    used 1556K, committed 1664K, reserved 1048576K
}
Event: 2.798 GC heap after
{Heap after GC invocations=3 (full 0):
 garbage-first heap   total 262144K, used 30948K [0x000002bed0000000, 0x000006bed0000000)
  region size 32768K, 1 young (32768K), 1 survivors (32768K)
 Metaspace       used 16600K, committed 16832K, reserved 1114112K
  class space    used 1556K, committed 1664K, reserved 1048576K
}
Event: 2.835 GC heap before
{Heap before GC invocations=3 (full 0):
 garbage-first heap   total 262144K, used 30948K [0x000002bed0000000, 0x000006bed0000000)
  region size 32768K, 2 young (65536K), 1 survivors (32768K)
 Metaspace       used 16601K, committed 16832K, reserved 1114112K
  class space    used 1556K, committed 1664K, reserved 1048576K
}
Event: 2.851 GC heap after
{Heap after GC invocations=4 (full 0):
 garbage-first heap   total 262144K, used 47064K [0x000002bed0000000, 0x000006bed0000000)
  region size 32768K, 1 young (32768K), 1 survivors (32768K)
 Metaspace       used 16601K, committed 16832K, reserved 1114112K
  class space    used 1556K, committed 1664K, reserved 1048576K
}
Event: 3.141 GC heap before
{Heap before GC invocations=4 (full 0):
 garbage-first heap   total 262144K, used 79832K [0x000002bed0000000, 0x000006bed0000000)
  region size 32768K, 2 young (65536K), 1 survivors (32768K)
 Metaspace       used 16969K, committed 17216K, reserved 1114112K
  class space    used 1611K, committed 1728K, reserved 1048576K
}
Event: 3.154 GC heap after
{Heap after GC invocations=5 (full 0):
 garbage-first heap   total 262144K, used 88843K [0x000002bed0000000, 0x000006bed0000000)
  region size 32768K, 1 young (32768K), 1 survivors (32768K)
 Metaspace       used 16969K, committed 17216K, reserved 1114112K
  class space    used 1611K, committed 1728K, reserved 1048576K
}
Event: 3.218 GC heap before
{Heap before GC invocations=5 (full 0):
 garbage-first heap   total 262144K, used 88843K [0x000002bed0000000, 0x000006bed0000000)
  region size 32768K, 2 young (65536K), 1 survivors (32768K)
 Metaspace       used 16972K, committed 17216K, reserved 1114112K
  class space    used 1611K, committed 1728K, reserved 1048576K
}
Event: 3.236 GC heap after
{Heap after GC invocations=6 (full 0):
 garbage-first heap   total 524288K, used 140331K [0x000002bed0000000, 0x000006bed0000000)
  region size 32768K, 1 young (32768K), 1 survivors (32768K)
 Metaspace       used 16972K, committed 17216K, reserved 1114112K
  class space    used 1611K, committed 1728K, reserved 1048576K
}
Event: 3.831 GC heap before
{Heap before GC invocations=6 (full 0):
 garbage-first heap   total 524288K, used 173099K [0x000002bed0000000, 0x000006bed0000000)
  region size 32768K, 2 young (65536K), 1 survivors (32768K)
 Metaspace       used 17423K, committed 17664K, reserved 1114112K
  class space    used 1666K, committed 1792K, reserved 1048576K
}
Event: 3.845 GC heap after
{Heap after GC invocations=7 (full 0):
 garbage-first heap   total 524288K, used 161471K [0x000002bed0000000, 0x000006bed0000000)
  region size 32768K, 1 young (32768K), 1 survivors (32768K)
 Metaspace       used 17423K, committed 17664K, reserved 1114112K
  class space    used 1666K, committed 1792K, reserved 1048576K
}
Event: 7.612 GC heap before
{Heap before GC invocations=7 (full 0):
 garbage-first heap   total 524288K, used 227007K [0x000002bed0000000, 0x000006bed0000000)
  region size 32768K, 3 young (98304K), 1 survivors (32768K)
 Metaspace       used 19711K, committed 19968K, reserved 1114112K
  class space    used 1993K, committed 2112K, reserved 1048576K
}
Event: 7.637 GC heap after
{Heap after GC invocations=8 (full 0):
 garbage-first heap   total 524288K, used 224546K [0x000002bed0000000, 0x000006bed0000000)
  region size 32768K, 1 young (32768K), 1 survivors (32768K)
 Metaspace       used 19711K, committed 19968K, reserved 1114112K
  class space    used 1993K, committed 2112K, reserved 1048576K
}
Event: 10.305 GC heap before
{Heap before GC invocations=8 (full 0):
 garbage-first heap   total 524288K, used 224546K [0x000002bed0000000, 0x000006bed0000000)
  region size 32768K, 2 young (65536K), 1 survivors (32768K)
 Metaspace       used 21261K, committed 21504K, reserved 1114112K
  class space    used 2181K, committed 2304K, reserved 1048576K
}
Event: 10.316 GC heap after
{Heap after GC invocations=9 (full 0):
 garbage-first heap   total 524288K, used 230596K [0x000002bed0000000, 0x000006bed0000000)
  region size 32768K, 1 young (32768K), 1 survivors (32768K)
 Metaspace       used 21261K, committed 21504K, reserved 1114112K
  class space    used 2181K, committed 2304K, reserved 1048576K
}

Dll operation events (3 events):
Event: 0.013 Loaded shared library C:\Users\bader\.jdks\jbrsdk_jcef-17.0.9\bin\java.dll
Event: 0.165 Loaded shared library C:\Users\bader\.jdks\jbrsdk_jcef-17.0.9\bin\jsvml.dll
Event: 0.322 Loaded shared library C:\Users\bader\.jdks\jbrsdk_jcef-17.0.9\bin\zip.dll

Deoptimization events (20 events):
Event: 10.602 Thread 0x000006e4eafb1d20 Uncommon trap: trap_request=0xffffff45 fr.pc=0x000002bec7dcdcf4 relative=0x0000000000000134
Event: 10.602 Thread 0x000006e4eafb1d20 Uncommon trap: reason=unstable_if action=reinterpret pc=0x000002bec7dcdcf4 method=java.lang.StrictMath.floorOrCeil(DDDD)D @ 24 c2
Event: 10.602 Thread 0x000006e4eafb1d20 DEOPT PACKING pc=0x000002bec7dcdcf4 sp=0x000000df9befd100
Event: 10.602 Thread 0x000006e4eafb1d20 DEOPT UNPACKING pc=0x000002bec77f69a3 sp=0x000000df9befd068 mode 2
Event: 10.624 Thread 0x000006e4eafb4090 Uncommon trap: trap_request=0xffffff45 fr.pc=0x000002bec7dcaf84 relative=0x00000000000001e4
Event: 10.624 Thread 0x000006e4eafb4090 Uncommon trap: reason=unstable_if action=reinterpret pc=0x000002bec7dcaf84 method=sun.java2d.loops.GraphicsPrimitiveMgr.locate(Lsun/java2d/loops/GraphicsPrimitiveMgr$PrimitiveSpec;)Lsun/java2d/loops/GraphicsPrimitive; @ 85 c2
Event: 10.624 Thread 0x000006e4eafb4090 DEOPT PACKING pc=0x000002bec7dcaf84 sp=0x000000df9c7fe8d0
Event: 10.624 Thread 0x000006e4eafb4090 DEOPT UNPACKING pc=0x000002bec77f69a3 sp=0x000000df9c7fe870 mode 2
Event: 10.632 Thread 0x000006e4eafb4090 Uncommon trap: trap_request=0xffffffde fr.pc=0x000002bec7da53f8 relative=0x0000000000000538
Event: 10.632 Thread 0x000006e4eafb4090 Uncommon trap: reason=class_check action=maybe_recompile pc=0x000002bec7da53f8 method=java.util.HashMap.getNode(Ljava/lang/Object;)Ljava/util/HashMap$Node; @ 128 c2
Event: 10.632 Thread 0x000006e4eafb4090 DEOPT PACKING pc=0x000002bec7da53f8 sp=0x000000df9c7fe810
Event: 10.632 Thread 0x000006e4eafb4090 DEOPT UNPACKING pc=0x000002bec77f69a3 sp=0x000000df9c7fe798 mode 2
Event: 10.635 Thread 0x000006e4eafb4090 Uncommon trap: trap_request=0xffffffde fr.pc=0x000002bec7da53f8 relative=0x0000000000000538
Event: 10.635 Thread 0x000006e4eafb4090 Uncommon trap: reason=class_check action=maybe_recompile pc=0x000002bec7da53f8 method=java.util.HashMap.getNode(Ljava/lang/Object;)Ljava/util/HashMap$Node; @ 128 c2
Event: 10.635 Thread 0x000006e4eafb4090 DEOPT PACKING pc=0x000002bec7da53f8 sp=0x000000df9c7fe810
Event: 10.635 Thread 0x000006e4eafb4090 DEOPT UNPACKING pc=0x000002bec77f69a3 sp=0x000000df9c7fe798 mode 2
Event: 10.687 Thread 0x000006e4eafb3670 DEOPT PACKING pc=0x000002bec062cf88 sp=0x000000df9c8fef20
Event: 10.687 Thread 0x000006e4eafb3670 DEOPT UNPACKING pc=0x000002bec77f7143 sp=0x000000df9c8fe440 mode 0
Event: 10.753 Thread 0x000006e4eafb4090 DEOPT PACKING pc=0x000002bec065bac5 sp=0x000000df9c7ff110
Event: 10.753 Thread 0x000006e4eafb4090 DEOPT UNPACKING pc=0x000002bec77f7143 sp=0x000000df9c7fe620 mode 0

Classes unloaded (0 events):
No events

Classes redefined (0 events):
No events

Internal exceptions (20 events):
Event: 1.958 Thread 0x000002bebaedd120 Exception <a 'java/lang/NoSuchMethodError'{0x000002bedf760e98}: 'int java.lang.invoke.DirectMethodHandle$Holder.invokeStaticInit(java.lang.Object, int, int)'> (0x000002bedf760e98) 
thrown [s\src\hotspot\share\interpreter\linkResolver.cpp, line 771]
Event: 1.959 Thread 0x000002bebaedd120 Exception <a 'java/lang/NoSuchMethodError'{0x000002bedf76a9c0}: 'int java.lang.invoke.DirectMethodHandle$Holder.invokeStaticInit(java.lang.Object, long, long)'> (0x000002bedf76a9c0) 
thrown [s\src\hotspot\share\interpreter\linkResolver.cpp, line 771]
Event: 1.959 Thread 0x000002bebaedd120 Exception <a 'java/lang/NoSuchMethodError'{0x000002bedf7736a8}: 'int java.lang.invoke.DirectMethodHandle$Holder.invokeStaticInit(java.lang.Object, float, float)'> (0x000002bedf7736a8) 
thrown [s\src\hotspot\share\interpreter\linkResolver.cpp, line 771]
Event: 1.960 Thread 0x000002bebaedd120 Exception <a 'java/lang/NoSuchMethodError'{0x000002bedf77c398}: 'int java.lang.invoke.DirectMethodHandle$Holder.invokeStaticInit(java.lang.Object, double, double)'> (0x000002bedf77c398) 
thrown [s\src\hotspot\share\interpreter\linkResolver.cpp, line 771]
Event: 1.961 Thread 0x000002bebaedd120 Exception <a 'java/lang/NoSuchMethodError'{0x000002bedf781e68}: 'int java.lang.invoke.DirectMethodHandle$Holder.invokeStatic(java.lang.Object, long)'> (0x000002bedf781e68) 
thrown [s\src\hotspot\share\interpreter\linkResolver.cpp, line 771]
Event: 1.967 Thread 0x000002bebaedd120 Exception <a 'java/lang/NoSuchMethodError'{0x000002bedf7b0958}: 'int java.lang.invoke.Invokers$Holder.linkToTargetMethod(java.lang.Object, java.lang.Object)'> (0x000002bedf7b0958) 
thrown [s\src\hotspot\share\interpreter\linkResolver.cpp, line 771]
Event: 4.900 Thread 0x000002bebaedd120 Exception <a 'java/lang/NoSuchMethodError'{0x000002beef031310}: 'void java.lang.invoke.DirectMethodHandle$Holder.invokeSpecial(java.lang.Object, java.lang.Object, java.lang.Object)'> (0x000002beef031310) 
thrown [s\src\hotspot\share\interpreter\linkResolver.cpp, line 771]
Event: 7.507 Thread 0x000002bebaedd120 Exception <a 'java/lang/NoSuchMethodError'{0x000002beebc862d0}: 'void java.lang.invoke.DirectMethodHandle$Holder.invokeStaticInit(java.lang.Object)'> (0x000002beebc862d0) 
thrown [s\src\hotspot\share\interpreter\linkResolver.cpp, line 771]
Event: 7.542 Thread 0x000006e4eafb1d20 Exception <a 'java/lang/NoSuchMethodError'{0x000002beebd337b8}: 'java.lang.Object java.lang.invoke.DirectMethodHandle$Holder.newInvokeSpecial(java.lang.Object, java.lang.Object, java.lang.Object, java.lang.Object, java.lang.Object)'> (0x000002beebd337b8) 
thrown [s\src\hotspot\share\interpreter\linkResolver.cpp, line 771]
Event: 7.543 Thread 0x000006e4eafb1d20 Exception <a 'java/lang/NoSuchMethodError'{0x000002beebd42088}: 'java.lang.Object java.lang.invoke.DirectMethodHandle$Holder.invokeStatic(java.lang.Object, int, java.lang.Object, java.lang.Object, java.lang.Object, java.lang.Object)'> (0x000002beebd42088) 
thrown [s\src\hotspot\share\interpreter\linkResolver.cpp, line 771]
Event: 7.574 Thread 0x000006e4eafb1d20 Exception <a 'java/lang/ClassNotFoundException'{0x000002beebf21928}: com/sun/swing/internal/plaf/metal/resources/spi/metalProvider> (0x000002beebf21928) 
thrown [s\src\hotspot\share\classfile\systemDictionary.cpp, line 256]
Event: 7.575 Thread 0x000006e4eafb1d20 Exception <a 'java/lang/ClassNotFoundException'{0x000002beebf27880}: com/sun/swing/internal/plaf/basic/resources/spi/basicProvider> (0x000002beebf27880) 
thrown [s\src\hotspot\share\classfile\systemDictionary.cpp, line 256]
Event: 7.579 Thread 0x000006e4eafb1d20 Exception <a 'java/lang/NoSuchMethodError'{0x000002beebf4bc38}: 'java.lang.Object java.lang.invoke.Invokers$Holder.linkToTargetMethod(java.lang.Object, int, java.lang.Object, java.lang.Object, java.lang.Object)'> (0x000002beebf4bc38) 
thrown [s\src\hotspot\share\interpreter\linkResolver.cpp, line 771]
Event: 7.641 Thread 0x000006e4ea7ceb50 Exception <a 'java/lang/NoSuchMethodError'{0x000002beee0050f0}: 'void java.lang.invoke.DirectMethodHandle$Holder.invokeVirtual(java.lang.Object, java.lang.Object)'> (0x000002beee0050f0) 
thrown [s\src\hotspot\share\interpreter\linkResolver.cpp, line 771]
Event: 7.659 Thread 0x000006e4eafb1d20 Exception <a 'java/lang/NoSuchMethodError'{0x000002beee07f1d8}: 'java.lang.Object java.lang.invoke.DirectMethodHandle$Holder.newInvokeSpecial(java.lang.Object, java.lang.Object, int, int, int, int)'> (0x000002beee07f1d8) 
thrown [s\src\hotspot\share\interpreter\linkResolver.cpp, line 771]
Event: 7.662 Thread 0x000006e4eafb1d20 Exception <a 'java/lang/NoSuchMethodError'{0x000002beee091170}: 'void java.lang.invoke.DirectMethodHandle$Holder.invokeSpecial(java.lang.Object, java.lang.Object, int, int)'> (0x000002beee091170) 
thrown [s\src\hotspot\share\interpreter\linkResolver.cpp, line 771]
Event: 7.663 Thread 0x000006e4eafb1d20 Exception <a 'java/lang/NoSuchMethodError'{0x000002beee098fd8}: 'java.lang.Object java.lang.invoke.DirectMethodHandle$Holder.newInvokeSpecial(java.lang.Object, java.lang.Object, int, int)'> (0x000002beee098fd8) 
thrown [s\src\hotspot\share\interpreter\linkResolver.cpp, line 771]
Event: 7.815 Thread 0x000006e4eafb1d20 Exception <a 'java/lang/NoSuchMethodError'{0x000002beee1a33c0}: 'java.lang.Object java.lang.invoke.Invokers$Holder.invoke_MT(java.lang.Object, java.lang.Object, java.lang.Object)'> (0x000002beee1a33c0) 
thrown [s\src\hotspot\share\interpreter\linkResolver.cpp, line 771]
Event: 7.817 Thread 0x000006e4eafb1d20 Exception <a 'java/lang/NoSuchMethodError'{0x000002beee1b1c18}: 'int java.lang.invoke.Invokers$Holder.invoke_MT(java.lang.Object, java.lang.Object, java.lang.Object)'> (0x000002beee1b1c18) 
thrown [s\src\hotspot\share\interpreter\linkResolver.cpp, line 771]
Event: 9.340 Thread 0x000006e4eafb1d20 Exception <a 'java/lang/NoSuchMethodError'{0x000002beee200d80}: 'void java.lang.invoke.DirectMethodHandle$Holder.invokeStatic(java.lang.Object, java.lang.Object, java.lang.Object)'> (0x000002beee200d80) 
thrown [s\src\hotspot\share\interpreter\linkResolver.cpp, line 771]

VM Operations (20 events):
Event: 5.863 Executing VM operation: Cleanup
Event: 5.863 Executing VM operation: Cleanup done
Event: 7.612 Executing VM operation: G1CollectForAllocation
Event: 7.637 Executing VM operation: G1CollectForAllocation done
Event: 7.700 Executing VM operation: HandshakeAllThreads
Event: 7.701 Executing VM operation: HandshakeAllThreads done
Event: 8.711 Executing VM operation: Cleanup
Event: 8.711 Executing VM operation: Cleanup done
Event: 9.717 Executing VM operation: Cleanup
Event: 9.717 Executing VM operation: Cleanup done
Event: 10.305 Executing VM operation: CollectForMetadataAllocation
Event: 10.316 Executing VM operation: CollectForMetadataAllocation done
Event: 10.361 Executing VM operation: G1PauseRemark
Event: 10.362 Executing VM operation: G1PauseRemark done
Event: 10.377 Executing VM operation: G1PauseCleanup
Event: 10.377 Executing VM operation: G1PauseCleanup done
Event: 11.378 Executing VM operation: Cleanup
Event: 11.378 Executing VM operation: Cleanup done
Event: 12.385 Executing VM operation: Cleanup
Event: 12.385 Executing VM operation: Cleanup done

Events (20 events):
Event: 10.627 loading class java/awt/LightweightDispatcher$2 done
Event: 10.629 loading class sun/java2d/pipe/RegionSpanIterator
Event: 10.629 loading class sun/java2d/pipe/SpanIterator
Event: 10.629 loading class sun/java2d/pipe/SpanIterator done
Event: 10.629 loading class sun/java2d/pipe/RegionSpanIterator done
Event: 11.134 Thread 0x000006e4eb082040 Thread added: 0x000006e4eb082040
Event: 11.199 loading class java/awt/image/BufferedImageOp
Event: 11.200 loading class java/awt/image/BufferedImageOp done
Event: 11.332 Thread 0x000006e4eb082040 Thread exited: 0x000006e4eb082040
Event: 12.735 Thread 0x000006e4eafb4fc0 Thread added: 0x000006e4eafb4fc0
Event: 12.735 Thread 0x000006e4eafb6e20 Thread added: 0x000006e4eafb6e20
Event: 12.735 Thread 0x000006e4eafafec0 Thread added: 0x000006e4eafafec0
Event: 12.735 loading class java/util/WeakHashMap$KeyIterator
Event: 12.735 loading class sun/font/SunFontManager$8$1
Event: 12.735 loading class java/util/WeakHashMap$HashIterator
Event: 12.735 loading class sun/font/SunFontManager$8$1 done
Event: 12.735 loading class java/util/WeakHashMap$HashIterator done
Event: 12.735 loading class java/util/WeakHashMap$KeyIterator done
Event: 12.735 Thread 0x000006e4eafb4fc0 Thread exited: 0x000006e4eafb4fc0
Event: 12.738 Thread 0x000006e4eafb6e20 Thread exited: 0x000006e4eafb6e20


Dynamic libraries:
0x00007ff782070000 - 0x00007ff78207a000 	C:\Users\bader\.jdks\jbrsdk_jcef-17.0.9\bin\java.exe
0x00007ffed6e90000 - 0x00007ffed7088000 	C:\Windows\SYSTEM32\ntdll.dll
0x00007ffed4f20000 - 0x00007ffed4fe2000 	C:\Windows\System32\KERNEL32.DLL
0x00007ffed4960000 - 0x00007ffed4c5e000 	C:\Windows\System32\KERNELBASE.dll
0x00007ffed4db0000 - 0x00007ffed4eb0000 	C:\Windows\System32\ucrtbase.dll
0x00007ffecf5a0000 - 0x00007ffecf5b7000 	C:\Users\bader\.jdks\jbrsdk_jcef-17.0.9\bin\jli.dll
0x00007ffecd160000 - 0x00007ffecd17b000 	C:\Users\bader\.jdks\jbrsdk_jcef-17.0.9\bin\VCRUNTIME140.dll
0x00007ffed6bd0000 - 0x00007ffed6d6d000 	C:\Windows\System32\USER32.dll
0x00007ffed4650000 - 0x00007ffed4672000 	C:\Windows\System32\win32u.dll
0x00007ffeba210000 - 0x00007ffeba4aa000 	C:\Windows\WinSxS\amd64_microsoft.windows.common-controls_6595b64144ccf1df_6.0.19041.4355_none_60b8b9eb71f62e16\COMCTL32.dll
0x00007ffed61a0000 - 0x00007ffed61cb000 	C:\Windows\System32\GDI32.dll
0x00007ffed67d0000 - 0x00007ffed686e000 	C:\Windows\System32\msvcrt.dll
0x00007ffed4530000 - 0x00007ffed4647000 	C:\Windows\System32\gdi32full.dll
0x00007ffed4d10000 - 0x00007ffed4dad000 	C:\Windows\System32\msvcp_win.dll
0x00007ffed6100000 - 0x00007ffed612f000 	C:\Windows\System32\IMM32.DLL
0x00007ffed0df0000 - 0x00007ffed0dfc000 	C:\Users\bader\.jdks\jbrsdk_jcef-17.0.9\bin\vcruntime140_1.dll
0x00007ffeb69d0000 - 0x00007ffeb6a5d000 	C:\Users\bader\.jdks\jbrsdk_jcef-17.0.9\bin\msvcp140.dll
0x00007ffe44ae0000 - 0x00007ffe45762000 	C:\Users\bader\.jdks\jbrsdk_jcef-17.0.9\bin\server\jvm.dll
0x00007ffed6d90000 - 0x00007ffed6e41000 	C:\Windows\System32\ADVAPI32.dll
0x00007ffed5e40000 - 0x00007ffed5edf000 	C:\Windows\System32\sechost.dll
0x00007ffed62a0000 - 0x00007ffed63c3000 	C:\Windows\System32\RPCRT4.dll
0x00007ffed4760000 - 0x00007ffed4787000 	C:\Windows\System32\bcrypt.dll
0x00007ffed3a60000 - 0x00007ffed3aab000 	C:\Windows\SYSTEM32\POWRPROF.dll
0x00007ffecf4c0000 - 0x00007ffecf4c9000 	C:\Windows\SYSTEM32\WSOCK32.dll
0x00007ffeb9a40000 - 0x00007ffeb9a67000 	C:\Windows\SYSTEM32\WINMM.dll
0x00007ffecd650000 - 0x00007ffecd65a000 	C:\Windows\SYSTEM32\VERSION.dll
0x00007ffed6090000 - 0x00007ffed60fb000 	C:\Windows\System32\WS2_32.dll
0x00007ffed3930000 - 0x00007ffed3942000 	C:\Windows\SYSTEM32\UMPDC.dll
0x00007ffed23b0000 - 0x00007ffed23c2000 	C:\Windows\SYSTEM32\kernel.appcore.dll
0x00007ffecff90000 - 0x00007ffecff9a000 	C:\Users\bader\.jdks\jbrsdk_jcef-17.0.9\bin\jimage.dll
0x00007ffed1cc0000 - 0x00007ffed1ea4000 	C:\Windows\SYSTEM32\DBGHELP.DLL
0x00007ffec4470000 - 0x00007ffec44a4000 	C:\Windows\SYSTEM32\dbgcore.DLL
0x00007ffed46d0000 - 0x00007ffed4752000 	C:\Windows\System32\bcryptPrimitives.dll
0x00007ffecf690000 - 0x00007ffecf69e000 	C:\Users\bader\.jdks\jbrsdk_jcef-17.0.9\bin\instrument.dll
0x00007ffebbd20000 - 0x00007ffebbd45000 	C:\Users\bader\.jdks\jbrsdk_jcef-17.0.9\bin\java.dll
0x00007ffebb1f0000 - 0x00007ffebb208000 	C:\Users\bader\.jdks\jbrsdk_jcef-17.0.9\bin\zip.dll
0x00007ffe8a170000 - 0x00007ffe8a247000 	C:\Users\bader\.jdks\jbrsdk_jcef-17.0.9\bin\jsvml.dll
0x00007ffed4ff0000 - 0x00007ffed575d000 	C:\Windows\System32\SHELL32.dll
0x00007ffed25b0000 - 0x00007ffed2d54000 	C:\Windows\SYSTEM32\windows.storage.dll
0x00007ffed6870000 - 0x00007ffed6bc3000 	C:\Windows\System32\combase.dll
0x00007ffed3f60000 - 0x00007ffed3f8e000 	C:\Windows\SYSTEM32\Wldp.dll
0x00007ffed61d0000 - 0x00007ffed629d000 	C:\Windows\System32\OLEAUT32.dll
0x00007ffed65c0000 - 0x00007ffed666d000 	C:\Windows\System32\SHCORE.dll
0x00007ffed6560000 - 0x00007ffed65b5000 	C:\Windows\System32\shlwapi.dll
0x00007ffed4460000 - 0x00007ffed4484000 	C:\Windows\SYSTEM32\profapi.dll
0x00007ffebb1d0000 - 0x00007ffebb1e9000 	C:\Users\bader\.jdks\jbrsdk_jcef-17.0.9\bin\net.dll
0x00007ffeccc80000 - 0x00007ffeccd8d000 	C:\Windows\SYSTEM32\WINHTTP.dll
0x00007ffed3cc0000 - 0x00007ffed3d2a000 	C:\Windows\system32\mswsock.dll
0x00007ffeba090000 - 0x00007ffeba0a6000 	C:\Users\bader\.jdks\jbrsdk_jcef-17.0.9\bin\nio.dll
0x00007ffec17e0000 - 0x00007ffec17fa000 	C:\Program Files\JetBrains\IntelliJ IDEA Community Edition 2023.3.6\bin\breakgen64.dll
0x00007ffe61380000 - 0x00007ffe6151a000 	C:\Users\bader\.jdks\jbrsdk_jcef-17.0.9\bin\awt.dll
0x00007ffed20b0000 - 0x00007ffed20df000 	C:\Windows\SYSTEM32\dwmapi.dll
0x00007ffeb6fc0000 - 0x00007ffeb7004000 	C:\Users\bader\.jdks\jbrsdk_jcef-17.0.9\bin\nvdaControllerClient64.dll
0x00007ffecf1c0000 - 0x00007ffecf254000 	C:\Windows\SYSTEM32\apphelp.dll
0x00007ffeb81e0000 - 0x00007ffeb8308000 	C:\Windows\system32\opengl32.dll
0x00007ffeb7c60000 - 0x00007ffeb7c8c000 	C:\Windows\SYSTEM32\GLU32.dll
0x00007ffed1090000 - 0x00007ffed112e000 	C:\Windows\system32\uxtheme.dll
0x00007ffed5bd0000 - 0x00007ffed5ce5000 	C:\Windows\System32\MSCTF.dll
0x00007ffed5cf0000 - 0x00007ffed5d99000 	C:\Windows\System32\clbcatq.dll
0x00007ffe49260000 - 0x00007ffe4a22a000 	C:\Windows\System32\DriverStore\FileRepository\iigd_dch.inf_amd64_5d54dd32fa1ef4d4\ig9icd64.dll
0x00007ffed6430000 - 0x00007ffed655b000 	C:\Windows\System32\ole32.dll
0x00007ffed2dc0000 - 0x00007ffed2eb6000 	C:\Windows\system32\dxgi.dll
0x00007ffec7a80000 - 0x00007ffec7cbf000 	C:\Windows\System32\DriverStore\FileRepository\iigd_dch.inf_amd64_5d54dd32fa1ef4d4\igdgmm64.dll
0x00007ffec4eb0000 - 0x00007ffec7a79000 	C:\Windows\System32\DriverStore\FileRepository\iigd_dch.inf_amd64_5d54dd32fa1ef4d4\igc64.dll
0x00007ffe63280000 - 0x00007ffe6368c000 	C:\Windows\System32\DriverStore\FileRepository\iigd_dch.inf_amd64_5d54dd32fa1ef4d4\igdml64.dll
0x00007ffed3ec0000 - 0x00007ffed3ed8000 	C:\Windows\SYSTEM32\CRYPTSP.dll
0x00007ffed3570000 - 0x00007ffed35a4000 	C:\Windows\system32\rsaenh.dll
0x00007ffed4420000 - 0x00007ffed444e000 	C:\Windows\SYSTEM32\USERENV.dll
0x00007ffed3eb0000 - 0x00007ffed3ebc000 	C:\Windows\SYSTEM32\CRYPTBASE.dll
0x00007ffed3950000 - 0x00007ffed398b000 	C:\Windows\SYSTEM32\IPHLPAPI.DLL
0x00007ffed5e30000 - 0x00007ffed5e38000 	C:\Windows\System32\NSI.dll
0x00007ffecc960000 - 0x00007ffecc977000 	C:\Windows\SYSTEM32\dhcpcsvc6.DLL
0x00007ffeccbf0000 - 0x00007ffeccc0d000 	C:\Windows\SYSTEM32\dhcpcsvc.DLL
0x00007ffed3990000 - 0x00007ffed3a5a000 	C:\Windows\SYSTEM32\DNSAPI.dll
0x00007ffe7a6f0000 - 0x00007ffe7a777000 	C:\Users\bader\.jdks\jbrsdk_jcef-17.0.9\bin\freetype.dll
0x00007ffe76760000 - 0x00007ffe76837000 	C:\Users\bader\.jdks\jbrsdk_jcef-17.0.9\bin\fontmanager.dll
0x00007ffeabb50000 - 0x00007ffeabb62000 	C:\Users\bader\.jdks\jbrsdk_jcef-17.0.9\bin\jsound.dll
0x00007ffe799f0000 - 0x00007ffe79a8c000 	C:\Windows\SYSTEM32\DSOUND.dll
0x00007ffec02f0000 - 0x00007ffec0316000 	C:\Windows\SYSTEM32\winmmbase.dll
0x00007ffecce00000 - 0x00007ffecce85000 	C:\Windows\System32\MMDevApi.dll
0x00007ffed42c0000 - 0x00007ffed42f3000 	C:\Windows\System32\DEVOBJ.dll
0x00007ffed4680000 - 0x00007ffed46ce000 	C:\Windows\System32\cfgmgr32.dll
0x00007ffeb5080000 - 0x00007ffeb50c6000 	C:\Windows\SYSTEM32\wdmaud.drv
0x00007ffecf4e0000 - 0x00007ffecf4e9000 	C:\Windows\SYSTEM32\ksuser.dll
0x00007ffeced00000 - 0x00007ffeced0a000 	C:\Windows\SYSTEM32\AVRT.dll
0x00007ffecce90000 - 0x00007ffecd011000 	C:\Windows\SYSTEM32\AUDIOSES.DLL
0x00007ffeb5070000 - 0x00007ffeb507d000 	C:\Windows\SYSTEM32\msacm32.drv
0x00007ffeb5050000 - 0x00007ffeb506e000 	C:\Windows\SYSTEM32\MSACM32.dll
0x00007ffeb5040000 - 0x00007ffeb504b000 	C:\Windows\SYSTEM32\midimap.dll
0x00007ffed1fb0000 - 0x00007ffed1fc4000 	C:\Windows\SYSTEM32\resourcepolicyclient.dll
0x00007ffeb1a60000 - 0x00007ffeb1c05000 	C:\Windows\WinSxS\amd64_microsoft.windows.gdiplus_6595b64144ccf1df_1.1.19041.4597_none_91a78020cc854124\gdiplus.dll
0x00007ffebfdd0000 - 0x00007ffebfec9000 	C:\Windows\SYSTEM32\textinputframework.dll
0x00007ffece6e0000 - 0x00007ffecea3b000 	C:\Windows\System32\CoreUIComponents.dll
0x00007ffecea50000 - 0x00007ffeceb42000 	C:\Windows\System32\CoreMessaging.dll
0x00007ffed12c0000 - 0x00007ffed1417000 	C:\Windows\SYSTEM32\wintypes.dll
0x00007ffed37c0000 - 0x00007ffed37f3000 	C:\Windows\SYSTEM32\ntmarta.dll
0x00007ffeb7e70000 - 0x00007ffeb8165000 	C:\Windows\System32\uiautomationcore.dll
0x00007ffed1880000 - 0x00007ffed1976000 	C:\Windows\System32\PROPSYS.dll
0x00007ffeb8170000 - 0x00007ffeb81d6000 	C:\Windows\System32\OLEACC.dll
0x00007ffebfed0000 - 0x00007ffec000f000 	C:\Windows\System32\Windows.UI.dll
0x00007ffebfc70000 - 0x00007ffebfdc2000 	C:\Windows\System32\InputHost.dll
0x00007ffecbdf0000 - 0x00007ffecbe91000 	C:\Windows\System32\WindowManagementAPI.dll
0x00007ffecb4a0000 - 0x00007ffecb6a3000 	C:\Windows\SYSTEM32\twinapi.appcore.dll

dbghelp: loaded successfully - version: 4.0.5 - missing functions: none
symbol engine: initialized successfully - sym options: 0x614 - pdb path: .;C:\Users\bader\.jdks\jbrsdk_jcef-17.0.9\bin;C:\Windows\SYSTEM32;C:\Windows\WinSxS\amd64_microsoft.windows.common-controls_6595b64144ccf1df_6.0.19041.4355_none_60b8b9eb71f62e16;C:\Users\bader\.jdks\jbrsdk_jcef-17.0.9\bin\server;C:\Program Files\JetBrains\IntelliJ IDEA Community Edition 2023.3.6\bin;C:\Windows\System32\DriverStore\FileRepository\iigd_dch.inf_amd64_5d54dd32fa1ef4d4;C:\Windows\WinSxS\amd64_microsoft.windows.gdiplus_6595b64144ccf1df_1.1.19041.4597_none_91a78020cc854124

VM Arguments:
jvm_args: -Xmx3072g -Xmx4096g -Dsun.java2d.opengl=true -XX:ErrorFile=logs/hs_err_pid%p.log -javaagent:C:\Program Files\JetBrains\IntelliJ IDEA Community Edition 2023.3.6\lib\idea_rt.jar=57600:C:\Program Files\JetBrains\IntelliJ IDEA Community Edition 2023.3.6\bin -Dfile.encoding=UTF-8 
java_command: net.sendback.Main
java_class_path (initial): C:\Users\bader\OneDrive\Bureau\Idea\GTS_PRojekt\target\classes
Launcher Type: SUN_STANDARD

[Global flags]
     intx CICompilerCount                          = 4                                         {product} {ergonomic}
     uint ConcGCThreads                            = 3                                         {product} {ergonomic}
    ccstr ErrorFile                                = logs/hs_err_pid%p.log                     {product} {command line}
     uint G1ConcRefinementThreads                  = 10                                        {product} {ergonomic}
   size_t G1HeapRegionSize                         = 33554432                                  {product} {ergonomic}
    uintx GCDrainStackTargetSize                   = 64                                        {product} {ergonomic}
   size_t InitialHeapSize                          = 268435456                                 {product} {ergonomic}
   size_t MarkStackSize                            = 4194304                                   {product} {ergonomic}
   size_t MaxHeapSize                              = 4398046511104                             {product} {command line}
   size_t MaxNewSize                               = 2638821195776                             {product} {ergonomic}
   size_t MinHeapDeltaBytes                        = 33554432                                  {product} {ergonomic}
   size_t MinHeapSize                              = 33554432                                  {product} {ergonomic}
    uintx NonNMethodCodeHeapSize                   = 5839372                                {pd product} {ergonomic}
    uintx NonProfiledCodeHeapSize                  = 122909434                              {pd product} {ergonomic}
    uintx ProfiledCodeHeapSize                     = 122909434                              {pd product} {ergonomic}
    uintx ReservedCodeCacheSize                    = 251658240                              {pd product} {ergonomic}
     bool SegmentedCodeCache                       = true                                      {product} {ergonomic}
   size_t SoftMaxHeapSize                          = 4398046511104                          {manageable} {ergonomic}
     bool UseCompressedClassPointers               = true                           {product lp64_product} {ergonomic}
     bool UseG1GC                                  = true                                      {product} {ergonomic}
     bool UseLargePagesIndividualAllocation        = false                                  {pd product} {ergonomic}

Logging:
Log output configuration:
 #0: stdout all=warning uptime,level,tags
 #1: stderr all=off uptime,level,tags

Environment Variables:
PATH=C:\Program Files\Common Files\Oracle\Java\javapath;C:\Windows\system32;C:\Windows;C:\Windows\System32\Wbem;C:\Windows\System32\WindowsPowerShell\v1.0\;C:\Windows\System32\OpenSSH\;C:\Program Files (x86)\NVIDIA Corporation\PhysX\Common;C:\Program Files\dotnet\;C:\Users\bader\AppData\Local\Microsoft\WindowsApps;C:\Users\bader\AppData\Local\GitHubDesktop\bin
USERNAME=bader
OS=Windows_NT
PROCESSOR_IDENTIFIER=Intel64 Family 6 Model 158 Stepping 10, GenuineIntel
TMP=C:\Users\bader\AppData\Local\Temp
TEMP=C:\Users\bader\AppData\Local\Temp



Periodic native trim disabled

JNI global refs:
JNI global refs: 130, weak refs: 170

JNI global refs memory usage: 2107, weak refs: 2105

OOME stack traces (most recent first):
Classloader memory used:
Loader bootstrap                                                                       : 2652K
Loader jdk.internal.loader.ClassLoaders$AppClassLoader                                 : 34854B
Loader jdk.internal.reflect.DelegatingClassLoader                                      : 5061B
Loader jdk.internal.loader.ClassLoaders$PlatformClassLoader                            : 764B


---------------  S Y S T E M  ---------------

OS:
 Windows 10 , 64 bit Build 19041 (10.0.19041.5072)
OS uptime: 18 days 1:43 hours

CPU: total 12 (initial active 12) (6 cores per cpu, 2 threads per core) family 6 model 158 stepping 10 microcode 0xf0, cx8, cmov, fxsr, ht, mmx, 3dnowpref, sse, sse2, sse3, ssse3, sse4.1, sse4.2, popcnt, lzcnt, tsc, tscinvbit, avx, avx2, aes, erms, clmul, bmi1, bmi2, adx, fma, vzeroupper, clflush, clflushopt
Processor Information for all 12 processors :
  Max Mhz: 2592, Current Mhz: 2592, Mhz Limit: 2592

Memory: 4k page, system-wide physical 16254M (2993M free)
TotalPageFile size 19752M (AvailPageFile size 2636M)
current process WorkingSet (physical memory assigned to process): 682M, peak: 699M
current process commit charge ("private bytes"): 911M, peak: 922M

vm_info: OpenJDK 64-Bit Server VM (17.0.9+8-b1166.2) for windows-amd64 JRE (17.0.9+8-b1166.2), built on 2024-01-13 by "builduser" with MS VC++ 16.10 / 16.11 (VS2019)

END.
