#
# A fatal error has been detected by the Java Runtime Environment:
#
#  EXCEPTION_ACCESS_VIOLATION (0xc0000005) at pc=0x00007ffe45df3c53, pid=31376, tid=28404
#
# JRE version: OpenJDK Runtime Environment JBR-17.0.9+8-1166.2-jcef (17.0.9+8) (build 17.0.9+8-b1166.2)
# Java VM: OpenJDK 64-Bit Server VM JBR-17.0.9+8-1166.2-jcef (17.0.9+8-b1166.2, mixed mode, tiered, compressed class ptrs, g1 gc, windows-amd64)
# Problematic frame:
# C  [ig9icd64.dll+0x9c3c53]
#
# No core dump will be written. Minidumps are not enabled by default on client versions of Windows
#
# If you would like to submit a bug report, please visit:
#   https://youtrack.jetbrains.com/issues/JBR
# The crash happened outside the Java Virtual Machine in native code.
# See problematic frame for where to report the bug.
#

---------------  S U M M A R Y ------------

Command Line: -Xmx3072g -Xmx4096g -Dsun.java2d.opengl=true -XX:ErrorFile=logs/hs_err_pid%p.log -javaagent:C:\Program Files\JetBrains\IntelliJ IDEA Community Edition 2023.3.6\lib\idea_rt.jar=50825:C:\Program Files\JetBrains\IntelliJ IDEA Community Edition 2023.3.6\bin -Dfile.encoding=UTF-8 net.sendback.Main

Host: Intel(R) Core(TM) i7-9750H CPU @ 2.60GHz, 12 cores, 15G,  Windows 10 , 64 bit Build 19041 (10.0.19041.5072)
Time: Thu Nov  7 20:16:26 2024 Mitteleuropäische Zeit elapsed time: 28.638554 seconds (0d 0h 0m 28s)

---------------  T H R E A D  ---------------

Current thread (0x00000650ff7785c0):  JavaThread "Java2D Queue Flusher" daemon [_thread_in_native, id=28404, stack(0x0000005bb8b00000,0x0000005bb8c00000)]

Stack: [0x0000005bb8b00000,0x0000005bb8c00000],  sp=0x0000005bb8bfec78,  free space=1019k
Native frames: (J=compiled Java code, j=interpreted, Vv=VM code, C=native code)
C  [ig9icd64.dll+0x9c3c53]

Java frames: (J=compiled Java code, j=interpreted, Vv=VM code)
J 2669  sun.java2d.opengl.OGLRenderQueue.flushBuffer(JI)V java.desktop (0 bytes) @ 0x0000022ae99a085b [0x0000022ae99a0820+0x000000000000003b]
J 2668 c1 sun.java2d.opengl.OGLRenderQueue.flushBuffer()V java.desktop (41 bytes) @ 0x0000022ae2283804 [0x0000022ae22836e0+0x0000000000000124]
j  sun.java2d.opengl.OGLRenderQueue$QueueFlusher.run()V+81 java.desktop
j  java.lang.Thread.run()V+11 java.base@17.0.9
v  ~StubRoutines::call_stub

siginfo: EXCEPTION_ACCESS_VIOLATION (0xc0000005), reading address 0xffffffffffffffff


Registers:
RAX=0x000000000fff0fff, RBX=0x00007ffe45430000, RCX=0x000000033fcf3fcc, RDX=0x0000005bb8bff190
RSP=0x0000005bb8bfec78, RBP=0x0000005bb8bfed80, RSI=0x0000022a8bc19100, RDI=0x0000005bb8bfef80
R8 =0x0000005bb8bfedb0, R9 =0x0000005bb8bff190, R10=0x0000005bb8bfef80, R11=0x0000000000000000
R12=0x00007ffe4625a420, R13=0x0000000000000000, R14=0x0000000000000000, R15=0x00000000000001c1
RIP=0x00007ffe45df3c53, EFLAGS=0x0000000000010206


Register to memory mapping:

RIP=0x00007ffe45df3c53 ig9icd64.dll
RAX=0x000000000fff0fff is an unknown value
RBX=0x00007ffe45430000 ig9icd64.dll
RCX=0x000000033fcf3fcc is an unknown value
RDX=0x0000005bb8bff190 is pointing into the stack for thread: 0x00000650ff7785c0
RSP=0x0000005bb8bfec78 is pointing into the stack for thread: 0x00000650ff7785c0
RBP=0x0000005bb8bfed80 is pointing into the stack for thread: 0x00000650ff7785c0
RSI=0x0000022a8bc19100 points into unknown readable memory: 0x00000650ff7ed940 | 40 d9 7e ff 50 06 00 00
RDI=0x0000005bb8bfef80 is pointing into the stack for thread: 0x00000650ff7785c0
R8 =0x0000005bb8bfedb0 is pointing into the stack for thread: 0x00000650ff7785c0
R9 =0x0000005bb8bff190 is pointing into the stack for thread: 0x00000650ff7785c0
R10=0x0000005bb8bfef80 is pointing into the stack for thread: 0x00000650ff7785c0
R11=0x0 is NULL
R12=0x00007ffe4625a420 ig9icd64.dll
R13=0x0 is NULL
R14=0x0 is NULL
R15=0x00000000000001c1 is an unknown value


Top of Stack: (sp=0x0000005bb8bfec78)
0x0000005bb8bfec78:   00007ffe45df138b 0000000000000001
0x0000005bb8bfec88:   0000000000000000 0000022a8f53b100
0x0000005bb8bfec98:   00007ffec7a82572 0000005b00000065
0x0000005bb8bfeca8:   0000005bb8bfeeb0 0000000000000000
0x0000005bb8bfecb8:   0000022a8c9ba870 0000000000000000
0x0000005bb8bfecc8:   0000022a8c9c7640 0000022a8f53b170
0x0000005bb8bfecd8:   0000000000000fb0 0000000000000000
0x0000005bb8bfece8:   0000000000000000 0000005bb8bfee60
0x0000005bb8bfecf8:   00007ffe45a89070 0000000000000000
0x0000005bb8bfed08:   0000000000000000 0000000000000000
0x0000005bb8bfed18:   0000000000000000 00004ebc28c5b4d3
0x0000005bb8bfed28:   00007ffe454464e5 0000022a8f53b170
0x0000005bb8bfed38:   0000000000004001 0000000000000300
0x0000005bb8bfed48:   00007ffed6ebb86b 000000000025001c
0x0000005bb8bfed58:   0000000000000055 0000022a8c7fb530
0x0000005bb8bfed68:   0000000000000000 0000000000000000
0x0000005bb8bfed78:   00007ffe45df1c62 0000000000000000
0x0000005bb8bfed88:   0000022adbf87bc0 0000005bb8bff080
0x0000005bb8bfed98:   0000022adbf80000 0000022adbf802b4
0x0000005bb8bfeda8:   0000022a8c9ba870 00007ffe460ff020
0x0000005bb8bfedb8:   0000000e00000000 0000001a00000018
0x0000005bb8bfedc8:   00000fff00000000 437f0000437f0000
0x0000005bb8bfedd8:   437f0000437f0000 0000ff0000ff0000
0x0000005bb8bfede8:   ff000000000000ff 0000000800000010
0x0000005bb8bfedf8:   0000001800000000 0000000000000000
0x0000005bb8bfee08:   0000000000000000 0000000000000000
0x0000005bb8bfee18:   0000000000000000 0000000000000000
0x0000005bb8bfee28:   0000000000000000 0000000000000000
0x0000005bb8bfee38:   0000000000000000 0000000000000000
0x0000005bb8bfee48:   0000000000000000 0000000000000000
0x0000005bb8bfee58:   0000000000000000 0000000000000000
0x0000005bb8bfee68:   0000000000000000 0000000000000000 

Instructions: (pc=0x00007ffe45df3c53)
0x00007ffe45df3b53:   a1 b6 30 00 48 89 51 08 48 89 01 8b 44 24 28 89
0x00007ffe45df3b63:   41 20 8b 44 24 30 89 41 24 48 8b c1 4c 89 41 10
0x00007ffe45df3b73:   4c 89 49 18 c3 cc cc cc cc cc cc cc cc 48 89 5c
0x00007ffe45df3b83:   24 08 8b 41 5c 48 8d 1d 71 c4 63 ff 41 89 40 08
0x00007ffe45df3b93:   4c 8b d1 8b 41 60 45 33 db 41 89 40 0c 4c 8b ca
0x00007ffe45df3ba3:   8b 41 64 41 89 40 10 8b 41 68 41 89 40 14 8b 41
0x00007ffe45df3bb3:   6c 41 89 40 18 8b 41 70 41 89 40 1c 48 63 41 74
0x00007ffe45df3bc3:   48 6b c8 34 8b 84 19 84 5f ee 00 41 89 40 20 8b
0x00007ffe45df3bd3:   84 19 88 5f ee 00 41 89 40 24 8b 84 19 8c 5f ee
0x00007ffe45df3be3:   00 41 89 40 28 8b 84 19 90 5f ee 00 41 89 40 2c
0x00007ffe45df3bf3:   8b 84 19 74 5f ee 00 41 89 40 30 8b 84 19 78 5f
0x00007ffe45df3c03:   ee 00 41 89 40 34 8b 84 19 7c 5f ee 00 41 89 40
0x00007ffe45df3c13:   38 8b 84 19 80 5f ee 00 41 89 40 3c 8b 84 19 64
0x00007ffe45df3c23:   5f ee 00 41 89 40 40 8b 84 19 68 5f ee 00 41 89
0x00007ffe45df3c33:   40 44 8b 84 19 6c 5f ee 00 41 89 40 48 8b 84 19
0x00007ffe45df3c43:   70 5f ee 00 41 89 40 4c 49 63 42 78 48 6b c8 34
0x00007ffe45df3c53:   8b 84 19 84 5f ee 00 41 89 40 50 8b 84 19 88 5f
0x00007ffe45df3c63:   ee 00 41 89 40 54 8b 84 19 8c 5f ee 00 41 89 40
0x00007ffe45df3c73:   58 8b 84 19 90 5f ee 00 41 89 40 5c 8b 84 19 74
0x00007ffe45df3c83:   5f ee 00 41 89 40 60 8b 84 19 78 5f ee 00 41 89
0x00007ffe45df3c93:   40 64 8b 84 19 7c 5f ee 00 41 89 40 68 8b 84 19
0x00007ffe45df3ca3:   80 5f ee 00 41 89 40 6c 8b 84 19 64 5f ee 00 41
0x00007ffe45df3cb3:   89 40 70 8b 84 19 68 5f ee 00 41 89 40 74 8b 84
0x00007ffe45df3cc3:   19 6c 5f ee 00 41 89 40 78 8b 84 19 70 5f ee 00
0x00007ffe45df3cd3:   41 89 40 7c 48 8b 42 18 8b 88 38 0b 00 00 f6 c1
0x00007ffe45df3ce3:   08 0f 84 86 00 00 00 8b 80 3c 0b 00 00 41 89 80
0x00007ffe45df3cf3:   80 00 00 00 48 8b 42 18 8b 88 40 0b 00 00 41 89
0x00007ffe45df3d03:   88 84 00 00 00 48 8b 42 18 8b 88 44 0b 00 00 41
0x00007ffe45df3d13:   89 88 88 00 00 00 48 8b 42 18 8b 88 48 0b 00 00
0x00007ffe45df3d23:   41 89 88 8c 00 00 00 48 8b 42 18 8b 88 4c 0b 00
0x00007ffe45df3d33:   00 41 89 88 90 00 00 00 48 8b 42 18 8b 88 50 0b
0x00007ffe45df3d43:   00 00 41 89 88 94 00 00 00 48 8b 42 18 8b 88 54 


Stack slot to memory mapping:
stack at sp + 0 slots: 0x00007ffe45df138b ig9icd64.dll
stack at sp + 1 slots: 0x0000000000000001 is an unknown value
stack at sp + 2 slots: 0x0 is NULL
stack at sp + 3 slots: 0x0000022a8f53b100 points into unknown readable memory: 0x0000000000000000 | 00 00 00 00 00 00 00 00
stack at sp + 4 slots: 0x00007ffec7a82572 igdgmm64.dll
stack at sp + 5 slots: 0x0000005b00000065 is an unknown value
stack at sp + 6 slots: 0x0000005bb8bfeeb0 is pointing into the stack for thread: 0x00000650ff7785c0
stack at sp + 7 slots: 0x0 is NULL


Compiled method (n/a)   28747 2669     n 0       sun.java2d.opengl.OGLRenderQueue::flushBuffer (native)
 total in heap  [0x0000022ae99a0690,0x0000022ae99a0a28] = 920
 relocation     [0x0000022ae99a07e8,0x0000022ae99a0818] = 48
 main code      [0x0000022ae99a0820,0x0000022ae99a0a28] = 520

[Constant Pool (empty)]

[MachCode]
[Entry Point]
  # {method} {0x0000022a82acd7f8} 'flushBuffer' '(JI)V' in 'sun/java2d/opengl/OGLRenderQueue'
  # this:     rdx:rdx   = 'sun/java2d/opengl/OGLRenderQueue'
  # parm0:    r8:r8     = long
  # parm1:    r9        = int
  #           [sp+0x70]  (sp of caller)
  0x0000022ae99a0820: 448b 5208 | 493b c20f | 840b 0000 

  0x0000022ae99a082c: ;   {runtime_call ic_miss_stub}
  0x0000022ae99a082c: 00e9 4e08 | 9aff 660f | 1f44 0000 
[Verified Entry Point]
  0x0000022ae99a0838: 8984 2400 | 90ff ff55 | 488b ec48 | 83ec 6048 | 8954 2420 | 4883 fa00 | 488d 5424 | 2048 0f44 
  0x0000022ae99a0858: 5424 20c5 

  0x0000022ae99a085c: ;   {internal_word}
  0x0000022ae99a085c: f877 49ba | 5b08 9ae9 | 2a02 0000 | 4d89 97a0 | 0200 0049 | 89a7 9802 

  0x0000022ae99a0874: ;   {external_word}
  0x0000022ae99a0874: 0000 49ba | 3d29 6729 | fe7f 0000 | 4180 3a00 | 0f84 5200 | 0000 5241 

  0x0000022ae99a088c: ;   {metadata({method} {0x0000022a82acd7f8} 'flushBuffer' '(JI)V' in 'sun/java2d/opengl/OGLRenderQueue')}
  0x0000022ae99a088c: 5041 5148 | baf0 d7ac | 822a 0200 | 0049 8bcf | 4883 ec20 | f7c4 0f00 | 0000 0f84 | 1a00 0000 
  0x0000022ae99a08ac: 4883 ec08 

  0x0000022ae99a08b0: ;   {runtime_call SharedRuntime::dtrace_method_entry}
  0x0000022ae99a08b0: 49ba b0ea | 1c29 fe7f | 0000 41ff | d248 83c4 | 08e9 0d00 

  0x0000022ae99a08c4: ;   {runtime_call SharedRuntime::dtrace_method_entry}
  0x0000022ae99a08c4: 0000 49ba | b0ea 1c29 | fe7f 0000 | 41ff d248 | 83c4 2041 | 5941 585a | 498d 8fb8 | 0200 0041 
  0x0000022ae99a08e4: c787 4803 | 0000 0400 

  0x0000022ae99a08ec: ;   {runtime_call}
  0x0000022ae99a08ec: 0000 49ba | 60fd cb89 | fe7f 0000 | 41ff d2c5 | f877 41c7 | 8748 0300 | 0005 0000 | 00f0 8344 
  0x0000022ae99a090c: 24c0 0049 | 3baf 5003 | 0000 0f87 | 1100 0000 | 4181 bf38 | 0300 0000 | 0000 000f | 8421 0000 
  0x0000022ae99a092c: 00c5 f877 | 498b cf4c | 8be4 4883 | ec20 4883 

  0x0000022ae99a093c: ;   {runtime_call JavaThread::check_special_condition_for_native_trans}
  0x0000022ae99a093c: e4f0 49ba | f008 2d29 | fe7f 0000 | 41ff d249 | 8be4 41c7 | 8748 0300 | 0008 0000 | 0041 81bf 
  0x0000022ae99a095c: b803 0000 | 0200 0000 | 0f84 9b00 

  0x0000022ae99a0968: ;   {external_word}
  0x0000022ae99a0968: 0000 49ba | 3d29 6729 | fe7f 0000 | 4180 3a00 | 0f84 4800 

  0x0000022ae99a097c: ;   {metadata({method} {0x0000022a82acd7f8} 'flushBuffer' '(JI)V' in 'sun/java2d/opengl/OGLRenderQueue')}
  0x0000022ae99a097c: 0000 48ba | f0d7 ac82 | 2a02 0000 | 498b cf48 | 83ec 20f7 | c40f 0000 | 000f 841a | 0000 0048 
  0x0000022ae99a099c: ;   {runtime_call SharedRuntime::dtrace_method_entry}
  0x0000022ae99a099c: 83ec 0849 | bab0 ea1c | 29fe 7f00 | 0041 ffd2 | 4883 c408 | e90d 0000 

  0x0000022ae99a09b4: ;   {runtime_call SharedRuntime::dtrace_method_entry}
  0x0000022ae99a09b4: 0049 bab0 | ea1c 29fe | 7f00 0041 | ffd2 4883 | c420 49c7 | 8798 0200 | 0000 0000 | 0049 c787 
  0x0000022ae99a09d4: a002 0000 | 0000 0000 | c5f8 7749 | 8b8f d800 | 0000 c781 | 0001 0000 | 0000 0000 | c949 817f 
  0x0000022ae99a09f4: 0800 0000 | 000f 8501 | 0000 00c3 

  0x0000022ae99a0a00: ;   {runtime_call StubRoutines (1)}
  0x0000022ae99a0a00: e9fb 0495 | ffc5 f877 | 4c8b e448 | 83ec 2048 

  0x0000022ae99a0a10: ;   {runtime_call SharedRuntime::reguard_yellow_pages}
  0x0000022ae99a0a10: 83e4 f049 | ba40 1b1d | 29fe 7f00 | 0041 ffd2 | 498b e4e9 | 42ff ffff 
[/MachCode]


Compiled method (c1)   28873 2668       3       sun.java2d.opengl.OGLRenderQueue::flushBuffer (41 bytes)
 total in heap  [0x0000022ae2283510,0x0000022ae2283b58] = 1608
 relocation     [0x0000022ae2283668,0x0000022ae22836d0] = 104
 main code      [0x0000022ae22836e0,0x0000022ae22839c0] = 736
 stub code      [0x0000022ae22839c0,0x0000022ae2283a18] = 88
 metadata       [0x0000022ae2283a18,0x0000022ae2283a40] = 40
 scopes data    [0x0000022ae2283a40,0x0000022ae2283a90] = 80
 scopes pcs     [0x0000022ae2283a90,0x0000022ae2283b30] = 160
 dependencies   [0x0000022ae2283b30,0x0000022ae2283b38] = 8
 nul chk table  [0x0000022ae2283b38,0x0000022ae2283b58] = 32

[Constant Pool (empty)]

[MachCode]
[Entry Point]
  # {method} {0x0000022a82acd8f0} 'flushBuffer' '()V' in 'sun/java2d/opengl/OGLRenderQueue'
  #           [sp+0x70]  (sp of caller)
  0x0000022ae22836e0: 448b 5208 

  0x0000022ae22836e4: ;   {runtime_call ic_miss_stub}
  0x0000022ae22836e4: 4c3b d00f | 8593 d90b | 0766 6666 | 0f1f 8400 | 0000 0000 | 6666 6690 | 0f1f 4000 
[Verified Entry Point]
  0x0000022ae2283700: 8984 2400 | 90ff ff55 | 4883 ec60 

  0x0000022ae228370c: ;   {metadata(method data for {method} {0x0000022a82acd8f0} 'flushBuffer' '()V' in 'sun/java2d/opengl/OGLRenderQueue')}
  0x0000022ae228370c: 49b8 c8c7 | 3583 2a02 | 0000 458b | 88cc 0000 | 0041 83c1 | 0245 8988 | cc00 0000 | 4181 e1fe 
  0x0000022ae228372c: 0700 0041 | 83f9 000f | 84d6 0100 | 004c 8b42 | 1049 3b00 

  0x0000022ae2283740: ;   {metadata(method data for {method} {0x0000022a82acd8f0} 'flushBuffer' '()V' in 'sun/java2d/opengl/OGLRenderQueue')}
  0x0000022ae2283740: 4d8b c848 | bec8 c735 | 832a 0200 | 0048 8386 | 1001 0000 

  0x0000022ae2283754: ;   {metadata(method data for {method} {0x0000022a82acfe78} 'position' '()I' in 'sun/java2d/pipe/RenderBuffer')}
  0x0000022ae2283754: 0149 b930 | 333d 832a | 0200 0041 | 8bb1 cc00 | 0000 83c6 | 0241 89b1 | cc00 0000 | 81e6 feff 
  0x0000022ae2283774: 1f00 83fe | 000f 84b6 | 0100 004d | 8b48 2049 | 8b70 104c | 2bce 458b | c941 83f9 

  0x0000022ae2283790: ;   {metadata(method data for {method} {0x0000022a82acd8f0} 'flushBuffer' '()V' in 'sun/java2d/opengl/OGLRenderQueue')}
  0x0000022ae2283790: 0048 bfc8 | c735 832a | 0200 0048 | bb48 0100 | 0000 0000 | 000f 8e0a | 0000 0048 | bb58 0100 
  0x0000022ae22837b0: 0000 0000 | 0048 8b04 | 1f48 8d40 | 0148 8904 | 1f0f 8e42 

  0x0000022ae22837c4: ;   {metadata(method data for {method} {0x0000022a82acd8f0} 'flushBuffer' '()V' in 'sun/java2d/opengl/OGLRenderQueue')}
  0x0000022ae22837c4: 0000 0048 | bfc8 c735 | 832a 0200 | 0048 8387 | 6801 0000 | 014c 8bc2 

  0x0000022ae22837dc: ;   {metadata(method data for {method} {0x0000022a82acd8f0} 'flushBuffer' '()V' in 'sun/java2d/opengl/OGLRenderQueue')}
  0x0000022ae22837dc: 48bf c8c7 | 3583 2a02 | 0000 4883 | 87a0 0100 | 0001 4c8b | c648 8bf2 | 488b d648 | 8974 2450 
  0x0000022ae22837fc: ;   {optimized virtual_call}
  0x0000022ae22837fc: 6666 90e8 

  0x0000022ae2283800: ; ImmutableOopMap {[80]=Oop }
                      ;*invokevirtual flushBuffer {reexecute=0 rethrow=0 return_oop=0}
                      ; - sun.java2d.opengl.OGLRenderQueue::flushBuffer@21 (line 150)
  0x0000022ae2283800: 34d0 7107 | 488b 5424 | 5048 8b72 | 1048 3b06 

  0x0000022ae2283810: ;   {metadata(method data for {method} {0x0000022a82acd8f0} 'flushBuffer' '()V' in 'sun/java2d/opengl/OGLRenderQueue')}
  0x0000022ae2283810: 488b fe48 | bbc8 c735 | 832a 0200 | 0048 8383 | d801 0000 

  0x0000022ae2283824: ;   {metadata(method data for {method} {0x0000022a82acfff8} 'clear' '()V' in 'sun/java2d/pipe/RenderBuffer')}
  0x0000022ae2283824: 0148 bf50 | ca35 832a | 0200 008b | 9fcc 0000 | 0083 c302 | 899f cc00 | 0000 81e3 | feff 1f00 
  0x0000022ae2283844: 83fb 000f | 840e 0100 | 0048 8b7e | 1048 897e | 2048 8b52 | 1848 3b02 

  0x0000022ae228385c: ;   {metadata(method data for {method} {0x0000022a82acd8f0} 'flushBuffer' '()V' in 'sun/java2d/opengl/OGLRenderQueue')}
  0x0000022ae228385c: 488b f248 | bfc8 c735 | 832a 0200 | 008b 7608 | 483b b720 | 0200 0075 | 0d48 8387 | 2802 0000 
  0x0000022ae228387c: 01e9 6600 | 0000 483b | b730 0200 | 0075 0d48 | 8387 3802 | 0000 01e9 | 5000 0000 | 4881 bf20 
  0x0000022ae228389c: 0200 0000 | 0000 0075 | 1748 89b7 | 2002 0000 | 48c7 8728 | 0200 0001 | 0000 00e9 | 2c00 0000 
  0x0000022ae22838bc: 4881 bf30 | 0200 0000 | 0000 0075 | 1748 89b7 | 3002 0000 | 48c7 8738 | 0200 0001 | 0000 00e9 
  0x0000022ae22838dc: 0800 0000 | 4883 8710 | 0200 0001 | 0f1f 4400 | 0048 b828 | 4e07 8000 

  0x0000022ae22838f4: ;   {virtual_call}
  0x0000022ae22838f4: 0000 00e8 

  0x0000022ae22838f8: ; ImmutableOopMap {}
                      ;*invokeinterface clear {reexecute=0 rethrow=0 return_oop=0}
                      ; - sun.java2d.opengl.OGLRenderQueue::flushBuffer@35 (line 155)
  0x0000022ae22838f8: 44f9 ffff | 4883 c460 

  0x0000022ae2283900: ;   {poll_return}
  0x0000022ae2283900: 5d49 3ba7 | 5003 0000 | 0f87 7300 

  0x0000022ae228390c: ;   {metadata({method} {0x0000022a82acd8f0} 'flushBuffer' '()V' in 'sun/java2d/opengl/OGLRenderQueue')}
  0x0000022ae228390c: 0000 c349 | bae8 d8ac | 822a 0200 | 004c 8954 | 2408 48c7 | 0424 ffff 

  0x0000022ae2283924: ;   {runtime_call counter_overflow Runtime1 stub}
  0x0000022ae2283924: ffff e855 

  0x0000022ae2283928: ; ImmutableOopMap {rdx=Oop }
                      ;*synchronization entry
                      ; - sun.java2d.opengl.OGLRenderQueue::flushBuffer@-1 (line 147)
  0x0000022ae2283928: 5816 07e9 | 09fe ffff 

  0x0000022ae2283930: ;   {runtime_call throw_null_pointer_exception Runtime1 stub}
  0x0000022ae2283930: e86b 0716 

  0x0000022ae2283934: ; ImmutableOopMap {rdx=Oop r8=Oop }
                      ;*invokevirtual position {reexecute=0 rethrow=0 return_oop=0}
                      ; - sun.java2d.opengl.OGLRenderQueue::flushBuffer@4 (line 147)
                      ;   {metadata({method} {0x0000022a82acfe78} 'position' '()I' in 'sun/java2d/pipe/RenderBuffer')}
  0x0000022ae2283934: 0749 ba70 | feac 822a | 0200 004c | 8954 2408 | 48c7 0424 | ffff ffff 

  0x0000022ae228394c: ;   {runtime_call counter_overflow Runtime1 stub}
  0x0000022ae228394c: e82f 5816 

  0x0000022ae2283950: ; ImmutableOopMap {rdx=Oop r8=Oop }
                      ;*synchronization entry
                      ; - sun.java2d.pipe.RenderBuffer::position@-1 (line 110)
                      ; - sun.java2d.opengl.OGLRenderQueue::flushBuffer@4 (line 147)
  0x0000022ae2283950: 07e9 29fe 

  0x0000022ae2283954: ;   {runtime_call throw_null_pointer_exception Runtime1 stub}
  0x0000022ae2283954: ffff e845 

  0x0000022ae2283958: ; ImmutableOopMap {rdx=Oop rsi=Oop }
                      ;*invokevirtual clear {reexecute=0 rethrow=0 return_oop=0}
                      ; - sun.java2d.opengl.OGLRenderQueue::flushBuffer@28 (line 153)
                      ;   {metadata({method} {0x0000022a82acfff8} 'clear' '()V' in 'sun/java2d/pipe/RenderBuffer')}
  0x0000022ae2283958: 0716 0749 | baf0 ffac | 822a 0200 | 004c 8954 | 2408 48c7 | 0424 ffff 

  0x0000022ae2283970: ;   {runtime_call counter_overflow Runtime1 stub}
  0x0000022ae2283970: ffff e809 

  0x0000022ae2283974: ; ImmutableOopMap {rdx=Oop rsi=Oop }
                      ;*synchronization entry
                      ; - sun.java2d.pipe.RenderBuffer::clear@-1 (line 118)
                      ; - sun.java2d.opengl.OGLRenderQueue::flushBuffer@28 (line 153)
  0x0000022ae2283974: 5816 07e9 | d1fe ffff 

  0x0000022ae228397c: ;   {runtime_call throw_null_pointer_exception Runtime1 stub}
  0x0000022ae228397c: e81f 0716 

  0x0000022ae2283980: ; ImmutableOopMap {rdx=Oop }
                      ;*invokeinterface clear {reexecute=0 rethrow=0 return_oop=0}
                      ; - sun.java2d.opengl.OGLRenderQueue::flushBuffer@35 (line 155)
                      ;   {internal_word}
  0x0000022ae2283980: 0749 ba01 | 3928 e22a | 0200 004d | 8997 6803 

  0x0000022ae2283990: ;   {runtime_call SafepointBlob}
  0x0000022ae2283990: 0000 e969 | 400c 0790 | 9049 8b87 | e003 0000 | 49c7 87e0 | 0300 0000 | 0000 0049 | c787 e803 
  0x0000022ae22839b0: 0000 0000 | 0000 4883 

  0x0000022ae22839b8: ;   {runtime_call unwind_exception Runtime1 stub}
  0x0000022ae22839b8: c460 5de9 | c0fd 1507 
[Stub Code]
  0x0000022ae22839c0: ;   {no_reloc}
  0x0000022ae22839c0: 0f1f 4400 

  0x0000022ae22839c4: ;   {static_stub}
  0x0000022ae22839c4: 0048 bbf0 | d7ac 822a 

  0x0000022ae22839cc: ;   {runtime_call I2C/C2I adapters}
  0x0000022ae22839cc: 0200 00e9 | 0049 0c07 

  0x0000022ae22839d4: ;   {static_stub}
  0x0000022ae22839d4: 9048 bb00 | 0000 0000 

  0x0000022ae22839dc: ;   {runtime_call}
  0x0000022ae22839dc: 0000 00e9 | fbff ffff 
[Exception Handler]
  0x0000022ae22839e4: ;   {runtime_call handle_exception_from_callee Runtime1 stub}
  0x0000022ae22839e4: e897 2416 

  0x0000022ae22839e8: ;   {external_word}
  0x0000022ae22839e8: 0748 b990 | 6d41 29fe | 7f00 0048 

  0x0000022ae22839f4: ;   {runtime_call MacroAssembler::debug64}
  0x0000022ae22839f4: 83e4 f049 | ba30 df09 | 29fe 7f00 | 0041 ffd2 

  0x0000022ae2283a04: ;   {section_word}
  0x0000022ae2283a04: f449 ba05 | 3a28 e22a | 0200 0041 

  0x0000022ae2283a10: ;   {runtime_call DeoptimizationBlob}
  0x0000022ae2283a10: 52e9 8a32 | 0c07 f4f4 
[/MachCode]


---------------  P R O C E S S  ---------------

Threads class SMR info:
_java_thread_list=0x0000022a8c7fde70, length=44, elements={
0x00000650fedbbd10, 0x00000650fedbcb90, 0x00000650fee004d0, 0x00000650fee00fa0,
0x00000650fee03970, 0x00000650fee04330, 0x00000650fee058f0, 0x00000650fee093c0,
0x00000650fee09dc0, 0x0000022af14e3d90, 0x00000650ff5862f0, 0x00000650ff5867d0,
0x00000650ff7785c0, 0x0000022a8bf73f70, 0x0000022a8c0b2cf0, 0x0000022a8c4cb640,
0x0000022a8c47fe70, 0x0000022a8c387140, 0x0000022a8c388a90, 0x0000022a8c3857f0,
0x0000022a8c388580, 0x0000022a8c387b60, 0x0000022a8c388070, 0x0000022a8c386c30,
0x0000022a8c385d00, 0x0000022a8c388fa0, 0x0000022a8c386210, 0x0000022a8c386720,
0x0000022a8c387650, 0x0000022a8c5f1960, 0x0000022a8c5f41e0, 0x0000022a8c5f2380,
0x0000022a8c5f3cd0, 0x0000022a8c5f7480, 0x0000022a8c5f7ea0, 0x0000022a8c5f5110,
0x0000022a8c5f4c00, 0x0000022a8c5f2890, 0x0000022a8c5f1e70, 0x0000022a8c5f2da0,
0x0000022a8c5f5b30, 0x0000022a8c5f37c0, 0x0000022a8c5f6040, 0x0000022a8c5f83b0
}

Java Threads: ( => current thread )
  0x00000650fedbbd10 JavaThread "Reference Handler" daemon [_thread_blocked, id=23368, stack(0x0000005bb7e00000,0x0000005bb7f00000)]
  0x00000650fedbcb90 JavaThread "Finalizer" daemon [_thread_blocked, id=20452, stack(0x0000005bb7f00000,0x0000005bb8000000)]
  0x00000650fee004d0 JavaThread "Signal Dispatcher" daemon [_thread_blocked, id=33052, stack(0x0000005bb8000000,0x0000005bb8100000)]
  0x00000650fee00fa0 JavaThread "Attach Listener" daemon [_thread_blocked, id=12948, stack(0x0000005bb8100000,0x0000005bb8200000)]
  0x00000650fee03970 JavaThread "Service Thread" daemon [_thread_blocked, id=24792, stack(0x0000005bb8200000,0x0000005bb8300000)]
  0x00000650fee04330 JavaThread "Monitor Deflation Thread" daemon [_thread_blocked, id=18416, stack(0x0000005bb8300000,0x0000005bb8400000)]
  0x00000650fee058f0 JavaThread "C2 CompilerThread0" daemon [_thread_blocked, id=2148, stack(0x0000005bb8400000,0x0000005bb8500000)]
  0x00000650fee093c0 JavaThread "C1 CompilerThread0" daemon [_thread_blocked, id=23988, stack(0x0000005bb8500000,0x0000005bb8600000)]
  0x00000650fee09dc0 JavaThread "Sweeper thread" daemon [_thread_blocked, id=1080, stack(0x0000005bb8600000,0x0000005bb8700000)]
  0x0000022af14e3d90 JavaThread "Common-Cleaner" daemon [_thread_blocked, id=36528, stack(0x0000005bb8700000,0x0000005bb8800000)]
  0x00000650ff5862f0 JavaThread "Monitor Ctrl-Break" daemon [_thread_in_native, id=32128, stack(0x0000005bb8800000,0x0000005bb8900000)]
  0x00000650ff5867d0 JavaThread "Notification Thread" daemon [_thread_blocked, id=39100, stack(0x0000005bb8900000,0x0000005bb8a00000)]
=>0x00000650ff7785c0 JavaThread "Java2D Queue Flusher" daemon [_thread_in_native, id=28404, stack(0x0000005bb8b00000,0x0000005bb8c00000)]
  0x0000022a8bf73f70 JavaThread "Java2D Disposer" daemon [_thread_blocked, id=29028, stack(0x0000005bb9000000,0x0000005bb9100000)]
  0x0000022a8c0b2cf0 JavaThread "AWT-Windows" daemon [_thread_in_native, id=35848, stack(0x0000005bb9300000,0x0000005bb9400000)]
  0x0000022a8c4cb640 JavaThread "Java Sound Event Dispatcher" daemon [_thread_blocked, id=32408, stack(0x0000005bb9e00000,0x0000005bb9f00000)]
  0x0000022a8c47fe70 JavaThread "Direct Clip" daemon [_thread_blocked, id=33488, stack(0x0000005bba100000,0x0000005bba200000)]
  0x0000022a8c387140 JavaThread "Direct Clip" daemon [_thread_blocked, id=35960, stack(0x0000005bba200000,0x0000005bba300000)]
  0x0000022a8c388a90 JavaThread "Direct Clip" daemon [_thread_blocked, id=16548, stack(0x0000005bba300000,0x0000005bba400000)]
  0x0000022a8c3857f0 JavaThread "Direct Clip" daemon [_thread_blocked, id=39108, stack(0x0000005bba400000,0x0000005bba500000)]
  0x0000022a8c388580 JavaThread "Direct Clip" daemon [_thread_blocked, id=28268, stack(0x0000005bba500000,0x0000005bba600000)]
  0x0000022a8c387b60 JavaThread "Direct Clip" daemon [_thread_blocked, id=39004, stack(0x0000005bb9200000,0x0000005bb9300000)]
  0x0000022a8c388070 JavaThread "Direct Clip" daemon [_thread_blocked, id=38404, stack(0x0000005bba600000,0x0000005bba700000)]
  0x0000022a8c386c30 JavaThread "Direct Clip" daemon [_thread_blocked, id=32428, stack(0x0000005bba700000,0x0000005bba800000)]
  0x0000022a8c385d00 JavaThread "Direct Clip" daemon [_thread_blocked, id=30584, stack(0x0000005bba800000,0x0000005bba900000)]
  0x0000022a8c388fa0 JavaThread "Direct Clip" daemon [_thread_blocked, id=30972, stack(0x0000005bba900000,0x0000005bbaa00000)]
  0x0000022a8c386210 JavaThread "Direct Clip" daemon [_thread_blocked, id=3592, stack(0x0000005bbaa00000,0x0000005bbab00000)]
  0x0000022a8c386720 JavaThread "Direct Clip" daemon [_thread_blocked, id=35756, stack(0x0000005bbab00000,0x0000005bbac00000)]
  0x0000022a8c387650 JavaThread "Direct Clip" daemon [_thread_blocked, id=19256, stack(0x0000005bbac00000,0x0000005bbad00000)]
  0x0000022a8c5f1960 JavaThread "Direct Clip" daemon [_thread_blocked, id=38960, stack(0x0000005bbad00000,0x0000005bbae00000)]
  0x0000022a8c5f41e0 JavaThread "Direct Clip" daemon [_thread_blocked, id=21404, stack(0x0000005bbae00000,0x0000005bbaf00000)]
  0x0000022a8c5f2380 JavaThread "Direct Clip" daemon [_thread_blocked, id=22436, stack(0x0000005bbaf00000,0x0000005bbb000000)]
  0x0000022a8c5f3cd0 JavaThread "Direct Clip" daemon [_thread_blocked, id=39240, stack(0x0000005bbb000000,0x0000005bbb100000)]
  0x0000022a8c5f7480 JavaThread "Direct Clip" daemon [_thread_blocked, id=38112, stack(0x0000005bbb100000,0x0000005bbb200000)]
  0x0000022a8c5f7ea0 JavaThread "Direct Clip" daemon [_thread_blocked, id=36904, stack(0x0000005bbb200000,0x0000005bbb300000)]
  0x0000022a8c5f5110 JavaThread "Direct Clip" daemon [_thread_blocked, id=22824, stack(0x0000005bbb300000,0x0000005bbb400000)]
  0x0000022a8c5f4c00 JavaThread "Direct Clip" daemon [_thread_blocked, id=32968, stack(0x0000005bbb400000,0x0000005bbb500000)]
  0x0000022a8c5f2890 JavaThread "AWT-Shutdown" [_thread_blocked, id=35752, stack(0x0000005bbb900000,0x0000005bbba00000)]
  0x0000022a8c5f1e70 JavaThread "AWT-EventQueue-0" [_thread_blocked, id=4748, stack(0x0000005bbba00000,0x0000005bbbb00000)]
  0x0000022a8c5f2da0 JavaThread "DestroyJavaVM" [_thread_blocked, id=20812, stack(0x0000005bb7700000,0x0000005bb7800000)]
  0x0000022a8c5f5b30 JavaThread "TimerQueue" daemon [_thread_blocked, id=34140, stack(0x0000005bbc000000,0x0000005bbc100000)]
  0x0000022a8c5f37c0 JavaThread "Thread-0" [_thread_blocked, id=24896, stack(0x0000005bbc100000,0x0000005bbc200000)]
  0x0000022a8c5f6040 JavaThread "ztt" [_thread_in_vm, id=15420, stack(0x0000005bbc200000,0x0000005bbc300000)]
  0x0000022a8c5f83b0 JavaThread "ToolkitShutdown" daemon [_thread_in_native, id=39744, stack(0x0000005bbc500000,0x0000005bbc600000)]

Other Threads:
  0x00000650fedb8de0 VMThread "VM Thread" [stack: 0x0000005bb7d00000,0x0000005bb7e00000] [id=20968]
  0x00000650ff51ec90 WatcherThread [stack: 0x0000005bb8a00000,0x0000005bb8b00000] [id=17396]
  0x0000022af1450310 GCTaskThread "GC Thread#0" [stack: 0x0000005bb7800000,0x0000005bb7900000] [id=1968]
  0x0000022a8bffc610 GCTaskThread "GC Thread#1" [stack: 0x0000005bb9400000,0x0000005bb9500000] [id=30548]
  0x0000022a8bffc8d0 GCTaskThread "GC Thread#2" [stack: 0x0000005bb9500000,0x0000005bb9600000] [id=8352]
  0x0000022a8bffcfa0 GCTaskThread "GC Thread#3" [stack: 0x0000005bb9600000,0x0000005bb9700000] [id=13120]
  0x0000022a8bffd260 GCTaskThread "GC Thread#4" [stack: 0x0000005bb9700000,0x0000005bb9800000] [id=33320]
  0x0000022a8bffd9a0 GCTaskThread "GC Thread#5" [stack: 0x0000005bb9800000,0x0000005bb9900000] [id=35348]
  0x0000022a8c267ac0 GCTaskThread "GC Thread#6" [stack: 0x0000005bb9900000,0x0000005bb9a00000] [id=25328]
  0x0000022a8c1359a0 GCTaskThread "GC Thread#7" [stack: 0x0000005bb9a00000,0x0000005bb9b00000] [id=38168]
  0x0000022a8c353260 GCTaskThread "GC Thread#8" [stack: 0x0000005bb9b00000,0x0000005bb9c00000] [id=37196]
  0x0000022a8c353930 GCTaskThread "GC Thread#9" [stack: 0x0000005bb9c00000,0x0000005bb9d00000] [id=24748]
  0x0000022af14527f0 ConcurrentGCThread "G1 Main Marker" [stack: 0x0000005bb7900000,0x0000005bb7a00000] [id=28748]
  0x0000022af1455220 ConcurrentGCThread "G1 Conc#0" [stack: 0x0000005bb7a00000,0x0000005bb7b00000] [id=3568]
  0x0000022a8ca02e80 ConcurrentGCThread "G1 Conc#1" [stack: 0x0000005bbbe00000,0x0000005bbbf00000] [id=39840]
  0x0000022a8ca03140 ConcurrentGCThread "G1 Conc#2" [stack: 0x0000005bbbf00000,0x0000005bbc000000] [id=38976]
  0x0000022af14b0b80 ConcurrentGCThread "G1 Refine#0" [stack: 0x0000005bb7b00000,0x0000005bb7c00000] [id=33304]
  0x0000022a8c600c60 ConcurrentGCThread "G1 Refine#1" [stack: 0x0000005bbb500000,0x0000005bbb600000] [id=26108]
  0x0000022a8c2e1e70 ConcurrentGCThread "G1 Refine#2" [stack: 0x0000005bbb600000,0x0000005bbb700000] [id=39924]
  0x0000022a8c2e2160 ConcurrentGCThread "G1 Refine#3" [stack: 0x0000005bbb700000,0x0000005bbb800000] [id=11868]
  0x0000022a8c5e13c0 ConcurrentGCThread "G1 Refine#4" [stack: 0x0000005bbb800000,0x0000005bbb900000] [id=14748]
  0x0000022af14b15b0 ConcurrentGCThread "G1 Service" [stack: 0x0000005bb7c00000,0x0000005bb7d00000] [id=15808]

Threads with active compile tasks:

VM state: not at safepoint (normal execution)

VM Mutex/Monitor currently owned by a thread: None

CDS archive(s) not mapped
Compressed class space mapped at: 0x0000000080000000-0x00000000c0000000, reserved size: 1073741824
Narrow klass base: 0x0000000000000000, Narrow klass shift: 0, Narrow klass range: 0xc0000000

GC Precious Log:
 CPUs: 12 total, 12 available
 Memory: 16254M
 Large Page Support: Disabled
 NUMA Support: Disabled
 Compressed Oops: Disabled
 Heap Region Size: 32M
 Heap Min Capacity: 32M
 Heap Initial Capacity: 256M
 Heap Max Capacity: 4096G
 Pre-touch: Disabled
 Parallel Workers: 10
 Concurrent Workers: 3
 Concurrent Refinement Workers: 10
 Periodic GC: Disabled

Heap:
 garbage-first heap   total 1048576K, used 332235K [0x0000022af2000000, 0x0000062af2000000)
  region size 32768K, 4 young (131072K), 1 survivors (32768K)
 Metaspace       used 22513K, committed 22784K, reserved 1114112K
  class space    used 2303K, committed 2432K, reserved 1048576K

Heap Regions: E=young(eden), S=young(survivor), O=old, HS=humongous(starts), HC=humongous(continues), CS=collection set, F=free, OA=open archive, CA=closed archive, TAMS=top-at-mark-start (previous, next)
|   0|0x0000022af2000000, 0x0000022af4000000, 0x0000022af4000000|100%| O|  |TAMS 0x0000022af4000000, 0x0000022af2000000| Untracked 
|   1|0x0000022af4000000, 0x0000022af6000000, 0x0000022af6000000|100%|HS|  |TAMS 0x0000022af6000000, 0x0000022af4000000| Complete 
|   2|0x0000022af6000000, 0x0000022af8000000, 0x0000022af8000000|100%| O|  |TAMS 0x0000022af8000000, 0x0000022af6000000| Complete 
|   3|0x0000022af8000000, 0x0000022afa000000, 0x0000022afa000000|100%| O|  |TAMS 0x0000022afa000000, 0x0000022af8000000| Untracked 
|   4|0x0000022afa000000, 0x0000022afc000000, 0x0000022afc000000|100%| O|  |TAMS 0x0000022afc000000, 0x0000022afa000000| Untracked 
|   5|0x0000022afc000000, 0x0000022afe000000, 0x0000022afe000000|100%| O|  |TAMS 0x0000022afe000000, 0x0000022afc000000| Untracked 
|   6|0x0000022afe000000, 0x0000022b00000000, 0x0000022b00000000|100%| O|  |TAMS 0x0000022afff1d600, 0x0000022afe000000| Untracked 
|   7|0x0000022b00000000, 0x0000022b01e29600, 0x0000022b02000000| 94%| O|  |TAMS 0x0000022b00000000, 0x0000022b00000000| Untracked 
|   8|0x0000022b02000000, 0x0000022b02000000, 0x0000022b04000000|  0%| F|  |TAMS 0x0000022b02000000, 0x0000022b02000000| Untracked 
|   9|0x0000022b04000000, 0x0000022b04000000, 0x0000022b06000000|  0%| F|  |TAMS 0x0000022b04000000, 0x0000022b04000000| Untracked 
|  10|0x0000022b06000000, 0x0000022b06000000, 0x0000022b08000000|  0%| F|  |TAMS 0x0000022b06000000, 0x0000022b06000000| Untracked 
|  11|0x0000022b08000000, 0x0000022b08000000, 0x0000022b0a000000|  0%| F|  |TAMS 0x0000022b08000000, 0x0000022b08000000| Untracked 
|  12|0x0000022b0a000000, 0x0000022b0a000000, 0x0000022b0c000000|  0%| F|  |TAMS 0x0000022b0a000000, 0x0000022b0a000000| Untracked 
|  13|0x0000022b0c000000, 0x0000022b0c000000, 0x0000022b0e000000|  0%| F|  |TAMS 0x0000022b0c000000, 0x0000022b0c000000| Untracked 
|  14|0x0000022b0e000000, 0x0000022b0e000000, 0x0000022b10000000|  0%| F|  |TAMS 0x0000022b0e000000, 0x0000022b0e000000| Untracked 
|  15|0x0000022b10000000, 0x0000022b10000000, 0x0000022b12000000|  0%| F|  |TAMS 0x0000022b10000000, 0x0000022b10000000| Untracked 
|  16|0x0000022b12000000, 0x0000022b12000000, 0x0000022b14000000|  0%| F|  |TAMS 0x0000022b12000000, 0x0000022b12000000| Untracked 
|  17|0x0000022b14000000, 0x0000022b14000000, 0x0000022b16000000|  0%| F|  |TAMS 0x0000022b14000000, 0x0000022b14000000| Untracked 
|  18|0x0000022b16000000, 0x0000022b16000000, 0x0000022b18000000|  0%| F|  |TAMS 0x0000022b16000000, 0x0000022b16000000| Untracked 
|  19|0x0000022b18000000, 0x0000022b18000000, 0x0000022b1a000000|  0%| F|  |TAMS 0x0000022b18000000, 0x0000022b18000000| Untracked 
|  20|0x0000022b1a000000, 0x0000022b1a000000, 0x0000022b1c000000|  0%| F|  |TAMS 0x0000022b1a000000, 0x0000022b1a000000| Untracked 
|  21|0x0000022b1c000000, 0x0000022b1c000000, 0x0000022b1e000000|  0%| F|  |TAMS 0x0000022b1c000000, 0x0000022b1c000000| Untracked 
|  22|0x0000022b1e000000, 0x0000022b1e000000, 0x0000022b20000000|  0%| F|  |TAMS 0x0000022b1e000000, 0x0000022b1e000000| Untracked 
|  23|0x0000022b20000000, 0x0000022b20000000, 0x0000022b22000000|  0%| F|  |TAMS 0x0000022b20000000, 0x0000022b20000000| Untracked 
|  24|0x0000022b22000000, 0x0000022b22000000, 0x0000022b24000000|  0%| F|  |TAMS 0x0000022b22000000, 0x0000022b22000000| Untracked 
|  25|0x0000022b24000000, 0x0000022b24000000, 0x0000022b26000000|  0%| F|  |TAMS 0x0000022b24000000, 0x0000022b24000000| Untracked 
|  26|0x0000022b26000000, 0x0000022b26000000, 0x0000022b28000000|  0%| F|  |TAMS 0x0000022b26000000, 0x0000022b26000000| Untracked 
|  27|0x0000022b28000000, 0x0000022b28000000, 0x0000022b2a000000|  0%| F|  |TAMS 0x0000022b28000000, 0x0000022b28000000| Untracked 
|  28|0x0000022b2a000000, 0x0000022b2a963ac8, 0x0000022b2c000000| 29%| E|  |TAMS 0x0000022b2a000000, 0x0000022b2a000000| Complete 
|  29|0x0000022b2c000000, 0x0000022b2e000000, 0x0000022b2e000000|100%| E|CS|TAMS 0x0000022b2c000000, 0x0000022b2c000000| Complete 
|  30|0x0000022b2e000000, 0x0000022b2e649868, 0x0000022b30000000| 19%| S|CS|TAMS 0x0000022b2e000000, 0x0000022b2e000000| Complete 
|  31|0x0000022b30000000, 0x0000022b32000000, 0x0000022b32000000|100%| E|CS|TAMS 0x0000022b30000000, 0x0000022b30000000| Complete 

Card table byte_map: [0x0000062cfa010000,0x0000062efa010000] _byte_map_base: 0x0000062be4880000

Marking Bits (Prev, Next): (CMBitMap*) 0x0000022af1450780, (CMBitMap*) 0x0000022af1450740
 Prev Bits: [0x00000640fa010000, 0x00000650fa010000)
 Next Bits: [0x00000630fa010000, 0x00000640fa010000)

Polling page: 0x0000022adc190000

Metaspace:

Usage:
  Non-class:     19.74 MB used.
      Class:      2.25 MB used.
       Both:     21.99 MB used.

Virtual space:
  Non-class space:       64.00 MB reserved,      19.88 MB ( 31%) committed,  1 nodes.
      Class space:        1.00 GB reserved,       2.38 MB ( <1%) committed,  1 nodes.
             Both:        1.06 GB reserved,      22.25 MB (  2%) committed. 

Chunk freelists:
   Non-Class:  12.07 MB
       Class:  13.59 MB
        Both:  25.66 MB

MaxMetaspaceSize: unlimited
CompressedClassSpaceSize: 1.00 GB
Initial GC threshold: 21.00 MB
Current GC threshold: 35.12 MB
CDS: off
MetaspaceReclaimPolicy: balanced
 - commit_granule_bytes: 65536.
 - commit_granule_words: 8192.
 - virtual_space_node_default_size: 8388608.
 - enlarge_chunks_in_place: 1.
 - new_chunks_are_fully_committed: 0.
 - uncommit_free_chunks: 1.
 - use_allocation_guard: 0.
 - handle_deallocations: 1.


Internal statistics:

num_allocs_failed_limit: 3.
num_arena_births: 270.
num_arena_deaths: 0.
num_vsnodes_births: 2.
num_vsnodes_deaths: 0.
num_space_committed: 356.
num_space_uncommitted: 0.
num_chunks_returned_to_freelist: 3.
num_chunks_taken_from_freelist: 404.
num_chunk_merges: 0.
num_chunk_splits: 228.
num_chunks_enlarged: 112.
num_inconsistent_stats: 0.

CodeHeap 'non-profiled nmethods': size=120000Kb used=1182Kb max_used=1182Kb free=118817Kb
 bounds [0x0000022ae9890000, 0x0000022ae9b00000, 0x0000022af0dc0000]
CodeHeap 'profiled nmethods': size=120000Kb used=5142Kb max_used=5142Kb free=114857Kb
 bounds [0x0000022ae1dc0000, 0x0000022ae22d0000, 0x0000022ae92f0000]
CodeHeap 'non-nmethods': size=5760Kb used=1313Kb max_used=1390Kb free=4446Kb
 bounds [0x0000022ae92f0000, 0x0000022ae9560000, 0x0000022ae9890000]
 total_blobs=3459 nmethods=2805 adapters=566
 compilation: enabled
              stopped_count=0, restarted_count=0
 full_count=0

Compilation events (20 events):
Event: 24.480 Thread 0x00000650fee058f0 2796       4       java.util.concurrent.locks.AbstractQueuedSynchronizer$Node::setStatusRelaxed (12 bytes)
Event: 24.480 Thread 0x00000650fee058f0 nmethod 2796 0x0000022ae99b4590 code [0x0000022ae99b4700, 0x0000022ae99b4778]
Event: 24.771 Thread 0x00000650fee058f0 2797       4       jdk.internal.misc.Unsafe::putIntOpaque (9 bytes)
Event: 24.772 Thread 0x00000650fee058f0 nmethod 2797 0x0000022ae99b4890 code [0x0000022ae99b4a00, 0x0000022ae99b4a78]
Event: 24.831 Thread 0x00000650fee058f0 2798       4       java.lang.StrictMath::floorOrCeil (128 bytes)
Event: 24.832 Thread 0x00000650fee058f0 nmethod 2798 0x0000022ae99b4b90 code [0x0000022ae99b4d20, 0x0000022ae99b4e18]
Event: 25.228 Thread 0x00000650fee058f0 2799       4       java.util.concurrent.locks.ReentrantLock::lock (8 bytes)
Event: 25.230 Thread 0x00000650fee058f0 nmethod 2799 0x0000022ae99b4f10 code [0x0000022ae99b50a0, 0x0000022ae99b5288]
Event: 25.242 Thread 0x00000650fee093c0 2800       3       sun.awt.windows.WComponentPeer::preprocessPostEvent (1 bytes)
Event: 25.242 Thread 0x00000650fee093c0 nmethod 2800 0x0000022ae22c5790 code [0x0000022ae22c5920, 0x0000022ae22c5a38]
Event: 25.258 Thread 0x00000650fee058f0 2801       4       java.util.concurrent.locks.AbstractQueuedSynchronizer$Node::setPrevRelaxed (12 bytes)
Event: 25.259 Thread 0x00000650fee058f0 nmethod 2801 0x0000022ae99b5390 code [0x0000022ae99b5500, 0x0000022ae99b5638]
Event: 25.269 Thread 0x00000650fee058f0 2802       4       java.util.concurrent.locks.AbstractQueuedSynchronizer::casTail (13 bytes)
Event: 25.270 Thread 0x00000650fee058f0 nmethod 2802 0x0000022ae99b5690 code [0x0000022ae99b5800, 0x0000022ae99b5958]
Event: 25.663 Thread 0x00000650fee058f0 2803       4       java.security.AccessControlContext::<init> (63 bytes)
Event: 25.665 Thread 0x00000650fee058f0 nmethod 2803 0x0000022ae99b5a10 code [0x0000022ae99b5b80, 0x0000022ae99b5e58]
Event: 26.017 Thread 0x00000650fee058f0 2804   !   4       java.util.concurrent.ConcurrentHashMap::computeIfAbsent (576 bytes)
Event: 26.032 Thread 0x00000650fee058f0 nmethod 2804 0x0000022ae99b5f10 code [0x0000022ae99b6120, 0x0000022ae99b6ed0]
Event: 28.406 Thread 0x00000650fee058f0 2805       4       java.lang.StrictMath::floor (12 bytes)
Event: 28.408 Thread 0x00000650fee058f0 nmethod 2805 0x0000022ae99b7690 code [0x0000022ae99b7840, 0x0000022ae99b7958]

GC Heap History (20 events):
Event: 1.220 GC heap before
{Heap before GC invocations=0 (full 0):
 garbage-first heap   total 262144K, used 0K [0x0000022af2000000, 0x0000062af2000000)
  region size 32768K, 1 young (32768K), 0 survivors (0K)
 Metaspace       used 16514K, committed 16768K, reserved 1114112K
  class space    used 1554K, committed 1664K, reserved 1048576K
}
Event: 1.234 GC heap after
{Heap after GC invocations=1 (full 0):
 garbage-first heap   total 262144K, used 6133K [0x0000022af2000000, 0x0000062af2000000)
  region size 32768K, 1 young (32768K), 1 survivors (32768K)
 Metaspace       used 16514K, committed 16768K, reserved 1114112K
  class space    used 1554K, committed 1664K, reserved 1048576K
}
Event: 1.374 GC heap before
{Heap before GC invocations=1 (full 0):
 garbage-first heap   total 262144K, used 38901K [0x0000022af2000000, 0x0000062af2000000)
  region size 32768K, 2 young (65536K), 1 survivors (32768K)
 Metaspace       used 16589K, committed 16832K, reserved 1114112K
  class space    used 1557K, committed 1664K, reserved 1048576K
}
Event: 1.383 GC heap after
{Heap after GC invocations=2 (full 0):
 garbage-first heap   total 262144K, used 15455K [0x0000022af2000000, 0x0000062af2000000)
  region size 32768K, 1 young (32768K), 1 survivors (32768K)
 Metaspace       used 16589K, committed 16832K, reserved 1114112K
  class space    used 1557K, committed 1664K, reserved 1048576K
}
Event: 1.699 GC heap before
{Heap before GC invocations=2 (full 0):
 garbage-first heap   total 262144K, used 48223K [0x0000022af2000000, 0x0000062af2000000)
  region size 32768K, 2 young (65536K), 1 survivors (32768K)
 Metaspace       used 16599K, committed 16832K, reserved 1114112K
  class space    used 1557K, committed 1664K, reserved 1048576K
}
Event: 1.711 GC heap after
{Heap after GC invocations=3 (full 0):
 garbage-first heap   total 262144K, used 31183K [0x0000022af2000000, 0x0000062af2000000)
  region size 32768K, 1 young (32768K), 1 survivors (32768K)
 Metaspace       used 16599K, committed 16832K, reserved 1114112K
  class space    used 1557K, committed 1664K, reserved 1048576K
}
Event: 1.750 GC heap before
{Heap before GC invocations=3 (full 0):
 garbage-first heap   total 262144K, used 31183K [0x0000022af2000000, 0x0000062af2000000)
  region size 32768K, 2 young (65536K), 1 survivors (32768K)
 Metaspace       used 16599K, committed 16832K, reserved 1114112K
  class space    used 1557K, committed 1664K, reserved 1048576K
}
Event: 1.766 GC heap after
{Heap after GC invocations=4 (full 0):
 garbage-first heap   total 262144K, used 47315K [0x0000022af2000000, 0x0000062af2000000)
  region size 32768K, 1 young (32768K), 1 survivors (32768K)
 Metaspace       used 16599K, committed 16832K, reserved 1114112K
  class space    used 1557K, committed 1664K, reserved 1048576K
}
Event: 2.012 GC heap before
{Heap before GC invocations=4 (full 0):
 garbage-first heap   total 262144K, used 80083K [0x0000022af2000000, 0x0000062af2000000)
  region size 32768K, 2 young (65536K), 1 survivors (32768K)
 Metaspace       used 16949K, committed 17216K, reserved 1114112K
  class space    used 1608K, committed 1728K, reserved 1048576K
}
Event: 2.033 GC heap after
{Heap after GC invocations=5 (full 0):
 garbage-first heap   total 524288K, used 129990K [0x0000022af2000000, 0x0000062af2000000)
  region size 32768K, 1 young (32768K), 1 survivors (32768K)
 Metaspace       used 16949K, committed 17216K, reserved 1114112K
  class space    used 1608K, committed 1728K, reserved 1048576K
}
Event: 2.071 GC heap before
{Heap before GC invocations=5 (full 0):
 garbage-first heap   total 524288K, used 129990K [0x0000022af2000000, 0x0000062af2000000)
  region size 32768K, 2 young (65536K), 1 survivors (32768K)
 Metaspace       used 16953K, committed 17216K, reserved 1114112K
  class space    used 1608K, committed 1728K, reserved 1048576K
}
Event: 2.086 GC heap after
{Heap after GC invocations=6 (full 0):
 garbage-first heap   total 524288K, used 179665K [0x0000022af2000000, 0x0000062af2000000)
  region size 32768K, 1 young (32768K), 1 survivors (32768K)
 Metaspace       used 16953K, committed 17216K, reserved 1114112K
  class space    used 1608K, committed 1728K, reserved 1048576K
}
Event: 2.252 GC heap before
{Heap before GC invocations=6 (full 0):
 garbage-first heap   total 524288K, used 212433K [0x0000022af2000000, 0x0000062af2000000)
  region size 32768K, 2 young (65536K), 1 survivors (32768K)
 Metaspace       used 17390K, committed 17600K, reserved 1114112K
  class space    used 1664K, committed 1792K, reserved 1048576K
}
Event: 2.270 GC heap after
{Heap after GC invocations=7 (full 0):
 garbage-first heap   total 524288K, used 191953K [0x0000022af2000000, 0x0000062af2000000)
  region size 32768K, 1 young (32768K), 1 survivors (32768K)
 Metaspace       used 17390K, committed 17600K, reserved 1114112K
  class space    used 1664K, committed 1792K, reserved 1048576K
}
Event: 2.695 GC heap before
{Heap before GC invocations=7 (full 0):
 garbage-first heap   total 524288K, used 224721K [0x0000022af2000000, 0x0000062af2000000)
  region size 32768K, 2 young (65536K), 1 survivors (32768K)
 Metaspace       used 17427K, committed 17728K, reserved 1114112K
  class space    used 1669K, committed 1792K, reserved 1048576K
}
Event: 2.709 GC heap after
{Heap after GC invocations=8 (full 0):
 garbage-first heap   total 524288K, used 228692K [0x0000022af2000000, 0x0000062af2000000)
  region size 32768K, 1 young (32768K), 1 survivors (32768K)
 Metaspace       used 17427K, committed 17728K, reserved 1114112K
  class space    used 1669K, committed 1792K, reserved 1048576K
}
Event: 3.136 GC heap before
{Heap before GC invocations=8 (full 0):
 garbage-first heap   total 524288K, used 261460K [0x0000022af2000000, 0x0000062af2000000)
  region size 32768K, 2 young (65536K), 1 survivors (32768K)
 Metaspace       used 18836K, committed 19136K, reserved 1114112K
  class space    used 1849K, committed 1984K, reserved 1048576K
}
Event: 3.156 GC heap after
{Heap after GC invocations=9 (full 0):
 garbage-first heap   total 1048576K, used 261096K [0x0000022af2000000, 0x0000062af2000000)
  region size 32768K, 1 young (32768K), 1 survivors (32768K)
 Metaspace       used 18836K, committed 19136K, reserved 1114112K
  class space    used 1849K, committed 1984K, reserved 1048576K
}
Event: 4.038 GC heap before
{Heap before GC invocations=9 (full 0):
 garbage-first heap   total 1048576K, used 261096K [0x0000022af2000000, 0x0000062af2000000)
  region size 32768K, 2 young (65536K), 1 survivors (32768K)
 Metaspace       used 21213K, committed 21504K, reserved 1114112K
  class space    used 2194K, committed 2304K, reserved 1048576K
}
Event: 4.049 GC heap after
{Heap after GC invocations=10 (full 0):
 garbage-first heap   total 1048576K, used 266699K [0x0000022af2000000, 0x0000062af2000000)
  region size 32768K, 1 young (32768K), 1 survivors (32768K)
 Metaspace       used 21213K, committed 21504K, reserved 1114112K
  class space    used 2194K, committed 2304K, reserved 1048576K
}

Dll operation events (3 events):
Event: 0.008 Loaded shared library C:\Users\bader\.jdks\jbrsdk_jcef-17.0.9\bin\java.dll
Event: 0.115 Loaded shared library C:\Users\bader\.jdks\jbrsdk_jcef-17.0.9\bin\jsvml.dll
Event: 0.229 Loaded shared library C:\Users\bader\.jdks\jbrsdk_jcef-17.0.9\bin\zip.dll

Deoptimization events (20 events):
Event: 18.113 Thread 0x0000022a8c5f37c0 DEOPT PACKING pc=0x0000022ae998deb8 sp=0x0000005bbc1ff1e0
Event: 18.113 Thread 0x0000022a8c5f37c0 DEOPT UNPACKING pc=0x0000022ae93469a3 sp=0x0000005bbc1ff1a0 mode 2
Event: 18.113 Thread 0x0000022a8c5f37c0 Uncommon trap: trap_request=0xffffffde fr.pc=0x0000022ae999fe94 relative=0x0000000000000154
Event: 18.113 Thread 0x0000022a8c5f37c0 Uncommon trap: reason=class_check action=maybe_recompile pc=0x0000022ae999fe94 method=sun.java2d.SurfaceDataProxy.replaceData(Lsun/java2d/SurfaceData;ILsun/java2d/loops/CompositeType;Ljava/awt/Color;)Lsun/java2d/SurfaceData; @ 108 c2
Event: 18.113 Thread 0x0000022a8c5f37c0 DEOPT PACKING pc=0x0000022ae999fe94 sp=0x0000005bbc1fef20
Event: 18.113 Thread 0x0000022a8c5f37c0 DEOPT UNPACKING pc=0x0000022ae93469a3 sp=0x0000005bbc1fee78 mode 2
Event: 18.114 Thread 0x0000022a8c5f37c0 Uncommon trap: trap_request=0xffffff5c fr.pc=0x0000022ae998c290 relative=0x0000000000000d90
Event: 18.114 Thread 0x0000022a8c5f37c0 Uncommon trap: reason=speculate_null_check action=make_not_entrant pc=0x0000022ae998c290 method=java.util.Objects.hashCode(Ljava/lang/Object;)I @ 1 c2
Event: 18.114 Thread 0x0000022a8c5f37c0 DEOPT PACKING pc=0x0000022ae998c290 sp=0x0000005bbc1fef00
Event: 18.114 Thread 0x0000022a8c5f37c0 DEOPT UNPACKING pc=0x0000022ae93469a3 sp=0x0000005bbc1fea48 mode 2
Event: 18.282 Thread 0x0000022a8c5f37c0 Uncommon trap: trap_request=0xffffffde fr.pc=0x0000022ae999fe78 relative=0x0000000000000138
Event: 18.282 Thread 0x0000022a8c5f37c0 Uncommon trap: reason=class_check action=maybe_recompile pc=0x0000022ae999fe78 method=sun.java2d.SurfaceDataProxy.replaceData(Lsun/java2d/SurfaceData;ILsun/java2d/loops/CompositeType;Ljava/awt/Color;)Lsun/java2d/SurfaceData; @ 16 c2
Event: 18.282 Thread 0x0000022a8c5f37c0 DEOPT PACKING pc=0x0000022ae999fe78 sp=0x0000005bbc1ff110
Event: 18.282 Thread 0x0000022a8c5f37c0 DEOPT UNPACKING pc=0x0000022ae93469a3 sp=0x0000005bbc1ff068 mode 2
Event: 18.282 Thread 0x0000022a8c5f37c0 Uncommon trap: trap_request=0xffffffde fr.pc=0x0000022ae999fe94 relative=0x0000000000000154
Event: 18.282 Thread 0x0000022a8c5f37c0 Uncommon trap: reason=class_check action=maybe_recompile pc=0x0000022ae999fe94 method=sun.java2d.SurfaceDataProxy.replaceData(Lsun/java2d/SurfaceData;ILsun/java2d/loops/CompositeType;Ljava/awt/Color;)Lsun/java2d/SurfaceData; @ 108 c2
Event: 18.282 Thread 0x0000022a8c5f37c0 DEOPT PACKING pc=0x0000022ae999fe94 sp=0x0000005bbc1fef40
Event: 18.282 Thread 0x0000022a8c5f37c0 DEOPT UNPACKING pc=0x0000022ae93469a3 sp=0x0000005bbc1fee98 mode 2
Event: 21.720 Thread 0x0000022a8c5f37c0 DEOPT PACKING pc=0x0000022ae2287674 sp=0x0000005bbc1ff430
Event: 21.720 Thread 0x0000022a8c5f37c0 DEOPT UNPACKING pc=0x0000022ae9347143 sp=0x0000005bbc1fe8e0 mode 0

Classes unloaded (0 events):
No events

Classes redefined (0 events):
No events

Internal exceptions (20 events):
Event: 1.157 Thread 0x0000022ade20d570 Exception <a 'java/lang/NoSuchMethodError'{0x0000022b01898b00}: 'int java.lang.invoke.DirectMethodHandle$Holder.invokeStaticInit(java.lang.Object, long, long)'> (0x0000022b01898b00) 
thrown [s\src\hotspot\share\interpreter\linkResolver.cpp, line 771]
Event: 1.158 Thread 0x0000022ade20d570 Exception <a 'java/lang/NoSuchMethodError'{0x0000022b018a17e8}: 'int java.lang.invoke.DirectMethodHandle$Holder.invokeStaticInit(java.lang.Object, float, float)'> (0x0000022b018a17e8) 
thrown [s\src\hotspot\share\interpreter\linkResolver.cpp, line 771]
Event: 1.159 Thread 0x0000022ade20d570 Exception <a 'java/lang/NoSuchMethodError'{0x0000022b018aa4d8}: 'int java.lang.invoke.DirectMethodHandle$Holder.invokeStaticInit(java.lang.Object, double, double)'> (0x0000022b018aa4d8) 
thrown [s\src\hotspot\share\interpreter\linkResolver.cpp, line 771]
Event: 1.159 Thread 0x0000022ade20d570 Exception <a 'java/lang/NoSuchMethodError'{0x0000022b018affa8}: 'int java.lang.invoke.DirectMethodHandle$Holder.invokeStatic(java.lang.Object, long)'> (0x0000022b018affa8) 
thrown [s\src\hotspot\share\interpreter\linkResolver.cpp, line 771]
Event: 1.163 Thread 0x0000022ade20d570 Exception <a 'java/lang/NoSuchMethodError'{0x0000022b018decf8}: 'int java.lang.invoke.Invokers$Holder.linkToTargetMethod(java.lang.Object, java.lang.Object)'> (0x0000022b018decf8) 
thrown [s\src\hotspot\share\interpreter\linkResolver.cpp, line 771]
Event: 2.536 Thread 0x0000022ade20d570 Exception <a 'java/lang/NoSuchMethodError'{0x0000022b11109fb0}: 'void java.lang.invoke.DirectMethodHandle$Holder.invokeSpecial(java.lang.Object, java.lang.Object, java.lang.Object)'> (0x0000022b11109fb0) 
thrown [s\src\hotspot\share\interpreter\linkResolver.cpp, line 771]
Event: 3.088 Thread 0x0000022ade20d570 Exception <a 'java/lang/NoSuchMethodError'{0x0000022b11dbe068}: 'void java.lang.invoke.DirectMethodHandle$Holder.invokeStaticInit(java.lang.Object)'> (0x0000022b11dbe068) 
thrown [s\src\hotspot\share\interpreter\linkResolver.cpp, line 771]
Event: 3.126 Thread 0x0000022a8c5f1e70 Exception <a 'java/lang/NoSuchMethodError'{0x0000022b11edd718}: 'java.lang.Object java.lang.invoke.DirectMethodHandle$Holder.newInvokeSpecial(java.lang.Object, java.lang.Object, java.lang.Object, java.lang.Object, java.lang.Object)'> (0x0000022b11edd718) 
thrown [s\src\hotspot\share\interpreter\linkResolver.cpp, line 771]
Event: 3.127 Thread 0x0000022a8c5f1e70 Exception <a 'java/lang/NoSuchMethodError'{0x0000022b11eebfe8}: 'java.lang.Object java.lang.invoke.DirectMethodHandle$Holder.invokeStatic(java.lang.Object, int, java.lang.Object, java.lang.Object, java.lang.Object, java.lang.Object)'> (0x0000022b11eebfe8) 
thrown [s\src\hotspot\share\interpreter\linkResolver.cpp, line 771]
Event: 3.178 Thread 0x0000022a8c5f1e70 Exception <a 'java/lang/ClassNotFoundException'{0x0000022b300e2640}: com/sun/swing/internal/plaf/metal/resources/spi/metalProvider> (0x0000022b300e2640) 
thrown [s\src\hotspot\share\classfile\systemDictionary.cpp, line 256]
Event: 3.178 Thread 0x0000022a8c5f1e70 Exception <a 'java/lang/ClassNotFoundException'{0x0000022b300e8598}: com/sun/swing/internal/plaf/basic/resources/spi/basicProvider> (0x0000022b300e8598) 
thrown [s\src\hotspot\share\classfile\systemDictionary.cpp, line 256]
Event: 3.181 Thread 0x0000022a8c5f1e70 Exception <a 'java/lang/NoSuchMethodError'{0x0000022b3010c950}: 'java.lang.Object java.lang.invoke.Invokers$Holder.linkToTargetMethod(java.lang.Object, int, java.lang.Object, java.lang.Object, java.lang.Object)'> (0x0000022b3010c950) 
thrown [s\src\hotspot\share\interpreter\linkResolver.cpp, line 771]
Event: 3.206 Thread 0x0000022a8c0b2cf0 Exception <a 'java/lang/NoSuchMethodError'{0x0000022b30179d30}: 'void java.lang.invoke.DirectMethodHandle$Holder.invokeVirtual(java.lang.Object, java.lang.Object)'> (0x0000022b30179d30) 
thrown [s\src\hotspot\share\interpreter\linkResolver.cpp, line 771]
Event: 3.229 Thread 0x0000022a8c5f1e70 Exception <a 'java/lang/NoSuchMethodError'{0x0000022b3023ebd8}: 'java.lang.Object java.lang.invoke.DirectMethodHandle$Holder.newInvokeSpecial(java.lang.Object, java.lang.Object, int, int, int, int)'> (0x0000022b3023ebd8) 
thrown [s\src\hotspot\share\interpreter\linkResolver.cpp, line 771]
Event: 3.232 Thread 0x0000022a8c5f1e70 Exception <a 'java/lang/NoSuchMethodError'{0x0000022b30250928}: 'void java.lang.invoke.DirectMethodHandle$Holder.invokeSpecial(java.lang.Object, java.lang.Object, int, int)'> (0x0000022b30250928) 
thrown [s\src\hotspot\share\interpreter\linkResolver.cpp, line 771]
Event: 3.234 Thread 0x0000022a8c5f1e70 Exception <a 'java/lang/NoSuchMethodError'{0x0000022b30258790}: 'java.lang.Object java.lang.invoke.DirectMethodHandle$Holder.newInvokeSpecial(java.lang.Object, java.lang.Object, int, int)'> (0x0000022b30258790) 
thrown [s\src\hotspot\share\interpreter\linkResolver.cpp, line 771]
Event: 3.429 Thread 0x0000022a8c5f1e70 Exception <a 'java/lang/NoSuchMethodError'{0x0000022b303b5d58}: 'java.lang.Object java.lang.invoke.Invokers$Holder.invoke_MT(java.lang.Object, java.lang.Object, java.lang.Object)'> (0x0000022b303b5d58) 
thrown [s\src\hotspot\share\interpreter\linkResolver.cpp, line 771]
Event: 3.430 Thread 0x0000022a8c5f1e70 Exception <a 'java/lang/NoSuchMethodError'{0x0000022b303c4268}: 'int java.lang.invoke.Invokers$Holder.invoke_MT(java.lang.Object, java.lang.Object, java.lang.Object)'> (0x0000022b303c4268) 
thrown [s\src\hotspot\share\interpreter\linkResolver.cpp, line 771]
Event: 4.460 Thread 0x0000022a8c5f1e70 Exception <a 'java/lang/NoSuchMethodError'{0x0000022b300249b0}: 'void java.lang.invoke.DirectMethodHandle$Holder.invokeStatic(java.lang.Object, java.lang.Object, java.lang.Object)'> (0x0000022b300249b0) 
thrown [s\src\hotspot\share\interpreter\linkResolver.cpp, line 771]
Event: 18.114 Thread 0x0000022a8c5f37c0 Implicit null exception at 0x0000022ae998b680 to 0x0000022ae998c264

VM Operations (20 events):
Event: 16.660 Executing VM operation: Cleanup
Event: 16.660 Executing VM operation: Cleanup done
Event: 17.665 Executing VM operation: Cleanup
Event: 17.665 Executing VM operation: Cleanup done
Event: 18.665 Executing VM operation: Cleanup
Event: 18.666 Executing VM operation: Cleanup done
Event: 19.680 Executing VM operation: Cleanup
Event: 19.680 Executing VM operation: Cleanup done
Event: 20.694 Executing VM operation: Cleanup
Event: 20.694 Executing VM operation: Cleanup done
Event: 21.706 Executing VM operation: Cleanup
Event: 21.706 Executing VM operation: Cleanup done
Event: 22.719 Executing VM operation: Cleanup
Event: 22.719 Executing VM operation: Cleanup done
Event: 23.722 Executing VM operation: Cleanup
Event: 23.722 Executing VM operation: Cleanup done
Event: 24.724 Executing VM operation: Cleanup
Event: 24.724 Executing VM operation: Cleanup done
Event: 25.738 Executing VM operation: Cleanup
Event: 25.738 Executing VM operation: Cleanup done

Events (20 events):
Event: 18.104 loading class sun/awt/ModalExclude
Event: 18.104 loading class sun/awt/ModalExclude done
Event: 18.104 loading class javax/swing/JWindow
Event: 18.105 loading class javax/swing/JWindow done
Event: 18.105 loading class javax/swing/Popup$HeavyWeightWindow done
Event: 18.130 Thread 0x0000022a8bf84810 Thread added: 0x0000022a8bf84810
Event: 18.276 Thread 0x0000022a8bf84810 Thread exited: 0x0000022a8bf84810
Event: 25.663 loading class java/security/DomainCombiner
Event: 25.663 loading class java/security/DomainCombiner done
Event: 28.580 Thread 0x0000022a8c5f7990 Thread added: 0x0000022a8c5f7990
Event: 28.580 Thread 0x0000022a8c5f83b0 Thread added: 0x0000022a8c5f83b0
Event: 28.580 Thread 0x0000022a8c5f88c0 Thread added: 0x0000022a8c5f88c0
Event: 28.580 loading class java/util/WeakHashMap$KeyIterator
Event: 28.581 loading class java/util/WeakHashMap$HashIterator
Event: 28.581 loading class sun/font/SunFontManager$8$1
Event: 28.581 loading class java/util/WeakHashMap$HashIterator done
Event: 28.581 loading class java/util/WeakHashMap$KeyIterator done
Event: 28.581 loading class sun/font/SunFontManager$8$1 done
Event: 28.581 Thread 0x0000022a8c5f7990 Thread exited: 0x0000022a8c5f7990
Event: 28.584 Thread 0x0000022a8c5f88c0 Thread exited: 0x0000022a8c5f88c0


Dynamic libraries:
0x00007ff7d9cd0000 - 0x00007ff7d9cda000 	C:\Users\bader\.jdks\jbrsdk_jcef-17.0.9\bin\java.exe
0x00007ffed6e90000 - 0x00007ffed7088000 	C:\Windows\SYSTEM32\ntdll.dll
0x00007ffed4f20000 - 0x00007ffed4fe2000 	C:\Windows\System32\KERNEL32.DLL
0x00007ffed4960000 - 0x00007ffed4c5e000 	C:\Windows\System32\KERNELBASE.dll
0x00007ffed4db0000 - 0x00007ffed4eb0000 	C:\Windows\System32\ucrtbase.dll
0x00007ffed08b0000 - 0x00007ffed08c7000 	C:\Users\bader\.jdks\jbrsdk_jcef-17.0.9\bin\jli.dll
0x00007ffebdcc0000 - 0x00007ffebdcdb000 	C:\Users\bader\.jdks\jbrsdk_jcef-17.0.9\bin\VCRUNTIME140.dll
0x00007ffed6bd0000 - 0x00007ffed6d6d000 	C:\Windows\System32\USER32.dll
0x00007ffeba210000 - 0x00007ffeba4aa000 	C:\Windows\WinSxS\amd64_microsoft.windows.common-controls_6595b64144ccf1df_6.0.19041.4355_none_60b8b9eb71f62e16\COMCTL32.dll
0x00007ffed4650000 - 0x00007ffed4672000 	C:\Windows\System32\win32u.dll
0x00007ffed61a0000 - 0x00007ffed61cb000 	C:\Windows\System32\GDI32.dll
0x00007ffed67d0000 - 0x00007ffed686e000 	C:\Windows\System32\msvcrt.dll
0x00007ffed4530000 - 0x00007ffed4647000 	C:\Windows\System32\gdi32full.dll
0x00007ffed4d10000 - 0x00007ffed4dad000 	C:\Windows\System32\msvcp_win.dll
0x00007ffed6100000 - 0x00007ffed612f000 	C:\Windows\System32\IMM32.DLL
0x00007ffeb9d20000 - 0x00007ffeb9d2c000 	C:\Users\bader\.jdks\jbrsdk_jcef-17.0.9\bin\vcruntime140_1.dll
0x00007ffe91610000 - 0x00007ffe9169d000 	C:\Users\bader\.jdks\jbrsdk_jcef-17.0.9\bin\msvcp140.dll
0x00007ffe28ae0000 - 0x00007ffe29762000 	C:\Users\bader\.jdks\jbrsdk_jcef-17.0.9\bin\server\jvm.dll
0x00007ffed6d90000 - 0x00007ffed6e41000 	C:\Windows\System32\ADVAPI32.dll
0x00007ffed5e40000 - 0x00007ffed5edf000 	C:\Windows\System32\sechost.dll
0x00007ffed62a0000 - 0x00007ffed63c3000 	C:\Windows\System32\RPCRT4.dll
0x00007ffed4760000 - 0x00007ffed4787000 	C:\Windows\System32\bcrypt.dll
0x00007ffebb4b0000 - 0x00007ffebb4b9000 	C:\Windows\SYSTEM32\WSOCK32.dll
0x00007ffed3a60000 - 0x00007ffed3aab000 	C:\Windows\SYSTEM32\POWRPROF.dll
0x00007ffeb9a40000 - 0x00007ffeb9a67000 	C:\Windows\SYSTEM32\WINMM.dll
0x00007ffed6090000 - 0x00007ffed60fb000 	C:\Windows\System32\WS2_32.dll
0x00007ffecd650000 - 0x00007ffecd65a000 	C:\Windows\SYSTEM32\VERSION.dll
0x00007ffed3930000 - 0x00007ffed3942000 	C:\Windows\SYSTEM32\UMPDC.dll
0x00007ffed23b0000 - 0x00007ffed23c2000 	C:\Windows\SYSTEM32\kernel.appcore.dll
0x00007ffeb9d10000 - 0x00007ffeb9d1a000 	C:\Users\bader\.jdks\jbrsdk_jcef-17.0.9\bin\jimage.dll
0x00007ffed1cc0000 - 0x00007ffed1ea4000 	C:\Windows\SYSTEM32\DBGHELP.DLL
0x00007ffec4470000 - 0x00007ffec44a4000 	C:\Windows\SYSTEM32\dbgcore.DLL
0x00007ffed46d0000 - 0x00007ffed4752000 	C:\Windows\System32\bcryptPrimitives.dll
0x00007ffed0880000 - 0x00007ffed088e000 	C:\Users\bader\.jdks\jbrsdk_jcef-17.0.9\bin\instrument.dll
0x00007ffeb9ce0000 - 0x00007ffeb9d05000 	C:\Users\bader\.jdks\jbrsdk_jcef-17.0.9\bin\java.dll
0x00007ffeb9cc0000 - 0x00007ffeb9cd8000 	C:\Users\bader\.jdks\jbrsdk_jcef-17.0.9\bin\zip.dll
0x00007ffe80ff0000 - 0x00007ffe810c7000 	C:\Users\bader\.jdks\jbrsdk_jcef-17.0.9\bin\jsvml.dll
0x00007ffed4ff0000 - 0x00007ffed575d000 	C:\Windows\System32\SHELL32.dll
0x00007ffed25b0000 - 0x00007ffed2d54000 	C:\Windows\SYSTEM32\windows.storage.dll
0x00007ffed6870000 - 0x00007ffed6bc3000 	C:\Windows\System32\combase.dll
0x00007ffed3f60000 - 0x00007ffed3f8e000 	C:\Windows\SYSTEM32\Wldp.dll
0x00007ffed61d0000 - 0x00007ffed629d000 	C:\Windows\System32\OLEAUT32.dll
0x00007ffed65c0000 - 0x00007ffed666d000 	C:\Windows\System32\SHCORE.dll
0x00007ffed6560000 - 0x00007ffed65b5000 	C:\Windows\System32\shlwapi.dll
0x00007ffed4460000 - 0x00007ffed4484000 	C:\Windows\SYSTEM32\profapi.dll
0x00007ffeb9a70000 - 0x00007ffeb9a89000 	C:\Users\bader\.jdks\jbrsdk_jcef-17.0.9\bin\net.dll
0x00007ffeccc80000 - 0x00007ffeccd8d000 	C:\Windows\SYSTEM32\WINHTTP.dll
0x00007ffed3cc0000 - 0x00007ffed3d2a000 	C:\Windows\system32\mswsock.dll
0x00007ffeb9370000 - 0x00007ffeb9386000 	C:\Users\bader\.jdks\jbrsdk_jcef-17.0.9\bin\nio.dll
0x00007ffecf410000 - 0x00007ffecf42a000 	C:\Program Files\JetBrains\IntelliJ IDEA Community Edition 2023.3.6\bin\breakgen64.dll
0x00007ffe89c60000 - 0x00007ffe89dfa000 	C:\Users\bader\.jdks\jbrsdk_jcef-17.0.9\bin\awt.dll
0x00007ffed20b0000 - 0x00007ffed20df000 	C:\Windows\SYSTEM32\dwmapi.dll
0x00007ffebdf70000 - 0x00007ffebdfb4000 	C:\Users\bader\.jdks\jbrsdk_jcef-17.0.9\bin\nvdaControllerClient64.dll
0x00007ffecf1c0000 - 0x00007ffecf254000 	C:\Windows\SYSTEM32\apphelp.dll
0x00007ffeb81e0000 - 0x00007ffeb8308000 	C:\Windows\system32\opengl32.dll
0x00007ffeb7c60000 - 0x00007ffeb7c8c000 	C:\Windows\SYSTEM32\GLU32.dll
0x00007ffed1090000 - 0x00007ffed112e000 	C:\Windows\system32\uxtheme.dll
0x00007ffed5bd0000 - 0x00007ffed5ce5000 	C:\Windows\System32\MSCTF.dll
0x00007ffed5cf0000 - 0x00007ffed5d99000 	C:\Windows\System32\clbcatq.dll
0x00007ffe45430000 - 0x00007ffe463fa000 	C:\Windows\System32\DriverStore\FileRepository\iigd_dch.inf_amd64_5d54dd32fa1ef4d4\ig9icd64.dll
0x00007ffed6430000 - 0x00007ffed655b000 	C:\Windows\System32\ole32.dll
0x00007ffed2dc0000 - 0x00007ffed2eb6000 	C:\Windows\system32\dxgi.dll
0x00007ffec7a80000 - 0x00007ffec7cbf000 	C:\Windows\System32\DriverStore\FileRepository\iigd_dch.inf_amd64_5d54dd32fa1ef4d4\igdgmm64.dll
0x00007ffec4eb0000 - 0x00007ffec7a79000 	C:\Windows\System32\DriverStore\FileRepository\iigd_dch.inf_amd64_5d54dd32fa1ef4d4\igc64.dll
0x00007ffe63280000 - 0x00007ffe6368c000 	C:\Windows\System32\DriverStore\FileRepository\iigd_dch.inf_amd64_5d54dd32fa1ef4d4\igdml64.dll
0x00007ffed3ec0000 - 0x00007ffed3ed8000 	C:\Windows\SYSTEM32\CRYPTSP.dll
0x00007ffed3570000 - 0x00007ffed35a4000 	C:\Windows\system32\rsaenh.dll
0x00007ffed4420000 - 0x00007ffed444e000 	C:\Windows\SYSTEM32\USERENV.dll
0x00007ffed3eb0000 - 0x00007ffed3ebc000 	C:\Windows\SYSTEM32\CRYPTBASE.dll
0x00007ffed3950000 - 0x00007ffed398b000 	C:\Windows\SYSTEM32\IPHLPAPI.DLL
0x00007ffed5e30000 - 0x00007ffed5e38000 	C:\Windows\System32\NSI.dll
0x00007ffecc960000 - 0x00007ffecc977000 	C:\Windows\SYSTEM32\dhcpcsvc6.DLL
0x00007ffeccbf0000 - 0x00007ffeccc0d000 	C:\Windows\SYSTEM32\dhcpcsvc.DLL
0x00007ffed3990000 - 0x00007ffed3a5a000 	C:\Windows\SYSTEM32\DNSAPI.dll
0x00007ffeb84c0000 - 0x00007ffeb8547000 	C:\Users\bader\.jdks\jbrsdk_jcef-17.0.9\bin\freetype.dll
0x00007ffeb6680000 - 0x00007ffeb6757000 	C:\Users\bader\.jdks\jbrsdk_jcef-17.0.9\bin\fontmanager.dll
0x00007ffec2280000 - 0x00007ffec2292000 	C:\Users\bader\.jdks\jbrsdk_jcef-17.0.9\bin\jsound.dll
0x00007ffea87c0000 - 0x00007ffea885c000 	C:\Windows\SYSTEM32\DSOUND.dll
0x00007ffec02f0000 - 0x00007ffec0316000 	C:\Windows\SYSTEM32\winmmbase.dll
0x00007ffecce00000 - 0x00007ffecce85000 	C:\Windows\System32\MMDevApi.dll
0x00007ffed42c0000 - 0x00007ffed42f3000 	C:\Windows\System32\DEVOBJ.dll
0x00007ffed4680000 - 0x00007ffed46ce000 	C:\Windows\System32\cfgmgr32.dll
0x00007ffeb5080000 - 0x00007ffeb50c6000 	C:\Windows\SYSTEM32\wdmaud.drv
0x00007ffecf4e0000 - 0x00007ffecf4e9000 	C:\Windows\SYSTEM32\ksuser.dll
0x00007ffeced00000 - 0x00007ffeced0a000 	C:\Windows\SYSTEM32\AVRT.dll
0x00007ffecce90000 - 0x00007ffecd011000 	C:\Windows\SYSTEM32\AUDIOSES.DLL
0x00007ffeb5070000 - 0x00007ffeb507d000 	C:\Windows\SYSTEM32\msacm32.drv
0x00007ffeb5050000 - 0x00007ffeb506e000 	C:\Windows\SYSTEM32\MSACM32.dll
0x00007ffeb5040000 - 0x00007ffeb504b000 	C:\Windows\SYSTEM32\midimap.dll
0x00007ffed1fb0000 - 0x00007ffed1fc4000 	C:\Windows\SYSTEM32\resourcepolicyclient.dll
0x00007ffeb1a60000 - 0x00007ffeb1c05000 	C:\Windows\WinSxS\amd64_microsoft.windows.gdiplus_6595b64144ccf1df_1.1.19041.4597_none_91a78020cc854124\gdiplus.dll
0x00007ffebfdd0000 - 0x00007ffebfec9000 	C:\Windows\SYSTEM32\textinputframework.dll
0x00007ffece6e0000 - 0x00007ffecea3b000 	C:\Windows\System32\CoreUIComponents.dll
0x00007ffecea50000 - 0x00007ffeceb42000 	C:\Windows\System32\CoreMessaging.dll
0x00007ffed37c0000 - 0x00007ffed37f3000 	C:\Windows\SYSTEM32\ntmarta.dll
0x00007ffed12c0000 - 0x00007ffed1417000 	C:\Windows\SYSTEM32\wintypes.dll
0x00007ffeb7e70000 - 0x00007ffeb8165000 	C:\Windows\System32\uiautomationcore.dll
0x00007ffed1880000 - 0x00007ffed1976000 	C:\Windows\System32\PROPSYS.dll
0x00007ffeb8170000 - 0x00007ffeb81d6000 	C:\Windows\System32\OLEACC.dll
0x00007ffebfed0000 - 0x00007ffec000f000 	C:\Windows\System32\Windows.UI.dll
0x00007ffebfc70000 - 0x00007ffebfdc2000 	C:\Windows\System32\InputHost.dll
0x00007ffecbdf0000 - 0x00007ffecbe91000 	C:\Windows\System32\WindowManagementAPI.dll
0x00007ffecb4a0000 - 0x00007ffecb6a3000 	C:\Windows\SYSTEM32\twinapi.appcore.dll

dbghelp: loaded successfully - version: 4.0.5 - missing functions: none
symbol engine: initialized successfully - sym options: 0x614 - pdb path: .;C:\Users\bader\.jdks\jbrsdk_jcef-17.0.9\bin;C:\Windows\SYSTEM32;C:\Windows\WinSxS\amd64_microsoft.windows.common-controls_6595b64144ccf1df_6.0.19041.4355_none_60b8b9eb71f62e16;C:\Users\bader\.jdks\jbrsdk_jcef-17.0.9\bin\server;C:\Program Files\JetBrains\IntelliJ IDEA Community Edition 2023.3.6\bin;C:\Windows\System32\DriverStore\FileRepository\iigd_dch.inf_amd64_5d54dd32fa1ef4d4;C:\Windows\WinSxS\amd64_microsoft.windows.gdiplus_6595b64144ccf1df_1.1.19041.4597_none_91a78020cc854124

VM Arguments:
jvm_args: -Xmx3072g -Xmx4096g -Dsun.java2d.opengl=true -XX:ErrorFile=logs/hs_err_pid%p.log -javaagent:C:\Program Files\JetBrains\IntelliJ IDEA Community Edition 2023.3.6\lib\idea_rt.jar=50825:C:\Program Files\JetBrains\IntelliJ IDEA Community Edition 2023.3.6\bin -Dfile.encoding=UTF-8 
java_command: net.sendback.Main
java_class_path (initial): C:\Users\bader\OneDrive\Bureau\Idea\GTS_PRojekt\target\classes
Launcher Type: SUN_STANDARD

[Global flags]
     intx CICompilerCount                          = 4                                         {product} {ergonomic}
     uint ConcGCThreads                            = 3                                         {product} {ergonomic}
    ccstr ErrorFile                                = logs/hs_err_pid%p.log                     {product} {command line}
     uint G1ConcRefinementThreads                  = 10                                        {product} {ergonomic}
   size_t G1HeapRegionSize                         = 33554432                                  {product} {ergonomic}
    uintx GCDrainStackTargetSize                   = 64                                        {product} {ergonomic}
   size_t InitialHeapSize                          = 268435456                                 {product} {ergonomic}
   size_t MarkStackSize                            = 4194304                                   {product} {ergonomic}
   size_t MaxHeapSize                              = 4398046511104                             {product} {command line}
   size_t MaxNewSize                               = 2638821195776                             {product} {ergonomic}
   size_t MinHeapDeltaBytes                        = 33554432                                  {product} {ergonomic}
   size_t MinHeapSize                              = 33554432                                  {product} {ergonomic}
    uintx NonNMethodCodeHeapSize                   = 5839372                                {pd product} {ergonomic}
    uintx NonProfiledCodeHeapSize                  = 122909434                              {pd product} {ergonomic}
    uintx ProfiledCodeHeapSize                     = 122909434                              {pd product} {ergonomic}
    uintx ReservedCodeCacheSize                    = 251658240                              {pd product} {ergonomic}
     bool SegmentedCodeCache                       = true                                      {product} {ergonomic}
   size_t SoftMaxHeapSize                          = 4398046511104                          {manageable} {ergonomic}
     bool UseCompressedClassPointers               = true                           {product lp64_product} {ergonomic}
     bool UseG1GC                                  = true                                      {product} {ergonomic}
     bool UseLargePagesIndividualAllocation        = false                                  {pd product} {ergonomic}

Logging:
Log output configuration:
 #0: stdout all=warning uptime,level,tags
 #1: stderr all=off uptime,level,tags

Environment Variables:
PATH=C:\Program Files\Common Files\Oracle\Java\javapath;C:\Windows\system32;C:\Windows;C:\Windows\System32\Wbem;C:\Windows\System32\WindowsPowerShell\v1.0\;C:\Windows\System32\OpenSSH\;C:\Program Files (x86)\NVIDIA Corporation\PhysX\Common;C:\Program Files\dotnet\;C:\Users\bader\AppData\Local\Microsoft\WindowsApps;C:\Users\bader\AppData\Local\GitHubDesktop\bin
USERNAME=bader
OS=Windows_NT
PROCESSOR_IDENTIFIER=Intel64 Family 6 Model 158 Stepping 10, GenuineIntel
TMP=C:\Users\bader\AppData\Local\Temp
TEMP=C:\Users\bader\AppData\Local\Temp



Periodic native trim disabled

JNI global refs:
JNI global refs: 166, weak refs: 235

JNI global refs memory usage: 2107, weak refs: 2737

OOME stack traces (most recent first):
Classloader memory used:
Loader bootstrap                                                                       : 2772K
Loader jdk.internal.loader.ClassLoaders$AppClassLoader                                 : 36251B
Loader jdk.internal.reflect.DelegatingClassLoader                                      : 5306B
Loader jdk.internal.loader.ClassLoaders$PlatformClassLoader                            : 764B


---------------  S Y S T E M  ---------------

OS:
 Windows 10 , 64 bit Build 19041 (10.0.19041.5072)
OS uptime: 11 days 4:39 hours

CPU: total 12 (initial active 12) (6 cores per cpu, 2 threads per core) family 6 model 158 stepping 10 microcode 0xf0, cx8, cmov, fxsr, ht, mmx, 3dnowpref, sse, sse2, sse3, ssse3, sse4.1, sse4.2, popcnt, lzcnt, tsc, tscinvbit, avx, avx2, aes, erms, clmul, bmi1, bmi2, adx, fma, vzeroupper, clflush, clflushopt
Processor Information for all 12 processors :
  Max Mhz: 2592, Current Mhz: 2592, Mhz Limit: 2592

Memory: 4k page, system-wide physical 16254M (2004M free)
TotalPageFile size 23086M (AvailPageFile size 2341M)
current process WorkingSet (physical memory assigned to process): 773M, peak: 784M
current process commit charge ("private bytes"): 1509M, peak: 1521M

vm_info: OpenJDK 64-Bit Server VM (17.0.9+8-b1166.2) for windows-amd64 JRE (17.0.9+8-b1166.2), built on 2024-01-13 by "builduser" with MS VC++ 16.10 / 16.11 (VS2019)

END.
