#
# A fatal error has been detected by the Java Runtime Environment:
#
#  EXCEPTION_ACCESS_VIOLATION (0xc0000005) at pc=0x00007ffe45df3c53, pid=35560, tid=25796
#
# JRE version: OpenJDK Runtime Environment JBR-17.0.9+8-1166.2-jcef (17.0.9+8) (build 17.0.9+8-b1166.2)
# Java VM: OpenJDK 64-Bit Server VM JBR-17.0.9+8-1166.2-jcef (17.0.9+8-b1166.2, mixed mode, tiered, compressed class ptrs, g1 gc, windows-amd64)
# Problematic frame:
# C  [ig9icd64.dll+0x9c3c53]
#
# No core dump will be written. Minidumps are not enabled by default on client versions of Windows
#
# If you would like to submit a bug report, please visit:
#   https://youtrack.jetbrains.com/issues/JBR
# The crash happened outside the Java Virtual Machine in native code.
# See problematic frame for where to report the bug.
#

---------------  S U M M A R Y ------------

Command Line: -Xmx3072g -Xmx4096g -Dsun.java2d.opengl=true -XX:ErrorFile=logs/hs_err_pid%p.log -javaagent:C:\Program Files\JetBrains\IntelliJ IDEA Community Edition 2023.3.6\lib\idea_rt.jar=50665:C:\Program Files\JetBrains\IntelliJ IDEA Community Edition 2023.3.6\bin -Dfile.encoding=UTF-8 net.sendback.Main

Host: Intel(R) Core(TM) i7-9750H CPU @ 2.60GHz, 12 cores, 15G,  Windows 10 , 64 bit Build 19041 (10.0.19041.5072)
Time: Thu Nov  7 20:08:51 2024 Mitteleuropäische Zeit elapsed time: 32.453382 seconds (0d 0h 0m 32s)

---------------  T H R E A D  ---------------

Current thread (0x000006acc14e0020):  JavaThread "Java2D Queue Flusher" daemon [_thread_in_native, id=25796, stack(0x000000c600700000,0x000000c600800000)]

Stack: [0x000000c600700000,0x000000c600800000],  sp=0x000000c6007fee28,  free space=1019k
Native frames: (J=compiled Java code, j=interpreted, Vv=VM code, C=native code)
C  [ig9icd64.dll+0x9c3c53]

Java frames: (J=compiled Java code, j=interpreted, Vv=VM code)
J 2535  sun.java2d.opengl.OGLRenderQueue.flushBuffer(JI)V java.desktop (0 bytes) @ 0x00000286a55f37db [0x00000286a55f37a0+0x000000000000003b]
J 2533 c1 sun.java2d.opengl.OGLRenderQueue.flushBuffer()V java.desktop (41 bytes) @ 0x000002869def9184 [0x000002869def9060+0x0000000000000124]
j  sun.java2d.opengl.OGLRenderQueue$QueueFlusher.run()V+81 java.desktop
j  java.lang.Thread.run()V+11 java.base@17.0.9
v  ~StubRoutines::call_stub

siginfo: EXCEPTION_ACCESS_VIOLATION (0xc0000005), reading address 0xffffffffffffffff


Registers:
RAX=0x000000000fff0fff, RBX=0x00007ffe45430000, RCX=0x000000033fcf3fcc, RDX=0x000000c6007ff340
RSP=0x000000c6007fee28, RBP=0x000000c6007fef30, RSI=0x000006acc770a480, RDI=0x000000c6007ff130
R8 =0x000000c6007fef60, R9 =0x000000c6007ff340, R10=0x000000c6007ff130, R11=0x0000000000000000
R12=0x00007ffe4625a420, R13=0x0000000000000000, R14=0x0000000000000000, R15=0x00000000000001c1
RIP=0x00007ffe45df3c53, EFLAGS=0x0000000000010206


Register to memory mapping:

RIP=0x00007ffe45df3c53 ig9icd64.dll
RAX=0x000000000fff0fff is an unknown value
RBX=0x00007ffe45430000 ig9icd64.dll
RCX=0x000000033fcf3fcc is an unknown value
RDX=0x000000c6007ff340 is pointing into the stack for thread: 0x000006acc14e0020
RSP=0x000000c6007fee28 is pointing into the stack for thread: 0x000006acc14e0020
RBP=0x000000c6007fef30 is pointing into the stack for thread: 0x000006acc14e0020
RSI=0x000006acc770a480 points into unknown readable memory: 0x000006acc14fbec0 | c0 be 4f c1 ac 06 00 00
RDI=0x000000c6007ff130 is pointing into the stack for thread: 0x000006acc14e0020
R8 =0x000000c6007fef60 is pointing into the stack for thread: 0x000006acc14e0020
R9 =0x000000c6007ff340 is pointing into the stack for thread: 0x000006acc14e0020
R10=0x000000c6007ff130 is pointing into the stack for thread: 0x000006acc14e0020
R11=0x0 is NULL
R12=0x00007ffe4625a420 ig9icd64.dll
R13=0x0 is NULL
R14=0x0 is NULL
R15=0x00000000000001c1 is an unknown value


Top of Stack: (sp=0x000000c6007fee28)
0x000000c6007fee28:   00007ffe45df138b 0000000000000001
0x000000c6007fee38:   0000000000000000 000006accaca9100
0x000000c6007fee48:   00007ffec7a82572 000000c600000065
0x000000c6007fee58:   000000c6007ff060 0000000000000000
0x000000c6007fee68:   000006acc8453750 0000000000000000
0x000000c6007fee78:   000006acc845eee0 000006accaca9140
0x000000c6007fee88:   0000000000000fb0 0000000000000000
0x000000c6007fee98:   0000000000000000 000000c6007ff010
0x000000c6007feea8:   00007ffe45a89070 0000000000000000
0x000000c6007feeb8:   0000000000000000 0000000000000000
0x000000c6007feec8:   0000000000000000 0000acaf90a69ef8
0x000000c6007feed8:   00007ffe454464e5 000006accaca9140
0x000000c6007feee8:   0000000000004001 0000000000000200
0x000000c6007feef8:   00007ffed6ebb86b 000000000006000e
0x000000c6007fef08:   000000000000003f 000006acc8448ea0
0x000000c6007fef18:   0000000000000000 0000000000000000
0x000000c6007fef28:   00007ffe45df1c62 0000000000000000
0x000000c6007fef38:   0000028697da3cc0 000000c6007ff230
0x000000c6007fef48:   0000028697da0000 0000028697da02b4
0x000000c6007fef58:   000006acc8453750 00007ffe460ff020
0x000000c6007fef68:   0000000e00000000 0000001a00000018
0x000000c6007fef78:   00000fff00000000 437f0000437f0000
0x000000c6007fef88:   437f0000437f0000 0000ff0000ff0000
0x000000c6007fef98:   ff000000000000ff 0000000800000010
0x000000c6007fefa8:   0000001800000000 0000000000000000
0x000000c6007fefb8:   0000000000000000 0000000000000000
0x000000c6007fefc8:   0000000000000000 0000000000000000
0x000000c6007fefd8:   0000000000000000 0000000000000000
0x000000c6007fefe8:   0000000000000000 0000000000000000
0x000000c6007feff8:   0000000000000000 0000000000000000
0x000000c6007ff008:   0000000000000000 0000000000000000
0x000000c6007ff018:   0000000000000000 0000000000000000 

Instructions: (pc=0x00007ffe45df3c53)
0x00007ffe45df3b53:   a1 b6 30 00 48 89 51 08 48 89 01 8b 44 24 28 89
0x00007ffe45df3b63:   41 20 8b 44 24 30 89 41 24 48 8b c1 4c 89 41 10
0x00007ffe45df3b73:   4c 89 49 18 c3 cc cc cc cc cc cc cc cc 48 89 5c
0x00007ffe45df3b83:   24 08 8b 41 5c 48 8d 1d 71 c4 63 ff 41 89 40 08
0x00007ffe45df3b93:   4c 8b d1 8b 41 60 45 33 db 41 89 40 0c 4c 8b ca
0x00007ffe45df3ba3:   8b 41 64 41 89 40 10 8b 41 68 41 89 40 14 8b 41
0x00007ffe45df3bb3:   6c 41 89 40 18 8b 41 70 41 89 40 1c 48 63 41 74
0x00007ffe45df3bc3:   48 6b c8 34 8b 84 19 84 5f ee 00 41 89 40 20 8b
0x00007ffe45df3bd3:   84 19 88 5f ee 00 41 89 40 24 8b 84 19 8c 5f ee
0x00007ffe45df3be3:   00 41 89 40 28 8b 84 19 90 5f ee 00 41 89 40 2c
0x00007ffe45df3bf3:   8b 84 19 74 5f ee 00 41 89 40 30 8b 84 19 78 5f
0x00007ffe45df3c03:   ee 00 41 89 40 34 8b 84 19 7c 5f ee 00 41 89 40
0x00007ffe45df3c13:   38 8b 84 19 80 5f ee 00 41 89 40 3c 8b 84 19 64
0x00007ffe45df3c23:   5f ee 00 41 89 40 40 8b 84 19 68 5f ee 00 41 89
0x00007ffe45df3c33:   40 44 8b 84 19 6c 5f ee 00 41 89 40 48 8b 84 19
0x00007ffe45df3c43:   70 5f ee 00 41 89 40 4c 49 63 42 78 48 6b c8 34
0x00007ffe45df3c53:   8b 84 19 84 5f ee 00 41 89 40 50 8b 84 19 88 5f
0x00007ffe45df3c63:   ee 00 41 89 40 54 8b 84 19 8c 5f ee 00 41 89 40
0x00007ffe45df3c73:   58 8b 84 19 90 5f ee 00 41 89 40 5c 8b 84 19 74
0x00007ffe45df3c83:   5f ee 00 41 89 40 60 8b 84 19 78 5f ee 00 41 89
0x00007ffe45df3c93:   40 64 8b 84 19 7c 5f ee 00 41 89 40 68 8b 84 19
0x00007ffe45df3ca3:   80 5f ee 00 41 89 40 6c 8b 84 19 64 5f ee 00 41
0x00007ffe45df3cb3:   89 40 70 8b 84 19 68 5f ee 00 41 89 40 74 8b 84
0x00007ffe45df3cc3:   19 6c 5f ee 00 41 89 40 78 8b 84 19 70 5f ee 00
0x00007ffe45df3cd3:   41 89 40 7c 48 8b 42 18 8b 88 38 0b 00 00 f6 c1
0x00007ffe45df3ce3:   08 0f 84 86 00 00 00 8b 80 3c 0b 00 00 41 89 80
0x00007ffe45df3cf3:   80 00 00 00 48 8b 42 18 8b 88 40 0b 00 00 41 89
0x00007ffe45df3d03:   88 84 00 00 00 48 8b 42 18 8b 88 44 0b 00 00 41
0x00007ffe45df3d13:   89 88 88 00 00 00 48 8b 42 18 8b 88 48 0b 00 00
0x00007ffe45df3d23:   41 89 88 8c 00 00 00 48 8b 42 18 8b 88 4c 0b 00
0x00007ffe45df3d33:   00 41 89 88 90 00 00 00 48 8b 42 18 8b 88 50 0b
0x00007ffe45df3d43:   00 00 41 89 88 94 00 00 00 48 8b 42 18 8b 88 54 


Stack slot to memory mapping:
stack at sp + 0 slots: 0x00007ffe45df138b ig9icd64.dll
stack at sp + 1 slots: 0x0000000000000001 is an unknown value
stack at sp + 2 slots: 0x0 is NULL
stack at sp + 3 slots: 0x000006accaca9100 points into unknown readable memory: 0x0000000000000000 | 00 00 00 00 00 00 00 00
stack at sp + 4 slots: 0x00007ffec7a82572 igdgmm64.dll
stack at sp + 5 slots: 0x000000c600000065 is pointing into the stack for thread: 0x000006acbcb05fa0
stack at sp + 6 slots: 0x000000c6007ff060 is pointing into the stack for thread: 0x000006acc14e0020
stack at sp + 7 slots: 0x0 is NULL


Compiled method (n/a)   32568 2535     n 0       sun.java2d.opengl.OGLRenderQueue::flushBuffer (native)
 total in heap  [0x00000286a55f3610,0x00000286a55f39a8] = 920
 relocation     [0x00000286a55f3768,0x00000286a55f3798] = 48
 main code      [0x00000286a55f37a0,0x00000286a55f39a8] = 520

[Constant Pool (empty)]

[MachCode]
[Entry Point]
  # {method} {0x000006acbdacf500} 'flushBuffer' '(JI)V' in 'sun/java2d/opengl/OGLRenderQueue'
  # this:     rdx:rdx   = 'sun/java2d/opengl/OGLRenderQueue'
  # parm0:    r8:r8     = long
  # parm1:    r9        = int
  #           [sp+0x70]  (sp of caller)
  0x00000286a55f37a0: 448b 5208 | 493b c20f | 840b 0000 

  0x00000286a55f37ac: ;   {runtime_call ic_miss_stub}
  0x00000286a55f37ac: 00e9 ced8 | 9eff 660f | 1f44 0000 
[Verified Entry Point]
  0x00000286a55f37b8: 8984 2400 | 90ff ff55 | 488b ec48 | 83ec 6048 | 8954 2420 | 4883 fa00 | 488d 5424 | 2048 0f44 
  0x00000286a55f37d8: 5424 20c5 

  0x00000286a55f37dc: ;   {internal_word}
  0x00000286a55f37dc: f877 49ba | db37 5fa5 | 8602 0000 | 4d89 97a0 | 0200 0049 | 89a7 9802 

  0x00000286a55f37f4: ;   {external_word}
  0x00000286a55f37f4: 0000 49ba | 3d29 6729 | fe7f 0000 | 4180 3a00 | 0f84 5200 | 0000 5241 

  0x00000286a55f380c: ;   {metadata({method} {0x000006acbdacf500} 'flushBuffer' '(JI)V' in 'sun/java2d/opengl/OGLRenderQueue')}
  0x00000286a55f380c: 5041 5148 | baf8 f4ac | bdac 0600 | 0049 8bcf | 4883 ec20 | f7c4 0f00 | 0000 0f84 | 1a00 0000 
  0x00000286a55f382c: 4883 ec08 

  0x00000286a55f3830: ;   {runtime_call SharedRuntime::dtrace_method_entry}
  0x00000286a55f3830: 49ba b0ea | 1c29 fe7f | 0000 41ff | d248 83c4 | 08e9 0d00 

  0x00000286a55f3844: ;   {runtime_call SharedRuntime::dtrace_method_entry}
  0x00000286a55f3844: 0000 49ba | b0ea 1c29 | fe7f 0000 | 41ff d248 | 83c4 2041 | 5941 585a | 498d 8fb8 | 0200 0041 
  0x00000286a55f3864: c787 4803 | 0000 0400 

  0x00000286a55f386c: ;   {runtime_call}
  0x00000286a55f386c: 0000 49ba | 60fd cb89 | fe7f 0000 | 41ff d2c5 | f877 41c7 | 8748 0300 | 0005 0000 | 00f0 8344 
  0x00000286a55f388c: 24c0 0049 | 3baf 5003 | 0000 0f87 | 1100 0000 | 4181 bf38 | 0300 0000 | 0000 000f | 8421 0000 
  0x00000286a55f38ac: 00c5 f877 | 498b cf4c | 8be4 4883 | ec20 4883 

  0x00000286a55f38bc: ;   {runtime_call JavaThread::check_special_condition_for_native_trans}
  0x00000286a55f38bc: e4f0 49ba | f008 2d29 | fe7f 0000 | 41ff d249 | 8be4 41c7 | 8748 0300 | 0008 0000 | 0041 81bf 
  0x00000286a55f38dc: b803 0000 | 0200 0000 | 0f84 9b00 

  0x00000286a55f38e8: ;   {external_word}
  0x00000286a55f38e8: 0000 49ba | 3d29 6729 | fe7f 0000 | 4180 3a00 | 0f84 4800 

  0x00000286a55f38fc: ;   {metadata({method} {0x000006acbdacf500} 'flushBuffer' '(JI)V' in 'sun/java2d/opengl/OGLRenderQueue')}
  0x00000286a55f38fc: 0000 48ba | f8f4 acbd | ac06 0000 | 498b cf48 | 83ec 20f7 | c40f 0000 | 000f 841a | 0000 0048 
  0x00000286a55f391c: ;   {runtime_call SharedRuntime::dtrace_method_entry}
  0x00000286a55f391c: 83ec 0849 | bab0 ea1c | 29fe 7f00 | 0041 ffd2 | 4883 c408 | e90d 0000 

  0x00000286a55f3934: ;   {runtime_call SharedRuntime::dtrace_method_entry}
  0x00000286a55f3934: 0049 bab0 | ea1c 29fe | 7f00 0041 | ffd2 4883 | c420 49c7 | 8798 0200 | 0000 0000 | 0049 c787 
  0x00000286a55f3954: a002 0000 | 0000 0000 | c5f8 7749 | 8b8f d800 | 0000 c781 | 0001 0000 | 0000 0000 | c949 817f 
  0x00000286a55f3974: 0800 0000 | 000f 8501 | 0000 00c3 

  0x00000286a55f3980: ;   {runtime_call StubRoutines (1)}
  0x00000286a55f3980: e97b d599 | ffc5 f877 | 4c8b e448 | 83ec 2048 

  0x00000286a55f3990: ;   {runtime_call SharedRuntime::reguard_yellow_pages}
  0x00000286a55f3990: 83e4 f049 | ba40 1b1d | 29fe 7f00 | 0041 ffd2 | 498b e4e9 | 42ff ffff 
[/MachCode]


Compiled method (c1)   32687 2533       3       sun.java2d.opengl.OGLRenderQueue::flushBuffer (41 bytes)
 total in heap  [0x000002869def8e90,0x000002869def94d8] = 1608
 relocation     [0x000002869def8fe8,0x000002869def9050] = 104
 main code      [0x000002869def9060,0x000002869def9340] = 736
 stub code      [0x000002869def9340,0x000002869def9398] = 88
 metadata       [0x000002869def9398,0x000002869def93c0] = 40
 scopes data    [0x000002869def93c0,0x000002869def9410] = 80
 scopes pcs     [0x000002869def9410,0x000002869def94b0] = 160
 dependencies   [0x000002869def94b0,0x000002869def94b8] = 8
 nul chk table  [0x000002869def94b8,0x000002869def94d8] = 32

[Constant Pool (empty)]

[MachCode]
[Entry Point]
  # {method} {0x000006acbdacf5f8} 'flushBuffer' '()V' in 'sun/java2d/opengl/OGLRenderQueue'
  #           [sp+0x70]  (sp of caller)
  0x000002869def9060: 448b 5208 

  0x000002869def9064: ;   {runtime_call ic_miss_stub}
  0x000002869def9064: 4c3b d00f | 8513 800e | 0766 6666 | 0f1f 8400 | 0000 0000 | 6666 6690 | 0f1f 4000 
[Verified Entry Point]
  0x000002869def9080: 8984 2400 | 90ff ff55 | 4883 ec60 

  0x000002869def908c: ;   {metadata(method data for {method} {0x000006acbdacf5f8} 'flushBuffer' '()V' in 'sun/java2d/opengl/OGLRenderQueue')}
  0x000002869def908c: 49b8 c881 | 3fbe ac06 | 0000 458b | 88cc 0000 | 0041 83c1 | 0245 8988 | cc00 0000 | 4181 e1fe 
  0x000002869def90ac: 0700 0041 | 83f9 000f | 84d6 0100 | 004c 8b42 | 1049 3b00 

  0x000002869def90c0: ;   {metadata(method data for {method} {0x000006acbdacf5f8} 'flushBuffer' '()V' in 'sun/java2d/opengl/OGLRenderQueue')}
  0x000002869def90c0: 4d8b c848 | bec8 813f | beac 0600 | 0048 8386 | 1001 0000 

  0x000002869def90d4: ;   {metadata(method data for {method} {0x000006acbdad18d8} 'position' '()I' in 'sun/java2d/pipe/RenderBuffer')}
  0x000002869def90d4: 0149 b928 | f03a beac | 0600 0041 | 8bb1 cc00 | 0000 83c6 | 0241 89b1 | cc00 0000 | 81e6 feff 
  0x000002869def90f4: 1f00 83fe | 000f 84b6 | 0100 004d | 8b48 2049 | 8b70 104c | 2bce 458b | c941 83f9 

  0x000002869def9110: ;   {metadata(method data for {method} {0x000006acbdacf5f8} 'flushBuffer' '()V' in 'sun/java2d/opengl/OGLRenderQueue')}
  0x000002869def9110: 0048 bfc8 | 813f beac | 0600 0048 | bb48 0100 | 0000 0000 | 000f 8e0a | 0000 0048 | bb58 0100 
  0x000002869def9130: 0000 0000 | 0048 8b04 | 1f48 8d40 | 0148 8904 | 1f0f 8e42 

  0x000002869def9144: ;   {metadata(method data for {method} {0x000006acbdacf5f8} 'flushBuffer' '()V' in 'sun/java2d/opengl/OGLRenderQueue')}
  0x000002869def9144: 0000 0048 | bfc8 813f | beac 0600 | 0048 8387 | 6801 0000 | 014c 8bc2 

  0x000002869def915c: ;   {metadata(method data for {method} {0x000006acbdacf5f8} 'flushBuffer' '()V' in 'sun/java2d/opengl/OGLRenderQueue')}
  0x000002869def915c: 48bf c881 | 3fbe ac06 | 0000 4883 | 87a0 0100 | 0001 4c8b | c648 8bf2 | 488b d648 | 8974 2450 
  0x000002869def917c: ;   {optimized virtual_call}
  0x000002869def917c: 6666 90e8 

  0x000002869def9180: ; ImmutableOopMap {[80]=Oop }
                      ;*invokevirtual flushBuffer {reexecute=0 rethrow=0 return_oop=0}
                      ; - sun.java2d.opengl.OGLRenderQueue::flushBuffer@21 (line 150)
  0x000002869def9180: 34a6 6f07 | 488b 5424 | 5048 8b72 | 1048 3b06 

  0x000002869def9190: ;   {metadata(method data for {method} {0x000006acbdacf5f8} 'flushBuffer' '()V' in 'sun/java2d/opengl/OGLRenderQueue')}
  0x000002869def9190: 488b fe48 | bbc8 813f | beac 0600 | 0048 8383 | d801 0000 

  0x000002869def91a4: ;   {metadata(method data for {method} {0x000006acbdad1a58} 'clear' '()V' in 'sun/java2d/pipe/RenderBuffer')}
  0x000002869def91a4: 0148 bf50 | 843f beac | 0600 008b | 9fcc 0000 | 0083 c302 | 899f cc00 | 0000 81e3 | feff 1f00 
  0x000002869def91c4: 83fb 000f | 840e 0100 | 0048 8b7e | 1048 897e | 2048 8b52 | 1848 3b02 

  0x000002869def91dc: ;   {metadata(method data for {method} {0x000006acbdacf5f8} 'flushBuffer' '()V' in 'sun/java2d/opengl/OGLRenderQueue')}
  0x000002869def91dc: 488b f248 | bfc8 813f | beac 0600 | 008b 7608 | 483b b720 | 0200 0075 | 0d48 8387 | 2802 0000 
  0x000002869def91fc: 01e9 6600 | 0000 483b | b730 0200 | 0075 0d48 | 8387 3802 | 0000 01e9 | 5000 0000 | 4881 bf20 
  0x000002869def921c: 0200 0000 | 0000 0075 | 1748 89b7 | 2002 0000 | 48c7 8728 | 0200 0001 | 0000 00e9 | 2c00 0000 
  0x000002869def923c: 4881 bf30 | 0200 0000 | 0000 0075 | 1748 89b7 | 3002 0000 | 48c7 8738 | 0200 0001 | 0000 00e9 
  0x000002869def925c: 0800 0000 | 4883 8710 | 0200 0001 | 0f1f 4400 | 0048 b828 | 4e07 8000 

  0x000002869def9274: ;   {virtual_call}
  0x000002869def9274: 0000 00e8 

  0x000002869def9278: ; ImmutableOopMap {}
                      ;*invokeinterface clear {reexecute=0 rethrow=0 return_oop=0}
                      ; - sun.java2d.opengl.OGLRenderQueue::flushBuffer@35 (line 155)
  0x000002869def9278: 44f4 ffff | 4883 c460 

  0x000002869def9280: ;   {poll_return}
  0x000002869def9280: 5d49 3ba7 | 5003 0000 | 0f87 7300 

  0x000002869def928c: ;   {metadata({method} {0x000006acbdacf5f8} 'flushBuffer' '()V' in 'sun/java2d/opengl/OGLRenderQueue')}
  0x000002869def928c: 0000 c349 | baf0 f5ac | bdac 0600 | 004c 8954 | 2408 48c7 | 0424 ffff 

  0x000002869def92a4: ;   {runtime_call counter_overflow Runtime1 stub}
  0x000002869def92a4: ffff e8d5 

  0x000002869def92a8: ; ImmutableOopMap {rdx=Oop }
                      ;*synchronization entry
                      ; - sun.java2d.opengl.OGLRenderQueue::flushBuffer@-1 (line 147)
  0x000002869def92a8: fe18 07e9 | 09fe ffff 

  0x000002869def92b0: ;   {runtime_call throw_null_pointer_exception Runtime1 stub}
  0x000002869def92b0: e8eb a118 

  0x000002869def92b4: ; ImmutableOopMap {rdx=Oop r8=Oop }
                      ;*invokevirtual position {reexecute=0 rethrow=0 return_oop=0}
                      ; - sun.java2d.opengl.OGLRenderQueue::flushBuffer@4 (line 147)
                      ;   {metadata({method} {0x000006acbdad18d8} 'position' '()I' in 'sun/java2d/pipe/RenderBuffer')}
  0x000002869def92b4: 0749 bad0 | 18ad bdac | 0600 004c | 8954 2408 | 48c7 0424 | ffff ffff 

  0x000002869def92cc: ;   {runtime_call counter_overflow Runtime1 stub}
  0x000002869def92cc: e8af fe18 

  0x000002869def92d0: ; ImmutableOopMap {rdx=Oop r8=Oop }
                      ;*synchronization entry
                      ; - sun.java2d.pipe.RenderBuffer::position@-1 (line 110)
                      ; - sun.java2d.opengl.OGLRenderQueue::flushBuffer@4 (line 147)
  0x000002869def92d0: 07e9 29fe 

  0x000002869def92d4: ;   {runtime_call throw_null_pointer_exception Runtime1 stub}
  0x000002869def92d4: ffff e8c5 

  0x000002869def92d8: ; ImmutableOopMap {rdx=Oop rsi=Oop }
                      ;*invokevirtual clear {reexecute=0 rethrow=0 return_oop=0}
                      ; - sun.java2d.opengl.OGLRenderQueue::flushBuffer@28 (line 153)
                      ;   {metadata({method} {0x000006acbdad1a58} 'clear' '()V' in 'sun/java2d/pipe/RenderBuffer')}
  0x000002869def92d8: a118 0749 | ba50 1aad | bdac 0600 | 004c 8954 | 2408 48c7 | 0424 ffff 

  0x000002869def92f0: ;   {runtime_call counter_overflow Runtime1 stub}
  0x000002869def92f0: ffff e889 

  0x000002869def92f4: ; ImmutableOopMap {rdx=Oop rsi=Oop }
                      ;*synchronization entry
                      ; - sun.java2d.pipe.RenderBuffer::clear@-1 (line 118)
                      ; - sun.java2d.opengl.OGLRenderQueue::flushBuffer@28 (line 153)
  0x000002869def92f4: fe18 07e9 | d1fe ffff 

  0x000002869def92fc: ;   {runtime_call throw_null_pointer_exception Runtime1 stub}
  0x000002869def92fc: e89f a118 

  0x000002869def9300: ; ImmutableOopMap {rdx=Oop }
                      ;*invokeinterface clear {reexecute=0 rethrow=0 return_oop=0}
                      ; - sun.java2d.opengl.OGLRenderQueue::flushBuffer@35 (line 155)
                      ;   {internal_word}
  0x000002869def9300: 0749 ba81 | 92ef 9d86 | 0200 004d | 8997 6803 

  0x000002869def9310: ;   {runtime_call SafepointBlob}
  0x000002869def9310: 0000 e9e9 | e60e 0790 | 9049 8b87 | e003 0000 | 49c7 87e0 | 0300 0000 | 0000 0049 | c787 e803 
  0x000002869def9330: 0000 0000 | 0000 4883 

  0x000002869def9338: ;   {runtime_call unwind_exception Runtime1 stub}
  0x000002869def9338: c460 5de9 | 4092 1807 
[Stub Code]
  0x000002869def9340: ;   {no_reloc}
  0x000002869def9340: 0f1f 4400 

  0x000002869def9344: ;   {static_stub}
  0x000002869def9344: 0048 bbf8 | f4ac bdac 

  0x000002869def934c: ;   {runtime_call I2C/C2I adapters}
  0x000002869def934c: 0600 00e9 | 80ef 0e07 

  0x000002869def9354: ;   {static_stub}
  0x000002869def9354: 9048 bb00 | 0000 0000 

  0x000002869def935c: ;   {runtime_call}
  0x000002869def935c: 0000 00e9 | fbff ffff 
[Exception Handler]
  0x000002869def9364: ;   {runtime_call handle_exception_from_callee Runtime1 stub}
  0x000002869def9364: e817 cb18 

  0x000002869def9368: ;   {external_word}
  0x000002869def9368: 0748 b990 | 6d41 29fe | 7f00 0048 

  0x000002869def9374: ;   {runtime_call MacroAssembler::debug64}
  0x000002869def9374: 83e4 f049 | ba30 df09 | 29fe 7f00 | 0041 ffd2 

  0x000002869def9384: ;   {section_word}
  0x000002869def9384: f449 ba85 | 93ef 9d86 | 0200 0041 

  0x000002869def9390: ;   {runtime_call DeoptimizationBlob}
  0x000002869def9390: 52e9 0ad9 | 0e07 f4f4 
[/MachCode]


---------------  P R O C E S S  ---------------

Threads class SMR info:
_java_thread_list=0x000006acc7dd25b0, length=44, elements={
0x000006acbcad6250, 0x000006acbcad90e0, 0x000006acbcafd010, 0x000006acbcafd9e0,
0x000006acbcb00bd0, 0x000006acbcb019a0, 0x000006acbcb05fa0, 0x000006acbcb089b0,
0x000006acbcb09db0, 0x000006acbcc79eb0, 0x000006acc12b9aa0, 0x000006acc12b9f80,
0x000006acc14e0020, 0x000006acc78a8560, 0x000006acc7c6f9d0, 0x000006acc7d63ed0,
0x000006acc7db6b10, 0x000006acc805b640, 0x000006acc805ac20, 0x000006acc80597e0,
0x000006acc805a200, 0x000006acc8057e90, 0x000006acc805a710, 0x000006acc80588b0,
0x000006acc805b130, 0x000006acc80583a0, 0x000006acc8059cf0, 0x000006acc8058dc0,
0x000006acc80592d0, 0x000006acc811c4b0, 0x000006acc811bfa0, 0x000006acc811b580,
0x000006acc8120680, 0x000006acc811e310, 0x000006acc811de00, 0x000006acc811ba90,
0x000006acc8121fd0, 0x000006acc811e820, 0x000006acc811c9c0, 0x000006acc811f240,
0x000006acc811d3e0, 0x000006acc811d8f0, 0x000006acc81210a0, 0x000006acc811fc60
}

Java Threads: ( => current thread )
  0x000006acbcad6250 JavaThread "Reference Handler" daemon [_thread_blocked, id=33344, stack(0x000000c67fa00000,0x000000c67fb00000)]
  0x000006acbcad90e0 JavaThread "Finalizer" daemon [_thread_blocked, id=19840, stack(0x000000c67fb00000,0x000000c67fc00000)]
  0x000006acbcafd010 JavaThread "Signal Dispatcher" daemon [_thread_blocked, id=29812, stack(0x000000c67fc00000,0x000000c67fd00000)]
  0x000006acbcafd9e0 JavaThread "Attach Listener" daemon [_thread_blocked, id=39516, stack(0x000000c67fd00000,0x000000c67fe00000)]
  0x000006acbcb00bd0 JavaThread "Service Thread" daemon [_thread_blocked, id=26388, stack(0x000000c67fe00000,0x000000c67ff00000)]
  0x000006acbcb019a0 JavaThread "Monitor Deflation Thread" daemon [_thread_blocked, id=28104, stack(0x000000c67ff00000,0x000000c680000000)]
  0x000006acbcb05fa0 JavaThread "C2 CompilerThread0" daemon [_thread_blocked, id=16772, stack(0x000000c600000000,0x000000c600100000)]
  0x000006acbcb089b0 JavaThread "C1 CompilerThread0" daemon [_thread_blocked, id=39524, stack(0x000000c600100000,0x000000c600200000)]
  0x000006acbcb09db0 JavaThread "Sweeper thread" daemon [_thread_blocked, id=3184, stack(0x000000c600200000,0x000000c600300000)]
  0x000006acbcc79eb0 JavaThread "Common-Cleaner" daemon [_thread_blocked, id=35528, stack(0x000000c600300000,0x000000c600400000)]
  0x000006acc12b9aa0 JavaThread "Monitor Ctrl-Break" daemon [_thread_in_native, id=32988, stack(0x000000c600400000,0x000000c600500000)]
  0x000006acc12b9f80 JavaThread "Notification Thread" daemon [_thread_blocked, id=24896, stack(0x000000c600500000,0x000000c600600000)]
=>0x000006acc14e0020 JavaThread "Java2D Queue Flusher" daemon [_thread_in_native, id=25796, stack(0x000000c600700000,0x000000c600800000)]
  0x000006acc78a8560 JavaThread "Java2D Disposer" daemon [_thread_blocked, id=35068, stack(0x000000c600c00000,0x000000c600d00000)]
  0x000006acc7c6f9d0 JavaThread "AWT-Windows" daemon [_thread_in_native, id=32968, stack(0x000000c600f00000,0x000000c601000000)]
  0x000006acc7d63ed0 JavaThread "Java Sound Event Dispatcher" daemon [_thread_blocked, id=17716, stack(0x000000c601a00000,0x000000c601b00000)]
  0x000006acc7db6b10 JavaThread "Direct Clip" daemon [_thread_blocked, id=37420, stack(0x000000c601d00000,0x000000c601e00000)]
  0x000006acc805b640 JavaThread "Direct Clip" daemon [_thread_blocked, id=26536, stack(0x000000c601e00000,0x000000c601f00000)]
  0x000006acc805ac20 JavaThread "Direct Clip" daemon [_thread_blocked, id=37196, stack(0x000000c601f00000,0x000000c602000000)]
  0x000006acc80597e0 JavaThread "Direct Clip" daemon [_thread_blocked, id=36904, stack(0x000000c602000000,0x000000c602100000)]
  0x000006acc805a200 JavaThread "Direct Clip" daemon [_thread_blocked, id=4020, stack(0x000000c600e00000,0x000000c600f00000)]
  0x000006acc8057e90 JavaThread "Direct Clip" daemon [_thread_blocked, id=37052, stack(0x000000c602100000,0x000000c602200000)]
  0x000006acc805a710 JavaThread "Direct Clip" daemon [_thread_blocked, id=15712, stack(0x000000c602200000,0x000000c602300000)]
  0x000006acc80588b0 JavaThread "Direct Clip" daemon [_thread_blocked, id=9004, stack(0x000000c602300000,0x000000c602400000)]
  0x000006acc805b130 JavaThread "Direct Clip" daemon [_thread_blocked, id=22436, stack(0x000000c602400000,0x000000c602500000)]
  0x000006acc80583a0 JavaThread "Direct Clip" daemon [_thread_blocked, id=12512, stack(0x000000c602500000,0x000000c602600000)]
  0x000006acc8059cf0 JavaThread "Direct Clip" daemon [_thread_blocked, id=26716, stack(0x000000c602600000,0x000000c602700000)]
  0x000006acc8058dc0 JavaThread "Direct Clip" daemon [_thread_blocked, id=2752, stack(0x000000c602700000,0x000000c602800000)]
  0x000006acc80592d0 JavaThread "Direct Clip" daemon [_thread_blocked, id=30144, stack(0x000000c602800000,0x000000c602900000)]
  0x000006acc811c4b0 JavaThread "Direct Clip" daemon [_thread_blocked, id=22360, stack(0x000000c602900000,0x000000c602a00000)]
  0x000006acc811bfa0 JavaThread "Direct Clip" daemon [_thread_blocked, id=37284, stack(0x000000c602a00000,0x000000c602b00000)]
  0x000006acc811b580 JavaThread "Direct Clip" daemon [_thread_blocked, id=36464, stack(0x000000c602b00000,0x000000c602c00000)]
  0x000006acc8120680 JavaThread "Direct Clip" daemon [_thread_blocked, id=39224, stack(0x000000c602c00000,0x000000c602d00000)]
  0x000006acc811e310 JavaThread "Direct Clip" daemon [_thread_blocked, id=38704, stack(0x000000c602d00000,0x000000c602e00000)]
  0x000006acc811de00 JavaThread "Direct Clip" daemon [_thread_blocked, id=35148, stack(0x000000c602e00000,0x000000c602f00000)]
  0x000006acc811ba90 JavaThread "Direct Clip" daemon [_thread_blocked, id=30708, stack(0x000000c602f00000,0x000000c603000000)]
  0x000006acc8121fd0 JavaThread "Direct Clip" daemon [_thread_blocked, id=2948, stack(0x000000c603000000,0x000000c603100000)]
  0x000006acc811e820 JavaThread "AWT-Shutdown" [_thread_blocked, id=39308, stack(0x000000c603500000,0x000000c603600000)]
  0x000006acc811c9c0 JavaThread "AWT-EventQueue-0" [_thread_blocked, id=31608, stack(0x000000c603600000,0x000000c603700000)]
  0x000006acc811f240 JavaThread "DestroyJavaVM" [_thread_blocked, id=13912, stack(0x000000c67f300000,0x000000c67f400000)]
  0x000006acc811d3e0 JavaThread "TimerQueue" daemon [_thread_blocked, id=34332, stack(0x000000c603c00000,0x000000c603d00000)]
  0x000006acc811d8f0 JavaThread "Thread-0" [_thread_blocked, id=19532, stack(0x000000c603d00000,0x000000c603e00000)]
  0x000006acc81210a0 JavaThread "ztt" [_thread_in_vm, id=31132, stack(0x000000c603e00000,0x000000c603f00000)]
  0x000006acc811fc60 JavaThread "ToolkitShutdown" daemon [_thread_in_native, id=33664, stack(0x000000c604000000,0x000000c604100000)]

Other Threads:
  0x000006acbcaac610 VMThread "VM Thread" [stack: 0x000000c67f900000,0x000000c67fa00000] [id=28988]
  0x000006acc12bacf0 WatcherThread [stack: 0x000000c600600000,0x000000c600700000] [id=11312]
  0x00000286ad1123c0 GCTaskThread "GC Thread#0" [stack: 0x000000c67f400000,0x000000c67f500000] [id=2612]
  0x000006acc804e040 GCTaskThread "GC Thread#1" [stack: 0x000000c601000000,0x000000c601100000] [id=39416]
  0x000006acc804e300 GCTaskThread "GC Thread#2" [stack: 0x000000c601100000,0x000000c601200000] [id=4264]
  0x000006acc804e5c0 GCTaskThread "GC Thread#3" [stack: 0x000000c601200000,0x000000c601300000] [id=39112]
  0x000006acc8057700 GCTaskThread "GC Thread#4" [stack: 0x000000c601300000,0x000000c601400000] [id=24748]
  0x000006acc7c28d30 GCTaskThread "GC Thread#5" [stack: 0x000000c601400000,0x000000c601500000] [id=17392]
  0x000006acc7e756c0 GCTaskThread "GC Thread#6" [stack: 0x000000c601500000,0x000000c601600000] [id=33632]
  0x000006acc7e79c00 GCTaskThread "GC Thread#7" [stack: 0x000000c601600000,0x000000c601700000] [id=39520]
  0x000006acc7c5f860 GCTaskThread "GC Thread#8" [stack: 0x000000c601700000,0x000000c601800000] [id=37300]
  0x000006acc7c5ff20 GCTaskThread "GC Thread#9" [stack: 0x000000c601800000,0x000000c601900000] [id=29164]
  0x00000286ad114a90 ConcurrentGCThread "G1 Main Marker" [stack: 0x000000c67f500000,0x000000c67f600000] [id=33128]
  0x00000286ad1154b0 ConcurrentGCThread "G1 Conc#0" [stack: 0x000000c67f600000,0x000000c67f700000] [id=3444]
  0x000006acc7f4eaf0 ConcurrentGCThread "G1 Conc#1" [stack: 0x000000c603a00000,0x000000c603b00000] [id=35752]
  0x000006acc84b9670 ConcurrentGCThread "G1 Conc#2" [stack: 0x000000c603b00000,0x000000c603c00000] [id=32408]
  0x00000286ad16c090 ConcurrentGCThread "G1 Refine#0" [stack: 0x000000c67f700000,0x000000c67f800000] [id=19708]
  0x000006acc80767e0 ConcurrentGCThread "G1 Refine#1" [stack: 0x000000c603100000,0x000000c603200000] [id=34120]
  0x000006acc80a7930 ConcurrentGCThread "G1 Refine#2" [stack: 0x000000c603200000,0x000000c603300000] [id=13108]
  0x000006acc7dbc250 ConcurrentGCThread "G1 Refine#3" [stack: 0x000000c603300000,0x000000c603400000] [id=12096]
  0x000006acc80aa220 ConcurrentGCThread "G1 Refine#4" [stack: 0x000000c603400000,0x000000c603500000] [id=39256]
  0x00000286ad16cac0 ConcurrentGCThread "G1 Service" [stack: 0x000000c67f800000,0x000000c67f900000] [id=37880]

Threads with active compile tasks:

VM state: not at safepoint (normal execution)

VM Mutex/Monitor currently owned by a thread: None

CDS archive(s) not mapped
Compressed class space mapped at: 0x0000000080000000-0x00000000c0000000, reserved size: 1073741824
Narrow klass base: 0x0000000000000000, Narrow klass shift: 0, Narrow klass range: 0xc0000000

GC Precious Log:
 CPUs: 12 total, 12 available
 Memory: 16254M
 Large Page Support: Disabled
 NUMA Support: Disabled
 Compressed Oops: Disabled
 Heap Region Size: 32M
 Heap Min Capacity: 32M
 Heap Initial Capacity: 256M
 Heap Max Capacity: 4096G
 Pre-touch: Disabled
 Parallel Workers: 10
 Concurrent Workers: 3
 Concurrent Refinement Workers: 10
 Periodic GC: Disabled

Heap:
 garbage-first heap   total 983040K, used 297613K [0x00000286ae000000, 0x00000686ae000000)
  region size 32768K, 4 young (131072K), 1 survivors (32768K)
 Metaspace       used 23424K, committed 23680K, reserved 1114112K
  class space    used 2374K, committed 2496K, reserved 1048576K

Heap Regions: E=young(eden), S=young(survivor), O=old, HS=humongous(starts), HC=humongous(continues), CS=collection set, F=free, OA=open archive, CA=closed archive, TAMS=top-at-mark-start (previous, next)
|   0|0x00000286ae000000, 0x00000286b0000000, 0x00000286b0000000|100%| O|  |TAMS 0x00000286b0000000, 0x00000286ae000000| Untracked 
|   1|0x00000286b0000000, 0x00000286b2000000, 0x00000286b2000000|100%|HS|  |TAMS 0x00000286b2000000, 0x00000286b0000000| Complete 
|   2|0x00000286b2000000, 0x00000286b4000000, 0x00000286b4000000|100%| O|  |TAMS 0x00000286b4000000, 0x00000286b2000000| Untracked 
|   3|0x00000286b4000000, 0x00000286b6000000, 0x00000286b6000000|100%| O|  |TAMS 0x00000286b6000000, 0x00000286b4000000| Untracked 
|   4|0x00000286b6000000, 0x00000286b8000000, 0x00000286b8000000|100%| O|  |TAMS 0x00000286b8000000, 0x00000286b6000000| Untracked 
|   5|0x00000286b8000000, 0x00000286ba000000, 0x00000286ba000000|100%| O|  |TAMS 0x00000286b9eb4c00, 0x00000286b8000000| Untracked 
|   6|0x00000286ba000000, 0x00000286bbdfe800, 0x00000286bc000000| 93%| O|  |TAMS 0x00000286ba000000, 0x00000286ba000000| Untracked 
|   7|0x00000286bc000000, 0x00000286bc000000, 0x00000286be000000|  0%| F|  |TAMS 0x00000286bc000000, 0x00000286bc000000| Untracked 
|   8|0x00000286be000000, 0x00000286be000000, 0x00000286c0000000|  0%| F|  |TAMS 0x00000286be000000, 0x00000286be000000| Untracked 
|   9|0x00000286c0000000, 0x00000286c0000000, 0x00000286c2000000|  0%| F|  |TAMS 0x00000286c0000000, 0x00000286c0000000| Untracked 
|  10|0x00000286c2000000, 0x00000286c2000000, 0x00000286c4000000|  0%| F|  |TAMS 0x00000286c2000000, 0x00000286c2000000| Untracked 
|  11|0x00000286c4000000, 0x00000286c4000000, 0x00000286c6000000|  0%| F|  |TAMS 0x00000286c4000000, 0x00000286c4000000| Untracked 
|  12|0x00000286c6000000, 0x00000286c6000000, 0x00000286c8000000|  0%| F|  |TAMS 0x00000286c6000000, 0x00000286c6000000| Untracked 
|  13|0x00000286c8000000, 0x00000286c8000000, 0x00000286ca000000|  0%| F|  |TAMS 0x00000286c8000000, 0x00000286c8000000| Untracked 
|  14|0x00000286ca000000, 0x00000286ca000000, 0x00000286cc000000|  0%| F|  |TAMS 0x00000286ca000000, 0x00000286ca000000| Untracked 
|  15|0x00000286cc000000, 0x00000286cc000000, 0x00000286ce000000|  0%| F|  |TAMS 0x00000286cc000000, 0x00000286cc000000| Untracked 
|  16|0x00000286ce000000, 0x00000286ce000000, 0x00000286d0000000|  0%| F|  |TAMS 0x00000286ce000000, 0x00000286ce000000| Untracked 
|  17|0x00000286d0000000, 0x00000286d0000000, 0x00000286d2000000|  0%| F|  |TAMS 0x00000286d0000000, 0x00000286d0000000| Untracked 
|  18|0x00000286d2000000, 0x00000286d2000000, 0x00000286d4000000|  0%| F|  |TAMS 0x00000286d2000000, 0x00000286d2000000| Untracked 
|  19|0x00000286d4000000, 0x00000286d4000000, 0x00000286d6000000|  0%| F|  |TAMS 0x00000286d4000000, 0x00000286d4000000| Untracked 
|  20|0x00000286d6000000, 0x00000286d6000000, 0x00000286d8000000|  0%| F|  |TAMS 0x00000286d6000000, 0x00000286d6000000| Untracked 
|  21|0x00000286d8000000, 0x00000286d8000000, 0x00000286da000000|  0%| F|  |TAMS 0x00000286d8000000, 0x00000286d8000000| Untracked 
|  22|0x00000286da000000, 0x00000286da000000, 0x00000286dc000000|  0%| F|  |TAMS 0x00000286da000000, 0x00000286da000000| Untracked 
|  23|0x00000286dc000000, 0x00000286dc000000, 0x00000286de000000|  0%| F|  |TAMS 0x00000286dc000000, 0x00000286dc000000| Untracked 
|  24|0x00000286de000000, 0x00000286de000000, 0x00000286e0000000|  0%| F|  |TAMS 0x00000286de000000, 0x00000286de000000| Untracked 
|  25|0x00000286e0000000, 0x00000286e0000000, 0x00000286e2000000|  0%| F|  |TAMS 0x00000286e0000000, 0x00000286e0000000| Untracked 
|  26|0x00000286e2000000, 0x00000286e3d68680, 0x00000286e4000000| 91%| E|  |TAMS 0x00000286e2000000, 0x00000286e2000000| Complete 
|  27|0x00000286e4000000, 0x00000286e6000000, 0x00000286e6000000|100%| E|CS|TAMS 0x00000286e4000000, 0x00000286e4000000| Complete 
|  32|0x00000286ee000000, 0x00000286ee4a4ed0, 0x00000286f0000000| 14%| S|CS|TAMS 0x00000286ee000000, 0x00000286ee000000| Complete 
|  33|0x00000286f0000000, 0x00000286f2000000, 0x00000286f2000000|100%| E|CS|TAMS 0x00000286f0000000, 0x00000286f0000000| Complete 

Card table byte_map: [0x00000688b6010000,0x0000068ab6010000] _byte_map_base: 0x0000068772aa0000

Marking Bits (Prev, Next): (CMBitMap*) 0x00000286ad112a20, (CMBitMap*) 0x00000286ad1129e0
 Prev Bits: [0x0000069cb6010000, 0x000006acb6010000)
 Next Bits: [0x0000068cb6010000, 0x0000069cb6010000)

Polling page: 0x0000028697c90000

Metaspace:

Usage:
  Non-class:     20.56 MB used.
      Class:      2.32 MB used.
       Both:     22.88 MB used.

Virtual space:
  Non-class space:       64.00 MB reserved,      20.69 MB ( 32%) committed,  1 nodes.
      Class space:        1.00 GB reserved,       2.44 MB ( <1%) committed,  1 nodes.
             Both:        1.06 GB reserved,      23.12 MB (  2%) committed. 

Chunk freelists:
   Non-Class:  10.98 MB
       Class:  13.59 MB
        Both:  24.57 MB

MaxMetaspaceSize: unlimited
CompressedClassSpaceSize: 1.00 GB
Initial GC threshold: 21.00 MB
Current GC threshold: 35.12 MB
CDS: off
MetaspaceReclaimPolicy: balanced
 - commit_granule_bytes: 65536.
 - commit_granule_words: 8192.
 - virtual_space_node_default_size: 8388608.
 - enlarge_chunks_in_place: 1.
 - new_chunks_are_fully_committed: 0.
 - uncommit_free_chunks: 1.
 - use_allocation_guard: 0.
 - handle_deallocations: 1.


Internal statistics:

num_allocs_failed_limit: 3.
num_arena_births: 270.
num_arena_deaths: 0.
num_vsnodes_births: 2.
num_vsnodes_deaths: 0.
num_space_committed: 370.
num_space_uncommitted: 0.
num_chunks_returned_to_freelist: 3.
num_chunks_taken_from_freelist: 411.
num_chunk_merges: 0.
num_chunk_splits: 229.
num_chunks_enlarged: 110.
num_inconsistent_stats: 0.

CodeHeap 'non-profiled nmethods': size=120000Kb used=1485Kb max_used=1485Kb free=118514Kb
 bounds [0x00000286a5530000, 0x00000286a57a0000, 0x00000286aca60000]
CodeHeap 'profiled nmethods': size=120000Kb used=6372Kb max_used=6372Kb free=113627Kb
 bounds [0x000002869da60000, 0x000002869e0a0000, 0x00000286a4f90000]
CodeHeap 'non-nmethods': size=5760Kb used=1321Kb max_used=1384Kb free=4438Kb
 bounds [0x00000286a4f90000, 0x00000286a5200000, 0x00000286a5530000]
 total_blobs=4005 nmethods=3347 adapters=569
 compilation: enabled
              stopped_count=0, restarted_count=0
 full_count=0

Compilation events (20 events):
Event: 30.530 Thread 0x000006acbcb05fa0 3339       4       java.util.Formatter$FormatSpecifier::localizedMagnitude (419 bytes)
Event: 30.677 Thread 0x000006acbcb05fa0 nmethod 3339 0x00000286a568ad90 code [0x00000286a568b0e0, 0x00000286a5690530]
Event: 30.678 Thread 0x000006acbcb05fa0 3338       4       java.util.stream.IntPipeline::filter (22 bytes)
Event: 30.682 Thread 0x000006acbcb05fa0 nmethod 3338 0x00000286a5692b90 code [0x00000286a5692d20, 0x00000286a5693158]
Event: 30.717 Thread 0x000006acbcb05fa0 3340       4       java.util.TreeMap$ValueSpliterator::characteristics (17 bytes)
Event: 30.717 Thread 0x000006acbcb05fa0 nmethod 3340 0x00000286a5693310 code [0x00000286a5693480, 0x00000286a5693518]
Event: 30.733 Thread 0x000006acbcb05fa0 3341       4       java.util.Formatter$FormatSpecifier::localizedMagnitude (419 bytes)
Event: 30.845 Thread 0x000006acbcb05fa0 nmethod 3341 0x00000286a5693610 code [0x00000286a5693960, 0x00000286a5698e10]
Event: 31.006 Thread 0x000006acbcb05fa0 3343       4       java.util.stream.IntPipeline$10$1::begin (13 bytes)
Event: 31.006 Thread 0x000006acbcb089b0 3342       3       jdk.internal.math.FloatingDecimal$BinaryToASCIIBuffer::roundup (104 bytes)
Event: 31.006 Thread 0x000006acbcb089b0 nmethod 3342 0x000002869e095c10 code [0x000002869e095dc0, 0x000002869e096118]
Event: 31.006 Thread 0x000006acbcb05fa0 nmethod 3343 0x00000286a569b490 code [0x00000286a569b600, 0x00000286a569b698]
Event: 31.210 Thread 0x000006acbcb05fa0 3344       4       java.util.Formatter$FormatSpecifier::localizedMagnitude (419 bytes)
Event: 31.321 Thread 0x000006acbcb05fa0 nmethod 3344 0x00000286a569b790 code [0x00000286a569bae0, 0x00000286a56a1070]
Event: 31.483 Thread 0x000006acbcb089b0 3345       3       sun.awt.windows.WComponentPeer::flip (54 bytes)
Event: 31.483 Thread 0x000006acbcb089b0 nmethod 3345 0x000002869e096290 code [0x000002869e096480, 0x000002869e096c58]
Event: 31.483 Thread 0x000006acbcb089b0 3346   !   3       sun.java2d.opengl.WGLGraphicsConfig::flip (217 bytes)
Event: 31.484 Thread 0x000006acbcb089b0 nmethod 3346 0x000002869e096e90 code [0x000002869e097200, 0x000002869e0985d8]
Event: 31.484 Thread 0x000006acbcb089b0 3347       3       sun.awt.windows.WComponentPeer::getData (5 bytes)
Event: 31.484 Thread 0x000006acbcb089b0 nmethod 3347 0x000002869e098f10 code [0x000002869e0990a0, 0x000002869e0991d8]

GC Heap History (20 events):
Event: 1.116 GC heap before
{Heap before GC invocations=0 (full 0):
 garbage-first heap   total 262144K, used 0K [0x00000286ae000000, 0x00000686ae000000)
  region size 32768K, 1 young (32768K), 0 survivors (0K)
 Metaspace       used 16511K, committed 16768K, reserved 1114112K
  class space    used 1553K, committed 1664K, reserved 1048576K
}
Event: 1.128 GC heap after
{Heap after GC invocations=1 (full 0):
 garbage-first heap   total 262144K, used 6116K [0x00000286ae000000, 0x00000686ae000000)
  region size 32768K, 1 young (32768K), 1 survivors (32768K)
 Metaspace       used 16511K, committed 16768K, reserved 1114112K
  class space    used 1553K, committed 1664K, reserved 1048576K
}
Event: 1.274 GC heap before
{Heap before GC invocations=1 (full 0):
 garbage-first heap   total 262144K, used 38884K [0x00000286ae000000, 0x00000686ae000000)
  region size 32768K, 2 young (65536K), 1 survivors (32768K)
 Metaspace       used 16590K, committed 16832K, reserved 1114112K
  class space    used 1556K, committed 1664K, reserved 1048576K
}
Event: 1.282 GC heap after
{Heap after GC invocations=2 (full 0):
 garbage-first heap   total 262144K, used 15551K [0x00000286ae000000, 0x00000686ae000000)
  region size 32768K, 1 young (32768K), 1 survivors (32768K)
 Metaspace       used 16590K, committed 16832K, reserved 1114112K
  class space    used 1556K, committed 1664K, reserved 1048576K
}
Event: 1.615 GC heap before
{Heap before GC invocations=2 (full 0):
 garbage-first heap   total 262144K, used 48319K [0x00000286ae000000, 0x00000686ae000000)
  region size 32768K, 2 young (65536K), 1 survivors (32768K)
 Metaspace       used 16599K, committed 16832K, reserved 1114112K
  class space    used 1556K, committed 1664K, reserved 1048576K
}
Event: 1.627 GC heap after
{Heap after GC invocations=3 (full 0):
 garbage-first heap   total 262144K, used 31440K [0x00000286ae000000, 0x00000686ae000000)
  region size 32768K, 1 young (32768K), 1 survivors (32768K)
 Metaspace       used 16599K, committed 16832K, reserved 1114112K
  class space    used 1556K, committed 1664K, reserved 1048576K
}
Event: 1.660 GC heap before
{Heap before GC invocations=3 (full 0):
 garbage-first heap   total 262144K, used 31440K [0x00000286ae000000, 0x00000686ae000000)
  region size 32768K, 2 young (65536K), 1 survivors (32768K)
 Metaspace       used 16599K, committed 16832K, reserved 1114112K
  class space    used 1556K, committed 1664K, reserved 1048576K
}
Event: 1.678 GC heap after
{Heap after GC invocations=4 (full 0):
 garbage-first heap   total 262144K, used 47429K [0x00000286ae000000, 0x00000686ae000000)
  region size 32768K, 1 young (32768K), 1 survivors (32768K)
 Metaspace       used 16599K, committed 16832K, reserved 1114112K
  class space    used 1556K, committed 1664K, reserved 1048576K
}
Event: 1.917 GC heap before
{Heap before GC invocations=4 (full 0):
 garbage-first heap   total 262144K, used 80197K [0x00000286ae000000, 0x00000686ae000000)
  region size 32768K, 2 young (65536K), 1 survivors (32768K)
 Metaspace       used 16950K, committed 17216K, reserved 1114112K
  class space    used 1608K, committed 1728K, reserved 1048576K
}
Event: 1.937 GC heap after
{Heap after GC invocations=5 (full 0):
 garbage-first heap   total 524288K, used 106620K [0x00000286ae000000, 0x00000686ae000000)
  region size 32768K, 1 young (32768K), 1 survivors (32768K)
 Metaspace       used 16950K, committed 17216K, reserved 1114112K
  class space    used 1608K, committed 1728K, reserved 1048576K
}
Event: 1.978 GC heap before
{Heap before GC invocations=5 (full 0):
 garbage-first heap   total 524288K, used 106620K [0x00000286ae000000, 0x00000686ae000000)
  region size 32768K, 2 young (65536K), 1 survivors (32768K)
 Metaspace       used 16953K, committed 17216K, reserved 1114112K
  class space    used 1608K, committed 1728K, reserved 1048576K
}
Event: 1.998 GC heap after
{Heap after GC invocations=6 (full 0):
 garbage-first heap   total 524288K, used 140566K [0x00000286ae000000, 0x00000686ae000000)
  region size 32768K, 1 young (32768K), 1 survivors (32768K)
 Metaspace       used 16953K, committed 17216K, reserved 1114112K
  class space    used 1608K, committed 1728K, reserved 1048576K
}
Event: 2.177 GC heap before
{Heap before GC invocations=6 (full 0):
 garbage-first heap   total 524288K, used 173334K [0x00000286ae000000, 0x00000686ae000000)
  region size 32768K, 2 young (65536K), 1 survivors (32768K)
 Metaspace       used 17398K, committed 17600K, reserved 1114112K
  class space    used 1663K, committed 1728K, reserved 1048576K
}
Event: 2.199 GC heap after
{Heap after GC invocations=7 (full 0):
 garbage-first heap   total 524288K, used 152863K [0x00000286ae000000, 0x00000686ae000000)
  region size 32768K, 1 young (32768K), 1 survivors (32768K)
 Metaspace       used 17398K, committed 17600K, reserved 1114112K
  class space    used 1663K, committed 1728K, reserved 1048576K
}
Event: 2.634 GC heap before
{Heap before GC invocations=7 (full 0):
 garbage-first heap   total 524288K, used 185631K [0x00000286ae000000, 0x00000686ae000000)
  region size 32768K, 2 young (65536K), 1 survivors (32768K)
 Metaspace       used 17436K, committed 17664K, reserved 1114112K
  class space    used 1668K, committed 1728K, reserved 1048576K
}
Event: 2.652 GC heap after
{Heap after GC invocations=8 (full 0):
 garbage-first heap   total 524288K, used 195347K [0x00000286ae000000, 0x00000686ae000000)
  region size 32768K, 1 young (32768K), 1 survivors (32768K)
 Metaspace       used 17436K, committed 17664K, reserved 1114112K
  class space    used 1668K, committed 1728K, reserved 1048576K
}
Event: 3.083 GC heap before
{Heap before GC invocations=8 (full 0):
 garbage-first heap   total 524288K, used 228115K [0x00000286ae000000, 0x00000686ae000000)
  region size 32768K, 2 young (65536K), 1 survivors (32768K)
 Metaspace       used 18841K, committed 19136K, reserved 1114112K
  class space    used 1848K, committed 1984K, reserved 1048576K
}
Event: 3.104 GC heap after
{Heap after GC invocations=9 (full 0):
 garbage-first heap   total 1114112K, used 228039K [0x00000286ae000000, 0x00000686ae000000)
  region size 32768K, 1 young (32768K), 1 survivors (32768K)
 Metaspace       used 18841K, committed 19136K, reserved 1114112K
  class space    used 1848K, committed 1984K, reserved 1048576K
}
Event: 3.908 GC heap before
{Heap before GC invocations=9 (full 0):
 garbage-first heap   total 1114112K, used 228039K [0x00000286ae000000, 0x00000686ae000000)
  region size 32768K, 2 young (65536K), 1 survivors (32768K)
 Metaspace       used 21195K, committed 21504K, reserved 1114112K
  class space    used 2190K, committed 2304K, reserved 1048576K
}
Event: 3.919 GC heap after
{Heap after GC invocations=10 (full 0):
 garbage-first heap   total 1114112K, used 232077K [0x00000286ae000000, 0x00000686ae000000)
  region size 32768K, 1 young (32768K), 1 survivors (32768K)
 Metaspace       used 21195K, committed 21504K, reserved 1114112K
  class space    used 2190K, committed 2304K, reserved 1048576K
}

Dll operation events (3 events):
Event: 0.008 Loaded shared library C:\Users\bader\.jdks\jbrsdk_jcef-17.0.9\bin\java.dll
Event: 0.103 Loaded shared library C:\Users\bader\.jdks\jbrsdk_jcef-17.0.9\bin\jsvml.dll
Event: 0.209 Loaded shared library C:\Users\bader\.jdks\jbrsdk_jcef-17.0.9\bin\zip.dll

Deoptimization events (20 events):
Event: 30.682 Thread 0x000006acc811d8f0 Uncommon trap: trap_request=0xffffffbe fr.pc=0x00000286a568e408 relative=0x0000000000003328
Event: 30.682 Thread 0x000006acc811d8f0 Uncommon trap: reason=profile_predicate action=maybe_recompile pc=0x00000286a568e408 method=java.util.Formatter$FormatSpecifier.localizedMagnitude(Ljava/lang/StringBuilder;Ljava/lang/CharSequence;ILjava/util/Formatter$Flags;ILjava/util/Locale;)Ljava/lang/
Event: 30.682 Thread 0x000006acc811d8f0 DEOPT PACKING pc=0x00000286a568e408 sp=0x000000c603dfebf0
Event: 30.682 Thread 0x000006acc811d8f0 DEOPT UNPACKING pc=0x00000286a4fe69a3 sp=0x000000c603dfeba0 mode 2
Event: 30.699 Thread 0x000006acc811d8f0 Uncommon trap: trap_request=0xffffffbe fr.pc=0x00000286a568e408 relative=0x0000000000003328
Event: 30.699 Thread 0x000006acc811d8f0 Uncommon trap: reason=profile_predicate action=maybe_recompile pc=0x00000286a568e408 method=java.util.Formatter$FormatSpecifier.localizedMagnitude(Ljava/lang/StringBuilder;Ljava/lang/CharSequence;ILjava/util/Formatter$Flags;ILjava/util/Locale;)Ljava/lang/
Event: 30.699 Thread 0x000006acc811d8f0 DEOPT PACKING pc=0x00000286a568e408 sp=0x000000c603dfebf0
Event: 30.699 Thread 0x000006acc811d8f0 DEOPT UNPACKING pc=0x00000286a4fe69a3 sp=0x000000c603dfeba0 mode 2
Event: 30.699 Thread 0x000006acc811d8f0 Uncommon trap: trap_request=0xffffffbe fr.pc=0x00000286a568e408 relative=0x0000000000003328
Event: 30.699 Thread 0x000006acc811d8f0 Uncommon trap: reason=profile_predicate action=maybe_recompile pc=0x00000286a568e408 method=java.util.Formatter$FormatSpecifier.localizedMagnitude(Ljava/lang/StringBuilder;Ljava/lang/CharSequence;ILjava/util/Formatter$Flags;ILjava/util/Locale;)Ljava/lang/
Event: 30.699 Thread 0x000006acc811d8f0 DEOPT PACKING pc=0x00000286a568e408 sp=0x000000c603dfebf0
Event: 30.700 Thread 0x000006acc811d8f0 DEOPT UNPACKING pc=0x00000286a4fe69a3 sp=0x000000c603dfeba0 mode 2
Event: 30.853 Thread 0x000006acc811d8f0 Uncommon trap: trap_request=0xffffffbe fr.pc=0x00000286a5696d24 relative=0x00000000000033c4
Event: 30.853 Thread 0x000006acc811d8f0 Uncommon trap: reason=profile_predicate action=maybe_recompile pc=0x00000286a5696d24 method=java.util.Formatter$FormatSpecifier.localizedMagnitude(Ljava/lang/StringBuilder;Ljava/lang/CharSequence;ILjava/util/Formatter$Flags;ILjava/util/Locale;)Ljava/lang/
Event: 30.853 Thread 0x000006acc811d8f0 DEOPT PACKING pc=0x00000286a5696d24 sp=0x000000c603dfebf0
Event: 30.853 Thread 0x000006acc811d8f0 DEOPT UNPACKING pc=0x00000286a4fe69a3 sp=0x000000c603dfeba0 mode 2
Event: 30.870 Thread 0x000006acc811d8f0 Uncommon trap: trap_request=0xffffffbe fr.pc=0x00000286a5696d24 relative=0x00000000000033c4
Event: 30.870 Thread 0x000006acc811d8f0 Uncommon trap: reason=profile_predicate action=maybe_recompile pc=0x00000286a5696d24 method=java.util.Formatter$FormatSpecifier.localizedMagnitude(Ljava/lang/StringBuilder;Ljava/lang/CharSequence;ILjava/util/Formatter$Flags;ILjava/util/Locale;)Ljava/lang/
Event: 30.870 Thread 0x000006acc811d8f0 DEOPT PACKING pc=0x00000286a5696d24 sp=0x000000c603dfebf0
Event: 30.870 Thread 0x000006acc811d8f0 DEOPT UNPACKING pc=0x00000286a4fe69a3 sp=0x000000c603dfeba0 mode 2

Classes unloaded (0 events):
No events

Classes redefined (0 events):
No events

Internal exceptions (20 events):
Event: 1.056 Thread 0x0000028699eb0750 Exception <a 'java/lang/NoSuchMethodError'{0x00000286bd763058}: 'int java.lang.invoke.DirectMethodHandle$Holder.invokeStaticInit(java.lang.Object, double, double)'> (0x00000286bd763058) 
thrown [s\src\hotspot\share\interpreter\linkResolver.cpp, line 771]
Event: 1.057 Thread 0x0000028699eb0750 Exception <a 'java/lang/NoSuchMethodError'{0x00000286bd768b28}: 'int java.lang.invoke.DirectMethodHandle$Holder.invokeStatic(java.lang.Object, long)'> (0x00000286bd768b28) 
thrown [s\src\hotspot\share\interpreter\linkResolver.cpp, line 771]
Event: 1.061 Thread 0x0000028699eb0750 Exception <a 'java/lang/NoSuchMethodError'{0x00000286bd797e40}: 'int java.lang.invoke.Invokers$Holder.linkToTargetMethod(java.lang.Object, java.lang.Object)'> (0x00000286bd797e40) 
thrown [s\src\hotspot\share\interpreter\linkResolver.cpp, line 771]
Event: 2.465 Thread 0x0000028699eb0750 Exception <a 'java/lang/NoSuchMethodError'{0x00000286cd10a100}: 'void java.lang.invoke.DirectMethodHandle$Holder.invokeSpecial(java.lang.Object, java.lang.Object, java.lang.Object)'> (0x00000286cd10a100) 
thrown [s\src\hotspot\share\interpreter\linkResolver.cpp, line 771]
Event: 3.036 Thread 0x0000028699eb0750 Exception <a 'java/lang/NoSuchMethodError'{0x00000286cddbe1f8}: 'void java.lang.invoke.DirectMethodHandle$Holder.invokeStaticInit(java.lang.Object)'> (0x00000286cddbe1f8) 
thrown [s\src\hotspot\share\interpreter\linkResolver.cpp, line 771]
Event: 3.067 Thread 0x000006acc811c9c0 Exception <a 'java/lang/NoSuchMethodError'{0x00000286cdedd2f0}: 'java.lang.Object java.lang.invoke.DirectMethodHandle$Holder.newInvokeSpecial(java.lang.Object, java.lang.Object, java.lang.Object, java.lang.Object, java.lang.Object)'> (0x00000286cdedd2f0) 
thrown [s\src\hotspot\share\interpreter\linkResolver.cpp, line 771]
Event: 3.068 Thread 0x000006acc811c9c0 Exception <a 'java/lang/NoSuchMethodError'{0x00000286cdeebbc0}: 'java.lang.Object java.lang.invoke.DirectMethodHandle$Holder.invokeStatic(java.lang.Object, int, java.lang.Object, java.lang.Object, java.lang.Object, java.lang.Object)'> (0x00000286cdeebbc0) 
thrown [s\src\hotspot\share\interpreter\linkResolver.cpp, line 771]
Event: 3.128 Thread 0x000006acc811c9c0 Exception <a 'java/lang/ClassNotFoundException'{0x00000286f00d3a40}: com/sun/swing/internal/plaf/metal/resources/spi/metalProvider> (0x00000286f00d3a40) 
thrown [s\src\hotspot\share\classfile\systemDictionary.cpp, line 256]
Event: 3.129 Thread 0x000006acc811c9c0 Exception <a 'java/lang/ClassNotFoundException'{0x00000286f00d9998}: com/sun/swing/internal/plaf/basic/resources/spi/basicProvider> (0x00000286f00d9998) 
thrown [s\src\hotspot\share\classfile\systemDictionary.cpp, line 256]
Event: 3.131 Thread 0x000006acc811c9c0 Exception <a 'java/lang/NoSuchMethodError'{0x00000286f00fdd50}: 'java.lang.Object java.lang.invoke.Invokers$Holder.linkToTargetMethod(java.lang.Object, int, java.lang.Object, java.lang.Object, java.lang.Object)'> (0x00000286f00fdd50) 
thrown [s\src\hotspot\share\interpreter\linkResolver.cpp, line 771]
Event: 3.165 Thread 0x000006acc7c6f9d0 Exception <a 'java/lang/NoSuchMethodError'{0x00000286f016b6e8}: 'void java.lang.invoke.DirectMethodHandle$Holder.invokeVirtual(java.lang.Object, java.lang.Object)'> (0x00000286f016b6e8) 
thrown [s\src\hotspot\share\interpreter\linkResolver.cpp, line 771]
Event: 3.187 Thread 0x000006acc811c9c0 Exception <a 'java/lang/NoSuchMethodError'{0x00000286f01de1f0}: 'java.lang.Object java.lang.invoke.DirectMethodHandle$Holder.newInvokeSpecial(java.lang.Object, java.lang.Object, int, int, int, int)'> (0x00000286f01de1f0) 
thrown [s\src\hotspot\share\interpreter\linkResolver.cpp, line 771]
Event: 3.191 Thread 0x000006acc811c9c0 Exception <a 'java/lang/NoSuchMethodError'{0x00000286f01eff40}: 'void java.lang.invoke.DirectMethodHandle$Holder.invokeSpecial(java.lang.Object, java.lang.Object, int, int)'> (0x00000286f01eff40) 
thrown [s\src\hotspot\share\interpreter\linkResolver.cpp, line 771]
Event: 3.192 Thread 0x000006acc811c9c0 Exception <a 'java/lang/NoSuchMethodError'{0x00000286f01f7da8}: 'java.lang.Object java.lang.invoke.DirectMethodHandle$Holder.newInvokeSpecial(java.lang.Object, java.lang.Object, int, int)'> (0x00000286f01f7da8) 
thrown [s\src\hotspot\share\interpreter\linkResolver.cpp, line 771]
Event: 3.416 Thread 0x000006acc811c9c0 Exception <a 'java/lang/NoSuchMethodError'{0x00000286f0303700}: 'java.lang.Object java.lang.invoke.Invokers$Holder.invoke_MT(java.lang.Object, java.lang.Object, java.lang.Object)'> (0x00000286f0303700) 
thrown [s\src\hotspot\share\interpreter\linkResolver.cpp, line 771]
Event: 3.418 Thread 0x000006acc811c9c0 Exception <a 'java/lang/NoSuchMethodError'{0x00000286f0311c10}: 'int java.lang.invoke.Invokers$Holder.invoke_MT(java.lang.Object, java.lang.Object, java.lang.Object)'> (0x00000286f0311c10) 
thrown [s\src\hotspot\share\interpreter\linkResolver.cpp, line 771]
Event: 4.163 Thread 0x000006acc811c9c0 Exception <a 'java/lang/NoSuchMethodError'{0x00000286f0011bf0}: 'void java.lang.invoke.DirectMethodHandle$Holder.invokeStatic(java.lang.Object, java.lang.Object, java.lang.Object)'> (0x00000286f0011bf0) 
thrown [s\src\hotspot\share\interpreter\linkResolver.cpp, line 771]
Event: 16.186 Thread 0x000006acc811c9c0 Implicit null exception at 0x00000286a560a8c0 to 0x00000286a560aaa4
Event: 20.416 Thread 0x000006acc811d8f0 Implicit null exception at 0x00000286a5635bef to 0x00000286a5636788
Event: 20.416 Thread 0x000006acc811d8f0 Implicit null exception at 0x00000286a562b200 to 0x00000286a562b78c

VM Operations (20 events):
Event: 21.683 Executing VM operation: Cleanup
Event: 21.683 Executing VM operation: Cleanup done
Event: 22.693 Executing VM operation: Cleanup
Event: 22.694 Executing VM operation: Cleanup done
Event: 23.694 Executing VM operation: Cleanup
Event: 23.694 Executing VM operation: Cleanup done
Event: 24.709 Executing VM operation: Cleanup
Event: 24.709 Executing VM operation: Cleanup done
Event: 25.711 Executing VM operation: Cleanup
Event: 25.712 Executing VM operation: Cleanup done
Event: 26.722 Executing VM operation: Cleanup
Event: 26.723 Executing VM operation: Cleanup done
Event: 27.723 Executing VM operation: Cleanup
Event: 27.739 Executing VM operation: Cleanup done
Event: 28.753 Executing VM operation: Cleanup
Event: 28.754 Executing VM operation: Cleanup done
Event: 29.767 Executing VM operation: Cleanup
Event: 29.767 Executing VM operation: Cleanup done
Event: 31.776 Executing VM operation: Cleanup
Event: 31.777 Executing VM operation: Cleanup done

Events (20 events):
Event: 19.666 loading class sun/awt/ModalExclude
Event: 19.666 loading class sun/awt/ModalExclude done
Event: 19.666 loading class javax/swing/JWindow
Event: 19.666 loading class javax/swing/JWindow done
Event: 19.667 loading class javax/swing/Popup$HeavyWeightWindow done
Event: 20.398 loading class java/lang/NoSuchFieldError
Event: 20.398 loading class java/lang/NoSuchFieldError done
Event: 20.398 loading class javax/swing/JInternalFrame
Event: 20.399 loading class javax/swing/JInternalFrame done
Event: 32.386 Thread 0x000006acc811fc60 Thread added: 0x000006acc811fc60
Event: 32.386 Thread 0x000006acc8120170 Thread added: 0x000006acc8120170
Event: 32.386 Thread 0x000006acc81215b0 Thread added: 0x000006acc81215b0
Event: 32.387 loading class java/util/WeakHashMap$KeyIterator
Event: 32.387 loading class java/util/WeakHashMap$HashIterator
Event: 32.387 loading class sun/font/SunFontManager$8$1
Event: 32.387 loading class sun/font/SunFontManager$8$1 done
Event: 32.387 loading class java/util/WeakHashMap$HashIterator done
Event: 32.387 loading class java/util/WeakHashMap$KeyIterator done
Event: 32.387 Thread 0x000006acc8120170 Thread exited: 0x000006acc8120170
Event: 32.390 Thread 0x000006acc81215b0 Thread exited: 0x000006acc81215b0


Dynamic libraries:
0x00007ff7d9cd0000 - 0x00007ff7d9cda000 	C:\Users\bader\.jdks\jbrsdk_jcef-17.0.9\bin\java.exe
0x00007ffed6e90000 - 0x00007ffed7088000 	C:\Windows\SYSTEM32\ntdll.dll
0x00007ffed4f20000 - 0x00007ffed4fe2000 	C:\Windows\System32\KERNEL32.DLL
0x00007ffed4960000 - 0x00007ffed4c5e000 	C:\Windows\System32\KERNELBASE.dll
0x00007ffed4db0000 - 0x00007ffed4eb0000 	C:\Windows\System32\ucrtbase.dll
0x00007ffed08b0000 - 0x00007ffed08c7000 	C:\Users\bader\.jdks\jbrsdk_jcef-17.0.9\bin\jli.dll
0x00007ffebdcc0000 - 0x00007ffebdcdb000 	C:\Users\bader\.jdks\jbrsdk_jcef-17.0.9\bin\VCRUNTIME140.dll
0x00007ffed6bd0000 - 0x00007ffed6d6d000 	C:\Windows\System32\USER32.dll
0x00007ffeba210000 - 0x00007ffeba4aa000 	C:\Windows\WinSxS\amd64_microsoft.windows.common-controls_6595b64144ccf1df_6.0.19041.4355_none_60b8b9eb71f62e16\COMCTL32.dll
0x00007ffed4650000 - 0x00007ffed4672000 	C:\Windows\System32\win32u.dll
0x00007ffed61a0000 - 0x00007ffed61cb000 	C:\Windows\System32\GDI32.dll
0x00007ffed67d0000 - 0x00007ffed686e000 	C:\Windows\System32\msvcrt.dll
0x00007ffed4530000 - 0x00007ffed4647000 	C:\Windows\System32\gdi32full.dll
0x00007ffed4d10000 - 0x00007ffed4dad000 	C:\Windows\System32\msvcp_win.dll
0x00007ffed6100000 - 0x00007ffed612f000 	C:\Windows\System32\IMM32.DLL
0x00007ffeb9d20000 - 0x00007ffeb9d2c000 	C:\Users\bader\.jdks\jbrsdk_jcef-17.0.9\bin\vcruntime140_1.dll
0x00007ffe91610000 - 0x00007ffe9169d000 	C:\Users\bader\.jdks\jbrsdk_jcef-17.0.9\bin\msvcp140.dll
0x00007ffe28ae0000 - 0x00007ffe29762000 	C:\Users\bader\.jdks\jbrsdk_jcef-17.0.9\bin\server\jvm.dll
0x00007ffed6d90000 - 0x00007ffed6e41000 	C:\Windows\System32\ADVAPI32.dll
0x00007ffed5e40000 - 0x00007ffed5edf000 	C:\Windows\System32\sechost.dll
0x00007ffed62a0000 - 0x00007ffed63c3000 	C:\Windows\System32\RPCRT4.dll
0x00007ffed4760000 - 0x00007ffed4787000 	C:\Windows\System32\bcrypt.dll
0x00007ffed3a60000 - 0x00007ffed3aab000 	C:\Windows\SYSTEM32\POWRPROF.dll
0x00007ffebb4b0000 - 0x00007ffebb4b9000 	C:\Windows\SYSTEM32\WSOCK32.dll
0x00007ffeb9a40000 - 0x00007ffeb9a67000 	C:\Windows\SYSTEM32\WINMM.dll
0x00007ffecd650000 - 0x00007ffecd65a000 	C:\Windows\SYSTEM32\VERSION.dll
0x00007ffed6090000 - 0x00007ffed60fb000 	C:\Windows\System32\WS2_32.dll
0x00007ffed3930000 - 0x00007ffed3942000 	C:\Windows\SYSTEM32\UMPDC.dll
0x00007ffed23b0000 - 0x00007ffed23c2000 	C:\Windows\SYSTEM32\kernel.appcore.dll
0x00007ffeb9d10000 - 0x00007ffeb9d1a000 	C:\Users\bader\.jdks\jbrsdk_jcef-17.0.9\bin\jimage.dll
0x00007ffed1cc0000 - 0x00007ffed1ea4000 	C:\Windows\SYSTEM32\DBGHELP.DLL
0x00007ffec4470000 - 0x00007ffec44a4000 	C:\Windows\SYSTEM32\dbgcore.DLL
0x00007ffed46d0000 - 0x00007ffed4752000 	C:\Windows\System32\bcryptPrimitives.dll
0x00007ffed0000000 - 0x00007ffed000e000 	C:\Users\bader\.jdks\jbrsdk_jcef-17.0.9\bin\instrument.dll
0x00007ffeb9ce0000 - 0x00007ffeb9d05000 	C:\Users\bader\.jdks\jbrsdk_jcef-17.0.9\bin\java.dll
0x00007ffeb9cc0000 - 0x00007ffeb9cd8000 	C:\Users\bader\.jdks\jbrsdk_jcef-17.0.9\bin\zip.dll
0x00007ffe80ff0000 - 0x00007ffe810c7000 	C:\Users\bader\.jdks\jbrsdk_jcef-17.0.9\bin\jsvml.dll
0x00007ffed4ff0000 - 0x00007ffed575d000 	C:\Windows\System32\SHELL32.dll
0x00007ffed25b0000 - 0x00007ffed2d54000 	C:\Windows\SYSTEM32\windows.storage.dll
0x00007ffed6870000 - 0x00007ffed6bc3000 	C:\Windows\System32\combase.dll
0x00007ffed3f60000 - 0x00007ffed3f8e000 	C:\Windows\SYSTEM32\Wldp.dll
0x00007ffed61d0000 - 0x00007ffed629d000 	C:\Windows\System32\OLEAUT32.dll
0x00007ffed65c0000 - 0x00007ffed666d000 	C:\Windows\System32\SHCORE.dll
0x00007ffed6560000 - 0x00007ffed65b5000 	C:\Windows\System32\shlwapi.dll
0x00007ffed4460000 - 0x00007ffed4484000 	C:\Windows\SYSTEM32\profapi.dll
0x00007ffeb9a70000 - 0x00007ffeb9a89000 	C:\Users\bader\.jdks\jbrsdk_jcef-17.0.9\bin\net.dll
0x00007ffeccc80000 - 0x00007ffeccd8d000 	C:\Windows\SYSTEM32\WINHTTP.dll
0x00007ffed3cc0000 - 0x00007ffed3d2a000 	C:\Windows\system32\mswsock.dll
0x00007ffeb9370000 - 0x00007ffeb9386000 	C:\Users\bader\.jdks\jbrsdk_jcef-17.0.9\bin\nio.dll
0x00007ffec2270000 - 0x00007ffec228a000 	C:\Program Files\JetBrains\IntelliJ IDEA Community Edition 2023.3.6\bin\breakgen64.dll
0x00007ffe89c60000 - 0x00007ffe89dfa000 	C:\Users\bader\.jdks\jbrsdk_jcef-17.0.9\bin\awt.dll
0x00007ffeb8a10000 - 0x00007ffeb8a54000 	C:\Users\bader\.jdks\jbrsdk_jcef-17.0.9\bin\nvdaControllerClient64.dll
0x00007ffed20b0000 - 0x00007ffed20df000 	C:\Windows\SYSTEM32\dwmapi.dll
0x00007ffecf1c0000 - 0x00007ffecf254000 	C:\Windows\SYSTEM32\apphelp.dll
0x00007ffeb81e0000 - 0x00007ffeb8308000 	C:\Windows\system32\opengl32.dll
0x00007ffeb7c60000 - 0x00007ffeb7c8c000 	C:\Windows\SYSTEM32\GLU32.dll
0x00007ffed1090000 - 0x00007ffed112e000 	C:\Windows\system32\uxtheme.dll
0x00007ffed5bd0000 - 0x00007ffed5ce5000 	C:\Windows\System32\MSCTF.dll
0x00007ffed5cf0000 - 0x00007ffed5d99000 	C:\Windows\System32\clbcatq.dll
0x00007ffe45430000 - 0x00007ffe463fa000 	C:\Windows\System32\DriverStore\FileRepository\iigd_dch.inf_amd64_5d54dd32fa1ef4d4\ig9icd64.dll
0x00007ffed6430000 - 0x00007ffed655b000 	C:\Windows\System32\ole32.dll
0x00007ffed2dc0000 - 0x00007ffed2eb6000 	C:\Windows\system32\dxgi.dll
0x00007ffec7a80000 - 0x00007ffec7cbf000 	C:\Windows\System32\DriverStore\FileRepository\iigd_dch.inf_amd64_5d54dd32fa1ef4d4\igdgmm64.dll
0x00007ffec4eb0000 - 0x00007ffec7a79000 	C:\Windows\System32\DriverStore\FileRepository\iigd_dch.inf_amd64_5d54dd32fa1ef4d4\igc64.dll
0x00007ffe63280000 - 0x00007ffe6368c000 	C:\Windows\System32\DriverStore\FileRepository\iigd_dch.inf_amd64_5d54dd32fa1ef4d4\igdml64.dll
0x00007ffed3ec0000 - 0x00007ffed3ed8000 	C:\Windows\SYSTEM32\CRYPTSP.dll
0x00007ffed3570000 - 0x00007ffed35a4000 	C:\Windows\system32\rsaenh.dll
0x00007ffed4420000 - 0x00007ffed444e000 	C:\Windows\SYSTEM32\USERENV.dll
0x00007ffed3eb0000 - 0x00007ffed3ebc000 	C:\Windows\SYSTEM32\CRYPTBASE.dll
0x00007ffed3950000 - 0x00007ffed398b000 	C:\Windows\SYSTEM32\IPHLPAPI.DLL
0x00007ffed5e30000 - 0x00007ffed5e38000 	C:\Windows\System32\NSI.dll
0x00007ffecc960000 - 0x00007ffecc977000 	C:\Windows\SYSTEM32\dhcpcsvc6.DLL
0x00007ffeccbf0000 - 0x00007ffeccc0d000 	C:\Windows\SYSTEM32\dhcpcsvc.DLL
0x00007ffed3990000 - 0x00007ffed3a5a000 	C:\Windows\SYSTEM32\DNSAPI.dll
0x00007ffeb84c0000 - 0x00007ffeb8547000 	C:\Users\bader\.jdks\jbrsdk_jcef-17.0.9\bin\freetype.dll
0x00007ffe89ed0000 - 0x00007ffe89fa7000 	C:\Users\bader\.jdks\jbrsdk_jcef-17.0.9\bin\fontmanager.dll
0x00007ffec1840000 - 0x00007ffec1852000 	C:\Users\bader\.jdks\jbrsdk_jcef-17.0.9\bin\jsound.dll
0x00007ffea87c0000 - 0x00007ffea885c000 	C:\Windows\SYSTEM32\DSOUND.dll
0x00007ffec02f0000 - 0x00007ffec0316000 	C:\Windows\SYSTEM32\winmmbase.dll
0x00007ffecce00000 - 0x00007ffecce85000 	C:\Windows\System32\MMDevApi.dll
0x00007ffed42c0000 - 0x00007ffed42f3000 	C:\Windows\System32\DEVOBJ.dll
0x00007ffed4680000 - 0x00007ffed46ce000 	C:\Windows\System32\cfgmgr32.dll
0x00007ffeb5080000 - 0x00007ffeb50c6000 	C:\Windows\SYSTEM32\wdmaud.drv
0x00007ffecf4e0000 - 0x00007ffecf4e9000 	C:\Windows\SYSTEM32\ksuser.dll
0x00007ffeced00000 - 0x00007ffeced0a000 	C:\Windows\SYSTEM32\AVRT.dll
0x00007ffecce90000 - 0x00007ffecd011000 	C:\Windows\SYSTEM32\AUDIOSES.DLL
0x00007ffeb5070000 - 0x00007ffeb507d000 	C:\Windows\SYSTEM32\msacm32.drv
0x00007ffeb5050000 - 0x00007ffeb506e000 	C:\Windows\SYSTEM32\MSACM32.dll
0x00007ffeb5040000 - 0x00007ffeb504b000 	C:\Windows\SYSTEM32\midimap.dll
0x00007ffed1fb0000 - 0x00007ffed1fc4000 	C:\Windows\SYSTEM32\resourcepolicyclient.dll
0x00007ffeb1a60000 - 0x00007ffeb1c05000 	C:\Windows\WinSxS\amd64_microsoft.windows.gdiplus_6595b64144ccf1df_1.1.19041.4597_none_91a78020cc854124\gdiplus.dll
0x00007ffebfdd0000 - 0x00007ffebfec9000 	C:\Windows\SYSTEM32\textinputframework.dll
0x00007ffece6e0000 - 0x00007ffecea3b000 	C:\Windows\System32\CoreUIComponents.dll
0x00007ffecea50000 - 0x00007ffeceb42000 	C:\Windows\System32\CoreMessaging.dll
0x00007ffed37c0000 - 0x00007ffed37f3000 	C:\Windows\SYSTEM32\ntmarta.dll
0x00007ffed12c0000 - 0x00007ffed1417000 	C:\Windows\SYSTEM32\wintypes.dll
0x00007ffeb7e70000 - 0x00007ffeb8165000 	C:\Windows\System32\uiautomationcore.dll
0x00007ffed1880000 - 0x00007ffed1976000 	C:\Windows\System32\PROPSYS.dll
0x00007ffeb8170000 - 0x00007ffeb81d6000 	C:\Windows\System32\OLEACC.dll
0x00007ffebfed0000 - 0x00007ffec000f000 	C:\Windows\System32\Windows.UI.dll
0x00007ffebfc70000 - 0x00007ffebfdc2000 	C:\Windows\System32\InputHost.dll
0x00007ffecbdf0000 - 0x00007ffecbe91000 	C:\Windows\System32\WindowManagementAPI.dll
0x00007ffecb4a0000 - 0x00007ffecb6a3000 	C:\Windows\System32\twinapi.appcore.dll
0x00007ffecff90000 - 0x00007ffecff99000 	C:\Users\bader\.jdks\jbrsdk_jcef-17.0.9\bin\management.dll
0x00007ffecf3a0000 - 0x00007ffecf3ab000 	C:\Users\bader\.jdks\jbrsdk_jcef-17.0.9\bin\management_ext.dll
0x00007ffed4f10000 - 0x00007ffed4f18000 	C:\Windows\System32\PSAPI.DLL
0x00007ffebb3a0000 - 0x00007ffebb3f1000 	C:\Windows\SYSTEM32\pdh.dll
0x00007ffeb9a00000 - 0x00007ffeb9a0f000 	C:\Windows\System32\perfproc.dll
0x00007ffed0e20000 - 0x00007ffed0e2f000 	C:\Windows\System32\perfos.dll

dbghelp: loaded successfully - version: 4.0.5 - missing functions: none
symbol engine: initialized successfully - sym options: 0x614 - pdb path: .;C:\Users\bader\.jdks\jbrsdk_jcef-17.0.9\bin;C:\Windows\SYSTEM32;C:\Windows\WinSxS\amd64_microsoft.windows.common-controls_6595b64144ccf1df_6.0.19041.4355_none_60b8b9eb71f62e16;C:\Users\bader\.jdks\jbrsdk_jcef-17.0.9\bin\server;C:\Program Files\JetBrains\IntelliJ IDEA Community Edition 2023.3.6\bin;C:\Windows\System32\DriverStore\FileRepository\iigd_dch.inf_amd64_5d54dd32fa1ef4d4;C:\Windows\WinSxS\amd64_microsoft.windows.gdiplus_6595b64144ccf1df_1.1.19041.4597_none_91a78020cc854124

VM Arguments:
jvm_args: -Xmx3072g -Xmx4096g -Dsun.java2d.opengl=true -XX:ErrorFile=logs/hs_err_pid%p.log -javaagent:C:\Program Files\JetBrains\IntelliJ IDEA Community Edition 2023.3.6\lib\idea_rt.jar=50665:C:\Program Files\JetBrains\IntelliJ IDEA Community Edition 2023.3.6\bin -Dfile.encoding=UTF-8 
java_command: net.sendback.Main
java_class_path (initial): C:\Users\bader\OneDrive\Bureau\Idea\GTS_PRojekt\target\classes
Launcher Type: SUN_STANDARD

[Global flags]
     intx CICompilerCount                          = 4                                         {product} {ergonomic}
     uint ConcGCThreads                            = 3                                         {product} {ergonomic}
    ccstr ErrorFile                                = logs/hs_err_pid%p.log                     {product} {command line}
     uint G1ConcRefinementThreads                  = 10                                        {product} {ergonomic}
   size_t G1HeapRegionSize                         = 33554432                                  {product} {ergonomic}
    uintx GCDrainStackTargetSize                   = 64                                        {product} {ergonomic}
   size_t InitialHeapSize                          = 268435456                                 {product} {ergonomic}
   size_t MarkStackSize                            = 4194304                                   {product} {ergonomic}
   size_t MaxHeapSize                              = 4398046511104                             {product} {command line}
   size_t MaxNewSize                               = 2638821195776                             {product} {ergonomic}
   size_t MinHeapDeltaBytes                        = 33554432                                  {product} {ergonomic}
   size_t MinHeapSize                              = 33554432                                  {product} {ergonomic}
    uintx NonNMethodCodeHeapSize                   = 5839372                                {pd product} {ergonomic}
    uintx NonProfiledCodeHeapSize                  = 122909434                              {pd product} {ergonomic}
    uintx ProfiledCodeHeapSize                     = 122909434                              {pd product} {ergonomic}
    uintx ReservedCodeCacheSize                    = 251658240                              {pd product} {ergonomic}
     bool SegmentedCodeCache                       = true                                      {product} {ergonomic}
   size_t SoftMaxHeapSize                          = 4398046511104                          {manageable} {ergonomic}
     bool UseCompressedClassPointers               = true                           {product lp64_product} {ergonomic}
     bool UseG1GC                                  = true                                      {product} {ergonomic}
     bool UseLargePagesIndividualAllocation        = false                                  {pd product} {ergonomic}

Logging:
Log output configuration:
 #0: stdout all=warning uptime,level,tags
 #1: stderr all=off uptime,level,tags

Environment Variables:
PATH=C:\Program Files\Common Files\Oracle\Java\javapath;C:\Windows\system32;C:\Windows;C:\Windows\System32\Wbem;C:\Windows\System32\WindowsPowerShell\v1.0\;C:\Windows\System32\OpenSSH\;C:\Program Files (x86)\NVIDIA Corporation\PhysX\Common;C:\Program Files\dotnet\;C:\Users\bader\AppData\Local\Microsoft\WindowsApps;C:\Users\bader\AppData\Local\GitHubDesktop\bin
USERNAME=bader
OS=Windows_NT
PROCESSOR_IDENTIFIER=Intel64 Family 6 Model 158 Stepping 10, GenuineIntel
TMP=C:\Users\bader\AppData\Local\Temp
TEMP=C:\Users\bader\AppData\Local\Temp



Periodic native trim disabled

JNI global refs:
JNI global refs: 151, weak refs: 203

JNI global refs memory usage: 2107, weak refs: 2737

OOME stack traces (most recent first):
Classloader memory used:
Loader bootstrap                                                                       : 2884K
Loader jdk.internal.loader.ClassLoaders$AppClassLoader                                 : 36722B
Loader jdk.internal.reflect.DelegatingClassLoader                                      : 5306B
Loader jdk.internal.loader.ClassLoaders$PlatformClassLoader                            : 2933B


---------------  S Y S T E M  ---------------

OS:
 Windows 10 , 64 bit Build 19041 (10.0.19041.5072)
OS uptime: 11 days 4:31 hours

CPU: total 12 (initial active 12) (6 cores per cpu, 2 threads per core) family 6 model 158 stepping 10 microcode 0xf0, cx8, cmov, fxsr, ht, mmx, 3dnowpref, sse, sse2, sse3, ssse3, sse4.1, sse4.2, popcnt, lzcnt, tsc, tscinvbit, avx, avx2, aes, erms, clmul, bmi1, bmi2, adx, fma, vzeroupper, clflush, clflushopt
Processor Information for all 12 processors :
  Max Mhz: 2592, Current Mhz: 2592, Mhz Limit: 2592

Memory: 4k page, system-wide physical 16254M (2334M free)
TotalPageFile size 23086M (AvailPageFile size 2630M)
current process WorkingSet (physical memory assigned to process): 807M, peak: 807M
current process commit charge ("private bytes"): 1445M, peak: 1554M

vm_info: OpenJDK 64-Bit Server VM (17.0.9+8-b1166.2) for windows-amd64 JRE (17.0.9+8-b1166.2), built on 2024-01-13 by "builduser" with MS VC++ 16.10 / 16.11 (VS2019)

END.
