#
# A fatal error has been detected by the Java Runtime Environment:
#
#  EXCEPTION_ACCESS_VIOLATION (0xc0000005) at pc=0x00007ffe419b3c53, pid=38360, tid=36224
#
# JRE version: OpenJDK Runtime Environment JBR-17.0.9+8-1166.2-jcef (17.0.9+8) (build 17.0.9+8-b1166.2)
# Java VM: OpenJDK 64-Bit Server VM JBR-17.0.9+8-1166.2-jcef (17.0.9+8-b1166.2, mixed mode, tiered, compressed class ptrs, g1 gc, windows-amd64)
# Problematic frame:
# C  [ig9icd64.dll+0x9c3c53]
#
# No core dump will be written. Minidumps are not enabled by default on client versions of Windows
#
# If you would like to submit a bug report, please visit:
#   https://youtrack.jetbrains.com/issues/JBR
# The crash happened outside the Java Virtual Machine in native code.
# See problematic frame for where to report the bug.
#

---------------  S U M M A R Y ------------

Command Line: -Xmx3072g -Xmx4096g -Dsun.java2d.opengl=true -XX:ErrorFile=logs/hs_err_pid%p.log -javaagent:C:\Program Files\JetBrains\IntelliJ IDEA Community Edition 2023.3.6\lib\idea_rt.jar=54393:C:\Program Files\JetBrains\IntelliJ IDEA Community Edition 2023.3.6\bin -Dfile.encoding=UTF-8 net.sendback.Main

Host: Intel(R) Core(TM) i7-9750H CPU @ 2.60GHz, 12 cores, 15G,  Windows 10 , 64 bit Build 19041 (10.0.19041.5072)
Time: Fri Nov  8 20:12:08 2024 Mitteleuropäische Zeit elapsed time: 35.670660 seconds (0d 0h 0m 35s)

---------------  T H R E A D  ---------------

Current thread (0x000001ad8c57de40):  JavaThread "Java2D Queue Flusher" daemon [_thread_in_native, id=36224, stack(0x000000a595300000,0x000000a595400000)]

Stack: [0x000000a595300000,0x000000a595400000],  sp=0x000000a5953fec98,  free space=1019k
Native frames: (J=compiled Java code, j=interpreted, Vv=VM code, C=native code)
C  [ig9icd64.dll+0x9c3c53]

Java frames: (J=compiled Java code, j=interpreted, Vv=VM code)
J 2650  sun.java2d.opengl.OGLRenderQueue.flushBuffer(JI)V java.desktop (0 bytes) @ 0x000001adf3412e5b [0x000001adf3412e20+0x000000000000003b]
J 2579 c1 sun.java2d.opengl.OGLRenderQueue.flushBuffer()V java.desktop (41 bytes) @ 0x000001adebcb9984 [0x000001adebcb9860+0x0000000000000124]
j  sun.java2d.opengl.OGLRenderQueue$QueueFlusher.run()V+81 java.desktop
j  java.lang.Thread.run()V+11 java.base@17.0.9
v  ~StubRoutines::call_stub

siginfo: EXCEPTION_ACCESS_VIOLATION (0xc0000005), reading address 0xffffffffffffffff


Registers:
RAX=0x000000000fff0fff, RBX=0x00007ffe40ff0000, RCX=0x000000033fcf3fcc, RDX=0x000000a5953ff1b0
RSP=0x000000a5953fec98, RBP=0x000000a5953feda0, RSI=0x000001ad96bfe200, RDI=0x000000a5953fefa0
R8 =0x000000a5953fedd0, R9 =0x000000a5953ff1b0, R10=0x000000a5953fefa0, R11=0x0000000000000000
R12=0x00007ffe41e1a420, R13=0x0000000000000000, R14=0x0000000000000000, R15=0x00000000000001c1
RIP=0x00007ffe419b3c53, EFLAGS=0x0000000000010206


Register to memory mapping:

RIP=0x00007ffe419b3c53 ig9icd64.dll
RAX=0x000000000fff0fff is an unknown value
RBX=0x00007ffe40ff0000 ig9icd64.dll
RCX=0x000000033fcf3fcc is an unknown value
RDX=0x000000a5953ff1b0 is pointing into the stack for thread: 0x000001ad8c57de40
RSP=0x000000a5953fec98 is pointing into the stack for thread: 0x000001ad8c57de40
RBP=0x000000a5953feda0 is pointing into the stack for thread: 0x000001ad8c57de40
RSI=0x000001ad96bfe200 points into unknown readable memory: 0x000001ad8c61ae00 | 00 ae 61 8c ad 01 00 00
RDI=0x000000a5953fefa0 is pointing into the stack for thread: 0x000001ad8c57de40
R8 =0x000000a5953fedd0 is pointing into the stack for thread: 0x000001ad8c57de40
R9 =0x000000a5953ff1b0 is pointing into the stack for thread: 0x000001ad8c57de40
R10=0x000000a5953fefa0 is pointing into the stack for thread: 0x000001ad8c57de40
R11=0x0 is NULL
R12=0x00007ffe41e1a420 ig9icd64.dll
R13=0x0 is NULL
R14=0x0 is NULL
R15=0x00000000000001c1 is an unknown value


Top of Stack: (sp=0x000000a5953fec98)
0x000000a5953fec98:   00007ffe419b138b 0000000000000001
0x000000a5953feca8:   0000000000000000 000001ad97102a00
0x000000a5953fecb8:   00007ffec7a82572 000000a500000065
0x000000a5953fecc8:   000000a5953feed0 0000000000000000
0x000000a5953fecd8:   000001ad9a35c880 0000000000000000
0x000000a5953fece8:   000001ad971c3790 000001ad97102a30
0x000000a5953fecf8:   0000000000000fb0 0000000000000000
0x000000a5953fed08:   0000000000000000 000000a5953fee80
0x000000a5953fed18:   00007ffe41649070 0000000000000000
0x000000a5953fed28:   0000000000000000 0000000000000000
0x000000a5953fed38:   0000000000000000 0000714dfcf1249a
0x000000a5953fed48:   00007ffe410064e5 000001ad97102a30
0x000000a5953fed58:   0000000000004001 0000000000000200
0x000000a5953fed68:   00007ffed6ebb86b 0000000001a300f6
0x000000a5953fed78:   0000000000000096 000001ad9751e850
0x000000a5953fed88:   0000000000000000 0000000000000000
0x000000a5953fed98:   00007ffe419b1c62 0000000000000000
0x000000a5953feda8:   000001ade5b31200 000000a5953ff0a0
0x000000a5953fedb8:   000001ade5b30000 000001ade5b302b4
0x000000a5953fedc8:   000001ad9a35c880 00007ffe41cbf020
0x000000a5953fedd8:   0000000e00000000 0000001a00000018
0x000000a5953fede8:   00000fff00000000 437f0000437f0000
0x000000a5953fedf8:   437f0000437f0000 0000ff0000ff0000
0x000000a5953fee08:   ff000000000000ff 0000000800000010
0x000000a5953fee18:   0000001800000000 0000000000000000
0x000000a5953fee28:   0000000000000000 0000000000000000
0x000000a5953fee38:   0000000000000000 0000000000000000
0x000000a5953fee48:   0000000000000000 0000000000000000
0x000000a5953fee58:   0000000000000000 0000000000000000
0x000000a5953fee68:   0000000000000000 0000000000000000
0x000000a5953fee78:   0000000000000000 0000000000000000
0x000000a5953fee88:   0000000000000000 0000000000000000 

Instructions: (pc=0x00007ffe419b3c53)
0x00007ffe419b3b53:   a1 b6 30 00 48 89 51 08 48 89 01 8b 44 24 28 89
0x00007ffe419b3b63:   41 20 8b 44 24 30 89 41 24 48 8b c1 4c 89 41 10
0x00007ffe419b3b73:   4c 89 49 18 c3 cc cc cc cc cc cc cc cc 48 89 5c
0x00007ffe419b3b83:   24 08 8b 41 5c 48 8d 1d 71 c4 63 ff 41 89 40 08
0x00007ffe419b3b93:   4c 8b d1 8b 41 60 45 33 db 41 89 40 0c 4c 8b ca
0x00007ffe419b3ba3:   8b 41 64 41 89 40 10 8b 41 68 41 89 40 14 8b 41
0x00007ffe419b3bb3:   6c 41 89 40 18 8b 41 70 41 89 40 1c 48 63 41 74
0x00007ffe419b3bc3:   48 6b c8 34 8b 84 19 84 5f ee 00 41 89 40 20 8b
0x00007ffe419b3bd3:   84 19 88 5f ee 00 41 89 40 24 8b 84 19 8c 5f ee
0x00007ffe419b3be3:   00 41 89 40 28 8b 84 19 90 5f ee 00 41 89 40 2c
0x00007ffe419b3bf3:   8b 84 19 74 5f ee 00 41 89 40 30 8b 84 19 78 5f
0x00007ffe419b3c03:   ee 00 41 89 40 34 8b 84 19 7c 5f ee 00 41 89 40
0x00007ffe419b3c13:   38 8b 84 19 80 5f ee 00 41 89 40 3c 8b 84 19 64
0x00007ffe419b3c23:   5f ee 00 41 89 40 40 8b 84 19 68 5f ee 00 41 89
0x00007ffe419b3c33:   40 44 8b 84 19 6c 5f ee 00 41 89 40 48 8b 84 19
0x00007ffe419b3c43:   70 5f ee 00 41 89 40 4c 49 63 42 78 48 6b c8 34
0x00007ffe419b3c53:   8b 84 19 84 5f ee 00 41 89 40 50 8b 84 19 88 5f
0x00007ffe419b3c63:   ee 00 41 89 40 54 8b 84 19 8c 5f ee 00 41 89 40
0x00007ffe419b3c73:   58 8b 84 19 90 5f ee 00 41 89 40 5c 8b 84 19 74
0x00007ffe419b3c83:   5f ee 00 41 89 40 60 8b 84 19 78 5f ee 00 41 89
0x00007ffe419b3c93:   40 64 8b 84 19 7c 5f ee 00 41 89 40 68 8b 84 19
0x00007ffe419b3ca3:   80 5f ee 00 41 89 40 6c 8b 84 19 64 5f ee 00 41
0x00007ffe419b3cb3:   89 40 70 8b 84 19 68 5f ee 00 41 89 40 74 8b 84
0x00007ffe419b3cc3:   19 6c 5f ee 00 41 89 40 78 8b 84 19 70 5f ee 00
0x00007ffe419b3cd3:   41 89 40 7c 48 8b 42 18 8b 88 38 0b 00 00 f6 c1
0x00007ffe419b3ce3:   08 0f 84 86 00 00 00 8b 80 3c 0b 00 00 41 89 80
0x00007ffe419b3cf3:   80 00 00 00 48 8b 42 18 8b 88 40 0b 00 00 41 89
0x00007ffe419b3d03:   88 84 00 00 00 48 8b 42 18 8b 88 44 0b 00 00 41
0x00007ffe419b3d13:   89 88 88 00 00 00 48 8b 42 18 8b 88 48 0b 00 00
0x00007ffe419b3d23:   41 89 88 8c 00 00 00 48 8b 42 18 8b 88 4c 0b 00
0x00007ffe419b3d33:   00 41 89 88 90 00 00 00 48 8b 42 18 8b 88 50 0b
0x00007ffe419b3d43:   00 00 41 89 88 94 00 00 00 48 8b 42 18 8b 88 54 


Stack slot to memory mapping:
stack at sp + 0 slots: 0x00007ffe419b138b ig9icd64.dll
stack at sp + 1 slots: 0x0000000000000001 is an unknown value
stack at sp + 2 slots: 0x0 is NULL
stack at sp + 3 slots: 0x000001ad97102a00 points into unknown readable memory: 0x0000000000000000 | 00 00 00 00 00 00 00 00
stack at sp + 4 slots: 0x00007ffec7a82572 igdgmm64.dll
stack at sp + 5 slots: 0x000000a500000065 is an unknown value
stack at sp + 6 slots: 0x000000a5953feed0 is pointing into the stack for thread: 0x000001ad8c57de40
stack at sp + 7 slots: 0x0 is NULL


Compiled method (n/a)   35775 2650     n 0       sun.java2d.opengl.OGLRenderQueue::flushBuffer (native)
 total in heap  [0x000001adf3412c90,0x000001adf3413028] = 920
 relocation     [0x000001adf3412de8,0x000001adf3412e18] = 48
 main code      [0x000001adf3412e20,0x000001adf3413028] = 520

[Constant Pool (empty)]

[MachCode]
[Entry Point]
  # {method} {0x000001ad8dacc388} 'flushBuffer' '(JI)V' in 'sun/java2d/opengl/OGLRenderQueue'
  # this:     rdx:rdx   = 'sun/java2d/opengl/OGLRenderQueue'
  # parm0:    r8:r8     = long
  # parm1:    r9        = int
  #           [sp+0x70]  (sp of caller)
  0x000001adf3412e20: 448b 5208 | 493b c20f | 840b 0000 

  0x000001adf3412e2c: ;   {runtime_call ic_miss_stub}
  0x000001adf3412e2c: 00e9 4ee2 | 99ff 660f | 1f44 0000 
[Verified Entry Point]
  0x000001adf3412e38: 8984 2400 | 90ff ff55 | 488b ec48 | 83ec 6048 | 8954 2420 | 4883 fa00 | 488d 5424 | 2048 0f44 
  0x000001adf3412e58: 5424 20c5 

  0x000001adf3412e5c: ;   {internal_word}
  0x000001adf3412e5c: f877 49ba | 5b2e 41f3 | ad01 0000 | 4d89 97a0 | 0200 0049 | 89a7 9802 

  0x000001adf3412e74: ;   {external_word}
  0x000001adf3412e74: 0000 49ba | 3d29 6a5b | fe7f 0000 | 4180 3a00 | 0f84 5200 | 0000 5241 

  0x000001adf3412e8c: ;   {metadata({method} {0x000001ad8dacc388} 'flushBuffer' '(JI)V' in 'sun/java2d/opengl/OGLRenderQueue')}
  0x000001adf3412e8c: 5041 5148 | ba80 c3ac | 8dad 0100 | 0049 8bcf | 4883 ec20 | f7c4 0f00 | 0000 0f84 | 1a00 0000 
  0x000001adf3412eac: 4883 ec08 

  0x000001adf3412eb0: ;   {runtime_call SharedRuntime::dtrace_method_entry}
  0x000001adf3412eb0: 49ba b0ea | 1f5b fe7f | 0000 41ff | d248 83c4 | 08e9 0d00 

  0x000001adf3412ec4: ;   {runtime_call SharedRuntime::dtrace_method_entry}
  0x000001adf3412ec4: 0000 49ba | b0ea 1f5b | fe7f 0000 | 41ff d248 | 83c4 2041 | 5941 585a | 498d 8fb8 | 0200 0041 
  0x000001adf3412ee4: c787 4803 | 0000 0400 

  0x000001adf3412eec: ;   {runtime_call}
  0x000001adf3412eec: 0000 49ba | 60fd c482 | fe7f 0000 | 41ff d2c5 | f877 41c7 | 8748 0300 | 0005 0000 | 00f0 8344 
  0x000001adf3412f0c: 24c0 0049 | 3baf 5003 | 0000 0f87 | 1100 0000 | 4181 bf38 | 0300 0000 | 0000 000f | 8421 0000 
  0x000001adf3412f2c: 00c5 f877 | 498b cf4c | 8be4 4883 | ec20 4883 

  0x000001adf3412f3c: ;   {runtime_call JavaThread::check_special_condition_for_native_trans}
  0x000001adf3412f3c: e4f0 49ba | f008 305b | fe7f 0000 | 41ff d249 | 8be4 41c7 | 8748 0300 | 0008 0000 | 0041 81bf 
  0x000001adf3412f5c: b803 0000 | 0200 0000 | 0f84 9b00 

  0x000001adf3412f68: ;   {external_word}
  0x000001adf3412f68: 0000 49ba | 3d29 6a5b | fe7f 0000 | 4180 3a00 | 0f84 4800 

  0x000001adf3412f7c: ;   {metadata({method} {0x000001ad8dacc388} 'flushBuffer' '(JI)V' in 'sun/java2d/opengl/OGLRenderQueue')}
  0x000001adf3412f7c: 0000 48ba | 80c3 ac8d | ad01 0000 | 498b cf48 | 83ec 20f7 | c40f 0000 | 000f 841a | 0000 0048 
  0x000001adf3412f9c: ;   {runtime_call SharedRuntime::dtrace_method_entry}
  0x000001adf3412f9c: 83ec 0849 | bab0 ea1f | 5bfe 7f00 | 0041 ffd2 | 4883 c408 | e90d 0000 

  0x000001adf3412fb4: ;   {runtime_call SharedRuntime::dtrace_method_entry}
  0x000001adf3412fb4: 0049 bab0 | ea1f 5bfe | 7f00 0041 | ffd2 4883 | c420 49c7 | 8798 0200 | 0000 0000 | 0049 c787 
  0x000001adf3412fd4: a002 0000 | 0000 0000 | c5f8 7749 | 8b8f d800 | 0000 c781 | 0001 0000 | 0000 0000 | c949 817f 
  0x000001adf3412ff4: 0800 0000 | 000f 8501 | 0000 00c3 

  0x000001adf3413000: ;   {runtime_call StubRoutines (1)}
  0x000001adf3413000: e9fb de94 | ffc5 f877 | 4c8b e448 | 83ec 2048 

  0x000001adf3413010: ;   {runtime_call SharedRuntime::reguard_yellow_pages}
  0x000001adf3413010: 83e4 f049 | ba40 1b20 | 5bfe 7f00 | 0041 ffd2 | 498b e4e9 | 42ff ffff 
[/MachCode]


Compiled method (c1)   35880 2579       3       sun.java2d.opengl.OGLRenderQueue::flushBuffer (41 bytes)
 total in heap  [0x000001adebcb9690,0x000001adebcb9cd8] = 1608
 relocation     [0x000001adebcb97e8,0x000001adebcb9850] = 104
 main code      [0x000001adebcb9860,0x000001adebcb9b40] = 736
 stub code      [0x000001adebcb9b40,0x000001adebcb9b98] = 88
 metadata       [0x000001adebcb9b98,0x000001adebcb9bc0] = 40
 scopes data    [0x000001adebcb9bc0,0x000001adebcb9c10] = 80
 scopes pcs     [0x000001adebcb9c10,0x000001adebcb9cb0] = 160
 dependencies   [0x000001adebcb9cb0,0x000001adebcb9cb8] = 8
 nul chk table  [0x000001adebcb9cb8,0x000001adebcb9cd8] = 32

[Constant Pool (empty)]

[MachCode]
[Entry Point]
  # {method} {0x000001ad8dacc480} 'flushBuffer' '()V' in 'sun/java2d/opengl/OGLRenderQueue'
  #           [sp+0x70]  (sp of caller)
  0x000001adebcb9860: 448b 5208 

  0x000001adebcb9864: ;   {runtime_call ic_miss_stub}
  0x000001adebcb9864: 4c3b d00f | 8513 780f | 0766 6666 | 0f1f 8400 | 0000 0000 | 6666 6690 | 0f1f 4000 
[Verified Entry Point]
  0x000001adebcb9880: 8984 2400 | 90ff ff55 | 4883 ec60 

  0x000001adebcb988c: ;   {metadata(method data for {method} {0x000001ad8dacc480} 'flushBuffer' '()V' in 'sun/java2d/opengl/OGLRenderQueue')}
  0x000001adebcb988c: 49b8 5874 | 3f8e ad01 | 0000 458b | 88cc 0000 | 0041 83c1 | 0245 8988 | cc00 0000 | 4181 e1fe 
  0x000001adebcb98ac: 0700 0041 | 83f9 000f | 84d6 0100 | 004c 8b42 | 1049 3b00 

  0x000001adebcb98c0: ;   {metadata(method data for {method} {0x000001ad8dacc480} 'flushBuffer' '()V' in 'sun/java2d/opengl/OGLRenderQueue')}
  0x000001adebcb98c0: 4d8b c848 | be58 743f | 8ead 0100 | 0048 8386 | 1001 0000 

  0x000001adebcb98d4: ;   {metadata(method data for {method} {0x000001ad8dace760} 'position' '()I' in 'sun/java2d/pipe/RenderBuffer')}
  0x000001adebcb98d4: 0149 b9f0 | e131 8dad | 0100 0041 | 8bb1 cc00 | 0000 83c6 | 0241 89b1 | cc00 0000 | 81e6 feff 
  0x000001adebcb98f4: 1f00 83fe | 000f 84b6 | 0100 004d | 8b48 2049 | 8b70 104c | 2bce 458b | c941 83f9 

  0x000001adebcb9910: ;   {metadata(method data for {method} {0x000001ad8dacc480} 'flushBuffer' '()V' in 'sun/java2d/opengl/OGLRenderQueue')}
  0x000001adebcb9910: 0048 bf58 | 743f 8ead | 0100 0048 | bb48 0100 | 0000 0000 | 000f 8e0a | 0000 0048 | bb58 0100 
  0x000001adebcb9930: 0000 0000 | 0048 8b04 | 1f48 8d40 | 0148 8904 | 1f0f 8e42 

  0x000001adebcb9944: ;   {metadata(method data for {method} {0x000001ad8dacc480} 'flushBuffer' '()V' in 'sun/java2d/opengl/OGLRenderQueue')}
  0x000001adebcb9944: 0000 0048 | bf58 743f | 8ead 0100 | 0048 8387 | 6801 0000 | 014c 8bc2 

  0x000001adebcb995c: ;   {metadata(method data for {method} {0x000001ad8dacc480} 'flushBuffer' '()V' in 'sun/java2d/opengl/OGLRenderQueue')}
  0x000001adebcb995c: 48bf 5874 | 3f8e ad01 | 0000 4883 | 87a0 0100 | 0001 4c8b | c648 8bf2 | 488b d648 | 8974 2450 
  0x000001adebcb997c: ;   {optimized virtual_call}
  0x000001adebcb997c: 6666 90e8 

  0x000001adebcb9980: ; ImmutableOopMap {[80]=Oop }
                      ;*invokevirtual flushBuffer {reexecute=0 rethrow=0 return_oop=0}
                      ; - sun.java2d.opengl.OGLRenderQueue::flushBuffer@21 (line 150)
  0x000001adebcb9980: b494 7507 | 488b 5424 | 5048 8b72 | 1048 3b06 

  0x000001adebcb9990: ;   {metadata(method data for {method} {0x000001ad8dacc480} 'flushBuffer' '()V' in 'sun/java2d/opengl/OGLRenderQueue')}
  0x000001adebcb9990: 488b fe48 | bb58 743f | 8ead 0100 | 0048 8383 | d801 0000 

  0x000001adebcb99a4: ;   {metadata(method data for {method} {0x000001ad8dace8e0} 'clear' '()V' in 'sun/java2d/pipe/RenderBuffer')}
  0x000001adebcb99a4: 0148 bfe0 | 763f 8ead | 0100 008b | 9fcc 0000 | 0083 c302 | 899f cc00 | 0000 81e3 | feff 1f00 
  0x000001adebcb99c4: 83fb 000f | 840e 0100 | 0048 8b7e | 1048 897e | 2048 8b52 | 1848 3b02 

  0x000001adebcb99dc: ;   {metadata(method data for {method} {0x000001ad8dacc480} 'flushBuffer' '()V' in 'sun/java2d/opengl/OGLRenderQueue')}
  0x000001adebcb99dc: 488b f248 | bf58 743f | 8ead 0100 | 008b 7608 | 483b b720 | 0200 0075 | 0d48 8387 | 2802 0000 
  0x000001adebcb99fc: 01e9 6600 | 0000 483b | b730 0200 | 0075 0d48 | 8387 3802 | 0000 01e9 | 5000 0000 | 4881 bf20 
  0x000001adebcb9a1c: 0200 0000 | 0000 0075 | 1748 89b7 | 2002 0000 | 48c7 8728 | 0200 0001 | 0000 00e9 | 2c00 0000 
  0x000001adebcb9a3c: 4881 bf30 | 0200 0000 | 0000 0075 | 1748 89b7 | 3002 0000 | 48c7 8738 | 0200 0001 | 0000 00e9 
  0x000001adebcb9a5c: 0800 0000 | 4883 8710 | 0200 0001 | 0f1f 4400 | 0048 b828 | 4e07 8000 

  0x000001adebcb9a74: ;   {virtual_call}
  0x000001adebcb9a74: 0000 00e8 

  0x000001adebcb9a78: ; ImmutableOopMap {}
                      ;*invokeinterface clear {reexecute=0 rethrow=0 return_oop=0}
                      ; - sun.java2d.opengl.OGLRenderQueue::flushBuffer@35 (line 155)
  0x000001adebcb9a78: 4404 0000 | 4883 c460 

  0x000001adebcb9a80: ;   {poll_return}
  0x000001adebcb9a80: 5d49 3ba7 | 5003 0000 | 0f87 7300 

  0x000001adebcb9a8c: ;   {metadata({method} {0x000001ad8dacc480} 'flushBuffer' '()V' in 'sun/java2d/opengl/OGLRenderQueue')}
  0x000001adebcb9a8c: 0000 c349 | ba78 c4ac | 8dad 0100 | 004c 8954 | 2408 48c7 | 0424 ffff 

  0x000001adebcb9aa4: ;   {runtime_call counter_overflow Runtime1 stub}
  0x000001adebcb9aa4: ffff e8d5 

  0x000001adebcb9aa8: ; ImmutableOopMap {rdx=Oop }
                      ;*synchronization entry
                      ; - sun.java2d.opengl.OGLRenderQueue::flushBuffer@-1 (line 147)
  0x000001adebcb9aa8: 0d1a 07e9 | 09fe ffff 

  0x000001adebcb9ab0: ;   {runtime_call throw_null_pointer_exception Runtime1 stub}
  0x000001adebcb9ab0: e8eb a519 

  0x000001adebcb9ab4: ; ImmutableOopMap {rdx=Oop r8=Oop }
                      ;*invokevirtual position {reexecute=0 rethrow=0 return_oop=0}
                      ; - sun.java2d.opengl.OGLRenderQueue::flushBuffer@4 (line 147)
                      ;   {metadata({method} {0x000001ad8dace760} 'position' '()I' in 'sun/java2d/pipe/RenderBuffer')}
  0x000001adebcb9ab4: 0749 ba58 | e7ac 8dad | 0100 004c | 8954 2408 | 48c7 0424 | ffff ffff 

  0x000001adebcb9acc: ;   {runtime_call counter_overflow Runtime1 stub}
  0x000001adebcb9acc: e8af 0d1a 

  0x000001adebcb9ad0: ; ImmutableOopMap {rdx=Oop r8=Oop }
                      ;*synchronization entry
                      ; - sun.java2d.pipe.RenderBuffer::position@-1 (line 110)
                      ; - sun.java2d.opengl.OGLRenderQueue::flushBuffer@4 (line 147)
  0x000001adebcb9ad0: 07e9 29fe 

  0x000001adebcb9ad4: ;   {runtime_call throw_null_pointer_exception Runtime1 stub}
  0x000001adebcb9ad4: ffff e8c5 

  0x000001adebcb9ad8: ; ImmutableOopMap {rdx=Oop rsi=Oop }
                      ;*invokevirtual clear {reexecute=0 rethrow=0 return_oop=0}
                      ; - sun.java2d.opengl.OGLRenderQueue::flushBuffer@28 (line 153)
                      ;   {metadata({method} {0x000001ad8dace8e0} 'clear' '()V' in 'sun/java2d/pipe/RenderBuffer')}
  0x000001adebcb9ad8: a519 0749 | bad8 e8ac | 8dad 0100 | 004c 8954 | 2408 48c7 | 0424 ffff 

  0x000001adebcb9af0: ;   {runtime_call counter_overflow Runtime1 stub}
  0x000001adebcb9af0: ffff e889 

  0x000001adebcb9af4: ; ImmutableOopMap {rdx=Oop rsi=Oop }
                      ;*synchronization entry
                      ; - sun.java2d.pipe.RenderBuffer::clear@-1 (line 118)
                      ; - sun.java2d.opengl.OGLRenderQueue::flushBuffer@28 (line 153)
  0x000001adebcb9af4: 0d1a 07e9 | d1fe ffff 

  0x000001adebcb9afc: ;   {runtime_call throw_null_pointer_exception Runtime1 stub}
  0x000001adebcb9afc: e89f a519 

  0x000001adebcb9b00: ; ImmutableOopMap {rdx=Oop }
                      ;*invokeinterface clear {reexecute=0 rethrow=0 return_oop=0}
                      ; - sun.java2d.opengl.OGLRenderQueue::flushBuffer@35 (line 155)
                      ;   {internal_word}
  0x000001adebcb9b00: 0749 ba81 | 9acb ebad | 0100 004d | 8997 6803 

  0x000001adebcb9b10: ;   {runtime_call SafepointBlob}
  0x000001adebcb9b10: 0000 e9e9 | de0f 0790 | 9049 8b87 | e003 0000 | 49c7 87e0 | 0300 0000 | 0000 0049 | c787 e803 
  0x000001adebcb9b30: 0000 0000 | 0000 4883 

  0x000001adebcb9b38: ;   {runtime_call unwind_exception Runtime1 stub}
  0x000001adebcb9b38: c460 5de9 | 4093 1907 
[Stub Code]
  0x000001adebcb9b40: ;   {no_reloc}
  0x000001adebcb9b40: 0f1f 4400 

  0x000001adebcb9b44: ;   {static_stub}
  0x000001adebcb9b44: 0048 bb80 | c3ac 8dad 

  0x000001adebcb9b4c: ;   {runtime_call I2C/C2I adapters}
  0x000001adebcb9b4c: 0100 00e9 | 80e7 0f07 

  0x000001adebcb9b54: ;   {static_stub}
  0x000001adebcb9b54: 9048 bb00 | 0000 0000 

  0x000001adebcb9b5c: ;   {runtime_call}
  0x000001adebcb9b5c: 0000 00e9 | fbff ffff 
[Exception Handler]
  0x000001adebcb9b64: ;   {runtime_call handle_exception_from_callee Runtime1 stub}
  0x000001adebcb9b64: e817 c319 

  0x000001adebcb9b68: ;   {external_word}
  0x000001adebcb9b68: 0748 b990 | 6d44 5bfe | 7f00 0048 

  0x000001adebcb9b74: ;   {runtime_call MacroAssembler::debug64}
  0x000001adebcb9b74: 83e4 f049 | ba30 df0c | 5bfe 7f00 | 0041 ffd2 

  0x000001adebcb9b84: ;   {section_word}
  0x000001adebcb9b84: f449 ba85 | 9bcb ebad | 0100 0041 

  0x000001adebcb9b90: ;   {runtime_call DeoptimizationBlob}
  0x000001adebcb9b90: 52e9 0ad1 | 0f07 f4f4 
[/MachCode]


---------------  P R O C E S S  ---------------

Threads class SMR info:
_java_thread_list=0x000001ad8c36c7d0, length=44, elements={
0x000005d3fe860840, 0x000005d3fe8615d0, 0x000005d3fe885190, 0x000005d3fe885c60,
0x000005d3fe886530, 0x000005d3fe886e00, 0x000005d3fe895c60, 0x000005d3fe899590,
0x000005d3fe899ea0, 0x000001adfaf56e00, 0x000001ad8c3f1a00, 0x000001ad8c3f1ee0,
0x000001ad8c57de40, 0x000001ad96dacf00, 0x000001ad972f1930, 0x000001ad9712ac30,
0x000001ad97396af0, 0x000001ad97398e60, 0x000001ad97399370, 0x000001ad97395bc0,
0x000001ad973960d0, 0x000001ad97397000, 0x000001ad973965e0, 0x000001ad97397510,
0x000001ad97398440, 0x000001ad97397a20, 0x000001ad97398950, 0x000001ad97397f30,
0x000001ad975956e0, 0x000001ad975951d0, 0x000001ad97596610, 0x000001ad97597f60,
0x000001ad975947b0, 0x000001ad97597030, 0x000001ad97593880, 0x000001ad97590af0,
0x000001ad97598470, 0x000001ad97593370, 0x000001ad97595bf0, 0x000001ad97597540,
0x000001ad97591000, 0x000001ad97591510, 0x000001ad97591a20, 0x000001ad97593d90
}

Java Threads: ( => current thread )
  0x000005d3fe860840 JavaThread "Reference Handler" daemon [_thread_blocked, id=23332, stack(0x000000a594500000,0x000000a594600000)]
  0x000005d3fe8615d0 JavaThread "Finalizer" daemon [_thread_blocked, id=5920, stack(0x000000a594600000,0x000000a594700000)]
  0x000005d3fe885190 JavaThread "Signal Dispatcher" daemon [_thread_blocked, id=5972, stack(0x000000a594700000,0x000000a594800000)]
  0x000005d3fe885c60 JavaThread "Attach Listener" daemon [_thread_blocked, id=33148, stack(0x000000a594800000,0x000000a594900000)]
  0x000005d3fe886530 JavaThread "Service Thread" daemon [_thread_blocked, id=38296, stack(0x000000a594900000,0x000000a594a00000)]
  0x000005d3fe886e00 JavaThread "Monitor Deflation Thread" daemon [_thread_blocked, id=20580, stack(0x000000a594a00000,0x000000a594b00000)]
  0x000005d3fe895c60 JavaThread "C2 CompilerThread0" daemon [_thread_blocked, id=1804, stack(0x000000a594b00000,0x000000a594c00000)]
  0x000005d3fe899590 JavaThread "C1 CompilerThread0" daemon [_thread_blocked, id=21636, stack(0x000000a594c00000,0x000000a594d00000)]
  0x000005d3fe899ea0 JavaThread "Sweeper thread" daemon [_thread_blocked, id=2720, stack(0x000000a594d00000,0x000000a594e00000)]
  0x000001adfaf56e00 JavaThread "Common-Cleaner" daemon [_thread_blocked, id=4324, stack(0x000000a594e00000,0x000000a594f00000)]
  0x000001ad8c3f1a00 JavaThread "Monitor Ctrl-Break" daemon [_thread_in_native, id=12296, stack(0x000000a595000000,0x000000a595100000)]
  0x000001ad8c3f1ee0 JavaThread "Notification Thread" daemon [_thread_blocked, id=6324, stack(0x000000a595100000,0x000000a595200000)]
=>0x000001ad8c57de40 JavaThread "Java2D Queue Flusher" daemon [_thread_in_native, id=36224, stack(0x000000a595300000,0x000000a595400000)]
  0x000001ad96dacf00 JavaThread "Java2D Disposer" daemon [_thread_blocked, id=5048, stack(0x000000a594f00000,0x000000a595000000)]
  0x000001ad972f1930 JavaThread "AWT-Windows" daemon [_thread_in_native, id=32980, stack(0x000000a595a00000,0x000000a595b00000)]
  0x000001ad9712ac30 JavaThread "Java Sound Event Dispatcher" daemon [_thread_blocked, id=24392, stack(0x000000a596500000,0x000000a596600000)]
  0x000001ad97396af0 JavaThread "Direct Clip" daemon [_thread_blocked, id=26360, stack(0x000000a596800000,0x000000a596900000)]
  0x000001ad97398e60 JavaThread "Direct Clip" daemon [_thread_blocked, id=15788, stack(0x000000a596900000,0x000000a596a00000)]
  0x000001ad97399370 JavaThread "Direct Clip" daemon [_thread_blocked, id=26272, stack(0x000000a596a00000,0x000000a596b00000)]
  0x000001ad97395bc0 JavaThread "Direct Clip" daemon [_thread_blocked, id=38284, stack(0x000000a596b00000,0x000000a596c00000)]
  0x000001ad973960d0 JavaThread "Direct Clip" daemon [_thread_blocked, id=39004, stack(0x000000a596c00000,0x000000a596d00000)]
  0x000001ad97397000 JavaThread "Direct Clip" daemon [_thread_blocked, id=15296, stack(0x000000a596d00000,0x000000a596e00000)]
  0x000001ad973965e0 JavaThread "Direct Clip" daemon [_thread_blocked, id=34120, stack(0x000000a596e00000,0x000000a596f00000)]
  0x000001ad97397510 JavaThread "Direct Clip" daemon [_thread_blocked, id=39548, stack(0x000000a596f00000,0x000000a597000000)]
  0x000001ad97398440 JavaThread "Direct Clip" daemon [_thread_blocked, id=9192, stack(0x000000a597000000,0x000000a597100000)]
  0x000001ad97397a20 JavaThread "Direct Clip" daemon [_thread_blocked, id=6852, stack(0x000000a597100000,0x000000a597200000)]
  0x000001ad97398950 JavaThread "Direct Clip" daemon [_thread_blocked, id=100, stack(0x000000a597200000,0x000000a597300000)]
  0x000001ad97397f30 JavaThread "Direct Clip" daemon [_thread_blocked, id=8588, stack(0x000000a597300000,0x000000a597400000)]
  0x000001ad975956e0 JavaThread "Direct Clip" daemon [_thread_blocked, id=38696, stack(0x000000a597400000,0x000000a597500000)]
  0x000001ad975951d0 JavaThread "Direct Clip" daemon [_thread_blocked, id=39288, stack(0x000000a597500000,0x000000a597600000)]
  0x000001ad97596610 JavaThread "Direct Clip" daemon [_thread_blocked, id=7208, stack(0x000000a597600000,0x000000a597700000)]
  0x000001ad97597f60 JavaThread "Direct Clip" daemon [_thread_blocked, id=36052, stack(0x000000a597700000,0x000000a597800000)]
  0x000001ad975947b0 JavaThread "Direct Clip" daemon [_thread_blocked, id=9388, stack(0x000000a597800000,0x000000a597900000)]
  0x000001ad97597030 JavaThread "Direct Clip" daemon [_thread_blocked, id=39384, stack(0x000000a597900000,0x000000a597a00000)]
  0x000001ad97593880 JavaThread "Direct Clip" daemon [_thread_blocked, id=36376, stack(0x000000a597a00000,0x000000a597b00000)]
  0x000001ad97590af0 JavaThread "Direct Clip" daemon [_thread_blocked, id=36992, stack(0x000000a597b00000,0x000000a597c00000)]
  0x000001ad97598470 JavaThread "Direct Clip" daemon [_thread_blocked, id=17356, stack(0x000000a597c00000,0x000000a597d00000)]
  0x000001ad97593370 JavaThread "AWT-Shutdown" [_thread_blocked, id=34604, stack(0x000000a598000000,0x000000a598100000)]
  0x000001ad97595bf0 JavaThread "AWT-EventQueue-0" [_thread_blocked, id=38596, stack(0x000000a598100000,0x000000a598200000)]
  0x000001ad97597540 JavaThread "DestroyJavaVM" [_thread_blocked, id=3592, stack(0x000000a593e00000,0x000000a593f00000)]
  0x000001ad97591000 JavaThread "TimerQueue" daemon [_thread_blocked, id=34684, stack(0x000000a598500000,0x000000a598600000)]
  0x000001ad97591510 JavaThread "Thread-0" [_thread_blocked, id=32452, stack(0x000000a598800000,0x000000a598900000)]
  0x000001ad97591a20 JavaThread "Forest" [_thread_in_vm, id=19196, stack(0x000000a598900000,0x000000a598a00000)]
  0x000001ad97593d90 JavaThread "ToolkitShutdown" daemon [_thread_in_native, id=26744, stack(0x000000a598c00000,0x000000a598d00000)]

Other Threads:
  0x000001adfaf7d3b0 VMThread "VM Thread" [stack: 0x000000a594400000,0x000000a594500000] [id=38212]
  0x000001ad8c32c190 WatcherThread [stack: 0x000000a595200000,0x000000a595300000] [id=21980]
  0x000001ade7d3baf0 GCTaskThread "GC Thread#0" [stack: 0x000000a593f00000,0x000000a594000000] [id=13856]
  0x000001ad9731cb20 GCTaskThread "GC Thread#1" [stack: 0x000000a595b00000,0x000000a595c00000] [id=29556]
  0x000001ad9731c860 GCTaskThread "GC Thread#2" [stack: 0x000000a595c00000,0x000000a595d00000] [id=38072]
  0x000001ad9731d620 GCTaskThread "GC Thread#3" [stack: 0x000000a595d00000,0x000000a595e00000] [id=17108]
  0x000001ad9731d8e0 GCTaskThread "GC Thread#4" [stack: 0x000000a595e00000,0x000000a595f00000] [id=40820]
  0x000001ad9731cde0 GCTaskThread "GC Thread#5" [stack: 0x000000a595f00000,0x000000a596000000] [id=33308]
  0x000001ad9731d0a0 GCTaskThread "GC Thread#6" [stack: 0x000000a596000000,0x000000a596100000] [id=16548]
  0x000001ad9731de60 GCTaskThread "GC Thread#7" [stack: 0x000000a596100000,0x000000a596200000] [id=16988]
  0x000001ad9731d360 GCTaskThread "GC Thread#8" [stack: 0x000000a596200000,0x000000a596300000] [id=6188]
  0x000001ad9731dba0 GCTaskThread "GC Thread#9" [stack: 0x000000a596300000,0x000000a596400000] [id=35032]
  0x000001ade7d3e0d0 ConcurrentGCThread "G1 Main Marker" [stack: 0x000000a594000000,0x000000a594100000] [id=8736]
  0x000001ade7d3ea00 ConcurrentGCThread "G1 Conc#0" [stack: 0x000000a594100000,0x000000a594200000] [id=12672]
  0x000001ad9731c5a0 ConcurrentGCThread "G1 Conc#1" [stack: 0x000000a598600000,0x000000a598700000] [id=25960]
  0x000001ad8c4fa880 ConcurrentGCThread "G1 Conc#2" [stack: 0x000000a598700000,0x000000a598800000] [id=5960]
  0x000001adfaf28250 ConcurrentGCThread "G1 Refine#0" [stack: 0x000000a594200000,0x000000a594300000] [id=37424]
  0x000001ad9739c650 ConcurrentGCThread "G1 Refine#1" [stack: 0x000000a595900000,0x000000a595a00000] [id=21660]
  0x000001ad9751ed00 ConcurrentGCThread "G1 Refine#2" [stack: 0x000000a597d00000,0x000000a597e00000] [id=17640]
  0x000001ad97580290 ConcurrentGCThread "G1 Refine#3" [stack: 0x000000a597e00000,0x000000a597f00000] [id=19664]
  0x000001ad974f36e0 ConcurrentGCThread "G1 Refine#4" [stack: 0x000000a597f00000,0x000000a598000000] [id=14048]
  0x000001adfaf28b90 ConcurrentGCThread "G1 Service" [stack: 0x000000a594300000,0x000000a594400000] [id=21112]

Threads with active compile tasks:

VM state: not at safepoint (normal execution)

VM Mutex/Monitor currently owned by a thread: None

CDS archive(s) not mapped
Compressed class space mapped at: 0x0000000080000000-0x00000000c0000000, reserved size: 1073741824
Narrow klass base: 0x0000000000000000, Narrow klass shift: 0, Narrow klass range: 0xc0000000

GC Precious Log:
 CPUs: 12 total, 12 available
 Memory: 16254M
 Large Page Support: Disabled
 NUMA Support: Disabled
 Compressed Oops: Disabled
 Heap Region Size: 32M
 Heap Min Capacity: 32M
 Heap Initial Capacity: 256M
 Heap Max Capacity: 4096G
 Pre-touch: Disabled
 Parallel Workers: 10
 Concurrent Workers: 3
 Concurrent Refinement Workers: 10
 Periodic GC: Disabled

Heap:
 garbage-first heap   total 983040K, used 263718K [0x000001adfc000000, 0x000005adfc000000)
  region size 32768K, 3 young (98304K), 1 survivors (32768K)
 Metaspace       used 23115K, committed 23424K, reserved 1114112K
  class space    used 2348K, committed 2496K, reserved 1048576K

Heap Regions: E=young(eden), S=young(survivor), O=old, HS=humongous(starts), HC=humongous(continues), CS=collection set, F=free, OA=open archive, CA=closed archive, TAMS=top-at-mark-start (previous, next)
|   0|0x000001adfc000000, 0x000001adfe000000, 0x000001adfe000000|100%| O|  |TAMS 0x000001adfe000000, 0x000001adfc000000| Untracked 
|   1|0x000001adfe000000, 0x000001ae00000000, 0x000001ae00000000|100%|HS|  |TAMS 0x000001ae00000000, 0x000001adfe000000| Complete 
|   2|0x000001ae00000000, 0x000001ae02000000, 0x000001ae02000000|100%| O|  |TAMS 0x000001ae02000000, 0x000001ae00000000| Untracked 
|   3|0x000001ae02000000, 0x000001ae04000000, 0x000001ae04000000|100%| O|  |TAMS 0x000001ae04000000, 0x000001ae02000000| Untracked 
|   4|0x000001ae04000000, 0x000001ae06000000, 0x000001ae06000000|100%| O|  |TAMS 0x000001ae06000000, 0x000001ae04000000| Untracked 
|   5|0x000001ae06000000, 0x000001ae08000000, 0x000001ae08000000|100%| O|  |TAMS 0x000001ae07e2c800, 0x000001ae06000000| Untracked 
|   6|0x000001ae08000000, 0x000001ae09d32e00, 0x000001ae0a000000| 91%| O|  |TAMS 0x000001ae08000000, 0x000001ae08000000| Untracked 
|   7|0x000001ae0a000000, 0x000001ae0a000000, 0x000001ae0c000000|  0%| F|  |TAMS 0x000001ae0a000000, 0x000001ae0a000000| Untracked 
|   8|0x000001ae0c000000, 0x000001ae0c000000, 0x000001ae0e000000|  0%| F|  |TAMS 0x000001ae0c000000, 0x000001ae0c000000| Untracked 
|   9|0x000001ae0e000000, 0x000001ae0e000000, 0x000001ae10000000|  0%| F|  |TAMS 0x000001ae0e000000, 0x000001ae0e000000| Untracked 
|  10|0x000001ae10000000, 0x000001ae10000000, 0x000001ae12000000|  0%| F|  |TAMS 0x000001ae10000000, 0x000001ae10000000| Untracked 
|  11|0x000001ae12000000, 0x000001ae12000000, 0x000001ae14000000|  0%| F|  |TAMS 0x000001ae12000000, 0x000001ae12000000| Untracked 
|  12|0x000001ae14000000, 0x000001ae14000000, 0x000001ae16000000|  0%| F|  |TAMS 0x000001ae14000000, 0x000001ae14000000| Untracked 
|  13|0x000001ae16000000, 0x000001ae16456dc0, 0x000001ae18000000| 13%| S|CS|TAMS 0x000001ae16000000, 0x000001ae16000000| Complete 
|  14|0x000001ae18000000, 0x000001ae18000000, 0x000001ae1a000000|  0%| F|  |TAMS 0x000001ae18000000, 0x000001ae18000000| Untracked 
|  15|0x000001ae1a000000, 0x000001ae1a000000, 0x000001ae1c000000|  0%| F|  |TAMS 0x000001ae1a000000, 0x000001ae1a000000| Untracked 
|  16|0x000001ae1c000000, 0x000001ae1c000000, 0x000001ae1e000000|  0%| F|  |TAMS 0x000001ae1c000000, 0x000001ae1c000000| Untracked 
|  17|0x000001ae1e000000, 0x000001ae1e000000, 0x000001ae20000000|  0%| F|  |TAMS 0x000001ae1e000000, 0x000001ae1e000000| Untracked 
|  18|0x000001ae20000000, 0x000001ae20000000, 0x000001ae22000000|  0%| F|  |TAMS 0x000001ae20000000, 0x000001ae20000000| Untracked 
|  19|0x000001ae22000000, 0x000001ae22000000, 0x000001ae24000000|  0%| F|  |TAMS 0x000001ae22000000, 0x000001ae22000000| Untracked 
|  20|0x000001ae24000000, 0x000001ae24000000, 0x000001ae26000000|  0%| F|  |TAMS 0x000001ae24000000, 0x000001ae24000000| Untracked 
|  21|0x000001ae26000000, 0x000001ae26000000, 0x000001ae28000000|  0%| F|  |TAMS 0x000001ae26000000, 0x000001ae26000000| Untracked 
|  22|0x000001ae28000000, 0x000001ae28000000, 0x000001ae2a000000|  0%| F|  |TAMS 0x000001ae28000000, 0x000001ae28000000| Untracked 
|  23|0x000001ae2a000000, 0x000001ae2a000000, 0x000001ae2c000000|  0%| F|  |TAMS 0x000001ae2a000000, 0x000001ae2a000000| Untracked 
|  24|0x000001ae2c000000, 0x000001ae2c000000, 0x000001ae2e000000|  0%| F|  |TAMS 0x000001ae2c000000, 0x000001ae2c000000| Untracked 
|  25|0x000001ae2e000000, 0x000001ae2e000000, 0x000001ae30000000|  0%| F|  |TAMS 0x000001ae2e000000, 0x000001ae2e000000| Untracked 
|  26|0x000001ae30000000, 0x000001ae30000000, 0x000001ae32000000|  0%| F|  |TAMS 0x000001ae30000000, 0x000001ae30000000| Untracked 
|  27|0x000001ae32000000, 0x000001ae32000000, 0x000001ae34000000|  0%| F|  |TAMS 0x000001ae32000000, 0x000001ae32000000| Untracked 
|  28|0x000001ae34000000, 0x000001ae347c0d28, 0x000001ae36000000| 24%| E|  |TAMS 0x000001ae34000000, 0x000001ae34000000| Complete 
|  31|0x000001ae3a000000, 0x000001ae3c000000, 0x000001ae3c000000|100%| E|CS|TAMS 0x000001ae3a000000, 0x000001ae3a000000| Complete 

Card table byte_map: [0x000005affc000000,0x000005b1fc000000] _byte_map_base: 0x000005af25020000

Marking Bits (Prev, Next): (CMBitMap*) 0x000001ade7d3c060, (CMBitMap*) 0x000001ade7d3c020
 Prev Bits: [0x000005c3fc000000, 0x000005d3fc000000)
 Next Bits: [0x000005b3fc000000, 0x000005c3fc000000)

Polling page: 0x000001ade5c10000

Metaspace:

Usage:
  Non-class:     20.28 MB used.
      Class:      2.29 MB used.
       Both:     22.57 MB used.

Virtual space:
  Non-class space:       64.00 MB reserved,      20.44 MB ( 32%) committed,  1 nodes.
      Class space:        1.00 GB reserved,       2.44 MB ( <1%) committed,  1 nodes.
             Both:        1.06 GB reserved,      22.88 MB (  2%) committed. 

Chunk freelists:
   Non-Class:  11.00 MB
       Class:  13.60 MB
        Both:  24.59 MB

MaxMetaspaceSize: unlimited
CompressedClassSpaceSize: 1.00 GB
Initial GC threshold: 21.00 MB
Current GC threshold: 35.56 MB
CDS: off
MetaspaceReclaimPolicy: balanced
 - commit_granule_bytes: 65536.
 - commit_granule_words: 8192.
 - virtual_space_node_default_size: 8388608.
 - enlarge_chunks_in_place: 1.
 - new_chunks_are_fully_committed: 0.
 - uncommit_free_chunks: 1.
 - use_allocation_guard: 0.
 - handle_deallocations: 1.


Internal statistics:

num_allocs_failed_limit: 3.
num_arena_births: 270.
num_arena_deaths: 0.
num_vsnodes_births: 2.
num_vsnodes_deaths: 0.
num_space_committed: 366.
num_space_uncommitted: 0.
num_chunks_returned_to_freelist: 3.
num_chunks_taken_from_freelist: 409.
num_chunk_merges: 0.
num_chunk_splits: 231.
num_chunks_enlarged: 115.
num_inconsistent_stats: 0.

CodeHeap 'non-profiled nmethods': size=120000Kb used=1565Kb max_used=1565Kb free=118434Kb
 bounds [0x000001adf3300000, 0x000001adf3570000, 0x000001adfa830000]
CodeHeap 'profiled nmethods': size=120000Kb used=5715Kb max_used=5715Kb free=114284Kb
 bounds [0x000001adeb830000, 0x000001adebdd0000, 0x000001adf2d60000]
CodeHeap 'non-nmethods': size=5760Kb used=1322Kb max_used=1412Kb free=4438Kb
 bounds [0x000001adf2d60000, 0x000001adf2fd0000, 0x000001adf3300000]
 total_blobs=3756 nmethods=3098 adapters=569
 compilation: enabled
              stopped_count=0, restarted_count=0
 full_count=0

Compilation events (20 events):
Event: 35.607 Thread 0x000005d3fe899590 3090       1       java.lang.management.DefaultPlatformMBeanProvider$10::mbeanInterfaceNames (5 bytes)
Event: 35.607 Thread 0x000005d3fe899590 nmethod 3090 0x000001adf3485990 code [0x000001adf3485b20, 0x000001adf3485bf8]
Event: 35.607 Thread 0x000005d3fe899590 3091       1       sun.management.spi.PlatformMBeanProvider$PlatformComponent::isSingleton (2 bytes)
Event: 35.607 Thread 0x000005d3fe899590 nmethod 3091 0x000001adf3485c90 code [0x000001adf3485e20, 0x000001adf3485ef8]
Event: 35.607 Thread 0x000005d3fe899590 3092       1       java.util.Collections$2::estimateSize (5 bytes)
Event: 35.607 Thread 0x000005d3fe899590 nmethod 3092 0x000001adf3485f90 code [0x000001adf3486120, 0x000001adf34861f8]
Event: 35.607 Thread 0x000005d3fe899590 3093       1       java.lang.Double::doubleValue (5 bytes)
Event: 35.607 Thread 0x000005d3fe899590 nmethod 3093 0x000001adf3486290 code [0x000001adf3486420, 0x000001adf34864f8]
Event: 35.607 Thread 0x000005d3fe899590 3094       1       jdk.internal.math.FloatingDecimal$BinaryToASCIIBuffer::isExceptional (2 bytes)
Event: 35.607 Thread 0x000005d3fe899590 nmethod 3094 0x000001adf3486590 code [0x000001adf3486720, 0x000001adf34867f8]
Event: 35.607 Thread 0x000005d3fe899590 3095       1       jdk.internal.math.FloatingDecimal$BinaryToASCIIBuffer::getDecimalExponent (5 bytes)
Event: 35.607 Thread 0x000005d3fe899590 nmethod 3095 0x000001adf3486890 code [0x000001adf3486a20, 0x000001adf3486af8]
Event: 35.607 Thread 0x000005d3fe899590 3096       1       jdk.internal.math.FloatingDecimal$BinaryToASCIIBuffer::isNegative (5 bytes)
Event: 35.607 Thread 0x000005d3fe899590 nmethod 3096 0x000001adf3486b90 code [0x000001adf3486d20, 0x000001adf3486df8]
Event: 35.607 Thread 0x000005d3fe899590 3097       1       jdk.internal.math.FormattedFloatingDecimal::getMantissa (5 bytes)
Event: 35.607 Thread 0x000005d3fe899590 nmethod 3097 0x000001adf3486e90 code [0x000001adf3487020, 0x000001adf34870f8]
Event: 35.607 Thread 0x000005d3fe899590 3098       1       sun.awt.windows.WObjectPeer::getData (5 bytes)
Event: 35.607 Thread 0x000005d3fe899590 nmethod 3098 0x000001adf3487190 code [0x000001adf3487320, 0x000001adf34873f8]
Event: 35.620 Thread 0x000005d3fe899590 3099       3       java.lang.StringUTF16$CharsSpliterator::<init> (36 bytes)
Event: 35.620 Thread 0x000005d3fe899590 nmethod 3099 0x000001adebdc4b10 code [0x000001adebdc4ca0, 0x000001adebdc4e78]

GC Heap History (20 events):
Event: 1.128 GC heap before
{Heap before GC invocations=0 (full 0):
 garbage-first heap   total 262144K, used 0K [0x000001adfc000000, 0x000005adfc000000)
  region size 32768K, 1 young (32768K), 0 survivors (0K)
 Metaspace       used 16499K, committed 16768K, reserved 1114112K
  class space    used 1554K, committed 1664K, reserved 1048576K
}
Event: 1.138 GC heap after
{Heap after GC invocations=1 (full 0):
 garbage-first heap   total 262144K, used 6122K [0x000001adfc000000, 0x000005adfc000000)
  region size 32768K, 1 young (32768K), 1 survivors (32768K)
 Metaspace       used 16499K, committed 16768K, reserved 1114112K
  class space    used 1554K, committed 1664K, reserved 1048576K
}
Event: 1.266 GC heap before
{Heap before GC invocations=1 (full 0):
 garbage-first heap   total 262144K, used 6122K [0x000001adfc000000, 0x000005adfc000000)
  region size 32768K, 2 young (65536K), 1 survivors (32768K)
 Metaspace       used 16572K, committed 16832K, reserved 1114112K
  class space    used 1557K, committed 1664K, reserved 1048576K
}
Event: 1.275 GC heap after
{Heap after GC invocations=2 (full 0):
 garbage-first heap   total 262144K, used 15428K [0x000001adfc000000, 0x000005adfc000000)
  region size 32768K, 1 young (32768K), 1 survivors (32768K)
 Metaspace       used 16572K, committed 16832K, reserved 1114112K
  class space    used 1557K, committed 1664K, reserved 1048576K
}
Event: 1.558 GC heap before
{Heap before GC invocations=2 (full 0):
 garbage-first heap   total 262144K, used 48196K [0x000001adfc000000, 0x000005adfc000000)
  region size 32768K, 2 young (65536K), 1 survivors (32768K)
 Metaspace       used 16581K, committed 16832K, reserved 1114112K
  class space    used 1557K, committed 1664K, reserved 1048576K
}
Event: 1.568 GC heap after
{Heap after GC invocations=3 (full 0):
 garbage-first heap   total 262144K, used 31187K [0x000001adfc000000, 0x000005adfc000000)
  region size 32768K, 1 young (32768K), 1 survivors (32768K)
 Metaspace       used 16581K, committed 16832K, reserved 1114112K
  class space    used 1557K, committed 1664K, reserved 1048576K
}
Event: 1.598 GC heap before
{Heap before GC invocations=3 (full 0):
 garbage-first heap   total 262144K, used 31187K [0x000001adfc000000, 0x000005adfc000000)
  region size 32768K, 2 young (65536K), 1 survivors (32768K)
 Metaspace       used 16581K, committed 16832K, reserved 1114112K
  class space    used 1557K, committed 1664K, reserved 1048576K
}
Event: 1.611 GC heap after
{Heap after GC invocations=4 (full 0):
 garbage-first heap   total 262144K, used 47192K [0x000001adfc000000, 0x000005adfc000000)
  region size 32768K, 1 young (32768K), 1 survivors (32768K)
 Metaspace       used 16581K, committed 16832K, reserved 1114112K
  class space    used 1557K, committed 1664K, reserved 1048576K
}
Event: 1.792 GC heap before
{Heap before GC invocations=4 (full 0):
 garbage-first heap   total 262144K, used 79960K [0x000001adfc000000, 0x000005adfc000000)
  region size 32768K, 2 young (65536K), 1 survivors (32768K)
 Metaspace       used 16932K, committed 17216K, reserved 1114112K
  class space    used 1608K, committed 1728K, reserved 1048576K
}
Event: 1.805 GC heap after
{Heap after GC invocations=5 (full 0):
 garbage-first heap   total 262144K, used 114219K [0x000001adfc000000, 0x000005adfc000000)
  region size 32768K, 1 young (32768K), 1 survivors (32768K)
 Metaspace       used 16932K, committed 17216K, reserved 1114112K
  class space    used 1608K, committed 1728K, reserved 1048576K
}
Event: 1.829 GC heap before
{Heap before GC invocations=5 (full 0):
 garbage-first heap   total 262144K, used 114219K [0x000001adfc000000, 0x000005adfc000000)
  region size 32768K, 2 young (65536K), 1 survivors (32768K)
 Metaspace       used 16935K, committed 17216K, reserved 1114112K
  class space    used 1608K, committed 1728K, reserved 1048576K
}
Event: 1.842 GC heap after
{Heap after GC invocations=6 (full 0):
 garbage-first heap   total 524288K, used 140558K [0x000001adfc000000, 0x000005adfc000000)
  region size 32768K, 1 young (32768K), 1 survivors (32768K)
 Metaspace       used 16935K, committed 17216K, reserved 1114112K
  class space    used 1608K, committed 1728K, reserved 1048576K
}
Event: 2.062 GC heap before
{Heap before GC invocations=6 (full 0):
 garbage-first heap   total 524288K, used 173326K [0x000001adfc000000, 0x000005adfc000000)
  region size 32768K, 2 young (65536K), 1 survivors (32768K)
 Metaspace       used 17391K, committed 17600K, reserved 1114112K
  class space    used 1667K, committed 1792K, reserved 1048576K
}
Event: 2.077 GC heap after
{Heap after GC invocations=7 (full 0):
 garbage-first heap   total 524288K, used 152852K [0x000001adfc000000, 0x000005adfc000000)
  region size 32768K, 1 young (32768K), 1 survivors (32768K)
 Metaspace       used 17391K, committed 17600K, reserved 1114112K
  class space    used 1667K, committed 1792K, reserved 1048576K
}
Event: 3.742 GC heap before
{Heap before GC invocations=7 (full 0):
 garbage-first heap   total 524288K, used 185620K [0x000001adfc000000, 0x000005adfc000000)
  region size 32768K, 2 young (65536K), 1 survivors (32768K)
 Metaspace       used 17423K, committed 17664K, reserved 1114112K
  class space    used 1671K, committed 1792K, reserved 1048576K
}
Event: 3.761 GC heap after
{Heap after GC invocations=8 (full 0):
 garbage-first heap   total 524288K, used 194696K [0x000001adfc000000, 0x000005adfc000000)
  region size 32768K, 1 young (32768K), 1 survivors (32768K)
 Metaspace       used 17423K, committed 17664K, reserved 1114112K
  class space    used 1671K, committed 1792K, reserved 1048576K
}
Event: 5.202 GC heap before
{Heap before GC invocations=8 (full 0):
 garbage-first heap   total 524288K, used 227464K [0x000001adfc000000, 0x000005adfc000000)
  region size 32768K, 2 young (65536K), 1 survivors (32768K)
 Metaspace       used 19678K, committed 19840K, reserved 1114112K
  class space    used 1988K, committed 2048K, reserved 1048576K
}
Event: 5.217 GC heap after
{Heap after GC invocations=9 (full 0):
 garbage-first heap   total 524288K, used 226469K [0x000001adfc000000, 0x000005adfc000000)
  region size 32768K, 1 young (32768K), 1 survivors (32768K)
 Metaspace       used 19678K, committed 19840K, reserved 1114112K
  class space    used 1988K, committed 2048K, reserved 1048576K
}
Event: 6.024 GC heap before
{Heap before GC invocations=9 (full 0):
 garbage-first heap   total 524288K, used 226469K [0x000001adfc000000, 0x000005adfc000000)
  region size 32768K, 2 young (65536K), 1 survivors (32768K)
 Metaspace       used 21205K, committed 21504K, reserved 1114112K
  class space    used 2192K, committed 2304K, reserved 1048576K
}
Event: 6.035 GC heap after
{Heap after GC invocations=10 (full 0):
 garbage-first heap   total 1048576K, used 230950K [0x000001adfc000000, 0x000005adfc000000)
  region size 32768K, 1 young (32768K), 1 survivors (32768K)
 Metaspace       used 21205K, committed 21504K, reserved 1114112K
  class space    used 2192K, committed 2304K, reserved 1048576K
}

Dll operation events (3 events):
Event: 0.008 Loaded shared library C:\Users\bader\.jdks\jbrsdk_jcef-17.0.9\bin\java.dll
Event: 0.104 Loaded shared library C:\Users\bader\.jdks\jbrsdk_jcef-17.0.9\bin\jsvml.dll
Event: 0.210 Loaded shared library C:\Users\bader\.jdks\jbrsdk_jcef-17.0.9\bin\zip.dll

Deoptimization events (20 events):
Event: 33.805 Thread 0x000001ad97595bf0 Uncommon trap: trap_request=0xffffffde fr.pc=0x000001adf33db35c relative=0x000000000000043c
Event: 33.805 Thread 0x000001ad97595bf0 Uncommon trap: reason=class_check action=maybe_recompile pc=0x000001adf33db35c method=java.awt.EventQueue.uncacheEQItem(Lsun/awt/EventQueueItem;)V @ 33 c2
Event: 33.805 Thread 0x000001ad97595bf0 DEOPT PACKING pc=0x000001adf33db35c sp=0x000000a5981fed50
Event: 33.805 Thread 0x000001ad97595bf0 DEOPT UNPACKING pc=0x000001adf2db69a3 sp=0x000000a5981fec98 mode 2
Event: 33.811 Thread 0x000001ad97595bf0 Uncommon trap: trap_request=0xffffffde fr.pc=0x000001adf33d242c relative=0x00000000000055ec
Event: 33.811 Thread 0x000001ad97595bf0 Uncommon trap: reason=class_check action=maybe_recompile pc=0x000001adf33d242c method=java.awt.EventQueue.coalesceEvent(Ljava/awt/AWTEvent;I)Z @ 32 c2
Event: 33.811 Thread 0x000001ad97595bf0 DEOPT PACKING pc=0x000001adf33d242c sp=0x000000a5981fecd0
Event: 33.811 Thread 0x000001ad97595bf0 DEOPT UNPACKING pc=0x000001adf2db69a3 sp=0x000000a5981feaa8 mode 2
Event: 33.811 Thread 0x000001ad97595bf0 Uncommon trap: trap_request=0xffffffde fr.pc=0x000001adf33db35c relative=0x000000000000043c
Event: 33.811 Thread 0x000001ad97595bf0 Uncommon trap: reason=class_check action=maybe_recompile pc=0x000001adf33db35c method=java.awt.EventQueue.uncacheEQItem(Lsun/awt/EventQueueItem;)V @ 33 c2
Event: 33.811 Thread 0x000001ad97595bf0 DEOPT PACKING pc=0x000001adf33db35c sp=0x000000a5981fed50
Event: 33.811 Thread 0x000001ad97595bf0 DEOPT UNPACKING pc=0x000001adf2db69a3 sp=0x000000a5981fec98 mode 2
Event: 33.812 Thread 0x000001ad97595bf0 Uncommon trap: trap_request=0xffffffde fr.pc=0x000001adf33d242c relative=0x00000000000055ec
Event: 33.812 Thread 0x000001ad97595bf0 Uncommon trap: reason=class_check action=maybe_recompile pc=0x000001adf33d242c method=java.awt.EventQueue.coalesceEvent(Ljava/awt/AWTEvent;I)Z @ 32 c2
Event: 33.812 Thread 0x000001ad97595bf0 DEOPT PACKING pc=0x000001adf33d242c sp=0x000000a5981fecd0
Event: 33.812 Thread 0x000001ad97595bf0 DEOPT UNPACKING pc=0x000001adf2db69a3 sp=0x000000a5981feaa8 mode 2
Event: 35.627 Thread 0x000001ad97595bf0 Uncommon trap: trap_request=0xffffff45 fr.pc=0x000001adf3477b7c relative=0x0000000000002bfc
Event: 35.627 Thread 0x000001ad97595bf0 Uncommon trap: reason=unstable_if action=reinterpret pc=0x000001adf3477b7c method=java.awt.Component.dispatchEventImpl(Ljava/awt/AWTEvent;)V @ 222 c2
Event: 35.627 Thread 0x000001ad97595bf0 DEOPT PACKING pc=0x000001adf3477b7c sp=0x000000a5981fe890
Event: 35.627 Thread 0x000001ad97595bf0 DEOPT UNPACKING pc=0x000001adf2db69a3 sp=0x000000a5981fe840 mode 2

Classes unloaded (0 events):
No events

Classes redefined (0 events):
No events

Internal exceptions (20 events):
Event: 1.081 Thread 0x000001ade7c7f120 Exception <a 'java/lang/NoSuchMethodError'{0x000001ae0b8aa610}: 'int java.lang.invoke.DirectMethodHandle$Holder.invokeStaticInit(java.lang.Object, float, float)'> (0x000001ae0b8aa610) 
thrown [s\src\hotspot\share\interpreter\linkResolver.cpp, line 771]
Event: 1.081 Thread 0x000001ade7c7f120 Exception <a 'java/lang/NoSuchMethodError'{0x000001ae0b8b3300}: 'int java.lang.invoke.DirectMethodHandle$Holder.invokeStaticInit(java.lang.Object, double, double)'> (0x000001ae0b8b3300) 
thrown [s\src\hotspot\share\interpreter\linkResolver.cpp, line 771]
Event: 1.082 Thread 0x000001ade7c7f120 Exception <a 'java/lang/NoSuchMethodError'{0x000001ae0b8b8dd0}: 'int java.lang.invoke.DirectMethodHandle$Holder.invokeStatic(java.lang.Object, long)'> (0x000001ae0b8b8dd0) 
thrown [s\src\hotspot\share\interpreter\linkResolver.cpp, line 771]
Event: 1.085 Thread 0x000001ade7c7f120 Exception <a 'java/lang/NoSuchMethodError'{0x000001ae0b8e7ba8}: 'int java.lang.invoke.Invokers$Holder.linkToTargetMethod(java.lang.Object, java.lang.Object)'> (0x000001ae0b8e7ba8) 
thrown [s\src\hotspot\share\interpreter\linkResolver.cpp, line 771]
Event: 3.037 Thread 0x000001ade7c7f120 Exception <a 'java/lang/NoSuchMethodError'{0x000001ae1b092ef0}: 'void java.lang.invoke.DirectMethodHandle$Holder.invokeSpecial(java.lang.Object, java.lang.Object, java.lang.Object)'> (0x000001ae1b092ef0) 
thrown [s\src\hotspot\share\interpreter\linkResolver.cpp, line 771]
Event: 5.128 Thread 0x000001ade7c7f120 Exception <a 'java/lang/NoSuchMethodError'{0x000001ae1bc51ae0}: 'void java.lang.invoke.DirectMethodHandle$Holder.invokeStaticInit(java.lang.Object)'> (0x000001ae1bc51ae0) 
thrown [s\src\hotspot\share\interpreter\linkResolver.cpp, line 771]
Event: 5.154 Thread 0x000001ad97595bf0 Exception <a 'java/lang/NoSuchMethodError'{0x000001ae1bd51790}: 'java.lang.Object java.lang.invoke.DirectMethodHandle$Holder.newInvokeSpecial(java.lang.Object, java.lang.Object, java.lang.Object, java.lang.Object, java.lang.Object)'> (0x000001ae1bd51790) 
thrown [s\src\hotspot\share\interpreter\linkResolver.cpp, line 771]
Event: 5.158 Thread 0x000001ad97595bf0 Exception <a 'java/lang/NoSuchMethodError'{0x000001ae1bd60060}: 'java.lang.Object java.lang.invoke.DirectMethodHandle$Holder.invokeStatic(java.lang.Object, int, java.lang.Object, java.lang.Object, java.lang.Object, java.lang.Object)'> (0x000001ae1bd60060) 
thrown [s\src\hotspot\share\interpreter\linkResolver.cpp, line 771]
Event: 5.183 Thread 0x000001ad97595bf0 Exception <a 'java/lang/ClassNotFoundException'{0x000001ae1bf38cf8}: com/sun/swing/internal/plaf/metal/resources/spi/metalProvider> (0x000001ae1bf38cf8) 
thrown [s\src\hotspot\share\classfile\systemDictionary.cpp, line 256]
Event: 5.184 Thread 0x000001ad97595bf0 Exception <a 'java/lang/ClassNotFoundException'{0x000001ae1bf3ec50}: com/sun/swing/internal/plaf/basic/resources/spi/basicProvider> (0x000001ae1bf3ec50) 
thrown [s\src\hotspot\share\classfile\systemDictionary.cpp, line 256]
Event: 5.187 Thread 0x000001ad97595bf0 Exception <a 'java/lang/NoSuchMethodError'{0x000001ae1bf63008}: 'java.lang.Object java.lang.invoke.Invokers$Holder.linkToTargetMethod(java.lang.Object, int, java.lang.Object, java.lang.Object, java.lang.Object)'> (0x000001ae1bf63008) 
thrown [s\src\hotspot\share\interpreter\linkResolver.cpp, line 771]
Event: 5.224 Thread 0x000001ad972f1930 Exception <a 'java/lang/NoSuchMethodError'{0x000001ae1a00a938}: 'void java.lang.invoke.DirectMethodHandle$Holder.invokeVirtual(java.lang.Object, java.lang.Object)'> (0x000001ae1a00a938) 
thrown [s\src\hotspot\share\interpreter\linkResolver.cpp, line 771]
Event: 5.247 Thread 0x000001ad97595bf0 Exception <a 'java/lang/NoSuchMethodError'{0x000001ae1a09ba10}: 'java.lang.Object java.lang.invoke.DirectMethodHandle$Holder.newInvokeSpecial(java.lang.Object, java.lang.Object, int, int, int, int)'> (0x000001ae1a09ba10) 
thrown [s\src\hotspot\share\interpreter\linkResolver.cpp, line 771]
Event: 5.251 Thread 0x000001ad97595bf0 Exception <a 'java/lang/NoSuchMethodError'{0x000001ae1a0ada20}: 'void java.lang.invoke.DirectMethodHandle$Holder.invokeSpecial(java.lang.Object, java.lang.Object, int, int)'> (0x000001ae1a0ada20) 
thrown [s\src\hotspot\share\interpreter\linkResolver.cpp, line 771]
Event: 5.253 Thread 0x000001ad97595bf0 Exception <a 'java/lang/NoSuchMethodError'{0x000001ae1a0b5888}: 'java.lang.Object java.lang.invoke.DirectMethodHandle$Holder.newInvokeSpecial(java.lang.Object, java.lang.Object, int, int)'> (0x000001ae1a0b5888) 
thrown [s\src\hotspot\share\interpreter\linkResolver.cpp, line 771]
Event: 5.361 Thread 0x000001ad97595bf0 Exception <a 'java/lang/NoSuchMethodError'{0x000001ae1a1c4f68}: 'java.lang.Object java.lang.invoke.Invokers$Holder.invoke_MT(java.lang.Object, java.lang.Object, java.lang.Object)'> (0x000001ae1a1c4f68) 
thrown [s\src\hotspot\share\interpreter\linkResolver.cpp, line 771]
Event: 5.362 Thread 0x000001ad97595bf0 Exception <a 'java/lang/NoSuchMethodError'{0x000001ae1a1d3478}: 'int java.lang.invoke.Invokers$Holder.invoke_MT(java.lang.Object, java.lang.Object, java.lang.Object)'> (0x000001ae1a1d3478) 
thrown [s\src\hotspot\share\interpreter\linkResolver.cpp, line 771]
Event: 5.950 Thread 0x000001ad97595bf0 Exception <a 'java/lang/NoSuchMethodError'{0x000001ae1a1fc030}: 'void java.lang.invoke.DirectMethodHandle$Holder.invokeStatic(java.lang.Object, java.lang.Object, java.lang.Object)'> (0x000001ae1a1fc030) 
thrown [s\src\hotspot\share\interpreter\linkResolver.cpp, line 771]
Event: 6.040 Thread 0x000001ad97595bf0 Implicit null exception at 0x000001adf330bf8f to 0x000001adf330c002
Event: 31.586 Thread 0x000001ad97595bf0 Implicit null exception at 0x000001adf3423fc0 to 0x000001adf3424178

VM Operations (20 events):
Event: 26.299 Executing VM operation: Cleanup
Event: 26.299 Executing VM operation: Cleanup done
Event: 27.307 Executing VM operation: Cleanup
Event: 27.307 Executing VM operation: Cleanup done
Event: 28.312 Executing VM operation: Cleanup
Event: 28.312 Executing VM operation: Cleanup done
Event: 29.318 Executing VM operation: Cleanup
Event: 29.318 Executing VM operation: Cleanup done
Event: 30.332 Executing VM operation: Cleanup
Event: 30.332 Executing VM operation: Cleanup done
Event: 31.342 Executing VM operation: Cleanup
Event: 31.342 Executing VM operation: Cleanup done
Event: 32.349 Executing VM operation: Cleanup
Event: 32.349 Executing VM operation: Cleanup done
Event: 33.071 Executing VM operation: HandshakeAllThreads
Event: 33.071 Executing VM operation: HandshakeAllThreads done
Event: 34.080 Executing VM operation: Cleanup
Event: 34.081 Executing VM operation: Cleanup done
Event: 35.094 Executing VM operation: Cleanup
Event: 35.094 Executing VM operation: Cleanup done

Events (20 events):
Event: 33.459 loading class jdk/internal/math/FormattedFloatingDecimal$1 done
Event: 33.459 loading class jdk/internal/math/FormattedFloatingDecimal$2
Event: 33.459 loading class jdk/internal/math/FormattedFloatingDecimal$2 done
Event: 33.733 loading class java/awt/image/BufferedImageOp
Event: 33.733 loading class java/awt/image/BufferedImageOp done
Event: 33.971 loading class jdk/internal/math/FDBigInteger
Event: 33.972 loading class jdk/internal/math/FDBigInteger done
Event: 34.022 Thread 0x000001ad9a84ea50 Thread added: 0x000001ad9a84ea50
Event: 34.158 Thread 0x000001ad9a84ea50 Thread exited: 0x000001ad9a84ea50
Event: 35.627 Thread 0x000001ad97592e60 Thread added: 0x000001ad97592e60
Event: 35.627 Thread 0x000001ad97593d90 Thread added: 0x000001ad97593d90
Event: 35.627 Thread 0x000001ad9a062ea0 Thread added: 0x000001ad9a062ea0
Event: 35.627 loading class java/util/WeakHashMap$KeyIterator
Event: 35.627 loading class java/util/WeakHashMap$HashIterator
Event: 35.628 loading class java/util/WeakHashMap$HashIterator done
Event: 35.628 loading class java/util/WeakHashMap$KeyIterator done
Event: 35.628 Thread 0x000001ad97592e60 Thread exited: 0x000001ad97592e60
Event: 35.628 loading class sun/font/SunFontManager$8$1
Event: 35.628 loading class sun/font/SunFontManager$8$1 done
Event: 35.631 Thread 0x000001ad9a062ea0 Thread exited: 0x000001ad9a062ea0


Dynamic libraries:
0x00007ff7d9cd0000 - 0x00007ff7d9cda000 	C:\Users\bader\.jdks\jbrsdk_jcef-17.0.9\bin\java.exe
0x00007ffed6e90000 - 0x00007ffed7088000 	C:\Windows\SYSTEM32\ntdll.dll
0x00007ffed4f20000 - 0x00007ffed4fe2000 	C:\Windows\System32\KERNEL32.DLL
0x00007ffed4960000 - 0x00007ffed4c5e000 	C:\Windows\System32\KERNELBASE.dll
0x00007ffed4db0000 - 0x00007ffed4eb0000 	C:\Windows\System32\ucrtbase.dll
0x00007ffec3fb0000 - 0x00007ffec3fc7000 	C:\Users\bader\.jdks\jbrsdk_jcef-17.0.9\bin\jli.dll
0x00007ffecbf60000 - 0x00007ffecbf7b000 	C:\Users\bader\.jdks\jbrsdk_jcef-17.0.9\bin\VCRUNTIME140.dll
0x00007ffed6bd0000 - 0x00007ffed6d6d000 	C:\Windows\System32\USER32.dll
0x00007ffeba210000 - 0x00007ffeba4aa000 	C:\Windows\WinSxS\amd64_microsoft.windows.common-controls_6595b64144ccf1df_6.0.19041.4355_none_60b8b9eb71f62e16\COMCTL32.dll
0x00007ffed4650000 - 0x00007ffed4672000 	C:\Windows\System32\win32u.dll
0x00007ffed61a0000 - 0x00007ffed61cb000 	C:\Windows\System32\GDI32.dll
0x00007ffed67d0000 - 0x00007ffed686e000 	C:\Windows\System32\msvcrt.dll
0x00007ffed4530000 - 0x00007ffed4647000 	C:\Windows\System32\gdi32full.dll
0x00007ffed4d10000 - 0x00007ffed4dad000 	C:\Windows\System32\msvcp_win.dll
0x00007ffed6100000 - 0x00007ffed612f000 	C:\Windows\System32\IMM32.DLL
0x00007ffece2f0000 - 0x00007ffece2fc000 	C:\Users\bader\.jdks\jbrsdk_jcef-17.0.9\bin\vcruntime140_1.dll
0x00007ffeb84c0000 - 0x00007ffeb854d000 	C:\Users\bader\.jdks\jbrsdk_jcef-17.0.9\bin\msvcp140.dll
0x00007ffe5ab10000 - 0x00007ffe5b792000 	C:\Users\bader\.jdks\jbrsdk_jcef-17.0.9\bin\server\jvm.dll
0x00007ffed6d90000 - 0x00007ffed6e41000 	C:\Windows\System32\ADVAPI32.dll
0x00007ffed5e40000 - 0x00007ffed5edf000 	C:\Windows\System32\sechost.dll
0x00007ffed62a0000 - 0x00007ffed63c3000 	C:\Windows\System32\RPCRT4.dll
0x00007ffed4760000 - 0x00007ffed4787000 	C:\Windows\System32\bcrypt.dll
0x00007ffebb4b0000 - 0x00007ffebb4b9000 	C:\Windows\SYSTEM32\WSOCK32.dll
0x00007ffed3a60000 - 0x00007ffed3aab000 	C:\Windows\SYSTEM32\POWRPROF.dll
0x00007ffed6090000 - 0x00007ffed60fb000 	C:\Windows\System32\WS2_32.dll
0x00007ffeb9a40000 - 0x00007ffeb9a67000 	C:\Windows\SYSTEM32\WINMM.dll
0x00007ffecd650000 - 0x00007ffecd65a000 	C:\Windows\SYSTEM32\VERSION.dll
0x00007ffed3930000 - 0x00007ffed3942000 	C:\Windows\SYSTEM32\UMPDC.dll
0x00007ffed23b0000 - 0x00007ffed23c2000 	C:\Windows\SYSTEM32\kernel.appcore.dll
0x00007ffece280000 - 0x00007ffece28a000 	C:\Users\bader\.jdks\jbrsdk_jcef-17.0.9\bin\jimage.dll
0x00007ffed1cc0000 - 0x00007ffed1ea4000 	C:\Windows\SYSTEM32\DBGHELP.DLL
0x00007ffec4470000 - 0x00007ffec44a4000 	C:\Windows\SYSTEM32\dbgcore.DLL
0x00007ffed46d0000 - 0x00007ffed4752000 	C:\Windows\System32\bcryptPrimitives.dll
0x00007ffecf3c0000 - 0x00007ffecf3ce000 	C:\Users\bader\.jdks\jbrsdk_jcef-17.0.9\bin\instrument.dll
0x00007ffec3ee0000 - 0x00007ffec3f05000 	C:\Users\bader\.jdks\jbrsdk_jcef-17.0.9\bin\java.dll
0x00007ffec3f90000 - 0x00007ffec3fa8000 	C:\Users\bader\.jdks\jbrsdk_jcef-17.0.9\bin\zip.dll
0x00007ffeb72b0000 - 0x00007ffeb7387000 	C:\Users\bader\.jdks\jbrsdk_jcef-17.0.9\bin\jsvml.dll
0x00007ffed4ff0000 - 0x00007ffed575d000 	C:\Windows\System32\SHELL32.dll
0x00007ffed25b0000 - 0x00007ffed2d54000 	C:\Windows\SYSTEM32\windows.storage.dll
0x00007ffed6870000 - 0x00007ffed6bc3000 	C:\Windows\System32\combase.dll
0x00007ffed3f60000 - 0x00007ffed3f8e000 	C:\Windows\SYSTEM32\Wldp.dll
0x00007ffed61d0000 - 0x00007ffed629d000 	C:\Windows\System32\OLEAUT32.dll
0x00007ffed65c0000 - 0x00007ffed666d000 	C:\Windows\System32\SHCORE.dll
0x00007ffed6560000 - 0x00007ffed65b5000 	C:\Windows\System32\shlwapi.dll
0x00007ffed4460000 - 0x00007ffed4484000 	C:\Windows\SYSTEM32\profapi.dll
0x00007ffec2270000 - 0x00007ffec2289000 	C:\Users\bader\.jdks\jbrsdk_jcef-17.0.9\bin\net.dll
0x00007ffeccc80000 - 0x00007ffeccd8d000 	C:\Windows\SYSTEM32\WINHTTP.dll
0x00007ffed3cc0000 - 0x00007ffed3d2a000 	C:\Windows\system32\mswsock.dll
0x00007ffec1790000 - 0x00007ffec17a6000 	C:\Users\bader\.jdks\jbrsdk_jcef-17.0.9\bin\nio.dll
0x00007ffec30d0000 - 0x00007ffec30ea000 	C:\Program Files\JetBrains\IntelliJ IDEA Community Edition 2023.3.6\bin\breakgen64.dll
0x00007ffe82bf0000 - 0x00007ffe82d8a000 	C:\Users\bader\.jdks\jbrsdk_jcef-17.0.9\bin\awt.dll
0x00007ffed20b0000 - 0x00007ffed20df000 	C:\Windows\SYSTEM32\dwmapi.dll
0x00007ffeb6710000 - 0x00007ffeb6754000 	C:\Users\bader\.jdks\jbrsdk_jcef-17.0.9\bin\nvdaControllerClient64.dll
0x00007ffecf1c0000 - 0x00007ffecf254000 	C:\Windows\SYSTEM32\apphelp.dll
0x00007ffeb81e0000 - 0x00007ffeb8308000 	C:\Windows\system32\opengl32.dll
0x00007ffeb7c60000 - 0x00007ffeb7c8c000 	C:\Windows\SYSTEM32\GLU32.dll
0x00007ffed1090000 - 0x00007ffed112e000 	C:\Windows\system32\uxtheme.dll
0x00007ffed5bd0000 - 0x00007ffed5ce5000 	C:\Windows\System32\MSCTF.dll
0x00007ffed5cf0000 - 0x00007ffed5d99000 	C:\Windows\System32\clbcatq.dll
0x00007ffe40ff0000 - 0x00007ffe41fba000 	C:\Windows\System32\DriverStore\FileRepository\iigd_dch.inf_amd64_5d54dd32fa1ef4d4\ig9icd64.dll
0x00007ffed6430000 - 0x00007ffed655b000 	C:\Windows\System32\ole32.dll
0x00007ffed2dc0000 - 0x00007ffed2eb6000 	C:\Windows\system32\dxgi.dll
0x00007ffec7a80000 - 0x00007ffec7cbf000 	C:\Windows\System32\DriverStore\FileRepository\iigd_dch.inf_amd64_5d54dd32fa1ef4d4\igdgmm64.dll
0x00007ffec4eb0000 - 0x00007ffec7a79000 	C:\Windows\System32\DriverStore\FileRepository\iigd_dch.inf_amd64_5d54dd32fa1ef4d4\igc64.dll
0x00007ffe63280000 - 0x00007ffe6368c000 	C:\Windows\System32\DriverStore\FileRepository\iigd_dch.inf_amd64_5d54dd32fa1ef4d4\igdml64.dll
0x00007ffed3ec0000 - 0x00007ffed3ed8000 	C:\Windows\SYSTEM32\CRYPTSP.dll
0x00007ffed3570000 - 0x00007ffed35a4000 	C:\Windows\system32\rsaenh.dll
0x00007ffed4420000 - 0x00007ffed444e000 	C:\Windows\SYSTEM32\USERENV.dll
0x00007ffed3eb0000 - 0x00007ffed3ebc000 	C:\Windows\SYSTEM32\CRYPTBASE.dll
0x00007ffed3950000 - 0x00007ffed398b000 	C:\Windows\SYSTEM32\IPHLPAPI.DLL
0x00007ffed5e30000 - 0x00007ffed5e38000 	C:\Windows\System32\NSI.dll
0x00007ffecc960000 - 0x00007ffecc977000 	C:\Windows\SYSTEM32\dhcpcsvc6.DLL
0x00007ffeccbf0000 - 0x00007ffeccc0d000 	C:\Windows\SYSTEM32\dhcpcsvc.DLL
0x00007ffed3990000 - 0x00007ffed3a5a000 	C:\Windows\SYSTEM32\DNSAPI.dll
0x00007ffeb6680000 - 0x00007ffeb6707000 	C:\Users\bader\.jdks\jbrsdk_jcef-17.0.9\bin\freetype.dll
0x00007ffeabdb0000 - 0x00007ffeabe87000 	C:\Users\bader\.jdks\jbrsdk_jcef-17.0.9\bin\fontmanager.dll
0x00007ffec2300000 - 0x00007ffec2312000 	C:\Users\bader\.jdks\jbrsdk_jcef-17.0.9\bin\jsound.dll
0x00007ffeac8b0000 - 0x00007ffeac94c000 	C:\Windows\SYSTEM32\DSOUND.dll
0x00007ffec02f0000 - 0x00007ffec0316000 	C:\Windows\SYSTEM32\winmmbase.dll
0x00007ffecce00000 - 0x00007ffecce85000 	C:\Windows\System32\MMDevApi.dll
0x00007ffed42c0000 - 0x00007ffed42f3000 	C:\Windows\System32\DEVOBJ.dll
0x00007ffed4680000 - 0x00007ffed46ce000 	C:\Windows\System32\cfgmgr32.dll
0x00007ffeb5080000 - 0x00007ffeb50c6000 	C:\Windows\SYSTEM32\wdmaud.drv
0x00007ffeced00000 - 0x00007ffeced0a000 	C:\Windows\SYSTEM32\AVRT.dll
0x00007ffecf4e0000 - 0x00007ffecf4e9000 	C:\Windows\SYSTEM32\ksuser.dll
0x00007ffecce90000 - 0x00007ffecd011000 	C:\Windows\SYSTEM32\AUDIOSES.DLL
0x00007ffeb5070000 - 0x00007ffeb507d000 	C:\Windows\SYSTEM32\msacm32.drv
0x00007ffeb5050000 - 0x00007ffeb506e000 	C:\Windows\SYSTEM32\MSACM32.dll
0x00007ffeb5040000 - 0x00007ffeb504b000 	C:\Windows\SYSTEM32\midimap.dll
0x00007ffed1fb0000 - 0x00007ffed1fc4000 	C:\Windows\SYSTEM32\resourcepolicyclient.dll
0x00007ffeb1a60000 - 0x00007ffeb1c05000 	C:\Windows\WinSxS\amd64_microsoft.windows.gdiplus_6595b64144ccf1df_1.1.19041.4597_none_91a78020cc854124\gdiplus.dll
0x00007ffebfdd0000 - 0x00007ffebfec9000 	C:\Windows\SYSTEM32\textinputframework.dll
0x00007ffecea50000 - 0x00007ffeceb42000 	C:\Windows\System32\CoreMessaging.dll
0x00007ffece6e0000 - 0x00007ffecea3b000 	C:\Windows\System32\CoreUIComponents.dll
0x00007ffed37c0000 - 0x00007ffed37f3000 	C:\Windows\SYSTEM32\ntmarta.dll
0x00007ffed12c0000 - 0x00007ffed1417000 	C:\Windows\SYSTEM32\wintypes.dll
0x00007ffeb7e70000 - 0x00007ffeb8165000 	C:\Windows\System32\uiautomationcore.dll
0x00007ffed1880000 - 0x00007ffed1976000 	C:\Windows\System32\PROPSYS.dll
0x00007ffeb8170000 - 0x00007ffeb81d6000 	C:\Windows\System32\OLEACC.dll
0x00007ffecf3b0000 - 0x00007ffecf3b9000 	C:\Users\bader\.jdks\jbrsdk_jcef-17.0.9\bin\management.dll
0x00007ffeced10000 - 0x00007ffeced1b000 	C:\Users\bader\.jdks\jbrsdk_jcef-17.0.9\bin\management_ext.dll
0x00007ffed4f10000 - 0x00007ffed4f18000 	C:\Windows\System32\PSAPI.DLL
0x00007ffebb3a0000 - 0x00007ffebb3f1000 	C:\Windows\SYSTEM32\pdh.dll
0x00007ffebfed0000 - 0x00007ffec000f000 	C:\Windows\System32\Windows.UI.dll
0x00007ffecbdf0000 - 0x00007ffecbe91000 	C:\Windows\System32\WindowManagementAPI.dll
0x00007ffebfc70000 - 0x00007ffebfdc2000 	C:\Windows\System32\InputHost.dll
0x00007ffecb4a0000 - 0x00007ffecb6a3000 	C:\Windows\SYSTEM32\twinapi.appcore.dll
0x00007ffeb9a00000 - 0x00007ffeb9a0f000 	C:\Windows\System32\perfproc.dll
0x00007ffed0e20000 - 0x00007ffed0e2f000 	C:\Windows\System32\perfos.dll

dbghelp: loaded successfully - version: 4.0.5 - missing functions: none
symbol engine: initialized successfully - sym options: 0x614 - pdb path: .;C:\Users\bader\.jdks\jbrsdk_jcef-17.0.9\bin;C:\Windows\SYSTEM32;C:\Windows\WinSxS\amd64_microsoft.windows.common-controls_6595b64144ccf1df_6.0.19041.4355_none_60b8b9eb71f62e16;C:\Users\bader\.jdks\jbrsdk_jcef-17.0.9\bin\server;C:\Program Files\JetBrains\IntelliJ IDEA Community Edition 2023.3.6\bin;C:\Windows\System32\DriverStore\FileRepository\iigd_dch.inf_amd64_5d54dd32fa1ef4d4;C:\Windows\WinSxS\amd64_microsoft.windows.gdiplus_6595b64144ccf1df_1.1.19041.4597_none_91a78020cc854124

VM Arguments:
jvm_args: -Xmx3072g -Xmx4096g -Dsun.java2d.opengl=true -XX:ErrorFile=logs/hs_err_pid%p.log -javaagent:C:\Program Files\JetBrains\IntelliJ IDEA Community Edition 2023.3.6\lib\idea_rt.jar=54393:C:\Program Files\JetBrains\IntelliJ IDEA Community Edition 2023.3.6\bin -Dfile.encoding=UTF-8 
java_command: net.sendback.Main
java_class_path (initial): C:\Users\bader\OneDrive\Bureau\Idea\GTS_PRojekt\target\classes
Launcher Type: SUN_STANDARD

[Global flags]
     intx CICompilerCount                          = 4                                         {product} {ergonomic}
     uint ConcGCThreads                            = 3                                         {product} {ergonomic}
    ccstr ErrorFile                                = logs/hs_err_pid%p.log                     {product} {command line}
     uint G1ConcRefinementThreads                  = 10                                        {product} {ergonomic}
   size_t G1HeapRegionSize                         = 33554432                                  {product} {ergonomic}
    uintx GCDrainStackTargetSize                   = 64                                        {product} {ergonomic}
   size_t InitialHeapSize                          = 268435456                                 {product} {ergonomic}
   size_t MarkStackSize                            = 4194304                                   {product} {ergonomic}
   size_t MaxHeapSize                              = 4398046511104                             {product} {command line}
   size_t MaxNewSize                               = 2638821195776                             {product} {ergonomic}
   size_t MinHeapDeltaBytes                        = 33554432                                  {product} {ergonomic}
   size_t MinHeapSize                              = 33554432                                  {product} {ergonomic}
    uintx NonNMethodCodeHeapSize                   = 5839372                                {pd product} {ergonomic}
    uintx NonProfiledCodeHeapSize                  = 122909434                              {pd product} {ergonomic}
    uintx ProfiledCodeHeapSize                     = 122909434                              {pd product} {ergonomic}
    uintx ReservedCodeCacheSize                    = 251658240                              {pd product} {ergonomic}
     bool SegmentedCodeCache                       = true                                      {product} {ergonomic}
   size_t SoftMaxHeapSize                          = 4398046511104                          {manageable} {ergonomic}
     bool UseCompressedClassPointers               = true                           {product lp64_product} {ergonomic}
     bool UseG1GC                                  = true                                      {product} {ergonomic}
     bool UseLargePagesIndividualAllocation        = false                                  {pd product} {ergonomic}

Logging:
Log output configuration:
 #0: stdout all=warning uptime,level,tags
 #1: stderr all=off uptime,level,tags

Environment Variables:
PATH=C:\Program Files\Common Files\Oracle\Java\javapath;C:\Windows\system32;C:\Windows;C:\Windows\System32\Wbem;C:\Windows\System32\WindowsPowerShell\v1.0\;C:\Windows\System32\OpenSSH\;C:\Program Files (x86)\NVIDIA Corporation\PhysX\Common;C:\Program Files\dotnet\;C:\Users\bader\AppData\Local\Microsoft\WindowsApps;C:\Users\bader\AppData\Local\GitHubDesktop\bin
USERNAME=bader
OS=Windows_NT
PROCESSOR_IDENTIFIER=Intel64 Family 6 Model 158 Stepping 10, GenuineIntel
TMP=C:\Users\bader\AppData\Local\Temp
TEMP=C:\Users\bader\AppData\Local\Temp



Periodic native trim disabled

JNI global refs:
JNI global refs: 145, weak refs: 191

JNI global refs memory usage: 2107, weak refs: 2737

OOME stack traces (most recent first):
Classloader memory used:
Loader bootstrap                                                                       : 2846K
Loader jdk.internal.loader.ClassLoaders$AppClassLoader                                 : 35940B
Loader jdk.internal.reflect.DelegatingClassLoader                                      : 5306B
Loader jdk.internal.loader.ClassLoaders$PlatformClassLoader                            : 2651B


---------------  S Y S T E M  ---------------

OS:
 Windows 10 , 64 bit Build 19041 (10.0.19041.5072)
OS uptime: 12 days 4:34 hours

CPU: total 12 (initial active 12) (6 cores per cpu, 2 threads per core) family 6 model 158 stepping 10 microcode 0xf0, cx8, cmov, fxsr, ht, mmx, 3dnowpref, sse, sse2, sse3, ssse3, sse4.1, sse4.2, popcnt, lzcnt, tsc, tscinvbit, avx, avx2, aes, erms, clmul, bmi1, bmi2, adx, fma, vzeroupper, clflush, clflushopt
Processor Information for all 12 processors :
  Max Mhz: 2592, Current Mhz: 2592, Mhz Limit: 2592

Memory: 4k page, system-wide physical 16254M (2236M free)
TotalPageFile size 24005M (AvailPageFile size 2982M)
current process WorkingSet (physical memory assigned to process): 741M, peak: 752M
current process commit charge ("private bytes"): 1415M, peak: 1427M

vm_info: OpenJDK 64-Bit Server VM (17.0.9+8-b1166.2) for windows-amd64 JRE (17.0.9+8-b1166.2), built on 2024-01-13 by "builduser" with MS VC++ 16.10 / 16.11 (VS2019)

END.
