#
# A fatal error has been detected by the Java Runtime Environment:
#
#  EXCEPTION_ACCESS_VIOLATION (0xc0000005) at pc=0x00007ffe45df3c53, pid=8840, tid=31952
#
# JRE version: OpenJDK Runtime Environment JBR-17.0.9+8-1166.2-jcef (17.0.9+8) (build 17.0.9+8-b1166.2)
# Java VM: OpenJDK 64-Bit Server VM JBR-17.0.9+8-1166.2-jcef (17.0.9+8-b1166.2, mixed mode, tiered, compressed class ptrs, g1 gc, windows-amd64)
# Problematic frame:
# C  [ig9icd64.dll+0x9c3c53]
#
# No core dump will be written. Minidumps are not enabled by default on client versions of Windows
#
# If you would like to submit a bug report, please visit:
#   https://youtrack.jetbrains.com/issues/JBR
# The crash happened outside the Java Virtual Machine in native code.
# See problematic frame for where to report the bug.
#

---------------  S U M M A R Y ------------

Command Line: -Xmx3072g -Xmx4096g -Dsun.java2d.opengl=true -XX:ErrorFile=logs/hs_err_pid%p.log -javaagent:C:\Program Files\JetBrains\IntelliJ IDEA Community Edition 2023.3.6\lib\idea_rt.jar=54087:C:\Program Files\JetBrains\IntelliJ IDEA Community Edition 2023.3.6\bin -Dfile.encoding=UTF-8 net.sendback.Main

Host: Intel(R) Core(TM) i7-9750H CPU @ 2.60GHz, 12 cores, 15G,  Windows 10 , 64 bit Build 19041 (10.0.19041.5072)
Time: Fri Nov  8 19:55:12 2024 Mitteleuropäische Zeit elapsed time: 11.623619 seconds (0d 0h 0m 11s)

---------------  T H R E A D  ---------------

Current thread (0x000002d6845cd040):  JavaThread "Java2D Queue Flusher" daemon [_thread_in_native, id=31952, stack(0x000000e0ae900000,0x000000e0aea00000)]

Stack: [0x000000e0ae900000,0x000000e0aea00000],  sp=0x000000e0ae9fecf8,  free space=1019k
Native frames: (J=compiled Java code, j=interpreted, Vv=VM code, C=native code)
C  [ig9icd64.dll+0x9c3c53]

Java frames: (J=compiled Java code, j=interpreted, Vv=VM code)
j  sun.java2d.opengl.OGLRenderQueue.flushBuffer(JI)V+0 java.desktop
j  sun.java2d.opengl.OGLRenderQueue.flushBuffer()V+21 java.desktop
j  sun.java2d.opengl.OGLRenderQueue$QueueFlusher.run()V+81 java.desktop
j  java.lang.Thread.run()V+11 java.base@17.0.9
v  ~StubRoutines::call_stub

siginfo: EXCEPTION_ACCESS_VIOLATION (0xc0000005), reading address 0xffffffffffffffff


Registers:
RAX=0x000000000fff0fff, RBX=0x00007ffe45430000, RCX=0x000000033fcf3fcc, RDX=0x000000e0ae9ff210
RSP=0x000000e0ae9fecf8, RBP=0x000000e0ae9fee00, RSI=0x000002d68e93bb80, RDI=0x000000e0ae9ff000
R8 =0x000000e0ae9fee30, R9 =0x000000e0ae9ff210, R10=0x000000e0ae9ff000, R11=0x0000000000000000
R12=0x00007ffe4625a420, R13=0x0000000000000000, R14=0x0000000000000000, R15=0x00000000000001c1
RIP=0x00007ffe45df3c53, EFLAGS=0x0000000000010206


Register to memory mapping:

RIP=0x00007ffe45df3c53 ig9icd64.dll
RAX=0x000000000fff0fff is an unknown value
RBX=0x00007ffe45430000 ig9icd64.dll
RCX=0x000000033fcf3fcc is an unknown value
RDX=0x000000e0ae9ff210 is pointing into the stack for thread: 0x000002d6845cd040
RSP=0x000000e0ae9fecf8 is pointing into the stack for thread: 0x000002d6845cd040
RBP=0x000000e0ae9fee00 is pointing into the stack for thread: 0x000002d6845cd040
RSI=0x000002d68e93bb80 points into unknown readable memory: 0x000002d684637980 | 80 79 63 84 d6 02 00 00
RDI=0x000000e0ae9ff000 is pointing into the stack for thread: 0x000002d6845cd040
R8 =0x000000e0ae9fee30 is pointing into the stack for thread: 0x000002d6845cd040
R9 =0x000000e0ae9ff210 is pointing into the stack for thread: 0x000002d6845cd040
R10=0x000000e0ae9ff000 is pointing into the stack for thread: 0x000002d6845cd040
R11=0x0 is NULL
R12=0x00007ffe4625a420 ig9icd64.dll
R13=0x0 is NULL
R14=0x0 is NULL
R15=0x00000000000001c1 is an unknown value


Top of Stack: (sp=0x000000e0ae9fecf8)
0x000000e0ae9fecf8:   00007ffe45df138b 0000000000000001
0x000000e0ae9fed08:   0000000000000000 000002d68f828c00
0x000000e0ae9fed18:   00007ffec7a82572 000000e000000065
0x000000e0ae9fed28:   000000e0ae9fef30 0000000000000000
0x000000e0ae9fed38:   000002d69202c9c0 0000000000000000
0x000000e0ae9fed48:   000002d68eca61b0 000002d68f828c60
0x000000e0ae9fed58:   0000000000000fb0 0000000000000000
0x000000e0ae9fed68:   0000000000000000 000000e0ae9feee0
0x000000e0ae9fed78:   00007ffe45a89070 0000000000000000
0x000000e0ae9fed88:   0000000000000000 0000000000000000
0x000000e0ae9fed98:   0000000000000000 000091b6860fd932
0x000000e0ae9feda8:   00007ffe454464e5 000002d68f828c60
0x000000e0ae9fedb8:   0000000000004001 0000000000000200
0x000000e0ae9fedc8:   00007ffed6ebb86b 0000000000300008
0x000000e0ae9fedd8:   0000000000000051 000002d68f114230
0x000000e0ae9fede8:   0000000000000000 0000000000000000
0x000000e0ae9fedf8:   00007ffe45df1c62 0000000000000000
0x000000e0ae9fee08:   000002d6dee38e80 000000e0ae9ff100
0x000000e0ae9fee18:   000002d6dee30000 000002d6dee302b4
0x000000e0ae9fee28:   000002d69202c9c0 00007ffe460ff020
0x000000e0ae9fee38:   0000000e00000000 0000001a00000018
0x000000e0ae9fee48:   00000fff00000000 437f0000437f0000
0x000000e0ae9fee58:   437f0000437f0000 0000ff0000ff0000
0x000000e0ae9fee68:   ff000000000000ff 0000000800000010
0x000000e0ae9fee78:   0000001800000000 0000000000000000
0x000000e0ae9fee88:   0000000000000000 0000000000000000
0x000000e0ae9fee98:   0000000000000000 0000000000000000
0x000000e0ae9feea8:   0000000000000000 0000000000000000
0x000000e0ae9feeb8:   0000000000000000 0000000000000000
0x000000e0ae9feec8:   0000000000000000 0000000000000000
0x000000e0ae9feed8:   0000000000000000 0000000000000000
0x000000e0ae9feee8:   0000000000000000 0000000000000000 

Instructions: (pc=0x00007ffe45df3c53)
0x00007ffe45df3b53:   a1 b6 30 00 48 89 51 08 48 89 01 8b 44 24 28 89
0x00007ffe45df3b63:   41 20 8b 44 24 30 89 41 24 48 8b c1 4c 89 41 10
0x00007ffe45df3b73:   4c 89 49 18 c3 cc cc cc cc cc cc cc cc 48 89 5c
0x00007ffe45df3b83:   24 08 8b 41 5c 48 8d 1d 71 c4 63 ff 41 89 40 08
0x00007ffe45df3b93:   4c 8b d1 8b 41 60 45 33 db 41 89 40 0c 4c 8b ca
0x00007ffe45df3ba3:   8b 41 64 41 89 40 10 8b 41 68 41 89 40 14 8b 41
0x00007ffe45df3bb3:   6c 41 89 40 18 8b 41 70 41 89 40 1c 48 63 41 74
0x00007ffe45df3bc3:   48 6b c8 34 8b 84 19 84 5f ee 00 41 89 40 20 8b
0x00007ffe45df3bd3:   84 19 88 5f ee 00 41 89 40 24 8b 84 19 8c 5f ee
0x00007ffe45df3be3:   00 41 89 40 28 8b 84 19 90 5f ee 00 41 89 40 2c
0x00007ffe45df3bf3:   8b 84 19 74 5f ee 00 41 89 40 30 8b 84 19 78 5f
0x00007ffe45df3c03:   ee 00 41 89 40 34 8b 84 19 7c 5f ee 00 41 89 40
0x00007ffe45df3c13:   38 8b 84 19 80 5f ee 00 41 89 40 3c 8b 84 19 64
0x00007ffe45df3c23:   5f ee 00 41 89 40 40 8b 84 19 68 5f ee 00 41 89
0x00007ffe45df3c33:   40 44 8b 84 19 6c 5f ee 00 41 89 40 48 8b 84 19
0x00007ffe45df3c43:   70 5f ee 00 41 89 40 4c 49 63 42 78 48 6b c8 34
0x00007ffe45df3c53:   8b 84 19 84 5f ee 00 41 89 40 50 8b 84 19 88 5f
0x00007ffe45df3c63:   ee 00 41 89 40 54 8b 84 19 8c 5f ee 00 41 89 40
0x00007ffe45df3c73:   58 8b 84 19 90 5f ee 00 41 89 40 5c 8b 84 19 74
0x00007ffe45df3c83:   5f ee 00 41 89 40 60 8b 84 19 78 5f ee 00 41 89
0x00007ffe45df3c93:   40 64 8b 84 19 7c 5f ee 00 41 89 40 68 8b 84 19
0x00007ffe45df3ca3:   80 5f ee 00 41 89 40 6c 8b 84 19 64 5f ee 00 41
0x00007ffe45df3cb3:   89 40 70 8b 84 19 68 5f ee 00 41 89 40 74 8b 84
0x00007ffe45df3cc3:   19 6c 5f ee 00 41 89 40 78 8b 84 19 70 5f ee 00
0x00007ffe45df3cd3:   41 89 40 7c 48 8b 42 18 8b 88 38 0b 00 00 f6 c1
0x00007ffe45df3ce3:   08 0f 84 86 00 00 00 8b 80 3c 0b 00 00 41 89 80
0x00007ffe45df3cf3:   80 00 00 00 48 8b 42 18 8b 88 40 0b 00 00 41 89
0x00007ffe45df3d03:   88 84 00 00 00 48 8b 42 18 8b 88 44 0b 00 00 41
0x00007ffe45df3d13:   89 88 88 00 00 00 48 8b 42 18 8b 88 48 0b 00 00
0x00007ffe45df3d23:   41 89 88 8c 00 00 00 48 8b 42 18 8b 88 4c 0b 00
0x00007ffe45df3d33:   00 41 89 88 90 00 00 00 48 8b 42 18 8b 88 50 0b
0x00007ffe45df3d43:   00 00 41 89 88 94 00 00 00 48 8b 42 18 8b 88 54 


Stack slot to memory mapping:
stack at sp + 0 slots: 0x00007ffe45df138b ig9icd64.dll
stack at sp + 1 slots: 0x0000000000000001 is an unknown value
stack at sp + 2 slots: 0x0 is NULL
stack at sp + 3 slots: 0x000002d68f828c00 points into unknown readable memory: 0x00000000ffffffff | ff ff ff ff 00 00 00 00
stack at sp + 4 slots: 0x00007ffec7a82572 igdgmm64.dll
stack at sp + 5 slots: 0x000000e000000065 is an unknown value
stack at sp + 6 slots: 0x000000e0ae9fef30 is pointing into the stack for thread: 0x000002d6845cd040
stack at sp + 7 slots: 0x0 is NULL


---------------  P R O C E S S  ---------------

Threads class SMR info:
_java_thread_list=0x000002d68efb7cc0, length=44, elements={
0x000006fcffa1f3b0, 0x000006fcffa209d0, 0x000006fcffa6b2d0, 0x000006fcffa7c7c0,
0x000006fcffa7f190, 0x000006fcffa802f0, 0x000006fcffa80fe0, 0x000006fcffa83aa0,
0x000006fcffa84c40, 0x000006dcfc1f9cf0, 0x000002d6843848d0, 0x000002d684384db0,
0x000002d6845cd040, 0x000002d68ec91160, 0x000002d68ed69ae0, 0x000002d68f048cc0,
0x000002d68f220060, 0x000002d68f1ea3f0, 0x000002d68f1ec250, 0x000002d68f1e9ee0,
0x000002d68f1eb320, 0x000002d68f1ea900, 0x000002d68f1eb830, 0x000002d68f1ebd40,
0x000002d68f1eae10, 0x000002d68f1ec760, 0x000002d68f1e99d0, 0x000002d68f1e94c0,
0x000002d68f1ecc70, 0x000002d68f27ed80, 0x000002d68f27f290, 0x000002d68f280be0,
0x000002d68f2806d0, 0x000002d68f281600, 0x000002d68f27f7a0, 0x000002d68f27de50,
0x000002d68f27fcb0, 0x000002d68f27e360, 0x000002d68f27e870, 0x000002d68f2801c0,
0x000002d68f117800, 0x000002d68f119660, 0x000002d68f118730, 0x000002d68f11a590
}

Java Threads: ( => current thread )
  0x000006fcffa1f3b0 JavaThread "Reference Handler" daemon [_thread_blocked, id=38232, stack(0x000000e0adc00000,0x000000e0add00000)]
  0x000006fcffa209d0 JavaThread "Finalizer" daemon [_thread_blocked, id=26080, stack(0x000000e0add00000,0x000000e0ade00000)]
  0x000006fcffa6b2d0 JavaThread "Signal Dispatcher" daemon [_thread_blocked, id=10964, stack(0x000000e0ade00000,0x000000e0adf00000)]
  0x000006fcffa7c7c0 JavaThread "Attach Listener" daemon [_thread_blocked, id=36644, stack(0x000000e0adf00000,0x000000e0ae000000)]
  0x000006fcffa7f190 JavaThread "Service Thread" daemon [_thread_blocked, id=13120, stack(0x000000e0ae000000,0x000000e0ae100000)]
  0x000006fcffa802f0 JavaThread "Monitor Deflation Thread" daemon [_thread_blocked, id=38776, stack(0x000000e0ae100000,0x000000e0ae200000)]
  0x000006fcffa80fe0 JavaThread "C2 CompilerThread0" daemon [_thread_blocked, id=27684, stack(0x000000e0ae200000,0x000000e0ae300000)]
  0x000006fcffa83aa0 JavaThread "C1 CompilerThread0" daemon [_thread_blocked, id=40600, stack(0x000000e0ae300000,0x000000e0ae400000)]
  0x000006fcffa84c40 JavaThread "Sweeper thread" daemon [_thread_blocked, id=29928, stack(0x000000e0ae400000,0x000000e0ae500000)]
  0x000006dcfc1f9cf0 JavaThread "Common-Cleaner" daemon [_thread_blocked, id=36408, stack(0x000000e0ae500000,0x000000e0ae600000)]
  0x000002d6843848d0 JavaThread "Monitor Ctrl-Break" daemon [_thread_in_native, id=33748, stack(0x000000e0ae600000,0x000000e0ae700000)]
  0x000002d684384db0 JavaThread "Notification Thread" daemon [_thread_blocked, id=2744, stack(0x000000e0ae700000,0x000000e0ae800000)]
=>0x000002d6845cd040 JavaThread "Java2D Queue Flusher" daemon [_thread_in_native, id=31952, stack(0x000000e0ae900000,0x000000e0aea00000)]
  0x000002d68ec91160 JavaThread "Java2D Disposer" daemon [_thread_blocked, id=20164, stack(0x000000e0aee00000,0x000000e0aef00000)]
  0x000002d68ed69ae0 JavaThread "AWT-Windows" daemon [_thread_in_native, id=4224, stack(0x000000e0af100000,0x000000e0af200000)]
  0x000002d68f048cc0 JavaThread "Java Sound Event Dispatcher" daemon [_thread_blocked, id=1032, stack(0x000000e0afd00000,0x000000e0afe00000)]
  0x000002d68f220060 JavaThread "Direct Clip" daemon [_thread_blocked, id=30512, stack(0x000000e0b0000000,0x000000e0b0100000)]
  0x000002d68f1ea3f0 JavaThread "Direct Clip" daemon [_thread_blocked, id=15840, stack(0x000000e0b0100000,0x000000e0b0200000)]
  0x000002d68f1ec250 JavaThread "Direct Clip" daemon [_thread_blocked, id=35396, stack(0x000000e0b0200000,0x000000e0b0300000)]
  0x000002d68f1e9ee0 JavaThread "Direct Clip" daemon [_thread_blocked, id=17180, stack(0x000000e0aef00000,0x000000e0af000000)]
  0x000002d68f1eb320 JavaThread "Direct Clip" daemon [_thread_blocked, id=37828, stack(0x000000e0b0300000,0x000000e0b0400000)]
  0x000002d68f1ea900 JavaThread "Direct Clip" daemon [_thread_blocked, id=22312, stack(0x000000e0b0400000,0x000000e0b0500000)]
  0x000002d68f1eb830 JavaThread "Direct Clip" daemon [_thread_blocked, id=11208, stack(0x000000e0b0500000,0x000000e0b0600000)]
  0x000002d68f1ebd40 JavaThread "Direct Clip" daemon [_thread_blocked, id=38496, stack(0x000000e0b0600000,0x000000e0b0700000)]
  0x000002d68f1eae10 JavaThread "Direct Clip" daemon [_thread_blocked, id=39884, stack(0x000000e0b0700000,0x000000e0b0800000)]
  0x000002d68f1ec760 JavaThread "Direct Clip" daemon [_thread_blocked, id=7744, stack(0x000000e0b0800000,0x000000e0b0900000)]
  0x000002d68f1e99d0 JavaThread "Direct Clip" daemon [_thread_blocked, id=36760, stack(0x000000e0b0900000,0x000000e0b0a00000)]
  0x000002d68f1e94c0 JavaThread "Direct Clip" daemon [_thread_blocked, id=39572, stack(0x000000e0b0a00000,0x000000e0b0b00000)]
  0x000002d68f1ecc70 JavaThread "Direct Clip" daemon [_thread_blocked, id=8588, stack(0x000000e0b0b00000,0x000000e0b0c00000)]
  0x000002d68f27ed80 JavaThread "Direct Clip" daemon [_thread_blocked, id=28616, stack(0x000000e0af000000,0x000000e0af100000)]
  0x000002d68f27f290 JavaThread "Direct Clip" daemon [_thread_blocked, id=36524, stack(0x000000e0b0c00000,0x000000e0b0d00000)]
  0x000002d68f280be0 JavaThread "Direct Clip" daemon [_thread_blocked, id=33824, stack(0x000000e0b0d00000,0x000000e0b0e00000)]
  0x000002d68f2806d0 JavaThread "Direct Clip" daemon [_thread_blocked, id=26372, stack(0x000000e0b0e00000,0x000000e0b0f00000)]
  0x000002d68f281600 JavaThread "Direct Clip" daemon [_thread_blocked, id=32960, stack(0x000000e0b0f00000,0x000000e0b1000000)]
  0x000002d68f27f7a0 JavaThread "Direct Clip" daemon [_thread_blocked, id=34588, stack(0x000000e0b1000000,0x000000e0b1100000)]
  0x000002d68f27de50 JavaThread "Direct Clip" daemon [_thread_blocked, id=26768, stack(0x000000e0b1100000,0x000000e0b1200000)]
  0x000002d68f27fcb0 JavaThread "Direct Clip" daemon [_thread_blocked, id=35508, stack(0x000000e0b1200000,0x000000e0b1300000)]
  0x000002d68f27e360 JavaThread "AWT-Shutdown" [_thread_blocked, id=40816, stack(0x000000e0b1700000,0x000000e0b1800000)]
  0x000002d68f27e870 JavaThread "AWT-EventQueue-0" [_thread_blocked, id=20744, stack(0x000000e0b1800000,0x000000e0b1900000)]
  0x000002d68f2801c0 JavaThread "DestroyJavaVM" [_thread_blocked, id=31252, stack(0x000000e0ad500000,0x000000e0ad600000)]
  0x000002d68f117800 JavaThread "TimerQueue" daemon [_thread_blocked, id=14848, stack(0x000000e0b1c00000,0x000000e0b1d00000)]
  0x000002d68f119660 JavaThread "Thread-0" [_thread_blocked, id=29788, stack(0x000000e0b1f00000,0x000000e0b2000000)]
  0x000002d68f118730 JavaThread "Forest" [_thread_in_vm, id=40076, stack(0x000000e0b2000000,0x000000e0b2100000)]
  0x000002d68f11a590 JavaThread "ToolkitShutdown" daemon [_thread_in_native, id=1804, stack(0x000000e0b2400000,0x000000e0b2500000)]

Other Threads:
  0x000006fcffa19ee0 VMThread "VM Thread" [stack: 0x000000e0adb00000,0x000000e0adc00000] [id=33268]
  0x000002d6843bb280 WatcherThread [stack: 0x000000e0ae800000,0x000000e0ae900000] [id=15624]
  0x000002d6df03a0b0 GCTaskThread "GC Thread#0" [stack: 0x000000e0ad600000,0x000000e0ad700000] [id=37496]
  0x000002d68efeb860 GCTaskThread "GC Thread#1" [stack: 0x000000e0af200000,0x000000e0af300000] [id=35036]
  0x000002d68efebb20 GCTaskThread "GC Thread#2" [stack: 0x000000e0af300000,0x000000e0af400000] [id=35420]
  0x000002d68efec1f0 GCTaskThread "GC Thread#3" [stack: 0x000000e0af400000,0x000000e0af500000] [id=32640]
  0x000002d68eaa87e0 GCTaskThread "GC Thread#4" [stack: 0x000000e0af500000,0x000000e0af600000] [id=32924]
  0x000002d68eaa9330 GCTaskThread "GC Thread#5" [stack: 0x000000e0af600000,0x000000e0af700000] [id=6852]
  0x000002d68efe50c0 GCTaskThread "GC Thread#6" [stack: 0x000000e0af700000,0x000000e0af800000] [id=5728]
  0x000002d68f05e060 GCTaskThread "GC Thread#7" [stack: 0x000000e0af800000,0x000000e0af900000] [id=9388]
  0x000002d68ee8a3e0 GCTaskThread "GC Thread#8" [stack: 0x000000e0af900000,0x000000e0afa00000] [id=27044]
  0x000002d68ee8aab0 GCTaskThread "GC Thread#9" [stack: 0x000000e0afa00000,0x000000e0afb00000] [id=35672]
  0x000002d6df03c780 ConcurrentGCThread "G1 Main Marker" [stack: 0x000000e0ad700000,0x000000e0ad800000] [id=12396]
  0x000002d6df03e1b0 ConcurrentGCThread "G1 Conc#0" [stack: 0x000000e0ad800000,0x000000e0ad900000] [id=18324]
  0x000002d68f4386d0 ConcurrentGCThread "G1 Conc#1" [stack: 0x000000e0b1d00000,0x000000e0b1e00000] [id=37636]
  0x000002d68f13aa40 ConcurrentGCThread "G1 Conc#2" [stack: 0x000000e0b1e00000,0x000000e0b1f00000] [id=27964]
  0x000006dcfc1c9790 ConcurrentGCThread "G1 Refine#0" [stack: 0x000000e0ad900000,0x000000e0ada00000] [id=32128]
  0x000002d68f1c4cb0 ConcurrentGCThread "G1 Refine#1" [stack: 0x000000e0b1300000,0x000000e0b1400000] [id=21748]
  0x000002d68f1e8d10 ConcurrentGCThread "G1 Refine#2" [stack: 0x000000e0b1400000,0x000000e0b1500000] [id=31100]
  0x000002d68f2bac00 ConcurrentGCThread "G1 Refine#3" [stack: 0x000000e0b1500000,0x000000e0b1600000] [id=21052]
  0x000002d68f2bc430 ConcurrentGCThread "G1 Refine#4" [stack: 0x000000e0b1600000,0x000000e0b1700000] [id=4024]
  0x000006dcfc1ca1c0 ConcurrentGCThread "G1 Service" [stack: 0x000000e0ada00000,0x000000e0adb00000] [id=39248]

Threads with active compile tasks:

VM state: not at safepoint (normal execution)

VM Mutex/Monitor currently owned by a thread: None

CDS archive(s) not mapped
Compressed class space mapped at: 0x0000000080000000-0x00000000c0000000, reserved size: 1073741824
Narrow klass base: 0x0000000000000000, Narrow klass shift: 0, Narrow klass range: 0xc0000000

GC Precious Log:
 CPUs: 12 total, 12 available
 Memory: 16254M
 Large Page Support: Disabled
 NUMA Support: Disabled
 Compressed Oops: Disabled
 Heap Region Size: 32M
 Heap Min Capacity: 32M
 Heap Initial Capacity: 256M
 Heap Max Capacity: 4096G
 Pre-touch: Disabled
 Parallel Workers: 10
 Concurrent Workers: 3
 Concurrent Refinement Workers: 10
 Periodic GC: Disabled

Heap:
 garbage-first heap   total 1048576K, used 264692K [0x000002d6f4000000, 0x000006d6f4000000)
  region size 32768K, 2 young (65536K), 1 survivors (32768K)
 Metaspace       used 22106K, committed 22400K, reserved 1114112K
  class space    used 2268K, committed 2432K, reserved 1048576K

Heap Regions: E=young(eden), S=young(survivor), O=old, HS=humongous(starts), HC=humongous(continues), CS=collection set, F=free, OA=open archive, CA=closed archive, TAMS=top-at-mark-start (previous, next)
|   0|0x000002d6f4000000, 0x000002d6f6000000, 0x000002d6f6000000|100%| O|  |TAMS 0x000002d6f6000000, 0x000002d6f4000000| Untracked 
|   1|0x000002d6f6000000, 0x000002d6f8000000, 0x000002d6f8000000|100%|HS|  |TAMS 0x000002d6f8000000, 0x000002d6f6000000| Complete 
|   2|0x000002d6f8000000, 0x000002d6fa000000, 0x000002d6fa000000|100%| O|  |TAMS 0x000002d6fa000000, 0x000002d6f8000000| Complete 
|   3|0x000002d6fa000000, 0x000002d6fc000000, 0x000002d6fc000000|100%| O|  |TAMS 0x000002d6fc000000, 0x000002d6fa000000| Complete 
|   4|0x000002d6fc000000, 0x000002d6fe000000, 0x000002d6fe000000|100%| O|  |TAMS 0x000002d6fe000000, 0x000002d6fc000000| Untracked 
|   5|0x000002d6fe000000, 0x000002d700000000, 0x000002d700000000|100%| O|  |TAMS 0x000002d700000000, 0x000002d6fe000000| Untracked 
|   6|0x000002d700000000, 0x000002d702000000, 0x000002d702000000|100%| O|  |TAMS 0x000002d701f13800, 0x000002d700000000| Untracked 
|   7|0x000002d702000000, 0x000002d703d9b200, 0x000002d704000000| 92%| O|  |TAMS 0x000002d702000000, 0x000002d702000000| Untracked 
|   8|0x000002d704000000, 0x000002d704000000, 0x000002d706000000|  0%| F|  |TAMS 0x000002d704000000, 0x000002d704000000| Untracked 
|   9|0x000002d706000000, 0x000002d706000000, 0x000002d708000000|  0%| F|  |TAMS 0x000002d706000000, 0x000002d706000000| Untracked 
|  10|0x000002d708000000, 0x000002d708000000, 0x000002d70a000000|  0%| F|  |TAMS 0x000002d708000000, 0x000002d708000000| Untracked 
|  11|0x000002d70a000000, 0x000002d70a000000, 0x000002d70c000000|  0%| F|  |TAMS 0x000002d70a000000, 0x000002d70a000000| Untracked 
|  12|0x000002d70c000000, 0x000002d70c000000, 0x000002d70e000000|  0%| F|  |TAMS 0x000002d70c000000, 0x000002d70c000000| Untracked 
|  13|0x000002d70e000000, 0x000002d70e000000, 0x000002d710000000|  0%| F|  |TAMS 0x000002d70e000000, 0x000002d70e000000| Untracked 
|  14|0x000002d710000000, 0x000002d7104e1f20, 0x000002d712000000| 15%| S|CS|TAMS 0x000002d710000000, 0x000002d710000000| Complete 
|  15|0x000002d712000000, 0x000002d712000000, 0x000002d714000000|  0%| F|  |TAMS 0x000002d712000000, 0x000002d712000000| Untracked 
|  16|0x000002d714000000, 0x000002d714000000, 0x000002d716000000|  0%| F|  |TAMS 0x000002d714000000, 0x000002d714000000| Untracked 
|  17|0x000002d716000000, 0x000002d716000000, 0x000002d718000000|  0%| F|  |TAMS 0x000002d716000000, 0x000002d716000000| Untracked 
|  18|0x000002d718000000, 0x000002d718000000, 0x000002d71a000000|  0%| F|  |TAMS 0x000002d718000000, 0x000002d718000000| Untracked 
|  19|0x000002d71a000000, 0x000002d71a000000, 0x000002d71c000000|  0%| F|  |TAMS 0x000002d71a000000, 0x000002d71a000000| Untracked 
|  20|0x000002d71c000000, 0x000002d71c000000, 0x000002d71e000000|  0%| F|  |TAMS 0x000002d71c000000, 0x000002d71c000000| Untracked 
|  21|0x000002d71e000000, 0x000002d71e000000, 0x000002d720000000|  0%| F|  |TAMS 0x000002d71e000000, 0x000002d71e000000| Untracked 
|  22|0x000002d720000000, 0x000002d720000000, 0x000002d722000000|  0%| F|  |TAMS 0x000002d720000000, 0x000002d720000000| Untracked 
|  23|0x000002d722000000, 0x000002d722000000, 0x000002d724000000|  0%| F|  |TAMS 0x000002d722000000, 0x000002d722000000| Untracked 
|  24|0x000002d724000000, 0x000002d724000000, 0x000002d726000000|  0%| F|  |TAMS 0x000002d724000000, 0x000002d724000000| Untracked 
|  25|0x000002d726000000, 0x000002d726000000, 0x000002d728000000|  0%| F|  |TAMS 0x000002d726000000, 0x000002d726000000| Untracked 
|  26|0x000002d728000000, 0x000002d728000000, 0x000002d72a000000|  0%| F|  |TAMS 0x000002d728000000, 0x000002d728000000| Untracked 
|  27|0x000002d72a000000, 0x000002d72a000000, 0x000002d72c000000|  0%| F|  |TAMS 0x000002d72a000000, 0x000002d72a000000| Untracked 
|  28|0x000002d72c000000, 0x000002d72c000000, 0x000002d72e000000|  0%| F|  |TAMS 0x000002d72c000000, 0x000002d72c000000| Untracked 
|  29|0x000002d72e000000, 0x000002d72e000000, 0x000002d730000000|  0%| F|  |TAMS 0x000002d72e000000, 0x000002d72e000000| Untracked 
|  30|0x000002d730000000, 0x000002d730000000, 0x000002d732000000|  0%| F|  |TAMS 0x000002d730000000, 0x000002d730000000| Untracked 
|  31|0x000002d732000000, 0x000002d733877a48, 0x000002d734000000| 76%| E|  |TAMS 0x000002d732000000, 0x000002d732000000| Complete 

Card table byte_map: [0x000006d8fc010000,0x000006dafc010000] _byte_map_base: 0x000006d790870000

Marking Bits (Prev, Next): (CMBitMap*) 0x000002d6df03a710, (CMBitMap*) 0x000002d6df03a6d0
 Prev Bits: [0x000006ecfc420000, 0x000006fcfc420000)
 Next Bits: [0x000006dcfc210000, 0x000006ecfc210000)

Polling page: 0x000002d6df040000

Metaspace:

Usage:
  Non-class:     19.37 MB used.
      Class:      2.22 MB used.
       Both:     21.59 MB used.

Virtual space:
  Non-class space:       64.00 MB reserved,      19.50 MB ( 30%) committed,  1 nodes.
      Class space:        1.00 GB reserved,       2.38 MB ( <1%) committed,  1 nodes.
             Both:        1.06 GB reserved,      21.88 MB (  2%) committed. 

Chunk freelists:
   Non-Class:  12.44 MB
       Class:  13.60 MB
        Both:  26.04 MB

MaxMetaspaceSize: unlimited
CompressedClassSpaceSize: 1.00 GB
Initial GC threshold: 21.00 MB
Current GC threshold: 35.75 MB
CDS: off
MetaspaceReclaimPolicy: balanced
 - commit_granule_bytes: 65536.
 - commit_granule_words: 8192.
 - virtual_space_node_default_size: 8388608.
 - enlarge_chunks_in_place: 1.
 - new_chunks_are_fully_committed: 0.
 - uncommit_free_chunks: 1.
 - use_allocation_guard: 0.
 - handle_deallocations: 1.


Internal statistics:

num_allocs_failed_limit: 6.
num_arena_births: 268.
num_arena_deaths: 0.
num_vsnodes_births: 2.
num_vsnodes_deaths: 0.
num_space_committed: 350.
num_space_uncommitted: 0.
num_chunks_returned_to_freelist: 6.
num_chunks_taken_from_freelist: 399.
num_chunk_merges: 0.
num_chunk_splits: 225.
num_chunks_enlarged: 108.
num_inconsistent_stats: 0.

CodeHeap 'non-profiled nmethods': size=120000Kb used=1002Kb max_used=1002Kb free=118997Kb
 bounds [0x000002d6ebdd0000, 0x000002d6ec040000, 0x000002d6f3300000]
CodeHeap 'profiled nmethods': size=120000Kb used=4458Kb max_used=4458Kb free=115542Kb
 bounds [0x000002d6e4300000, 0x000002d6e4760000, 0x000002d6eb830000]
CodeHeap 'non-nmethods': size=5760Kb used=1307Kb max_used=1380Kb free=4452Kb
 bounds [0x000002d6eb830000, 0x000002d6ebaa0000, 0x000002d6ebdd0000]
 total_blobs=3137 nmethods=2491 adapters=559
 compilation: enabled
              stopped_count=0, restarted_count=0
 full_count=0

Compilation events (20 events):
Event: 10.909 Thread 0x000006fcffa83aa0 2483       1       sun.java2d.opengl.WGLSurfaceData::getDeviceConfiguration (5 bytes)
Event: 10.909 Thread 0x000006fcffa83aa0 nmethod 2483 0x000002d6ebec9190 code [0x000002d6ebec9320, 0x000002d6ebec93f8]
Event: 11.028 Thread 0x000006fcffa83aa0 2484       3       sun.java2d.pipe.Region::clipRound (34 bytes)
Event: 11.028 Thread 0x000006fcffa83aa0 nmethod 2484 0x000002d6e4757f90 code [0x000002d6e4758180, 0x000002d6e4758428]
Event: 11.028 Thread 0x000006fcffa83aa0 2485       1       java.awt.Font::getSize2D (5 bytes)
Event: 11.028 Thread 0x000006fcffa83aa0 nmethod 2485 0x000002d6ebec9490 code [0x000002d6ebec9620, 0x000002d6ebec96f8]
Event: 11.028 Thread 0x000006fcffa83aa0 2486       1       java.awt.Font::isTransformed (5 bytes)
Event: 11.028 Thread 0x000006fcffa83aa0 nmethod 2486 0x000002d6ebec9790 code [0x000002d6ebec9920, 0x000002d6ebec99f8]
Event: 11.028 Thread 0x000006fcffa83aa0 2487       1       java.awt.Font::getStyle (5 bytes)
Event: 11.028 Thread 0x000006fcffa83aa0 nmethod 2487 0x000002d6ebec9a90 code [0x000002d6ebec9c20, 0x000002d6ebec9cf8]
Event: 11.129 Thread 0x000006fcffa83aa0 2488       3       sun.java2d.pipe.BufferedContext::setComposite (124 bytes)
Event: 11.130 Thread 0x000006fcffa83aa0 nmethod 2488 0x000002d6e4758510 code [0x000002d6e4758860, 0x000002d6e4759b68]
Event: 11.283 Thread 0x000006fcffa83aa0 2489       1       sun.awt.image.SunVolatileImage::getGraphicsConfig (5 bytes)
Event: 11.283 Thread 0x000006fcffa83aa0 nmethod 2489 0x000002d6ebec9d90 code [0x000002d6ebec9f20, 0x000002d6ebec9ff8]
Event: 11.488 Thread 0x000006fcffa80fe0 2490       4       sun.java2d.SunGraphics2D::invalidatePipe (41 bytes)
Event: 11.491 Thread 0x000006fcffa80fe0 nmethod 2490 0x000002d6ebeca090 code [0x000002d6ebeca200, 0x000002d6ebeca798]
Event: 11.556 Thread 0x000006fcffa83aa0 2491       1       sun.java2d.opengl.WGLVolatileSurfaceManager::isAccelerationEnabled (5 bytes)
Event: 11.556 Thread 0x000006fcffa83aa0 nmethod 2491 0x000002d6ebeca810 code [0x000002d6ebeca9a0, 0x000002d6ebecaa78]
Event: 11.589 Thread 0x000006fcffa83aa0 2492       3       sun.java2d.pipe.Region::getInstanceXYXY (12 bytes)
Event: 11.590 Thread 0x000006fcffa83aa0 nmethod 2492 0x000002d6e475a310 code [0x000002d6e475a4c0, 0x000002d6e475a6d8]

GC Heap History (20 events):
Event: 1.029 GC heap before
{Heap before GC invocations=0 (full 0):
 garbage-first heap   total 262144K, used 0K [0x000002d6f4000000, 0x000006d6f4000000)
  region size 32768K, 1 young (32768K), 0 survivors (0K)
 Metaspace       used 15920K, committed 16192K, reserved 1114112K
  class space    used 1495K, committed 1600K, reserved 1048576K
}
Event: 1.047 GC heap after
{Heap after GC invocations=1 (full 0):
 garbage-first heap   total 262144K, used 6058K [0x000002d6f4000000, 0x000006d6f4000000)
  region size 32768K, 1 young (32768K), 1 survivors (32768K)
 Metaspace       used 15920K, committed 16192K, reserved 1114112K
  class space    used 1495K, committed 1600K, reserved 1048576K
}
Event: 1.226 GC heap before
{Heap before GC invocations=1 (full 0):
 garbage-first heap   total 262144K, used 38826K [0x000002d6f4000000, 0x000006d6f4000000)
  region size 32768K, 2 young (65536K), 1 survivors (32768K)
 Metaspace       used 16581K, committed 16832K, reserved 1114112K
  class space    used 1556K, committed 1664K, reserved 1048576K
}
Event: 1.235 GC heap after
{Heap after GC invocations=2 (full 0):
 garbage-first heap   total 262144K, used 15454K [0x000002d6f4000000, 0x000006d6f4000000)
  region size 32768K, 1 young (32768K), 1 survivors (32768K)
 Metaspace       used 16581K, committed 16832K, reserved 1114112K
  class space    used 1556K, committed 1664K, reserved 1048576K
}
Event: 1.575 GC heap before
{Heap before GC invocations=2 (full 0):
 garbage-first heap   total 262144K, used 48222K [0x000002d6f4000000, 0x000006d6f4000000)
  region size 32768K, 2 young (65536K), 1 survivors (32768K)
 Metaspace       used 16590K, committed 16832K, reserved 1114112K
  class space    used 1556K, committed 1664K, reserved 1048576K
}
Event: 1.588 GC heap after
{Heap after GC invocations=3 (full 0):
 garbage-first heap   total 262144K, used 31261K [0x000002d6f4000000, 0x000006d6f4000000)
  region size 32768K, 1 young (32768K), 1 survivors (32768K)
 Metaspace       used 16590K, committed 16832K, reserved 1114112K
  class space    used 1556K, committed 1664K, reserved 1048576K
}
Event: 1.617 GC heap before
{Heap before GC invocations=3 (full 0):
 garbage-first heap   total 262144K, used 31261K [0x000002d6f4000000, 0x000006d6f4000000)
  region size 32768K, 2 young (65536K), 1 survivors (32768K)
 Metaspace       used 16590K, committed 16832K, reserved 1114112K
  class space    used 1556K, committed 1664K, reserved 1048576K
}
Event: 1.630 GC heap after
{Heap after GC invocations=4 (full 0):
 garbage-first heap   total 262144K, used 47423K [0x000002d6f4000000, 0x000006d6f4000000)
  region size 32768K, 1 young (32768K), 1 survivors (32768K)
 Metaspace       used 16590K, committed 16832K, reserved 1114112K
  class space    used 1556K, committed 1664K, reserved 1048576K
}
Event: 1.793 GC heap before
{Heap before GC invocations=4 (full 0):
 garbage-first heap   total 262144K, used 80191K [0x000002d6f4000000, 0x000006d6f4000000)
  region size 32768K, 2 young (65536K), 1 survivors (32768K)
 Metaspace       used 16941K, committed 17216K, reserved 1114112K
  class space    used 1608K, committed 1728K, reserved 1048576K
}
Event: 1.806 GC heap after
{Heap after GC invocations=5 (full 0):
 garbage-first heap   total 524288K, used 106473K [0x000002d6f4000000, 0x000006d6f4000000)
  region size 32768K, 1 young (32768K), 1 survivors (32768K)
 Metaspace       used 16941K, committed 17216K, reserved 1114112K
  class space    used 1608K, committed 1728K, reserved 1048576K
}
Event: 1.839 GC heap before
{Heap before GC invocations=5 (full 0):
 garbage-first heap   total 524288K, used 106473K [0x000002d6f4000000, 0x000006d6f4000000)
  region size 32768K, 2 young (65536K), 1 survivors (32768K)
 Metaspace       used 16944K, committed 17216K, reserved 1114112K
  class space    used 1608K, committed 1728K, reserved 1048576K
}
Event: 1.853 GC heap after
{Heap after GC invocations=6 (full 0):
 garbage-first heap   total 524288K, used 179610K [0x000002d6f4000000, 0x000006d6f4000000)
  region size 32768K, 1 young (32768K), 1 survivors (32768K)
 Metaspace       used 16944K, committed 17216K, reserved 1114112K
  class space    used 1608K, committed 1728K, reserved 1048576K
}
Event: 2.045 GC heap before
{Heap before GC invocations=6 (full 0):
 garbage-first heap   total 524288K, used 212378K [0x000002d6f4000000, 0x000006d6f4000000)
  region size 32768K, 2 young (65536K), 1 survivors (32768K)
 Metaspace       used 17399K, committed 17600K, reserved 1114112K
  class space    used 1666K, committed 1728K, reserved 1048576K
}
Event: 2.057 GC heap after
{Heap after GC invocations=7 (full 0):
 garbage-first heap   total 524288K, used 191895K [0x000002d6f4000000, 0x000006d6f4000000)
  region size 32768K, 1 young (32768K), 1 survivors (32768K)
 Metaspace       used 17399K, committed 17600K, reserved 1114112K
  class space    used 1666K, committed 1728K, reserved 1048576K
}
Event: 3.541 GC heap before
{Heap before GC invocations=7 (full 0):
 garbage-first heap   total 524288K, used 224663K [0x000002d6f4000000, 0x000006d6f4000000)
  region size 32768K, 2 young (65536K), 1 survivors (32768K)
 Metaspace       used 17431K, committed 17664K, reserved 1114112K
  class space    used 1671K, committed 1728K, reserved 1048576K
}
Event: 3.556 GC heap after
{Heap after GC invocations=8 (full 0):
 garbage-first heap   total 524288K, used 228090K [0x000002d6f4000000, 0x000006d6f4000000)
  region size 32768K, 1 young (32768K), 1 survivors (32768K)
 Metaspace       used 17431K, committed 17664K, reserved 1114112K
  class space    used 1671K, committed 1728K, reserved 1048576K
}
Event: 4.936 GC heap before
{Heap before GC invocations=8 (full 0):
 garbage-first heap   total 524288K, used 260858K [0x000002d6f4000000, 0x000006d6f4000000)
  region size 32768K, 2 young (65536K), 1 survivors (32768K)
 Metaspace       used 19964K, committed 20288K, reserved 1114112K
  class space    used 2041K, committed 2176K, reserved 1048576K
}
Event: 4.953 GC heap after
{Heap after GC invocations=9 (full 0):
 garbage-first heap   total 524288K, used 260269K [0x000002d6f4000000, 0x000006d6f4000000)
  region size 32768K, 1 young (32768K), 1 survivors (32768K)
 Metaspace       used 19964K, committed 20288K, reserved 1114112K
  class space    used 2041K, committed 2176K, reserved 1048576K
}
Event: 6.031 GC heap before
{Heap before GC invocations=9 (full 0):
 garbage-first heap   total 524288K, used 260269K [0x000002d6f4000000, 0x000006d6f4000000)
  region size 32768K, 2 young (65536K), 1 survivors (32768K)
 Metaspace       used 21229K, committed 21504K, reserved 1114112K
  class space    used 2186K, committed 2304K, reserved 1048576K
}
Event: 6.041 GC heap after
{Heap after GC invocations=10 (full 0):
 garbage-first heap   total 1048576K, used 264692K [0x000002d6f4000000, 0x000006d6f4000000)
  region size 32768K, 1 young (32768K), 1 survivors (32768K)
 Metaspace       used 21229K, committed 21504K, reserved 1114112K
  class space    used 2186K, committed 2304K, reserved 1048576K
}

Dll operation events (3 events):
Event: 0.007 Loaded shared library C:\Users\bader\.jdks\jbrsdk_jcef-17.0.9\bin\java.dll
Event: 0.093 Loaded shared library C:\Users\bader\.jdks\jbrsdk_jcef-17.0.9\bin\jsvml.dll
Event: 0.179 Loaded shared library C:\Users\bader\.jdks\jbrsdk_jcef-17.0.9\bin\zip.dll

Deoptimization events (20 events):
Event: 10.037 Thread 0x000002d68f119660 Uncommon trap: trap_request=0xffffffde fr.pc=0x000002d6ebe31ec8 relative=0x0000000000000508
Event: 10.037 Thread 0x000002d68f119660 Uncommon trap: reason=class_check action=maybe_recompile pc=0x000002d6ebe31ec8 method=java.util.HashMap.getNode(Ljava/lang/Object;)Ljava/util/HashMap$Node; @ 128 c2
Event: 10.037 Thread 0x000002d68f119660 DEOPT PACKING pc=0x000002d6ebe31ec8 sp=0x000000e0b1ffe720
Event: 10.037 Thread 0x000002d68f119660 DEOPT UNPACKING pc=0x000002d6eb8869a3 sp=0x000000e0b1ffe6a8 mode 2
Event: 10.056 Thread 0x000002d68f118730 DEOPT PACKING pc=0x000002d6e4722808 sp=0x000000e0b20ff480
Event: 10.056 Thread 0x000002d68f118730 DEOPT UNPACKING pc=0x000002d6eb887143 sp=0x000000e0b20fe9a0 mode 0
Event: 10.105 Thread 0x000002d68f27e870 Uncommon trap: trap_request=0xffffffde fr.pc=0x000002d6ebe966c4 relative=0x0000000000005904
Event: 10.105 Thread 0x000002d68f27e870 Uncommon trap: reason=class_check action=maybe_recompile pc=0x000002d6ebe966c4 method=java.awt.EventQueue.coalesceMouseEvent(Ljava/awt/event/MouseEvent;)Z @ 4 c2
Event: 10.105 Thread 0x000002d68f27e870 DEOPT PACKING pc=0x000002d6ebe966c4 sp=0x000000e0b18fed50
Event: 10.105 Thread 0x000002d68f27e870 DEOPT UNPACKING pc=0x000002d6eb8869a3 sp=0x000000e0b18feb10 mode 2
Event: 10.129 Thread 0x000002d68f119660 DEOPT PACKING pc=0x000002d6e474f6c5 sp=0x000000e0b1fff070
Event: 10.129 Thread 0x000002d68f119660 DEOPT UNPACKING pc=0x000002d6eb887143 sp=0x000000e0b1ffe580 mode 0
Event: 10.165 Thread 0x000002d68f27e870 Uncommon trap: trap_request=0xffffffde fr.pc=0x000002d6ebe966c4 relative=0x0000000000005904
Event: 10.165 Thread 0x000002d68f27e870 Uncommon trap: reason=class_check action=maybe_recompile pc=0x000002d6ebe966c4 method=java.awt.EventQueue.coalesceMouseEvent(Ljava/awt/event/MouseEvent;)Z @ 4 c2
Event: 10.165 Thread 0x000002d68f27e870 DEOPT PACKING pc=0x000002d6ebe966c4 sp=0x000000e0b18fed50
Event: 10.165 Thread 0x000002d68f27e870 DEOPT UNPACKING pc=0x000002d6eb8869a3 sp=0x000000e0b18feb10 mode 2
Event: 10.174 Thread 0x000002d68f27e870 Uncommon trap: trap_request=0xffffffde fr.pc=0x000002d6ebe966c4 relative=0x0000000000005904
Event: 10.174 Thread 0x000002d68f27e870 Uncommon trap: reason=class_check action=maybe_recompile pc=0x000002d6ebe966c4 method=java.awt.EventQueue.coalesceMouseEvent(Ljava/awt/event/MouseEvent;)Z @ 4 c2
Event: 10.174 Thread 0x000002d68f27e870 DEOPT PACKING pc=0x000002d6ebe966c4 sp=0x000000e0b18fed50
Event: 10.174 Thread 0x000002d68f27e870 DEOPT UNPACKING pc=0x000002d6eb8869a3 sp=0x000000e0b18feb10 mode 2

Classes unloaded (0 events):
No events

Classes redefined (0 events):
No events

Internal exceptions (20 events):
Event: 0.960 Thread 0x000002d6def7d480 Exception <a 'java/lang/NoSuchMethodError'{0x000002d703750988}: 'int java.lang.invoke.DirectMethodHandle$Holder.invokeStaticInit(java.lang.Object, int, int)'> (0x000002d703750988) 
thrown [s\src\hotspot\share\interpreter\linkResolver.cpp, line 771]
Event: 0.961 Thread 0x000002d6def7d480 Exception <a 'java/lang/NoSuchMethodError'{0x000002d70375a4b0}: 'int java.lang.invoke.DirectMethodHandle$Holder.invokeStaticInit(java.lang.Object, long, long)'> (0x000002d70375a4b0) 
thrown [s\src\hotspot\share\interpreter\linkResolver.cpp, line 771]
Event: 0.961 Thread 0x000002d6def7d480 Exception <a 'java/lang/NoSuchMethodError'{0x000002d703763198}: 'int java.lang.invoke.DirectMethodHandle$Holder.invokeStaticInit(java.lang.Object, float, float)'> (0x000002d703763198) 
thrown [s\src\hotspot\share\interpreter\linkResolver.cpp, line 771]
Event: 0.962 Thread 0x000002d6def7d480 Exception <a 'java/lang/NoSuchMethodError'{0x000002d70376be88}: 'int java.lang.invoke.DirectMethodHandle$Holder.invokeStaticInit(java.lang.Object, double, double)'> (0x000002d70376be88) 
thrown [s\src\hotspot\share\interpreter\linkResolver.cpp, line 771]
Event: 0.962 Thread 0x000002d6def7d480 Exception <a 'java/lang/NoSuchMethodError'{0x000002d703771958}: 'int java.lang.invoke.DirectMethodHandle$Holder.invokeStatic(java.lang.Object, long)'> (0x000002d703771958) 
thrown [s\src\hotspot\share\interpreter\linkResolver.cpp, line 771]
Event: 0.966 Thread 0x000002d6def7d480 Exception <a 'java/lang/NoSuchMethodError'{0x000002d7037a06e8}: 'int java.lang.invoke.Invokers$Holder.linkToTargetMethod(java.lang.Object, java.lang.Object)'> (0x000002d7037a06e8) 
thrown [s\src\hotspot\share\interpreter\linkResolver.cpp, line 771]
Event: 2.934 Thread 0x000002d6def7d480 Exception <a 'java/lang/NoSuchMethodError'{0x000002d7130900f8}: 'void java.lang.invoke.DirectMethodHandle$Holder.invokeSpecial(java.lang.Object, java.lang.Object, java.lang.Object)'> (0x000002d7130900f8) 
thrown [s\src\hotspot\share\interpreter\linkResolver.cpp, line 771]
Event: 4.833 Thread 0x000002d6def7d480 Exception <a 'java/lang/NoSuchMethodError'{0x000002d713c4aaa8}: 'void java.lang.invoke.DirectMethodHandle$Holder.invokeStaticInit(java.lang.Object)'> (0x000002d713c4aaa8) 
thrown [s\src\hotspot\share\interpreter\linkResolver.cpp, line 771]
Event: 4.862 Thread 0x000002d68f27e870 Exception <a 'java/lang/NoSuchMethodError'{0x000002d713d0f3f0}: 'java.lang.Object java.lang.invoke.DirectMethodHandle$Holder.newInvokeSpecial(java.lang.Object, java.lang.Object, java.lang.Object, java.lang.Object, java.lang.Object)'> (0x000002d713d0f3f0) 
thrown [s\src\hotspot\share\interpreter\linkResolver.cpp, line 771]
Event: 4.863 Thread 0x000002d68f27e870 Exception <a 'java/lang/NoSuchMethodError'{0x000002d713d1dcc0}: 'java.lang.Object java.lang.invoke.DirectMethodHandle$Holder.invokeStatic(java.lang.Object, int, java.lang.Object, java.lang.Object, java.lang.Object, java.lang.Object)'> (0x000002d713d1dcc0) 
thrown [s\src\hotspot\share\interpreter\linkResolver.cpp, line 771]
Event: 4.888 Thread 0x000002d68f27e870 Exception <a 'java/lang/ClassNotFoundException'{0x000002d713ef6960}: com/sun/swing/internal/plaf/metal/resources/spi/metalProvider> (0x000002d713ef6960) 
thrown [s\src\hotspot\share\classfile\systemDictionary.cpp, line 256]
Event: 4.889 Thread 0x000002d68f27e870 Exception <a 'java/lang/ClassNotFoundException'{0x000002d713efc8b8}: com/sun/swing/internal/plaf/basic/resources/spi/basicProvider> (0x000002d713efc8b8) 
thrown [s\src\hotspot\share\classfile\systemDictionary.cpp, line 256]
Event: 4.892 Thread 0x000002d68f27e870 Exception <a 'java/lang/NoSuchMethodError'{0x000002d713f20c70}: 'java.lang.Object java.lang.invoke.Invokers$Holder.linkToTargetMethod(java.lang.Object, int, java.lang.Object, java.lang.Object, java.lang.Object)'> (0x000002d713f20c70) 
thrown [s\src\hotspot\share\interpreter\linkResolver.cpp, line 771]
Event: 4.913 Thread 0x000002d68ed69ae0 Exception <a 'java/lang/NoSuchMethodError'{0x000002d713fd9ca0}: 'void java.lang.invoke.DirectMethodHandle$Holder.invokeVirtual(java.lang.Object, java.lang.Object)'> (0x000002d713fd9ca0) 
thrown [s\src\hotspot\share\interpreter\linkResolver.cpp, line 771]
Event: 4.931 Thread 0x000002d68f27e870 Exception <a 'java/lang/NoSuchMethodError'{0x000002d713fae828}: 'java.lang.Object java.lang.invoke.DirectMethodHandle$Holder.newInvokeSpecial(java.lang.Object, java.lang.Object, int, int, int, int)'> (0x000002d713fae828) 
thrown [s\src\hotspot\share\interpreter\linkResolver.cpp, line 771]
Event: 4.935 Thread 0x000002d68f27e870 Exception <a 'java/lang/NoSuchMethodError'{0x000002d713fc0578}: 'void java.lang.invoke.DirectMethodHandle$Holder.invokeSpecial(java.lang.Object, java.lang.Object, int, int)'> (0x000002d713fc0578) 
thrown [s\src\hotspot\share\interpreter\linkResolver.cpp, line 771]
Event: 4.936 Thread 0x000002d68f27e870 Exception <a 'java/lang/NoSuchMethodError'{0x000002d713fc83e0}: 'java.lang.Object java.lang.invoke.DirectMethodHandle$Holder.newInvokeSpecial(java.lang.Object, java.lang.Object, int, int)'> (0x000002d713fc83e0) 
thrown [s\src\hotspot\share\interpreter\linkResolver.cpp, line 771]
Event: 5.059 Thread 0x000002d68f27e870 Exception <a 'java/lang/NoSuchMethodError'{0x000002d71213d010}: 'java.lang.Object java.lang.invoke.Invokers$Holder.invoke_MT(java.lang.Object, java.lang.Object, java.lang.Object)'> (0x000002d71213d010) 
thrown [s\src\hotspot\share\interpreter\linkResolver.cpp, line 771]
Event: 5.060 Thread 0x000002d68f27e870 Exception <a 'java/lang/NoSuchMethodError'{0x000002d71214b520}: 'int java.lang.invoke.Invokers$Holder.invoke_MT(java.lang.Object, java.lang.Object, java.lang.Object)'> (0x000002d71214b520) 
thrown [s\src\hotspot\share\interpreter\linkResolver.cpp, line 771]
Event: 5.989 Thread 0x000002d68f27e870 Exception <a 'java/lang/NoSuchMethodError'{0x000002d7121b5480}: 'void java.lang.invoke.DirectMethodHandle$Holder.invokeStatic(java.lang.Object, java.lang.Object, java.lang.Object)'> (0x000002d7121b5480) 
thrown [s\src\hotspot\share\interpreter\linkResolver.cpp, line 771]

VM Operations (20 events):
Event: 6.048 Executing VM operation: HandshakeAllThreads
Event: 6.048 Executing VM operation: HandshakeAllThreads done
Event: 6.048 Executing VM operation: HandshakeAllThreads
Event: 6.049 Executing VM operation: HandshakeAllThreads done
Event: 6.063 Executing VM operation: CollectForMetadataAllocation
Event: 6.063 Executing VM operation: CollectForMetadataAllocation done
Event: 6.083 Executing VM operation: G1PauseRemark
Event: 6.085 Executing VM operation: G1PauseRemark done
Event: 6.107 Executing VM operation: G1PauseCleanup
Event: 6.108 Executing VM operation: G1PauseCleanup done
Event: 7.117 Executing VM operation: Cleanup
Event: 7.117 Executing VM operation: Cleanup done
Event: 8.118 Executing VM operation: Cleanup
Event: 8.118 Executing VM operation: Cleanup done
Event: 9.134 Executing VM operation: Cleanup
Event: 9.134 Executing VM operation: Cleanup done
Event: 10.139 Executing VM operation: Cleanup
Event: 10.139 Executing VM operation: Cleanup done
Event: 11.139 Executing VM operation: Cleanup
Event: 11.140 Executing VM operation: Cleanup done

Events (20 events):
Event: 10.021 loading class sun/awt/image/VSyncedBSManager done
Event: 10.031 loading class sun/java2d/pipe/RegionSpanIterator
Event: 10.031 loading class sun/java2d/pipe/RegionSpanIterator done
Event: 10.033 loading class java/awt/LightweightDispatcher$2
Event: 10.033 loading class java/awt/LightweightDispatcher$2 done
Event: 10.382 Thread 0x000002d68efa42c0 Thread added: 0x000002d68efa42c0
Event: 10.518 loading class java/awt/image/BufferedImageOp
Event: 10.518 loading class java/awt/image/BufferedImageOp done
Event: 10.632 Thread 0x000002d68efa42c0 Thread exited: 0x000002d68efa42c0
Event: 11.583 Thread 0x000002d68f114a70 Thread added: 0x000002d68f114a70
Event: 11.583 Thread 0x000002d68f11a590 Thread added: 0x000002d68f11a590
Event: 11.583 Thread 0x000002d68f119b70 Thread added: 0x000002d68f119b70
Event: 11.584 loading class java/util/WeakHashMap$KeyIterator
Event: 11.584 loading class java/util/WeakHashMap$HashIterator
Event: 11.584 loading class sun/font/SunFontManager$8$1
Event: 11.584 loading class java/util/WeakHashMap$HashIterator done
Event: 11.584 loading class java/util/WeakHashMap$KeyIterator done
Event: 11.584 Thread 0x000002d68f114a70 Thread exited: 0x000002d68f114a70
Event: 11.584 loading class sun/font/SunFontManager$8$1 done
Event: 11.589 Thread 0x000002d68f119b70 Thread exited: 0x000002d68f119b70


Dynamic libraries:
0x00007ff7d9cd0000 - 0x00007ff7d9cda000 	C:\Users\bader\.jdks\jbrsdk_jcef-17.0.9\bin\java.exe
0x00007ffed6e90000 - 0x00007ffed7088000 	C:\Windows\SYSTEM32\ntdll.dll
0x00007ffed4f20000 - 0x00007ffed4fe2000 	C:\Windows\System32\KERNEL32.DLL
0x00007ffed4960000 - 0x00007ffed4c5e000 	C:\Windows\System32\KERNELBASE.dll
0x00007ffed4db0000 - 0x00007ffed4eb0000 	C:\Windows\System32\ucrtbase.dll
0x00007ffecbf60000 - 0x00007ffecbf7b000 	C:\Users\bader\.jdks\jbrsdk_jcef-17.0.9\bin\VCRUNTIME140.dll
0x00007ffec3fb0000 - 0x00007ffec3fc7000 	C:\Users\bader\.jdks\jbrsdk_jcef-17.0.9\bin\jli.dll
0x00007ffed6bd0000 - 0x00007ffed6d6d000 	C:\Windows\System32\USER32.dll
0x00007ffeba210000 - 0x00007ffeba4aa000 	C:\Windows\WinSxS\amd64_microsoft.windows.common-controls_6595b64144ccf1df_6.0.19041.4355_none_60b8b9eb71f62e16\COMCTL32.dll
0x00007ffed4650000 - 0x00007ffed4672000 	C:\Windows\System32\win32u.dll
0x00007ffed67d0000 - 0x00007ffed686e000 	C:\Windows\System32\msvcrt.dll
0x00007ffed61a0000 - 0x00007ffed61cb000 	C:\Windows\System32\GDI32.dll
0x00007ffed4530000 - 0x00007ffed4647000 	C:\Windows\System32\gdi32full.dll
0x00007ffed4d10000 - 0x00007ffed4dad000 	C:\Windows\System32\msvcp_win.dll
0x00007ffed6100000 - 0x00007ffed612f000 	C:\Windows\System32\IMM32.DLL
0x00007ffece2f0000 - 0x00007ffece2fc000 	C:\Users\bader\.jdks\jbrsdk_jcef-17.0.9\bin\vcruntime140_1.dll
0x00007ffeb84c0000 - 0x00007ffeb854d000 	C:\Users\bader\.jdks\jbrsdk_jcef-17.0.9\bin\msvcp140.dll
0x00007ffe5ab10000 - 0x00007ffe5b792000 	C:\Users\bader\.jdks\jbrsdk_jcef-17.0.9\bin\server\jvm.dll
0x00007ffed6d90000 - 0x00007ffed6e41000 	C:\Windows\System32\ADVAPI32.dll
0x00007ffed5e40000 - 0x00007ffed5edf000 	C:\Windows\System32\sechost.dll
0x00007ffed62a0000 - 0x00007ffed63c3000 	C:\Windows\System32\RPCRT4.dll
0x00007ffed4760000 - 0x00007ffed4787000 	C:\Windows\System32\bcrypt.dll
0x00007ffebb4b0000 - 0x00007ffebb4b9000 	C:\Windows\SYSTEM32\WSOCK32.dll
0x00007ffed3a60000 - 0x00007ffed3aab000 	C:\Windows\SYSTEM32\POWRPROF.dll
0x00007ffeb9a40000 - 0x00007ffeb9a67000 	C:\Windows\SYSTEM32\WINMM.dll
0x00007ffed6090000 - 0x00007ffed60fb000 	C:\Windows\System32\WS2_32.dll
0x00007ffecd650000 - 0x00007ffecd65a000 	C:\Windows\SYSTEM32\VERSION.dll
0x00007ffed3930000 - 0x00007ffed3942000 	C:\Windows\SYSTEM32\UMPDC.dll
0x00007ffed23b0000 - 0x00007ffed23c2000 	C:\Windows\SYSTEM32\kernel.appcore.dll
0x00007ffece280000 - 0x00007ffece28a000 	C:\Users\bader\.jdks\jbrsdk_jcef-17.0.9\bin\jimage.dll
0x00007ffed1cc0000 - 0x00007ffed1ea4000 	C:\Windows\SYSTEM32\DBGHELP.DLL
0x00007ffec4470000 - 0x00007ffec44a4000 	C:\Windows\SYSTEM32\dbgcore.DLL
0x00007ffed46d0000 - 0x00007ffed4752000 	C:\Windows\System32\bcryptPrimitives.dll
0x00007ffecf3b0000 - 0x00007ffecf3be000 	C:\Users\bader\.jdks\jbrsdk_jcef-17.0.9\bin\instrument.dll
0x00007ffec3ee0000 - 0x00007ffec3f05000 	C:\Users\bader\.jdks\jbrsdk_jcef-17.0.9\bin\java.dll
0x00007ffec3f90000 - 0x00007ffec3fa8000 	C:\Users\bader\.jdks\jbrsdk_jcef-17.0.9\bin\zip.dll
0x00007ffeb72b0000 - 0x00007ffeb7387000 	C:\Users\bader\.jdks\jbrsdk_jcef-17.0.9\bin\jsvml.dll
0x00007ffed4ff0000 - 0x00007ffed575d000 	C:\Windows\System32\SHELL32.dll
0x00007ffed25b0000 - 0x00007ffed2d54000 	C:\Windows\SYSTEM32\windows.storage.dll
0x00007ffed6870000 - 0x00007ffed6bc3000 	C:\Windows\System32\combase.dll
0x00007ffed3f60000 - 0x00007ffed3f8e000 	C:\Windows\SYSTEM32\Wldp.dll
0x00007ffed61d0000 - 0x00007ffed629d000 	C:\Windows\System32\OLEAUT32.dll
0x00007ffed65c0000 - 0x00007ffed666d000 	C:\Windows\System32\SHCORE.dll
0x00007ffed6560000 - 0x00007ffed65b5000 	C:\Windows\System32\shlwapi.dll
0x00007ffed4460000 - 0x00007ffed4484000 	C:\Windows\SYSTEM32\profapi.dll
0x00007ffec2270000 - 0x00007ffec2289000 	C:\Users\bader\.jdks\jbrsdk_jcef-17.0.9\bin\net.dll
0x00007ffeccc80000 - 0x00007ffeccd8d000 	C:\Windows\SYSTEM32\WINHTTP.dll
0x00007ffed3cc0000 - 0x00007ffed3d2a000 	C:\Windows\system32\mswsock.dll
0x00007ffec1790000 - 0x00007ffec17a6000 	C:\Users\bader\.jdks\jbrsdk_jcef-17.0.9\bin\nio.dll
0x00007ffeb9370000 - 0x00007ffeb938a000 	C:\Program Files\JetBrains\IntelliJ IDEA Community Edition 2023.3.6\bin\breakgen64.dll
0x00007ffe7f0e0000 - 0x00007ffe7f27a000 	C:\Users\bader\.jdks\jbrsdk_jcef-17.0.9\bin\awt.dll
0x00007ffed20b0000 - 0x00007ffed20df000 	C:\Windows\SYSTEM32\dwmapi.dll
0x00007ffeac7c0000 - 0x00007ffeac804000 	C:\Users\bader\.jdks\jbrsdk_jcef-17.0.9\bin\nvdaControllerClient64.dll
0x00007ffecf1c0000 - 0x00007ffecf254000 	C:\Windows\SYSTEM32\apphelp.dll
0x00007ffeb81e0000 - 0x00007ffeb8308000 	C:\Windows\system32\opengl32.dll
0x00007ffeb7c60000 - 0x00007ffeb7c8c000 	C:\Windows\SYSTEM32\GLU32.dll
0x00007ffed1090000 - 0x00007ffed112e000 	C:\Windows\system32\uxtheme.dll
0x00007ffed5bd0000 - 0x00007ffed5ce5000 	C:\Windows\System32\MSCTF.dll
0x00007ffed5cf0000 - 0x00007ffed5d99000 	C:\Windows\System32\clbcatq.dll
0x00007ffe45430000 - 0x00007ffe463fa000 	C:\Windows\System32\DriverStore\FileRepository\iigd_dch.inf_amd64_5d54dd32fa1ef4d4\ig9icd64.dll
0x00007ffed6430000 - 0x00007ffed655b000 	C:\Windows\System32\ole32.dll
0x00007ffed2dc0000 - 0x00007ffed2eb6000 	C:\Windows\system32\dxgi.dll
0x00007ffec7a80000 - 0x00007ffec7cbf000 	C:\Windows\System32\DriverStore\FileRepository\iigd_dch.inf_amd64_5d54dd32fa1ef4d4\igdgmm64.dll
0x00007ffec4eb0000 - 0x00007ffec7a79000 	C:\Windows\System32\DriverStore\FileRepository\iigd_dch.inf_amd64_5d54dd32fa1ef4d4\igc64.dll
0x00007ffe63280000 - 0x00007ffe6368c000 	C:\Windows\System32\DriverStore\FileRepository\iigd_dch.inf_amd64_5d54dd32fa1ef4d4\igdml64.dll
0x00007ffed3ec0000 - 0x00007ffed3ed8000 	C:\Windows\SYSTEM32\CRYPTSP.dll
0x00007ffed3570000 - 0x00007ffed35a4000 	C:\Windows\system32\rsaenh.dll
0x00007ffed4420000 - 0x00007ffed444e000 	C:\Windows\SYSTEM32\USERENV.dll
0x00007ffed3eb0000 - 0x00007ffed3ebc000 	C:\Windows\SYSTEM32\CRYPTBASE.dll
0x00007ffed3950000 - 0x00007ffed398b000 	C:\Windows\SYSTEM32\IPHLPAPI.DLL
0x00007ffed5e30000 - 0x00007ffed5e38000 	C:\Windows\System32\NSI.dll
0x00007ffecc960000 - 0x00007ffecc977000 	C:\Windows\SYSTEM32\dhcpcsvc6.DLL
0x00007ffeccbf0000 - 0x00007ffeccc0d000 	C:\Windows\SYSTEM32\dhcpcsvc.DLL
0x00007ffed3990000 - 0x00007ffed3a5a000 	C:\Windows\SYSTEM32\DNSAPI.dll
0x00007ffeabb80000 - 0x00007ffeabc07000 	C:\Users\bader\.jdks\jbrsdk_jcef-17.0.9\bin\freetype.dll
0x00007ffe8ea20000 - 0x00007ffe8eaf7000 	C:\Users\bader\.jdks\jbrsdk_jcef-17.0.9\bin\fontmanager.dll
0x00007ffeb9260000 - 0x00007ffeb9272000 	C:\Users\bader\.jdks\jbrsdk_jcef-17.0.9\bin\jsound.dll
0x00007ffeaba10000 - 0x00007ffeabaac000 	C:\Windows\SYSTEM32\DSOUND.dll
0x00007ffec02f0000 - 0x00007ffec0316000 	C:\Windows\SYSTEM32\winmmbase.dll
0x00007ffecce00000 - 0x00007ffecce85000 	C:\Windows\System32\MMDevApi.dll
0x00007ffed42c0000 - 0x00007ffed42f3000 	C:\Windows\System32\DEVOBJ.dll
0x00007ffed4680000 - 0x00007ffed46ce000 	C:\Windows\System32\cfgmgr32.dll
0x00007ffeb5080000 - 0x00007ffeb50c6000 	C:\Windows\SYSTEM32\wdmaud.drv
0x00007ffecf4e0000 - 0x00007ffecf4e9000 	C:\Windows\SYSTEM32\ksuser.dll
0x00007ffeced00000 - 0x00007ffeced0a000 	C:\Windows\SYSTEM32\AVRT.dll
0x00007ffecce90000 - 0x00007ffecd011000 	C:\Windows\SYSTEM32\AUDIOSES.DLL
0x00007ffeb5070000 - 0x00007ffeb507d000 	C:\Windows\SYSTEM32\msacm32.drv
0x00007ffeb5050000 - 0x00007ffeb506e000 	C:\Windows\SYSTEM32\MSACM32.dll
0x00007ffeb5040000 - 0x00007ffeb504b000 	C:\Windows\SYSTEM32\midimap.dll
0x00007ffed1fb0000 - 0x00007ffed1fc4000 	C:\Windows\SYSTEM32\resourcepolicyclient.dll
0x00007ffeb1a60000 - 0x00007ffeb1c05000 	C:\Windows\WinSxS\amd64_microsoft.windows.gdiplus_6595b64144ccf1df_1.1.19041.4597_none_91a78020cc854124\gdiplus.dll
0x00007ffebfdd0000 - 0x00007ffebfec9000 	C:\Windows\SYSTEM32\textinputframework.dll
0x00007ffece6e0000 - 0x00007ffecea3b000 	C:\Windows\System32\CoreUIComponents.dll
0x00007ffecea50000 - 0x00007ffeceb42000 	C:\Windows\System32\CoreMessaging.dll
0x00007ffed37c0000 - 0x00007ffed37f3000 	C:\Windows\SYSTEM32\ntmarta.dll
0x00007ffed12c0000 - 0x00007ffed1417000 	C:\Windows\SYSTEM32\wintypes.dll
0x00007ffeb7e70000 - 0x00007ffeb8165000 	C:\Windows\System32\uiautomationcore.dll
0x00007ffed1880000 - 0x00007ffed1976000 	C:\Windows\System32\PROPSYS.dll
0x00007ffeb8170000 - 0x00007ffeb81d6000 	C:\Windows\System32\OLEACC.dll
0x00007ffebfed0000 - 0x00007ffec000f000 	C:\Windows\System32\Windows.UI.dll
0x00007ffecbdf0000 - 0x00007ffecbe91000 	C:\Windows\System32\WindowManagementAPI.dll
0x00007ffebfc70000 - 0x00007ffebfdc2000 	C:\Windows\System32\InputHost.dll
0x00007ffecb4a0000 - 0x00007ffecb6a3000 	C:\Windows\SYSTEM32\twinapi.appcore.dll

dbghelp: loaded successfully - version: 4.0.5 - missing functions: none
symbol engine: initialized successfully - sym options: 0x614 - pdb path: .;C:\Users\bader\.jdks\jbrsdk_jcef-17.0.9\bin;C:\Windows\SYSTEM32;C:\Windows\WinSxS\amd64_microsoft.windows.common-controls_6595b64144ccf1df_6.0.19041.4355_none_60b8b9eb71f62e16;C:\Users\bader\.jdks\jbrsdk_jcef-17.0.9\bin\server;C:\Program Files\JetBrains\IntelliJ IDEA Community Edition 2023.3.6\bin;C:\Windows\System32\DriverStore\FileRepository\iigd_dch.inf_amd64_5d54dd32fa1ef4d4;C:\Windows\WinSxS\amd64_microsoft.windows.gdiplus_6595b64144ccf1df_1.1.19041.4597_none_91a78020cc854124

VM Arguments:
jvm_args: -Xmx3072g -Xmx4096g -Dsun.java2d.opengl=true -XX:ErrorFile=logs/hs_err_pid%p.log -javaagent:C:\Program Files\JetBrains\IntelliJ IDEA Community Edition 2023.3.6\lib\idea_rt.jar=54087:C:\Program Files\JetBrains\IntelliJ IDEA Community Edition 2023.3.6\bin -Dfile.encoding=UTF-8 
java_command: net.sendback.Main
java_class_path (initial): C:\Users\bader\OneDrive\Bureau\Idea\GTS_PRojekt\target\classes
Launcher Type: SUN_STANDARD

[Global flags]
     intx CICompilerCount                          = 4                                         {product} {ergonomic}
     uint ConcGCThreads                            = 3                                         {product} {ergonomic}
    ccstr ErrorFile                                = logs/hs_err_pid%p.log                     {product} {command line}
     uint G1ConcRefinementThreads                  = 10                                        {product} {ergonomic}
   size_t G1HeapRegionSize                         = 33554432                                  {product} {ergonomic}
    uintx GCDrainStackTargetSize                   = 64                                        {product} {ergonomic}
   size_t InitialHeapSize                          = 268435456                                 {product} {ergonomic}
   size_t MarkStackSize                            = 4194304                                   {product} {ergonomic}
   size_t MaxHeapSize                              = 4398046511104                             {product} {command line}
   size_t MaxNewSize                               = 2638821195776                             {product} {ergonomic}
   size_t MinHeapDeltaBytes                        = 33554432                                  {product} {ergonomic}
   size_t MinHeapSize                              = 33554432                                  {product} {ergonomic}
    uintx NonNMethodCodeHeapSize                   = 5839372                                {pd product} {ergonomic}
    uintx NonProfiledCodeHeapSize                  = 122909434                              {pd product} {ergonomic}
    uintx ProfiledCodeHeapSize                     = 122909434                              {pd product} {ergonomic}
    uintx ReservedCodeCacheSize                    = 251658240                              {pd product} {ergonomic}
     bool SegmentedCodeCache                       = true                                      {product} {ergonomic}
   size_t SoftMaxHeapSize                          = 4398046511104                          {manageable} {ergonomic}
     bool UseCompressedClassPointers               = true                           {product lp64_product} {ergonomic}
     bool UseG1GC                                  = true                                      {product} {ergonomic}
     bool UseLargePagesIndividualAllocation        = false                                  {pd product} {ergonomic}

Logging:
Log output configuration:
 #0: stdout all=warning uptime,level,tags
 #1: stderr all=off uptime,level,tags

Environment Variables:
PATH=C:\Program Files\Common Files\Oracle\Java\javapath;C:\Windows\system32;C:\Windows;C:\Windows\System32\Wbem;C:\Windows\System32\WindowsPowerShell\v1.0\;C:\Windows\System32\OpenSSH\;C:\Program Files (x86)\NVIDIA Corporation\PhysX\Common;C:\Program Files\dotnet\;C:\Users\bader\AppData\Local\Microsoft\WindowsApps;C:\Users\bader\AppData\Local\GitHubDesktop\bin
USERNAME=bader
OS=Windows_NT
PROCESSOR_IDENTIFIER=Intel64 Family 6 Model 158 Stepping 10, GenuineIntel
TMP=C:\Users\bader\AppData\Local\Temp
TEMP=C:\Users\bader\AppData\Local\Temp



Periodic native trim disabled

JNI global refs:
JNI global refs: 145, weak refs: 175

JNI global refs memory usage: 2107, weak refs: 2105

OOME stack traces (most recent first):
Classloader memory used:
Loader bootstrap                                                                       : 2723K
Loader jdk.internal.loader.ClassLoaders$AppClassLoader                                 : 34553B
Loader jdk.internal.reflect.DelegatingClassLoader                                      : 5306B
Loader jdk.internal.loader.ClassLoaders$PlatformClassLoader                            : 764B


---------------  S Y S T E M  ---------------

OS:
 Windows 10 , 64 bit Build 19041 (10.0.19041.5072)
OS uptime: 12 days 4:17 hours

CPU: total 12 (initial active 12) (6 cores per cpu, 2 threads per core) family 6 model 158 stepping 10 microcode 0xf0, cx8, cmov, fxsr, ht, mmx, 3dnowpref, sse, sse2, sse3, ssse3, sse4.1, sse4.2, popcnt, lzcnt, tsc, tscinvbit, avx, avx2, aes, erms, clmul, bmi1, bmi2, adx, fma, vzeroupper, clflush, clflushopt
Processor Information for all 12 processors :
  Max Mhz: 2592, Current Mhz: 2592, Mhz Limit: 2592

Memory: 4k page, system-wide physical 16254M (2509M free)
TotalPageFile size 24105M (AvailPageFile size 3175M)
current process WorkingSet (physical memory assigned to process): 664M, peak: 681M
current process commit charge ("private bytes"): 1451M, peak: 1461M

vm_info: OpenJDK 64-Bit Server VM (17.0.9+8-b1166.2) for windows-amd64 JRE (17.0.9+8-b1166.2), built on 2024-01-13 by "builduser" with MS VC++ 16.10 / 16.11 (VS2019)

END.
