#
# A fatal error has been detected by the Java Runtime Environment:
#
#  EXCEPTION_ACCESS_VIOLATION (0xc0000005) at pc=0x00007ffe29163c53, pid=36532, tid=35392
#
# JRE version: OpenJDK Runtime Environment JBR-17.0.9+8-1166.2-jcef (17.0.9+8) (build 17.0.9+8-b1166.2)
# Java VM: OpenJDK 64-Bit Server VM JBR-17.0.9+8-1166.2-jcef (17.0.9+8-b1166.2, mixed mode, tiered, compressed class ptrs, g1 gc, windows-amd64)
# Problematic frame:
# C  [ig9icd64.dll+0x9c3c53]
#
# No core dump will be written. Minidumps are not enabled by default on client versions of Windows
#
# If you would like to submit a bug report, please visit:
#   https://youtrack.jetbrains.com/issues/JBR
# The crash happened outside the Java Virtual Machine in native code.
# See problematic frame for where to report the bug.
#

---------------  S U M M A R Y ------------

Command Line: -Xmx3072g -Xmx4096g -Dsun.java2d.opengl=true -XX:ErrorFile=logs/hs_err_pid%p.log -javaagent:C:\Program Files\JetBrains\IntelliJ IDEA Community Edition 2023.3.6\lib\idea_rt.jar=61924:C:\Program Files\JetBrains\IntelliJ IDEA Community Edition 2023.3.6\bin -Dfile.encoding=UTF-8 net.sendback.Main

Host: Intel(R) Core(TM) i7-9750H CPU @ 2.60GHz, 12 cores, 15G,  Windows 10 , 64 bit Build 19041 (10.0.19041.5072)
Time: Wed Nov  6 22:42:37 2024 Mitteleuropäische Zeit elapsed time: 32.938794 seconds (0d 0h 0m 32s)

---------------  T H R E A D  ---------------

Current thread (0x0000027a8450c670):  JavaThread "Java2D Queue Flusher" daemon [_thread_in_native, id=35392, stack(0x0000008152400000,0x0000008152500000)]

Stack: [0x0000008152400000,0x0000008152500000],  sp=0x00000081524feb38,  free space=1018k
Native frames: (J=compiled Java code, j=interpreted, Vv=VM code, C=native code)
C  [ig9icd64.dll+0x9c3c53]

Java frames: (J=compiled Java code, j=interpreted, Vv=VM code)
J 2546  sun.java2d.opengl.OGLRenderQueue.flushBuffer(JI)V java.desktop (0 bytes) @ 0x0000027ae3bfaa5b [0x0000027ae3bfaa20+0x000000000000003b]
J 2545 c1 sun.java2d.opengl.OGLRenderQueue.flushBuffer()V java.desktop (41 bytes) @ 0x0000027adc4fc004 [0x0000027adc4fbee0+0x0000000000000124]
j  sun.java2d.opengl.OGLRenderQueue$QueueFlusher.run()V+81 java.desktop
j  java.lang.Thread.run()V+11 java.base@17.0.9
v  ~StubRoutines::call_stub

siginfo: EXCEPTION_ACCESS_VIOLATION (0xc0000005), reading address 0xffffffffffffffff


Registers:
RAX=0x000000000fff0fff, RBX=0x00007ffe287a0000, RCX=0x000000033fcf3fcc, RDX=0x00000081524ff050
RSP=0x00000081524feb38, RBP=0x00000081524fec40, RSI=0x0000027a8a8a7080, RDI=0x00000081524fee40
R8 =0x00000081524fec70, R9 =0x00000081524ff050, R10=0x00000081524fee40, R11=0x0000000000000000
R12=0x00007ffe295ca420, R13=0x0000000000000000, R14=0x0000000000000000, R15=0x00000000000001c1
RIP=0x00007ffe29163c53, EFLAGS=0x0000000000010206


Register to memory mapping:

RIP=0x00007ffe29163c53 ig9icd64.dll
RAX=0x000000000fff0fff is an unknown value
RBX=0x00007ffe287a0000 ig9icd64.dll
RCX=0x000000033fcf3fcc is an unknown value
RDX=0x00000081524ff050 is pointing into the stack for thread: 0x0000027a8450c670
RSP=0x00000081524feb38 is pointing into the stack for thread: 0x0000027a8450c670
RBP=0x00000081524fec40 is pointing into the stack for thread: 0x0000027a8450c670
RSI=0x0000027a8a8a7080 points into unknown readable memory: 0x0000027a8451b000 | 00 b0 51 84 7a 02 00 00
RDI=0x00000081524fee40 is pointing into the stack for thread: 0x0000027a8450c670
R8 =0x00000081524fec70 is pointing into the stack for thread: 0x0000027a8450c670
R9 =0x00000081524ff050 is pointing into the stack for thread: 0x0000027a8450c670
R10=0x00000081524fee40 is pointing into the stack for thread: 0x0000027a8450c670
R11=0x0 is NULL
R12=0x00007ffe295ca420 ig9icd64.dll
R13=0x0 is NULL
R14=0x0 is NULL
R15=0x00000000000001c1 is an unknown value


Top of Stack: (sp=0x00000081524feb38)
0x00000081524feb38:   00007ffe2916138b 0000000000000001
0x00000081524feb48:   0000000000000000 0000027a8b73b000
0x00000081524feb58:   00007ffec7a82572 0000008100000065
0x00000081524feb68:   00000081524fed70 0000000000000000
0x00000081524feb78:   0000027a8b77b270 0000000000000000
0x00000081524feb88:   0000027a8b782cd0 0000027a8b73b060
0x00000081524feb98:   0000000000000fb0 0000000000000000
0x00000081524feba8:   0000000000000000 00000081524fed20
0x00000081524febb8:   00007ffe28df9070 0000000000000000
0x00000081524febc8:   0000000000000000 0000000000000000
0x00000081524febd8:   0000000000000000 000006672c2083a8
0x00000081524febe8:   00007ffe287b64e5 0000027a8b73b060
0x00000081524febf8:   0000000000004001 0000000000000200
0x00000081524fec08:   00007ffed6ebb86b 0000000000170014
0x00000081524fec18:   00000000000000ac 0000027a8b08fe60
0x00000081524fec28:   0000000000000000 0000000000000000
0x00000081524fec38:   00007ffe29161c62 0000000000000000
0x00000081524fec48:   0000027ad6228040 00000081524fef40
0x00000081524fec58:   0000027ad6220000 0000027ad62202b4
0x00000081524fec68:   0000027a8b77b270 00007ffe2946f020
0x00000081524fec78:   0000000e00000000 0000001a00000018
0x00000081524fec88:   00000fff00000000 437f0000437f0000
0x00000081524fec98:   437f0000437f0000 0000ff0000ff0000
0x00000081524feca8:   ff000000000000ff 0000000800000010
0x00000081524fecb8:   0000001800000000 0000000000000000
0x00000081524fecc8:   0000000000000000 0000000000000000
0x00000081524fecd8:   0000000000000000 0000000000000000
0x00000081524fece8:   0000000000000000 0000000000000000
0x00000081524fecf8:   0000000000000000 0000000000000000
0x00000081524fed08:   0000000000000000 0000000000000000
0x00000081524fed18:   0000000000000000 0000000000000000
0x00000081524fed28:   0000000000000000 0000000000000000 

Instructions: (pc=0x00007ffe29163c53)
0x00007ffe29163b53:   a1 b6 30 00 48 89 51 08 48 89 01 8b 44 24 28 89
0x00007ffe29163b63:   41 20 8b 44 24 30 89 41 24 48 8b c1 4c 89 41 10
0x00007ffe29163b73:   4c 89 49 18 c3 cc cc cc cc cc cc cc cc 48 89 5c
0x00007ffe29163b83:   24 08 8b 41 5c 48 8d 1d 71 c4 63 ff 41 89 40 08
0x00007ffe29163b93:   4c 8b d1 8b 41 60 45 33 db 41 89 40 0c 4c 8b ca
0x00007ffe29163ba3:   8b 41 64 41 89 40 10 8b 41 68 41 89 40 14 8b 41
0x00007ffe29163bb3:   6c 41 89 40 18 8b 41 70 41 89 40 1c 48 63 41 74
0x00007ffe29163bc3:   48 6b c8 34 8b 84 19 84 5f ee 00 41 89 40 20 8b
0x00007ffe29163bd3:   84 19 88 5f ee 00 41 89 40 24 8b 84 19 8c 5f ee
0x00007ffe29163be3:   00 41 89 40 28 8b 84 19 90 5f ee 00 41 89 40 2c
0x00007ffe29163bf3:   8b 84 19 74 5f ee 00 41 89 40 30 8b 84 19 78 5f
0x00007ffe29163c03:   ee 00 41 89 40 34 8b 84 19 7c 5f ee 00 41 89 40
0x00007ffe29163c13:   38 8b 84 19 80 5f ee 00 41 89 40 3c 8b 84 19 64
0x00007ffe29163c23:   5f ee 00 41 89 40 40 8b 84 19 68 5f ee 00 41 89
0x00007ffe29163c33:   40 44 8b 84 19 6c 5f ee 00 41 89 40 48 8b 84 19
0x00007ffe29163c43:   70 5f ee 00 41 89 40 4c 49 63 42 78 48 6b c8 34
0x00007ffe29163c53:   8b 84 19 84 5f ee 00 41 89 40 50 8b 84 19 88 5f
0x00007ffe29163c63:   ee 00 41 89 40 54 8b 84 19 8c 5f ee 00 41 89 40
0x00007ffe29163c73:   58 8b 84 19 90 5f ee 00 41 89 40 5c 8b 84 19 74
0x00007ffe29163c83:   5f ee 00 41 89 40 60 8b 84 19 78 5f ee 00 41 89
0x00007ffe29163c93:   40 64 8b 84 19 7c 5f ee 00 41 89 40 68 8b 84 19
0x00007ffe29163ca3:   80 5f ee 00 41 89 40 6c 8b 84 19 64 5f ee 00 41
0x00007ffe29163cb3:   89 40 70 8b 84 19 68 5f ee 00 41 89 40 74 8b 84
0x00007ffe29163cc3:   19 6c 5f ee 00 41 89 40 78 8b 84 19 70 5f ee 00
0x00007ffe29163cd3:   41 89 40 7c 48 8b 42 18 8b 88 38 0b 00 00 f6 c1
0x00007ffe29163ce3:   08 0f 84 86 00 00 00 8b 80 3c 0b 00 00 41 89 80
0x00007ffe29163cf3:   80 00 00 00 48 8b 42 18 8b 88 40 0b 00 00 41 89
0x00007ffe29163d03:   88 84 00 00 00 48 8b 42 18 8b 88 44 0b 00 00 41
0x00007ffe29163d13:   89 88 88 00 00 00 48 8b 42 18 8b 88 48 0b 00 00
0x00007ffe29163d23:   41 89 88 8c 00 00 00 48 8b 42 18 8b 88 4c 0b 00
0x00007ffe29163d33:   00 41 89 88 90 00 00 00 48 8b 42 18 8b 88 50 0b
0x00007ffe29163d43:   00 00 41 89 88 94 00 00 00 48 8b 42 18 8b 88 54 


Stack slot to memory mapping:
stack at sp + 0 slots: 0x00007ffe2916138b ig9icd64.dll
stack at sp + 1 slots: 0x0000000000000001 is an unknown value
stack at sp + 2 slots: 0x0 is NULL
stack at sp + 3 slots: 0x0000027a8b73b000 points into unknown readable memory: 0xffffffffffffffff | ff ff ff ff ff ff ff ff
stack at sp + 4 slots: 0x00007ffec7a82572 igdgmm64.dll
stack at sp + 5 slots: 0x0000008100000065 is an unknown value
stack at sp + 6 slots: 0x00000081524fed70 is pointing into the stack for thread: 0x0000027a8450c670
stack at sp + 7 slots: 0x0 is NULL


Compiled method (n/a)   33034 2546     n 0       sun.java2d.opengl.OGLRenderQueue::flushBuffer (native)
 total in heap  [0x0000027ae3bfa890,0x0000027ae3bfac28] = 920
 relocation     [0x0000027ae3bfa9e8,0x0000027ae3bfaa18] = 48
 main code      [0x0000027ae3bfaa20,0x0000027ae3bfac28] = 520

[Constant Pool (empty)]

[MachCode]
[Entry Point]
  # {method} {0x0000027a80ace188} 'flushBuffer' '(JI)V' in 'sun/java2d/opengl/OGLRenderQueue'
  # this:     rdx:rdx   = 'sun/java2d/opengl/OGLRenderQueue'
  # parm0:    r8:r8     = long
  # parm1:    r9        = int
  #           [sp+0x70]  (sp of caller)
  0x0000027ae3bfaa20: 448b 5208 | 493b c20f | 840b 0000 

  0x0000027ae3bfaa2c: ;   {runtime_call ic_miss_stub}
  0x0000027ae3bfaa2c: 00e9 4e66 | 9dff 660f | 1f44 0000 
[Verified Entry Point]
  0x0000027ae3bfaa38: 8984 2400 | 90ff ff55 | 488b ec48 | 83ec 6048 | 8954 2420 | 4883 fa00 | 488d 5424 | 2048 0f44 
  0x0000027ae3bfaa58: 5424 20c5 

  0x0000027ae3bfaa5c: ;   {internal_word}
  0x0000027ae3bfaa5c: f877 49ba | 5baa bfe3 | 7a02 0000 | 4d89 97a0 | 0200 0049 | 89a7 9802 

  0x0000027ae3bfaa74: ;   {external_word}
  0x0000027ae3bfaa74: 0000 49ba | 3d29 8866 | fe7f 0000 | 4180 3a00 | 0f84 5200 | 0000 5241 

  0x0000027ae3bfaa8c: ;   {metadata({method} {0x0000027a80ace188} 'flushBuffer' '(JI)V' in 'sun/java2d/opengl/OGLRenderQueue')}
  0x0000027ae3bfaa8c: 5041 5148 | ba80 e1ac | 807a 0200 | 0049 8bcf | 4883 ec20 | f7c4 0f00 | 0000 0f84 | 1a00 0000 
  0x0000027ae3bfaaac: 4883 ec08 

  0x0000027ae3bfaab0: ;   {runtime_call SharedRuntime::dtrace_method_entry}
  0x0000027ae3bfaab0: 49ba b0ea | 3d66 fe7f | 0000 41ff | d248 83c4 | 08e9 0d00 

  0x0000027ae3bfaac4: ;   {runtime_call SharedRuntime::dtrace_method_entry}
  0x0000027ae3bfaac4: 0000 49ba | b0ea 3d66 | fe7f 0000 | 41ff d248 | 83c4 2041 | 5941 585a | 498d 8fb8 | 0200 0041 
  0x0000027ae3bfaae4: c787 4803 | 0000 0400 

  0x0000027ae3bfaaec: ;   {runtime_call}
  0x0000027ae3bfaaec: 0000 49ba | 60fd f87f | fe7f 0000 | 41ff d2c5 | f877 41c7 | 8748 0300 | 0005 0000 | 00f0 8344 
  0x0000027ae3bfab0c: 24c0 0049 | 3baf 5003 | 0000 0f87 | 1100 0000 | 4181 bf38 | 0300 0000 | 0000 000f | 8421 0000 
  0x0000027ae3bfab2c: 00c5 f877 | 498b cf4c | 8be4 4883 | ec20 4883 

  0x0000027ae3bfab3c: ;   {runtime_call JavaThread::check_special_condition_for_native_trans}
  0x0000027ae3bfab3c: e4f0 49ba | f008 4e66 | fe7f 0000 | 41ff d249 | 8be4 41c7 | 8748 0300 | 0008 0000 | 0041 81bf 
  0x0000027ae3bfab5c: b803 0000 | 0200 0000 | 0f84 9b00 

  0x0000027ae3bfab68: ;   {external_word}
  0x0000027ae3bfab68: 0000 49ba | 3d29 8866 | fe7f 0000 | 4180 3a00 | 0f84 4800 

  0x0000027ae3bfab7c: ;   {metadata({method} {0x0000027a80ace188} 'flushBuffer' '(JI)V' in 'sun/java2d/opengl/OGLRenderQueue')}
  0x0000027ae3bfab7c: 0000 48ba | 80e1 ac80 | 7a02 0000 | 498b cf48 | 83ec 20f7 | c40f 0000 | 000f 841a | 0000 0048 
  0x0000027ae3bfab9c: ;   {runtime_call SharedRuntime::dtrace_method_entry}
  0x0000027ae3bfab9c: 83ec 0849 | bab0 ea3d | 66fe 7f00 | 0041 ffd2 | 4883 c408 | e90d 0000 

  0x0000027ae3bfabb4: ;   {runtime_call SharedRuntime::dtrace_method_entry}
  0x0000027ae3bfabb4: 0049 bab0 | ea3d 66fe | 7f00 0041 | ffd2 4883 | c420 49c7 | 8798 0200 | 0000 0000 | 0049 c787 
  0x0000027ae3bfabd4: a002 0000 | 0000 0000 | c5f8 7749 | 8b8f d800 | 0000 c781 | 0001 0000 | 0000 0000 | c949 817f 
  0x0000027ae3bfabf4: 0800 0000 | 000f 8501 | 0000 00c3 

  0x0000027ae3bfac00: ;   {runtime_call StubRoutines (1)}
  0x0000027ae3bfac00: e9fb 6298 | ffc5 f877 | 4c8b e448 | 83ec 2048 

  0x0000027ae3bfac10: ;   {runtime_call SharedRuntime::reguard_yellow_pages}
  0x0000027ae3bfac10: 83e4 f049 | ba40 1b3e | 66fe 7f00 | 0041 ffd2 | 498b e4e9 | 42ff ffff 
[/MachCode]


Compiled method (c1)   33144 2545       3       sun.java2d.opengl.OGLRenderQueue::flushBuffer (41 bytes)
 total in heap  [0x0000027adc4fbd10,0x0000027adc4fc358] = 1608
 relocation     [0x0000027adc4fbe68,0x0000027adc4fbed0] = 104
 main code      [0x0000027adc4fbee0,0x0000027adc4fc1c0] = 736
 stub code      [0x0000027adc4fc1c0,0x0000027adc4fc218] = 88
 metadata       [0x0000027adc4fc218,0x0000027adc4fc240] = 40
 scopes data    [0x0000027adc4fc240,0x0000027adc4fc290] = 80
 scopes pcs     [0x0000027adc4fc290,0x0000027adc4fc330] = 160
 dependencies   [0x0000027adc4fc330,0x0000027adc4fc338] = 8
 nul chk table  [0x0000027adc4fc338,0x0000027adc4fc358] = 32

[Constant Pool (empty)]

[MachCode]
[Entry Point]
  # {method} {0x0000027a80ace280} 'flushBuffer' '()V' in 'sun/java2d/opengl/OGLRenderQueue'
  #           [sp+0x70]  (sp of caller)
  0x0000027adc4fbee0: 448b 5208 

  0x0000027adc4fbee4: ;   {runtime_call ic_miss_stub}
  0x0000027adc4fbee4: 4c3b d00f | 8593 510d | 0766 6666 | 0f1f 8400 | 0000 0000 | 6666 6690 | 0f1f 4000 
[Verified Entry Point]
  0x0000027adc4fbf00: 8984 2400 | 90ff ff55 | 4883 ec60 

  0x0000027adc4fbf0c: ;   {metadata(method data for {method} {0x0000027a80ace280} 'flushBuffer' '()V' in 'sun/java2d/opengl/OGLRenderQueue')}
  0x0000027adc4fbf0c: 49b8 10ff | 3d81 7a02 | 0000 458b | 88cc 0000 | 0041 83c1 | 0245 8988 | cc00 0000 | 4181 e1fe 
  0x0000027adc4fbf2c: 0700 0041 | 83f9 000f | 84d6 0100 | 004c 8b42 | 1049 3b00 

  0x0000027adc4fbf40: ;   {metadata(method data for {method} {0x0000027a80ace280} 'flushBuffer' '()V' in 'sun/java2d/opengl/OGLRenderQueue')}
  0x0000027adc4fbf40: 4d8b c848 | be10 ff3d | 817a 0200 | 0048 8386 | 1001 0000 

  0x0000027adc4fbf54: ;   {metadata(method data for {method} {0x0000027a80ad07b0} 'position' '()I' in 'sun/java2d/pipe/RenderBuffer')}
  0x0000027adc4fbf54: 0149 b998 | 662f 817a | 0200 0041 | 8bb1 cc00 | 0000 83c6 | 0241 89b1 | cc00 0000 | 81e6 feff 
  0x0000027adc4fbf74: 1f00 83fe | 000f 84b6 | 0100 004d | 8b48 2049 | 8b70 104c | 2bce 458b | c941 83f9 

  0x0000027adc4fbf90: ;   {metadata(method data for {method} {0x0000027a80ace280} 'flushBuffer' '()V' in 'sun/java2d/opengl/OGLRenderQueue')}
  0x0000027adc4fbf90: 0048 bf10 | ff3d 817a | 0200 0048 | bb48 0100 | 0000 0000 | 000f 8e0a | 0000 0048 | bb58 0100 
  0x0000027adc4fbfb0: 0000 0000 | 0048 8b04 | 1f48 8d40 | 0148 8904 | 1f0f 8e42 

  0x0000027adc4fbfc4: ;   {metadata(method data for {method} {0x0000027a80ace280} 'flushBuffer' '()V' in 'sun/java2d/opengl/OGLRenderQueue')}
  0x0000027adc4fbfc4: 0000 0048 | bf10 ff3d | 817a 0200 | 0048 8387 | 6801 0000 | 014c 8bc2 

  0x0000027adc4fbfdc: ;   {metadata(method data for {method} {0x0000027a80ace280} 'flushBuffer' '()V' in 'sun/java2d/opengl/OGLRenderQueue')}
  0x0000027adc4fbfdc: 48bf 10ff | 3d81 7a02 | 0000 4883 | 87a0 0100 | 0001 4c8b | c648 8bf2 | 488b d648 | 8974 2450 
  0x0000027adc4fbffc: ;   {optimized virtual_call}
  0x0000027adc4fbffc: 6666 90e8 

  0x0000027adc4fc000: ; ImmutableOopMap {[80]=Oop }
                      ;*invokevirtual flushBuffer {reexecute=0 rethrow=0 return_oop=0}
                      ; - sun.java2d.opengl.OGLRenderQueue::flushBuffer@21 (line 150)
  0x0000027adc4fc000: 34ea 6f07 | 488b 5424 | 5048 8b72 | 1048 3b06 

  0x0000027adc4fc010: ;   {metadata(method data for {method} {0x0000027a80ace280} 'flushBuffer' '()V' in 'sun/java2d/opengl/OGLRenderQueue')}
  0x0000027adc4fc010: 488b fe48 | bb10 ff3d | 817a 0200 | 0048 8383 | d801 0000 

  0x0000027adc4fc024: ;   {metadata(method data for {method} {0x0000027a80ad0930} 'clear' '()V' in 'sun/java2d/pipe/RenderBuffer')}
  0x0000027adc4fc024: 0148 bf98 | 013e 817a | 0200 008b | 9fcc 0000 | 0083 c302 | 899f cc00 | 0000 81e3 | feff 1f00 
  0x0000027adc4fc044: 83fb 000f | 840e 0100 | 0048 8b7e | 1048 897e | 2048 8b52 | 1848 3b02 

  0x0000027adc4fc05c: ;   {metadata(method data for {method} {0x0000027a80ace280} 'flushBuffer' '()V' in 'sun/java2d/opengl/OGLRenderQueue')}
  0x0000027adc4fc05c: 488b f248 | bf10 ff3d | 817a 0200 | 008b 7608 | 483b b720 | 0200 0075 | 0d48 8387 | 2802 0000 
  0x0000027adc4fc07c: 01e9 6600 | 0000 483b | b730 0200 | 0075 0d48 | 8387 3802 | 0000 01e9 | 5000 0000 | 4881 bf20 
  0x0000027adc4fc09c: 0200 0000 | 0000 0075 | 1748 89b7 | 2002 0000 | 48c7 8728 | 0200 0001 | 0000 00e9 | 2c00 0000 
  0x0000027adc4fc0bc: 4881 bf30 | 0200 0000 | 0000 0075 | 1748 89b7 | 3002 0000 | 48c7 8738 | 0200 0001 | 0000 00e9 
  0x0000027adc4fc0dc: 0800 0000 | 4883 8710 | 0200 0001 | 0f1f 4400 | 0048 b828 | 4e07 8000 

  0x0000027adc4fc0f4: ;   {virtual_call}
  0x0000027adc4fc0f4: 0000 00e8 

  0x0000027adc4fc0f8: ; ImmutableOopMap {}
                      ;*invokeinterface clear {reexecute=0 rethrow=0 return_oop=0}
                      ; - sun.java2d.opengl.OGLRenderQueue::flushBuffer@35 (line 155)
  0x0000027adc4fc0f8: 44f9 ffff | 4883 c460 

  0x0000027adc4fc100: ;   {poll_return}
  0x0000027adc4fc100: 5d49 3ba7 | 5003 0000 | 0f87 7300 

  0x0000027adc4fc10c: ;   {metadata({method} {0x0000027a80ace280} 'flushBuffer' '()V' in 'sun/java2d/opengl/OGLRenderQueue')}
  0x0000027adc4fc10c: 0000 c349 | ba78 e2ac | 807a 0200 | 004c 8954 | 2408 48c7 | 0424 ffff 

  0x0000027adc4fc124: ;   {runtime_call counter_overflow Runtime1 stub}
  0x0000027adc4fc124: ffff e855 

  0x0000027adc4fc128: ; ImmutableOopMap {rdx=Oop }
                      ;*synchronization entry
                      ; - sun.java2d.opengl.OGLRenderQueue::flushBuffer@-1 (line 147)
  0x0000027adc4fc128: d017 07e9 | 09fe ffff 

  0x0000027adc4fc130: ;   {runtime_call throw_null_pointer_exception Runtime1 stub}
  0x0000027adc4fc130: e86b 7317 

  0x0000027adc4fc134: ; ImmutableOopMap {rdx=Oop r8=Oop }
                      ;*invokevirtual position {reexecute=0 rethrow=0 return_oop=0}
                      ; - sun.java2d.opengl.OGLRenderQueue::flushBuffer@4 (line 147)
                      ;   {metadata({method} {0x0000027a80ad07b0} 'position' '()I' in 'sun/java2d/pipe/RenderBuffer')}
  0x0000027adc4fc134: 0749 baa8 | 07ad 807a | 0200 004c | 8954 2408 | 48c7 0424 | ffff ffff 

  0x0000027adc4fc14c: ;   {runtime_call counter_overflow Runtime1 stub}
  0x0000027adc4fc14c: e82f d017 

  0x0000027adc4fc150: ; ImmutableOopMap {rdx=Oop r8=Oop }
                      ;*synchronization entry
                      ; - sun.java2d.pipe.RenderBuffer::position@-1 (line 110)
                      ; - sun.java2d.opengl.OGLRenderQueue::flushBuffer@4 (line 147)
  0x0000027adc4fc150: 07e9 29fe 

  0x0000027adc4fc154: ;   {runtime_call throw_null_pointer_exception Runtime1 stub}
  0x0000027adc4fc154: ffff e845 

  0x0000027adc4fc158: ; ImmutableOopMap {rdx=Oop rsi=Oop }
                      ;*invokevirtual clear {reexecute=0 rethrow=0 return_oop=0}
                      ; - sun.java2d.opengl.OGLRenderQueue::flushBuffer@28 (line 153)
                      ;   {metadata({method} {0x0000027a80ad0930} 'clear' '()V' in 'sun/java2d/pipe/RenderBuffer')}
  0x0000027adc4fc158: 7317 0749 | ba28 09ad | 807a 0200 | 004c 8954 | 2408 48c7 | 0424 ffff 

  0x0000027adc4fc170: ;   {runtime_call counter_overflow Runtime1 stub}
  0x0000027adc4fc170: ffff e809 

  0x0000027adc4fc174: ; ImmutableOopMap {rdx=Oop rsi=Oop }
                      ;*synchronization entry
                      ; - sun.java2d.pipe.RenderBuffer::clear@-1 (line 118)
                      ; - sun.java2d.opengl.OGLRenderQueue::flushBuffer@28 (line 153)
  0x0000027adc4fc174: d017 07e9 | d1fe ffff 

  0x0000027adc4fc17c: ;   {runtime_call throw_null_pointer_exception Runtime1 stub}
  0x0000027adc4fc17c: e81f 7317 

  0x0000027adc4fc180: ; ImmutableOopMap {rdx=Oop }
                      ;*invokeinterface clear {reexecute=0 rethrow=0 return_oop=0}
                      ; - sun.java2d.opengl.OGLRenderQueue::flushBuffer@35 (line 155)
                      ;   {internal_word}
  0x0000027adc4fc180: 0749 ba01 | c14f dc7a | 0200 004d | 8997 6803 

  0x0000027adc4fc190: ;   {runtime_call SafepointBlob}
  0x0000027adc4fc190: 0000 e969 | b80d 0790 | 9049 8b87 | e003 0000 | 49c7 87e0 | 0300 0000 | 0000 0049 | c787 e803 
  0x0000027adc4fc1b0: 0000 0000 | 0000 4883 

  0x0000027adc4fc1b8: ;   {runtime_call unwind_exception Runtime1 stub}
  0x0000027adc4fc1b8: c460 5de9 | 4093 0e07 
[Stub Code]
  0x0000027adc4fc1c0: ;   {no_reloc}
  0x0000027adc4fc1c0: 0f1f 4400 

  0x0000027adc4fc1c4: ;   {static_stub}
  0x0000027adc4fc1c4: 0048 bb80 | e1ac 807a 

  0x0000027adc4fc1cc: ;   {runtime_call I2C/C2I adapters}
  0x0000027adc4fc1cc: 0200 00e9 | 00c1 0d07 

  0x0000027adc4fc1d4: ;   {static_stub}
  0x0000027adc4fc1d4: 9048 bb00 | 0000 0000 

  0x0000027adc4fc1dc: ;   {runtime_call}
  0x0000027adc4fc1dc: 0000 00e9 | fbff ffff 
[Exception Handler]
  0x0000027adc4fc1e4: ;   {runtime_call handle_exception_from_callee Runtime1 stub}
  0x0000027adc4fc1e4: e897 9617 

  0x0000027adc4fc1e8: ;   {external_word}
  0x0000027adc4fc1e8: 0748 b990 | 6d62 66fe | 7f00 0048 

  0x0000027adc4fc1f4: ;   {runtime_call MacroAssembler::debug64}
  0x0000027adc4fc1f4: 83e4 f049 | ba30 df2a | 66fe 7f00 | 0041 ffd2 

  0x0000027adc4fc204: ;   {section_word}
  0x0000027adc4fc204: f449 ba05 | c24f dc7a | 0200 0041 

  0x0000027adc4fc210: ;   {runtime_call DeoptimizationBlob}
  0x0000027adc4fc210: 52e9 8aaa | 0d07 f4f4 
[/MachCode]


---------------  P R O C E S S  ---------------

Threads class SMR info:
_java_thread_list=0x0000027a8acb5ac0, length=43, elements={
0x000006a0fb04d660, 0x000006a0fb04e220, 0x000006a0fb01f980, 0x000006a0fb072410,
0x000006a0fb072ce0, 0x000006a0fb0755c0, 0x000006a0fb076ff0, 0x000006a0fb077aa0,
0x000006a0fb08d680, 0x000006a0fb1ccfe0, 0x0000027a84265d50, 0x0000027a84266230,
0x0000027a8450c670, 0x0000027a8aa6fdb0, 0x0000027a8af07450, 0x0000027a8b0514b0,
0x0000027a8b072ee0, 0x0000027a8b0733f0, 0x0000027a8b073900, 0x0000027a8b070b70,
0x0000027a8b073e10, 0x0000027a8b071fb0, 0x0000027a8b071590, 0x0000027a8b0724c0,
0x0000027a8b071080, 0x0000027a8b074320, 0x0000027a8b071aa0, 0x0000027a8b0729d0,
0x0000027a8b198af0, 0x0000027a8b193f00, 0x0000027a8b196c90, 0x0000027a8b199000,
0x0000027a8b1976b0, 0x0000027a8b194e30, 0x0000027a8b195d60, 0x0000027a8b1971a0,
0x0000027a8b192fd0, 0x0000027a8b196270, 0x0000027a8b197bc0, 0x0000027a8b195340,
0x0000027a8b199a20, 0x0000027a8b195850, 0x0000027a8b1985e0
}

Java Threads: ( => current thread )
  0x000006a0fb04d660 JavaThread "Reference Handler" daemon [_thread_blocked, id=24200, stack(0x0000008151600000,0x0000008151700000)]
  0x000006a0fb04e220 JavaThread "Finalizer" daemon [_thread_blocked, id=35800, stack(0x0000008151700000,0x0000008151800000)]
  0x000006a0fb01f980 JavaThread "Signal Dispatcher" daemon [_thread_blocked, id=37868, stack(0x0000008151800000,0x0000008151900000)]
  0x000006a0fb072410 JavaThread "Attach Listener" daemon [_thread_blocked, id=35172, stack(0x0000008151900000,0x0000008151a00000)]
  0x000006a0fb072ce0 JavaThread "Service Thread" daemon [_thread_blocked, id=33240, stack(0x0000008151a00000,0x0000008151b00000)]
  0x000006a0fb0755c0 JavaThread "Monitor Deflation Thread" daemon [_thread_blocked, id=32896, stack(0x0000008151b00000,0x0000008151c00000)]
  0x000006a0fb076ff0 JavaThread "C2 CompilerThread0" daemon [_thread_blocked, id=10084, stack(0x0000008151c00000,0x0000008151d00000)]
  0x000006a0fb077aa0 JavaThread "C1 CompilerThread0" daemon [_thread_blocked, id=32520, stack(0x0000008151d00000,0x0000008151e00000)]
  0x000006a0fb08d680 JavaThread "Sweeper thread" daemon [_thread_blocked, id=20140, stack(0x0000008151e00000,0x0000008151f00000)]
  0x000006a0fb1ccfe0 JavaThread "Common-Cleaner" daemon [_thread_blocked, id=19476, stack(0x0000008151f00000,0x0000008152000000)]
  0x0000027a84265d50 JavaThread "Monitor Ctrl-Break" daemon [_thread_in_native, id=35672, stack(0x0000008152100000,0x0000008152200000)]
  0x0000027a84266230 JavaThread "Notification Thread" daemon [_thread_blocked, id=35040, stack(0x0000008152200000,0x0000008152300000)]
=>0x0000027a8450c670 JavaThread "Java2D Queue Flusher" daemon [_thread_in_native, id=35392, stack(0x0000008152400000,0x0000008152500000)]
  0x0000027a8aa6fdb0 JavaThread "Java2D Disposer" daemon [_thread_blocked, id=26772, stack(0x0000008152000000,0x0000008152100000)]
  0x0000027a8af07450 JavaThread "Java Sound Event Dispatcher" daemon [_thread_blocked, id=17052, stack(0x0000008153600000,0x0000008153700000)]
  0x0000027a8b0514b0 JavaThread "Direct Clip" daemon [_thread_blocked, id=34328, stack(0x0000008153900000,0x0000008153a00000)]
  0x0000027a8b072ee0 JavaThread "Direct Clip" daemon [_thread_blocked, id=14748, stack(0x0000008153a00000,0x0000008153b00000)]
  0x0000027a8b0733f0 JavaThread "Direct Clip" daemon [_thread_blocked, id=37352, stack(0x0000008153b00000,0x0000008153c00000)]
  0x0000027a8b073900 JavaThread "Direct Clip" daemon [_thread_blocked, id=6304, stack(0x0000008153c00000,0x0000008153d00000)]
  0x0000027a8b070b70 JavaThread "Direct Clip" daemon [_thread_blocked, id=20388, stack(0x0000008153d00000,0x0000008153e00000)]
  0x0000027a8b073e10 JavaThread "Direct Clip" daemon [_thread_blocked, id=20784, stack(0x0000008153e00000,0x0000008153f00000)]
  0x0000027a8b071fb0 JavaThread "Direct Clip" daemon [_thread_blocked, id=13740, stack(0x0000008153f00000,0x0000008154000000)]
  0x0000027a8b071590 JavaThread "Direct Clip" daemon [_thread_blocked, id=22744, stack(0x0000008154000000,0x0000008154100000)]
  0x0000027a8b0724c0 JavaThread "Direct Clip" daemon [_thread_blocked, id=30024, stack(0x0000008154100000,0x0000008154200000)]
  0x0000027a8b071080 JavaThread "Direct Clip" daemon [_thread_blocked, id=35884, stack(0x0000008154200000,0x0000008154300000)]
  0x0000027a8b074320 JavaThread "Direct Clip" daemon [_thread_blocked, id=2724, stack(0x0000008154300000,0x0000008154400000)]
  0x0000027a8b071aa0 JavaThread "Direct Clip" daemon [_thread_blocked, id=11880, stack(0x0000008154400000,0x0000008154500000)]
  0x0000027a8b0729d0 JavaThread "Direct Clip" daemon [_thread_blocked, id=18384, stack(0x0000008154500000,0x0000008154600000)]
  0x0000027a8b198af0 JavaThread "Direct Clip" daemon [_thread_blocked, id=27048, stack(0x0000008154600000,0x0000008154700000)]
  0x0000027a8b193f00 JavaThread "Direct Clip" daemon [_thread_blocked, id=35236, stack(0x0000008154700000,0x0000008154800000)]
  0x0000027a8b196c90 JavaThread "Direct Clip" daemon [_thread_blocked, id=22064, stack(0x0000008154800000,0x0000008154900000)]
  0x0000027a8b199000 JavaThread "Direct Clip" daemon [_thread_blocked, id=37588, stack(0x0000008154900000,0x0000008154a00000)]
  0x0000027a8b1976b0 JavaThread "Direct Clip" daemon [_thread_blocked, id=5532, stack(0x0000008154a00000,0x0000008154b00000)]
  0x0000027a8b194e30 JavaThread "Direct Clip" daemon [_thread_blocked, id=36196, stack(0x0000008154b00000,0x0000008154c00000)]
  0x0000027a8b195d60 JavaThread "Direct Clip" daemon [_thread_blocked, id=35664, stack(0x0000008154c00000,0x0000008154d00000)]
  0x0000027a8b1971a0 JavaThread "Direct Clip" daemon [_thread_blocked, id=19964, stack(0x0000008154d00000,0x0000008154e00000)]
  0x0000027a8b192fd0 JavaThread "AWT-Shutdown" [_thread_blocked, id=2764, stack(0x0000008152a00000,0x0000008152b00000)]
  0x0000027a8b196270 JavaThread "AWT-EventQueue-0" [_thread_blocked, id=37448, stack(0x0000008154e00000,0x0000008154f00000)]
  0x0000027a8b197bc0 JavaThread "DestroyJavaVM" [_thread_blocked, id=35776, stack(0x0000008150f00000,0x0000008151000000)]
  0x0000027a8b195340 JavaThread "TimerQueue" daemon [_thread_blocked, id=2108, stack(0x0000008155600000,0x0000008155700000)]
  0x0000027a8b199a20 JavaThread "Thread-0" [_thread_blocked, id=6316, stack(0x0000008155700000,0x0000008155800000)]
  0x0000027a8b195850 JavaThread "ztt" [_thread_in_vm, id=34784, stack(0x0000008155800000,0x0000008155900000)]
  0x0000027a8b1985e0 JavaThread "SIGINT handler" daemon [_thread_blocked, id=34572, stack(0x0000008155900000,0x0000008155a00000)]

Other Threads:
  0x000006a0fb037890 VMThread "VM Thread" [stack: 0x0000008151500000,0x0000008151600000] [id=9984]
  0x0000027a84211910 WatcherThread [stack: 0x0000008152300000,0x0000008152400000] [id=34084]
  0x0000027ad855ae10 GCTaskThread "GC Thread#0" [stack: 0x0000008151000000,0x0000008151100000] [id=27552]
  0x0000027a8af64af0 GCTaskThread "GC Thread#1" [stack: 0x0000008152c00000,0x0000008152d00000] [id=35592]
  0x0000027a8af64db0 GCTaskThread "GC Thread#2" [stack: 0x0000008152d00000,0x0000008152e00000] [id=37800]
  0x0000027a8af5e250 GCTaskThread "GC Thread#3" [stack: 0x0000008152e00000,0x0000008152f00000] [id=22352]
  0x0000027a8af5eba0 GCTaskThread "GC Thread#4" [stack: 0x0000008152f00000,0x0000008153000000] [id=20228]
  0x0000027a8af5f270 GCTaskThread "GC Thread#5" [stack: 0x0000008153000000,0x0000008153100000] [id=31192]
  0x0000027a8aef0d60 GCTaskThread "GC Thread#6" [stack: 0x0000008153100000,0x0000008153200000] [id=37864]
  0x0000027a8b020ff0 GCTaskThread "GC Thread#7" [stack: 0x0000008153200000,0x0000008153300000] [id=12836]
  0x0000027a8af05d80 GCTaskThread "GC Thread#8" [stack: 0x0000008153300000,0x0000008153400000] [id=35148]
  0x0000027a8aeffba0 GCTaskThread "GC Thread#9" [stack: 0x0000008153400000,0x0000008153500000] [id=1268]
  0x0000027ad855d4e0 ConcurrentGCThread "G1 Main Marker" [stack: 0x0000008151100000,0x0000008151200000] [id=15408]
  0x0000027ad855df00 ConcurrentGCThread "G1 Conc#0" [stack: 0x0000008151200000,0x0000008151300000] [id=12448]
  0x0000027a8aff3210 ConcurrentGCThread "G1 Conc#1" [stack: 0x0000008155400000,0x0000008155500000] [id=33680]
  0x0000027a8b342be0 ConcurrentGCThread "G1 Conc#2" [stack: 0x0000008155500000,0x0000008155600000] [id=37700]
  0x0000027aeb75c6b0 ConcurrentGCThread "G1 Refine#0" [stack: 0x0000008151300000,0x0000008151400000] [id=4728]
  0x0000027a8b206070 ConcurrentGCThread "G1 Refine#1" [stack: 0x0000008154f00000,0x0000008155000000] [id=30560]
  0x0000027a8b202520 ConcurrentGCThread "G1 Refine#2" [stack: 0x0000008155000000,0x0000008155100000] [id=21712]
  0x0000027aeb75e1a0 ConcurrentGCThread "G1 Service" [stack: 0x0000008151400000,0x0000008151500000] [id=29488]

Threads with active compile tasks:

VM state: not at safepoint (normal execution)

VM Mutex/Monitor currently owned by a thread: None

CDS archive(s) not mapped
Compressed class space mapped at: 0x0000000080000000-0x00000000c0000000, reserved size: 1073741824
Narrow klass base: 0x0000000000000000, Narrow klass shift: 0, Narrow klass range: 0xc0000000

GC Precious Log:
 CPUs: 12 total, 12 available
 Memory: 16254M
 Large Page Support: Disabled
 NUMA Support: Disabled
 Compressed Oops: Disabled
 Heap Region Size: 32M
 Heap Min Capacity: 32M
 Heap Initial Capacity: 256M
 Heap Max Capacity: 4096G
 Pre-touch: Disabled
 Parallel Workers: 10
 Concurrent Workers: 3
 Concurrent Refinement Workers: 10
 Periodic GC: Disabled

Heap:
 garbage-first heap   total 1048576K, used 279492K [0x0000027aec000000, 0x0000067aec000000)
  region size 32768K, 3 young (98304K), 1 survivors (32768K)
 Metaspace       used 23148K, committed 23488K, reserved 1114112K
  class space    used 2334K, committed 2496K, reserved 1048576K

Heap Regions: E=young(eden), S=young(survivor), O=old, HS=humongous(starts), HC=humongous(continues), CS=collection set, F=free, OA=open archive, CA=closed archive, TAMS=top-at-mark-start (previous, next)
|   0|0x0000027aec000000, 0x0000027aee000000, 0x0000027aee000000|100%| O|  |TAMS 0x0000027aee000000, 0x0000027aec000000| Untracked 
|   1|0x0000027aee000000, 0x0000027af0000000, 0x0000027af0000000|100%|HS|  |TAMS 0x0000027af0000000, 0x0000027aee000000| Complete 
|   2|0x0000027af0000000, 0x0000027af2000000, 0x0000027af2000000|100%| O|  |TAMS 0x0000027af2000000, 0x0000027af0000000| Untracked 
|   3|0x0000027af2000000, 0x0000027af4000000, 0x0000027af4000000|100%| O|  |TAMS 0x0000027af4000000, 0x0000027af2000000| Complete 
|   4|0x0000027af4000000, 0x0000027af6000000, 0x0000027af6000000|100%| O|  |TAMS 0x0000027af6000000, 0x0000027af4000000| Untracked 
|   5|0x0000027af6000000, 0x0000027af8000000, 0x0000027af8000000|100%| O|  |TAMS 0x0000027af8000000, 0x0000027af6000000| Untracked 
|   6|0x0000027af8000000, 0x0000027afa000000, 0x0000027afa000000|100%| O|  |TAMS 0x0000027af8bdfc00, 0x0000027af8000000| Untracked 
|   7|0x0000027afa000000, 0x0000027afad18e00, 0x0000027afc000000| 40%| O|  |TAMS 0x0000027afa000000, 0x0000027afa000000| Untracked 
|   8|0x0000027afc000000, 0x0000027afc000000, 0x0000027afe000000|  0%| F|  |TAMS 0x0000027afc000000, 0x0000027afc000000| Untracked 
|   9|0x0000027afe000000, 0x0000027afe000000, 0x0000027b00000000|  0%| F|  |TAMS 0x0000027afe000000, 0x0000027afe000000| Untracked 
|  10|0x0000027b00000000, 0x0000027b00000000, 0x0000027b02000000|  0%| F|  |TAMS 0x0000027b00000000, 0x0000027b00000000| Untracked 
|  11|0x0000027b02000000, 0x0000027b02000000, 0x0000027b04000000|  0%| F|  |TAMS 0x0000027b02000000, 0x0000027b02000000| Untracked 
|  12|0x0000027b04000000, 0x0000027b04000000, 0x0000027b06000000|  0%| F|  |TAMS 0x0000027b04000000, 0x0000027b04000000| Untracked 
|  13|0x0000027b06000000, 0x0000027b06000000, 0x0000027b08000000|  0%| F|  |TAMS 0x0000027b06000000, 0x0000027b06000000| Untracked 
|  14|0x0000027b08000000, 0x0000027b083d85c0, 0x0000027b0a000000| 12%| S|CS|TAMS 0x0000027b08000000, 0x0000027b08000000| Complete 
|  15|0x0000027b0a000000, 0x0000027b0a000000, 0x0000027b0c000000|  0%| F|  |TAMS 0x0000027b0a000000, 0x0000027b0a000000| Untracked 
|  16|0x0000027b0c000000, 0x0000027b0c000000, 0x0000027b0e000000|  0%| F|  |TAMS 0x0000027b0c000000, 0x0000027b0c000000| Untracked 
|  17|0x0000027b0e000000, 0x0000027b0e000000, 0x0000027b10000000|  0%| F|  |TAMS 0x0000027b0e000000, 0x0000027b0e000000| Untracked 
|  18|0x0000027b10000000, 0x0000027b10000000, 0x0000027b12000000|  0%| F|  |TAMS 0x0000027b10000000, 0x0000027b10000000| Untracked 
|  19|0x0000027b12000000, 0x0000027b12000000, 0x0000027b14000000|  0%| F|  |TAMS 0x0000027b12000000, 0x0000027b12000000| Untracked 
|  20|0x0000027b14000000, 0x0000027b14000000, 0x0000027b16000000|  0%| F|  |TAMS 0x0000027b14000000, 0x0000027b14000000| Untracked 
|  21|0x0000027b16000000, 0x0000027b16000000, 0x0000027b18000000|  0%| F|  |TAMS 0x0000027b16000000, 0x0000027b16000000| Untracked 
|  22|0x0000027b18000000, 0x0000027b18000000, 0x0000027b1a000000|  0%| F|  |TAMS 0x0000027b18000000, 0x0000027b18000000| Untracked 
|  23|0x0000027b1a000000, 0x0000027b1a000000, 0x0000027b1c000000|  0%| F|  |TAMS 0x0000027b1a000000, 0x0000027b1a000000| Untracked 
|  24|0x0000027b1c000000, 0x0000027b1c000000, 0x0000027b1e000000|  0%| F|  |TAMS 0x0000027b1c000000, 0x0000027b1c000000| Untracked 
|  25|0x0000027b1e000000, 0x0000027b1e000000, 0x0000027b20000000|  0%| F|  |TAMS 0x0000027b1e000000, 0x0000027b1e000000| Untracked 
|  26|0x0000027b20000000, 0x0000027b20000000, 0x0000027b22000000|  0%| F|  |TAMS 0x0000027b20000000, 0x0000027b20000000| Untracked 
|  27|0x0000027b22000000, 0x0000027b22000000, 0x0000027b24000000|  0%| F|  |TAMS 0x0000027b22000000, 0x0000027b22000000| Untracked 
|  28|0x0000027b24000000, 0x0000027b24000000, 0x0000027b26000000|  0%| F|  |TAMS 0x0000027b24000000, 0x0000027b24000000| Untracked 
|  29|0x0000027b26000000, 0x0000027b26000000, 0x0000027b28000000|  0%| F|  |TAMS 0x0000027b26000000, 0x0000027b26000000| Untracked 
|  30|0x0000027b28000000, 0x0000027b29af81f0, 0x0000027b2a000000| 84%| E|  |TAMS 0x0000027b28000000, 0x0000027b28000000| Complete 
|  31|0x0000027b2a000000, 0x0000027b2c000000, 0x0000027b2c000000|100%| E|CS|TAMS 0x0000027b2a000000, 0x0000027b2a000000| Complete 

Card table byte_map: [0x0000067cf4010000,0x0000067ef4010000] _byte_map_base: 0x0000067bb68b0000

Marking Bits (Prev, Next): (CMBitMap*) 0x0000027ad855b470, (CMBitMap*) 0x0000027ad855b430
 Prev Bits: [0x00000690f4010000, 0x000006a0f4010000)
 Next Bits: [0x00000680f4010000, 0x00000690f4010000)

Polling page: 0x0000027ad6430000

Metaspace:

Usage:
  Non-class:     20.33 MB used.
      Class:      2.28 MB used.
       Both:     22.61 MB used.

Virtual space:
  Non-class space:       64.00 MB reserved,      20.50 MB ( 32%) committed,  1 nodes.
      Class space:        1.00 GB reserved,       2.44 MB ( <1%) committed,  1 nodes.
             Both:        1.06 GB reserved,      22.94 MB (  2%) committed. 

Chunk freelists:
   Non-Class:  10.98 MB
       Class:  13.60 MB
        Both:  24.59 MB

MaxMetaspaceSize: unlimited
CompressedClassSpaceSize: 1.00 GB
Initial GC threshold: 21.00 MB
Current GC threshold: 35.56 MB
CDS: off
MetaspaceReclaimPolicy: balanced
 - commit_granule_bytes: 65536.
 - commit_granule_words: 8192.
 - virtual_space_node_default_size: 8388608.
 - enlarge_chunks_in_place: 1.
 - new_chunks_are_fully_committed: 0.
 - uncommit_free_chunks: 1.
 - use_allocation_guard: 0.
 - handle_deallocations: 1.


Internal statistics:

num_allocs_failed_limit: 3.
num_arena_births: 268.
num_arena_deaths: 0.
num_vsnodes_births: 2.
num_vsnodes_deaths: 0.
num_space_committed: 367.
num_space_uncommitted: 0.
num_chunks_returned_to_freelist: 3.
num_chunks_taken_from_freelist: 407.
num_chunk_merges: 0.
num_chunk_splits: 228.
num_chunks_enlarged: 108.
num_inconsistent_stats: 0.

CodeHeap 'non-profiled nmethods': size=120000Kb used=1467Kb max_used=1467Kb free=118532Kb
 bounds [0x0000027ae3b20000, 0x0000027ae3d90000, 0x0000027aeb050000]
CodeHeap 'profiled nmethods': size=120000Kb used=6286Kb max_used=6286Kb free=113713Kb
 bounds [0x0000027adc050000, 0x0000027adc680000, 0x0000027ae3580000]
CodeHeap 'non-nmethods': size=5760Kb used=1318Kb max_used=1409Kb free=4441Kb
 bounds [0x0000027ae3580000, 0x0000027ae37f0000, 0x0000027ae3b20000]
 total_blobs=3882 nmethods=3228 adapters=566
 compilation: enabled
              stopped_count=0, restarted_count=0
 full_count=0

Compilation events (20 events):
Event: 31.855 Thread 0x000006a0fb077aa0 3220       3       java.util.Collections$SingletonMap::values (23 bytes)
Event: 31.855 Thread 0x000006a0fb077aa0 nmethod 3220 0x0000027adc66a590 code [0x0000027adc66a760, 0x0000027adc66ab98]
Event: 31.855 Thread 0x000006a0fb077aa0 3221       3       java.util.Collections$SingletonSet::spliterator (8 bytes)
Event: 31.855 Thread 0x000006a0fb077aa0 nmethod 3221 0x0000027adc66ad10 code [0x0000027adc66aec0, 0x0000027adc66b198]
Event: 31.855 Thread 0x000006a0fb077aa0 3222       3       java.util.Collections::singletonSpliterator (9 bytes)
Event: 31.855 Thread 0x000006a0fb077aa0 nmethod 3222 0x0000027adc66b290 code [0x0000027adc66b440, 0x0000027adc66b6b8]
Event: 31.870 Thread 0x000006a0fb076ff0 3223       4       java.lang.StringUTF16$CharsSpliterator::estimateSize (11 bytes)
Event: 31.870 Thread 0x000006a0fb076ff0 nmethod 3223 0x0000027ae3c8e710 code [0x0000027ae3c8e880, 0x0000027ae3c8e8f8]
Event: 31.870 Thread 0x000006a0fb076ff0 3224       4       java.lang.CharacterData00::getProperties (32 bytes)
Event: 31.871 Thread 0x000006a0fb076ff0 nmethod 3224 0x0000027ae3c8ea10 code [0x0000027ae3c8eba0, 0x0000027ae3c8ec98]
Event: 32.126 Thread 0x000006a0fb077aa0 3225       3       java.util.Formatter$FormatSpecifier::addZeros (112 bytes)
Event: 32.127 Thread 0x000006a0fb077aa0 nmethod 3225 0x0000027adc66b790 code [0x0000027adc66b9a0, 0x0000027adc66c0a8]
Event: 32.465 Thread 0x000006a0fb077aa0 3226       3       java.util.Formatter$Conversion::isInteger (50 bytes)
Event: 32.465 Thread 0x000006a0fb077aa0 nmethod 3226 0x0000027adc66c390 code [0x0000027adc66c520, 0x0000027adc66c6d8]
Event: 32.465 Thread 0x000006a0fb077aa0 3227       3       java.util.Formatter$Conversion::isFloat (74 bytes)
Event: 32.465 Thread 0x000006a0fb077aa0 nmethod 3227 0x0000027adc66c790 code [0x0000027adc66c920, 0x0000027adc66cb18]
Event: 32.465 Thread 0x000006a0fb077aa0 3228       3       java.util.Formatter$FormatSpecifier::checkFloat (98 bytes)
Event: 32.466 Thread 0x000006a0fb077aa0 nmethod 3228 0x0000027adc66cb90 code [0x0000027adc66cde0, 0x0000027adc66d8b8]
Event: 32.771 Thread 0x000006a0fb077aa0 3229       3       java.util.Formatter$FormatSpecifier::print (925 bytes)
Event: 32.776 Thread 0x000006a0fb077aa0 nmethod 3229 0x0000027adc66da90 code [0x0000027adc66e1c0, 0x0000027adc671f78]

GC Heap History (18 events):
Event: 0.976 GC heap before
{Heap before GC invocations=0 (full 0):
 garbage-first heap   total 262144K, used 0K [0x0000027aec000000, 0x0000067aec000000)
  region size 32768K, 1 young (32768K), 0 survivors (0K)
 Metaspace       used 15906K, committed 16128K, reserved 1114112K
  class space    used 1495K, committed 1600K, reserved 1048576K
}
Event: 0.987 GC heap after
{Heap after GC invocations=1 (full 0):
 garbage-first heap   total 262144K, used 5957K [0x0000027aec000000, 0x0000067aec000000)
  region size 32768K, 1 young (32768K), 1 survivors (32768K)
 Metaspace       used 15906K, committed 16128K, reserved 1114112K
  class space    used 1495K, committed 1600K, reserved 1048576K
}
Event: 1.101 GC heap before
{Heap before GC invocations=1 (full 0):
 garbage-first heap   total 262144K, used 5957K [0x0000027aec000000, 0x0000067aec000000)
  region size 32768K, 2 young (65536K), 1 survivors (32768K)
 Metaspace       used 16526K, committed 16768K, reserved 1114112K
  class space    used 1554K, committed 1664K, reserved 1048576K
}
Event: 1.108 GC heap after
{Heap after GC invocations=2 (full 0):
 garbage-first heap   total 262144K, used 15276K [0x0000027aec000000, 0x0000067aec000000)
  region size 32768K, 1 young (32768K), 1 survivors (32768K)
 Metaspace       used 16526K, committed 16768K, reserved 1114112K
  class space    used 1554K, committed 1664K, reserved 1048576K
}
Event: 1.391 GC heap before
{Heap before GC invocations=2 (full 0):
 garbage-first heap   total 262144K, used 48044K [0x0000027aec000000, 0x0000067aec000000)
  region size 32768K, 2 young (65536K), 1 survivors (32768K)
 Metaspace       used 16534K, committed 16768K, reserved 1114112K
  class space    used 1554K, committed 1664K, reserved 1048576K
}
Event: 1.404 GC heap after
{Heap after GC invocations=3 (full 0):
 garbage-first heap   total 262144K, used 31204K [0x0000027aec000000, 0x0000067aec000000)
  region size 32768K, 1 young (32768K), 1 survivors (32768K)
 Metaspace       used 16534K, committed 16768K, reserved 1114112K
  class space    used 1554K, committed 1664K, reserved 1048576K
}
Event: 1.434 GC heap before
{Heap before GC invocations=3 (full 0):
 garbage-first heap   total 262144K, used 31204K [0x0000027aec000000, 0x0000067aec000000)
  region size 32768K, 2 young (65536K), 1 survivors (32768K)
 Metaspace       used 16534K, committed 16768K, reserved 1114112K
  class space    used 1554K, committed 1664K, reserved 1048576K
}
Event: 1.448 GC heap after
{Heap after GC invocations=4 (full 0):
 garbage-first heap   total 262144K, used 47398K [0x0000027aec000000, 0x0000067aec000000)
  region size 32768K, 1 young (32768K), 1 survivors (32768K)
 Metaspace       used 16534K, committed 16768K, reserved 1114112K
  class space    used 1554K, committed 1664K, reserved 1048576K
}
Event: 1.612 GC heap before
{Heap before GC invocations=4 (full 0):
 garbage-first heap   total 262144K, used 80166K [0x0000027aec000000, 0x0000067aec000000)
  region size 32768K, 2 young (65536K), 1 survivors (32768K)
 Metaspace       used 16886K, committed 17152K, reserved 1114112K
  class space    used 1605K, committed 1728K, reserved 1048576K
}
Event: 1.624 GC heap after
{Heap after GC invocations=5 (full 0):
 garbage-first heap   total 524288K, used 106501K [0x0000027aec000000, 0x0000067aec000000)
  region size 32768K, 1 young (32768K), 1 survivors (32768K)
 Metaspace       used 16886K, committed 17152K, reserved 1114112K
  class space    used 1605K, committed 1728K, reserved 1048576K
}
Event: 1.658 GC heap before
{Heap before GC invocations=5 (full 0):
 garbage-first heap   total 524288K, used 106501K [0x0000027aec000000, 0x0000067aec000000)
  region size 32768K, 2 young (65536K), 1 survivors (32768K)
 Metaspace       used 16890K, committed 17152K, reserved 1114112K
  class space    used 1605K, committed 1728K, reserved 1048576K
}
Event: 1.674 GC heap after
{Heap after GC invocations=6 (full 0):
 garbage-first heap   total 524288K, used 162429K [0x0000027aec000000, 0x0000067aec000000)
  region size 32768K, 1 young (32768K), 1 survivors (32768K)
 Metaspace       used 16890K, committed 17152K, reserved 1114112K
  class space    used 1605K, committed 1728K, reserved 1048576K
}
Event: 1.842 GC heap before
{Heap before GC invocations=6 (full 0):
 garbage-first heap   total 524288K, used 195197K [0x0000027aec000000, 0x0000067aec000000)
  region size 32768K, 2 young (65536K), 1 survivors (32768K)
 Metaspace       used 17219K, committed 17408K, reserved 1114112K
  class space    used 1643K, committed 1728K, reserved 1048576K
}
Event: 1.854 GC heap after
{Heap after GC invocations=7 (full 0):
 garbage-first heap   total 524288K, used 170700K [0x0000027aec000000, 0x0000067aec000000)
  region size 32768K, 1 young (32768K), 1 survivors (32768K)
 Metaspace       used 17219K, committed 17408K, reserved 1114112K
  class space    used 1643K, committed 1728K, reserved 1048576K
}
Event: 2.693 GC heap before
{Heap before GC invocations=7 (full 0):
 garbage-first heap   total 524288K, used 236236K [0x0000027aec000000, 0x0000067aec000000)
  region size 32768K, 3 young (98304K), 1 survivors (32768K)
 Metaspace       used 18604K, committed 18880K, reserved 1114112K
  class space    used 1810K, committed 1920K, reserved 1048576K
}
Event: 2.716 GC heap after
{Heap after GC invocations=8 (full 0):
 garbage-first heap   total 524288K, used 241535K [0x0000027aec000000, 0x0000067aec000000)
  region size 32768K, 1 young (32768K), 1 survivors (32768K)
 Metaspace       used 18604K, committed 18880K, reserved 1114112K
  class space    used 1810K, committed 1920K, reserved 1048576K
}
Event: 3.856 GC heap before
{Heap before GC invocations=8 (full 0):
 garbage-first heap   total 524288K, used 241535K [0x0000027aec000000, 0x0000067aec000000)
  region size 32768K, 2 young (65536K), 1 survivors (32768K)
 Metaspace       used 21177K, committed 21504K, reserved 1114112K
  class space    used 2194K, committed 2368K, reserved 1048576K
}
Event: 3.869 GC heap after
{Heap after GC invocations=9 (full 0):
 garbage-first heap   total 1048576K, used 246724K [0x0000027aec000000, 0x0000067aec000000)
  region size 32768K, 1 young (32768K), 1 survivors (32768K)
 Metaspace       used 21177K, committed 21504K, reserved 1114112K
  class space    used 2194K, committed 2368K, reserved 1048576K
}

Dll operation events (3 events):
Event: 0.007 Loaded shared library C:\Users\bader\.jdks\jbrsdk_jcef-17.0.9\bin\java.dll
Event: 0.099 Loaded shared library C:\Users\bader\.jdks\jbrsdk_jcef-17.0.9\bin\jsvml.dll
Event: 0.207 Loaded shared library C:\Users\bader\.jdks\jbrsdk_jcef-17.0.9\bin\zip.dll

Deoptimization events (20 events):
Event: 23.240 Thread 0x0000027a8b199a20 DEOPT PACKING pc=0x0000027adc5bb4c5 sp=0x00000081557ff440
Event: 23.240 Thread 0x0000027a8b199a20 DEOPT UNPACKING pc=0x0000027ae35d7143 sp=0x00000081557fe950 mode 0
Event: 23.398 Thread 0x0000027a8b196270 Uncommon trap: trap_request=0xffffffde fr.pc=0x0000027ae3c1f884 relative=0x0000000000007ee4
Event: 23.398 Thread 0x0000027a8b196270 Uncommon trap: reason=class_check action=maybe_recompile pc=0x0000027ae3c1f884 method=java.awt.EventQueue.coalesceMouseEvent(Ljava/awt/event/MouseEvent;)Z @ 4 c2
Event: 23.398 Thread 0x0000027a8b196270 DEOPT PACKING pc=0x0000027ae3c1f884 sp=0x0000008154eff180
Event: 23.398 Thread 0x0000027a8b196270 DEOPT UNPACKING pc=0x0000027ae35d69a3 sp=0x0000008154efee80 mode 2
Event: 23.402 Thread 0x0000027a8b196270 Uncommon trap: trap_request=0xffffffde fr.pc=0x0000027ae3c1f884 relative=0x0000000000007ee4
Event: 23.402 Thread 0x0000027a8b196270 Uncommon trap: reason=class_check action=maybe_recompile pc=0x0000027ae3c1f884 method=java.awt.EventQueue.coalesceMouseEvent(Ljava/awt/event/MouseEvent;)Z @ 4 c2
Event: 23.402 Thread 0x0000027a8b196270 DEOPT PACKING pc=0x0000027ae3c1f884 sp=0x0000008154eff180
Event: 23.402 Thread 0x0000027a8b196270 DEOPT UNPACKING pc=0x0000027ae35d69a3 sp=0x0000008154efee80 mode 2
Event: 23.414 Thread 0x0000027a8b196270 Uncommon trap: trap_request=0xffffffde fr.pc=0x0000027ae3c1f884 relative=0x0000000000007ee4
Event: 23.414 Thread 0x0000027a8b196270 Uncommon trap: reason=class_check action=maybe_recompile pc=0x0000027ae3c1f884 method=java.awt.EventQueue.coalesceMouseEvent(Ljava/awt/event/MouseEvent;)Z @ 4 c2
Event: 23.414 Thread 0x0000027a8b196270 DEOPT PACKING pc=0x0000027ae3c1f884 sp=0x0000008154eff180
Event: 23.414 Thread 0x0000027a8b196270 DEOPT UNPACKING pc=0x0000027ae35d69a3 sp=0x0000008154efee80 mode 2
Event: 23.440 Thread 0x0000027a8b196270 Uncommon trap: trap_request=0xffffffde fr.pc=0x0000027ae3c1f884 relative=0x0000000000007ee4
Event: 23.440 Thread 0x0000027a8b196270 Uncommon trap: reason=class_check action=maybe_recompile pc=0x0000027ae3c1f884 method=java.awt.EventQueue.coalesceMouseEvent(Ljava/awt/event/MouseEvent;)Z @ 4 c2
Event: 23.440 Thread 0x0000027a8b196270 DEOPT PACKING pc=0x0000027ae3c1f884 sp=0x0000008154eff180
Event: 23.440 Thread 0x0000027a8b196270 DEOPT UNPACKING pc=0x0000027ae35d69a3 sp=0x0000008154efee80 mode 2
Event: 27.212 Thread 0x0000027a8b199a20 DEOPT PACKING pc=0x0000027adc6032f7 sp=0x00000081557ff2a0
Event: 27.212 Thread 0x0000027a8b199a20 DEOPT UNPACKING pc=0x0000027ae35d7143 sp=0x00000081557fe838 mode 0

Classes unloaded (0 events):
No events

Classes redefined (0 events):
No events

Internal exceptions (20 events):
Event: 0.913 Thread 0x0000027ad849e580 Exception <a 'java/lang/NoSuchMethodError'{0x0000027afb7450f0}: 'int java.lang.invoke.DirectMethodHandle$Holder.invokeStaticInit(java.lang.Object, int, int)'> (0x0000027afb7450f0) 
thrown [s\src\hotspot\share\interpreter\linkResolver.cpp, line 771]
Event: 0.914 Thread 0x0000027ad849e580 Exception <a 'java/lang/NoSuchMethodError'{0x0000027afb74ec18}: 'int java.lang.invoke.DirectMethodHandle$Holder.invokeStaticInit(java.lang.Object, long, long)'> (0x0000027afb74ec18) 
thrown [s\src\hotspot\share\interpreter\linkResolver.cpp, line 771]
Event: 0.915 Thread 0x0000027ad849e580 Exception <a 'java/lang/NoSuchMethodError'{0x0000027afb757900}: 'int java.lang.invoke.DirectMethodHandle$Holder.invokeStaticInit(java.lang.Object, float, float)'> (0x0000027afb757900) 
thrown [s\src\hotspot\share\interpreter\linkResolver.cpp, line 771]
Event: 0.915 Thread 0x0000027ad849e580 Exception <a 'java/lang/NoSuchMethodError'{0x0000027afb7605f0}: 'int java.lang.invoke.DirectMethodHandle$Holder.invokeStaticInit(java.lang.Object, double, double)'> (0x0000027afb7605f0) 
thrown [s\src\hotspot\share\interpreter\linkResolver.cpp, line 771]
Event: 0.916 Thread 0x0000027ad849e580 Exception <a 'java/lang/NoSuchMethodError'{0x0000027afb7660c0}: 'int java.lang.invoke.DirectMethodHandle$Holder.invokeStatic(java.lang.Object, long)'> (0x0000027afb7660c0) 
thrown [s\src\hotspot\share\interpreter\linkResolver.cpp, line 771]
Event: 0.919 Thread 0x0000027ad849e580 Exception <a 'java/lang/NoSuchMethodError'{0x0000027afb794f58}: 'int java.lang.invoke.Invokers$Holder.linkToTargetMethod(java.lang.Object, java.lang.Object)'> (0x0000027afb794f58) 
thrown [s\src\hotspot\share\interpreter\linkResolver.cpp, line 771]
Event: 2.099 Thread 0x0000027ad849e580 Exception <a 'java/lang/NoSuchMethodError'{0x0000027b0b19e7a8}: 'void java.lang.invoke.DirectMethodHandle$Holder.invokeSpecial(java.lang.Object, java.lang.Object, java.lang.Object)'> (0x0000027b0b19e7a8) 
thrown [s\src\hotspot\share\interpreter\linkResolver.cpp, line 771]
Event: 2.659 Thread 0x0000027ad849e580 Exception <a 'java/lang/NoSuchMethodError'{0x0000027b09e4c290}: 'void java.lang.invoke.DirectMethodHandle$Holder.invokeStaticInit(java.lang.Object)'> (0x0000027b09e4c290) 
thrown [s\src\hotspot\share\interpreter\linkResolver.cpp, line 771]
Event: 2.721 Thread 0x0000027a8b196270 Exception <a 'java/lang/NoSuchMethodError'{0x0000027b0a01cf70}: 'java.lang.Object java.lang.invoke.DirectMethodHandle$Holder.newInvokeSpecial(java.lang.Object, java.lang.Object, java.lang.Object, java.lang.Object, java.lang.Object)'> (0x0000027b0a01cf70) 
thrown [s\src\hotspot\share\interpreter\linkResolver.cpp, line 771]
Event: 2.724 Thread 0x0000027a8b196270 Exception <a 'java/lang/NoSuchMethodError'{0x0000027b0a02bb48}: 'java.lang.Object java.lang.invoke.DirectMethodHandle$Holder.invokeStatic(java.lang.Object, int, java.lang.Object, java.lang.Object, java.lang.Object, java.lang.Object)'> (0x0000027b0a02bb48) 
thrown [s\src\hotspot\share\interpreter\linkResolver.cpp, line 771]
Event: 2.752 Thread 0x0000027a8b196270 Exception <a 'java/lang/ClassNotFoundException'{0x0000027b0a14b270}: com/sun/swing/internal/plaf/metal/resources/spi/metalProvider> (0x0000027b0a14b270) 
thrown [s\src\hotspot\share\classfile\systemDictionary.cpp, line 256]
Event: 2.753 Thread 0x0000027a8b196270 Exception <a 'java/lang/ClassNotFoundException'{0x0000027b0a1511c8}: com/sun/swing/internal/plaf/basic/resources/spi/basicProvider> (0x0000027b0a1511c8) 
thrown [s\src\hotspot\share\classfile\systemDictionary.cpp, line 256]
Event: 2.756 Thread 0x0000027a8b196270 Exception <a 'java/lang/NoSuchMethodError'{0x0000027b0a1757f8}: 'java.lang.Object java.lang.invoke.Invokers$Holder.linkToTargetMethod(java.lang.Object, int, java.lang.Object, java.lang.Object, java.lang.Object)'> (0x0000027b0a1757f8) 
thrown [s\src\hotspot\share\interpreter\linkResolver.cpp, line 771]
Event: 2.778 Thread 0x0000027a8ae7edf0 Exception <a 'java/lang/NoSuchMethodError'{0x0000027b0a1cebd0}: 'void java.lang.invoke.DirectMethodHandle$Holder.invokeVirtual(java.lang.Object, java.lang.Object)'> (0x0000027b0a1cebd0) 
thrown [s\src\hotspot\share\interpreter\linkResolver.cpp, line 771]
Event: 2.797 Thread 0x0000027a8b196270 Exception <a 'java/lang/NoSuchMethodError'{0x0000027b0a24e758}: 'java.lang.Object java.lang.invoke.DirectMethodHandle$Holder.newInvokeSpecial(java.lang.Object, java.lang.Object, int, int, int, int)'> (0x0000027b0a24e758) 
thrown [s\src\hotspot\share\interpreter\linkResolver.cpp, line 771]
Event: 2.800 Thread 0x0000027a8b196270 Exception <a 'java/lang/NoSuchMethodError'{0x0000027b0a2604a8}: 'void java.lang.invoke.DirectMethodHandle$Holder.invokeSpecial(java.lang.Object, java.lang.Object, int, int)'> (0x0000027b0a2604a8) 
thrown [s\src\hotspot\share\interpreter\linkResolver.cpp, line 771]
Event: 2.800 Thread 0x0000027a8b196270 Exception <a 'java/lang/NoSuchMethodError'{0x0000027b0a268310}: 'java.lang.Object java.lang.invoke.DirectMethodHandle$Holder.newInvokeSpecial(java.lang.Object, java.lang.Object, int, int)'> (0x0000027b0a268310) 
thrown [s\src\hotspot\share\interpreter\linkResolver.cpp, line 771]
Event: 2.972 Thread 0x0000027a8b196270 Exception <a 'java/lang/NoSuchMethodError'{0x0000027b0a389518}: 'java.lang.Object java.lang.invoke.Invokers$Holder.invoke_MT(java.lang.Object, java.lang.Object, java.lang.Object)'> (0x0000027b0a389518) 
thrown [s\src\hotspot\share\interpreter\linkResolver.cpp, line 771]
Event: 2.973 Thread 0x0000027a8b196270 Exception <a 'java/lang/NoSuchMethodError'{0x0000027b0a397c98}: 'int java.lang.invoke.Invokers$Holder.invoke_MT(java.lang.Object, java.lang.Object, java.lang.Object)'> (0x0000027b0a397c98) 
thrown [s\src\hotspot\share\interpreter\linkResolver.cpp, line 771]
Event: 21.341 Thread 0x0000027a8b196270 Implicit null exception at 0x0000027ae3c051c0 to 0x0000027ae3c053a4

VM Operations (20 events):
Event: 22.821 Executing VM operation: HandshakeAllThreads
Event: 22.821 Executing VM operation: HandshakeAllThreads done
Event: 23.825 Executing VM operation: Cleanup
Event: 23.825 Executing VM operation: Cleanup done
Event: 24.834 Executing VM operation: Cleanup
Event: 24.850 Executing VM operation: Cleanup done
Event: 26.861 Executing VM operation: Cleanup
Event: 26.861 Executing VM operation: Cleanup done
Event: 27.864 Executing VM operation: Cleanup
Event: 27.864 Executing VM operation: Cleanup done
Event: 28.866 Executing VM operation: Cleanup
Event: 28.867 Executing VM operation: Cleanup done
Event: 29.876 Executing VM operation: Cleanup
Event: 29.877 Executing VM operation: Cleanup done
Event: 30.886 Executing VM operation: Cleanup
Event: 30.886 Executing VM operation: Cleanup done
Event: 31.887 Executing VM operation: Cleanup
Event: 31.887 Executing VM operation: Cleanup done
Event: 32.893 Executing VM operation: Cleanup
Event: 32.893 Executing VM operation: Cleanup done

Events (20 events):
Event: 23.430 loading class java/awt/image/BufferedImageOp
Event: 23.430 loading class java/awt/image/BufferedImageOp done
Event: 23.686 loading class jdk/internal/math/FDBigInteger
Event: 23.686 loading class jdk/internal/math/FDBigInteger done
Event: 23.754 Thread 0x0000027a8ac73ef0 Thread exited: 0x0000027a8ac73ef0
Event: 32.899 loading class jdk/internal/misc/Signal$1
Event: 32.899 loading class jdk/internal/misc/Signal$1 done
Event: 32.899 Thread 0x0000027a8b1985e0 Thread added: 0x0000027a8b1985e0
Event: 32.900 Thread 0x0000027a8b192ac0 Thread added: 0x0000027a8b192ac0
Event: 32.900 Thread 0x0000027a8b1934e0 Thread added: 0x0000027a8b1934e0
Event: 32.900 Thread 0x0000027a8b194920 Thread added: 0x0000027a8b194920
Event: 32.900 loading class java/util/WeakHashMap$KeyIterator
Event: 32.900 loading class java/util/WeakHashMap$HashIterator
Event: 32.900 loading class java/util/WeakHashMap$HashIterator done
Event: 32.900 loading class java/util/WeakHashMap$KeyIterator done
Event: 32.900 Thread 0x0000027a8b192ac0 Thread exited: 0x0000027a8b192ac0
Event: 32.900 loading class sun/font/SunFontManager$8$1
Event: 32.900 loading class sun/font/SunFontManager$8$1 done
Event: 32.903 Thread 0x0000027a8b194920 Thread exited: 0x0000027a8b194920
Event: 32.921 Thread 0x0000027a8ae7edf0 Thread exited: 0x0000027a8ae7edf0


Dynamic libraries:
0x00007ff7daa20000 - 0x00007ff7daa2a000 	C:\Users\bader\.jdks\jbrsdk_jcef-17.0.9\bin\java.exe
0x00007ffed6e90000 - 0x00007ffed7088000 	C:\Windows\SYSTEM32\ntdll.dll
0x00007ffed4f20000 - 0x00007ffed4fe2000 	C:\Windows\System32\KERNEL32.DLL
0x00007ffed4960000 - 0x00007ffed4c5e000 	C:\Windows\System32\KERNELBASE.dll
0x00007ffed4db0000 - 0x00007ffed4eb0000 	C:\Windows\System32\ucrtbase.dll
0x00007ffecf410000 - 0x00007ffecf427000 	C:\Users\bader\.jdks\jbrsdk_jcef-17.0.9\bin\jli.dll
0x00007ffecf390000 - 0x00007ffecf3ab000 	C:\Users\bader\.jdks\jbrsdk_jcef-17.0.9\bin\VCRUNTIME140.dll
0x00007ffed6bd0000 - 0x00007ffed6d6d000 	C:\Windows\System32\USER32.dll
0x00007ffed4650000 - 0x00007ffed4672000 	C:\Windows\System32\win32u.dll
0x00007ffeba210000 - 0x00007ffeba4aa000 	C:\Windows\WinSxS\amd64_microsoft.windows.common-controls_6595b64144ccf1df_6.0.19041.4355_none_60b8b9eb71f62e16\COMCTL32.dll
0x00007ffed61a0000 - 0x00007ffed61cb000 	C:\Windows\System32\GDI32.dll
0x00007ffed67d0000 - 0x00007ffed686e000 	C:\Windows\System32\msvcrt.dll
0x00007ffed4530000 - 0x00007ffed4647000 	C:\Windows\System32\gdi32full.dll
0x00007ffed4d10000 - 0x00007ffed4dad000 	C:\Windows\System32\msvcp_win.dll
0x00007ffed6100000 - 0x00007ffed612f000 	C:\Windows\System32\IMM32.DLL
0x00007ffecf570000 - 0x00007ffecf57c000 	C:\Users\bader\.jdks\jbrsdk_jcef-17.0.9\bin\vcruntime140_1.dll
0x00007ffeb93b0000 - 0x00007ffeb943d000 	C:\Users\bader\.jdks\jbrsdk_jcef-17.0.9\bin\msvcp140.dll
0x00007ffe65cf0000 - 0x00007ffe66972000 	C:\Users\bader\.jdks\jbrsdk_jcef-17.0.9\bin\server\jvm.dll
0x00007ffed6d90000 - 0x00007ffed6e41000 	C:\Windows\System32\ADVAPI32.dll
0x00007ffed5e40000 - 0x00007ffed5edf000 	C:\Windows\System32\sechost.dll
0x00007ffed62a0000 - 0x00007ffed63c3000 	C:\Windows\System32\RPCRT4.dll
0x00007ffed4760000 - 0x00007ffed4787000 	C:\Windows\System32\bcrypt.dll
0x00007ffed3a60000 - 0x00007ffed3aab000 	C:\Windows\SYSTEM32\POWRPROF.dll
0x00007ffeb9a40000 - 0x00007ffeb9a67000 	C:\Windows\SYSTEM32\WINMM.dll
0x00007ffebb4b0000 - 0x00007ffebb4b9000 	C:\Windows\SYSTEM32\WSOCK32.dll
0x00007ffecd650000 - 0x00007ffecd65a000 	C:\Windows\SYSTEM32\VERSION.dll
0x00007ffed6090000 - 0x00007ffed60fb000 	C:\Windows\System32\WS2_32.dll
0x00007ffed3930000 - 0x00007ffed3942000 	C:\Windows\SYSTEM32\UMPDC.dll
0x00007ffed23b0000 - 0x00007ffed23c2000 	C:\Windows\SYSTEM32\kernel.appcore.dll
0x00007ffecf3e0000 - 0x00007ffecf3ea000 	C:\Users\bader\.jdks\jbrsdk_jcef-17.0.9\bin\jimage.dll
0x00007ffed1cc0000 - 0x00007ffed1ea4000 	C:\Windows\SYSTEM32\DBGHELP.DLL
0x00007ffec4470000 - 0x00007ffec44a4000 	C:\Windows\SYSTEM32\dbgcore.DLL
0x00007ffed46d0000 - 0x00007ffed4752000 	C:\Windows\System32\bcryptPrimitives.dll
0x00007ffed0df0000 - 0x00007ffed0dfe000 	C:\Users\bader\.jdks\jbrsdk_jcef-17.0.9\bin\instrument.dll
0x00007ffecd150000 - 0x00007ffecd175000 	C:\Users\bader\.jdks\jbrsdk_jcef-17.0.9\bin\java.dll
0x00007ffecef10000 - 0x00007ffecef28000 	C:\Users\bader\.jdks\jbrsdk_jcef-17.0.9\bin\zip.dll
0x00007ffeabb30000 - 0x00007ffeabc07000 	C:\Users\bader\.jdks\jbrsdk_jcef-17.0.9\bin\jsvml.dll
0x00007ffed4ff0000 - 0x00007ffed575d000 	C:\Windows\System32\SHELL32.dll
0x00007ffed25b0000 - 0x00007ffed2d54000 	C:\Windows\SYSTEM32\windows.storage.dll
0x00007ffed6870000 - 0x00007ffed6bc3000 	C:\Windows\System32\combase.dll
0x00007ffed3f60000 - 0x00007ffed3f8e000 	C:\Windows\SYSTEM32\Wldp.dll
0x00007ffed61d0000 - 0x00007ffed629d000 	C:\Windows\System32\OLEAUT32.dll
0x00007ffed65c0000 - 0x00007ffed666d000 	C:\Windows\System32\SHCORE.dll
0x00007ffed6560000 - 0x00007ffed65b5000 	C:\Windows\System32\shlwapi.dll
0x00007ffed4460000 - 0x00007ffed4484000 	C:\Windows\SYSTEM32\profapi.dll
0x00007ffecc0e0000 - 0x00007ffecc0f9000 	C:\Users\bader\.jdks\jbrsdk_jcef-17.0.9\bin\net.dll
0x00007ffeccc80000 - 0x00007ffeccd8d000 	C:\Windows\SYSTEM32\WINHTTP.dll
0x00007ffed3cc0000 - 0x00007ffed3d2a000 	C:\Windows\system32\mswsock.dll
0x00007ffecc090000 - 0x00007ffecc0a6000 	C:\Users\bader\.jdks\jbrsdk_jcef-17.0.9\bin\nio.dll
0x00007ffecf3f0000 - 0x00007ffecf40a000 	C:\Program Files\JetBrains\IntelliJ IDEA Community Edition 2023.3.6\bin\breakgen64.dll
0x00007ffe7ff30000 - 0x00007ffe800ca000 	C:\Users\bader\.jdks\jbrsdk_jcef-17.0.9\bin\awt.dll
0x00007ffebbdb0000 - 0x00007ffebbdf4000 	C:\Users\bader\.jdks\jbrsdk_jcef-17.0.9\bin\nvdaControllerClient64.dll
0x00007ffed20b0000 - 0x00007ffed20df000 	C:\Windows\SYSTEM32\dwmapi.dll
0x00007ffecf1c0000 - 0x00007ffecf254000 	C:\Windows\SYSTEM32\apphelp.dll
0x00007ffeb81e0000 - 0x00007ffeb8308000 	C:\Windows\system32\opengl32.dll
0x00007ffeb7c60000 - 0x00007ffeb7c8c000 	C:\Windows\SYSTEM32\GLU32.dll
0x00007ffed1090000 - 0x00007ffed112e000 	C:\Windows\system32\uxtheme.dll
0x00007ffed5bd0000 - 0x00007ffed5ce5000 	C:\Windows\System32\MSCTF.dll
0x00007ffed5cf0000 - 0x00007ffed5d99000 	C:\Windows\System32\clbcatq.dll
0x00007ffe287a0000 - 0x00007ffe2976a000 	C:\Windows\System32\DriverStore\FileRepository\iigd_dch.inf_amd64_5d54dd32fa1ef4d4\ig9icd64.dll
0x00007ffed6430000 - 0x00007ffed655b000 	C:\Windows\System32\ole32.dll
0x00007ffed2dc0000 - 0x00007ffed2eb6000 	C:\Windows\system32\dxgi.dll
0x00007ffec7a80000 - 0x00007ffec7cbf000 	C:\Windows\System32\DriverStore\FileRepository\iigd_dch.inf_amd64_5d54dd32fa1ef4d4\igdgmm64.dll
0x00007ffec4eb0000 - 0x00007ffec7a79000 	C:\Windows\System32\DriverStore\FileRepository\iigd_dch.inf_amd64_5d54dd32fa1ef4d4\igc64.dll
0x00007ffe62d20000 - 0x00007ffe6312c000 	C:\Windows\System32\DriverStore\FileRepository\iigd_dch.inf_amd64_5d54dd32fa1ef4d4\igdml64.dll
0x00007ffed3ec0000 - 0x00007ffed3ed8000 	C:\Windows\SYSTEM32\CRYPTSP.dll
0x00007ffed3570000 - 0x00007ffed35a4000 	C:\Windows\system32\rsaenh.dll
0x00007ffed4420000 - 0x00007ffed444e000 	C:\Windows\SYSTEM32\USERENV.dll
0x00007ffed3eb0000 - 0x00007ffed3ebc000 	C:\Windows\SYSTEM32\CRYPTBASE.dll
0x00007ffed3950000 - 0x00007ffed398b000 	C:\Windows\SYSTEM32\IPHLPAPI.DLL
0x00007ffed5e30000 - 0x00007ffed5e38000 	C:\Windows\System32\NSI.dll
0x00007ffecc960000 - 0x00007ffecc977000 	C:\Windows\SYSTEM32\dhcpcsvc6.DLL
0x00007ffeccbf0000 - 0x00007ffeccc0d000 	C:\Windows\SYSTEM32\dhcpcsvc.DLL
0x00007ffed3990000 - 0x00007ffed3a5a000 	C:\Windows\SYSTEM32\DNSAPI.dll
0x00007ffeb84c0000 - 0x00007ffeb8547000 	C:\Users\bader\.jdks\jbrsdk_jcef-17.0.9\bin\freetype.dll
0x00007ffea8900000 - 0x00007ffea89d7000 	C:\Users\bader\.jdks\jbrsdk_jcef-17.0.9\bin\fontmanager.dll
0x00007ffecb350000 - 0x00007ffecb362000 	C:\Users\bader\.jdks\jbrsdk_jcef-17.0.9\bin\jsound.dll
0x00007ffeabcf0000 - 0x00007ffeabd8c000 	C:\Windows\SYSTEM32\DSOUND.dll
0x00007ffec02f0000 - 0x00007ffec0316000 	C:\Windows\SYSTEM32\winmmbase.dll
0x00007ffecce00000 - 0x00007ffecce85000 	C:\Windows\System32\MMDevApi.dll
0x00007ffed42c0000 - 0x00007ffed42f3000 	C:\Windows\System32\DEVOBJ.dll
0x00007ffed4680000 - 0x00007ffed46ce000 	C:\Windows\System32\cfgmgr32.dll
0x00007ffeb5080000 - 0x00007ffeb50c6000 	C:\Windows\SYSTEM32\wdmaud.drv
0x00007ffecf4e0000 - 0x00007ffecf4e9000 	C:\Windows\SYSTEM32\ksuser.dll
0x00007ffeced00000 - 0x00007ffeced0a000 	C:\Windows\SYSTEM32\AVRT.dll
0x00007ffecce90000 - 0x00007ffecd011000 	C:\Windows\SYSTEM32\AUDIOSES.DLL
0x00007ffeb5070000 - 0x00007ffeb507d000 	C:\Windows\SYSTEM32\msacm32.drv
0x00007ffeb5050000 - 0x00007ffeb506e000 	C:\Windows\SYSTEM32\MSACM32.dll
0x00007ffeb5040000 - 0x00007ffeb504b000 	C:\Windows\SYSTEM32\midimap.dll
0x00007ffed1fb0000 - 0x00007ffed1fc4000 	C:\Windows\SYSTEM32\resourcepolicyclient.dll
0x00007ffeb1a60000 - 0x00007ffeb1c05000 	C:\Windows\WinSxS\amd64_microsoft.windows.gdiplus_6595b64144ccf1df_1.1.19041.4597_none_91a78020cc854124\gdiplus.dll
0x00007ffebfdd0000 - 0x00007ffebfec9000 	C:\Windows\SYSTEM32\textinputframework.dll
0x00007ffecea50000 - 0x00007ffeceb42000 	C:\Windows\System32\CoreMessaging.dll
0x00007ffece6e0000 - 0x00007ffecea3b000 	C:\Windows\System32\CoreUIComponents.dll
0x00007ffed37c0000 - 0x00007ffed37f3000 	C:\Windows\SYSTEM32\ntmarta.dll
0x00007ffed12c0000 - 0x00007ffed1417000 	C:\Windows\SYSTEM32\wintypes.dll
0x00007ffeb7e70000 - 0x00007ffeb8165000 	C:\Windows\System32\uiautomationcore.dll
0x00007ffed1880000 - 0x00007ffed1976000 	C:\Windows\System32\PROPSYS.dll
0x00007ffeb8170000 - 0x00007ffeb81d6000 	C:\Windows\System32\OLEACC.dll
0x00007ffed08a0000 - 0x00007ffed08a9000 	C:\Users\bader\.jdks\jbrsdk_jcef-17.0.9\bin\management.dll
0x00007ffecbf70000 - 0x00007ffecbf7b000 	C:\Users\bader\.jdks\jbrsdk_jcef-17.0.9\bin\management_ext.dll
0x00007ffed4f10000 - 0x00007ffed4f18000 	C:\Windows\System32\PSAPI.DLL
0x00007ffebb3a0000 - 0x00007ffebb3f1000 	C:\Windows\SYSTEM32\pdh.dll
0x00007ffeb9a00000 - 0x00007ffeb9a0f000 	C:\Windows\System32\perfproc.dll
0x00007ffed0e20000 - 0x00007ffed0e2f000 	C:\Windows\System32\perfos.dll
0x00007ffebfed0000 - 0x00007ffec000f000 	C:\Windows\System32\Windows.UI.dll
0x00007ffecbdf0000 - 0x00007ffecbe91000 	C:\Windows\System32\WindowManagementAPI.dll
0x00007ffebfc70000 - 0x00007ffebfdc2000 	C:\Windows\System32\InputHost.dll
0x00007ffecb4a0000 - 0x00007ffecb6a3000 	C:\Windows\SYSTEM32\twinapi.appcore.dll

dbghelp: loaded successfully - version: 4.0.5 - missing functions: none
symbol engine: initialized successfully - sym options: 0x614 - pdb path: .;C:\Users\bader\.jdks\jbrsdk_jcef-17.0.9\bin;C:\Windows\SYSTEM32;C:\Windows\WinSxS\amd64_microsoft.windows.common-controls_6595b64144ccf1df_6.0.19041.4355_none_60b8b9eb71f62e16;C:\Users\bader\.jdks\jbrsdk_jcef-17.0.9\bin\server;C:\Program Files\JetBrains\IntelliJ IDEA Community Edition 2023.3.6\bin;C:\Windows\System32\DriverStore\FileRepository\iigd_dch.inf_amd64_5d54dd32fa1ef4d4;C:\Windows\WinSxS\amd64_microsoft.windows.gdiplus_6595b64144ccf1df_1.1.19041.4597_none_91a78020cc854124

VM Arguments:
jvm_args: -Xmx3072g -Xmx4096g -Dsun.java2d.opengl=true -XX:ErrorFile=logs/hs_err_pid%p.log -javaagent:C:\Program Files\JetBrains\IntelliJ IDEA Community Edition 2023.3.6\lib\idea_rt.jar=61924:C:\Program Files\JetBrains\IntelliJ IDEA Community Edition 2023.3.6\bin -Dfile.encoding=UTF-8 
java_command: net.sendback.Main
java_class_path (initial): C:\Users\bader\OneDrive\Bureau\Idea\GTS_PRojekt\target\classes
Launcher Type: SUN_STANDARD

[Global flags]
     intx CICompilerCount                          = 4                                         {product} {ergonomic}
     uint ConcGCThreads                            = 3                                         {product} {ergonomic}
    ccstr ErrorFile                                = logs/hs_err_pid%p.log                     {product} {command line}
     uint G1ConcRefinementThreads                  = 10                                        {product} {ergonomic}
   size_t G1HeapRegionSize                         = 33554432                                  {product} {ergonomic}
    uintx GCDrainStackTargetSize                   = 64                                        {product} {ergonomic}
   size_t InitialHeapSize                          = 268435456                                 {product} {ergonomic}
   size_t MarkStackSize                            = 4194304                                   {product} {ergonomic}
   size_t MaxHeapSize                              = 4398046511104                             {product} {command line}
   size_t MaxNewSize                               = 2638821195776                             {product} {ergonomic}
   size_t MinHeapDeltaBytes                        = 33554432                                  {product} {ergonomic}
   size_t MinHeapSize                              = 33554432                                  {product} {ergonomic}
    uintx NonNMethodCodeHeapSize                   = 5839372                                {pd product} {ergonomic}
    uintx NonProfiledCodeHeapSize                  = 122909434                              {pd product} {ergonomic}
    uintx ProfiledCodeHeapSize                     = 122909434                              {pd product} {ergonomic}
    uintx ReservedCodeCacheSize                    = 251658240                              {pd product} {ergonomic}
     bool SegmentedCodeCache                       = true                                      {product} {ergonomic}
   size_t SoftMaxHeapSize                          = 4398046511104                          {manageable} {ergonomic}
     bool UseCompressedClassPointers               = true                           {product lp64_product} {ergonomic}
     bool UseG1GC                                  = true                                      {product} {ergonomic}
     bool UseLargePagesIndividualAllocation        = false                                  {pd product} {ergonomic}

Logging:
Log output configuration:
 #0: stdout all=warning uptime,level,tags
 #1: stderr all=off uptime,level,tags

Environment Variables:
PATH=C:\Program Files\Common Files\Oracle\Java\javapath;C:\Windows\system32;C:\Windows;C:\Windows\System32\Wbem;C:\Windows\System32\WindowsPowerShell\v1.0\;C:\Windows\System32\OpenSSH\;C:\Program Files (x86)\NVIDIA Corporation\PhysX\Common;C:\Program Files\dotnet\;C:\Users\bader\AppData\Local\Microsoft\WindowsApps;C:\Users\bader\AppData\Local\GitHubDesktop\bin
USERNAME=bader
OS=Windows_NT
PROCESSOR_IDENTIFIER=Intel64 Family 6 Model 158 Stepping 10, GenuineIntel
TMP=C:\Users\bader\AppData\Local\Temp
TEMP=C:\Users\bader\AppData\Local\Temp



Periodic native trim disabled

JNI global refs:
JNI global refs: 144, weak refs: 158

JNI global refs memory usage: 2107, weak refs: 2105

OOME stack traces (most recent first):
Classloader memory used:
Loader bootstrap                                                                       : 2854K
Loader jdk.internal.loader.ClassLoaders$AppClassLoader                                 : 31400B
Loader jdk.internal.reflect.DelegatingClassLoader                                      : 5306B
Loader jdk.internal.loader.ClassLoaders$PlatformClassLoader                            : 2871B


---------------  S Y S T E M  ---------------

OS:
 Windows 10 , 64 bit Build 19041 (10.0.19041.5072)
OS uptime: 10 days 7:05 hours

CPU: total 12 (initial active 12) (6 cores per cpu, 2 threads per core) family 6 model 158 stepping 10 microcode 0xf0, cx8, cmov, fxsr, ht, mmx, 3dnowpref, sse, sse2, sse3, ssse3, sse4.1, sse4.2, popcnt, lzcnt, tsc, tscinvbit, avx, avx2, aes, erms, clmul, bmi1, bmi2, adx, fma, vzeroupper, clflush, clflushopt
Processor Information for all 12 processors :
  Max Mhz: 2592, Current Mhz: 2592, Mhz Limit: 2592

Memory: 4k page, system-wide physical 16254M (2836M free)
TotalPageFile size 20769M (AvailPageFile size 2514M)
current process WorkingSet (physical memory assigned to process): 796M, peak: 796M
current process commit charge ("private bytes"): 1499M, peak: 1506M

vm_info: OpenJDK 64-Bit Server VM (17.0.9+8-b1166.2) for windows-amd64 JRE (17.0.9+8-b1166.2), built on 2024-01-13 by "builduser" with MS VC++ 16.10 / 16.11 (VS2019)

END.
