#
# A fatal error has been detected by the Java Runtime Environment:
#
#  EXCEPTION_ACCESS_VIOLATION (0xc0000005) at pc=0x00007ffe4f443c53, pid=42232, tid=23108
#
# JRE version: OpenJDK Runtime Environment JBR-17.0.9+8-1166.2-jcef (17.0.9+8) (build 17.0.9+8-b1166.2)
# Java VM: OpenJDK 64-Bit Server VM JBR-17.0.9+8-1166.2-jcef (17.0.9+8-b1166.2, mixed mode, tiered, compressed class ptrs, g1 gc, windows-amd64)
# Problematic frame:
# C  [ig9icd64.dll+0x9c3c53]
#
# No core dump will be written. Minidumps are not enabled by default on client versions of Windows
#
# If you would like to submit a bug report, please visit:
#   https://youtrack.jetbrains.com/issues/JBR
# The crash happened outside the Java Virtual Machine in native code.
# See problematic frame for where to report the bug.
#

---------------  S U M M A R Y ------------

Command Line: -Xmx3072g -Xmx4096g -Dsun.java2d.opengl=true -XX:ErrorFile=logs/hs_err_pid%p.log -javaagent:C:\Program Files\JetBrains\IntelliJ IDEA Community Edition 2023.3.6\lib\idea_rt.jar=61124:C:\Program Files\JetBrains\IntelliJ IDEA Community Edition 2023.3.6\bin -Dfile.encoding=UTF-8 net.sendback.Main

Host: Intel(R) Core(TM) i7-9750H CPU @ 2.60GHz, 12 cores, 15G,  Windows 10 , 64 bit Build 19041 (10.0.19041.5072)
Time: Thu Nov 14 23:34:40 2024 Mitteleuropäische Zeit elapsed time: 43.421571 seconds (0d 0h 0m 43s)

---------------  T H R E A D  ---------------

Current thread (0x0000068c944ad760):  JavaThread "Java2D Queue Flusher" daemon [_thread_in_native, id=23108, stack(0x000000f1b1c00000,0x000000f1b1d00000)]

Stack: [0x000000f1b1c00000,0x000000f1b1d00000],  sp=0x000000f1b1cfe6a8,  free space=1017k
Native frames: (J=compiled Java code, j=interpreted, Vv=VM code, C=native code)
C  [ig9icd64.dll+0x9c3c53]

Java frames: (J=compiled Java code, j=interpreted, Vv=VM code)
J 2677  sun.java2d.opengl.OGLRenderQueue.flushBuffer(JI)V java.desktop (0 bytes) @ 0x000002660cac5d5b [0x000002660cac5d20+0x000000000000003b]
J 2674 c1 sun.java2d.opengl.OGLRenderQueue.flushBuffer()V java.desktop (41 bytes) @ 0x00000266053e0284 [0x00000266053e0160+0x0000000000000124]
j  sun.java2d.opengl.OGLRenderQueue$QueueFlusher.run()V+81 java.desktop
j  java.lang.Thread.run()V+11 java.base@17.0.9
v  ~StubRoutines::call_stub

siginfo: EXCEPTION_ACCESS_VIOLATION (0xc0000005), reading address 0xffffffffffffffff


Registers:
RAX=0x000000000fff0fff, RBX=0x00007ffe4ea80000, RCX=0x000000033fcf3fcc, RDX=0x000000f1b1cfebc0
RSP=0x000000f1b1cfe6a8, RBP=0x000000f1b1cfe7b0, RSI=0x0000068c9a893f40, RDI=0x000000f1b1cfe9b0
R8 =0x000000f1b1cfe7e0, R9 =0x000000f1b1cfebc0, R10=0x000000f1b1cfe9b0, R11=0x0000000000000000
R12=0x00007ffe4f8aa420, R13=0x0000000000000000, R14=0x0000000000000000, R15=0x00000000000001c1
RIP=0x00007ffe4f443c53, EFLAGS=0x0000000000010206


Register to memory mapping:

RIP=0x00007ffe4f443c53 ig9icd64.dll
RAX=0x000000000fff0fff is an unknown value
RBX=0x00007ffe4ea80000 ig9icd64.dll
RCX=0x000000033fcf3fcc is an unknown value
RDX=0x000000f1b1cfebc0 is pointing into the stack for thread: 0x0000068c944ad760
RSP=0x000000f1b1cfe6a8 is pointing into the stack for thread: 0x0000068c944ad760
RBP=0x000000f1b1cfe7b0 is pointing into the stack for thread: 0x0000068c944ad760
RSI=0x0000068c9a893f40 points into unknown readable memory: 0x0000068c944d7640 | 40 76 4d 94 8c 06 00 00
RDI=0x000000f1b1cfe9b0 is pointing into the stack for thread: 0x0000068c944ad760
R8 =0x000000f1b1cfe7e0 is pointing into the stack for thread: 0x0000068c944ad760
R9 =0x000000f1b1cfebc0 is pointing into the stack for thread: 0x0000068c944ad760
R10=0x000000f1b1cfe9b0 is pointing into the stack for thread: 0x0000068c944ad760
R11=0x0 is NULL
R12=0x00007ffe4f8aa420 ig9icd64.dll
R13=0x0 is NULL
R14=0x0 is NULL
R15=0x00000000000001c1 is an unknown value


Top of Stack: (sp=0x000000f1b1cfe6a8)
0x000000f1b1cfe6a8:   00007ffe4f44138b 0000000000000001
0x000000f1b1cfe6b8:   0000000000000000 0000068c9dbdb000
0x000000f1b1cfe6c8:   00007ffec7a82572 000000f100000065
0x000000f1b1cfe6d8:   000000f1b1cfe8e0 0000000000000000
0x000000f1b1cfe6e8:   0000068c9dc18fa0 0000000000000000
0x000000f1b1cfe6f8:   0000068c9db91eb0 0000068c9dbdb0b0
0x000000f1b1cfe708:   0000000000000fb0 0000000000000000
0x000000f1b1cfe718:   0000000000000000 000000f1b1cfe890
0x000000f1b1cfe728:   00007ffe4f0d9070 0000000000000000
0x000000f1b1cfe738:   0000000000000000 0000000000000000
0x000000f1b1cfe748:   0000000000000000 0000a0bcff1e9890
0x000000f1b1cfe758:   00007ffe4ea964e5 0000068c9dbdb0b0
0x000000f1b1cfe768:   0000000000004001 0000000000000200
0x000000f1b1cfe778:   00007ffed6ebb86b 00000000000b000f
0x000000f1b1cfe788:   000000000000008e 0000068c9aa07a50
0x000000f1b1cfe798:   0000000000000000 0000000000000000
0x000000f1b1cfe7a8:   00007ffe4f441c62 0000000000000000
0x000000f1b1cfe7b8:   000002667f3f5b80 000000f1b1cfeab0
0x000000f1b1cfe7c8:   000002667f3f0000 000002667f3f02b4
0x000000f1b1cfe7d8:   0000068c9dc18fa0 00007ffe4f74f020
0x000000f1b1cfe7e8:   0000000e00000000 0000001a00000018
0x000000f1b1cfe7f8:   00000fff00000000 437f0000437f0000
0x000000f1b1cfe808:   437f0000437f0000 0000ff0000ff0000
0x000000f1b1cfe818:   ff000000000000ff 0000000800000010
0x000000f1b1cfe828:   0000001800000000 0000000000000000
0x000000f1b1cfe838:   0000000000000000 0000000000000000
0x000000f1b1cfe848:   0000000000000000 0000000000000000
0x000000f1b1cfe858:   0000000000000000 0000000000000000
0x000000f1b1cfe868:   0000000000000000 0000000000000000
0x000000f1b1cfe878:   0000000000000000 0000000000000000
0x000000f1b1cfe888:   0000000000000000 0000000000000000
0x000000f1b1cfe898:   0000000000000000 0000000000000000 

Instructions: (pc=0x00007ffe4f443c53)
0x00007ffe4f443b53:   a1 b6 30 00 48 89 51 08 48 89 01 8b 44 24 28 89
0x00007ffe4f443b63:   41 20 8b 44 24 30 89 41 24 48 8b c1 4c 89 41 10
0x00007ffe4f443b73:   4c 89 49 18 c3 cc cc cc cc cc cc cc cc 48 89 5c
0x00007ffe4f443b83:   24 08 8b 41 5c 48 8d 1d 71 c4 63 ff 41 89 40 08
0x00007ffe4f443b93:   4c 8b d1 8b 41 60 45 33 db 41 89 40 0c 4c 8b ca
0x00007ffe4f443ba3:   8b 41 64 41 89 40 10 8b 41 68 41 89 40 14 8b 41
0x00007ffe4f443bb3:   6c 41 89 40 18 8b 41 70 41 89 40 1c 48 63 41 74
0x00007ffe4f443bc3:   48 6b c8 34 8b 84 19 84 5f ee 00 41 89 40 20 8b
0x00007ffe4f443bd3:   84 19 88 5f ee 00 41 89 40 24 8b 84 19 8c 5f ee
0x00007ffe4f443be3:   00 41 89 40 28 8b 84 19 90 5f ee 00 41 89 40 2c
0x00007ffe4f443bf3:   8b 84 19 74 5f ee 00 41 89 40 30 8b 84 19 78 5f
0x00007ffe4f443c03:   ee 00 41 89 40 34 8b 84 19 7c 5f ee 00 41 89 40
0x00007ffe4f443c13:   38 8b 84 19 80 5f ee 00 41 89 40 3c 8b 84 19 64
0x00007ffe4f443c23:   5f ee 00 41 89 40 40 8b 84 19 68 5f ee 00 41 89
0x00007ffe4f443c33:   40 44 8b 84 19 6c 5f ee 00 41 89 40 48 8b 84 19
0x00007ffe4f443c43:   70 5f ee 00 41 89 40 4c 49 63 42 78 48 6b c8 34
0x00007ffe4f443c53:   8b 84 19 84 5f ee 00 41 89 40 50 8b 84 19 88 5f
0x00007ffe4f443c63:   ee 00 41 89 40 54 8b 84 19 8c 5f ee 00 41 89 40
0x00007ffe4f443c73:   58 8b 84 19 90 5f ee 00 41 89 40 5c 8b 84 19 74
0x00007ffe4f443c83:   5f ee 00 41 89 40 60 8b 84 19 78 5f ee 00 41 89
0x00007ffe4f443c93:   40 64 8b 84 19 7c 5f ee 00 41 89 40 68 8b 84 19
0x00007ffe4f443ca3:   80 5f ee 00 41 89 40 6c 8b 84 19 64 5f ee 00 41
0x00007ffe4f443cb3:   89 40 70 8b 84 19 68 5f ee 00 41 89 40 74 8b 84
0x00007ffe4f443cc3:   19 6c 5f ee 00 41 89 40 78 8b 84 19 70 5f ee 00
0x00007ffe4f443cd3:   41 89 40 7c 48 8b 42 18 8b 88 38 0b 00 00 f6 c1
0x00007ffe4f443ce3:   08 0f 84 86 00 00 00 8b 80 3c 0b 00 00 41 89 80
0x00007ffe4f443cf3:   80 00 00 00 48 8b 42 18 8b 88 40 0b 00 00 41 89
0x00007ffe4f443d03:   88 84 00 00 00 48 8b 42 18 8b 88 44 0b 00 00 41
0x00007ffe4f443d13:   89 88 88 00 00 00 48 8b 42 18 8b 88 48 0b 00 00
0x00007ffe4f443d23:   41 89 88 8c 00 00 00 48 8b 42 18 8b 88 4c 0b 00
0x00007ffe4f443d33:   00 41 89 88 90 00 00 00 48 8b 42 18 8b 88 50 0b
0x00007ffe4f443d43:   00 00 41 89 88 94 00 00 00 48 8b 42 18 8b 88 54 


Stack slot to memory mapping:
stack at sp + 0 slots: 0x00007ffe4f44138b ig9icd64.dll
stack at sp + 1 slots: 0x0000000000000001 is an unknown value
stack at sp + 2 slots: 0x0 is NULL
stack at sp + 3 slots: 0x0000068c9dbdb000 points into unknown readable memory: 0x0000008000000000 | 00 00 00 00 80 00 00 00
stack at sp + 4 slots: 0x00007ffec7a82572 igdgmm64.dll
stack at sp + 5 slots: 0x000000f100000065 is an unknown value
stack at sp + 6 slots: 0x000000f1b1cfe8e0 is pointing into the stack for thread: 0x0000068c944ad760
stack at sp + 7 slots: 0x0 is NULL


Compiled method (n/a)   43522 2677     n 0       sun.java2d.opengl.OGLRenderQueue::flushBuffer (native)
 total in heap  [0x000002660cac5b90,0x000002660cac5f28] = 920
 relocation     [0x000002660cac5ce8,0x000002660cac5d18] = 48
 main code      [0x000002660cac5d20,0x000002660cac5f28] = 520

[Constant Pool (empty)]

[MachCode]
[Entry Point]
  # {method} {0x0000068c90acaac8} 'flushBuffer' '(JI)V' in 'sun/java2d/opengl/OGLRenderQueue'
  # this:     rdx:rdx   = 'sun/java2d/opengl/OGLRenderQueue'
  # parm0:    r8:r8     = long
  # parm1:    r9        = int
  #           [sp+0x70]  (sp of caller)
  0x000002660cac5d20: 448b 5208 | 493b c20f | 840b 0000 

  0x000002660cac5d2c: ;   {runtime_call ic_miss_stub}
  0x000002660cac5d2c: 00e9 4eb3 | 9bff 660f | 1f44 0000 
[Verified Entry Point]
  0x000002660cac5d38: 8984 2400 | 90ff ff55 | 488b ec48 | 83ec 6048 | 8954 2420 | 4883 fa00 | 488d 5424 | 2048 0f44 
  0x000002660cac5d58: 5424 20c5 

  0x000002660cac5d5c: ;   {internal_word}
  0x000002660cac5d5c: f877 49ba | 5b5d ac0c | 6602 0000 | 4d89 97a0 | 0200 0049 | 89a7 9802 

  0x000002660cac5d74: ;   {external_word}
  0x000002660cac5d74: 0000 49ba | 3d29 0258 | fe7f 0000 | 4180 3a00 | 0f84 5200 | 0000 5241 

  0x000002660cac5d8c: ;   {metadata({method} {0x0000068c90acaac8} 'flushBuffer' '(JI)V' in 'sun/java2d/opengl/OGLRenderQueue')}
  0x000002660cac5d8c: 5041 5148 | bac0 aaac | 908c 0600 | 0049 8bcf | 4883 ec20 | f7c4 0f00 | 0000 0f84 | 1a00 0000 
  0x000002660cac5dac: 4883 ec08 

  0x000002660cac5db0: ;   {runtime_call SharedRuntime::dtrace_method_entry}
  0x000002660cac5db0: 49ba b0ea | b757 fe7f | 0000 41ff | d248 83c4 | 08e9 0d00 

  0x000002660cac5dc4: ;   {runtime_call SharedRuntime::dtrace_method_entry}
  0x000002660cac5dc4: 0000 49ba | b0ea b757 | fe7f 0000 | 41ff d248 | 83c4 2041 | 5941 585a | 498d 8fb8 | 0200 0041 
  0x000002660cac5de4: c787 4803 | 0000 0400 

  0x000002660cac5dec: ;   {runtime_call}
  0x000002660cac5dec: 0000 49ba | 60fd df89 | fe7f 0000 | 41ff d2c5 | f877 41c7 | 8748 0300 | 0005 0000 | 00f0 8344 
  0x000002660cac5e0c: 24c0 0049 | 3baf 5003 | 0000 0f87 | 1100 0000 | 4181 bf38 | 0300 0000 | 0000 000f | 8421 0000 
  0x000002660cac5e2c: 00c5 f877 | 498b cf4c | 8be4 4883 | ec20 4883 

  0x000002660cac5e3c: ;   {runtime_call JavaThread::check_special_condition_for_native_trans}
  0x000002660cac5e3c: e4f0 49ba | f008 c857 | fe7f 0000 | 41ff d249 | 8be4 41c7 | 8748 0300 | 0008 0000 | 0041 81bf 
  0x000002660cac5e5c: b803 0000 | 0200 0000 | 0f84 9b00 

  0x000002660cac5e68: ;   {external_word}
  0x000002660cac5e68: 0000 49ba | 3d29 0258 | fe7f 0000 | 4180 3a00 | 0f84 4800 

  0x000002660cac5e7c: ;   {metadata({method} {0x0000068c90acaac8} 'flushBuffer' '(JI)V' in 'sun/java2d/opengl/OGLRenderQueue')}
  0x000002660cac5e7c: 0000 48ba | c0aa ac90 | 8c06 0000 | 498b cf48 | 83ec 20f7 | c40f 0000 | 000f 841a | 0000 0048 
  0x000002660cac5e9c: ;   {runtime_call SharedRuntime::dtrace_method_entry}
  0x000002660cac5e9c: 83ec 0849 | bab0 eab7 | 57fe 7f00 | 0041 ffd2 | 4883 c408 | e90d 0000 

  0x000002660cac5eb4: ;   {runtime_call SharedRuntime::dtrace_method_entry}
  0x000002660cac5eb4: 0049 bab0 | eab7 57fe | 7f00 0041 | ffd2 4883 | c420 49c7 | 8798 0200 | 0000 0000 | 0049 c787 
  0x000002660cac5ed4: a002 0000 | 0000 0000 | c5f8 7749 | 8b8f d800 | 0000 c781 | 0001 0000 | 0000 0000 | c949 817f 
  0x000002660cac5ef4: 0800 0000 | 000f 8501 | 0000 00c3 

  0x000002660cac5f00: ;   {runtime_call StubRoutines (1)}
  0x000002660cac5f00: e9fb af96 | ffc5 f877 | 4c8b e448 | 83ec 2048 

  0x000002660cac5f10: ;   {runtime_call SharedRuntime::reguard_yellow_pages}
  0x000002660cac5f10: 83e4 f049 | ba40 1bb8 | 57fe 7f00 | 0041 ffd2 | 498b e4e9 | 42ff ffff 
[/MachCode]


Compiled method (c1)   43601 2674       3       sun.java2d.opengl.OGLRenderQueue::flushBuffer (41 bytes)
 total in heap  [0x00000266053dff90,0x00000266053e05d8] = 1608
 relocation     [0x00000266053e00e8,0x00000266053e0150] = 104
 main code      [0x00000266053e0160,0x00000266053e0440] = 736
 stub code      [0x00000266053e0440,0x00000266053e0498] = 88
 metadata       [0x00000266053e0498,0x00000266053e04c0] = 40
 scopes data    [0x00000266053e04c0,0x00000266053e0510] = 80
 scopes pcs     [0x00000266053e0510,0x00000266053e05b0] = 160
 dependencies   [0x00000266053e05b0,0x00000266053e05b8] = 8
 nul chk table  [0x00000266053e05b8,0x00000266053e05d8] = 32

[Constant Pool (empty)]

[MachCode]
[Entry Point]
  # {method} {0x0000068c90acabc0} 'flushBuffer' '()V' in 'sun/java2d/opengl/OGLRenderQueue'
  #           [sp+0x70]  (sp of caller)
  0x00000266053e0160: 448b 5208 

  0x00000266053e0164: ;   {runtime_call ic_miss_stub}
  0x00000266053e0164: 4c3b d00f | 8513 0f0a | 0766 6666 | 0f1f 8400 | 0000 0000 | 6666 6690 | 0f1f 4000 
[Verified Entry Point]
  0x00000266053e0180: 8984 2400 | 90ff ff55 | 4883 ec60 

  0x00000266053e018c: ;   {metadata(method data for {method} {0x0000068c90acabc0} 'flushBuffer' '()V' in 'sun/java2d/opengl/OGLRenderQueue')}
  0x00000266053e018c: 49b8 6067 | 4a91 8c06 | 0000 458b | 88cc 0000 | 0041 83c1 | 0245 8988 | cc00 0000 | 4181 e1fe 
  0x00000266053e01ac: 0700 0041 | 83f9 000f | 84d6 0100 | 004c 8b42 | 1049 3b00 

  0x00000266053e01c0: ;   {metadata(method data for {method} {0x0000068c90acabc0} 'flushBuffer' '()V' in 'sun/java2d/opengl/OGLRenderQueue')}
  0x00000266053e01c0: 4d8b c848 | be60 674a | 918c 0600 | 0048 8386 | 1001 0000 

  0x00000266053e01d4: ;   {metadata(method data for {method} {0x0000068c90aceaf0} 'position' '()I' in 'sun/java2d/pipe/RenderBuffer')}
  0x00000266053e01d4: 0149 b948 | f740 918c | 0600 0041 | 8bb1 cc00 | 0000 83c6 | 0241 89b1 | cc00 0000 | 81e6 feff 
  0x00000266053e01f4: 1f00 83fe | 000f 84b6 | 0100 004d | 8b48 2049 | 8b70 104c | 2bce 458b | c941 83f9 

  0x00000266053e0210: ;   {metadata(method data for {method} {0x0000068c90acabc0} 'flushBuffer' '()V' in 'sun/java2d/opengl/OGLRenderQueue')}
  0x00000266053e0210: 0048 bf60 | 674a 918c | 0600 0048 | bb48 0100 | 0000 0000 | 000f 8e0a | 0000 0048 | bb58 0100 
  0x00000266053e0230: 0000 0000 | 0048 8b04 | 1f48 8d40 | 0148 8904 | 1f0f 8e42 

  0x00000266053e0244: ;   {metadata(method data for {method} {0x0000068c90acabc0} 'flushBuffer' '()V' in 'sun/java2d/opengl/OGLRenderQueue')}
  0x00000266053e0244: 0000 0048 | bf60 674a | 918c 0600 | 0048 8387 | 6801 0000 | 014c 8bc2 

  0x00000266053e025c: ;   {metadata(method data for {method} {0x0000068c90acabc0} 'flushBuffer' '()V' in 'sun/java2d/opengl/OGLRenderQueue')}
  0x00000266053e025c: 48bf 6067 | 4a91 8c06 | 0000 4883 | 87a0 0100 | 0001 4c8b | c648 8bf2 | 488b d648 | 8974 2450 
  0x00000266053e027c: ;   {optimized virtual_call}
  0x00000266053e027c: 6666 90e8 

  0x00000266053e0280: ; ImmutableOopMap {[80]=Oop }
                      ;*invokevirtual flushBuffer {reexecute=0 rethrow=0 return_oop=0}
                      ; - sun.java2d.opengl.OGLRenderQueue::flushBuffer@21 (line 150)
  0x00000266053e0280: b45a 6e07 | 488b 5424 | 5048 8b72 | 1048 3b06 

  0x00000266053e0290: ;   {metadata(method data for {method} {0x0000068c90acabc0} 'flushBuffer' '()V' in 'sun/java2d/opengl/OGLRenderQueue')}
  0x00000266053e0290: 488b fe48 | bb60 674a | 918c 0600 | 0048 8383 | d801 0000 

  0x00000266053e02a4: ;   {metadata(method data for {method} {0x0000068c90acec70} 'clear' '()V' in 'sun/java2d/pipe/RenderBuffer')}
  0x00000266053e02a4: 0148 bfe8 | 694a 918c | 0600 008b | 9fcc 0000 | 0083 c302 | 899f cc00 | 0000 81e3 | feff 1f00 
  0x00000266053e02c4: 83fb 000f | 840e 0100 | 0048 8b7e | 1048 897e | 2048 8b52 | 1848 3b02 

  0x00000266053e02dc: ;   {metadata(method data for {method} {0x0000068c90acabc0} 'flushBuffer' '()V' in 'sun/java2d/opengl/OGLRenderQueue')}
  0x00000266053e02dc: 488b f248 | bf60 674a | 918c 0600 | 008b 7608 | 483b b720 | 0200 0075 | 0d48 8387 | 2802 0000 
  0x00000266053e02fc: 01e9 6600 | 0000 483b | b730 0200 | 0075 0d48 | 8387 3802 | 0000 01e9 | 5000 0000 | 4881 bf20 
  0x00000266053e031c: 0200 0000 | 0000 0075 | 1748 89b7 | 2002 0000 | 48c7 8728 | 0200 0001 | 0000 00e9 | 2c00 0000 
  0x00000266053e033c: 4881 bf30 | 0200 0000 | 0000 0075 | 1748 89b7 | 3002 0000 | 48c7 8738 | 0200 0001 | 0000 00e9 
  0x00000266053e035c: 0800 0000 | 4883 8710 | 0200 0001 | 0f1f 4400 | 0048 b828 | 4e07 8000 

  0x00000266053e0374: ;   {virtual_call}
  0x00000266053e0374: 0000 00e8 

  0x00000266053e0378: ; ImmutableOopMap {}
                      ;*invokeinterface clear {reexecute=0 rethrow=0 return_oop=0}
                      ; - sun.java2d.opengl.OGLRenderQueue::flushBuffer@35 (line 155)
  0x00000266053e0378: 44f9 ffff | 4883 c460 

  0x00000266053e0380: ;   {poll_return}
  0x00000266053e0380: 5d49 3ba7 | 5003 0000 | 0f87 7300 

  0x00000266053e038c: ;   {metadata({method} {0x0000068c90acabc0} 'flushBuffer' '()V' in 'sun/java2d/opengl/OGLRenderQueue')}
  0x00000266053e038c: 0000 c349 | bab8 abac | 908c 0600 | 004c 8954 | 2408 48c7 | 0424 ffff 

  0x00000266053e03a4: ;   {runtime_call counter_overflow Runtime1 stub}
  0x00000266053e03a4: ffff e8d5 

  0x00000266053e03a8: ; ImmutableOopMap {rdx=Oop }
                      ;*synchronization entry
                      ; - sun.java2d.opengl.OGLRenderQueue::flushBuffer@-1 (line 147)
  0x00000266053e03a8: 8d14 07e9 | 09fe ffff 

  0x00000266053e03b0: ;   {runtime_call throw_null_pointer_exception Runtime1 stub}
  0x00000266053e03b0: e8eb 3614 

  0x00000266053e03b4: ; ImmutableOopMap {rdx=Oop r8=Oop }
                      ;*invokevirtual position {reexecute=0 rethrow=0 return_oop=0}
                      ; - sun.java2d.opengl.OGLRenderQueue::flushBuffer@4 (line 147)
                      ;   {metadata({method} {0x0000068c90aceaf0} 'position' '()I' in 'sun/java2d/pipe/RenderBuffer')}
  0x00000266053e03b4: 0749 bae8 | eaac 908c | 0600 004c | 8954 2408 | 48c7 0424 | ffff ffff 

  0x00000266053e03cc: ;   {runtime_call counter_overflow Runtime1 stub}
  0x00000266053e03cc: e8af 8d14 

  0x00000266053e03d0: ; ImmutableOopMap {rdx=Oop r8=Oop }
                      ;*synchronization entry
                      ; - sun.java2d.pipe.RenderBuffer::position@-1 (line 110)
                      ; - sun.java2d.opengl.OGLRenderQueue::flushBuffer@4 (line 147)
  0x00000266053e03d0: 07e9 29fe 

  0x00000266053e03d4: ;   {runtime_call throw_null_pointer_exception Runtime1 stub}
  0x00000266053e03d4: ffff e8c5 

  0x00000266053e03d8: ; ImmutableOopMap {rdx=Oop rsi=Oop }
                      ;*invokevirtual clear {reexecute=0 rethrow=0 return_oop=0}
                      ; - sun.java2d.opengl.OGLRenderQueue::flushBuffer@28 (line 153)
                      ;   {metadata({method} {0x0000068c90acec70} 'clear' '()V' in 'sun/java2d/pipe/RenderBuffer')}
  0x00000266053e03d8: 3614 0749 | ba68 ecac | 908c 0600 | 004c 8954 | 2408 48c7 | 0424 ffff 

  0x00000266053e03f0: ;   {runtime_call counter_overflow Runtime1 stub}
  0x00000266053e03f0: ffff e889 

  0x00000266053e03f4: ; ImmutableOopMap {rdx=Oop rsi=Oop }
                      ;*synchronization entry
                      ; - sun.java2d.pipe.RenderBuffer::clear@-1 (line 118)
                      ; - sun.java2d.opengl.OGLRenderQueue::flushBuffer@28 (line 153)
  0x00000266053e03f4: 8d14 07e9 | d1fe ffff 

  0x00000266053e03fc: ;   {runtime_call throw_null_pointer_exception Runtime1 stub}
  0x00000266053e03fc: e89f 3614 

  0x00000266053e0400: ; ImmutableOopMap {rdx=Oop }
                      ;*invokeinterface clear {reexecute=0 rethrow=0 return_oop=0}
                      ; - sun.java2d.opengl.OGLRenderQueue::flushBuffer@35 (line 155)
                      ;   {internal_word}
  0x00000266053e0400: 0749 ba81 | 033e 0566 | 0200 004d | 8997 6803 

  0x00000266053e0410: ;   {runtime_call SafepointBlob}
  0x00000266053e0410: 0000 e9e9 | 750a 0790 | 9049 8b87 | e003 0000 | 49c7 87e0 | 0300 0000 | 0000 0049 | c787 e803 
  0x00000266053e0430: 0000 0000 | 0000 4883 

  0x00000266053e0438: ;   {runtime_call unwind_exception Runtime1 stub}
  0x00000266053e0438: c460 5de9 | 4027 1407 
[Stub Code]
  0x00000266053e0440: ;   {no_reloc}
  0x00000266053e0440: 0f1f 4400 

  0x00000266053e0444: ;   {static_stub}
  0x00000266053e0444: 0048 bbc0 | aaac 908c 

  0x00000266053e044c: ;   {runtime_call I2C/C2I adapters}
  0x00000266053e044c: 0600 00e9 | 807e 0a07 

  0x00000266053e0454: ;   {static_stub}
  0x00000266053e0454: 9048 bb00 | 0000 0000 

  0x00000266053e045c: ;   {runtime_call}
  0x00000266053e045c: 0000 00e9 | fbff ffff 
[Exception Handler]
  0x00000266053e0464: ;   {runtime_call handle_exception_from_callee Runtime1 stub}
  0x00000266053e0464: e817 5a14 

  0x00000266053e0468: ;   {external_word}
  0x00000266053e0468: 0748 b990 | 6ddc 57fe | 7f00 0048 

  0x00000266053e0474: ;   {runtime_call MacroAssembler::debug64}
  0x00000266053e0474: 83e4 f049 | ba30 dfa4 | 57fe 7f00 | 0041 ffd2 

  0x00000266053e0484: ;   {section_word}
  0x00000266053e0484: f449 ba85 | 043e 0566 | 0200 0041 

  0x00000266053e0490: ;   {runtime_call DeoptimizationBlob}
  0x00000266053e0490: 52e9 0a68 | 0a07 f4f4 
[/MachCode]


---------------  P R O C E S S  ---------------

Threads class SMR info:
_java_thread_list=0x0000068c9b78a2d0, length=44, elements={
0x0000068c8fa78250, 0x0000068c8fa790d0, 0x0000068c8fa9b7d0, 0x0000068c8fa9c2a0,
0x0000068c8fa9ec70, 0x0000068c8fa9f630, 0x0000068c8faa0320, 0x0000068c8faa6b00,
0x0000068c8faa7910, 0x0000068c8fc27ab0, 0x0000068c941c7d50, 0x0000068c941c8230,
0x0000068c944ad760, 0x0000068c9abe4960, 0x0000068c9a95f670, 0x0000068c9af85780,
0x0000068c9b360d10, 0x0000068c9b362200, 0x0000068c9b36af50, 0x0000068c9b36b460,
0x0000068c9b36be80, 0x0000068c9b36d7d0, 0x0000068c9b36c8a0, 0x0000068c9b36cdb0,
0x0000068c9b36c390, 0x0000068c9b36d2c0, 0x0000068c9b36b970, 0x0000068c9b36dce0,
0x0000068c9b36e700, 0x0000068c9b36e1f0, 0x0000068c9b2cc840, 0x0000068c9b2cb910,
0x0000068c9b2ca4d0, 0x0000068c9b2c9ab0, 0x0000068c9b2ce190, 0x0000068c9b2ccd50,
0x0000068c9b2cbe20, 0x0000068c9b2cd260, 0x0000068c9b2ca9e0, 0x0000068c9b2caef0,
0x0000068c9b2cd770, 0x0000068c9b2cfff0, 0x0000068c9b2cdc80, 0x0000068c9b2cfae0
}

Java Threads: ( => current thread )
  0x0000068c8fa78250 JavaThread "Reference Handler" daemon [_thread_blocked, id=42376, stack(0x000000f1b0f00000,0x000000f1b1000000)]
  0x0000068c8fa790d0 JavaThread "Finalizer" daemon [_thread_blocked, id=16744, stack(0x000000f1b1000000,0x000000f1b1100000)]
  0x0000068c8fa9b7d0 JavaThread "Signal Dispatcher" daemon [_thread_blocked, id=39064, stack(0x000000f1b1100000,0x000000f1b1200000)]
  0x0000068c8fa9c2a0 JavaThread "Attach Listener" daemon [_thread_blocked, id=26476, stack(0x000000f1b1200000,0x000000f1b1300000)]
  0x0000068c8fa9ec70 JavaThread "Service Thread" daemon [_thread_blocked, id=13980, stack(0x000000f1b1300000,0x000000f1b1400000)]
  0x0000068c8fa9f630 JavaThread "Monitor Deflation Thread" daemon [_thread_blocked, id=41396, stack(0x000000f1b1400000,0x000000f1b1500000)]
  0x0000068c8faa0320 JavaThread "C2 CompilerThread0" daemon [_thread_blocked, id=39876, stack(0x000000f1b1500000,0x000000f1b1600000)]
  0x0000068c8faa6b00 JavaThread "C1 CompilerThread0" daemon [_thread_blocked, id=4092, stack(0x000000f1b1600000,0x000000f1b1700000)]
  0x0000068c8faa7910 JavaThread "Sweeper thread" daemon [_thread_blocked, id=22368, stack(0x000000f1b1700000,0x000000f1b1800000)]
  0x0000068c8fc27ab0 JavaThread "Common-Cleaner" daemon [_thread_blocked, id=31436, stack(0x000000f1b1800000,0x000000f1b1900000)]
  0x0000068c941c7d50 JavaThread "Monitor Ctrl-Break" daemon [_thread_in_native, id=4732, stack(0x000000f1b1900000,0x000000f1b1a00000)]
  0x0000068c941c8230 JavaThread "Notification Thread" daemon [_thread_blocked, id=10568, stack(0x000000f1b1a00000,0x000000f1b1b00000)]
=>0x0000068c944ad760 JavaThread "Java2D Queue Flusher" daemon [_thread_in_native, id=23108, stack(0x000000f1b1c00000,0x000000f1b1d00000)]
  0x0000068c9abe4960 JavaThread "Java2D Disposer" daemon [_thread_blocked, id=10012, stack(0x000000f1b2100000,0x000000f1b2200000)]
  0x0000068c9a95f670 JavaThread "AWT-Windows" daemon [_thread_in_native, id=40320, stack(0x000000f1b2400000,0x000000f1b2500000)]
  0x0000068c9af85780 JavaThread "Java Sound Event Dispatcher" daemon [_thread_blocked, id=33948, stack(0x000000f1b2300000,0x000000f1b2400000)]
  0x0000068c9b360d10 JavaThread "Direct Clip" daemon [_thread_blocked, id=39040, stack(0x000000f1b3300000,0x000000f1b3400000)]
  0x0000068c9b362200 JavaThread "Direct Clip" daemon [_thread_blocked, id=24928, stack(0x000000f1b3400000,0x000000f1b3500000)]
  0x0000068c9b36af50 JavaThread "Direct Clip" daemon [_thread_blocked, id=37212, stack(0x000000f1b3500000,0x000000f1b3600000)]
  0x0000068c9b36b460 JavaThread "Direct Clip" daemon [_thread_blocked, id=38140, stack(0x000000f1b3600000,0x000000f1b3700000)]
  0x0000068c9b36be80 JavaThread "Direct Clip" daemon [_thread_blocked, id=5036, stack(0x000000f1b3700000,0x000000f1b3800000)]
  0x0000068c9b36d7d0 JavaThread "Direct Clip" daemon [_thread_blocked, id=33008, stack(0x000000f1b3800000,0x000000f1b3900000)]
  0x0000068c9b36c8a0 JavaThread "Direct Clip" daemon [_thread_blocked, id=16368, stack(0x000000f1b3a00000,0x000000f1b3b00000)]
  0x0000068c9b36cdb0 JavaThread "Direct Clip" daemon [_thread_blocked, id=39468, stack(0x000000f1b3b00000,0x000000f1b3c00000)]
  0x0000068c9b36c390 JavaThread "Direct Clip" daemon [_thread_blocked, id=12636, stack(0x000000f1b3c00000,0x000000f1b3d00000)]
  0x0000068c9b36d2c0 JavaThread "Direct Clip" daemon [_thread_blocked, id=4464, stack(0x000000f1b3d00000,0x000000f1b3e00000)]
  0x0000068c9b36b970 JavaThread "Direct Clip" daemon [_thread_blocked, id=9900, stack(0x000000f1b3e00000,0x000000f1b3f00000)]
  0x0000068c9b36dce0 JavaThread "Direct Clip" daemon [_thread_blocked, id=40368, stack(0x000000f1b3f00000,0x000000f1b4000000)]
  0x0000068c9b36e700 JavaThread "Direct Clip" daemon [_thread_blocked, id=10612, stack(0x000000f1b4000000,0x000000f1b4100000)]
  0x0000068c9b36e1f0 JavaThread "Direct Clip" daemon [_thread_blocked, id=40456, stack(0x000000f1b4100000,0x000000f1b4200000)]
  0x0000068c9b2cc840 JavaThread "Direct Clip" daemon [_thread_blocked, id=25884, stack(0x000000f1b4200000,0x000000f1b4300000)]
  0x0000068c9b2cb910 JavaThread "Direct Clip" daemon [_thread_blocked, id=42072, stack(0x000000f1b4300000,0x000000f1b4400000)]
  0x0000068c9b2ca4d0 JavaThread "Direct Clip" daemon [_thread_blocked, id=18952, stack(0x000000f1b4400000,0x000000f1b4500000)]
  0x0000068c9b2c9ab0 JavaThread "Direct Clip" daemon [_thread_blocked, id=18792, stack(0x000000f1b4500000,0x000000f1b4600000)]
  0x0000068c9b2ce190 JavaThread "Direct Clip" daemon [_thread_blocked, id=9752, stack(0x000000f1b4600000,0x000000f1b4700000)]
  0x0000068c9b2ccd50 JavaThread "Direct Clip" daemon [_thread_blocked, id=28476, stack(0x000000f1b4700000,0x000000f1b4800000)]
  0x0000068c9b2cbe20 JavaThread "Direct Clip" daemon [_thread_blocked, id=12692, stack(0x000000f1b4800000,0x000000f1b4900000)]
  0x0000068c9b2cd260 JavaThread "AWT-Shutdown" [_thread_blocked, id=39744, stack(0x000000f1b5100000,0x000000f1b5200000)]
  0x0000068c9b2ca9e0 JavaThread "AWT-EventQueue-0" [_thread_blocked, id=38796, stack(0x000000f1b5200000,0x000000f1b5300000)]
  0x0000068c9b2caef0 JavaThread "DestroyJavaVM" [_thread_blocked, id=33576, stack(0x000000f1b0800000,0x000000f1b0900000)]
  0x0000068c9b2cd770 JavaThread "TimerQueue" daemon [_thread_blocked, id=42628, stack(0x000000f1b5600000,0x000000f1b5700000)]
  0x0000068c9b2cfff0 JavaThread "Thread-0" [_thread_blocked, id=31904, stack(0x000000f1b5700000,0x000000f1b5800000)]
  0x0000068c9b2cdc80 JavaThread "Fortnie" [_thread_in_vm, id=32252, stack(0x000000f1b5800000,0x000000f1b5900000)]
  0x0000068c9b2cfae0 JavaThread "ToolkitShutdown" daemon [_thread_in_native, id=8020, stack(0x000000f1b5c00000,0x000000f1b5d00000)]

Other Threads:
  0x0000068c8fa3dba0 VMThread "VM Thread" [stack: 0x000000f1b0e00000,0x000000f1b0f00000] [id=28324]
  0x000002667f9734e0 WatcherThread [stack: 0x000000f1b1b00000,0x000000f1b1c00000] [id=33436]
  0x000002667fa0e1a0 GCTaskThread "GC Thread#0" [stack: 0x000000f1b0900000,0x000000f1b0a00000] [id=3208]
  0x0000068c9adf2990 GCTaskThread "GC Thread#1" [stack: 0x000000f1b2500000,0x000000f1b2600000] [id=39260]
  0x0000068c9adadc10 GCTaskThread "GC Thread#2" [stack: 0x000000f1b2600000,0x000000f1b2700000] [id=31864]
  0x0000068c9adaded0 GCTaskThread "GC Thread#3" [stack: 0x000000f1b2700000,0x000000f1b2800000] [id=10408]
  0x0000068c9a953ab0 GCTaskThread "GC Thread#4" [stack: 0x000000f1b2800000,0x000000f1b2900000] [id=37780]
  0x0000068c9a9541f0 GCTaskThread "GC Thread#5" [stack: 0x000000f1b2900000,0x000000f1b2a00000] [id=40792]
  0x0000068c9b2fa800 GCTaskThread "GC Thread#6" [stack: 0x000000f1b2a00000,0x000000f1b2b00000] [id=37464]
  0x0000068c9b2faac0 GCTaskThread "GC Thread#7" [stack: 0x000000f1b2b00000,0x000000f1b2c00000] [id=29040]
  0x0000068c9b0244b0 GCTaskThread "GC Thread#8" [stack: 0x000000f1b2c00000,0x000000f1b2d00000] [id=23832]
  0x0000068c9af5c920 GCTaskThread "GC Thread#9" [stack: 0x000000f1b2d00000,0x000000f1b2e00000] [id=37000]
  0x000002667fa10870 ConcurrentGCThread "G1 Main Marker" [stack: 0x000000f1b0a00000,0x000000f1b0b00000] [id=35440]
  0x0000066a88172710 ConcurrentGCThread "G1 Conc#0" [stack: 0x000000f1b0b00000,0x000000f1b0c00000] [id=41124]
  0x0000068c9ac98750 ConcurrentGCThread "G1 Conc#1" [stack: 0x000000f1b2200000,0x000000f1b2300000] [id=42968]
  0x0000068c9ac98e20 ConcurrentGCThread "G1 Conc#2" [stack: 0x000000f1b2e00000,0x000000f1b2f00000] [id=7756]
  0x0000066a881cc260 ConcurrentGCThread "G1 Refine#0" [stack: 0x000000f1b0c00000,0x000000f1b0d00000] [id=35964]
  0x0000068c9b324c70 ConcurrentGCThread "G1 Refine#1" [stack: 0x000000f1b3900000,0x000000f1b3a00000] [id=13696]
  0x0000068c9b33bb50 ConcurrentGCThread "G1 Refine#2" [stack: 0x000000f1b4900000,0x000000f1b4a00000] [id=1988]
  0x0000068c9b2f9840 ConcurrentGCThread "G1 Refine#3" [stack: 0x000000f1b4a00000,0x000000f1b4b00000] [id=6176]
  0x0000068c9b2f9b30 ConcurrentGCThread "G1 Refine#4" [stack: 0x000000f1b4b00000,0x000000f1b4c00000] [id=37916]
  0x0000068c9b322820 ConcurrentGCThread "G1 Refine#5" [stack: 0x000000f1b4c00000,0x000000f1b4d00000] [id=38464]
  0x0000068c9b322b10 ConcurrentGCThread "G1 Refine#6" [stack: 0x000000f1b4d00000,0x000000f1b4e00000] [id=33956]
  0x0000068c9b322e00 ConcurrentGCThread "G1 Refine#7" [stack: 0x000000f1b4e00000,0x000000f1b4f00000] [id=1084]
  0x0000068c9b3230f0 ConcurrentGCThread "G1 Refine#8" [stack: 0x000000f1b4f00000,0x000000f1b5000000] [id=38620]
  0x0000068c9b5badf0 ConcurrentGCThread "G1 Refine#9" [stack: 0x000000f1b5000000,0x000000f1b5100000] [id=31452]
  0x0000066a881ccc90 ConcurrentGCThread "G1 Service" [stack: 0x000000f1b0d00000,0x000000f1b0e00000] [id=37196]

Threads with active compile tasks:

VM state: not at safepoint (normal execution)

VM Mutex/Monitor currently owned by a thread: None

CDS archive(s) not mapped
Compressed class space mapped at: 0x0000000080000000-0x00000000c0000000, reserved size: 1073741824
Narrow klass base: 0x0000000000000000, Narrow klass shift: 0, Narrow klass range: 0xc0000000

GC Precious Log:
 CPUs: 12 total, 12 available
 Memory: 16254M
 Large Page Support: Disabled
 NUMA Support: Disabled
 Compressed Oops: Disabled
 Heap Region Size: 32M
 Heap Min Capacity: 32M
 Heap Initial Capacity: 256M
 Heap Max Capacity: 4096G
 Pre-touch: Disabled
 Parallel Workers: 10
 Concurrent Workers: 3
 Concurrent Refinement Workers: 10
 Periodic GC: Disabled

Heap:
 garbage-first heap   total 557056K, used 293597K [0x0000026680000000, 0x0000066680000000)
  region size 32768K, 2 young (65536K), 1 survivors (32768K)
 Metaspace       used 23688K, committed 23936K, reserved 1114112K
  class space    used 2497K, committed 2624K, reserved 1048576K

Heap Regions: E=young(eden), S=young(survivor), O=old, HS=humongous(starts), HC=humongous(continues), CS=collection set, F=free, OA=open archive, CA=closed archive, TAMS=top-at-mark-start (previous, next)
|   0|0x0000026680000000, 0x0000026682000000, 0x0000026682000000|100%|HS|  |TAMS 0x0000026682000000, 0x0000026680000000| Complete 
|   1|0x0000026682000000, 0x0000026684000000, 0x0000026684000000|100%| O|  |TAMS 0x0000026684000000, 0x0000026682000000| Complete 
|   2|0x0000026684000000, 0x0000026686000000, 0x0000026686000000|100%|HS|  |TAMS 0x0000026686000000, 0x0000026684000000| Complete 
|   3|0x0000026686000000, 0x0000026688000000, 0x0000026688000000|100%|HC|  |TAMS 0x0000026688000000, 0x0000026686000000| Complete 
|   4|0x0000026688000000, 0x000002668a000000, 0x000002668a000000|100%| O|  |TAMS 0x000002668a000000, 0x0000026688000000| Untracked 
|   5|0x000002668a000000, 0x000002668c000000, 0x000002668c000000|100%| O|  |TAMS 0x000002668c000000, 0x000002668a000000| Untracked 
|   6|0x000002668c000000, 0x000002668da0ec00, 0x000002668e000000| 81%| O|  |TAMS 0x000002668c000000, 0x000002668c000000| Untracked 
|   7|0x000002668e000000, 0x000002668e000000, 0x0000026690000000|  0%| F|  |TAMS 0x000002668e000000, 0x000002668e000000| Untracked 
|   8|0x0000026690000000, 0x0000026690000000, 0x0000026692000000|  0%| F|  |TAMS 0x0000026690000000, 0x0000026690000000| Untracked 
|   9|0x0000026692000000, 0x0000026692000000, 0x0000026694000000|  0%| F|  |TAMS 0x0000026692000000, 0x0000026692000000| Untracked 
|  10|0x0000026694000000, 0x0000026694000000, 0x0000026696000000|  0%| F|  |TAMS 0x0000026694000000, 0x0000026694000000| Untracked 
|  11|0x0000026696000000, 0x0000026696000000, 0x0000026698000000|  0%| F|  |TAMS 0x0000026696000000, 0x0000026696000000| Untracked 
|  12|0x0000026698000000, 0x0000026698000000, 0x000002669a000000|  0%| F|  |TAMS 0x0000026698000000, 0x0000026698000000| Untracked 
|  13|0x000002669a000000, 0x000002669a4a8b30, 0x000002669c000000| 14%| S|CS|TAMS 0x000002669a000000, 0x000002669a000000| Complete 
|  16|0x00000266a0000000, 0x00000266a1db3238, 0x00000266a2000000| 92%| E|  |TAMS 0x00000266a0000000, 0x00000266a0000000| Complete 
|131070|0x000006667c000000, 0x000006667e000000, 0x000006667e000000|100%| O|  |TAMS 0x000006667c08a400, 0x000006667c000000| Untracked 
|131071|0x000006667e000000, 0x0000066680000000, 0x0000066680000000|100%| O|  |TAMS 0x0000066680000000, 0x000006667e000000| Untracked 

Card table byte_map: [0x0000066888010000,0x0000066a88010000] _byte_map_base: 0x0000066754c10000

Marking Bits (Prev, Next): (CMBitMap*) 0x000002667fa0e800, (CMBitMap*) 0x000002667fa0e7c0
 Prev Bits: [0x0000067c88420000, 0x0000068c88420000)
 Next Bits: [0x0000066c88210000, 0x0000067c88210000)

Polling page: 0x000002667f500000

Metaspace:

Usage:
  Non-class:     20.69 MB used.
      Class:      2.44 MB used.
       Both:     23.13 MB used.

Virtual space:
  Non-class space:       64.00 MB reserved,      20.81 MB ( 33%) committed,  1 nodes.
      Class space:        1.00 GB reserved,       2.56 MB ( <1%) committed,  1 nodes.
             Both:        1.06 GB reserved,      23.38 MB (  2%) committed. 

Chunk freelists:
   Non-Class:  10.95 MB
       Class:  13.25 MB
        Both:  24.20 MB

MaxMetaspaceSize: unlimited
CompressedClassSpaceSize: 1.00 GB
Initial GC threshold: 21.00 MB
Current GC threshold: 38.44 MB
CDS: off
MetaspaceReclaimPolicy: balanced
 - commit_granule_bytes: 65536.
 - commit_granule_words: 8192.
 - virtual_space_node_default_size: 8388608.
 - enlarge_chunks_in_place: 1.
 - new_chunks_are_fully_committed: 0.
 - uncommit_free_chunks: 1.
 - use_allocation_guard: 0.
 - handle_deallocations: 1.


Internal statistics:

num_allocs_failed_limit: 0.
num_arena_births: 284.
num_arena_deaths: 0.
num_vsnodes_births: 2.
num_vsnodes_deaths: 0.
num_space_committed: 374.
num_space_uncommitted: 0.
num_chunks_returned_to_freelist: 0.
num_chunks_taken_from_freelist: 432.
num_chunk_merges: 0.
num_chunk_splits: 237.
num_chunks_enlarged: 108.
num_inconsistent_stats: 0.

CodeHeap 'non-profiled nmethods': size=120000Kb used=1192Kb max_used=1192Kb free=118807Kb
 bounds [0x000002660c9d0000, 0x000002660cc40000, 0x0000026613f00000]
CodeHeap 'profiled nmethods': size=120000Kb used=5373Kb max_used=5373Kb free=114626Kb
 bounds [0x0000026604f00000, 0x0000026605440000, 0x000002660c430000]
CodeHeap 'non-nmethods': size=5760Kb used=1337Kb max_used=1409Kb free=4422Kb
 bounds [0x000002660c430000, 0x000002660c6a0000, 0x000002660c9d0000]
 total_blobs=3521 nmethods=2843 adapters=590
 compilation: enabled
              stopped_count=0, restarted_count=0
 full_count=0

Compilation events (20 events):
Event: 41.873 Thread 0x0000068c8faa6b00 2834       3       java.awt.AWTKeyStroke::getAWTKeyStroke (9 bytes)
Event: 41.873 Thread 0x0000068c8faa6b00 nmethod 2834 0x000002660543be90 code [0x000002660543c020, 0x000002660543c148]
Event: 41.937 Thread 0x0000068c8faa6b00 2835       3       java.awt.Window::getFocusTraversalKeys (52 bytes)
Event: 41.937 Thread 0x0000068c8faa0320 2836       4       java.awt.event.InputEvent::getModifiers (8 bytes)
Event: 41.937 Thread 0x0000068c8faa6b00 nmethod 2835 0x000002660543c210 code [0x000002660543c420, 0x000002660543ca58]
Event: 41.938 Thread 0x0000068c8faa0320 nmethod 2836 0x000002660caf9b10 code [0x000002660caf9c80, 0x000002660caf9cf8]
Event: 42.142 Thread 0x0000068c8faa6b00 2837       3       net.sendback.util.Settings::getChar (13 bytes)
Event: 42.143 Thread 0x0000068c8faa6b00 nmethod 2837 0x000002660543cc90 code [0x000002660543ce40, 0x000002660543d068]
Event: 42.362 Thread 0x0000068c8faa6b00 2838       3       java.util.LinkedList$ListItr::checkForComodification (23 bytes)
Event: 42.362 Thread 0x0000068c8faa6b00 nmethod 2838 0x000002660543d190 code [0x000002660543d340, 0x000002660543d508]
Event: 42.440 Thread 0x0000068c8faa6b00 2839       3       sun.awt.SunToolkit::isSystemGenerated (10 bytes)
Event: 42.440 Thread 0x0000068c8faa6b00 nmethod 2839 0x000002660543d610 code [0x000002660543d800, 0x000002660543dcc8]
Event: 42.440 Thread 0x0000068c8faa6b00 2840       3       java.awt.AWTEvent$1::isSystemGenerated (5 bytes)
Event: 42.440 Thread 0x0000068c8faa6b00 nmethod 2840 0x000002660543df90 code [0x000002660543e120, 0x000002660543e238]
Event: 42.835 Thread 0x0000068c8faa6b00 2841   !   3       com.sun.media.sound.DirectAudioDevice$DirectDL::drain (215 bytes)
Event: 42.835 Thread 0x0000068c8faa6b00 nmethod 2841 0x000002660543e310 code [0x000002660543e540, 0x000002660543efa8]
Event: 42.886 Thread 0x0000068c8faa6b00 2842       1       com.sun.media.sound.AbstractDataLine::getBufferSize (5 bytes)
Event: 42.886 Thread 0x0000068c8faa6b00 nmethod 2842 0x000002660caf9e10 code [0x000002660caf9fa0, 0x000002660cafa078]
Event: 43.138 Thread 0x0000068c8faa6b00 2843       3       javax.swing.JComponent$IntVector::elementAt (7 bytes)
Event: 43.138 Thread 0x0000068c8faa6b00 nmethod 2843 0x000002660543f310 code [0x000002660543f4a0, 0x000002660543f5d8]

GC Heap History (18 events):
Event: 1.034 GC heap before
{Heap before GC invocations=0 (full 0):
 garbage-first heap   total 262144K, used 98304K [0x0000026680000000, 0x0000066680000000)
  region size 32768K, 1 young (32768K), 0 survivors (0K)
 Metaspace       used 16495K, committed 16768K, reserved 1114112K
  class space    used 1554K, committed 1664K, reserved 1048576K
}
Event: 1.047 GC heap after
{Heap after GC invocations=1 (full 0):
 garbage-first heap   total 262144K, used 69770K [0x0000026680000000, 0x0000066680000000)
  region size 32768K, 1 young (32768K), 1 survivors (32768K)
 Metaspace       used 16495K, committed 16768K, reserved 1114112K
  class space    used 1554K, committed 1664K, reserved 1048576K
}
Event: 1.151 GC heap before
{Heap before GC invocations=1 (full 0):
 garbage-first heap   total 262144K, used 102538K [0x0000026680000000, 0x0000066680000000)
  region size 32768K, 2 young (65536K), 1 survivors (32768K)
 Metaspace       used 16500K, committed 16768K, reserved 1114112K
  class space    used 1554K, committed 1664K, reserved 1048576K
}
Event: 1.157 GC heap after
{Heap after GC invocations=2 (full 0):
 garbage-first heap   total 262144K, used 69861K [0x0000026680000000, 0x0000066680000000)
  region size 32768K, 1 young (32768K), 1 survivors (32768K)
 Metaspace       used 16500K, committed 16768K, reserved 1114112K
  class space    used 1554K, committed 1664K, reserved 1048576K
}
Event: 1.241 GC heap before
{Heap before GC invocations=2 (full 0):
 garbage-first heap   total 262144K, used 69861K [0x0000026680000000, 0x0000066680000000)
  region size 32768K, 2 young (65536K), 1 survivors (32768K)
 Metaspace       used 16500K, committed 16768K, reserved 1114112K
  class space    used 1554K, committed 1664K, reserved 1048576K
}
Event: 1.246 GC heap after
{Heap after GC invocations=3 (full 0):
 garbage-first heap   total 262144K, used 69787K [0x0000026680000000, 0x0000066680000000)
  region size 32768K, 1 young (32768K), 1 survivors (32768K)
 Metaspace       used 16500K, committed 16768K, reserved 1114112K
  class space    used 1554K, committed 1664K, reserved 1048576K
}
Event: 1.274 GC heap before
{Heap before GC invocations=3 (full 0):
 garbage-first heap   total 262144K, used 135323K [0x0000026680000000, 0x0000066680000000)
  region size 32768K, 2 young (65536K), 1 survivors (32768K)
 Metaspace       used 16500K, committed 16768K, reserved 1114112K
  class space    used 1554K, committed 1664K, reserved 1048576K
}
Event: 1.279 GC heap after
{Heap after GC invocations=4 (full 0):
 garbage-first heap   total 262144K, used 135359K [0x0000026680000000, 0x0000066680000000)
  region size 32768K, 1 young (32768K), 1 survivors (32768K)
 Metaspace       used 16500K, committed 16768K, reserved 1114112K
  class space    used 1554K, committed 1664K, reserved 1048576K
}
Event: 1.453 GC heap before
{Heap before GC invocations=5 (full 0):
 garbage-first heap   total 393216K, used 200895K [0x0000026680000000, 0x0000066680000000)
  region size 32768K, 2 young (65536K), 1 survivors (32768K)
 Metaspace       used 16500K, committed 16768K, reserved 1114112K
  class space    used 1554K, committed 1664K, reserved 1048576K
}
Event: 1.460 GC heap after
{Heap after GC invocations=6 (full 0):
 garbage-first heap   total 393216K, used 210955K [0x0000026680000000, 0x0000066680000000)
  region size 32768K, 1 young (32768K), 1 survivors (32768K)
 Metaspace       used 16500K, committed 16768K, reserved 1114112K
  class space    used 1554K, committed 1664K, reserved 1048576K
}
Event: 1.535 GC heap before
{Heap before GC invocations=6 (full 0):
 garbage-first heap   total 393216K, used 210955K [0x0000026680000000, 0x0000066680000000)
  region size 32768K, 2 young (65536K), 1 survivors (32768K)
 Metaspace       used 16514K, committed 16768K, reserved 1114112K
  class space    used 1556K, committed 1664K, reserved 1048576K
}
Event: 1.545 GC heap after
{Heap after GC invocations=7 (full 0):
 garbage-first heap   total 557056K, used 85135K [0x0000026680000000, 0x0000066680000000)
  region size 32768K, 1 young (32768K), 1 survivors (32768K)
 Metaspace       used 16514K, committed 16768K, reserved 1114112K
  class space    used 1556K, committed 1664K, reserved 1048576K
}
Event: 5.055 GC heap before
{Heap before GC invocations=8 (full 0):
 garbage-first heap   total 458752K, used 281743K [0x0000026680000000, 0x0000066680000000)
  region size 32768K, 7 young (229376K), 1 survivors (32768K)
 Metaspace       used 17365K, committed 17600K, reserved 1114112K
  class space    used 1670K, committed 1728K, reserved 1048576K
}
Event: 5.096 GC heap after
{Heap after GC invocations=9 (full 0):
 garbage-first heap   total 524288K, used 262697K [0x0000026680000000, 0x0000066680000000)
  region size 32768K, 1 young (32768K), 1 survivors (32768K)
 Metaspace       used 17365K, committed 17600K, reserved 1114112K
  class space    used 1670K, committed 1728K, reserved 1048576K
}
Event: 28.295 GC heap before
{Heap before GC invocations=9 (full 0):
 garbage-first heap   total 524288K, used 295465K [0x0000026680000000, 0x0000066680000000)
  region size 32768K, 2 young (65536K), 1 survivors (32768K)
 Metaspace       used 23354K, committed 23616K, reserved 1114112K
  class space    used 2478K, committed 2560K, reserved 1048576K
}
Event: 28.318 GC heap after
{Heap after GC invocations=10 (full 0):
 garbage-first heap   total 524288K, used 288015K [0x0000026680000000, 0x0000066680000000)
  region size 32768K, 1 young (32768K), 1 survivors (32768K)
 Metaspace       used 23354K, committed 23616K, reserved 1114112K
  class space    used 2478K, committed 2560K, reserved 1048576K
}
Event: 36.343 GC heap before
{Heap before GC invocations=11 (full 0):
 garbage-first heap   total 557056K, used 320783K [0x0000026680000000, 0x0000066680000000)
  region size 32768K, 2 young (65536K), 1 survivors (32768K)
 Metaspace       used 23654K, committed 23936K, reserved 1114112K
  class space    used 2495K, committed 2624K, reserved 1048576K
}
Event: 36.354 GC heap after
{Heap after GC invocations=12 (full 0):
 garbage-first heap   total 557056K, used 293597K [0x0000026680000000, 0x0000066680000000)
  region size 32768K, 1 young (32768K), 1 survivors (32768K)
 Metaspace       used 23654K, committed 23936K, reserved 1114112K
  class space    used 2495K, committed 2624K, reserved 1048576K
}

Dll operation events (3 events):
Event: 0.007 Loaded shared library C:\Users\bader\.jdks\jbrsdk_jcef-17.0.9\bin\java.dll
Event: 0.078 Loaded shared library C:\Users\bader\.jdks\jbrsdk_jcef-17.0.9\bin\jsvml.dll
Event: 0.159 Loaded shared library C:\Users\bader\.jdks\jbrsdk_jcef-17.0.9\bin\zip.dll

Deoptimization events (20 events):
Event: 36.355 Thread 0x0000068c9b2cfff0 Uncommon trap: trap_request=0xffffff45 fr.pc=0x000002660cac0aa0 relative=0x0000000000002880
Event: 36.355 Thread 0x0000068c9b2cfff0 Uncommon trap: reason=unstable_if action=reinterpret pc=0x000002660cac0aa0 method=sun.java2d.pipe.BufferedContext.validate(Lsun/java2d/pipe/hw/AccelSurface;Lsun/java2d/pipe/hw/AccelSurface;Lsun/java2d/pipe/Region;Ljava/awt/Composite;Ljava/awt/geom/AffineT
Event: 36.355 Thread 0x0000068c9b2cfff0 DEOPT PACKING pc=0x000002660cac0aa0 sp=0x000000f1b57fecc0
Event: 36.355 Thread 0x0000068c9b2cfff0 DEOPT UNPACKING pc=0x000002660c4869a3 sp=0x000000f1b57fec68 mode 2
Event: 36.372 Thread 0x0000068c9b2cfff0 Uncommon trap: trap_request=0xffffff5c fr.pc=0x000002660cadbc24 relative=0x0000000000000da4
Event: 36.372 Thread 0x0000068c9b2cfff0 Uncommon trap: reason=speculate_null_check action=make_not_entrant pc=0x000002660cadbc24 method=java.util.Objects.hashCode(Ljava/lang/Object;)I @ 1 c2
Event: 36.372 Thread 0x0000068c9b2cfff0 DEOPT PACKING pc=0x000002660cadbc24 sp=0x000000f1b57fe980
Event: 36.373 Thread 0x0000068c9b2cfff0 DEOPT UNPACKING pc=0x000002660c4869a3 sp=0x000000f1b57fe4c8 mode 2
Event: 37.000 Thread 0x0000068c9b2cfff0 Uncommon trap: trap_request=0xffffff45 fr.pc=0x000002660cae9fcc relative=0x000000000000084c
Event: 37.000 Thread 0x0000068c9b2cfff0 Uncommon trap: reason=unstable_if action=reinterpret pc=0x000002660cae9fcc method=net.sendback.util.components.menus.GameCanvas.getTexture([[Lnet/sendback/objects/Tile;II)Ljava/awt/image/BufferedImage; @ 463 c2
Event: 37.000 Thread 0x0000068c9b2cfff0 DEOPT PACKING pc=0x000002660cae9fcc sp=0x000000f1b57ff0a0
Event: 37.000 Thread 0x0000068c9b2cfff0 DEOPT UNPACKING pc=0x000002660c4869a3 sp=0x000000f1b57ff028 mode 2
Event: 39.226 Thread 0x0000068c9b2cfff0 Uncommon trap: trap_request=0xffffff45 fr.pc=0x000002660caf2594 relative=0x00000000000008f4
Event: 39.226 Thread 0x0000068c9b2cfff0 Uncommon trap: reason=unstable_if action=reinterpret pc=0x000002660caf2594 method=net.sendback.util.components.menus.GameCanvas.getTexture([[Lnet/sendback/objects/Tile;II)Ljava/awt/image/BufferedImage; @ 260 c2
Event: 39.226 Thread 0x0000068c9b2cfff0 DEOPT PACKING pc=0x000002660caf2594 sp=0x000000f1b57ff0a0
Event: 39.226 Thread 0x0000068c9b2cfff0 DEOPT UNPACKING pc=0x000002660c4869a3 sp=0x000000f1b57ff028 mode 2
Event: 40.229 Thread 0x0000068c9b2cfff0 Uncommon trap: trap_request=0xffffff45 fr.pc=0x000002660caf6274 relative=0x00000000000004d4
Event: 40.229 Thread 0x0000068c9b2cfff0 Uncommon trap: reason=unstable_if action=reinterpret pc=0x000002660caf6274 method=net.sendback.util.components.menus.GameCanvas.getTexture([[Lnet/sendback/objects/Tile;II)Ljava/awt/image/BufferedImage; @ 110 c2
Event: 40.230 Thread 0x0000068c9b2cfff0 DEOPT PACKING pc=0x000002660caf6274 sp=0x000000f1b57ff0a0
Event: 40.230 Thread 0x0000068c9b2cfff0 DEOPT UNPACKING pc=0x000002660c4869a3 sp=0x000000f1b57ff028 mode 2

Classes unloaded (0 events):
No events

Classes redefined (0 events):
No events

Internal exceptions (20 events):
Event: 0.930 Thread 0x000002667f972520 Exception <a 'java/lang/NoSuchMethodError'{0x000002668f675898}: 'int java.lang.invoke.Invokers$Holder.linkToTargetMethod(java.lang.Object, java.lang.Object)'> (0x000002668f675898) 
thrown [s\src\hotspot\share\interpreter\linkResolver.cpp, line 771]
Event: 3.269 Thread 0x000002667f972520 Exception <a 'java/lang/NoSuchMethodError'{0x00000266917f9f10}: 'void java.lang.invoke.DirectMethodHandle$Holder.invokeSpecial(java.lang.Object, java.lang.Object, java.lang.Object)'> (0x00000266917f9f10) 
thrown [s\src\hotspot\share\interpreter\linkResolver.cpp, line 771]
Event: 5.380 Thread 0x000002667f972520 Exception <a 'java/lang/NoSuchMethodError'{0x00000266a044cc60}: 'void java.lang.invoke.DirectMethodHandle$Holder.invokeStaticInit(java.lang.Object)'> (0x00000266a044cc60) 
thrown [s\src\hotspot\share\interpreter\linkResolver.cpp, line 771]
Event: 5.416 Thread 0x0000068c9b2ca9e0 Exception <a 'java/lang/NoSuchMethodError'{0x00000266a055e0b8}: 'java.lang.Object java.lang.invoke.DirectMethodHandle$Holder.newInvokeSpecial(java.lang.Object, java.lang.Object, java.lang.Object, java.lang.Object, java.lang.Object)'> (0x00000266a055e0b8) 
thrown [s\src\hotspot\share\interpreter\linkResolver.cpp, line 771]
Event: 5.419 Thread 0x0000068c9b2ca9e0 Exception <a 'java/lang/NoSuchMethodError'{0x00000266a056c988}: 'java.lang.Object java.lang.invoke.DirectMethodHandle$Holder.invokeStatic(java.lang.Object, int, java.lang.Object, java.lang.Object, java.lang.Object, java.lang.Object)'> (0x00000266a056c988) 
thrown [s\src\hotspot\share\interpreter\linkResolver.cpp, line 771]
Event: 5.457 Thread 0x0000068c9b2ca9e0 Exception <a 'java/lang/ClassNotFoundException'{0x00000266a0699fb8}: com/sun/swing/internal/plaf/metal/resources/spi/metalProvider> (0x00000266a0699fb8) 
thrown [s\src\hotspot\share\classfile\systemDictionary.cpp, line 256]
Event: 5.459 Thread 0x0000068c9b2ca9e0 Exception <a 'java/lang/ClassNotFoundException'{0x00000266a069ff10}: com/sun/swing/internal/plaf/basic/resources/spi/basicProvider> (0x00000266a069ff10) 
thrown [s\src\hotspot\share\classfile\systemDictionary.cpp, line 256]
Event: 5.462 Thread 0x0000068c9b2ca9e0 Exception <a 'java/lang/NoSuchMethodError'{0x00000266a06c42c8}: 'java.lang.Object java.lang.invoke.Invokers$Holder.linkToTargetMethod(java.lang.Object, int, java.lang.Object, java.lang.Object, java.lang.Object)'> (0x00000266a06c42c8) 
thrown [s\src\hotspot\share\interpreter\linkResolver.cpp, line 771]
Event: 5.489 Thread 0x0000068c9a95f670 Exception <a 'java/lang/NoSuchMethodError'{0x00000266a072b408}: 'void java.lang.invoke.DirectMethodHandle$Holder.invokeVirtual(java.lang.Object, java.lang.Object)'> (0x00000266a072b408) 
thrown [s\src\hotspot\share\interpreter\linkResolver.cpp, line 771]
Event: 5.510 Thread 0x0000068c9b2ca9e0 Exception <a 'java/lang/NoSuchMethodError'{0x00000266a07a4888}: 'java.lang.Object java.lang.invoke.DirectMethodHandle$Holder.newInvokeSpecial(java.lang.Object, java.lang.Object, int, int, int, int)'> (0x00000266a07a4888) 
thrown [s\src\hotspot\share\interpreter\linkResolver.cpp, line 771]
Event: 5.512 Thread 0x0000068c9b2ca9e0 Exception <a 'java/lang/NoSuchMethodError'{0x00000266a07b65d8}: 'void java.lang.invoke.DirectMethodHandle$Holder.invokeSpecial(java.lang.Object, java.lang.Object, int, int)'> (0x00000266a07b65d8) 
thrown [s\src\hotspot\share\interpreter\linkResolver.cpp, line 771]
Event: 5.512 Thread 0x0000068c9b2ca9e0 Exception <a 'java/lang/NoSuchMethodError'{0x00000266a07be440}: 'java.lang.Object java.lang.invoke.DirectMethodHandle$Holder.newInvokeSpecial(java.lang.Object, java.lang.Object, int, int)'> (0x00000266a07be440) 
thrown [s\src\hotspot\share\interpreter\linkResolver.cpp, line 771]
Event: 5.605 Thread 0x0000068c9b2ca9e0 Exception <a 'java/lang/NoSuchMethodError'{0x00000266a08bea98}: 'java.lang.Object java.lang.invoke.Invokers$Holder.invoke_MT(java.lang.Object, java.lang.Object, java.lang.Object)'> (0x00000266a08bea98) 
thrown [s\src\hotspot\share\interpreter\linkResolver.cpp, line 771]
Event: 5.606 Thread 0x0000068c9b2ca9e0 Exception <a 'java/lang/NoSuchMethodError'{0x00000266a08ccfa8}: 'int java.lang.invoke.Invokers$Holder.invoke_MT(java.lang.Object, java.lang.Object, java.lang.Object)'> (0x00000266a08ccfa8) 
thrown [s\src\hotspot\share\interpreter\linkResolver.cpp, line 771]
Event: 6.236 Thread 0x0000068c9b2ca9e0 Exception <a 'java/lang/NoSuchMethodError'{0x00000266a090e968}: 'void java.lang.invoke.DirectMethodHandle$Holder.invokeStatic(java.lang.Object, java.lang.Object, java.lang.Object)'> (0x00000266a090e968) 
thrown [s\src\hotspot\share\interpreter\linkResolver.cpp, line 771]
Event: 8.329 Thread 0x0000068c9b2c9fc0 Exception <a 'java/lang/NoSuchMethodError'{0x00000266a0a00338}: 'java.lang.Object java.lang.invoke.DirectMethodHandle$Holder.newInvokeSpecial(java.lang.Object, java.lang.Object, java.lang.Object, int, int, int, int, int)'> (0x00000266a0a00338) 
thrown [s\src\hotspot\share\interpreter\linkResolver.cpp, line 771]
Event: 8.413 Thread 0x0000068c9b2ca9e0 Exception <a 'java/lang/NoSuchMethodError'{0x00000266a0b2c928}: 'int java.lang.invoke.DirectMethodHandle$Holder.invokeStatic(java.lang.Object)'> (0x00000266a0b2c928) 
thrown [s\src\hotspot\share\interpreter\linkResolver.cpp, line 771]
Event: 36.045 Thread 0x0000068c9b2cfff0 Implicit null exception at 0x000002660caa9f00 to 0x000002660caaa48c
Event: 36.355 Thread 0x0000068c9b2cfff0 Implicit null exception at 0x000002660cabeb13 to 0x000002660cac0a6c
Event: 36.372 Thread 0x0000068c9b2cfff0 Implicit null exception at 0x000002660cadaff6 to 0x000002660cadbbf8

VM Operations (20 events):
Event: 30.384 Executing VM operation: Cleanup
Event: 30.384 Executing VM operation: Cleanup done
Event: 31.392 Executing VM operation: Cleanup
Event: 31.392 Executing VM operation: Cleanup done
Event: 32.403 Executing VM operation: Cleanup
Event: 32.403 Executing VM operation: Cleanup done
Event: 33.411 Executing VM operation: Cleanup
Event: 33.411 Executing VM operation: Cleanup done
Event: 34.420 Executing VM operation: Cleanup
Event: 34.420 Executing VM operation: Cleanup done
Event: 35.434 Executing VM operation: Cleanup
Event: 35.434 Executing VM operation: Cleanup done
Event: 36.343 Executing VM operation: G1CollectForAllocation
Event: 36.354 Executing VM operation: G1CollectForAllocation done
Event: 37.355 Executing VM operation: Cleanup
Event: 37.355 Executing VM operation: Cleanup done
Event: 38.364 Executing VM operation: Cleanup
Event: 38.364 Executing VM operation: Cleanup done
Event: 39.365 Executing VM operation: Cleanup
Event: 39.365 Executing VM operation: Cleanup done

Events (20 events):
Event: 31.233 loading class java/awt/image/BufferedImageOp
Event: 31.234 loading class java/awt/image/BufferedImageOp done
Event: 31.251 Thread 0x0000068c9452a7a0 Thread added: 0x0000068c9452a7a0
Event: 31.470 Thread 0x0000068c9452a7a0 Thread exited: 0x0000068c9452a7a0
Event: 31.591 Thread 0x0000068c9dfa5a00 Thread exited: 0x0000068c9dfa5a00
Event: 36.035 loading class java/lang/NoSuchFieldError
Event: 36.035 loading class java/lang/NoSuchFieldError done
Event: 36.081 Thread 0x0000068c9aea44c0 Thread added: 0x0000068c9aea44c0
Event: 36.293 Thread 0x0000068c9aea44c0 Thread exited: 0x0000068c9aea44c0
Event: 43.376 Thread 0x0000068c9b2cf5d0 Thread added: 0x0000068c9b2cf5d0
Event: 43.376 Thread 0x0000068c9b2cfae0 Thread added: 0x0000068c9b2cfae0
Event: 43.376 Thread 0x0000068c9b2d0500 Thread added: 0x0000068c9b2d0500
Event: 43.376 loading class java/util/WeakHashMap$KeyIterator
Event: 43.376 loading class java/util/WeakHashMap$HashIterator
Event: 43.376 loading class java/util/WeakHashMap$HashIterator done
Event: 43.376 loading class java/util/WeakHashMap$KeyIterator done
Event: 43.376 loading class sun/font/SunFontManager$8$1
Event: 43.377 Thread 0x0000068c9b2cf5d0 Thread exited: 0x0000068c9b2cf5d0
Event: 43.377 loading class sun/font/SunFontManager$8$1 done
Event: 43.380 Thread 0x0000068c9b2d0500 Thread exited: 0x0000068c9b2d0500


Dynamic libraries:
0x00007ff782070000 - 0x00007ff78207a000 	C:\Users\bader\.jdks\jbrsdk_jcef-17.0.9\bin\java.exe
0x00007ffed6e90000 - 0x00007ffed7088000 	C:\Windows\SYSTEM32\ntdll.dll
0x00007ffed4f20000 - 0x00007ffed4fe2000 	C:\Windows\System32\KERNEL32.DLL
0x00007ffed4960000 - 0x00007ffed4c5e000 	C:\Windows\System32\KERNELBASE.dll
0x00007ffed4db0000 - 0x00007ffed4eb0000 	C:\Windows\System32\ucrtbase.dll
0x00007ffecbf60000 - 0x00007ffecbf77000 	C:\Users\bader\.jdks\jbrsdk_jcef-17.0.9\bin\jli.dll
0x00007ffec3f90000 - 0x00007ffec3fab000 	C:\Users\bader\.jdks\jbrsdk_jcef-17.0.9\bin\VCRUNTIME140.dll
0x00007ffed6bd0000 - 0x00007ffed6d6d000 	C:\Windows\System32\USER32.dll
0x00007ffed4650000 - 0x00007ffed4672000 	C:\Windows\System32\win32u.dll
0x00007ffeba210000 - 0x00007ffeba4aa000 	C:\Windows\WinSxS\amd64_microsoft.windows.common-controls_6595b64144ccf1df_6.0.19041.4355_none_60b8b9eb71f62e16\COMCTL32.dll
0x00007ffed61a0000 - 0x00007ffed61cb000 	C:\Windows\System32\GDI32.dll
0x00007ffed67d0000 - 0x00007ffed686e000 	C:\Windows\System32\msvcrt.dll
0x00007ffed4530000 - 0x00007ffed4647000 	C:\Windows\System32\gdi32full.dll
0x00007ffed4d10000 - 0x00007ffed4dad000 	C:\Windows\System32\msvcp_win.dll
0x00007ffed6100000 - 0x00007ffed612f000 	C:\Windows\System32\IMM32.DLL
0x00007ffecbf50000 - 0x00007ffecbf5c000 	C:\Users\bader\.jdks\jbrsdk_jcef-17.0.9\bin\vcruntime140_1.dll
0x00007ffeb8c40000 - 0x00007ffeb8ccd000 	C:\Users\bader\.jdks\jbrsdk_jcef-17.0.9\bin\msvcp140.dll
0x00007ffe57490000 - 0x00007ffe58112000 	C:\Users\bader\.jdks\jbrsdk_jcef-17.0.9\bin\server\jvm.dll
0x00007ffed6d90000 - 0x00007ffed6e41000 	C:\Windows\System32\ADVAPI32.dll
0x00007ffed5e40000 - 0x00007ffed5edf000 	C:\Windows\System32\sechost.dll
0x00007ffed62a0000 - 0x00007ffed63c3000 	C:\Windows\System32\RPCRT4.dll
0x00007ffed4760000 - 0x00007ffed4787000 	C:\Windows\System32\bcrypt.dll
0x00007ffed3a60000 - 0x00007ffed3aab000 	C:\Windows\SYSTEM32\POWRPROF.dll
0x00007ffecf4c0000 - 0x00007ffecf4c9000 	C:\Windows\SYSTEM32\WSOCK32.dll
0x00007ffeb9a40000 - 0x00007ffeb9a67000 	C:\Windows\SYSTEM32\WINMM.dll
0x00007ffecd650000 - 0x00007ffecd65a000 	C:\Windows\SYSTEM32\VERSION.dll
0x00007ffed6090000 - 0x00007ffed60fb000 	C:\Windows\System32\WS2_32.dll
0x00007ffed3930000 - 0x00007ffed3942000 	C:\Windows\SYSTEM32\UMPDC.dll
0x00007ffed23b0000 - 0x00007ffed23c2000 	C:\Windows\SYSTEM32\kernel.appcore.dll
0x00007ffecb150000 - 0x00007ffecb15a000 	C:\Users\bader\.jdks\jbrsdk_jcef-17.0.9\bin\jimage.dll
0x00007ffed1cc0000 - 0x00007ffed1ea4000 	C:\Windows\SYSTEM32\DBGHELP.DLL
0x00007ffec4470000 - 0x00007ffec44a4000 	C:\Windows\SYSTEM32\dbgcore.DLL
0x00007ffed46d0000 - 0x00007ffed4752000 	C:\Windows\System32\bcryptPrimitives.dll
0x00007ffecffa0000 - 0x00007ffecffae000 	C:\Users\bader\.jdks\jbrsdk_jcef-17.0.9\bin\instrument.dll
0x00007ffec2380000 - 0x00007ffec23a5000 	C:\Users\bader\.jdks\jbrsdk_jcef-17.0.9\bin\java.dll
0x00007ffec2270000 - 0x00007ffec2288000 	C:\Users\bader\.jdks\jbrsdk_jcef-17.0.9\bin\zip.dll
0x00007ffeb73d0000 - 0x00007ffeb74a7000 	C:\Users\bader\.jdks\jbrsdk_jcef-17.0.9\bin\jsvml.dll
0x00007ffed4ff0000 - 0x00007ffed575d000 	C:\Windows\System32\SHELL32.dll
0x00007ffed25b0000 - 0x00007ffed2d54000 	C:\Windows\SYSTEM32\windows.storage.dll
0x00007ffed6870000 - 0x00007ffed6bc3000 	C:\Windows\System32\combase.dll
0x00007ffed3f60000 - 0x00007ffed3f8e000 	C:\Windows\SYSTEM32\Wldp.dll
0x00007ffed61d0000 - 0x00007ffed629d000 	C:\Windows\System32\OLEAUT32.dll
0x00007ffed65c0000 - 0x00007ffed666d000 	C:\Windows\System32\SHCORE.dll
0x00007ffed6560000 - 0x00007ffed65b5000 	C:\Windows\System32\shlwapi.dll
0x00007ffed4460000 - 0x00007ffed4484000 	C:\Windows\SYSTEM32\profapi.dll
0x00007ffec2080000 - 0x00007ffec2099000 	C:\Users\bader\.jdks\jbrsdk_jcef-17.0.9\bin\net.dll
0x00007ffeccc80000 - 0x00007ffeccd8d000 	C:\Windows\SYSTEM32\WINHTTP.dll
0x00007ffed3cc0000 - 0x00007ffed3d2a000 	C:\Windows\system32\mswsock.dll
0x00007ffec1fb0000 - 0x00007ffec1fc6000 	C:\Users\bader\.jdks\jbrsdk_jcef-17.0.9\bin\nio.dll
0x00007ffebdc70000 - 0x00007ffebdc8a000 	C:\Program Files\JetBrains\IntelliJ IDEA Community Edition 2023.3.6\bin\breakgen64.dll
0x00007ffe89da0000 - 0x00007ffe89f3a000 	C:\Users\bader\.jdks\jbrsdk_jcef-17.0.9\bin\awt.dll
0x00007ffed20b0000 - 0x00007ffed20df000 	C:\Windows\SYSTEM32\dwmapi.dll
0x00007ffeb8710000 - 0x00007ffeb8754000 	C:\Users\bader\.jdks\jbrsdk_jcef-17.0.9\bin\nvdaControllerClient64.dll
0x00007ffecf1c0000 - 0x00007ffecf254000 	C:\Windows\SYSTEM32\apphelp.dll
0x00007ffeb81e0000 - 0x00007ffeb8308000 	C:\Windows\system32\opengl32.dll
0x00007ffeb7c60000 - 0x00007ffeb7c8c000 	C:\Windows\SYSTEM32\GLU32.dll
0x00007ffed1090000 - 0x00007ffed112e000 	C:\Windows\system32\uxtheme.dll
0x00007ffed5bd0000 - 0x00007ffed5ce5000 	C:\Windows\System32\MSCTF.dll
0x00007ffed5cf0000 - 0x00007ffed5d99000 	C:\Windows\System32\clbcatq.dll
0x00007ffe4ea80000 - 0x00007ffe4fa4a000 	C:\Windows\System32\DriverStore\FileRepository\iigd_dch.inf_amd64_5d54dd32fa1ef4d4\ig9icd64.dll
0x00007ffed6430000 - 0x00007ffed655b000 	C:\Windows\System32\ole32.dll
0x00007ffed2dc0000 - 0x00007ffed2eb6000 	C:\Windows\system32\dxgi.dll
0x00007ffec7a80000 - 0x00007ffec7cbf000 	C:\Windows\System32\DriverStore\FileRepository\iigd_dch.inf_amd64_5d54dd32fa1ef4d4\igdgmm64.dll
0x00007ffec4eb0000 - 0x00007ffec7a79000 	C:\Windows\System32\DriverStore\FileRepository\iigd_dch.inf_amd64_5d54dd32fa1ef4d4\igc64.dll
0x00007ffe6fa90000 - 0x00007ffe6fe9c000 	C:\Windows\System32\DriverStore\FileRepository\iigd_dch.inf_amd64_5d54dd32fa1ef4d4\igdml64.dll
0x00007ffed3ec0000 - 0x00007ffed3ed8000 	C:\Windows\SYSTEM32\CRYPTSP.dll
0x00007ffed3570000 - 0x00007ffed35a4000 	C:\Windows\system32\rsaenh.dll
0x00007ffed4420000 - 0x00007ffed444e000 	C:\Windows\SYSTEM32\USERENV.dll
0x00007ffed3eb0000 - 0x00007ffed3ebc000 	C:\Windows\SYSTEM32\CRYPTBASE.dll
0x00007ffed3950000 - 0x00007ffed398b000 	C:\Windows\SYSTEM32\IPHLPAPI.DLL
0x00007ffed5e30000 - 0x00007ffed5e38000 	C:\Windows\System32\NSI.dll
0x00007ffecc960000 - 0x00007ffecc977000 	C:\Windows\SYSTEM32\dhcpcsvc6.DLL
0x00007ffeccbf0000 - 0x00007ffeccc0d000 	C:\Windows\SYSTEM32\dhcpcsvc.DLL
0x00007ffed3990000 - 0x00007ffed3a5a000 	C:\Windows\SYSTEM32\DNSAPI.dll
0x00007ffeb7340000 - 0x00007ffeb73c7000 	C:\Users\bader\.jdks\jbrsdk_jcef-17.0.9\bin\freetype.dll
0x00007ffe8b2b0000 - 0x00007ffe8b387000 	C:\Users\bader\.jdks\jbrsdk_jcef-17.0.9\bin\fontmanager.dll
0x00007ffebbf90000 - 0x00007ffebbfa2000 	C:\Users\bader\.jdks\jbrsdk_jcef-17.0.9\bin\jsound.dll
0x00007ffeb71e0000 - 0x00007ffeb727c000 	C:\Windows\SYSTEM32\DSOUND.dll
0x00007ffec02f0000 - 0x00007ffec0316000 	C:\Windows\SYSTEM32\winmmbase.dll
0x00007ffecce00000 - 0x00007ffecce85000 	C:\Windows\System32\MMDevApi.dll
0x00007ffed42c0000 - 0x00007ffed42f3000 	C:\Windows\System32\DEVOBJ.dll
0x00007ffed4680000 - 0x00007ffed46ce000 	C:\Windows\System32\cfgmgr32.dll
0x00007ffeb5080000 - 0x00007ffeb50c6000 	C:\Windows\SYSTEM32\wdmaud.drv
0x00007ffecf4e0000 - 0x00007ffecf4e9000 	C:\Windows\SYSTEM32\ksuser.dll
0x00007ffeced00000 - 0x00007ffeced0a000 	C:\Windows\SYSTEM32\AVRT.dll
0x00007ffecce90000 - 0x00007ffecd011000 	C:\Windows\SYSTEM32\AUDIOSES.DLL
0x00007ffeb5070000 - 0x00007ffeb507d000 	C:\Windows\SYSTEM32\msacm32.drv
0x00007ffeb5050000 - 0x00007ffeb506e000 	C:\Windows\SYSTEM32\MSACM32.dll
0x00007ffeb5040000 - 0x00007ffeb504b000 	C:\Windows\SYSTEM32\midimap.dll
0x00007ffed1fb0000 - 0x00007ffed1fc4000 	C:\Windows\SYSTEM32\resourcepolicyclient.dll
0x00007ffeb1a60000 - 0x00007ffeb1c05000 	C:\Windows\WinSxS\amd64_microsoft.windows.gdiplus_6595b64144ccf1df_1.1.19041.4597_none_91a78020cc854124\gdiplus.dll
0x00007ffebfdd0000 - 0x00007ffebfec9000 	C:\Windows\SYSTEM32\textinputframework.dll
0x00007ffece6e0000 - 0x00007ffecea3b000 	C:\Windows\System32\CoreUIComponents.dll
0x00007ffecea50000 - 0x00007ffeceb42000 	C:\Windows\System32\CoreMessaging.dll
0x00007ffed37c0000 - 0x00007ffed37f3000 	C:\Windows\SYSTEM32\ntmarta.dll
0x00007ffed12c0000 - 0x00007ffed1417000 	C:\Windows\SYSTEM32\wintypes.dll
0x00007ffeb7e70000 - 0x00007ffeb8165000 	C:\Windows\System32\uiautomationcore.dll
0x00007ffed1880000 - 0x00007ffed1976000 	C:\Windows\System32\PROPSYS.dll
0x00007ffeb8170000 - 0x00007ffeb81d6000 	C:\Windows\System32\OLEACC.dll
0x00007ffed0e40000 - 0x00007ffed0ff6000 	C:\Windows\SYSTEM32\WindowsCodecs.dll
0x00007ffeb4bf0000 - 0x00007ffeb4c2e000 	C:\Windows\system32\dataexchange.dll
0x00007ffecd7d0000 - 0x00007ffecda33000 	C:\Windows\system32\d3d11.dll
0x00007ffece090000 - 0x00007ffece274000 	C:\Windows\system32\dcomp.dll
0x00007ffecb4a0000 - 0x00007ffecb6a3000 	C:\Windows\system32\twinapi.appcore.dll
0x00007ffebfed0000 - 0x00007ffec000f000 	C:\Windows\System32\Windows.UI.dll
0x00007ffecbdf0000 - 0x00007ffecbe91000 	C:\Windows\System32\WindowManagementAPI.dll
0x00007ffebfc70000 - 0x00007ffebfdc2000 	C:\Windows\System32\InputHost.dll

dbghelp: loaded successfully - version: 4.0.5 - missing functions: none
symbol engine: initialized successfully - sym options: 0x614 - pdb path: .;C:\Users\bader\.jdks\jbrsdk_jcef-17.0.9\bin;C:\Windows\SYSTEM32;C:\Windows\WinSxS\amd64_microsoft.windows.common-controls_6595b64144ccf1df_6.0.19041.4355_none_60b8b9eb71f62e16;C:\Users\bader\.jdks\jbrsdk_jcef-17.0.9\bin\server;C:\Program Files\JetBrains\IntelliJ IDEA Community Edition 2023.3.6\bin;C:\Windows\System32\DriverStore\FileRepository\iigd_dch.inf_amd64_5d54dd32fa1ef4d4;C:\Windows\WinSxS\amd64_microsoft.windows.gdiplus_6595b64144ccf1df_1.1.19041.4597_none_91a78020cc854124

VM Arguments:
jvm_args: -Xmx3072g -Xmx4096g -Dsun.java2d.opengl=true -XX:ErrorFile=logs/hs_err_pid%p.log -javaagent:C:\Program Files\JetBrains\IntelliJ IDEA Community Edition 2023.3.6\lib\idea_rt.jar=61124:C:\Program Files\JetBrains\IntelliJ IDEA Community Edition 2023.3.6\bin -Dfile.encoding=UTF-8 
java_command: net.sendback.Main
java_class_path (initial): C:\Users\bader\OneDrive\Bureau\Idea\GTS_PRojekt\target\classes
Launcher Type: SUN_STANDARD

[Global flags]
     intx CICompilerCount                          = 4                                         {product} {ergonomic}
     uint ConcGCThreads                            = 3                                         {product} {ergonomic}
    ccstr ErrorFile                                = logs/hs_err_pid%p.log                     {product} {command line}
     uint G1ConcRefinementThreads                  = 10                                        {product} {ergonomic}
   size_t G1HeapRegionSize                         = 33554432                                  {product} {ergonomic}
    uintx GCDrainStackTargetSize                   = 64                                        {product} {ergonomic}
   size_t InitialHeapSize                          = 268435456                                 {product} {ergonomic}
   size_t MarkStackSize                            = 4194304                                   {product} {ergonomic}
   size_t MaxHeapSize                              = 4398046511104                             {product} {command line}
   size_t MaxNewSize                               = 2638821195776                             {product} {ergonomic}
   size_t MinHeapDeltaBytes                        = 33554432                                  {product} {ergonomic}
   size_t MinHeapSize                              = 33554432                                  {product} {ergonomic}
    uintx NonNMethodCodeHeapSize                   = 5839372                                {pd product} {ergonomic}
    uintx NonProfiledCodeHeapSize                  = 122909434                              {pd product} {ergonomic}
    uintx ProfiledCodeHeapSize                     = 122909434                              {pd product} {ergonomic}
    uintx ReservedCodeCacheSize                    = 251658240                              {pd product} {ergonomic}
     bool SegmentedCodeCache                       = true                                      {product} {ergonomic}
   size_t SoftMaxHeapSize                          = 4398046511104                          {manageable} {ergonomic}
     bool UseCompressedClassPointers               = true                           {product lp64_product} {ergonomic}
     bool UseG1GC                                  = true                                      {product} {ergonomic}
     bool UseLargePagesIndividualAllocation        = false                                  {pd product} {ergonomic}

Logging:
Log output configuration:
 #0: stdout all=warning uptime,level,tags
 #1: stderr all=off uptime,level,tags

Environment Variables:
PATH=C:\Program Files\Common Files\Oracle\Java\javapath;C:\Windows\system32;C:\Windows;C:\Windows\System32\Wbem;C:\Windows\System32\WindowsPowerShell\v1.0\;C:\Windows\System32\OpenSSH\;C:\Program Files (x86)\NVIDIA Corporation\PhysX\Common;C:\Program Files\dotnet\;C:\Users\bader\AppData\Local\Microsoft\WindowsApps;C:\Users\bader\AppData\Local\GitHubDesktop\bin
USERNAME=bader
OS=Windows_NT
PROCESSOR_IDENTIFIER=Intel64 Family 6 Model 158 Stepping 10, GenuineIntel
TMP=C:\Users\bader\AppData\Local\Temp
TEMP=C:\Users\bader\AppData\Local\Temp



Periodic native trim disabled

JNI global refs:
JNI global refs: 144, weak refs: 161

JNI global refs memory usage: 2107, weak refs: 2105

OOME stack traces (most recent first):
Classloader memory used:
Loader bootstrap                                                                       : 2919K
Loader jdk.internal.loader.ClassLoaders$AppClassLoader                                 : 36381B
Loader jdk.internal.reflect.DelegatingClassLoader                                      : 5789B
Loader jdk.internal.loader.ClassLoaders$PlatformClassLoader                            : 764B


---------------  S Y S T E M  ---------------

OS:
 Windows 10 , 64 bit Build 19041 (10.0.19041.5072)
OS uptime: 18 days 7:57 hours

CPU: total 12 (initial active 12) (6 cores per cpu, 2 threads per core) family 6 model 158 stepping 10 microcode 0xf0, cx8, cmov, fxsr, ht, mmx, 3dnowpref, sse, sse2, sse3, ssse3, sse4.1, sse4.2, popcnt, lzcnt, tsc, tscinvbit, avx, avx2, aes, erms, clmul, bmi1, bmi2, adx, fma, vzeroupper, clflush, clflushopt
Processor Information for all 12 processors :
  Max Mhz: 2592, Current Mhz: 2592, Mhz Limit: 2592

Memory: 4k page, system-wide physical 16254M (1931M free)
TotalPageFile size 22380M (AvailPageFile size 2620M)
current process WorkingSet (physical memory assigned to process): 882M, peak: 885M
current process commit charge ("private bytes"): 982M, peak: 982M

vm_info: OpenJDK 64-Bit Server VM (17.0.9+8-b1166.2) for windows-amd64 JRE (17.0.9+8-b1166.2), built on 2024-01-13 by "builduser" with MS VC++ 16.10 / 16.11 (VS2019)

END.
