#
# A fatal error has been detected by the Java Runtime Environment:
#
#  EXCEPTION_ACCESS_VIOLATION (0xc0000005) at pc=0x00007ffe4f443c53, pid=36392, tid=30940
#
# JRE version: OpenJDK Runtime Environment JBR-17.0.9+8-1166.2-jcef (17.0.9+8) (build 17.0.9+8-b1166.2)
# Java VM: OpenJDK 64-Bit Server VM JBR-17.0.9+8-1166.2-jcef (17.0.9+8-b1166.2, mixed mode, tiered, compressed class ptrs, g1 gc, windows-amd64)
# Problematic frame:
# C  [ig9icd64.dll+0x9c3c53]
#
# No core dump will be written. Minidumps are not enabled by default on client versions of Windows
#
# If you would like to submit a bug report, please visit:
#   https://youtrack.jetbrains.com/issues/JBR
# The crash happened outside the Java Virtual Machine in native code.
# See problematic frame for where to report the bug.
#

---------------  S U M M A R Y ------------

Command Line: -Xmx3072g -Xmx4096g -Dsun.java2d.opengl=true -XX:ErrorFile=logs/hs_err_pid%p.log -javaagent:C:\Program Files\JetBrains\IntelliJ IDEA Community Edition 2023.3.6\lib\idea_rt.jar=60901:C:\Program Files\JetBrains\IntelliJ IDEA Community Edition 2023.3.6\bin -Dfile.encoding=UTF-8 net.sendback.Main

Host: Intel(R) Core(TM) i7-9750H CPU @ 2.60GHz, 12 cores, 15G,  Windows 10 , 64 bit Build 19041 (10.0.19041.5072)
Time: Thu Nov 14 23:15:01 2024 Mitteleuropäische Zeit elapsed time: 11.519787 seconds (0d 0h 0m 11s)

---------------  T H R E A D  ---------------

Current thread (0x000005f2783a2850):  JavaThread "Java2D Queue Flusher" daemon [_thread_in_native, id=30940, stack(0x00000066a6400000,0x00000066a6500000)]

Stack: [0x00000066a6400000,0x00000066a6500000],  sp=0x00000066a64fe678,  free space=1017k
Native frames: (J=compiled Java code, j=interpreted, Vv=VM code, C=native code)
C  [ig9icd64.dll+0x9c3c53]

Java frames: (J=compiled Java code, j=interpreted, Vv=VM code)
J 2396  sun.java2d.opengl.OGLRenderQueue.flushBuffer(JI)V java.desktop (0 bytes) @ 0x000001cc5ba98adb [0x000001cc5ba98aa0+0x000000000000003b]
J 2391 c1 sun.java2d.opengl.OGLRenderQueue.flushBuffer()V java.desktop (41 bytes) @ 0x000001cc5430c184 [0x000001cc5430c060+0x0000000000000124]
j  sun.java2d.opengl.OGLRenderQueue$QueueFlusher.run()V+81 java.desktop
j  java.lang.Thread.run()V+11 java.base@17.0.9
v  ~StubRoutines::call_stub

siginfo: EXCEPTION_ACCESS_VIOLATION (0xc0000005), reading address 0xffffffffffffffff


Registers:
RAX=0x000000000fff0fff, RBX=0x00007ffe4ea80000, RCX=0x000000033fcf3fcc, RDX=0x00000066a64feb90
RSP=0x00000066a64fe678, RBP=0x00000066a64fe780, RSI=0x000005f27e424a00, RDI=0x00000066a64fe980
R8 =0x00000066a64fe7b0, R9 =0x00000066a64feb90, R10=0x00000066a64fe980, R11=0x0000000000000000
R12=0x00007ffe4f8aa420, R13=0x0000000000000000, R14=0x0000000000000000, R15=0x00000000000001c1
RIP=0x00007ffe4f443c53, EFLAGS=0x0000000000010206


Register to memory mapping:

RIP=0x00007ffe4f443c53 ig9icd64.dll
RAX=0x000000000fff0fff is an unknown value
RBX=0x00007ffe4ea80000 ig9icd64.dll
RCX=0x000000033fcf3fcc is an unknown value
RDX=0x00000066a64feb90 is pointing into the stack for thread: 0x000005f2783a2850
RSP=0x00000066a64fe678 is pointing into the stack for thread: 0x000005f2783a2850
RBP=0x00000066a64fe780 is pointing into the stack for thread: 0x000005f2783a2850
RSI=0x000005f27e424a00 points into unknown readable memory: 0x000005f2783b2740 | 40 27 3b 78 f2 05 00 00
RDI=0x00000066a64fe980 is pointing into the stack for thread: 0x000005f2783a2850
R8 =0x00000066a64fe7b0 is pointing into the stack for thread: 0x000005f2783a2850
R9 =0x00000066a64feb90 is pointing into the stack for thread: 0x000005f2783a2850
R10=0x00000066a64fe980 is pointing into the stack for thread: 0x000005f2783a2850
R11=0x0 is NULL
R12=0x00007ffe4f8aa420 ig9icd64.dll
R13=0x0 is NULL
R14=0x0 is NULL
R15=0x00000000000001c1 is an unknown value


Top of Stack: (sp=0x00000066a64fe678)
0x00000066a64fe678:   00007ffe4f44138b 0000000000000001
0x00000066a64fe688:   0000000000000000 000001cc038fbe00
0x00000066a64fe698:   00007ffec7a82572 0000006600000065
0x00000066a64fe6a8:   00000066a64fe8b0 0000000000000000
0x00000066a64fe6b8:   000005f27f295520 0000000000000000
0x00000066a64fe6c8:   000005f27e9627c0 000001cc038fbea0
0x00000066a64fe6d8:   0000000000000fb0 0000000000000000
0x00000066a64fe6e8:   0000000000000000 00000066a64fe860
0x00000066a64fe6f8:   00007ffe4f0d9070 0000000000000000
0x00000066a64fe708:   0000000000000000 0000000000000000
0x00000066a64fe718:   0000000000000000 000092d98b38e7a0
0x00000066a64fe728:   00007ffe4ea964e5 000001cc038fbea0
0x00000066a64fe738:   0000000000004001 0000000000000200
0x00000066a64fe748:   00007ffed6ebb86b 000000000003000e
0x00000066a64fe758:   0000000000000037 000005f27f0113d0
0x00000066a64fe768:   0000000000000000 0000000000000000
0x00000066a64fe778:   00007ffe4f441c62 0000000000000000
0x00000066a64fe788:   000001cc4ea09d80 00000066a64fea80
0x00000066a64fe798:   000001cc4ea00000 000001cc4ea002b4
0x00000066a64fe7a8:   000005f27f295520 00007ffe4f74f020
0x00000066a64fe7b8:   0000000e00000000 0000001a00000018
0x00000066a64fe7c8:   00000fff00000000 437f0000437f0000
0x00000066a64fe7d8:   437f0000437f0000 0000ff0000ff0000
0x00000066a64fe7e8:   ff000000000000ff 0000000800000010
0x00000066a64fe7f8:   0000001800000000 0000000000000000
0x00000066a64fe808:   0000000000000000 0000000000000000
0x00000066a64fe818:   0000000000000000 0000000000000000
0x00000066a64fe828:   0000000000000000 0000000000000000
0x00000066a64fe838:   0000000000000000 0000000000000000
0x00000066a64fe848:   0000000000000000 0000000000000000
0x00000066a64fe858:   0000000000000000 0000000000000000
0x00000066a64fe868:   0000000000000000 0000000000000000 

Instructions: (pc=0x00007ffe4f443c53)
0x00007ffe4f443b53:   a1 b6 30 00 48 89 51 08 48 89 01 8b 44 24 28 89
0x00007ffe4f443b63:   41 20 8b 44 24 30 89 41 24 48 8b c1 4c 89 41 10
0x00007ffe4f443b73:   4c 89 49 18 c3 cc cc cc cc cc cc cc cc 48 89 5c
0x00007ffe4f443b83:   24 08 8b 41 5c 48 8d 1d 71 c4 63 ff 41 89 40 08
0x00007ffe4f443b93:   4c 8b d1 8b 41 60 45 33 db 41 89 40 0c 4c 8b ca
0x00007ffe4f443ba3:   8b 41 64 41 89 40 10 8b 41 68 41 89 40 14 8b 41
0x00007ffe4f443bb3:   6c 41 89 40 18 8b 41 70 41 89 40 1c 48 63 41 74
0x00007ffe4f443bc3:   48 6b c8 34 8b 84 19 84 5f ee 00 41 89 40 20 8b
0x00007ffe4f443bd3:   84 19 88 5f ee 00 41 89 40 24 8b 84 19 8c 5f ee
0x00007ffe4f443be3:   00 41 89 40 28 8b 84 19 90 5f ee 00 41 89 40 2c
0x00007ffe4f443bf3:   8b 84 19 74 5f ee 00 41 89 40 30 8b 84 19 78 5f
0x00007ffe4f443c03:   ee 00 41 89 40 34 8b 84 19 7c 5f ee 00 41 89 40
0x00007ffe4f443c13:   38 8b 84 19 80 5f ee 00 41 89 40 3c 8b 84 19 64
0x00007ffe4f443c23:   5f ee 00 41 89 40 40 8b 84 19 68 5f ee 00 41 89
0x00007ffe4f443c33:   40 44 8b 84 19 6c 5f ee 00 41 89 40 48 8b 84 19
0x00007ffe4f443c43:   70 5f ee 00 41 89 40 4c 49 63 42 78 48 6b c8 34
0x00007ffe4f443c53:   8b 84 19 84 5f ee 00 41 89 40 50 8b 84 19 88 5f
0x00007ffe4f443c63:   ee 00 41 89 40 54 8b 84 19 8c 5f ee 00 41 89 40
0x00007ffe4f443c73:   58 8b 84 19 90 5f ee 00 41 89 40 5c 8b 84 19 74
0x00007ffe4f443c83:   5f ee 00 41 89 40 60 8b 84 19 78 5f ee 00 41 89
0x00007ffe4f443c93:   40 64 8b 84 19 7c 5f ee 00 41 89 40 68 8b 84 19
0x00007ffe4f443ca3:   80 5f ee 00 41 89 40 6c 8b 84 19 64 5f ee 00 41
0x00007ffe4f443cb3:   89 40 70 8b 84 19 68 5f ee 00 41 89 40 74 8b 84
0x00007ffe4f443cc3:   19 6c 5f ee 00 41 89 40 78 8b 84 19 70 5f ee 00
0x00007ffe4f443cd3:   41 89 40 7c 48 8b 42 18 8b 88 38 0b 00 00 f6 c1
0x00007ffe4f443ce3:   08 0f 84 86 00 00 00 8b 80 3c 0b 00 00 41 89 80
0x00007ffe4f443cf3:   80 00 00 00 48 8b 42 18 8b 88 40 0b 00 00 41 89
0x00007ffe4f443d03:   88 84 00 00 00 48 8b 42 18 8b 88 44 0b 00 00 41
0x00007ffe4f443d13:   89 88 88 00 00 00 48 8b 42 18 8b 88 48 0b 00 00
0x00007ffe4f443d23:   41 89 88 8c 00 00 00 48 8b 42 18 8b 88 4c 0b 00
0x00007ffe4f443d33:   00 41 89 88 90 00 00 00 48 8b 42 18 8b 88 50 0b
0x00007ffe4f443d43:   00 00 41 89 88 94 00 00 00 48 8b 42 18 8b 88 54 


Stack slot to memory mapping:
stack at sp + 0 slots: 0x00007ffe4f44138b ig9icd64.dll
stack at sp + 1 slots: 0x0000000000000001 is an unknown value
stack at sp + 2 slots: 0x0 is NULL
stack at sp + 3 slots: 0x000001cc038fbe00 points into unknown readable memory: 0x0000000000000000 | 00 00 00 00 00 00 00 00
stack at sp + 4 slots: 0x00007ffec7a82572 igdgmm64.dll
stack at sp + 5 slots: 0x0000006600000065 is an unknown value
stack at sp + 6 slots: 0x00000066a64fe8b0 is pointing into the stack for thread: 0x000005f2783a2850
stack at sp + 7 slots: 0x0 is NULL


Compiled method (n/a)   11622 2396     n 0       sun.java2d.opengl.OGLRenderQueue::flushBuffer (native)
 total in heap  [0x000001cc5ba98910,0x000001cc5ba98ca8] = 920
 relocation     [0x000001cc5ba98a68,0x000001cc5ba98a98] = 48
 main code      [0x000001cc5ba98aa0,0x000001cc5ba98ca8] = 520

[Constant Pool (empty)]

[MachCode]
[Entry Point]
  # {method} {0x000005f274ace518} 'flushBuffer' '(JI)V' in 'sun/java2d/opengl/OGLRenderQueue'
  # this:     rdx:rdx   = 'sun/java2d/opengl/OGLRenderQueue'
  # parm0:    r8:r8     = long
  # parm1:    r9        = int
  #           [sp+0x70]  (sp of caller)
  0x000001cc5ba98aa0: 448b 5208 | 493b c20f | 840b 0000 

  0x000001cc5ba98aac: ;   {runtime_call ic_miss_stub}
  0x000001cc5ba98aac: 00e9 ce85 | 9cff 660f | 1f44 0000 
[Verified Entry Point]
  0x000001cc5ba98ab8: 8984 2400 | 90ff ff55 | 488b ec48 | 83ec 6048 | 8954 2420 | 4883 fa00 | 488d 5424 | 2048 0f44 
  0x000001cc5ba98ad8: 5424 20c5 

  0x000001cc5ba98adc: ;   {internal_word}
  0x000001cc5ba98adc: f877 49ba | db8a a95b | cc01 0000 | 4d89 97a0 | 0200 0049 | 89a7 9802 

  0x000001cc5ba98af4: ;   {external_word}
  0x000001cc5ba98af4: 0000 49ba | 3d29 0258 | fe7f 0000 | 4180 3a00 | 0f84 5200 | 0000 5241 

  0x000001cc5ba98b0c: ;   {metadata({method} {0x000005f274ace518} 'flushBuffer' '(JI)V' in 'sun/java2d/opengl/OGLRenderQueue')}
  0x000001cc5ba98b0c: 5041 5148 | ba10 e5ac | 74f2 0500 | 0049 8bcf | 4883 ec20 | f7c4 0f00 | 0000 0f84 | 1a00 0000 
  0x000001cc5ba98b2c: 4883 ec08 

  0x000001cc5ba98b30: ;   {runtime_call SharedRuntime::dtrace_method_entry}
  0x000001cc5ba98b30: 49ba b0ea | b757 fe7f | 0000 41ff | d248 83c4 | 08e9 0d00 

  0x000001cc5ba98b44: ;   {runtime_call SharedRuntime::dtrace_method_entry}
  0x000001cc5ba98b44: 0000 49ba | b0ea b757 | fe7f 0000 | 41ff d248 | 83c4 2041 | 5941 585a | 498d 8fb8 | 0200 0041 
  0x000001cc5ba98b64: c787 4803 | 0000 0400 

  0x000001cc5ba98b6c: ;   {runtime_call}
  0x000001cc5ba98b6c: 0000 49ba | 60fd 28b7 | fe7f 0000 | 41ff d2c5 | f877 41c7 | 8748 0300 | 0005 0000 | 00f0 8344 
  0x000001cc5ba98b8c: 24c0 0049 | 3baf 5003 | 0000 0f87 | 1100 0000 | 4181 bf38 | 0300 0000 | 0000 000f | 8421 0000 
  0x000001cc5ba98bac: 00c5 f877 | 498b cf4c | 8be4 4883 | ec20 4883 

  0x000001cc5ba98bbc: ;   {runtime_call JavaThread::check_special_condition_for_native_trans}
  0x000001cc5ba98bbc: e4f0 49ba | f008 c857 | fe7f 0000 | 41ff d249 | 8be4 41c7 | 8748 0300 | 0008 0000 | 0041 81bf 
  0x000001cc5ba98bdc: b803 0000 | 0200 0000 | 0f84 9b00 

  0x000001cc5ba98be8: ;   {external_word}
  0x000001cc5ba98be8: 0000 49ba | 3d29 0258 | fe7f 0000 | 4180 3a00 | 0f84 4800 

  0x000001cc5ba98bfc: ;   {metadata({method} {0x000005f274ace518} 'flushBuffer' '(JI)V' in 'sun/java2d/opengl/OGLRenderQueue')}
  0x000001cc5ba98bfc: 0000 48ba | 10e5 ac74 | f205 0000 | 498b cf48 | 83ec 20f7 | c40f 0000 | 000f 841a | 0000 0048 
  0x000001cc5ba98c1c: ;   {runtime_call SharedRuntime::dtrace_method_entry}
  0x000001cc5ba98c1c: 83ec 0849 | bab0 eab7 | 57fe 7f00 | 0041 ffd2 | 4883 c408 | e90d 0000 

  0x000001cc5ba98c34: ;   {runtime_call SharedRuntime::dtrace_method_entry}
  0x000001cc5ba98c34: 0049 bab0 | eab7 57fe | 7f00 0041 | ffd2 4883 | c420 49c7 | 8798 0200 | 0000 0000 | 0049 c787 
  0x000001cc5ba98c54: a002 0000 | 0000 0000 | c5f8 7749 | 8b8f d800 | 0000 c781 | 0001 0000 | 0000 0000 | c949 817f 
  0x000001cc5ba98c74: 0800 0000 | 000f 8501 | 0000 00c3 

  0x000001cc5ba98c80: ;   {runtime_call StubRoutines (1)}
  0x000001cc5ba98c80: e97b 8297 | ffc5 f877 | 4c8b e448 | 83ec 2048 

  0x000001cc5ba98c90: ;   {runtime_call SharedRuntime::reguard_yellow_pages}
  0x000001cc5ba98c90: 83e4 f049 | ba40 1bb8 | 57fe 7f00 | 0041 ffd2 | 498b e4e9 | 42ff ffff 
[/MachCode]


Compiled method (c1)   11720 2391       3       sun.java2d.opengl.OGLRenderQueue::flushBuffer (41 bytes)
 total in heap  [0x000001cc5430be90,0x000001cc5430c4d8] = 1608
 relocation     [0x000001cc5430bfe8,0x000001cc5430c050] = 104
 main code      [0x000001cc5430c060,0x000001cc5430c340] = 736
 stub code      [0x000001cc5430c340,0x000001cc5430c398] = 88
 metadata       [0x000001cc5430c398,0x000001cc5430c3c0] = 40
 scopes data    [0x000001cc5430c3c0,0x000001cc5430c410] = 80
 scopes pcs     [0x000001cc5430c410,0x000001cc5430c4b0] = 160
 dependencies   [0x000001cc5430c4b0,0x000001cc5430c4b8] = 8
 nul chk table  [0x000001cc5430c4b8,0x000001cc5430c4d8] = 32

[Constant Pool (empty)]

[MachCode]
[Entry Point]
  # {method} {0x000005f274ace610} 'flushBuffer' '()V' in 'sun/java2d/opengl/OGLRenderQueue'
  #           [sp+0x70]  (sp of caller)
  0x000001cc5430c060: 448b 5208 

  0x000001cc5430c064: ;   {runtime_call ic_miss_stub}
  0x000001cc5430c064: 4c3b d00f | 8513 5015 | 0766 6666 | 0f1f 8400 | 0000 0000 | 6666 6690 | 0f1f 4000 
[Verified Entry Point]
  0x000001cc5430c080: 8984 2400 | 90ff ff55 | 4883 ec60 

  0x000001cc5430c08c: ;   {metadata(method data for {method} {0x000005f274ace610} 'flushBuffer' '()V' in 'sun/java2d/opengl/OGLRenderQueue')}
  0x000001cc5430c08c: 49b8 388d | 2e75 f205 | 0000 458b | 88cc 0000 | 0041 83c1 | 0245 8988 | cc00 0000 | 4181 e1fe 
  0x000001cc5430c0ac: 0700 0041 | 83f9 000f | 84d6 0100 | 004c 8b42 | 1049 3b00 

  0x000001cc5430c0c0: ;   {metadata(method data for {method} {0x000005f274ace610} 'flushBuffer' '()V' in 'sun/java2d/opengl/OGLRenderQueue')}
  0x000001cc5430c0c0: 4d8b c848 | be38 8d2e | 75f2 0500 | 0048 8386 | 1001 0000 

  0x000001cc5430c0d4: ;   {metadata(method data for {method} {0x000005f274ad08f0} 'position' '()I' in 'sun/java2d/pipe/RenderBuffer')}
  0x000001cc5430c0d4: 0149 b970 | 442b 75f2 | 0500 0041 | 8bb1 cc00 | 0000 83c6 | 0241 89b1 | cc00 0000 | 81e6 feff 
  0x000001cc5430c0f4: 1f00 83fe | 000f 84b6 | 0100 004d | 8b48 2049 | 8b70 104c | 2bce 458b | c941 83f9 

  0x000001cc5430c110: ;   {metadata(method data for {method} {0x000005f274ace610} 'flushBuffer' '()V' in 'sun/java2d/opengl/OGLRenderQueue')}
  0x000001cc5430c110: 0048 bf38 | 8d2e 75f2 | 0500 0048 | bb48 0100 | 0000 0000 | 000f 8e0a | 0000 0048 | bb58 0100 
  0x000001cc5430c130: 0000 0000 | 0048 8b04 | 1f48 8d40 | 0148 8904 | 1f0f 8e42 

  0x000001cc5430c144: ;   {metadata(method data for {method} {0x000005f274ace610} 'flushBuffer' '()V' in 'sun/java2d/opengl/OGLRenderQueue')}
  0x000001cc5430c144: 0000 0048 | bf38 8d2e | 75f2 0500 | 0048 8387 | 6801 0000 | 014c 8bc2 

  0x000001cc5430c15c: ;   {metadata(method data for {method} {0x000005f274ace610} 'flushBuffer' '()V' in 'sun/java2d/opengl/OGLRenderQueue')}
  0x000001cc5430c15c: 48bf 388d | 2e75 f205 | 0000 4883 | 87a0 0100 | 0001 4c8b | c648 8bf2 | 488b d648 | 8974 2450 
  0x000001cc5430c17c: ;   {optimized virtual_call}
  0x000001cc5430c17c: 6666 90e8 

  0x000001cc5430c180: ; ImmutableOopMap {[80]=Oop }
                      ;*invokevirtual flushBuffer {reexecute=0 rethrow=0 return_oop=0}
                      ; - sun.java2d.opengl.OGLRenderQueue::flushBuffer@21 (line 150)
  0x000001cc5430c180: 34c9 7807 | 488b 5424 | 5048 8b72 | 1048 3b06 

  0x000001cc5430c190: ;   {metadata(method data for {method} {0x000005f274ace610} 'flushBuffer' '()V' in 'sun/java2d/opengl/OGLRenderQueue')}
  0x000001cc5430c190: 488b fe48 | bb38 8d2e | 75f2 0500 | 0048 8383 | d801 0000 

  0x000001cc5430c1a4: ;   {metadata(method data for {method} {0x000005f274ad0a70} 'clear' '()V' in 'sun/java2d/pipe/RenderBuffer')}
  0x000001cc5430c1a4: 0148 bfc0 | 8f2e 75f2 | 0500 008b | 9fcc 0000 | 0083 c302 | 899f cc00 | 0000 81e3 | feff 1f00 
  0x000001cc5430c1c4: 83fb 000f | 840e 0100 | 0048 8b7e | 1048 897e | 2048 8b52 | 1848 3b02 

  0x000001cc5430c1dc: ;   {metadata(method data for {method} {0x000005f274ace610} 'flushBuffer' '()V' in 'sun/java2d/opengl/OGLRenderQueue')}
  0x000001cc5430c1dc: 488b f248 | bf38 8d2e | 75f2 0500 | 008b 7608 | 483b b720 | 0200 0075 | 0d48 8387 | 2802 0000 
  0x000001cc5430c1fc: 01e9 6600 | 0000 483b | b730 0200 | 0075 0d48 | 8387 3802 | 0000 01e9 | 5000 0000 | 4881 bf20 
  0x000001cc5430c21c: 0200 0000 | 0000 0075 | 1748 89b7 | 2002 0000 | 48c7 8728 | 0200 0001 | 0000 00e9 | 2c00 0000 
  0x000001cc5430c23c: 4881 bf30 | 0200 0000 | 0000 0075 | 1748 89b7 | 3002 0000 | 48c7 8738 | 0200 0001 | 0000 00e9 
  0x000001cc5430c25c: 0800 0000 | 4883 8710 | 0200 0001 | 0f1f 4400 | 0048 b828 | 4e07 8000 

  0x000001cc5430c274: ;   {virtual_call}
  0x000001cc5430c274: 0000 00e8 

  0x000001cc5430c278: ; ImmutableOopMap {}
                      ;*invokeinterface clear {reexecute=0 rethrow=0 return_oop=0}
                      ; - sun.java2d.opengl.OGLRenderQueue::flushBuffer@35 (line 155)
  0x000001cc5430c278: 44f9 ffff | 4883 c460 

  0x000001cc5430c280: ;   {poll_return}
  0x000001cc5430c280: 5d49 3ba7 | 5003 0000 | 0f87 7300 

  0x000001cc5430c28c: ;   {metadata({method} {0x000005f274ace610} 'flushBuffer' '()V' in 'sun/java2d/opengl/OGLRenderQueue')}
  0x000001cc5430c28c: 0000 c349 | ba08 e6ac | 74f2 0500 | 004c 8954 | 2408 48c7 | 0424 ffff 

  0x000001cc5430c2a4: ;   {runtime_call counter_overflow Runtime1 stub}
  0x000001cc5430c2a4: ffff e8d5 

  0x000001cc5430c2a8: ; ImmutableOopMap {rdx=Oop }
                      ;*synchronization entry
                      ; - sun.java2d.opengl.OGLRenderQueue::flushBuffer@-1 (line 147)
  0x000001cc5430c2a8: ce1f 07e9 | 09fe ffff 

  0x000001cc5430c2b0: ;   {runtime_call throw_null_pointer_exception Runtime1 stub}
  0x000001cc5430c2b0: e8eb 7d1f 

  0x000001cc5430c2b4: ; ImmutableOopMap {rdx=Oop r8=Oop }
                      ;*invokevirtual position {reexecute=0 rethrow=0 return_oop=0}
                      ; - sun.java2d.opengl.OGLRenderQueue::flushBuffer@4 (line 147)
                      ;   {metadata({method} {0x000005f274ad08f0} 'position' '()I' in 'sun/java2d/pipe/RenderBuffer')}
  0x000001cc5430c2b4: 0749 bae8 | 08ad 74f2 | 0500 004c | 8954 2408 | 48c7 0424 | ffff ffff 

  0x000001cc5430c2cc: ;   {runtime_call counter_overflow Runtime1 stub}
  0x000001cc5430c2cc: e8af ce1f 

  0x000001cc5430c2d0: ; ImmutableOopMap {rdx=Oop r8=Oop }
                      ;*synchronization entry
                      ; - sun.java2d.pipe.RenderBuffer::position@-1 (line 110)
                      ; - sun.java2d.opengl.OGLRenderQueue::flushBuffer@4 (line 147)
  0x000001cc5430c2d0: 07e9 29fe 

  0x000001cc5430c2d4: ;   {runtime_call throw_null_pointer_exception Runtime1 stub}
  0x000001cc5430c2d4: ffff e8c5 

  0x000001cc5430c2d8: ; ImmutableOopMap {rdx=Oop rsi=Oop }
                      ;*invokevirtual clear {reexecute=0 rethrow=0 return_oop=0}
                      ; - sun.java2d.opengl.OGLRenderQueue::flushBuffer@28 (line 153)
                      ;   {metadata({method} {0x000005f274ad0a70} 'clear' '()V' in 'sun/java2d/pipe/RenderBuffer')}
  0x000001cc5430c2d8: 7d1f 0749 | ba68 0aad | 74f2 0500 | 004c 8954 | 2408 48c7 | 0424 ffff 

  0x000001cc5430c2f0: ;   {runtime_call counter_overflow Runtime1 stub}
  0x000001cc5430c2f0: ffff e889 

  0x000001cc5430c2f4: ; ImmutableOopMap {rdx=Oop rsi=Oop }
                      ;*synchronization entry
                      ; - sun.java2d.pipe.RenderBuffer::clear@-1 (line 118)
                      ; - sun.java2d.opengl.OGLRenderQueue::flushBuffer@28 (line 153)
  0x000001cc5430c2f4: ce1f 07e9 | d1fe ffff 

  0x000001cc5430c2fc: ;   {runtime_call throw_null_pointer_exception Runtime1 stub}
  0x000001cc5430c2fc: e89f 7d1f 

  0x000001cc5430c300: ; ImmutableOopMap {rdx=Oop }
                      ;*invokeinterface clear {reexecute=0 rethrow=0 return_oop=0}
                      ; - sun.java2d.opengl.OGLRenderQueue::flushBuffer@35 (line 155)
                      ;   {internal_word}
  0x000001cc5430c300: 0749 ba81 | c230 54cc | 0100 004d | 8997 6803 

  0x000001cc5430c310: ;   {runtime_call SafepointBlob}
  0x000001cc5430c310: 0000 e9e9 | b615 0790 | 9049 8b87 | e003 0000 | 49c7 87e0 | 0300 0000 | 0000 0049 | c787 e803 
  0x000001cc5430c330: 0000 0000 | 0000 4883 

  0x000001cc5430c338: ;   {runtime_call unwind_exception Runtime1 stub}
  0x000001cc5430c338: c460 5de9 | c09d 1607 
[Stub Code]
  0x000001cc5430c340: ;   {no_reloc}
  0x000001cc5430c340: 0f1f 4400 

  0x000001cc5430c344: ;   {static_stub}
  0x000001cc5430c344: 0048 bb10 | e5ac 74f2 

  0x000001cc5430c34c: ;   {runtime_call I2C/C2I adapters}
  0x000001cc5430c34c: 0500 00e9 | 80bf 1507 

  0x000001cc5430c354: ;   {static_stub}
  0x000001cc5430c354: 9048 bb00 | 0000 0000 

  0x000001cc5430c35c: ;   {runtime_call}
  0x000001cc5430c35c: 0000 00e9 | fbff ffff 
[Exception Handler]
  0x000001cc5430c364: ;   {runtime_call handle_exception_from_callee Runtime1 stub}
  0x000001cc5430c364: e817 9b1f 

  0x000001cc5430c368: ;   {external_word}
  0x000001cc5430c368: 0748 b990 | 6ddc 57fe | 7f00 0048 

  0x000001cc5430c374: ;   {runtime_call MacroAssembler::debug64}
  0x000001cc5430c374: 83e4 f049 | ba30 dfa4 | 57fe 7f00 | 0041 ffd2 

  0x000001cc5430c384: ;   {section_word}
  0x000001cc5430c384: f449 ba85 | c330 54cc | 0100 0041 

  0x000001cc5430c390: ;   {runtime_call DeoptimizationBlob}
  0x000001cc5430c390: 52e9 0aa9 | 1507 f4f4 
[/MachCode]


---------------  P R O C E S S  ---------------

Threads class SMR info:
_java_thread_list=0x000005f27e96c240, length=43, elements={
0x000005f273656550, 0x000005f2736573d0, 0x000005f27369c4f0, 0x000005f27369d0b0,
0x000005f27369fa80, 0x000005f2736a0440, 0x000005f2736a11e0, 0x000005f2736a40b0,
0x000005f2736a7fb0, 0x000005f2737580e0, 0x000005f2780eb4a0, 0x000005f2780eb980,
0x000005f2783a2850, 0x000005f27e5f38e0, 0x000005f27e9b9d60, 0x000005f27ed64ef0,
0x000005f27ed653d0, 0x000005f27eb47dc0, 0x000005f27eb44b20, 0x000005f27eb45540,
0x000005f27eb45030, 0x000005f27eb45a50, 0x000005f27eb478b0, 0x000005f27eb45f60,
0x000005f27eb473a0, 0x000005f27eb46980, 0x000005f27eb46470, 0x000005f27eb46e90,
0x000005f27eb44610, 0x000005f27eddd120, 0x000005f27edd9e80, 0x000005f27eddcc10,
0x000005f27eddd630, 0x000005f27edda390, 0x000005f27eddc700, 0x000005f27edda8a0,
0x000005f27eddc1f0, 0x000005f27eddb7d0, 0x000005f27eddb2c0, 0x000001cc03d446e0,
0x000001cc03d44bf0, 0x000001cc03d3d780, 0x000001cc03d42d90
}

Java Threads: ( => current thread )
  0x000005f273656550 JavaThread "Reference Handler" daemon [_thread_blocked, id=31848, stack(0x00000066a5600000,0x00000066a5700000)]
  0x000005f2736573d0 JavaThread "Finalizer" daemon [_thread_blocked, id=26520, stack(0x00000066a5700000,0x00000066a5800000)]
  0x000005f27369c4f0 JavaThread "Signal Dispatcher" daemon [_thread_blocked, id=31636, stack(0x00000066a5800000,0x00000066a5900000)]
  0x000005f27369d0b0 JavaThread "Attach Listener" daemon [_thread_blocked, id=26756, stack(0x00000066a5900000,0x00000066a5a00000)]
  0x000005f27369fa80 JavaThread "Service Thread" daemon [_thread_blocked, id=38452, stack(0x00000066a5a00000,0x00000066a5b00000)]
  0x000005f2736a0440 JavaThread "Monitor Deflation Thread" daemon [_thread_blocked, id=8528, stack(0x00000066a5b00000,0x00000066a5c00000)]
  0x000005f2736a11e0 JavaThread "C2 CompilerThread0" daemon [_thread_blocked, id=5240, stack(0x00000066a5c00000,0x00000066a5d00000)]
  0x000005f2736a40b0 JavaThread "C1 CompilerThread0" daemon [_thread_blocked, id=15860, stack(0x00000066a5d00000,0x00000066a5e00000)]
  0x000005f2736a7fb0 JavaThread "Sweeper thread" daemon [_thread_blocked, id=36740, stack(0x00000066a5e00000,0x00000066a5f00000)]
  0x000005f2737580e0 JavaThread "Common-Cleaner" daemon [_thread_blocked, id=36444, stack(0x00000066a5f00000,0x00000066a6000000)]
  0x000005f2780eb4a0 JavaThread "Monitor Ctrl-Break" daemon [_thread_in_native, id=38100, stack(0x00000066a6100000,0x00000066a6200000)]
  0x000005f2780eb980 JavaThread "Notification Thread" daemon [_thread_blocked, id=36564, stack(0x00000066a6200000,0x00000066a6300000)]
=>0x000005f2783a2850 JavaThread "Java2D Queue Flusher" daemon [_thread_in_native, id=30940, stack(0x00000066a6400000,0x00000066a6500000)]
  0x000005f27e5f38e0 JavaThread "Java2D Disposer" daemon [_thread_blocked, id=5760, stack(0x00000066a6000000,0x00000066a6100000)]
  0x000005f27e9b9d60 JavaThread "Java Sound Event Dispatcher" daemon [_thread_blocked, id=42764, stack(0x00000066a7700000,0x00000066a7800000)]
  0x000005f27ed64ef0 JavaThread "Direct Clip" daemon [_thread_blocked, id=16744, stack(0x00000066a7a00000,0x00000066a7b00000)]
  0x000005f27ed653d0 JavaThread "Direct Clip" daemon [_thread_blocked, id=41596, stack(0x00000066a7b00000,0x00000066a7c00000)]
  0x000005f27eb47dc0 JavaThread "Direct Clip" daemon [_thread_blocked, id=3944, stack(0x00000066a7c00000,0x00000066a7d00000)]
  0x000005f27eb44b20 JavaThread "Direct Clip" daemon [_thread_blocked, id=2452, stack(0x00000066a7d00000,0x00000066a7e00000)]
  0x000005f27eb45540 JavaThread "Direct Clip" daemon [_thread_blocked, id=29596, stack(0x00000066a7e00000,0x00000066a7f00000)]
  0x000005f27eb45030 JavaThread "Direct Clip" daemon [_thread_blocked, id=39220, stack(0x00000066a7f00000,0x00000066a8000000)]
  0x000005f27eb45a50 JavaThread "Direct Clip" daemon [_thread_blocked, id=7768, stack(0x00000066a8000000,0x00000066a8100000)]
  0x000005f27eb478b0 JavaThread "Direct Clip" daemon [_thread_blocked, id=28908, stack(0x00000066a8100000,0x00000066a8200000)]
  0x000005f27eb45f60 JavaThread "Direct Clip" daemon [_thread_blocked, id=36116, stack(0x00000066a8200000,0x00000066a8300000)]
  0x000005f27eb473a0 JavaThread "Direct Clip" daemon [_thread_blocked, id=28840, stack(0x00000066a8300000,0x00000066a8400000)]
  0x000005f27eb46980 JavaThread "Direct Clip" daemon [_thread_blocked, id=36944, stack(0x00000066a8400000,0x00000066a8500000)]
  0x000005f27eb46470 JavaThread "Direct Clip" daemon [_thread_blocked, id=19348, stack(0x00000066a8500000,0x00000066a8600000)]
  0x000005f27eb46e90 JavaThread "Direct Clip" daemon [_thread_blocked, id=7756, stack(0x00000066a8600000,0x00000066a8700000)]
  0x000005f27eb44610 JavaThread "Direct Clip" daemon [_thread_blocked, id=37676, stack(0x00000066a8700000,0x00000066a8800000)]
  0x000005f27eddd120 JavaThread "Direct Clip" daemon [_thread_blocked, id=38248, stack(0x00000066a8800000,0x00000066a8900000)]
  0x000005f27edd9e80 JavaThread "Direct Clip" daemon [_thread_blocked, id=40428, stack(0x00000066a8900000,0x00000066a8a00000)]
  0x000005f27eddcc10 JavaThread "Direct Clip" daemon [_thread_blocked, id=40688, stack(0x00000066a8a00000,0x00000066a8b00000)]
  0x000005f27eddd630 JavaThread "Direct Clip" daemon [_thread_blocked, id=22336, stack(0x00000066a8b00000,0x00000066a8c00000)]
  0x000005f27edda390 JavaThread "Direct Clip" daemon [_thread_blocked, id=16412, stack(0x00000066a8c00000,0x00000066a8d00000)]
  0x000005f27eddc700 JavaThread "Direct Clip" daemon [_thread_blocked, id=41452, stack(0x00000066a8d00000,0x00000066a8e00000)]
  0x000005f27edda8a0 JavaThread "Direct Clip" daemon [_thread_blocked, id=33268, stack(0x00000066a8e00000,0x00000066a8f00000)]
  0x000005f27eddc1f0 JavaThread "AWT-Shutdown" [_thread_blocked, id=42460, stack(0x00000066a9800000,0x00000066a9900000)]
  0x000005f27eddb7d0 JavaThread "AWT-EventQueue-0" [_thread_blocked, id=12692, stack(0x00000066a9900000,0x00000066a9a00000)]
  0x000005f27eddb2c0 JavaThread "DestroyJavaVM" [_thread_blocked, id=16292, stack(0x00000066a4f00000,0x00000066a5000000)]
  0x000001cc03d446e0 JavaThread "TimerQueue" daemon [_thread_blocked, id=39860, stack(0x00000066a9d00000,0x00000066a9e00000)]
  0x000001cc03d44bf0 JavaThread "Thread-0" [_thread_blocked, id=42748, stack(0x00000066a9e00000,0x00000066a9f00000)]
  0x000001cc03d3d780 JavaThread "Forest" [_thread_in_vm, id=21396, stack(0x00000066a9f00000,0x00000066aa000000)]
  0x000001cc03d42d90 JavaThread "SIGINT handler" daemon [_thread_blocked, id=19248, stack(0x00000066aa100000,0x00000066aa200000)]

Other Threads:
  0x000005f273652a20 VMThread "VM Thread" [stack: 0x00000066a5500000,0x00000066a5600000] [id=34140]
  0x000005f27810d9d0 WatcherThread [stack: 0x00000066a6300000,0x00000066a6400000] [id=37628]
  0x000001cc4ec0ad70 GCTaskThread "GC Thread#0" [stack: 0x00000066a5000000,0x00000066a5100000] [id=36108]
  0x000005f27e9d3480 GCTaskThread "GC Thread#1" [stack: 0x00000066a6c00000,0x00000066a6d00000] [id=31216]
  0x000005f27e9d3740 GCTaskThread "GC Thread#2" [stack: 0x00000066a6d00000,0x00000066a6e00000] [id=10320]
  0x000005f27e9d3a00 GCTaskThread "GC Thread#3" [stack: 0x00000066a6e00000,0x00000066a6f00000] [id=40092]
  0x000005f27e9ae060 GCTaskThread "GC Thread#4" [stack: 0x00000066a6f00000,0x00000066a7000000] [id=13468]
  0x000005f27ea6fad0 GCTaskThread "GC Thread#5" [stack: 0x00000066a7000000,0x00000066a7100000] [id=42356]
  0x000005f27e9dfa70 GCTaskThread "GC Thread#6" [stack: 0x00000066a7100000,0x00000066a7200000] [id=42672]
  0x000005f27ed59c50 GCTaskThread "GC Thread#7" [stack: 0x00000066a7200000,0x00000066a7300000] [id=40196]
  0x000005f27ed5ff30 GCTaskThread "GC Thread#8" [stack: 0x00000066a7300000,0x00000066a7400000] [id=37928]
  0x000005f27ed62cb0 GCTaskThread "GC Thread#9" [stack: 0x00000066a7400000,0x00000066a7500000] [id=37960]
  0x000001cc4ec0d440 ConcurrentGCThread "G1 Main Marker" [stack: 0x00000066a5100000,0x00000066a5200000] [id=38384]
  0x000001cc63cb0310 ConcurrentGCThread "G1 Conc#0" [stack: 0x00000066a5200000,0x00000066a5300000] [id=13028]
  0x000005f27e9d28c0 ConcurrentGCThread "G1 Conc#1" [stack: 0x00000066a7500000,0x00000066a7600000] [id=22796]
  0x000005f27ed58810 ConcurrentGCThread "G1 Conc#2" [stack: 0x00000066a7600000,0x00000066a7700000] [id=17668]
  0x000001cc63d2b790 ConcurrentGCThread "G1 Refine#0" [stack: 0x00000066a5300000,0x00000066a5400000] [id=10756]
  0x000005f27ec81f50 ConcurrentGCThread "G1 Refine#1" [stack: 0x00000066a8f00000,0x00000066a9000000] [id=38204]
  0x000005f27eae0900 ConcurrentGCThread "G1 Refine#2" [stack: 0x00000066a9000000,0x00000066a9100000] [id=11312]
  0x000005f27ec50830 ConcurrentGCThread "G1 Refine#3" [stack: 0x00000066a9100000,0x00000066a9200000] [id=19584]
  0x000005f27ec51f40 ConcurrentGCThread "G1 Refine#4" [stack: 0x00000066a9200000,0x00000066a9300000] [id=27760]
  0x000005f27ec52230 ConcurrentGCThread "G1 Refine#5" [stack: 0x00000066a9300000,0x00000066a9400000] [id=24832]
  0x000005f27ed54790 ConcurrentGCThread "G1 Refine#6" [stack: 0x00000066a9400000,0x00000066a9500000] [id=22768]
  0x000005f27efd4120 ConcurrentGCThread "G1 Refine#7" [stack: 0x00000066a9500000,0x00000066a9600000] [id=40236]
  0x000005f27efd5830 ConcurrentGCThread "G1 Refine#8" [stack: 0x00000066a9600000,0x00000066a9700000] [id=29800]
  0x000005f27efd6b30 ConcurrentGCThread "G1 Refine#9" [stack: 0x00000066a9700000,0x00000066a9800000] [id=21892]
  0x000001cc63d2c1c0 ConcurrentGCThread "G1 Service" [stack: 0x00000066a5400000,0x00000066a5500000] [id=39044]

Threads with active compile tasks:

VM state: not at safepoint (normal execution)

VM Mutex/Monitor currently owned by a thread: None

CDS archive(s) not mapped
Compressed class space mapped at: 0x0000000080000000-0x00000000c0000000, reserved size: 1073741824
Narrow klass base: 0x0000000000000000, Narrow klass shift: 0, Narrow klass range: 0xc0000000

GC Precious Log:
 CPUs: 12 total, 12 available
 Memory: 16254M
 Large Page Support: Disabled
 NUMA Support: Disabled
 Compressed Oops: Disabled
 Heap Region Size: 32M
 Heap Min Capacity: 32M
 Heap Initial Capacity: 256M
 Heap Max Capacity: 4096G
 Pre-touch: Disabled
 Parallel Workers: 10
 Concurrent Workers: 3
 Concurrent Refinement Workers: 10
 Periodic GC: Disabled

Heap:
 garbage-first heap   total 491520K, used 250548K [0x000001cc64000000, 0x000005cc64000000)
  region size 32768K, 2 young (65536K), 1 survivors (32768K)
 Metaspace       used 21541K, committed 21824K, reserved 1114112K
  class space    used 2199K, committed 2368K, reserved 1048576K

Heap Regions: E=young(eden), S=young(survivor), O=old, HS=humongous(starts), HC=humongous(continues), CS=collection set, F=free, OA=open archive, CA=closed archive, TAMS=top-at-mark-start (previous, next)
|   0|0x000001cc64000000, 0x000001cc66000000, 0x000001cc66000000|100%|HS|  |TAMS 0x000001cc64000000, 0x000001cc64000000| Complete 
|   1|0x000001cc66000000, 0x000001cc68000000, 0x000001cc68000000|100%| O|  |TAMS 0x000001cc66000000, 0x000001cc66000000| Untracked 
|   2|0x000001cc68000000, 0x000001cc6a000000, 0x000001cc6a000000|100%|HS|  |TAMS 0x000001cc6a000000, 0x000001cc68000000| Complete 
|   3|0x000001cc6a000000, 0x000001cc6c000000, 0x000001cc6c000000|100%|HC|  |TAMS 0x000001cc6c000000, 0x000001cc6a000000| Complete 
|   4|0x000001cc6c000000, 0x000001cc6e000000, 0x000001cc6e000000|100%| O|  |TAMS 0x000001cc6c000000, 0x000001cc6c000000| Untracked 
|   5|0x000001cc6e000000, 0x000001cc70000000, 0x000001cc70000000|100%| O|  |TAMS 0x000001cc6e000000, 0x000001cc6e000000| Untracked 
|   6|0x000001cc70000000, 0x000001cc72000000, 0x000001cc72000000|100%| S|CS|TAMS 0x000001cc70000000, 0x000001cc70000000| Complete 
|   7|0x000001cc72000000, 0x000001cc72000000, 0x000001cc74000000|  0%| F|  |TAMS 0x000001cc72000000, 0x000001cc72000000| Untracked 
|   8|0x000001cc74000000, 0x000001cc74000000, 0x000001cc76000000|  0%| F|  |TAMS 0x000001cc74000000, 0x000001cc74000000| Untracked 
|   9|0x000001cc76000000, 0x000001cc76000000, 0x000001cc78000000|  0%| F|  |TAMS 0x000001cc76000000, 0x000001cc76000000| Untracked 
|  10|0x000001cc78000000, 0x000001cc78000000, 0x000001cc7a000000|  0%| F|  |TAMS 0x000001cc78000000, 0x000001cc78000000| Untracked 
|  11|0x000001cc7a000000, 0x000001cc7a000000, 0x000001cc7c000000|  0%| F|  |TAMS 0x000001cc7a000000, 0x000001cc7a000000| Untracked 
|  12|0x000001cc7c000000, 0x000001cc7c000000, 0x000001cc7e000000|  0%| F|  |TAMS 0x000001cc7c000000, 0x000001cc7c000000| Untracked 
|  16|0x000001cc84000000, 0x000001cc85ea26f0, 0x000001cc86000000| 95%| E|  |TAMS 0x000001cc84000000, 0x000001cc84000000| Complete 
|131071|0x000005cc62000000, 0x000005cc634ad000, 0x000005cc64000000| 64%| O|  |TAMS 0x000005cc62000000, 0x000005cc62000000| Untracked 

Card table byte_map: [0x000005ce6c010000,0x000005d06c010000] _byte_map_base: 0x000005cd85cf0000

Marking Bits (Prev, Next): (CMBitMap*) 0x000001cc4ec0b390, (CMBitMap*) 0x000001cc4ec0b3d0
 Prev Bits: [0x000005d26c010000, 0x000005e26c010000)
 Next Bits: [0x000005e26c010000, 0x000005f26c010000)

Polling page: 0x000001cc4ec10000

Metaspace:

Usage:
  Non-class:     18.89 MB used.
      Class:      2.15 MB used.
       Both:     21.04 MB used.

Virtual space:
  Non-class space:       64.00 MB reserved,      19.00 MB ( 30%) committed,  1 nodes.
      Class space:        1.00 GB reserved,       2.31 MB ( <1%) committed,  1 nodes.
             Both:        1.06 GB reserved,      21.31 MB (  2%) committed. 

Chunk freelists:
   Non-Class:  12.95 MB
       Class:  13.73 MB
        Both:  26.68 MB

MaxMetaspaceSize: unlimited
CompressedClassSpaceSize: 1.00 GB
Initial GC threshold: 21.00 MB
Current GC threshold: 27.31 MB
CDS: off
MetaspaceReclaimPolicy: balanced
 - commit_granule_bytes: 65536.
 - commit_granule_words: 8192.
 - virtual_space_node_default_size: 8388608.
 - enlarge_chunks_in_place: 1.
 - new_chunks_are_fully_committed: 0.
 - uncommit_free_chunks: 1.
 - use_allocation_guard: 0.
 - handle_deallocations: 1.


Internal statistics:

num_allocs_failed_limit: 0.
num_arena_births: 264.
num_arena_deaths: 0.
num_vsnodes_births: 2.
num_vsnodes_deaths: 0.
num_space_committed: 341.
num_space_uncommitted: 0.
num_chunks_returned_to_freelist: 0.
num_chunks_taken_from_freelist: 390.
num_chunk_merges: 0.
num_chunk_splits: 222.
num_chunks_enlarged: 107.
num_inconsistent_stats: 0.

CodeHeap 'non-profiled nmethods': size=120000Kb used=933Kb max_used=933Kb free=119066Kb
 bounds [0x000001cc5b9b0000, 0x000001cc5bc20000, 0x000001cc62ee0000]
CodeHeap 'profiled nmethods': size=120000Kb used=4288Kb max_used=4288Kb free=115711Kb
 bounds [0x000001cc53ee0000, 0x000001cc54320000, 0x000001cc5b410000]
CodeHeap 'non-nmethods': size=5760Kb used=1301Kb max_used=1327Kb free=4458Kb
 bounds [0x000001cc5b410000, 0x000001cc5b680000, 0x000001cc5b9b0000]
 total_blobs=3039 nmethods=2401 adapters=551
 compilation: enabled
              stopped_count=0, restarted_count=0
 full_count=0

Compilation events (20 events):
Event: 10.925 Thread 0x000005f2736a40b0 2392       3       sun.java2d.SunGraphics2D::<init> (154 bytes)
Event: 10.926 Thread 0x000005f2736a40b0 nmethod 2392 0x000001cc5430c510 code [0x000001cc5430c7c0, 0x000001cc5430d568]
Event: 10.926 Thread 0x000005f2736a40b0 2393       3       java.awt.Graphics2D::<init> (5 bytes)
Event: 10.926 Thread 0x000005f2736a40b0 nmethod 2393 0x000001cc5430d910 code [0x000001cc5430dac0, 0x000001cc5430dc98]
Event: 10.926 Thread 0x000005f2736a40b0 2394       3       java.awt.Graphics::<init> (5 bytes)
Event: 10.926 Thread 0x000005f2736a40b0 nmethod 2394 0x000001cc5430dd90 code [0x000001cc5430df20, 0x000001cc5430e098]
Event: 10.942 Thread 0x000005f2736a40b0 2395       3       sun.java2d.opengl.WGLGraphicsConfig::isCapPresent (18 bytes)
Event: 10.942 Thread 0x000005f2736a40b0 nmethod 2395 0x000001cc5430e190 code [0x000001cc5430e320, 0x000001cc5430e518]
Event: 11.044 Thread 0x000005f2736a40b0 2397       3       net.sendback.util.Settings::getTypedSetting (40 bytes)
Event: 11.045 Thread 0x000005f2736a40b0 nmethod 2397 0x000001cc5430e610 code [0x000001cc5430e8a0, 0x000001cc5430f388]
Event: 11.266 Thread 0x000005f2736a11e0 2398       4       sun.java2d.pipe.RenderQueue::lock (4 bytes)
Event: 11.268 Thread 0x000005f2736a11e0 nmethod 2398 0x000001cc5ba98d10 code [0x000001cc5ba98ea0, 0x000001cc5ba990c8]
Event: 11.299 Thread 0x000005f2736a40b0 2399       3       sun.awt.Win32GraphicsConfig::getDefaultTransform (24 bytes)
Event: 11.299 Thread 0x000005f2736a40b0 nmethod 2399 0x000001cc5430f810 code [0x000001cc5430f9c0, 0x000001cc5430fb68]
Event: 11.321 Thread 0x000005f2736a40b0 2400       1       net.sendback.util.Session::getCurrentWorld (5 bytes)
Event: 11.321 Thread 0x000005f2736a40b0 nmethod 2400 0x000001cc5ba99210 code [0x000001cc5ba993a0, 0x000001cc5ba99478]
Event: 11.435 Thread 0x000005f2736a40b0 2401       3       sun.awt.image.SunVolatileImage::getWidth (5 bytes)
Event: 11.435 Thread 0x000005f2736a40b0 nmethod 2401 0x000001cc5430fc90 code [0x000001cc5430fe20, 0x000001cc5430ff58]
Event: 11.435 Thread 0x000005f2736a40b0 2402       3       sun.awt.image.SunVolatileImage::getHeight (5 bytes)
Event: 11.435 Thread 0x000005f2736a40b0 nmethod 2402 0x000001cc54310010 code [0x000001cc543101a0, 0x000001cc543102d8]

GC Heap History (14 events):
Event: 1.101 GC heap before
{Heap before GC invocations=0 (full 0):
 garbage-first heap   total 262144K, used 98304K [0x000001cc64000000, 0x000005cc64000000)
  region size 32768K, 1 young (32768K), 0 survivors (0K)
 Metaspace       used 16493K, committed 16768K, reserved 1114112K
  class space    used 1553K, committed 1664K, reserved 1048576K
}
Event: 1.113 GC heap after
{Heap after GC invocations=1 (full 0):
 garbage-first heap   total 262144K, used 69710K [0x000001cc64000000, 0x000005cc64000000)
  region size 32768K, 1 young (32768K), 1 survivors (32768K)
 Metaspace       used 16493K, committed 16768K, reserved 1114112K
  class space    used 1553K, committed 1664K, reserved 1048576K
}
Event: 1.225 GC heap before
{Heap before GC invocations=1 (full 0):
 garbage-first heap   total 262144K, used 102478K [0x000001cc64000000, 0x000005cc64000000)
  region size 32768K, 2 young (65536K), 1 survivors (32768K)
 Metaspace       used 16500K, committed 16768K, reserved 1114112K
  class space    used 1553K, committed 1664K, reserved 1048576K
}
Event: 1.229 GC heap after
{Heap after GC invocations=2 (full 0):
 garbage-first heap   total 262144K, used 69899K [0x000001cc64000000, 0x000005cc64000000)
  region size 32768K, 1 young (32768K), 1 survivors (32768K)
 Metaspace       used 16500K, committed 16768K, reserved 1114112K
  class space    used 1553K, committed 1664K, reserved 1048576K
}
Event: 1.311 GC heap before
{Heap before GC invocations=2 (full 0):
 garbage-first heap   total 262144K, used 69899K [0x000001cc64000000, 0x000005cc64000000)
  region size 32768K, 2 young (65536K), 1 survivors (32768K)
 Metaspace       used 16500K, committed 16768K, reserved 1114112K
  class space    used 1553K, committed 1664K, reserved 1048576K
}
Event: 1.317 GC heap after
{Heap after GC invocations=3 (full 0):
 garbage-first heap   total 262144K, used 69683K [0x000001cc64000000, 0x000005cc64000000)
  region size 32768K, 1 young (32768K), 1 survivors (32768K)
 Metaspace       used 16500K, committed 16768K, reserved 1114112K
  class space    used 1553K, committed 1664K, reserved 1048576K
}
Event: 1.348 GC heap before
{Heap before GC invocations=3 (full 0):
 garbage-first heap   total 262144K, used 135219K [0x000001cc64000000, 0x000005cc64000000)
  region size 32768K, 2 young (65536K), 1 survivors (32768K)
 Metaspace       used 16500K, committed 16768K, reserved 1114112K
  class space    used 1553K, committed 1664K, reserved 1048576K
}
Event: 1.352 GC heap after
{Heap after GC invocations=4 (full 0):
 garbage-first heap   total 262144K, used 135304K [0x000001cc64000000, 0x000005cc64000000)
  region size 32768K, 1 young (32768K), 1 survivors (32768K)
 Metaspace       used 16500K, committed 16768K, reserved 1114112K
  class space    used 1553K, committed 1664K, reserved 1048576K
}
Event: 1.523 GC heap before
{Heap before GC invocations=5 (full 0):
 garbage-first heap   total 393216K, used 200840K [0x000001cc64000000, 0x000005cc64000000)
  region size 32768K, 2 young (65536K), 1 survivors (32768K)
 Metaspace       used 16500K, committed 16768K, reserved 1114112K
  class space    used 1553K, committed 1664K, reserved 1048576K
}
Event: 1.528 GC heap after
{Heap after GC invocations=6 (full 0):
 garbage-first heap   total 393216K, used 211035K [0x000001cc64000000, 0x000005cc64000000)
  region size 32768K, 1 young (32768K), 1 survivors (32768K)
 Metaspace       used 16500K, committed 16768K, reserved 1114112K
  class space    used 1553K, committed 1664K, reserved 1048576K
}
Event: 1.595 GC heap before
{Heap before GC invocations=6 (full 0):
 garbage-first heap   total 393216K, used 211035K [0x000001cc64000000, 0x000005cc64000000)
  region size 32768K, 2 young (65536K), 1 survivors (32768K)
 Metaspace       used 16517K, committed 16768K, reserved 1114112K
  class space    used 1556K, committed 1664K, reserved 1048576K
}
Event: 1.602 GC heap after
{Heap after GC invocations=7 (full 0):
 garbage-first heap   total 557056K, used 85171K [0x000001cc64000000, 0x000005cc64000000)
  region size 32768K, 1 young (32768K), 1 survivors (32768K)
 Metaspace       used 16517K, committed 16768K, reserved 1114112K
  class space    used 1556K, committed 1664K, reserved 1048576K
}
Event: 5.045 GC heap before
{Heap before GC invocations=8 (full 0):
 garbage-first heap   total 458752K, used 281779K [0x000001cc64000000, 0x000005cc64000000)
  region size 32768K, 7 young (229376K), 1 survivors (32768K)
 Metaspace       used 17364K, committed 17600K, reserved 1114112K
  class space    used 1670K, committed 1728K, reserved 1048576K
}
Event: 5.079 GC heap after
{Heap after GC invocations=9 (full 0):
 garbage-first heap   total 491520K, used 250548K [0x000001cc64000000, 0x000005cc64000000)
  region size 32768K, 1 young (32768K), 1 survivors (32768K)
 Metaspace       used 17364K, committed 17600K, reserved 1114112K
  class space    used 1670K, committed 1728K, reserved 1048576K
}

Dll operation events (3 events):
Event: 0.007 Loaded shared library C:\Users\bader\.jdks\jbrsdk_jcef-17.0.9\bin\java.dll
Event: 0.087 Loaded shared library C:\Users\bader\.jdks\jbrsdk_jcef-17.0.9\bin\jsvml.dll
Event: 0.186 Loaded shared library C:\Users\bader\.jdks\jbrsdk_jcef-17.0.9\bin\zip.dll

Deoptimization events (20 events):
Event: 8.240 Thread 0x000001cc03d44bf0 Uncommon trap: trap_request=0xffffff45 fr.pc=0x000001cc5ba3937c relative=0x00000000000001dc
Event: 8.240 Thread 0x000001cc03d44bf0 Uncommon trap: reason=unstable_if action=reinterpret pc=0x000001cc5ba3937c method=sun.java2d.loops.GraphicsPrimitiveMgr.locate(Lsun/java2d/loops/GraphicsPrimitiveMgr$PrimitiveSpec;)Lsun/java2d/loops/GraphicsPrimitive; @ 85 c2
Event: 8.240 Thread 0x000001cc03d44bf0 DEOPT PACKING pc=0x000001cc5ba3937c sp=0x00000066a9efe8a0
Event: 8.240 Thread 0x000001cc03d44bf0 DEOPT UNPACKING pc=0x000001cc5b4669a3 sp=0x00000066a9efe840 mode 2
Event: 8.246 Thread 0x000005f27eddb7d0 Uncommon trap: trap_request=0xffffff45 fr.pc=0x000001cc5ba68800 relative=0x0000000000000180
Event: 8.246 Thread 0x000005f27eddb7d0 Uncommon trap: reason=unstable_if action=reinterpret pc=0x000001cc5ba68800 method=java.util.concurrent.locks.ReentrantLock$Sync.lock()V @ 4 c2
Event: 8.246 Thread 0x000005f27eddb7d0 DEOPT PACKING pc=0x000001cc5ba68800 sp=0x00000066a99fdc30
Event: 8.246 Thread 0x000005f27eddb7d0 DEOPT UNPACKING pc=0x000001cc5b4669a3 sp=0x00000066a99fdb80 mode 2
Event: 8.249 Thread 0x000001cc03d44bf0 Uncommon trap: trap_request=0xffffffde fr.pc=0x000001cc5ba1d948 relative=0x0000000000000508
Event: 8.249 Thread 0x000001cc03d44bf0 Uncommon trap: reason=class_check action=maybe_recompile pc=0x000001cc5ba1d948 method=java.util.HashMap.getNode(Ljava/lang/Object;)Ljava/util/HashMap$Node; @ 128 c2
Event: 8.249 Thread 0x000001cc03d44bf0 DEOPT PACKING pc=0x000001cc5ba1d948 sp=0x00000066a9efe7e0
Event: 8.249 Thread 0x000001cc03d44bf0 DEOPT UNPACKING pc=0x000001cc5b4669a3 sp=0x00000066a9efe768 mode 2
Event: 8.250 Thread 0x000001cc03d44bf0 Uncommon trap: trap_request=0xffffffde fr.pc=0x000001cc5ba1d948 relative=0x0000000000000508
Event: 8.250 Thread 0x000001cc03d44bf0 Uncommon trap: reason=class_check action=maybe_recompile pc=0x000001cc5ba1d948 method=java.util.HashMap.getNode(Ljava/lang/Object;)Ljava/util/HashMap$Node; @ 128 c2
Event: 8.251 Thread 0x000001cc03d44bf0 DEOPT PACKING pc=0x000001cc5ba1d948 sp=0x00000066a9efe7e0
Event: 8.251 Thread 0x000001cc03d44bf0 DEOPT UNPACKING pc=0x000001cc5b4669a3 sp=0x00000066a9efe768 mode 2
Event: 8.284 Thread 0x000001cc03d3d780 DEOPT PACKING pc=0x000001cc542b1608 sp=0x00000066a9fff1a0
Event: 8.284 Thread 0x000001cc03d3d780 DEOPT UNPACKING pc=0x000001cc5b467143 sp=0x00000066a9ffe6c0 mode 0
Event: 8.336 Thread 0x000001cc03d44bf0 DEOPT PACKING pc=0x000001cc542ea5c5 sp=0x00000066a9eff0e0
Event: 8.336 Thread 0x000001cc03d44bf0 DEOPT UNPACKING pc=0x000001cc5b467143 sp=0x00000066a9efe5f0 mode 0

Classes unloaded (0 events):
No events

Classes redefined (0 events):
No events

Internal exceptions (20 events):
Event: 0.977 Thread 0x000001cc4eb4e050 Exception <a 'java/lang/NoSuchMethodError'{0x000001cc736267d0}: 'int java.lang.invoke.DirectMethodHandle$Holder.invokeStaticInit(java.lang.Object, int, int)'> (0x000001cc736267d0) 
thrown [s\src\hotspot\share\interpreter\linkResolver.cpp, line 771]
Event: 0.978 Thread 0x000001cc4eb4e050 Exception <a 'java/lang/NoSuchMethodError'{0x000001cc736302f8}: 'int java.lang.invoke.DirectMethodHandle$Holder.invokeStaticInit(java.lang.Object, long, long)'> (0x000001cc736302f8) 
thrown [s\src\hotspot\share\interpreter\linkResolver.cpp, line 771]
Event: 0.979 Thread 0x000001cc4eb4e050 Exception <a 'java/lang/NoSuchMethodError'{0x000001cc73638fe0}: 'int java.lang.invoke.DirectMethodHandle$Holder.invokeStaticInit(java.lang.Object, float, float)'> (0x000001cc73638fe0) 
thrown [s\src\hotspot\share\interpreter\linkResolver.cpp, line 771]
Event: 0.979 Thread 0x000001cc4eb4e050 Exception <a 'java/lang/NoSuchMethodError'{0x000001cc73641cd0}: 'int java.lang.invoke.DirectMethodHandle$Holder.invokeStaticInit(java.lang.Object, double, double)'> (0x000001cc73641cd0) 
thrown [s\src\hotspot\share\interpreter\linkResolver.cpp, line 771]
Event: 0.980 Thread 0x000001cc4eb4e050 Exception <a 'java/lang/NoSuchMethodError'{0x000001cc736477a0}: 'int java.lang.invoke.DirectMethodHandle$Holder.invokeStatic(java.lang.Object, long)'> (0x000001cc736477a0) 
thrown [s\src\hotspot\share\interpreter\linkResolver.cpp, line 771]
Event: 0.985 Thread 0x000001cc4eb4e050 Exception <a 'java/lang/NoSuchMethodError'{0x000001cc73676290}: 'int java.lang.invoke.Invokers$Holder.linkToTargetMethod(java.lang.Object, java.lang.Object)'> (0x000001cc73676290) 
thrown [s\src\hotspot\share\interpreter\linkResolver.cpp, line 771]
Event: 3.180 Thread 0x000001cc4eb4e050 Exception <a 'java/lang/NoSuchMethodError'{0x000001cc757f32a0}: 'void java.lang.invoke.DirectMethodHandle$Holder.invokeSpecial(java.lang.Object, java.lang.Object, java.lang.Object)'> (0x000001cc757f32a0) 
thrown [s\src\hotspot\share\interpreter\linkResolver.cpp, line 771]
Event: 5.324 Thread 0x000001cc4eb4e050 Exception <a 'java/lang/NoSuchMethodError'{0x000001cc84446648}: 'void java.lang.invoke.DirectMethodHandle$Holder.invokeStaticInit(java.lang.Object)'> (0x000001cc84446648) 
thrown [s\src\hotspot\share\interpreter\linkResolver.cpp, line 771]
Event: 5.348 Thread 0x000005f27eddb7d0 Exception <a 'java/lang/NoSuchMethodError'{0x000001cc8455e4f8}: 'java.lang.Object java.lang.invoke.DirectMethodHandle$Holder.newInvokeSpecial(java.lang.Object, java.lang.Object, java.lang.Object, java.lang.Object, java.lang.Object)'> (0x000001cc8455e4f8) 
thrown [s\src\hotspot\share\interpreter\linkResolver.cpp, line 771]
Event: 5.349 Thread 0x000005f27eddb7d0 Exception <a 'java/lang/NoSuchMethodError'{0x000001cc8456cdc8}: 'java.lang.Object java.lang.invoke.DirectMethodHandle$Holder.invokeStatic(java.lang.Object, int, java.lang.Object, java.lang.Object, java.lang.Object, java.lang.Object)'> (0x000001cc8456cdc8) 
thrown [s\src\hotspot\share\interpreter\linkResolver.cpp, line 771]
Event: 5.373 Thread 0x000005f27eddb7d0 Exception <a 'java/lang/ClassNotFoundException'{0x000001cc8469a3f8}: com/sun/swing/internal/plaf/metal/resources/spi/metalProvider> (0x000001cc8469a3f8) 
thrown [s\src\hotspot\share\classfile\systemDictionary.cpp, line 256]
Event: 5.374 Thread 0x000005f27eddb7d0 Exception <a 'java/lang/ClassNotFoundException'{0x000001cc846a0350}: com/sun/swing/internal/plaf/basic/resources/spi/basicProvider> (0x000001cc846a0350) 
thrown [s\src\hotspot\share\classfile\systemDictionary.cpp, line 256]
Event: 5.377 Thread 0x000005f27eddb7d0 Exception <a 'java/lang/NoSuchMethodError'{0x000001cc846c4708}: 'java.lang.Object java.lang.invoke.Invokers$Holder.linkToTargetMethod(java.lang.Object, int, java.lang.Object, java.lang.Object, java.lang.Object)'> (0x000001cc846c4708) 
thrown [s\src\hotspot\share\interpreter\linkResolver.cpp, line 771]
Event: 5.394 Thread 0x000005f27eab0330 Exception <a 'java/lang/NoSuchMethodError'{0x000001cc8472b848}: 'void java.lang.invoke.DirectMethodHandle$Holder.invokeVirtual(java.lang.Object, java.lang.Object)'> (0x000001cc8472b848) 
thrown [s\src\hotspot\share\interpreter\linkResolver.cpp, line 771]
Event: 5.411 Thread 0x000005f27eddb7d0 Exception <a 'java/lang/NoSuchMethodError'{0x000001cc847a4cc8}: 'java.lang.Object java.lang.invoke.DirectMethodHandle$Holder.newInvokeSpecial(java.lang.Object, java.lang.Object, int, int, int, int)'> (0x000001cc847a4cc8) 
thrown [s\src\hotspot\share\interpreter\linkResolver.cpp, line 771]
Event: 5.413 Thread 0x000005f27eddb7d0 Exception <a 'java/lang/NoSuchMethodError'{0x000001cc847b6a18}: 'void java.lang.invoke.DirectMethodHandle$Holder.invokeSpecial(java.lang.Object, java.lang.Object, int, int)'> (0x000001cc847b6a18) 
thrown [s\src\hotspot\share\interpreter\linkResolver.cpp, line 771]
Event: 5.413 Thread 0x000005f27eddb7d0 Exception <a 'java/lang/NoSuchMethodError'{0x000001cc847be880}: 'java.lang.Object java.lang.invoke.DirectMethodHandle$Holder.newInvokeSpecial(java.lang.Object, java.lang.Object, int, int)'> (0x000001cc847be880) 
thrown [s\src\hotspot\share\interpreter\linkResolver.cpp, line 771]
Event: 5.504 Thread 0x000005f27eddb7d0 Exception <a 'java/lang/NoSuchMethodError'{0x000001cc848beed8}: 'java.lang.Object java.lang.invoke.Invokers$Holder.invoke_MT(java.lang.Object, java.lang.Object, java.lang.Object)'> (0x000001cc848beed8) 
thrown [s\src\hotspot\share\interpreter\linkResolver.cpp, line 771]
Event: 5.505 Thread 0x000005f27eddb7d0 Exception <a 'java/lang/NoSuchMethodError'{0x000001cc848cd3e8}: 'int java.lang.invoke.Invokers$Holder.invoke_MT(java.lang.Object, java.lang.Object, java.lang.Object)'> (0x000001cc848cd3e8) 
thrown [s\src\hotspot\share\interpreter\linkResolver.cpp, line 771]
Event: 6.196 Thread 0x000005f27eddb7d0 Exception <a 'java/lang/NoSuchMethodError'{0x000001cc849306a8}: 'void java.lang.invoke.DirectMethodHandle$Holder.invokeStatic(java.lang.Object, java.lang.Object, java.lang.Object)'> (0x000001cc849306a8) 
thrown [s\src\hotspot\share\interpreter\linkResolver.cpp, line 771]

VM Operations (20 events):
Event: 2.621 Executing VM operation: Cleanup
Event: 2.621 Executing VM operation: Cleanup done
Event: 3.627 Executing VM operation: Cleanup
Event: 3.627 Executing VM operation: Cleanup done
Event: 5.045 Executing VM operation: G1CollectForAllocation
Event: 5.079 Executing VM operation: G1CollectForAllocation done
Event: 5.448 Executing VM operation: HandshakeAllThreads
Event: 5.448 Executing VM operation: HandshakeAllThreads done
Event: 6.457 Executing VM operation: Cleanup
Event: 6.457 Executing VM operation: Cleanup done
Event: 7.458 Executing VM operation: Cleanup
Event: 7.458 Executing VM operation: Cleanup done
Event: 8.473 Executing VM operation: Cleanup
Event: 8.473 Executing VM operation: Cleanup done
Event: 9.478 Executing VM operation: Cleanup
Event: 9.478 Executing VM operation: Cleanup done
Event: 10.485 Executing VM operation: Cleanup
Event: 10.486 Executing VM operation: Cleanup done
Event: 11.495 Executing VM operation: Cleanup
Event: 11.495 Executing VM operation: Cleanup done

Events (20 events):
Event: 8.247 loading class sun/java2d/pipe/RegionSpanIterator done
Event: 8.766 Thread 0x000005f27f0c2590 Thread added: 0x000005f27f0c2590
Event: 8.800 loading class java/awt/image/BufferedImageOp
Event: 8.801 loading class java/awt/image/BufferedImageOp done
Event: 9.021 Thread 0x000005f27f0c2590 Thread exited: 0x000005f27f0c2590
Event: 11.479 loading class jdk/internal/misc/Signal$1
Event: 11.479 loading class jdk/internal/misc/Signal$1 done
Event: 11.480 Thread 0x000001cc03d42d90 Thread added: 0x000001cc03d42d90
Event: 11.480 Thread 0x000001cc03d43cc0 Thread added: 0x000001cc03d43cc0
Event: 11.480 Thread 0x000001cc03d40a20 Thread added: 0x000001cc03d40a20
Event: 11.480 Thread 0x000001cc03d3f0d0 Thread added: 0x000001cc03d3f0d0
Event: 11.480 loading class java/util/WeakHashMap$KeyIterator
Event: 11.480 loading class java/util/WeakHashMap$HashIterator
Event: 11.480 loading class sun/font/SunFontManager$8$1
Event: 11.480 loading class sun/font/SunFontManager$8$1 done
Event: 11.481 loading class java/util/WeakHashMap$HashIterator done
Event: 11.481 loading class java/util/WeakHashMap$KeyIterator done
Event: 11.481 Thread 0x000001cc03d40a20 Thread exited: 0x000001cc03d40a20
Event: 11.483 Thread 0x000001cc03d3f0d0 Thread exited: 0x000001cc03d3f0d0
Event: 11.497 Thread 0x000005f27eab0330 Thread exited: 0x000005f27eab0330


Dynamic libraries:
0x00007ff782070000 - 0x00007ff78207a000 	C:\Users\bader\.jdks\jbrsdk_jcef-17.0.9\bin\java.exe
0x00007ffed6e90000 - 0x00007ffed7088000 	C:\Windows\SYSTEM32\ntdll.dll
0x00007ffed4f20000 - 0x00007ffed4fe2000 	C:\Windows\System32\KERNEL32.DLL
0x00007ffed4960000 - 0x00007ffed4c5e000 	C:\Windows\System32\KERNELBASE.dll
0x00007ffed4db0000 - 0x00007ffed4eb0000 	C:\Windows\System32\ucrtbase.dll
0x00007ffecbf60000 - 0x00007ffecbf77000 	C:\Users\bader\.jdks\jbrsdk_jcef-17.0.9\bin\jli.dll
0x00007ffec3f90000 - 0x00007ffec3fab000 	C:\Users\bader\.jdks\jbrsdk_jcef-17.0.9\bin\VCRUNTIME140.dll
0x00007ffed6bd0000 - 0x00007ffed6d6d000 	C:\Windows\System32\USER32.dll
0x00007ffeba210000 - 0x00007ffeba4aa000 	C:\Windows\WinSxS\amd64_microsoft.windows.common-controls_6595b64144ccf1df_6.0.19041.4355_none_60b8b9eb71f62e16\COMCTL32.dll
0x00007ffed4650000 - 0x00007ffed4672000 	C:\Windows\System32\win32u.dll
0x00007ffed67d0000 - 0x00007ffed686e000 	C:\Windows\System32\msvcrt.dll
0x00007ffed61a0000 - 0x00007ffed61cb000 	C:\Windows\System32\GDI32.dll
0x00007ffed4530000 - 0x00007ffed4647000 	C:\Windows\System32\gdi32full.dll
0x00007ffed4d10000 - 0x00007ffed4dad000 	C:\Windows\System32\msvcp_win.dll
0x00007ffed6100000 - 0x00007ffed612f000 	C:\Windows\System32\IMM32.DLL
0x00007ffecbf50000 - 0x00007ffecbf5c000 	C:\Users\bader\.jdks\jbrsdk_jcef-17.0.9\bin\vcruntime140_1.dll
0x00007ffeb8c40000 - 0x00007ffeb8ccd000 	C:\Users\bader\.jdks\jbrsdk_jcef-17.0.9\bin\msvcp140.dll
0x00007ffe57490000 - 0x00007ffe58112000 	C:\Users\bader\.jdks\jbrsdk_jcef-17.0.9\bin\server\jvm.dll
0x00007ffed6d90000 - 0x00007ffed6e41000 	C:\Windows\System32\ADVAPI32.dll
0x00007ffed5e40000 - 0x00007ffed5edf000 	C:\Windows\System32\sechost.dll
0x00007ffed62a0000 - 0x00007ffed63c3000 	C:\Windows\System32\RPCRT4.dll
0x00007ffed4760000 - 0x00007ffed4787000 	C:\Windows\System32\bcrypt.dll
0x00007ffed3a60000 - 0x00007ffed3aab000 	C:\Windows\SYSTEM32\POWRPROF.dll
0x00007ffecf4c0000 - 0x00007ffecf4c9000 	C:\Windows\SYSTEM32\WSOCK32.dll
0x00007ffeb9a40000 - 0x00007ffeb9a67000 	C:\Windows\SYSTEM32\WINMM.dll
0x00007ffecd650000 - 0x00007ffecd65a000 	C:\Windows\SYSTEM32\VERSION.dll
0x00007ffed6090000 - 0x00007ffed60fb000 	C:\Windows\System32\WS2_32.dll
0x00007ffed3930000 - 0x00007ffed3942000 	C:\Windows\SYSTEM32\UMPDC.dll
0x00007ffed23b0000 - 0x00007ffed23c2000 	C:\Windows\SYSTEM32\kernel.appcore.dll
0x00007ffecb150000 - 0x00007ffecb15a000 	C:\Users\bader\.jdks\jbrsdk_jcef-17.0.9\bin\jimage.dll
0x00007ffed1cc0000 - 0x00007ffed1ea4000 	C:\Windows\SYSTEM32\DBGHELP.DLL
0x00007ffec4470000 - 0x00007ffec44a4000 	C:\Windows\SYSTEM32\dbgcore.DLL
0x00007ffed46d0000 - 0x00007ffed4752000 	C:\Windows\System32\bcryptPrimitives.dll
0x00007ffeced50000 - 0x00007ffeced5e000 	C:\Users\bader\.jdks\jbrsdk_jcef-17.0.9\bin\instrument.dll
0x00007ffec2380000 - 0x00007ffec23a5000 	C:\Users\bader\.jdks\jbrsdk_jcef-17.0.9\bin\java.dll
0x00007ffec2270000 - 0x00007ffec2288000 	C:\Users\bader\.jdks\jbrsdk_jcef-17.0.9\bin\zip.dll
0x00007ffeb73d0000 - 0x00007ffeb74a7000 	C:\Users\bader\.jdks\jbrsdk_jcef-17.0.9\bin\jsvml.dll
0x00007ffed4ff0000 - 0x00007ffed575d000 	C:\Windows\System32\SHELL32.dll
0x00007ffed25b0000 - 0x00007ffed2d54000 	C:\Windows\SYSTEM32\windows.storage.dll
0x00007ffed6870000 - 0x00007ffed6bc3000 	C:\Windows\System32\combase.dll
0x00007ffed3f60000 - 0x00007ffed3f8e000 	C:\Windows\SYSTEM32\Wldp.dll
0x00007ffed61d0000 - 0x00007ffed629d000 	C:\Windows\System32\OLEAUT32.dll
0x00007ffed65c0000 - 0x00007ffed666d000 	C:\Windows\System32\SHCORE.dll
0x00007ffed6560000 - 0x00007ffed65b5000 	C:\Windows\System32\shlwapi.dll
0x00007ffed4460000 - 0x00007ffed4484000 	C:\Windows\SYSTEM32\profapi.dll
0x00007ffec2080000 - 0x00007ffec2099000 	C:\Users\bader\.jdks\jbrsdk_jcef-17.0.9\bin\net.dll
0x00007ffeccc80000 - 0x00007ffeccd8d000 	C:\Windows\SYSTEM32\WINHTTP.dll
0x00007ffed3cc0000 - 0x00007ffed3d2a000 	C:\Windows\system32\mswsock.dll
0x00007ffec1fb0000 - 0x00007ffec1fc6000 	C:\Users\bader\.jdks\jbrsdk_jcef-17.0.9\bin\nio.dll
0x00007ffec1790000 - 0x00007ffec17aa000 	C:\Program Files\JetBrains\IntelliJ IDEA Community Edition 2023.3.6\bin\breakgen64.dll
0x00007ffeb7230000 - 0x00007ffeb73ca000 	C:\Users\bader\.jdks\jbrsdk_jcef-17.0.9\bin\awt.dll
0x00007ffeb9bf0000 - 0x00007ffeb9c34000 	C:\Users\bader\.jdks\jbrsdk_jcef-17.0.9\bin\nvdaControllerClient64.dll
0x00007ffed20b0000 - 0x00007ffed20df000 	C:\Windows\SYSTEM32\dwmapi.dll
0x00007ffecf1c0000 - 0x00007ffecf254000 	C:\Windows\SYSTEM32\apphelp.dll
0x00007ffeb81e0000 - 0x00007ffeb8308000 	C:\Windows\system32\opengl32.dll
0x00007ffeb7c60000 - 0x00007ffeb7c8c000 	C:\Windows\SYSTEM32\GLU32.dll
0x00007ffed1090000 - 0x00007ffed112e000 	C:\Windows\system32\uxtheme.dll
0x00007ffed5bd0000 - 0x00007ffed5ce5000 	C:\Windows\System32\MSCTF.dll
0x00007ffed5cf0000 - 0x00007ffed5d99000 	C:\Windows\System32\clbcatq.dll
0x00007ffe4ea80000 - 0x00007ffe4fa4a000 	C:\Windows\System32\DriverStore\FileRepository\iigd_dch.inf_amd64_5d54dd32fa1ef4d4\ig9icd64.dll
0x00007ffed6430000 - 0x00007ffed655b000 	C:\Windows\System32\ole32.dll
0x00007ffed2dc0000 - 0x00007ffed2eb6000 	C:\Windows\system32\dxgi.dll
0x00007ffec7a80000 - 0x00007ffec7cbf000 	C:\Windows\System32\DriverStore\FileRepository\iigd_dch.inf_amd64_5d54dd32fa1ef4d4\igdgmm64.dll
0x00007ffec4eb0000 - 0x00007ffec7a79000 	C:\Windows\System32\DriverStore\FileRepository\iigd_dch.inf_amd64_5d54dd32fa1ef4d4\igc64.dll
0x00007ffe6fa90000 - 0x00007ffe6fe9c000 	C:\Windows\System32\DriverStore\FileRepository\iigd_dch.inf_amd64_5d54dd32fa1ef4d4\igdml64.dll
0x00007ffed3ec0000 - 0x00007ffed3ed8000 	C:\Windows\SYSTEM32\CRYPTSP.dll
0x00007ffed3570000 - 0x00007ffed35a4000 	C:\Windows\system32\rsaenh.dll
0x00007ffed4420000 - 0x00007ffed444e000 	C:\Windows\SYSTEM32\USERENV.dll
0x00007ffed3eb0000 - 0x00007ffed3ebc000 	C:\Windows\SYSTEM32\CRYPTBASE.dll
0x00007ffed3950000 - 0x00007ffed398b000 	C:\Windows\SYSTEM32\IPHLPAPI.DLL
0x00007ffed5e30000 - 0x00007ffed5e38000 	C:\Windows\System32\NSI.dll
0x00007ffecc960000 - 0x00007ffecc977000 	C:\Windows\SYSTEM32\dhcpcsvc6.DLL
0x00007ffeccbf0000 - 0x00007ffeccc0d000 	C:\Windows\SYSTEM32\dhcpcsvc.DLL
0x00007ffed3990000 - 0x00007ffed3a5a000 	C:\Windows\SYSTEM32\DNSAPI.dll
0x00007ffeb86d0000 - 0x00007ffeb8757000 	C:\Users\bader\.jdks\jbrsdk_jcef-17.0.9\bin\freetype.dll
0x00007ffea8780000 - 0x00007ffea8857000 	C:\Users\bader\.jdks\jbrsdk_jcef-17.0.9\bin\fontmanager.dll
0x00007ffebb1d0000 - 0x00007ffebb1e2000 	C:\Users\bader\.jdks\jbrsdk_jcef-17.0.9\bin\jsound.dll
0x00007ffeb5600000 - 0x00007ffeb569c000 	C:\Windows\SYSTEM32\DSOUND.dll
0x00007ffec02f0000 - 0x00007ffec0316000 	C:\Windows\SYSTEM32\winmmbase.dll
0x00007ffecce00000 - 0x00007ffecce85000 	C:\Windows\System32\MMDevApi.dll
0x00007ffed42c0000 - 0x00007ffed42f3000 	C:\Windows\System32\DEVOBJ.dll
0x00007ffed4680000 - 0x00007ffed46ce000 	C:\Windows\System32\cfgmgr32.dll
0x00007ffeb5080000 - 0x00007ffeb50c6000 	C:\Windows\SYSTEM32\wdmaud.drv
0x00007ffecf4e0000 - 0x00007ffecf4e9000 	C:\Windows\SYSTEM32\ksuser.dll
0x00007ffeced00000 - 0x00007ffeced0a000 	C:\Windows\SYSTEM32\AVRT.dll
0x00007ffecce90000 - 0x00007ffecd011000 	C:\Windows\SYSTEM32\AUDIOSES.DLL
0x00007ffeb5070000 - 0x00007ffeb507d000 	C:\Windows\SYSTEM32\msacm32.drv
0x00007ffeb5050000 - 0x00007ffeb506e000 	C:\Windows\SYSTEM32\MSACM32.dll
0x00007ffeb5040000 - 0x00007ffeb504b000 	C:\Windows\SYSTEM32\midimap.dll
0x00007ffed1fb0000 - 0x00007ffed1fc4000 	C:\Windows\SYSTEM32\resourcepolicyclient.dll
0x00007ffeb1a60000 - 0x00007ffeb1c05000 	C:\Windows\WinSxS\amd64_microsoft.windows.gdiplus_6595b64144ccf1df_1.1.19041.4597_none_91a78020cc854124\gdiplus.dll
0x00007ffebfdd0000 - 0x00007ffebfec9000 	C:\Windows\SYSTEM32\textinputframework.dll
0x00007ffece6e0000 - 0x00007ffecea3b000 	C:\Windows\System32\CoreUIComponents.dll
0x00007ffecea50000 - 0x00007ffeceb42000 	C:\Windows\System32\CoreMessaging.dll
0x00007ffed12c0000 - 0x00007ffed1417000 	C:\Windows\SYSTEM32\wintypes.dll
0x00007ffed37c0000 - 0x00007ffed37f3000 	C:\Windows\SYSTEM32\ntmarta.dll
0x00007ffeb7e70000 - 0x00007ffeb8165000 	C:\Windows\System32\uiautomationcore.dll
0x00007ffed1880000 - 0x00007ffed1976000 	C:\Windows\System32\PROPSYS.dll
0x00007ffeb8170000 - 0x00007ffeb81d6000 	C:\Windows\System32\OLEACC.dll
0x00007ffebfed0000 - 0x00007ffec000f000 	C:\Windows\System32\Windows.UI.dll
0x00007ffebfc70000 - 0x00007ffebfdc2000 	C:\Windows\System32\InputHost.dll
0x00007ffecbdf0000 - 0x00007ffecbe91000 	C:\Windows\System32\WindowManagementAPI.dll
0x00007ffecb4a0000 - 0x00007ffecb6a3000 	C:\Windows\SYSTEM32\twinapi.appcore.dll

dbghelp: loaded successfully - version: 4.0.5 - missing functions: none
symbol engine: initialized successfully - sym options: 0x614 - pdb path: .;C:\Users\bader\.jdks\jbrsdk_jcef-17.0.9\bin;C:\Windows\SYSTEM32;C:\Windows\WinSxS\amd64_microsoft.windows.common-controls_6595b64144ccf1df_6.0.19041.4355_none_60b8b9eb71f62e16;C:\Users\bader\.jdks\jbrsdk_jcef-17.0.9\bin\server;C:\Program Files\JetBrains\IntelliJ IDEA Community Edition 2023.3.6\bin;C:\Windows\System32\DriverStore\FileRepository\iigd_dch.inf_amd64_5d54dd32fa1ef4d4;C:\Windows\WinSxS\amd64_microsoft.windows.gdiplus_6595b64144ccf1df_1.1.19041.4597_none_91a78020cc854124

VM Arguments:
jvm_args: -Xmx3072g -Xmx4096g -Dsun.java2d.opengl=true -XX:ErrorFile=logs/hs_err_pid%p.log -javaagent:C:\Program Files\JetBrains\IntelliJ IDEA Community Edition 2023.3.6\lib\idea_rt.jar=60901:C:\Program Files\JetBrains\IntelliJ IDEA Community Edition 2023.3.6\bin -Dfile.encoding=UTF-8 
java_command: net.sendback.Main
java_class_path (initial): C:\Users\bader\OneDrive\Bureau\Idea\GTS_PRojekt\target\classes
Launcher Type: SUN_STANDARD

[Global flags]
     intx CICompilerCount                          = 4                                         {product} {ergonomic}
     uint ConcGCThreads                            = 3                                         {product} {ergonomic}
    ccstr ErrorFile                                = logs/hs_err_pid%p.log                     {product} {command line}
     uint G1ConcRefinementThreads                  = 10                                        {product} {ergonomic}
   size_t G1HeapRegionSize                         = 33554432                                  {product} {ergonomic}
    uintx GCDrainStackTargetSize                   = 64                                        {product} {ergonomic}
   size_t InitialHeapSize                          = 268435456                                 {product} {ergonomic}
   size_t MarkStackSize                            = 4194304                                   {product} {ergonomic}
   size_t MaxHeapSize                              = 4398046511104                             {product} {command line}
   size_t MaxNewSize                               = 2638821195776                             {product} {ergonomic}
   size_t MinHeapDeltaBytes                        = 33554432                                  {product} {ergonomic}
   size_t MinHeapSize                              = 33554432                                  {product} {ergonomic}
    uintx NonNMethodCodeHeapSize                   = 5839372                                {pd product} {ergonomic}
    uintx NonProfiledCodeHeapSize                  = 122909434                              {pd product} {ergonomic}
    uintx ProfiledCodeHeapSize                     = 122909434                              {pd product} {ergonomic}
    uintx ReservedCodeCacheSize                    = 251658240                              {pd product} {ergonomic}
     bool SegmentedCodeCache                       = true                                      {product} {ergonomic}
   size_t SoftMaxHeapSize                          = 4398046511104                          {manageable} {ergonomic}
     bool UseCompressedClassPointers               = true                           {product lp64_product} {ergonomic}
     bool UseG1GC                                  = true                                      {product} {ergonomic}
     bool UseLargePagesIndividualAllocation        = false                                  {pd product} {ergonomic}

Logging:
Log output configuration:
 #0: stdout all=warning uptime,level,tags
 #1: stderr all=off uptime,level,tags

Environment Variables:
PATH=C:\Program Files\Common Files\Oracle\Java\javapath;C:\Windows\system32;C:\Windows;C:\Windows\System32\Wbem;C:\Windows\System32\WindowsPowerShell\v1.0\;C:\Windows\System32\OpenSSH\;C:\Program Files (x86)\NVIDIA Corporation\PhysX\Common;C:\Program Files\dotnet\;C:\Users\bader\AppData\Local\Microsoft\WindowsApps;C:\Users\bader\AppData\Local\GitHubDesktop\bin
USERNAME=bader
OS=Windows_NT
PROCESSOR_IDENTIFIER=Intel64 Family 6 Model 158 Stepping 10, GenuineIntel
TMP=C:\Users\bader\AppData\Local\Temp
TEMP=C:\Users\bader\AppData\Local\Temp



Periodic native trim disabled

JNI global refs:
JNI global refs: 140, weak refs: 186

JNI global refs memory usage: 2107, weak refs: 2105

OOME stack traces (most recent first):
Classloader memory used:
Loader bootstrap                                                                       : 2652K
Loader jdk.internal.loader.ClassLoaders$AppClassLoader                                 : 35173B
Loader jdk.internal.reflect.DelegatingClassLoader                                      : 5061B
Loader jdk.internal.loader.ClassLoaders$PlatformClassLoader                            : 764B


---------------  S Y S T E M  ---------------

OS:
 Windows 10 , 64 bit Build 19041 (10.0.19041.5072)
OS uptime: 18 days 7:37 hours

CPU: total 12 (initial active 12) (6 cores per cpu, 2 threads per core) family 6 model 158 stepping 10 microcode 0xf0, cx8, cmov, fxsr, ht, mmx, 3dnowpref, sse, sse2, sse3, ssse3, sse4.1, sse4.2, popcnt, lzcnt, tsc, tscinvbit, avx, avx2, aes, erms, clmul, bmi1, bmi2, adx, fma, vzeroupper, clflush, clflushopt
Processor Information for all 12 processors :
  Max Mhz: 2592, Current Mhz: 2592, Mhz Limit: 2592

Memory: 4k page, system-wide physical 16254M (2010M free)
TotalPageFile size 22380M (AvailPageFile size 2949M)
current process WorkingSet (physical memory assigned to process): 822M, peak: 823M
current process commit charge ("private bytes"): 895M, peak: 900M

vm_info: OpenJDK 64-Bit Server VM (17.0.9+8-b1166.2) for windows-amd64 JRE (17.0.9+8-b1166.2), built on 2024-01-13 by "builduser" with MS VC++ 16.10 / 16.11 (VS2019)

END.
