#
# A fatal error has been detected by the Java Runtime Environment:
#
#  EXCEPTION_ACCESS_VIOLATION (0xc0000005) at pc=0x00007ffe45df3c53, pid=37220, tid=37440
#
# JRE version: OpenJDK Runtime Environment JBR-17.0.9+8-1166.2-jcef (17.0.9+8) (build 17.0.9+8-b1166.2)
# Java VM: OpenJDK 64-Bit Server VM JBR-17.0.9+8-1166.2-jcef (17.0.9+8-b1166.2, mixed mode, tiered, compressed class ptrs, g1 gc, windows-amd64)
# Problematic frame:
# C  [ig9icd64.dll+0x9c3c53]
#
# No core dump will be written. Minidumps are not enabled by default on client versions of Windows
#
# If you would like to submit a bug report, please visit:
#   https://youtrack.jetbrains.com/issues/JBR
# The crash happened outside the Java Virtual Machine in native code.
# See problematic frame for where to report the bug.
#

---------------  S U M M A R Y ------------

Command Line: -Xmx3072g -Xmx4096g -Dsun.java2d.opengl=true -XX:ErrorFile=logs/hs_err_pid%p.log -javaagent:C:\Program Files\JetBrains\IntelliJ IDEA Community Edition 2023.3.6\lib\idea_rt.jar=50542:C:\Program Files\JetBrains\IntelliJ IDEA Community Edition 2023.3.6\bin -Dfile.encoding=UTF-8 net.sendback.Main

Host: Intel(R) Core(TM) i7-9750H CPU @ 2.60GHz, 12 cores, 15G,  Windows 10 , 64 bit Build 19041 (10.0.19041.5072)
Time: Thu Nov  7 19:59:30 2024 Mitteleuropäische Zeit elapsed time: 20.215127 seconds (0d 0h 0m 20s)

---------------  T H R E A D  ---------------

Current thread (0x0000064628a12aa0):  JavaThread "Java2D Queue Flusher" daemon [_thread_in_native, id=37440, stack(0x000000c5b3a00000,0x000000c5b3b00000)]

Stack: [0x000000c5b3a00000,0x000000c5b3b00000],  sp=0x000000c5b3afe678,  free space=1017k
Native frames: (J=compiled Java code, j=interpreted, Vv=VM code, C=native code)
C  [ig9icd64.dll+0x9c3c53]

Java frames: (J=compiled Java code, j=interpreted, Vv=VM code)
J 2602  sun.java2d.opengl.OGLRenderQueue.flushBuffer(JI)V java.desktop (0 bytes) @ 0x000002201154e25b [0x000002201154e220+0x000000000000003b]
J 2879 c1 sun.java2d.opengl.OGLRenderQueue.flushBuffer()V java.desktop (41 bytes) @ 0x0000022009ec5584 [0x0000022009ec5460+0x0000000000000124]
j  sun.java2d.opengl.OGLRenderQueue$QueueFlusher.run()V+81 java.desktop
j  java.lang.Thread.run()V+11 java.base@17.0.9
v  ~StubRoutines::call_stub

siginfo: EXCEPTION_ACCESS_VIOLATION (0xc0000005), reading address 0xffffffffffffffff


Registers:
RAX=0x000000000fff0fff, RBX=0x00007ffe45430000, RCX=0x000000033fcf3fcc, RDX=0x000000c5b3afeb90
RSP=0x000000c5b3afe678, RBP=0x000000c5b3afe780, RSI=0x00000646336c56c0, RDI=0x000000c5b3afe980
R8 =0x000000c5b3afe7b0, R9 =0x000000c5b3afeb90, R10=0x000000c5b3afe980, R11=0x0000000000000000
R12=0x00007ffe4625a420, R13=0x0000000000000000, R14=0x0000000000000000, R15=0x00000000000001c1
RIP=0x00007ffe45df3c53, EFLAGS=0x0000000000010206


Register to memory mapping:

RIP=0x00007ffe45df3c53 ig9icd64.dll
RAX=0x000000000fff0fff is an unknown value
RBX=0x00007ffe45430000 ig9icd64.dll
RCX=0x000000033fcf3fcc is an unknown value
RDX=0x000000c5b3afeb90 is pointing into the stack for thread: 0x0000064628a12aa0
RSP=0x000000c5b3afe678 is pointing into the stack for thread: 0x0000064628a12aa0
RBP=0x000000c5b3afe780 is pointing into the stack for thread: 0x0000064628a12aa0
RSI=0x00000646336c56c0 points into unknown readable memory: 0x000006462d532f40 | 40 2f 53 2d 46 06 00 00
RDI=0x000000c5b3afe980 is pointing into the stack for thread: 0x0000064628a12aa0
R8 =0x000000c5b3afe7b0 is pointing into the stack for thread: 0x0000064628a12aa0
R9 =0x000000c5b3afeb90 is pointing into the stack for thread: 0x0000064628a12aa0
R10=0x000000c5b3afe980 is pointing into the stack for thread: 0x0000064628a12aa0
R11=0x0 is NULL
R12=0x00007ffe4625a420 ig9icd64.dll
R13=0x0 is NULL
R14=0x0 is NULL
R15=0x00000000000001c1 is an unknown value


Top of Stack: (sp=0x000000c5b3afe678)
0x000000c5b3afe678:   00007ffe45df138b 0000000000000001
0x000000c5b3afe688:   0000000000000000 0000064636bed100
0x000000c5b3afe698:   00007ffec7a82572 000000c500000065
0x000000c5b3afe6a8:   000000c5b3afe8b0 0000000000000000
0x000000c5b3afe6b8:   00000646344b4270 0000000000000000
0x000000c5b3afe6c8:   00000646344b7fa0 0000064636bed1d0
0x000000c5b3afe6d8:   0000000000000fb0 0000000000000000
0x000000c5b3afe6e8:   0000000000000000 000000c5b3afe860
0x000000c5b3afe6f8:   00007ffe45a89070 0000000000000000
0x000000c5b3afe708:   0000000000000000 0000000000000000
0x000000c5b3afe718:   0000000000000000 0000ad1342b23915
0x000000c5b3afe728:   00007ffe454464e5 0000064636bed1d0
0x000000c5b3afe738:   0000000000004001 0000000000000200
0x000000c5b3afe748:   00007ffed6ebb86b 000000000015000d
0x000000c5b3afe758:   0000000000000006 00000646340a9120
0x000000c5b3afe768:   0000000000000000 0000000000000000
0x000000c5b3afe778:   00007ffe45df1c62 0000000000000000
0x000000c5b3afe788:   0000022003c17740 000000c5b3afea80
0x000000c5b3afe798:   0000022003c10000 0000022003c102b4
0x000000c5b3afe7a8:   00000646344b4270 00007ffe460ff020
0x000000c5b3afe7b8:   0000000e00000000 0000001a00000018
0x000000c5b3afe7c8:   00000fff00000000 437f0000437f0000
0x000000c5b3afe7d8:   437f0000437f0000 0000ff0000ff0000
0x000000c5b3afe7e8:   ff000000000000ff 0000000800000010
0x000000c5b3afe7f8:   0000001800000000 0000000000000000
0x000000c5b3afe808:   0000000000000000 0000000000000000
0x000000c5b3afe818:   0000000000000000 0000000000000000
0x000000c5b3afe828:   0000000000000000 0000000000000000
0x000000c5b3afe838:   0000000000000000 0000000000000000
0x000000c5b3afe848:   0000000000000000 0000000000000000
0x000000c5b3afe858:   0000000000000000 0000000000000000
0x000000c5b3afe868:   0000000000000000 0000000000000000 

Instructions: (pc=0x00007ffe45df3c53)
0x00007ffe45df3b53:   a1 b6 30 00 48 89 51 08 48 89 01 8b 44 24 28 89
0x00007ffe45df3b63:   41 20 8b 44 24 30 89 41 24 48 8b c1 4c 89 41 10
0x00007ffe45df3b73:   4c 89 49 18 c3 cc cc cc cc cc cc cc cc 48 89 5c
0x00007ffe45df3b83:   24 08 8b 41 5c 48 8d 1d 71 c4 63 ff 41 89 40 08
0x00007ffe45df3b93:   4c 8b d1 8b 41 60 45 33 db 41 89 40 0c 4c 8b ca
0x00007ffe45df3ba3:   8b 41 64 41 89 40 10 8b 41 68 41 89 40 14 8b 41
0x00007ffe45df3bb3:   6c 41 89 40 18 8b 41 70 41 89 40 1c 48 63 41 74
0x00007ffe45df3bc3:   48 6b c8 34 8b 84 19 84 5f ee 00 41 89 40 20 8b
0x00007ffe45df3bd3:   84 19 88 5f ee 00 41 89 40 24 8b 84 19 8c 5f ee
0x00007ffe45df3be3:   00 41 89 40 28 8b 84 19 90 5f ee 00 41 89 40 2c
0x00007ffe45df3bf3:   8b 84 19 74 5f ee 00 41 89 40 30 8b 84 19 78 5f
0x00007ffe45df3c03:   ee 00 41 89 40 34 8b 84 19 7c 5f ee 00 41 89 40
0x00007ffe45df3c13:   38 8b 84 19 80 5f ee 00 41 89 40 3c 8b 84 19 64
0x00007ffe45df3c23:   5f ee 00 41 89 40 40 8b 84 19 68 5f ee 00 41 89
0x00007ffe45df3c33:   40 44 8b 84 19 6c 5f ee 00 41 89 40 48 8b 84 19
0x00007ffe45df3c43:   70 5f ee 00 41 89 40 4c 49 63 42 78 48 6b c8 34
0x00007ffe45df3c53:   8b 84 19 84 5f ee 00 41 89 40 50 8b 84 19 88 5f
0x00007ffe45df3c63:   ee 00 41 89 40 54 8b 84 19 8c 5f ee 00 41 89 40
0x00007ffe45df3c73:   58 8b 84 19 90 5f ee 00 41 89 40 5c 8b 84 19 74
0x00007ffe45df3c83:   5f ee 00 41 89 40 60 8b 84 19 78 5f ee 00 41 89
0x00007ffe45df3c93:   40 64 8b 84 19 7c 5f ee 00 41 89 40 68 8b 84 19
0x00007ffe45df3ca3:   80 5f ee 00 41 89 40 6c 8b 84 19 64 5f ee 00 41
0x00007ffe45df3cb3:   89 40 70 8b 84 19 68 5f ee 00 41 89 40 74 8b 84
0x00007ffe45df3cc3:   19 6c 5f ee 00 41 89 40 78 8b 84 19 70 5f ee 00
0x00007ffe45df3cd3:   41 89 40 7c 48 8b 42 18 8b 88 38 0b 00 00 f6 c1
0x00007ffe45df3ce3:   08 0f 84 86 00 00 00 8b 80 3c 0b 00 00 41 89 80
0x00007ffe45df3cf3:   80 00 00 00 48 8b 42 18 8b 88 40 0b 00 00 41 89
0x00007ffe45df3d03:   88 84 00 00 00 48 8b 42 18 8b 88 44 0b 00 00 41
0x00007ffe45df3d13:   89 88 88 00 00 00 48 8b 42 18 8b 88 48 0b 00 00
0x00007ffe45df3d23:   41 89 88 8c 00 00 00 48 8b 42 18 8b 88 4c 0b 00
0x00007ffe45df3d33:   00 41 89 88 90 00 00 00 48 8b 42 18 8b 88 50 0b
0x00007ffe45df3d43:   00 00 41 89 88 94 00 00 00 48 8b 42 18 8b 88 54 


Stack slot to memory mapping:
stack at sp + 0 slots: 0x00007ffe45df138b ig9icd64.dll
stack at sp + 1 slots: 0x0000000000000001 is an unknown value
stack at sp + 2 slots: 0x0 is NULL
stack at sp + 3 slots: 0x0000064636bed100 points into unknown readable memory: 0x0000064636f51010 | 10 10 f5 36 46 06 00 00
stack at sp + 4 slots: 0x00007ffec7a82572 igdgmm64.dll
stack at sp + 5 slots: 0x000000c500000065 is an unknown value
stack at sp + 6 slots: 0x000000c5b3afe8b0 is pointing into the stack for thread: 0x0000064628a12aa0
stack at sp + 7 slots: 0x0 is NULL


Compiled method (n/a)   20330 2602     n 0       sun.java2d.opengl.OGLRenderQueue::flushBuffer (native)
 total in heap  [0x000002201154e090,0x000002201154e428] = 920
 relocation     [0x000002201154e1e8,0x000002201154e218] = 48
 main code      [0x000002201154e220,0x000002201154e428] = 520

[Constant Pool (empty)]

[MachCode]
[Entry Point]
  # {method} {0x0000064629ace0c8} 'flushBuffer' '(JI)V' in 'sun/java2d/opengl/OGLRenderQueue'
  # this:     rdx:rdx   = 'sun/java2d/opengl/OGLRenderQueue'
  # parm0:    r8:r8     = long
  # parm1:    r9        = int
  #           [sp+0x70]  (sp of caller)
  0x000002201154e220: 448b 5208 | 493b c20f | 840b 0000 

  0x000002201154e22c: ;   {runtime_call ic_miss_stub}
  0x000002201154e22c: 00e9 4e2e | 9dff 660f | 1f44 0000 
[Verified Entry Point]
  0x000002201154e238: 8984 2400 | 90ff ff55 | 488b ec48 | 83ec 6048 | 8954 2420 | 4883 fa00 | 488d 5424 | 2048 0f44 
  0x000002201154e258: 5424 20c5 

  0x000002201154e25c: ;   {internal_word}
  0x000002201154e25c: f877 49ba | 5be2 5411 | 2002 0000 | 4d89 97a0 | 0200 0049 | 89a7 9802 

  0x000002201154e274: ;   {external_word}
  0x000002201154e274: 0000 49ba | 3d29 6729 | fe7f 0000 | 4180 3a00 | 0f84 5200 | 0000 5241 

  0x000002201154e28c: ;   {metadata({method} {0x0000064629ace0c8} 'flushBuffer' '(JI)V' in 'sun/java2d/opengl/OGLRenderQueue')}
  0x000002201154e28c: 5041 5148 | bac0 e0ac | 2946 0600 | 0049 8bcf | 4883 ec20 | f7c4 0f00 | 0000 0f84 | 1a00 0000 
  0x000002201154e2ac: 4883 ec08 

  0x000002201154e2b0: ;   {runtime_call SharedRuntime::dtrace_method_entry}
  0x000002201154e2b0: 49ba b0ea | 1c29 fe7f | 0000 41ff | d248 83c4 | 08e9 0d00 

  0x000002201154e2c4: ;   {runtime_call SharedRuntime::dtrace_method_entry}
  0x000002201154e2c4: 0000 49ba | b0ea 1c29 | fe7f 0000 | 41ff d248 | 83c4 2041 | 5941 585a | 498d 8fb8 | 0200 0041 
  0x000002201154e2e4: c787 4803 | 0000 0400 

  0x000002201154e2ec: ;   {runtime_call}
  0x000002201154e2ec: 0000 49ba | 60fd cb89 | fe7f 0000 | 41ff d2c5 | f877 41c7 | 8748 0300 | 0005 0000 | 00f0 8344 
  0x000002201154e30c: 24c0 0049 | 3baf 5003 | 0000 0f87 | 1100 0000 | 4181 bf38 | 0300 0000 | 0000 000f | 8421 0000 
  0x000002201154e32c: 00c5 f877 | 498b cf4c | 8be4 4883 | ec20 4883 

  0x000002201154e33c: ;   {runtime_call JavaThread::check_special_condition_for_native_trans}
  0x000002201154e33c: e4f0 49ba | f008 2d29 | fe7f 0000 | 41ff d249 | 8be4 41c7 | 8748 0300 | 0008 0000 | 0041 81bf 
  0x000002201154e35c: b803 0000 | 0200 0000 | 0f84 9b00 

  0x000002201154e368: ;   {external_word}
  0x000002201154e368: 0000 49ba | 3d29 6729 | fe7f 0000 | 4180 3a00 | 0f84 4800 

  0x000002201154e37c: ;   {metadata({method} {0x0000064629ace0c8} 'flushBuffer' '(JI)V' in 'sun/java2d/opengl/OGLRenderQueue')}
  0x000002201154e37c: 0000 48ba | c0e0 ac29 | 4606 0000 | 498b cf48 | 83ec 20f7 | c40f 0000 | 000f 841a | 0000 0048 
  0x000002201154e39c: ;   {runtime_call SharedRuntime::dtrace_method_entry}
  0x000002201154e39c: 83ec 0849 | bab0 ea1c | 29fe 7f00 | 0041 ffd2 | 4883 c408 | e90d 0000 

  0x000002201154e3b4: ;   {runtime_call SharedRuntime::dtrace_method_entry}
  0x000002201154e3b4: 0049 bab0 | ea1c 29fe | 7f00 0041 | ffd2 4883 | c420 49c7 | 8798 0200 | 0000 0000 | 0049 c787 
  0x000002201154e3d4: a002 0000 | 0000 0000 | c5f8 7749 | 8b8f d800 | 0000 c781 | 0001 0000 | 0000 0000 | c949 817f 
  0x000002201154e3f4: 0800 0000 | 000f 8501 | 0000 00c3 

  0x000002201154e400: ;   {runtime_call StubRoutines (1)}
  0x000002201154e400: e9fb 2a98 | ffc5 f877 | 4c8b e448 | 83ec 2048 

  0x000002201154e410: ;   {runtime_call SharedRuntime::reguard_yellow_pages}
  0x000002201154e410: 83e4 f049 | ba40 1b1d | 29fe 7f00 | 0041 ffd2 | 498b e4e9 | 42ff ffff 
[/MachCode]


Compiled method (c1)   20453 2879       3       sun.java2d.opengl.OGLRenderQueue::flushBuffer (41 bytes)
 total in heap  [0x0000022009ec5290,0x0000022009ec58d8] = 1608
 relocation     [0x0000022009ec53e8,0x0000022009ec5450] = 104
 main code      [0x0000022009ec5460,0x0000022009ec5740] = 736
 stub code      [0x0000022009ec5740,0x0000022009ec5798] = 88
 metadata       [0x0000022009ec5798,0x0000022009ec57c0] = 40
 scopes data    [0x0000022009ec57c0,0x0000022009ec5810] = 80
 scopes pcs     [0x0000022009ec5810,0x0000022009ec58b0] = 160
 dependencies   [0x0000022009ec58b0,0x0000022009ec58b8] = 8
 nul chk table  [0x0000022009ec58b8,0x0000022009ec58d8] = 32

[Constant Pool (empty)]

[MachCode]
[Entry Point]
  # {method} {0x0000064629ace1c0} 'flushBuffer' '()V' in 'sun/java2d/opengl/OGLRenderQueue'
  #           [sp+0x70]  (sp of caller)
  0x0000022009ec5460: 448b 5208 

  0x0000022009ec5464: ;   {runtime_call ic_miss_stub}
  0x0000022009ec5464: 4c3b d00f | 8513 bc05 | 0766 6666 | 0f1f 8400 | 0000 0000 | 6666 6690 | 0f1f 4000 
[Verified Entry Point]
  0x0000022009ec5480: 8984 2400 | 90ff ff55 | 4883 ec60 

  0x0000022009ec548c: ;   {metadata(method data for {method} {0x0000064629ace1c0} 'flushBuffer' '()V' in 'sun/java2d/opengl/OGLRenderQueue')}
  0x0000022009ec548c: 49b8 582b | 442a 4606 | 0000 458b | 88cc 0000 | 0041 83c1 | 0245 8988 | cc00 0000 | 4181 e1fe 
  0x0000022009ec54ac: 0700 0041 | 83f9 000f | 84d6 0100 | 004c 8b42 | 1049 3b00 

  0x0000022009ec54c0: ;   {metadata(method data for {method} {0x0000064629ace1c0} 'flushBuffer' '()V' in 'sun/java2d/opengl/OGLRenderQueue')}
  0x0000022009ec54c0: 4d8b c848 | be58 2b44 | 2a46 0600 | 0048 8386 | 1001 0000 

  0x0000022009ec54d4: ;   {metadata(method data for {method} {0x0000064629ad0660} 'position' '()I' in 'sun/java2d/pipe/RenderBuffer')}
  0x0000022009ec54d4: 0149 b9c0 | 4139 2a46 | 0600 0041 | 8bb1 cc00 | 0000 83c6 | 0241 89b1 | cc00 0000 | 81e6 feff 
  0x0000022009ec54f4: 1f00 83fe | 000f 84b6 | 0100 004d | 8b48 2049 | 8b70 104c | 2bce 458b | c941 83f9 

  0x0000022009ec5510: ;   {metadata(method data for {method} {0x0000064629ace1c0} 'flushBuffer' '()V' in 'sun/java2d/opengl/OGLRenderQueue')}
  0x0000022009ec5510: 0048 bf58 | 2b44 2a46 | 0600 0048 | bb48 0100 | 0000 0000 | 000f 8e0a | 0000 0048 | bb58 0100 
  0x0000022009ec5530: 0000 0000 | 0048 8b04 | 1f48 8d40 | 0148 8904 | 1f0f 8e42 

  0x0000022009ec5544: ;   {metadata(method data for {method} {0x0000064629ace1c0} 'flushBuffer' '()V' in 'sun/java2d/opengl/OGLRenderQueue')}
  0x0000022009ec5544: 0000 0048 | bf58 2b44 | 2a46 0600 | 0048 8387 | 6801 0000 | 014c 8bc2 

  0x0000022009ec555c: ;   {metadata(method data for {method} {0x0000064629ace1c0} 'flushBuffer' '()V' in 'sun/java2d/opengl/OGLRenderQueue')}
  0x0000022009ec555c: 48bf 582b | 442a 4606 | 0000 4883 | 87a0 0100 | 0001 4c8b | c648 8bf2 | 488b d648 | 8974 2450 
  0x0000022009ec557c: ;   {optimized virtual_call}
  0x0000022009ec557c: 6666 90e8 

  0x0000022009ec5580: ; ImmutableOopMap {[80]=Oop }
                      ;*invokevirtual flushBuffer {reexecute=0 rethrow=0 return_oop=0}
                      ; - sun.java2d.opengl.OGLRenderQueue::flushBuffer@21 (line 150)
  0x0000022009ec5580: b48c 6807 | 488b 5424 | 5048 8b72 | 1048 3b06 

  0x0000022009ec5590: ;   {metadata(method data for {method} {0x0000064629ace1c0} 'flushBuffer' '()V' in 'sun/java2d/opengl/OGLRenderQueue')}
  0x0000022009ec5590: 488b fe48 | bb58 2b44 | 2a46 0600 | 0048 8383 | d801 0000 

  0x0000022009ec55a4: ;   {metadata(method data for {method} {0x0000064629ad07e0} 'clear' '()V' in 'sun/java2d/pipe/RenderBuffer')}
  0x0000022009ec55a4: 0148 bfb0 | f634 2a46 | 0600 008b | 9fcc 0000 | 0083 c302 | 899f cc00 | 0000 81e3 | feff 1f00 
  0x0000022009ec55c4: 83fb 000f | 840e 0100 | 0048 8b7e | 1048 897e | 2048 8b52 | 1848 3b02 

  0x0000022009ec55dc: ;   {metadata(method data for {method} {0x0000064629ace1c0} 'flushBuffer' '()V' in 'sun/java2d/opengl/OGLRenderQueue')}
  0x0000022009ec55dc: 488b f248 | bf58 2b44 | 2a46 0600 | 008b 7608 | 483b b720 | 0200 0075 | 0d48 8387 | 2802 0000 
  0x0000022009ec55fc: 01e9 6600 | 0000 483b | b730 0200 | 0075 0d48 | 8387 3802 | 0000 01e9 | 5000 0000 | 4881 bf20 
  0x0000022009ec561c: 0200 0000 | 0000 0075 | 1748 89b7 | 2002 0000 | 48c7 8728 | 0200 0001 | 0000 00e9 | 2c00 0000 
  0x0000022009ec563c: 4881 bf30 | 0200 0000 | 0000 0075 | 1748 89b7 | 3002 0000 | 48c7 8738 | 0200 0001 | 0000 00e9 
  0x0000022009ec565c: 0800 0000 | 4883 8710 | 0200 0001 | 0f1f 4400 | 0048 b828 | 4e07 8000 

  0x0000022009ec5674: ;   {virtual_call}
  0x0000022009ec5674: 0000 00e8 

  0x0000022009ec5678: ; ImmutableOopMap {}
                      ;*invokeinterface clear {reexecute=0 rethrow=0 return_oop=0}
                      ; - sun.java2d.opengl.OGLRenderQueue::flushBuffer@35 (line 155)
  0x0000022009ec5678: 4457 f9ff | 4883 c460 

  0x0000022009ec5680: ;   {poll_return}
  0x0000022009ec5680: 5d49 3ba7 | 5003 0000 | 0f87 7300 

  0x0000022009ec568c: ;   {metadata({method} {0x0000064629ace1c0} 'flushBuffer' '()V' in 'sun/java2d/opengl/OGLRenderQueue')}
  0x0000022009ec568c: 0000 c349 | bab8 e1ac | 2946 0600 | 004c 8954 | 2408 48c7 | 0424 ffff 

  0x0000022009ec56a4: ;   {runtime_call counter_overflow Runtime1 stub}
  0x0000022009ec56a4: ffff e8d5 

  0x0000022009ec56a8: ; ImmutableOopMap {rdx=Oop }
                      ;*synchronization entry
                      ; - sun.java2d.opengl.OGLRenderQueue::flushBuffer@-1 (line 147)
  0x0000022009ec56a8: 3a10 07e9 | 09fe ffff 

  0x0000022009ec56b0: ;   {runtime_call throw_null_pointer_exception Runtime1 stub}
  0x0000022009ec56b0: e8eb dd0f 

  0x0000022009ec56b4: ; ImmutableOopMap {rdx=Oop r8=Oop }
                      ;*invokevirtual position {reexecute=0 rethrow=0 return_oop=0}
                      ; - sun.java2d.opengl.OGLRenderQueue::flushBuffer@4 (line 147)
                      ;   {metadata({method} {0x0000064629ad0660} 'position' '()I' in 'sun/java2d/pipe/RenderBuffer')}
  0x0000022009ec56b4: 0749 ba58 | 06ad 2946 | 0600 004c | 8954 2408 | 48c7 0424 | ffff ffff 

  0x0000022009ec56cc: ;   {runtime_call counter_overflow Runtime1 stub}
  0x0000022009ec56cc: e8af 3a10 

  0x0000022009ec56d0: ; ImmutableOopMap {rdx=Oop r8=Oop }
                      ;*synchronization entry
                      ; - sun.java2d.pipe.RenderBuffer::position@-1 (line 110)
                      ; - sun.java2d.opengl.OGLRenderQueue::flushBuffer@4 (line 147)
  0x0000022009ec56d0: 07e9 29fe 

  0x0000022009ec56d4: ;   {runtime_call throw_null_pointer_exception Runtime1 stub}
  0x0000022009ec56d4: ffff e8c5 

  0x0000022009ec56d8: ; ImmutableOopMap {rdx=Oop rsi=Oop }
                      ;*invokevirtual clear {reexecute=0 rethrow=0 return_oop=0}
                      ; - sun.java2d.opengl.OGLRenderQueue::flushBuffer@28 (line 153)
                      ;   {metadata({method} {0x0000064629ad07e0} 'clear' '()V' in 'sun/java2d/pipe/RenderBuffer')}
  0x0000022009ec56d8: dd0f 0749 | bad8 07ad | 2946 0600 | 004c 8954 | 2408 48c7 | 0424 ffff 

  0x0000022009ec56f0: ;   {runtime_call counter_overflow Runtime1 stub}
  0x0000022009ec56f0: ffff e889 

  0x0000022009ec56f4: ; ImmutableOopMap {rdx=Oop rsi=Oop }
                      ;*synchronization entry
                      ; - sun.java2d.pipe.RenderBuffer::clear@-1 (line 118)
                      ; - sun.java2d.opengl.OGLRenderQueue::flushBuffer@28 (line 153)
  0x0000022009ec56f4: 3a10 07e9 | d1fe ffff 

  0x0000022009ec56fc: ;   {runtime_call throw_null_pointer_exception Runtime1 stub}
  0x0000022009ec56fc: e89f dd0f 

  0x0000022009ec5700: ; ImmutableOopMap {rdx=Oop }
                      ;*invokeinterface clear {reexecute=0 rethrow=0 return_oop=0}
                      ; - sun.java2d.opengl.OGLRenderQueue::flushBuffer@35 (line 155)
                      ;   {internal_word}
  0x0000022009ec5700: 0749 ba81 | 56ec 0920 | 0200 004d | 8997 6803 

  0x0000022009ec5710: ;   {runtime_call SafepointBlob}
  0x0000022009ec5710: 0000 e9e9 | 2206 0790 | 9049 8b87 | e003 0000 | 49c7 87e0 | 0300 0000 | 0000 0049 | c787 e803 
  0x0000022009ec5730: 0000 0000 | 0000 4883 

  0x0000022009ec5738: ;   {runtime_call unwind_exception Runtime1 stub}
  0x0000022009ec5738: c460 5de9 | 40cb 0f07 
[Stub Code]
  0x0000022009ec5740: ;   {no_reloc}
  0x0000022009ec5740: 0f1f 4400 

  0x0000022009ec5744: ;   {static_stub}
  0x0000022009ec5744: 0048 bb00 | 0000 0000 

  0x0000022009ec574c: ;   {runtime_call}
  0x0000022009ec574c: 0000 00e9 | fbff ffff 

  0x0000022009ec5754: ;   {static_stub}
  0x0000022009ec5754: 9048 bb00 | 0000 0000 

  0x0000022009ec575c: ;   {runtime_call}
  0x0000022009ec575c: 0000 00e9 | fbff ffff 
[Exception Handler]
  0x0000022009ec5764: ;   {runtime_call handle_exception_from_callee Runtime1 stub}
  0x0000022009ec5764: e817 fe0f 

  0x0000022009ec5768: ;   {external_word}
  0x0000022009ec5768: 0748 b990 | 6d41 29fe | 7f00 0048 

  0x0000022009ec5774: ;   {runtime_call MacroAssembler::debug64}
  0x0000022009ec5774: 83e4 f049 | ba30 df09 | 29fe 7f00 | 0041 ffd2 

  0x0000022009ec5784: ;   {section_word}
  0x0000022009ec5784: f449 ba85 | 57ec 0920 | 0200 0041 

  0x0000022009ec5790: ;   {runtime_call DeoptimizationBlob}
  0x0000022009ec5790: 52e9 0a15 | 0607 f4f4 
[/MachCode]


---------------  P R O C E S S  ---------------

Threads class SMR info:
_java_thread_list=0x00000646340bfbb0, length=44, elements={
0x00000646289b2880, 0x00000646289b3610, 0x00000646289dc7b0, 0x0000064628a0d530,
0x0000064628a0fe10, 0x0000064628a13ee0, 0x0000064628a183c0, 0x0000064628a22da0,
0x0000064628a2be80, 0x0000064628a134c0, 0x0000064628a12590, 0x0000064628a11b70,
0x0000064628a12aa0, 0x0000064628a12fb0, 0x0000064628a11150, 0x0000064628a10730,
0x0000064628a10c40, 0x0000064628a11660, 0x0000064628a12080, 0x0000064633fdb680,
0x0000064633fdac60, 0x0000064633fdc0a0, 0x0000064633fdd4e0, 0x0000064633fe0c90,
0x0000064633fe0780, 0x0000064633fd9d30, 0x0000064633fe0270, 0x0000064633fdbb90,
0x0000064633fdf850, 0x0000064633fdfd60, 0x0000064633fdcac0, 0x0000064633fdc5b0,
0x0000064633fdf340, 0x0000064633fd9820, 0x0000064633fddf00, 0x0000064633fda750,
0x0000064633fe11a0, 0x0000064633fda240, 0x0000064633fdb170, 0x0000064633fdcfd0,
0x0000064636c2f570, 0x0000064636c2ff90, 0x0000064636c35ab0, 0x0000064636c30ec0
}

Java Threads: ( => current thread )
  0x00000646289b2880 JavaThread "Reference Handler" daemon [_thread_blocked, id=22032, stack(0x000000c5b2d00000,0x000000c5b2e00000)]
  0x00000646289b3610 JavaThread "Finalizer" daemon [_thread_blocked, id=25536, stack(0x000000c5b2e00000,0x000000c5b2f00000)]
  0x00000646289dc7b0 JavaThread "Signal Dispatcher" daemon [_thread_blocked, id=29668, stack(0x000000c5b2f00000,0x000000c5b3000000)]
  0x0000064628a0d530 JavaThread "Attach Listener" daemon [_thread_blocked, id=29308, stack(0x000000c5b3000000,0x000000c5b3100000)]
  0x0000064628a0fe10 JavaThread "Service Thread" daemon [_thread_blocked, id=28948, stack(0x000000c5b3100000,0x000000c5b3200000)]
  0x0000064628a13ee0 JavaThread "Monitor Deflation Thread" daemon [_thread_blocked, id=39104, stack(0x000000c5b3200000,0x000000c5b3300000)]
  0x0000064628a183c0 JavaThread "C2 CompilerThread0" daemon [_thread_blocked, id=38996, stack(0x000000c5b3300000,0x000000c5b3400000)]
  0x0000064628a22da0 JavaThread "C1 CompilerThread0" daemon [_thread_blocked, id=18472, stack(0x000000c5b3400000,0x000000c5b3500000)]
  0x0000064628a2be80 JavaThread "Sweeper thread" daemon [_thread_blocked, id=6276, stack(0x000000c5b3500000,0x000000c5b3600000)]
  0x0000064628a134c0 JavaThread "Common-Cleaner" daemon [_thread_blocked, id=37576, stack(0x000000c5b3600000,0x000000c5b3700000)]
  0x0000064628a12590 JavaThread "Monitor Ctrl-Break" daemon [_thread_in_native, id=20696, stack(0x000000c5b3700000,0x000000c5b3800000)]
  0x0000064628a11b70 JavaThread "Notification Thread" daemon [_thread_blocked, id=17456, stack(0x000000c5b3800000,0x000000c5b3900000)]
=>0x0000064628a12aa0 JavaThread "Java2D Queue Flusher" daemon [_thread_in_native, id=37440, stack(0x000000c5b3a00000,0x000000c5b3b00000)]
  0x0000064628a12fb0 JavaThread "Java2D Disposer" daemon [_thread_blocked, id=39196, stack(0x000000c5b3f00000,0x000000c5b4000000)]
  0x0000064628a11150 JavaThread "AWT-Windows" daemon [_thread_in_native, id=24740, stack(0x000000c5b4300000,0x000000c5b4400000)]
  0x0000064628a10730 JavaThread "Java Sound Event Dispatcher" daemon [_thread_blocked, id=27548, stack(0x000000c5b4d00000,0x000000c5b4e00000)]
  0x0000064628a10c40 JavaThread "Direct Clip" daemon [_thread_blocked, id=4164, stack(0x000000c5b5000000,0x000000c5b5100000)]
  0x0000064628a11660 JavaThread "Direct Clip" daemon [_thread_blocked, id=35664, stack(0x000000c5b5100000,0x000000c5b5200000)]
  0x0000064628a12080 JavaThread "Direct Clip" daemon [_thread_blocked, id=35344, stack(0x000000c5b5200000,0x000000c5b5300000)]
  0x0000064633fdb680 JavaThread "Direct Clip" daemon [_thread_blocked, id=2044, stack(0x000000c5b5300000,0x000000c5b5400000)]
  0x0000064633fdac60 JavaThread "Direct Clip" daemon [_thread_blocked, id=21524, stack(0x000000c5b5400000,0x000000c5b5500000)]
  0x0000064633fdc0a0 JavaThread "Direct Clip" daemon [_thread_blocked, id=21980, stack(0x000000c5b5500000,0x000000c5b5600000)]
  0x0000064633fdd4e0 JavaThread "Direct Clip" daemon [_thread_blocked, id=16548, stack(0x000000c5b5600000,0x000000c5b5700000)]
  0x0000064633fe0c90 JavaThread "Direct Clip" daemon [_thread_blocked, id=39584, stack(0x000000c5b5700000,0x000000c5b5800000)]
  0x0000064633fe0780 JavaThread "Direct Clip" daemon [_thread_blocked, id=23012, stack(0x000000c5b5800000,0x000000c5b5900000)]
  0x0000064633fd9d30 JavaThread "Direct Clip" daemon [_thread_blocked, id=39624, stack(0x000000c5b5900000,0x000000c5b5a00000)]
  0x0000064633fe0270 JavaThread "Direct Clip" daemon [_thread_blocked, id=35128, stack(0x000000c5b5a00000,0x000000c5b5b00000)]
  0x0000064633fdbb90 JavaThread "Direct Clip" daemon [_thread_blocked, id=36504, stack(0x000000c5b4200000,0x000000c5b4300000)]
  0x0000064633fdf850 JavaThread "Direct Clip" daemon [_thread_blocked, id=4200, stack(0x000000c5b5b00000,0x000000c5b5c00000)]
  0x0000064633fdfd60 JavaThread "Direct Clip" daemon [_thread_blocked, id=28604, stack(0x000000c5b5c00000,0x000000c5b5d00000)]
  0x0000064633fdcac0 JavaThread "Direct Clip" daemon [_thread_blocked, id=36448, stack(0x000000c5b5d00000,0x000000c5b5e00000)]
  0x0000064633fdc5b0 JavaThread "Direct Clip" daemon [_thread_blocked, id=36032, stack(0x000000c5b5e00000,0x000000c5b5f00000)]
  0x0000064633fdf340 JavaThread "Direct Clip" daemon [_thread_blocked, id=35048, stack(0x000000c5b5f00000,0x000000c5b6000000)]
  0x0000064633fd9820 JavaThread "Direct Clip" daemon [_thread_blocked, id=32108, stack(0x000000c5b6000000,0x000000c5b6100000)]
  0x0000064633fddf00 JavaThread "Direct Clip" daemon [_thread_blocked, id=36900, stack(0x000000c5b6100000,0x000000c5b6200000)]
  0x0000064633fda750 JavaThread "Direct Clip" daemon [_thread_blocked, id=15756, stack(0x000000c5b6200000,0x000000c5b6300000)]
  0x0000064633fe11a0 JavaThread "Direct Clip" daemon [_thread_blocked, id=33996, stack(0x000000c5b6300000,0x000000c5b6400000)]
  0x0000064633fda240 JavaThread "AWT-Shutdown" [_thread_blocked, id=23800, stack(0x000000c5b6400000,0x000000c5b6500000)]
  0x0000064633fdb170 JavaThread "AWT-EventQueue-0" [_thread_blocked, id=34128, stack(0x000000c5b6500000,0x000000c5b6600000)]
  0x0000064633fdcfd0 JavaThread "DestroyJavaVM" [_thread_blocked, id=22920, stack(0x000000c5b2600000,0x000000c5b2700000)]
  0x0000064636c2f570 JavaThread "TimerQueue" daemon [_thread_blocked, id=27932, stack(0x000000c5b6e00000,0x000000c5b6f00000)]
  0x0000064636c2ff90 JavaThread "Thread-0" [_thread_blocked, id=33388, stack(0x000000c5b6f00000,0x000000c5b7000000)]
  0x0000064636c35ab0 JavaThread "Test" [_thread_in_vm, id=31240, stack(0x000000c5b7000000,0x000000c5b7100000)]
  0x0000064636c30ec0 JavaThread "ToolkitShutdown" daemon [_thread_in_native, id=34912, stack(0x000000c5b7200000,0x000000c5b7300000)]

Other Threads:
  0x00000646289ad520 VMThread "VM Thread" [stack: 0x000000c5b2c00000,0x000000c5b2d00000] [id=36436]
  0x000006462d2ad7e0 WatcherThread [stack: 0x000000c5b3900000,0x000000c5b3a00000] [id=6924]
  0x0000022005eaa820 GCTaskThread "GC Thread#0" [stack: 0x000000c5b2700000,0x000000c5b2800000] [id=18032]
  0x0000064633d25020 GCTaskThread "GC Thread#1" [stack: 0x000000c5b4400000,0x000000c5b4500000] [id=5488]
  0x0000064633e59020 GCTaskThread "GC Thread#2" [stack: 0x000000c5b4500000,0x000000c5b4600000] [id=22056]
  0x0000064633ec04a0 GCTaskThread "GC Thread#3" [stack: 0x000000c5b4600000,0x000000c5b4700000] [id=30144]
  0x0000064633ec0760 GCTaskThread "GC Thread#4" [stack: 0x000000c5b4700000,0x000000c5b4800000] [id=23148]
  0x0000064633f88420 GCTaskThread "GC Thread#5" [stack: 0x000000c5b4800000,0x000000c5b4900000] [id=33956]
  0x0000064633f64140 GCTaskThread "GC Thread#6" [stack: 0x000000c5b4900000,0x000000c5b4a00000] [id=29488]
  0x000006463403fb70 GCTaskThread "GC Thread#7" [stack: 0x000000c5b4a00000,0x000000c5b4b00000] [id=33192]
  0x0000064633ebf4a0 GCTaskThread "GC Thread#8" [stack: 0x000000c5b4b00000,0x000000c5b4c00000] [id=27972]
  0x0000064633f14450 GCTaskThread "GC Thread#9" [stack: 0x000000c5b4c00000,0x000000c5b4d00000] [id=39016]
  0x0000022005eade10 ConcurrentGCThread "G1 Main Marker" [stack: 0x000000c5b2800000,0x000000c5b2900000] [id=15332]
  0x0000022005eae740 ConcurrentGCThread "G1 Conc#0" [stack: 0x000000c5b2900000,0x000000c5b2a00000] [id=33816]
  0x0000064634223190 ConcurrentGCThread "G1 Conc#1" [stack: 0x000000c5b6c00000,0x000000c5b6d00000] [id=39576]
  0x00000646343e8080 ConcurrentGCThread "G1 Conc#2" [stack: 0x000000c5b6d00000,0x000000c5b6e00000] [id=30880]
  0x00000220190dc6b0 ConcurrentGCThread "G1 Refine#0" [stack: 0x000000c5b2a00000,0x000000c5b2b00000] [id=14196]
  0x0000064633fc78d0 ConcurrentGCThread "G1 Refine#1" [stack: 0x000000c5b6600000,0x000000c5b6700000] [id=22072]
  0x0000064634164c10 ConcurrentGCThread "G1 Refine#2" [stack: 0x000000c5b6700000,0x000000c5b6800000] [id=15296]
  0x0000064633f8c0d0 ConcurrentGCThread "G1 Refine#3" [stack: 0x000000c5b6800000,0x000000c5b6900000] [id=37608]
  0x00000220190dcff0 ConcurrentGCThread "G1 Service" [stack: 0x000000c5b2b00000,0x000000c5b2c00000] [id=35384]

Threads with active compile tasks:

VM state: not at safepoint (normal execution)

VM Mutex/Monitor currently owned by a thread: None

CDS archive(s) not mapped
Compressed class space mapped at: 0x0000000080000000-0x00000000c0000000, reserved size: 1073741824
Narrow klass base: 0x0000000000000000, Narrow klass shift: 0, Narrow klass range: 0xc0000000

GC Precious Log:
 CPUs: 12 total, 12 available
 Memory: 16254M
 Large Page Support: Disabled
 NUMA Support: Disabled
 Compressed Oops: Disabled
 Heap Region Size: 32M
 Heap Min Capacity: 32M
 Heap Initial Capacity: 256M
 Heap Max Capacity: 4096G
 Pre-touch: Disabled
 Parallel Workers: 10
 Concurrent Workers: 3
 Concurrent Refinement Workers: 10
 Periodic GC: Disabled

Heap:
 garbage-first heap   total 557056K, used 249907K [0x000002201a000000, 0x000006201a000000)
  region size 32768K, 2 young (65536K), 1 survivors (32768K)
 Metaspace       used 23289K, committed 23552K, reserved 1114112K
  class space    used 2373K, committed 2496K, reserved 1048576K

Heap Regions: E=young(eden), S=young(survivor), O=old, HS=humongous(starts), HC=humongous(continues), CS=collection set, F=free, OA=open archive, CA=closed archive, TAMS=top-at-mark-start (previous, next)
|   0|0x000002201a000000, 0x000002201c000000, 0x000002201c000000|100%| O|  |TAMS 0x000002201c000000, 0x000002201a000000| Complete 
|   1|0x000002201c000000, 0x000002201e000000, 0x000002201e000000|100%|HS|  |TAMS 0x000002201e000000, 0x000002201c000000| Complete 
|   2|0x000002201e000000, 0x0000022020000000, 0x0000022020000000|100%| O|  |TAMS 0x0000022020000000, 0x000002201e000000| Complete 
|   3|0x0000022020000000, 0x0000022022000000, 0x0000022022000000|100%| O|  |TAMS 0x0000022022000000, 0x0000022020000000| Untracked 
|   4|0x0000022022000000, 0x0000022024000000, 0x0000022024000000|100%| O|  |TAMS 0x0000022024000000, 0x0000022022000000| Untracked 
|   5|0x0000022024000000, 0x0000022026000000, 0x0000022026000000|100%| O|  |TAMS 0x0000022026000000, 0x0000022024000000| Untracked 
|   6|0x0000022026000000, 0x0000022028000000, 0x0000022028000000|100%| O|  |TAMS 0x000002202706f000, 0x0000022026000000| Untracked 
|   7|0x0000022028000000, 0x0000022029192e00, 0x000002202a000000| 54%| O|  |TAMS 0x0000022028000000, 0x0000022028000000| Untracked 
|   8|0x000002202a000000, 0x000002202a000000, 0x000002202c000000|  0%| F|  |TAMS 0x000002202a000000, 0x000002202a000000| Untracked 
|   9|0x000002202c000000, 0x000002202c000000, 0x000002202e000000|  0%| F|  |TAMS 0x000002202c000000, 0x000002202c000000| Untracked 
|  10|0x000002202e000000, 0x000002202e000000, 0x0000022030000000|  0%| F|  |TAMS 0x000002202e000000, 0x000002202e000000| Untracked 
|  11|0x0000022030000000, 0x0000022030000000, 0x0000022032000000|  0%| F|  |TAMS 0x0000022030000000, 0x0000022030000000| Untracked 
|  12|0x0000022032000000, 0x0000022032000000, 0x0000022034000000|  0%| F|  |TAMS 0x0000022032000000, 0x0000022032000000| Untracked 
|  13|0x0000022034000000, 0x0000022034000000, 0x0000022036000000|  0%| F|  |TAMS 0x0000022034000000, 0x0000022034000000| Untracked 
|  14|0x0000022036000000, 0x000002203627a1d0, 0x0000022038000000|  7%| S|CS|TAMS 0x0000022036000000, 0x0000022036000000| Complete 
|  15|0x0000022038000000, 0x0000022038000000, 0x000002203a000000|  0%| F|  |TAMS 0x0000022038000000, 0x0000022038000000| Untracked 
|  16|0x000002203a000000, 0x000002203b0efab8, 0x000002203c000000| 52%| E|  |TAMS 0x000002203a000000, 0x000002203a000000| Complete 

Card table byte_map: [0x0000062222020000,0x0000062422020000] _byte_map_base: 0x0000062111f50000

Marking Bits (Prev, Next): (CMBitMap*) 0x0000022005eabda0, (CMBitMap*) 0x0000022005eabd60
 Prev Bits: [0x0000063622020000, 0x0000064622020000)
 Next Bits: [0x0000062622020000, 0x0000063622020000)

Polling page: 0x0000022003d10000

Metaspace:

Usage:
  Non-class:     20.43 MB used.
      Class:      2.32 MB used.
       Both:     22.74 MB used.

Virtual space:
  Non-class space:       64.00 MB reserved,      20.56 MB ( 32%) committed,  1 nodes.
      Class space:        1.00 GB reserved,       2.44 MB ( <1%) committed,  1 nodes.
             Both:        1.06 GB reserved,      23.00 MB (  2%) committed. 

Chunk freelists:
   Non-Class:  10.98 MB
       Class:  13.59 MB
        Both:  24.57 MB

MaxMetaspaceSize: unlimited
CompressedClassSpaceSize: 1.00 GB
Initial GC threshold: 21.00 MB
Current GC threshold: 35.12 MB
CDS: off
MetaspaceReclaimPolicy: balanced
 - commit_granule_bytes: 65536.
 - commit_granule_words: 8192.
 - virtual_space_node_default_size: 8388608.
 - enlarge_chunks_in_place: 1.
 - new_chunks_are_fully_committed: 0.
 - uncommit_free_chunks: 1.
 - use_allocation_guard: 0.
 - handle_deallocations: 1.


Internal statistics:

num_allocs_failed_limit: 3.
num_arena_births: 270.
num_arena_deaths: 0.
num_vsnodes_births: 2.
num_vsnodes_deaths: 0.
num_space_committed: 368.
num_space_uncommitted: 0.
num_chunks_returned_to_freelist: 3.
num_chunks_taken_from_freelist: 412.
num_chunk_merges: 0.
num_chunk_splits: 232.
num_chunks_enlarged: 112.
num_inconsistent_stats: 0.

CodeHeap 'non-profiled nmethods': size=120000Kb used=1381Kb max_used=1381Kb free=118618Kb
 bounds [0x0000022011470000, 0x00000220116e0000, 0x00000220189a0000]
CodeHeap 'profiled nmethods': size=120000Kb used=5836Kb max_used=5836Kb free=114163Kb
 bounds [0x00000220099a0000, 0x0000022009f60000, 0x0000022010ed0000]
CodeHeap 'non-nmethods': size=5760Kb used=1321Kb max_used=1396Kb free=4438Kb
 bounds [0x0000022010ed0000, 0x0000022011140000, 0x0000022011470000]
 total_blobs=3806 nmethods=3148 adapters=569
 compilation: enabled
              stopped_count=0, restarted_count=0
 full_count=0

Compilation events (20 events):
Event: 20.043 Thread 0x0000064628a22da0 3140       3       net.sendback.util.Session::update (8 bytes)
Event: 20.044 Thread 0x0000064628a22da0 nmethod 3140 0x0000022009f49590 code [0x0000022009f49740, 0x0000022009f49888]
Event: 20.044 Thread 0x0000064628a22da0 3141       3       net.sendback.objects.entity.Player::update (1363 bytes)
Event: 20.048 Thread 0x0000064628a22da0 nmethod 3141 0x0000022009f49990 code [0x0000022009f4a080, 0x0000022009f4def8]
Event: 20.069 Thread 0x0000064628a22da0 3142       3       java.util.WeakHashMap::get (75 bytes)
Event: 20.069 Thread 0x0000064628a22da0 nmethod 3142 0x0000022009f4f610 code [0x0000022009f4f840, 0x0000022009f500f8]
Event: 20.076 Thread 0x0000064628a183c0 3143       4       java.lang.ref.SoftReference::get (29 bytes)
Event: 20.078 Thread 0x0000064628a183c0 nmethod 3143 0x00000220115c9390 code [0x00000220115c9500, 0x00000220115c95f8]
Event: 20.110 Thread 0x0000064628a22da0 3145       3       java.awt.Component$FlipBufferStrategy::updateInternalBuffers (38 bytes)
Event: 20.110 Thread 0x0000064628a22da0 nmethod 3145 0x0000022009f50490 code [0x0000022009f50680, 0x0000022009f50d58]
Event: 20.110 Thread 0x0000064628a22da0 3147       3       sun.java2d.loops.MaskFill::getFromCache (46 bytes)
Event: 20.111 Thread 0x0000064628a22da0 nmethod 3147 0x0000022009f50f10 code [0x0000022009f51100, 0x0000022009f515c8]
Event: 20.111 Thread 0x0000064628a22da0 3149       3       net.sendback.util.Settings::getBoolean (13 bytes)
Event: 20.111 Thread 0x0000064628a22da0 nmethod 3149 0x0000022009f51790 code [0x0000022009f51940, 0x0000022009f51b68]
Event: 20.111 Thread 0x0000064628a22da0 3146       3       net.sendback.util.Settings::getInt (13 bytes)
Event: 20.111 Thread 0x0000064628a22da0 nmethod 3146 0x0000022009f51c90 code [0x0000022009f51e40, 0x0000022009f52068]
Event: 20.111 Thread 0x0000064628a22da0 3144       3       java.awt.Component$FlipBufferStrategy::getDrawGraphics (12 bytes)
Event: 20.111 Thread 0x0000064628a22da0 nmethod 3144 0x0000022009f52190 code [0x0000022009f52340, 0x0000022009f525b8]
Event: 20.111 Thread 0x0000064628a22da0 3148       3       net.sendback.objects.entity.Player::getTexture (218 bytes)
Event: 20.111 Thread 0x0000064628a22da0 nmethod 3148 0x0000022009f52690 code [0x0000022009f528a0, 0x0000022009f53198]

GC Heap History (20 events):
Event: 1.152 GC heap before
{Heap before GC invocations=0 (full 0):
 garbage-first heap   total 262144K, used 0K [0x000002201a000000, 0x000006201a000000)
  region size 32768K, 1 young (32768K), 0 survivors (0K)
 Metaspace       used 16502K, committed 16704K, reserved 1114112K
  class space    used 1554K, committed 1664K, reserved 1048576K
}
Event: 1.162 GC heap after
{Heap after GC invocations=1 (full 0):
 garbage-first heap   total 262144K, used 6075K [0x000002201a000000, 0x000006201a000000)
  region size 32768K, 1 young (32768K), 1 survivors (32768K)
 Metaspace       used 16502K, committed 16704K, reserved 1114112K
  class space    used 1554K, committed 1664K, reserved 1048576K
}
Event: 1.306 GC heap before
{Heap before GC invocations=1 (full 0):
 garbage-first heap   total 262144K, used 38843K [0x000002201a000000, 0x000006201a000000)
  region size 32768K, 2 young (65536K), 1 survivors (32768K)
 Metaspace       used 16576K, committed 16832K, reserved 1114112K
  class space    used 1557K, committed 1664K, reserved 1048576K
}
Event: 1.314 GC heap after
{Heap after GC invocations=2 (full 0):
 garbage-first heap   total 262144K, used 15488K [0x000002201a000000, 0x000006201a000000)
  region size 32768K, 1 young (32768K), 1 survivors (32768K)
 Metaspace       used 16576K, committed 16832K, reserved 1114112K
  class space    used 1557K, committed 1664K, reserved 1048576K
}
Event: 1.643 GC heap before
{Heap before GC invocations=2 (full 0):
 garbage-first heap   total 262144K, used 48256K [0x000002201a000000, 0x000006201a000000)
  region size 32768K, 2 young (65536K), 1 survivors (32768K)
 Metaspace       used 16585K, committed 16832K, reserved 1114112K
  class space    used 1557K, committed 1664K, reserved 1048576K
}
Event: 1.662 GC heap after
{Heap after GC invocations=3 (full 0):
 garbage-first heap   total 262144K, used 31252K [0x000002201a000000, 0x000006201a000000)
  region size 32768K, 1 young (32768K), 1 survivors (32768K)
 Metaspace       used 16585K, committed 16832K, reserved 1114112K
  class space    used 1557K, committed 1664K, reserved 1048576K
}
Event: 1.694 GC heap before
{Heap before GC invocations=3 (full 0):
 garbage-first heap   total 262144K, used 31252K [0x000002201a000000, 0x000006201a000000)
  region size 32768K, 2 young (65536K), 1 survivors (32768K)
 Metaspace       used 16585K, committed 16832K, reserved 1114112K
  class space    used 1557K, committed 1664K, reserved 1048576K
}
Event: 1.714 GC heap after
{Heap after GC invocations=4 (full 0):
 garbage-first heap   total 262144K, used 47313K [0x000002201a000000, 0x000006201a000000)
  region size 32768K, 1 young (32768K), 1 survivors (32768K)
 Metaspace       used 16585K, committed 16832K, reserved 1114112K
  class space    used 1557K, committed 1664K, reserved 1048576K
}
Event: 1.933 GC heap before
{Heap before GC invocations=4 (full 0):
 garbage-first heap   total 262144K, used 80081K [0x000002201a000000, 0x000006201a000000)
  region size 32768K, 2 young (65536K), 1 survivors (32768K)
 Metaspace       used 16936K, committed 17152K, reserved 1114112K
  class space    used 1608K, committed 1728K, reserved 1048576K
}
Event: 1.947 GC heap after
{Heap after GC invocations=5 (full 0):
 garbage-first heap   total 262144K, used 129845K [0x000002201a000000, 0x000006201a000000)
  region size 32768K, 1 young (32768K), 1 survivors (32768K)
 Metaspace       used 16936K, committed 17152K, reserved 1114112K
  class space    used 1608K, committed 1728K, reserved 1048576K
}
Event: 1.974 GC heap before
{Heap before GC invocations=5 (full 0):
 garbage-first heap   total 262144K, used 129845K [0x000002201a000000, 0x000006201a000000)
  region size 32768K, 2 young (65536K), 1 survivors (32768K)
 Metaspace       used 16940K, committed 17152K, reserved 1114112K
  class space    used 1608K, committed 1728K, reserved 1048576K
}
Event: 1.988 GC heap after
{Heap after GC invocations=6 (full 0):
 garbage-first heap   total 557056K, used 156120K [0x000002201a000000, 0x000006201a000000)
  region size 32768K, 1 young (32768K), 1 survivors (32768K)
 Metaspace       used 16940K, committed 17152K, reserved 1114112K
  class space    used 1608K, committed 1728K, reserved 1048576K
}
Event: 2.156 GC heap before
{Heap before GC invocations=6 (full 0):
 garbage-first heap   total 557056K, used 188888K [0x000002201a000000, 0x000006201a000000)
  region size 32768K, 2 young (65536K), 1 survivors (32768K)
 Metaspace       used 17377K, committed 17600K, reserved 1114112K
  class space    used 1664K, committed 1792K, reserved 1048576K
}
Event: 2.174 GC heap after
{Heap after GC invocations=7 (full 0):
 garbage-first heap   total 557056K, used 176324K [0x000002201a000000, 0x000006201a000000)
  region size 32768K, 1 young (32768K), 1 survivors (32768K)
 Metaspace       used 17377K, committed 17600K, reserved 1114112K
  class space    used 1664K, committed 1792K, reserved 1048576K
}
Event: 3.122 GC heap before
{Heap before GC invocations=7 (full 0):
 garbage-first heap   total 557056K, used 241860K [0x000002201a000000, 0x000006201a000000)
  region size 32768K, 3 young (98304K), 1 survivors (32768K)
 Metaspace       used 18719K, committed 18944K, reserved 1114112K
  class space    used 1821K, committed 1920K, reserved 1048576K
}
Event: 3.146 GC heap after
{Heap after GC invocations=8 (full 0):
 garbage-first heap   total 557056K, used 246204K [0x000002201a000000, 0x000006201a000000)
  region size 32768K, 1 young (32768K), 1 survivors (32768K)
 Metaspace       used 18719K, committed 18944K, reserved 1114112K
  class space    used 1821K, committed 1920K, reserved 1048576K
}
Event: 4.088 GC heap before
{Heap before GC invocations=8 (full 0):
 garbage-first heap   total 557056K, used 246204K [0x000002201a000000, 0x000006201a000000)
  region size 32768K, 2 young (65536K), 1 survivors (32768K)
 Metaspace       used 21187K, committed 21504K, reserved 1114112K
  class space    used 2201K, committed 2368K, reserved 1048576K
}
Event: 4.101 GC heap after
{Heap after GC invocations=9 (full 0):
 garbage-first heap   total 557056K, used 252008K [0x000002201a000000, 0x000006201a000000)
  region size 32768K, 1 young (32768K), 1 survivors (32768K)
 Metaspace       used 21187K, committed 21504K, reserved 1114112K
  class space    used 2201K, committed 2368K, reserved 1048576K
}
Event: 16.760 GC heap before
{Heap before GC invocations=10 (full 0):
 garbage-first heap   total 557056K, used 284776K [0x000002201a000000, 0x000006201a000000)
  region size 32768K, 2 young (65536K), 1 survivors (32768K)
 Metaspace       used 23191K, committed 23488K, reserved 1114112K
  class space    used 2371K, committed 2496K, reserved 1048576K
}
Event: 16.768 GC heap after
{Heap after GC invocations=11 (full 0):
 garbage-first heap   total 557056K, used 249907K [0x000002201a000000, 0x000006201a000000)
  region size 32768K, 1 young (32768K), 1 survivors (32768K)
 Metaspace       used 23191K, committed 23488K, reserved 1114112K
  class space    used 2371K, committed 2496K, reserved 1048576K
}

Dll operation events (3 events):
Event: 0.011 Loaded shared library C:\Users\bader\.jdks\jbrsdk_jcef-17.0.9\bin\java.dll
Event: 0.117 Loaded shared library C:\Users\bader\.jdks\jbrsdk_jcef-17.0.9\bin\jsvml.dll
Event: 0.226 Loaded shared library C:\Users\bader\.jdks\jbrsdk_jcef-17.0.9\bin\zip.dll

Deoptimization events (20 events):
Event: 15.011 Thread 0x0000064636c2ff90 DEOPT PACKING pc=0x0000022011578ccc sp=0x000000c5b6ffee40
Event: 15.011 Thread 0x0000064636c2ff90 DEOPT UNPACKING pc=0x0000022010f269a3 sp=0x000000c5b6ffe988 mode 2
Event: 15.012 Thread 0x0000064636c2ff90 Uncommon trap: trap_request=0xffffff5c fr.pc=0x0000022011576394 relative=0x00000000000005d4
Event: 15.012 Thread 0x0000064636c2ff90 Uncommon trap: reason=speculate_null_check action=make_not_entrant pc=0x0000022011576394 method=java.util.Objects.hashCode(Ljava/lang/Object;)I @ 1 c2
Event: 15.012 Thread 0x0000064636c2ff90 DEOPT PACKING pc=0x0000022011576394 sp=0x000000c5b6ffed90
Event: 15.012 Thread 0x0000064636c2ff90 DEOPT UNPACKING pc=0x0000022010f269a3 sp=0x000000c5b6ffea60 mode 2
Event: 15.027 Thread 0x0000064636c2ff90 Uncommon trap: trap_request=0xffffff45 fr.pc=0x00000220115912ac relative=0x000000000000050c
Event: 15.027 Thread 0x0000064636c2ff90 Uncommon trap: reason=unstable_if action=reinterpret pc=0x00000220115912ac method=net.sendback.util.components.menus.GameCanvas.getTexture([[Lnet/sendback/objects/Tile;II)Ljava/awt/image/BufferedImage; @ 190 c2
Event: 15.027 Thread 0x0000064636c2ff90 DEOPT PACKING pc=0x00000220115912ac sp=0x000000c5b6fff540
Event: 15.027 Thread 0x0000064636c2ff90 DEOPT UNPACKING pc=0x0000022010f269a3 sp=0x000000c5b6fff4e8 mode 2
Event: 15.027 Thread 0x0000064636c2ff90 Uncommon trap: trap_request=0xffffff45 fr.pc=0x0000022011580248 relative=0x0000000000001ee8
Event: 15.027 Thread 0x0000064636c2ff90 Uncommon trap: reason=unstable_if action=reinterpret pc=0x0000022011580248 method=sun.java2d.opengl.OGLDrawImage.renderImageXform(Lsun/java2d/SunGraphics2D;Ljava/awt/Image;Ljava/awt/geom/AffineTransform;IIIIILjava/awt/Color;)V @ 50 c2
Event: 15.027 Thread 0x0000064636c2ff90 DEOPT PACKING pc=0x0000022011580248 sp=0x000000c5b6fff330
Event: 15.027 Thread 0x0000064636c2ff90 DEOPT UNPACKING pc=0x0000022010f269a3 sp=0x000000c5b6fff0c8 mode 2
Event: 15.045 Thread 0x0000064636c2ff90 Uncommon trap: trap_request=0xffffff45 fr.pc=0x0000022011593ef4 relative=0x0000000000001534
Event: 15.045 Thread 0x0000064636c2ff90 Uncommon trap: reason=unstable_if action=reinterpret pc=0x0000022011593ef4 method=sun.java2d.opengl.OGLDrawImage.renderImageXform(Lsun/java2d/SunGraphics2D;Ljava/awt/Image;Ljava/awt/geom/AffineTransform;IIIIILjava/awt/Color;)V @ 50 c2
Event: 15.045 Thread 0x0000064636c2ff90 DEOPT PACKING pc=0x0000022011593ef4 sp=0x000000c5b6fff1e0
Event: 15.045 Thread 0x0000064636c2ff90 DEOPT UNPACKING pc=0x0000022010f269a3 sp=0x000000c5b6fff110 mode 2
Event: 18.103 Thread 0x0000064636c2ff90 DEOPT PACKING pc=0x0000022009ef0dcb sp=0x000000c5b6fff4d0
Event: 18.103 Thread 0x0000064636c2ff90 DEOPT UNPACKING pc=0x0000022010f27143 sp=0x000000c5b6ffea68 mode 0

Classes unloaded (0 events):
No events

Classes redefined (0 events):
No events

Internal exceptions (20 events):
Event: 1.099 Thread 0x0000022005dee0d0 Exception <a 'java/lang/NoSuchMethodError'{0x00000220298a20f8}: 'int java.lang.invoke.DirectMethodHandle$Holder.invokeStaticInit(java.lang.Object, float, float)'> (0x00000220298a20f8) 
thrown [s\src\hotspot\share\interpreter\linkResolver.cpp, line 771]
Event: 1.099 Thread 0x0000022005dee0d0 Exception <a 'java/lang/NoSuchMethodError'{0x00000220298aade8}: 'int java.lang.invoke.DirectMethodHandle$Holder.invokeStaticInit(java.lang.Object, double, double)'> (0x00000220298aade8) 
thrown [s\src\hotspot\share\interpreter\linkResolver.cpp, line 771]
Event: 1.100 Thread 0x0000022005dee0d0 Exception <a 'java/lang/NoSuchMethodError'{0x00000220298b08b8}: 'int java.lang.invoke.DirectMethodHandle$Holder.invokeStatic(java.lang.Object, long)'> (0x00000220298b08b8) 
thrown [s\src\hotspot\share\interpreter\linkResolver.cpp, line 771]
Event: 1.104 Thread 0x0000022005dee0d0 Exception <a 'java/lang/NoSuchMethodError'{0x00000220298dfbd0}: 'int java.lang.invoke.Invokers$Holder.linkToTargetMethod(java.lang.Object, java.lang.Object)'> (0x00000220298dfbd0) 
thrown [s\src\hotspot\share\interpreter\linkResolver.cpp, line 771]
Event: 2.437 Thread 0x0000022005dee0d0 Exception <a 'java/lang/NoSuchMethodError'{0x000002203b109f40}: 'void java.lang.invoke.DirectMethodHandle$Holder.invokeSpecial(java.lang.Object, java.lang.Object, java.lang.Object)'> (0x000002203b109f40) 
thrown [s\src\hotspot\share\interpreter\linkResolver.cpp, line 771]
Event: 3.096 Thread 0x0000022005dee0d0 Exception <a 'java/lang/NoSuchMethodError'{0x0000022037db88f8}: 'void java.lang.invoke.DirectMethodHandle$Holder.invokeStaticInit(java.lang.Object)'> (0x0000022037db88f8) 
thrown [s\src\hotspot\share\interpreter\linkResolver.cpp, line 771]
Event: 3.150 Thread 0x0000064633fdb170 Exception <a 'java/lang/NoSuchMethodError'{0x000002203a01d9a8}: 'java.lang.Object java.lang.invoke.DirectMethodHandle$Holder.newInvokeSpecial(java.lang.Object, java.lang.Object, java.lang.Object, java.lang.Object, java.lang.Object)'> (0x000002203a01d9a8) 
thrown [s\src\hotspot\share\interpreter\linkResolver.cpp, line 771]
Event: 3.151 Thread 0x0000064633fdb170 Exception <a 'java/lang/NoSuchMethodError'{0x000002203a02c4f0}: 'java.lang.Object java.lang.invoke.DirectMethodHandle$Holder.invokeStatic(java.lang.Object, int, java.lang.Object, java.lang.Object, java.lang.Object, java.lang.Object)'> (0x000002203a02c4f0) 
thrown [s\src\hotspot\share\interpreter\linkResolver.cpp, line 771]
Event: 3.176 Thread 0x0000064633fdb170 Exception <a 'java/lang/ClassNotFoundException'{0x000002203a14b788}: com/sun/swing/internal/plaf/metal/resources/spi/metalProvider> (0x000002203a14b788) 
thrown [s\src\hotspot\share\classfile\systemDictionary.cpp, line 256]
Event: 3.177 Thread 0x0000064633fdb170 Exception <a 'java/lang/ClassNotFoundException'{0x000002203a1516e0}: com/sun/swing/internal/plaf/basic/resources/spi/basicProvider> (0x000002203a1516e0) 
thrown [s\src\hotspot\share\classfile\systemDictionary.cpp, line 256]
Event: 3.182 Thread 0x0000064633fdb170 Exception <a 'java/lang/NoSuchMethodError'{0x000002203a18c528}: 'java.lang.Object java.lang.invoke.Invokers$Holder.linkToTargetMethod(java.lang.Object, int, java.lang.Object, java.lang.Object, java.lang.Object)'> (0x000002203a18c528) 
thrown [s\src\hotspot\share\interpreter\linkResolver.cpp, line 771]
Event: 3.212 Thread 0x0000064628a11150 Exception <a 'java/lang/NoSuchMethodError'{0x000002203a1e44d0}: 'void java.lang.invoke.DirectMethodHandle$Holder.invokeVirtual(java.lang.Object, java.lang.Object)'> (0x000002203a1e44d0) 
thrown [s\src\hotspot\share\interpreter\linkResolver.cpp, line 771]
Event: 3.238 Thread 0x0000064633fdb170 Exception <a 'java/lang/NoSuchMethodError'{0x000002203a26d758}: 'java.lang.Object java.lang.invoke.DirectMethodHandle$Holder.newInvokeSpecial(java.lang.Object, java.lang.Object, int, int, int, int)'> (0x000002203a26d758) 
thrown [s\src\hotspot\share\interpreter\linkResolver.cpp, line 771]
Event: 3.242 Thread 0x0000064633fdb170 Exception <a 'java/lang/NoSuchMethodError'{0x000002203a27f4a8}: 'void java.lang.invoke.DirectMethodHandle$Holder.invokeSpecial(java.lang.Object, java.lang.Object, int, int)'> (0x000002203a27f4a8) 
thrown [s\src\hotspot\share\interpreter\linkResolver.cpp, line 771]
Event: 3.242 Thread 0x0000064633fdb170 Exception <a 'java/lang/NoSuchMethodError'{0x000002203a287568}: 'java.lang.Object java.lang.invoke.DirectMethodHandle$Holder.newInvokeSpecial(java.lang.Object, java.lang.Object, int, int)'> (0x000002203a287568) 
thrown [s\src\hotspot\share\interpreter\linkResolver.cpp, line 771]
Event: 3.440 Thread 0x0000064633fdb170 Exception <a 'java/lang/NoSuchMethodError'{0x000002203a393140}: 'java.lang.Object java.lang.invoke.Invokers$Holder.invoke_MT(java.lang.Object, java.lang.Object, java.lang.Object)'> (0x000002203a393140) 
thrown [s\src\hotspot\share\interpreter\linkResolver.cpp, line 771]
Event: 3.442 Thread 0x0000064633fdb170 Exception <a 'java/lang/NoSuchMethodError'{0x000002203a3a1898}: 'int java.lang.invoke.Invokers$Holder.invoke_MT(java.lang.Object, java.lang.Object, java.lang.Object)'> (0x000002203a3a1898) 
thrown [s\src\hotspot\share\interpreter\linkResolver.cpp, line 771]
Event: 4.496 Thread 0x0000064633fdb170 Exception <a 'java/lang/NoSuchMethodError'{0x000002203a072ef8}: 'void java.lang.invoke.DirectMethodHandle$Holder.invokeStatic(java.lang.Object, java.lang.Object, java.lang.Object)'> (0x000002203a072ef8) 
thrown [s\src\hotspot\share\interpreter\linkResolver.cpp, line 771]
Event: 15.011 Thread 0x0000064636c2ff90 Implicit null exception at 0x0000022011578072 to 0x0000022011578ca0
Event: 15.012 Thread 0x0000064636c2ff90 Implicit null exception at 0x0000022011575e00 to 0x0000022011576384

VM Operations (20 events):
Event: 9.598 Executing VM operation: Cleanup
Event: 9.598 Executing VM operation: Cleanup done
Event: 10.606 Executing VM operation: Cleanup
Event: 10.606 Executing VM operation: Cleanup done
Event: 11.620 Executing VM operation: Cleanup
Event: 11.620 Executing VM operation: Cleanup done
Event: 12.634 Executing VM operation: Cleanup
Event: 12.634 Executing VM operation: Cleanup done
Event: 13.645 Executing VM operation: Cleanup
Event: 13.646 Executing VM operation: Cleanup done
Event: 14.657 Executing VM operation: Cleanup
Event: 14.657 Executing VM operation: Cleanup done
Event: 15.661 Executing VM operation: Cleanup
Event: 15.661 Executing VM operation: Cleanup done
Event: 16.760 Executing VM operation: G1CollectForAllocation
Event: 16.768 Executing VM operation: G1CollectForAllocation done
Event: 17.775 Executing VM operation: Cleanup
Event: 17.775 Executing VM operation: Cleanup done
Event: 18.790 Executing VM operation: Cleanup
Event: 18.791 Executing VM operation: Cleanup done

Events (20 events):
Event: 14.414 loading class java/awt/image/BufferedImageOp
Event: 14.414 loading class java/awt/image/BufferedImageOp done
Event: 14.568 loading class jdk/internal/math/FDBigInteger
Event: 14.569 loading class jdk/internal/math/FDBigInteger done
Event: 14.755 Thread 0x0000064633a70380 Thread exited: 0x0000064633a70380
Event: 15.009 loading class java/lang/NoSuchFieldError
Event: 15.009 loading class java/lang/NoSuchFieldError done
Event: 15.009 loading class javax/swing/JInternalFrame
Event: 15.010 loading class javax/swing/JInternalFrame done
Event: 20.161 Thread 0x0000064636c30ec0 Thread added: 0x0000064636c30ec0
Event: 20.161 Thread 0x0000064636c318e0 Thread added: 0x0000064636c318e0
Event: 20.161 Thread 0x0000064636c313d0 Thread added: 0x0000064636c313d0
Event: 20.162 loading class java/util/WeakHashMap$KeyIterator
Event: 20.162 loading class java/util/WeakHashMap$HashIterator
Event: 20.162 loading class java/util/WeakHashMap$HashIterator done
Event: 20.162 loading class java/util/WeakHashMap$KeyIterator done
Event: 20.162 loading class sun/font/SunFontManager$8$1
Event: 20.162 Thread 0x0000064636c318e0 Thread exited: 0x0000064636c318e0
Event: 20.162 loading class sun/font/SunFontManager$8$1 done
Event: 20.165 Thread 0x0000064636c313d0 Thread exited: 0x0000064636c313d0


Dynamic libraries:
0x00007ff7d9cd0000 - 0x00007ff7d9cda000 	C:\Users\bader\.jdks\jbrsdk_jcef-17.0.9\bin\java.exe
0x00007ffed6e90000 - 0x00007ffed7088000 	C:\Windows\SYSTEM32\ntdll.dll
0x00007ffed4f20000 - 0x00007ffed4fe2000 	C:\Windows\System32\KERNEL32.DLL
0x00007ffed4960000 - 0x00007ffed4c5e000 	C:\Windows\System32\KERNELBASE.dll
0x00007ffed4db0000 - 0x00007ffed4eb0000 	C:\Windows\System32\ucrtbase.dll
0x00007ffed08b0000 - 0x00007ffed08c7000 	C:\Users\bader\.jdks\jbrsdk_jcef-17.0.9\bin\jli.dll
0x00007ffebdcc0000 - 0x00007ffebdcdb000 	C:\Users\bader\.jdks\jbrsdk_jcef-17.0.9\bin\VCRUNTIME140.dll
0x00007ffed6bd0000 - 0x00007ffed6d6d000 	C:\Windows\System32\USER32.dll
0x00007ffeba210000 - 0x00007ffeba4aa000 	C:\Windows\WinSxS\amd64_microsoft.windows.common-controls_6595b64144ccf1df_6.0.19041.4355_none_60b8b9eb71f62e16\COMCTL32.dll
0x00007ffed4650000 - 0x00007ffed4672000 	C:\Windows\System32\win32u.dll
0x00007ffed67d0000 - 0x00007ffed686e000 	C:\Windows\System32\msvcrt.dll
0x00007ffed61a0000 - 0x00007ffed61cb000 	C:\Windows\System32\GDI32.dll
0x00007ffed4530000 - 0x00007ffed4647000 	C:\Windows\System32\gdi32full.dll
0x00007ffed4d10000 - 0x00007ffed4dad000 	C:\Windows\System32\msvcp_win.dll
0x00007ffed6100000 - 0x00007ffed612f000 	C:\Windows\System32\IMM32.DLL
0x00007ffeb9d20000 - 0x00007ffeb9d2c000 	C:\Users\bader\.jdks\jbrsdk_jcef-17.0.9\bin\vcruntime140_1.dll
0x00007ffe91610000 - 0x00007ffe9169d000 	C:\Users\bader\.jdks\jbrsdk_jcef-17.0.9\bin\msvcp140.dll
0x00007ffe28ae0000 - 0x00007ffe29762000 	C:\Users\bader\.jdks\jbrsdk_jcef-17.0.9\bin\server\jvm.dll
0x00007ffed6d90000 - 0x00007ffed6e41000 	C:\Windows\System32\ADVAPI32.dll
0x00007ffed5e40000 - 0x00007ffed5edf000 	C:\Windows\System32\sechost.dll
0x00007ffed62a0000 - 0x00007ffed63c3000 	C:\Windows\System32\RPCRT4.dll
0x00007ffed4760000 - 0x00007ffed4787000 	C:\Windows\System32\bcrypt.dll
0x00007ffed3a60000 - 0x00007ffed3aab000 	C:\Windows\SYSTEM32\POWRPROF.dll
0x00007ffebb4b0000 - 0x00007ffebb4b9000 	C:\Windows\SYSTEM32\WSOCK32.dll
0x00007ffeb9a40000 - 0x00007ffeb9a67000 	C:\Windows\SYSTEM32\WINMM.dll
0x00007ffecd650000 - 0x00007ffecd65a000 	C:\Windows\SYSTEM32\VERSION.dll
0x00007ffed6090000 - 0x00007ffed60fb000 	C:\Windows\System32\WS2_32.dll
0x00007ffed3930000 - 0x00007ffed3942000 	C:\Windows\SYSTEM32\UMPDC.dll
0x00007ffed23b0000 - 0x00007ffed23c2000 	C:\Windows\SYSTEM32\kernel.appcore.dll
0x00007ffeb9d10000 - 0x00007ffeb9d1a000 	C:\Users\bader\.jdks\jbrsdk_jcef-17.0.9\bin\jimage.dll
0x00007ffed1cc0000 - 0x00007ffed1ea4000 	C:\Windows\SYSTEM32\DBGHELP.DLL
0x00007ffec4470000 - 0x00007ffec44a4000 	C:\Windows\SYSTEM32\dbgcore.DLL
0x00007ffed46d0000 - 0x00007ffed4752000 	C:\Windows\System32\bcryptPrimitives.dll
0x00007ffed0880000 - 0x00007ffed088e000 	C:\Users\bader\.jdks\jbrsdk_jcef-17.0.9\bin\instrument.dll
0x00007ffeb9ce0000 - 0x00007ffeb9d05000 	C:\Users\bader\.jdks\jbrsdk_jcef-17.0.9\bin\java.dll
0x00007ffeb9cc0000 - 0x00007ffeb9cd8000 	C:\Users\bader\.jdks\jbrsdk_jcef-17.0.9\bin\zip.dll
0x00007ffe80ff0000 - 0x00007ffe810c7000 	C:\Users\bader\.jdks\jbrsdk_jcef-17.0.9\bin\jsvml.dll
0x00007ffed4ff0000 - 0x00007ffed575d000 	C:\Windows\System32\SHELL32.dll
0x00007ffed25b0000 - 0x00007ffed2d54000 	C:\Windows\SYSTEM32\windows.storage.dll
0x00007ffed6870000 - 0x00007ffed6bc3000 	C:\Windows\System32\combase.dll
0x00007ffed3f60000 - 0x00007ffed3f8e000 	C:\Windows\SYSTEM32\Wldp.dll
0x00007ffed61d0000 - 0x00007ffed629d000 	C:\Windows\System32\OLEAUT32.dll
0x00007ffed65c0000 - 0x00007ffed666d000 	C:\Windows\System32\SHCORE.dll
0x00007ffed6560000 - 0x00007ffed65b5000 	C:\Windows\System32\shlwapi.dll
0x00007ffed4460000 - 0x00007ffed4484000 	C:\Windows\SYSTEM32\profapi.dll
0x00007ffeb9a70000 - 0x00007ffeb9a89000 	C:\Users\bader\.jdks\jbrsdk_jcef-17.0.9\bin\net.dll
0x00007ffeccc80000 - 0x00007ffeccd8d000 	C:\Windows\SYSTEM32\WINHTTP.dll
0x00007ffed3cc0000 - 0x00007ffed3d2a000 	C:\Windows\system32\mswsock.dll
0x00007ffeb9370000 - 0x00007ffeb9386000 	C:\Users\bader\.jdks\jbrsdk_jcef-17.0.9\bin\nio.dll
0x00007ffecf410000 - 0x00007ffecf42a000 	C:\Program Files\JetBrains\IntelliJ IDEA Community Edition 2023.3.6\bin\breakgen64.dll
0x00007ffe89c60000 - 0x00007ffe89dfa000 	C:\Users\bader\.jdks\jbrsdk_jcef-17.0.9\bin\awt.dll
0x00007ffed20b0000 - 0x00007ffed20df000 	C:\Windows\SYSTEM32\dwmapi.dll
0x00007ffebdf70000 - 0x00007ffebdfb4000 	C:\Users\bader\.jdks\jbrsdk_jcef-17.0.9\bin\nvdaControllerClient64.dll
0x00007ffecf1c0000 - 0x00007ffecf254000 	C:\Windows\SYSTEM32\apphelp.dll
0x00007ffeb81e0000 - 0x00007ffeb8308000 	C:\Windows\system32\opengl32.dll
0x00007ffeb7c60000 - 0x00007ffeb7c8c000 	C:\Windows\SYSTEM32\GLU32.dll
0x00007ffed1090000 - 0x00007ffed112e000 	C:\Windows\system32\uxtheme.dll
0x00007ffed5bd0000 - 0x00007ffed5ce5000 	C:\Windows\System32\MSCTF.dll
0x00007ffed5cf0000 - 0x00007ffed5d99000 	C:\Windows\System32\clbcatq.dll
0x00007ffe45430000 - 0x00007ffe463fa000 	C:\Windows\System32\DriverStore\FileRepository\iigd_dch.inf_amd64_5d54dd32fa1ef4d4\ig9icd64.dll
0x00007ffed6430000 - 0x00007ffed655b000 	C:\Windows\System32\ole32.dll
0x00007ffed2dc0000 - 0x00007ffed2eb6000 	C:\Windows\system32\dxgi.dll
0x00007ffec7a80000 - 0x00007ffec7cbf000 	C:\Windows\System32\DriverStore\FileRepository\iigd_dch.inf_amd64_5d54dd32fa1ef4d4\igdgmm64.dll
0x00007ffec4eb0000 - 0x00007ffec7a79000 	C:\Windows\System32\DriverStore\FileRepository\iigd_dch.inf_amd64_5d54dd32fa1ef4d4\igc64.dll
0x00007ffe63280000 - 0x00007ffe6368c000 	C:\Windows\System32\DriverStore\FileRepository\iigd_dch.inf_amd64_5d54dd32fa1ef4d4\igdml64.dll
0x00007ffed3ec0000 - 0x00007ffed3ed8000 	C:\Windows\SYSTEM32\CRYPTSP.dll
0x00007ffed3570000 - 0x00007ffed35a4000 	C:\Windows\system32\rsaenh.dll
0x00007ffed4420000 - 0x00007ffed444e000 	C:\Windows\SYSTEM32\USERENV.dll
0x00007ffed3eb0000 - 0x00007ffed3ebc000 	C:\Windows\SYSTEM32\CRYPTBASE.dll
0x00007ffed3950000 - 0x00007ffed398b000 	C:\Windows\SYSTEM32\IPHLPAPI.DLL
0x00007ffed5e30000 - 0x00007ffed5e38000 	C:\Windows\System32\NSI.dll
0x00007ffecc960000 - 0x00007ffecc977000 	C:\Windows\SYSTEM32\dhcpcsvc6.DLL
0x00007ffeccbf0000 - 0x00007ffeccc0d000 	C:\Windows\SYSTEM32\dhcpcsvc.DLL
0x00007ffed3990000 - 0x00007ffed3a5a000 	C:\Windows\SYSTEM32\DNSAPI.dll
0x00007ffeb84c0000 - 0x00007ffeb8547000 	C:\Users\bader\.jdks\jbrsdk_jcef-17.0.9\bin\freetype.dll
0x00007ffeabb30000 - 0x00007ffeabc07000 	C:\Users\bader\.jdks\jbrsdk_jcef-17.0.9\bin\fontmanager.dll
0x00007ffecbf60000 - 0x00007ffecbf72000 	C:\Users\bader\.jdks\jbrsdk_jcef-17.0.9\bin\jsound.dll
0x00007ffea87c0000 - 0x00007ffea885c000 	C:\Windows\SYSTEM32\DSOUND.dll
0x00007ffec02f0000 - 0x00007ffec0316000 	C:\Windows\SYSTEM32\winmmbase.dll
0x00007ffecce00000 - 0x00007ffecce85000 	C:\Windows\System32\MMDevApi.dll
0x00007ffed42c0000 - 0x00007ffed42f3000 	C:\Windows\System32\DEVOBJ.dll
0x00007ffed4680000 - 0x00007ffed46ce000 	C:\Windows\System32\cfgmgr32.dll
0x00007ffeb5080000 - 0x00007ffeb50c6000 	C:\Windows\SYSTEM32\wdmaud.drv
0x00007ffecf4e0000 - 0x00007ffecf4e9000 	C:\Windows\SYSTEM32\ksuser.dll
0x00007ffeced00000 - 0x00007ffeced0a000 	C:\Windows\SYSTEM32\AVRT.dll
0x00007ffecce90000 - 0x00007ffecd011000 	C:\Windows\SYSTEM32\AUDIOSES.DLL
0x00007ffeb5070000 - 0x00007ffeb507d000 	C:\Windows\SYSTEM32\msacm32.drv
0x00007ffeb5050000 - 0x00007ffeb506e000 	C:\Windows\SYSTEM32\MSACM32.dll
0x00007ffeb5040000 - 0x00007ffeb504b000 	C:\Windows\SYSTEM32\midimap.dll
0x00007ffed1fb0000 - 0x00007ffed1fc4000 	C:\Windows\SYSTEM32\resourcepolicyclient.dll
0x00007ffeb1a60000 - 0x00007ffeb1c05000 	C:\Windows\WinSxS\amd64_microsoft.windows.gdiplus_6595b64144ccf1df_1.1.19041.4597_none_91a78020cc854124\gdiplus.dll
0x00007ffebfdd0000 - 0x00007ffebfec9000 	C:\Windows\SYSTEM32\textinputframework.dll
0x00007ffecea50000 - 0x00007ffeceb42000 	C:\Windows\System32\CoreMessaging.dll
0x00007ffece6e0000 - 0x00007ffecea3b000 	C:\Windows\System32\CoreUIComponents.dll
0x00007ffed37c0000 - 0x00007ffed37f3000 	C:\Windows\SYSTEM32\ntmarta.dll
0x00007ffed12c0000 - 0x00007ffed1417000 	C:\Windows\SYSTEM32\wintypes.dll
0x00007ffeb7e70000 - 0x00007ffeb8165000 	C:\Windows\System32\uiautomationcore.dll
0x00007ffed1880000 - 0x00007ffed1976000 	C:\Windows\System32\PROPSYS.dll
0x00007ffeb8170000 - 0x00007ffeb81d6000 	C:\Windows\System32\OLEACC.dll
0x00007ffebfed0000 - 0x00007ffec000f000 	C:\Windows\System32\Windows.UI.dll
0x00007ffecbdf0000 - 0x00007ffecbe91000 	C:\Windows\System32\WindowManagementAPI.dll
0x00007ffebfc70000 - 0x00007ffebfdc2000 	C:\Windows\System32\InputHost.dll
0x00007ffecb4a0000 - 0x00007ffecb6a3000 	C:\Windows\SYSTEM32\twinapi.appcore.dll
0x00007ffed0000000 - 0x00007ffed0009000 	C:\Users\bader\.jdks\jbrsdk_jcef-17.0.9\bin\management.dll
0x00007ffecff90000 - 0x00007ffecff9b000 	C:\Users\bader\.jdks\jbrsdk_jcef-17.0.9\bin\management_ext.dll
0x00007ffed4f10000 - 0x00007ffed4f18000 	C:\Windows\System32\PSAPI.DLL
0x00007ffebb3a0000 - 0x00007ffebb3f1000 	C:\Windows\SYSTEM32\pdh.dll
0x00007ffeb9a00000 - 0x00007ffeb9a0f000 	C:\Windows\System32\perfproc.dll
0x00007ffed0e20000 - 0x00007ffed0e2f000 	C:\Windows\System32\perfos.dll

dbghelp: loaded successfully - version: 4.0.5 - missing functions: none
symbol engine: initialized successfully - sym options: 0x614 - pdb path: .;C:\Users\bader\.jdks\jbrsdk_jcef-17.0.9\bin;C:\Windows\SYSTEM32;C:\Windows\WinSxS\amd64_microsoft.windows.common-controls_6595b64144ccf1df_6.0.19041.4355_none_60b8b9eb71f62e16;C:\Users\bader\.jdks\jbrsdk_jcef-17.0.9\bin\server;C:\Program Files\JetBrains\IntelliJ IDEA Community Edition 2023.3.6\bin;C:\Windows\System32\DriverStore\FileRepository\iigd_dch.inf_amd64_5d54dd32fa1ef4d4;C:\Windows\WinSxS\amd64_microsoft.windows.gdiplus_6595b64144ccf1df_1.1.19041.4597_none_91a78020cc854124

VM Arguments:
jvm_args: -Xmx3072g -Xmx4096g -Dsun.java2d.opengl=true -XX:ErrorFile=logs/hs_err_pid%p.log -javaagent:C:\Program Files\JetBrains\IntelliJ IDEA Community Edition 2023.3.6\lib\idea_rt.jar=50542:C:\Program Files\JetBrains\IntelliJ IDEA Community Edition 2023.3.6\bin -Dfile.encoding=UTF-8 
java_command: net.sendback.Main
java_class_path (initial): C:\Users\bader\OneDrive\Bureau\Idea\GTS_PRojekt\target\classes
Launcher Type: SUN_STANDARD

[Global flags]
     intx CICompilerCount                          = 4                                         {product} {ergonomic}
     uint ConcGCThreads                            = 3                                         {product} {ergonomic}
    ccstr ErrorFile                                = logs/hs_err_pid%p.log                     {product} {command line}
     uint G1ConcRefinementThreads                  = 10                                        {product} {ergonomic}
   size_t G1HeapRegionSize                         = 33554432                                  {product} {ergonomic}
    uintx GCDrainStackTargetSize                   = 64                                        {product} {ergonomic}
   size_t InitialHeapSize                          = 268435456                                 {product} {ergonomic}
   size_t MarkStackSize                            = 4194304                                   {product} {ergonomic}
   size_t MaxHeapSize                              = 4398046511104                             {product} {command line}
   size_t MaxNewSize                               = 2638821195776                             {product} {ergonomic}
   size_t MinHeapDeltaBytes                        = 33554432                                  {product} {ergonomic}
   size_t MinHeapSize                              = 33554432                                  {product} {ergonomic}
    uintx NonNMethodCodeHeapSize                   = 5839372                                {pd product} {ergonomic}
    uintx NonProfiledCodeHeapSize                  = 122909434                              {pd product} {ergonomic}
    uintx ProfiledCodeHeapSize                     = 122909434                              {pd product} {ergonomic}
    uintx ReservedCodeCacheSize                    = 251658240                              {pd product} {ergonomic}
     bool SegmentedCodeCache                       = true                                      {product} {ergonomic}
   size_t SoftMaxHeapSize                          = 4398046511104                          {manageable} {ergonomic}
     bool UseCompressedClassPointers               = true                           {product lp64_product} {ergonomic}
     bool UseG1GC                                  = true                                      {product} {ergonomic}
     bool UseLargePagesIndividualAllocation        = false                                  {pd product} {ergonomic}

Logging:
Log output configuration:
 #0: stdout all=warning uptime,level,tags
 #1: stderr all=off uptime,level,tags

Environment Variables:
PATH=C:\Program Files\Common Files\Oracle\Java\javapath;C:\Windows\system32;C:\Windows;C:\Windows\System32\Wbem;C:\Windows\System32\WindowsPowerShell\v1.0\;C:\Windows\System32\OpenSSH\;C:\Program Files (x86)\NVIDIA Corporation\PhysX\Common;C:\Program Files\dotnet\;C:\Users\bader\AppData\Local\Microsoft\WindowsApps;C:\Users\bader\AppData\Local\GitHubDesktop\bin
USERNAME=bader
OS=Windows_NT
PROCESSOR_IDENTIFIER=Intel64 Family 6 Model 158 Stepping 10, GenuineIntel
TMP=C:\Users\bader\AppData\Local\Temp
TEMP=C:\Users\bader\AppData\Local\Temp



Periodic native trim disabled

JNI global refs:
JNI global refs: 145, weak refs: 114

JNI global refs memory usage: 2107, weak refs: 2737

OOME stack traces (most recent first):
Classloader memory used:
Loader bootstrap                                                                       : 2868K
Loader jdk.internal.loader.ClassLoaders$AppClassLoader                                 : 36081B
Loader jdk.internal.reflect.DelegatingClassLoader                                      : 5306B
Loader jdk.internal.loader.ClassLoaders$PlatformClassLoader                            : 2651B


---------------  S Y S T E M  ---------------

OS:
 Windows 10 , 64 bit Build 19041 (10.0.19041.5072)
OS uptime: 11 days 4:22 hours

CPU: total 12 (initial active 12) (6 cores per cpu, 2 threads per core) family 6 model 158 stepping 10 microcode 0xf0, cx8, cmov, fxsr, ht, mmx, 3dnowpref, sse, sse2, sse3, ssse3, sse4.1, sse4.2, popcnt, lzcnt, tsc, tscinvbit, avx, avx2, aes, erms, clmul, bmi1, bmi2, adx, fma, vzeroupper, clflush, clflushopt
Processor Information for all 12 processors :
  Max Mhz: 2592, Current Mhz: 2592, Mhz Limit: 2592

Memory: 4k page, system-wide physical 16254M (2660M free)
TotalPageFile size 23086M (AvailPageFile size 3310M)
current process WorkingSet (physical memory assigned to process): 732M, peak: 747M
current process commit charge ("private bytes"): 1013M, peak: 1022M

vm_info: OpenJDK 64-Bit Server VM (17.0.9+8-b1166.2) for windows-amd64 JRE (17.0.9+8-b1166.2), built on 2024-01-13 by "builduser" with MS VC++ 16.10 / 16.11 (VS2019)

END.
