#
# A fatal error has been detected by the Java Runtime Environment:
#
#  EXCEPTION_ACCESS_VIOLATION (0xc0000005) at pc=0x00007ffe4f443c53, pid=1316, tid=22876
#
# JRE version: OpenJDK Runtime Environment JBR-17.0.9+8-1166.2-jcef (17.0.9+8) (build 17.0.9+8-b1166.2)
# Java VM: OpenJDK 64-Bit Server VM JBR-17.0.9+8-1166.2-jcef (17.0.9+8-b1166.2, mixed mode, tiered, compressed class ptrs, g1 gc, windows-amd64)
# Problematic frame:
# C  [ig9icd64.dll+0x9c3c53]
#
# No core dump will be written. Minidumps are not enabled by default on client versions of Windows
#
# If you would like to submit a bug report, please visit:
#   https://youtrack.jetbrains.com/issues/JBR
# The crash happened outside the Java Virtual Machine in native code.
# See problematic frame for where to report the bug.
#

---------------  S U M M A R Y ------------

Command Line: -Xmx3072g -Xmx4096g -Dsun.java2d.opengl=true -XX:ErrorFile=logs/hs_err_pid%p.log -javaagent:C:\Program Files\JetBrains\IntelliJ IDEA Community Edition 2023.3.6\lib\idea_rt.jar=61145:C:\Program Files\JetBrains\IntelliJ IDEA Community Edition 2023.3.6\bin -Dfile.encoding=UTF-8 net.sendback.Main

Host: Intel(R) Core(TM) i7-9750H CPU @ 2.60GHz, 12 cores, 15G,  Windows 10 , 64 bit Build 19041 (10.0.19041.5072)
Time: Thu Nov 14 23:35:47 2024 Mitteleuropäische Zeit elapsed time: 24.290448 seconds (0d 0h 0m 24s)

---------------  T H R E A D  ---------------

Current thread (0x000006cda8833560):  JavaThread "Java2D Queue Flusher" daemon [_thread_in_native, id=22876, stack(0x000000dd25100000,0x000000dd25200000)]

Stack: [0x000000dd25100000,0x000000dd25200000],  sp=0x000000dd251fe898,  free space=1018k
Native frames: (J=compiled Java code, j=interpreted, Vv=VM code, C=native code)
C  [ig9icd64.dll+0x9c3c53]

Java frames: (J=compiled Java code, j=interpreted, Vv=VM code)
J 2634  sun.java2d.opengl.OGLRenderQueue.flushBuffer(JI)V java.desktop (0 bytes) @ 0x000002a79098bd5b [0x000002a79098bd20+0x000000000000003b]
J 2631 c1 sun.java2d.opengl.OGLRenderQueue.flushBuffer()V java.desktop (41 bytes) @ 0x000002a78926d204 [0x000002a78926d0e0+0x0000000000000124]
j  sun.java2d.opengl.OGLRenderQueue$QueueFlusher.run()V+81 java.desktop
j  java.lang.Thread.run()V+11 java.base@17.0.9
v  ~StubRoutines::call_stub

siginfo: EXCEPTION_ACCESS_VIOLATION (0xc0000005), reading address 0xffffffffffffffff


Registers:
RAX=0x000000000fff0fff, RBX=0x00007ffe4ea80000, RCX=0x000000033fcf3fcc, RDX=0x000000dd251fedb0
RSP=0x000000dd251fe898, RBP=0x000000dd251fe9a0, RSI=0x000006cdb2c47cc0, RDI=0x000000dd251feba0
R8 =0x000000dd251fe9d0, R9 =0x000000dd251fedb0, R10=0x000000dd251feba0, R11=0x0000000000000000
R12=0x00007ffe4f8aa420, R13=0x0000000000000000, R14=0x0000000000000000, R15=0x00000000000001c1
RIP=0x00007ffe4f443c53, EFLAGS=0x0000000000010206


Register to memory mapping:

RIP=0x00007ffe4f443c53 ig9icd64.dll
RAX=0x000000000fff0fff is an unknown value
RBX=0x00007ffe4ea80000 ig9icd64.dll
RCX=0x000000033fcf3fcc is an unknown value
RDX=0x000000dd251fedb0 is pointing into the stack for thread: 0x000006cda8833560
RSP=0x000000dd251fe898 is pointing into the stack for thread: 0x000006cda8833560
RBP=0x000000dd251fe9a0 is pointing into the stack for thread: 0x000006cda8833560
RSI=0x000006cdb2c47cc0 points into unknown readable memory: 0x000006cda88567c0 | c0 67 85 a8 cd 06 00 00
RDI=0x000000dd251feba0 is pointing into the stack for thread: 0x000006cda8833560
R8 =0x000000dd251fe9d0 is pointing into the stack for thread: 0x000006cda8833560
R9 =0x000000dd251fedb0 is pointing into the stack for thread: 0x000006cda8833560
R10=0x000000dd251feba0 is pointing into the stack for thread: 0x000006cda8833560
R11=0x0 is NULL
R12=0x00007ffe4f8aa420 ig9icd64.dll
R13=0x0 is NULL
R14=0x0 is NULL
R15=0x00000000000001c1 is an unknown value


Top of Stack: (sp=0x000000dd251fe898)
0x000000dd251fe898:   00007ffe4f44138b 0000000000000001
0x000000dd251fe8a8:   0000000000000000 000006cdb3756100
0x000000dd251fe8b8:   00007ffec7a82572 000000dd00000065
0x000000dd251fe8c8:   000000dd251fead0 0000000000000000
0x000000dd251fe8d8:   000006cdb5eae4d0 0000000000000000
0x000000dd251fe8e8:   000006cdb5eb0bc0 000006cdb37561f0
0x000000dd251fe8f8:   0000000000000fb0 0000000000000000
0x000000dd251fe908:   0000000000000000 000000dd251fea80
0x000000dd251fe918:   00007ffe4f0d9070 0000000000000000
0x000000dd251fe928:   0000000000000000 0000000000000000
0x000000dd251fe938:   0000000000000000 00006e2323bb6ca6
0x000000dd251fe948:   00007ffe4ea964e5 000006cdb37561f0
0x000000dd251fe958:   0000000000004001 0000000000000200
0x000000dd251fe968:   00007ffed6ebb86b 00000000009f00f3
0x000000dd251fe978:   00000000000000db 000006cdb3772930
0x000000dd251fe988:   0000000000000000 0000000000000000
0x000000dd251fe998:   00007ffe4f441c62 0000000000000000
0x000000dd251fe9a8:   000002a7830e1140 000000dd251feca0
0x000000dd251fe9b8:   000002a7830e0000 000002a7830e02b4
0x000000dd251fe9c8:   000006cdb5eae4d0 00007ffe4f74f020
0x000000dd251fe9d8:   0000000e00000000 0000001a00000018
0x000000dd251fe9e8:   00000fff00000000 437f0000437f0000
0x000000dd251fe9f8:   437f0000437f0000 0000ff0000ff0000
0x000000dd251fea08:   ff000000000000ff 0000000800000010
0x000000dd251fea18:   0000001800000000 0000000000000000
0x000000dd251fea28:   0000000000000000 0000000000000000
0x000000dd251fea38:   0000000000000000 0000000000000000
0x000000dd251fea48:   0000000000000000 0000000000000000
0x000000dd251fea58:   0000000000000000 0000000000000000
0x000000dd251fea68:   0000000000000000 0000000000000000
0x000000dd251fea78:   0000000000000000 0000000000000000
0x000000dd251fea88:   0000000000000000 0000000000000000 

Instructions: (pc=0x00007ffe4f443c53)
0x00007ffe4f443b53:   a1 b6 30 00 48 89 51 08 48 89 01 8b 44 24 28 89
0x00007ffe4f443b63:   41 20 8b 44 24 30 89 41 24 48 8b c1 4c 89 41 10
0x00007ffe4f443b73:   4c 89 49 18 c3 cc cc cc cc cc cc cc cc 48 89 5c
0x00007ffe4f443b83:   24 08 8b 41 5c 48 8d 1d 71 c4 63 ff 41 89 40 08
0x00007ffe4f443b93:   4c 8b d1 8b 41 60 45 33 db 41 89 40 0c 4c 8b ca
0x00007ffe4f443ba3:   8b 41 64 41 89 40 10 8b 41 68 41 89 40 14 8b 41
0x00007ffe4f443bb3:   6c 41 89 40 18 8b 41 70 41 89 40 1c 48 63 41 74
0x00007ffe4f443bc3:   48 6b c8 34 8b 84 19 84 5f ee 00 41 89 40 20 8b
0x00007ffe4f443bd3:   84 19 88 5f ee 00 41 89 40 24 8b 84 19 8c 5f ee
0x00007ffe4f443be3:   00 41 89 40 28 8b 84 19 90 5f ee 00 41 89 40 2c
0x00007ffe4f443bf3:   8b 84 19 74 5f ee 00 41 89 40 30 8b 84 19 78 5f
0x00007ffe4f443c03:   ee 00 41 89 40 34 8b 84 19 7c 5f ee 00 41 89 40
0x00007ffe4f443c13:   38 8b 84 19 80 5f ee 00 41 89 40 3c 8b 84 19 64
0x00007ffe4f443c23:   5f ee 00 41 89 40 40 8b 84 19 68 5f ee 00 41 89
0x00007ffe4f443c33:   40 44 8b 84 19 6c 5f ee 00 41 89 40 48 8b 84 19
0x00007ffe4f443c43:   70 5f ee 00 41 89 40 4c 49 63 42 78 48 6b c8 34
0x00007ffe4f443c53:   8b 84 19 84 5f ee 00 41 89 40 50 8b 84 19 88 5f
0x00007ffe4f443c63:   ee 00 41 89 40 54 8b 84 19 8c 5f ee 00 41 89 40
0x00007ffe4f443c73:   58 8b 84 19 90 5f ee 00 41 89 40 5c 8b 84 19 74
0x00007ffe4f443c83:   5f ee 00 41 89 40 60 8b 84 19 78 5f ee 00 41 89
0x00007ffe4f443c93:   40 64 8b 84 19 7c 5f ee 00 41 89 40 68 8b 84 19
0x00007ffe4f443ca3:   80 5f ee 00 41 89 40 6c 8b 84 19 64 5f ee 00 41
0x00007ffe4f443cb3:   89 40 70 8b 84 19 68 5f ee 00 41 89 40 74 8b 84
0x00007ffe4f443cc3:   19 6c 5f ee 00 41 89 40 78 8b 84 19 70 5f ee 00
0x00007ffe4f443cd3:   41 89 40 7c 48 8b 42 18 8b 88 38 0b 00 00 f6 c1
0x00007ffe4f443ce3:   08 0f 84 86 00 00 00 8b 80 3c 0b 00 00 41 89 80
0x00007ffe4f443cf3:   80 00 00 00 48 8b 42 18 8b 88 40 0b 00 00 41 89
0x00007ffe4f443d03:   88 84 00 00 00 48 8b 42 18 8b 88 44 0b 00 00 41
0x00007ffe4f443d13:   89 88 88 00 00 00 48 8b 42 18 8b 88 48 0b 00 00
0x00007ffe4f443d23:   41 89 88 8c 00 00 00 48 8b 42 18 8b 88 4c 0b 00
0x00007ffe4f443d33:   00 41 89 88 90 00 00 00 48 8b 42 18 8b 88 50 0b
0x00007ffe4f443d43:   00 00 41 89 88 94 00 00 00 48 8b 42 18 8b 88 54 


Stack slot to memory mapping:
stack at sp + 0 slots: 0x00007ffe4f44138b ig9icd64.dll
stack at sp + 1 slots: 0x0000000000000001 is an unknown value
stack at sp + 2 slots: 0x0 is NULL
stack at sp + 3 slots: 0x000006cdb3756100 points into unknown readable memory: 0x0000000000000000 | 00 00 00 00 00 00 00 00
stack at sp + 4 slots: 0x00007ffec7a82572 igdgmm64.dll
stack at sp + 5 slots: 0x000000dd00000065 is an unknown value
stack at sp + 6 slots: 0x000000dd251fead0 is pointing into the stack for thread: 0x000006cda8833560
stack at sp + 7 slots: 0x0 is NULL


Compiled method (n/a)   24397 2634     n 0       sun.java2d.opengl.OGLRenderQueue::flushBuffer (native)
 total in heap  [0x000002a79098bb90,0x000002a79098bf28] = 920
 relocation     [0x000002a79098bce8,0x000002a79098bd18] = 48
 main code      [0x000002a79098bd20,0x000002a79098bf28] = 520

[Constant Pool (empty)]

[MachCode]
[Entry Point]
  # {method} {0x000006cda9acd5a0} 'flushBuffer' '(JI)V' in 'sun/java2d/opengl/OGLRenderQueue'
  # this:     rdx:rdx   = 'sun/java2d/opengl/OGLRenderQueue'
  # parm0:    r8:r8     = long
  # parm1:    r9        = int
  #           [sp+0x70]  (sp of caller)
  0x000002a79098bd20: 448b 5208 | 493b c20f | 840b 0000 

  0x000002a79098bd2c: ;   {runtime_call ic_miss_stub}
  0x000002a79098bd2c: 00e9 4e53 | 9bff 660f | 1f44 0000 
[Verified Entry Point]
  0x000002a79098bd38: 8984 2400 | 90ff ff55 | 488b ec48 | 83ec 6048 | 8954 2420 | 4883 fa00 | 488d 5424 | 2048 0f44 
  0x000002a79098bd58: 5424 20c5 

  0x000002a79098bd5c: ;   {internal_word}
  0x000002a79098bd5c: f877 49ba | 5bbd 9890 | a702 0000 | 4d89 97a0 | 0200 0049 | 89a7 9802 

  0x000002a79098bd74: ;   {external_word}
  0x000002a79098bd74: 0000 49ba | 3d29 0258 | fe7f 0000 | 4180 3a00 | 0f84 5200 | 0000 5241 

  0x000002a79098bd8c: ;   {metadata({method} {0x000006cda9acd5a0} 'flushBuffer' '(JI)V' in 'sun/java2d/opengl/OGLRenderQueue')}
  0x000002a79098bd8c: 5041 5148 | ba98 d5ac | a9cd 0600 | 0049 8bcf | 4883 ec20 | f7c4 0f00 | 0000 0f84 | 1a00 0000 
  0x000002a79098bdac: 4883 ec08 

  0x000002a79098bdb0: ;   {runtime_call SharedRuntime::dtrace_method_entry}
  0x000002a79098bdb0: 49ba b0ea | b757 fe7f | 0000 41ff | d248 83c4 | 08e9 0d00 

  0x000002a79098bdc4: ;   {runtime_call SharedRuntime::dtrace_method_entry}
  0x000002a79098bdc4: 0000 49ba | b0ea b757 | fe7f 0000 | 41ff d248 | 83c4 2041 | 5941 585a | 498d 8fb8 | 0200 0041 
  0x000002a79098bde4: c787 4803 | 0000 0400 

  0x000002a79098bdec: ;   {runtime_call}
  0x000002a79098bdec: 0000 49ba | 60fd 3085 | fe7f 0000 | 41ff d2c5 | f877 41c7 | 8748 0300 | 0005 0000 | 00f0 8344 
  0x000002a79098be0c: 24c0 0049 | 3baf 5003 | 0000 0f87 | 1100 0000 | 4181 bf38 | 0300 0000 | 0000 000f | 8421 0000 
  0x000002a79098be2c: 00c5 f877 | 498b cf4c | 8be4 4883 | ec20 4883 

  0x000002a79098be3c: ;   {runtime_call JavaThread::check_special_condition_for_native_trans}
  0x000002a79098be3c: e4f0 49ba | f008 c857 | fe7f 0000 | 41ff d249 | 8be4 41c7 | 8748 0300 | 0008 0000 | 0041 81bf 
  0x000002a79098be5c: b803 0000 | 0200 0000 | 0f84 9b00 

  0x000002a79098be68: ;   {external_word}
  0x000002a79098be68: 0000 49ba | 3d29 0258 | fe7f 0000 | 4180 3a00 | 0f84 4800 

  0x000002a79098be7c: ;   {metadata({method} {0x000006cda9acd5a0} 'flushBuffer' '(JI)V' in 'sun/java2d/opengl/OGLRenderQueue')}
  0x000002a79098be7c: 0000 48ba | 98d5 aca9 | cd06 0000 | 498b cf48 | 83ec 20f7 | c40f 0000 | 000f 841a | 0000 0048 
  0x000002a79098be9c: ;   {runtime_call SharedRuntime::dtrace_method_entry}
  0x000002a79098be9c: 83ec 0849 | bab0 eab7 | 57fe 7f00 | 0041 ffd2 | 4883 c408 | e90d 0000 

  0x000002a79098beb4: ;   {runtime_call SharedRuntime::dtrace_method_entry}
  0x000002a79098beb4: 0049 bab0 | eab7 57fe | 7f00 0041 | ffd2 4883 | c420 49c7 | 8798 0200 | 0000 0000 | 0049 c787 
  0x000002a79098bed4: a002 0000 | 0000 0000 | c5f8 7749 | 8b8f d800 | 0000 c781 | 0001 0000 | 0000 0000 | c949 817f 
  0x000002a79098bef4: 0800 0000 | 000f 8501 | 0000 00c3 

  0x000002a79098bf00: ;   {runtime_call StubRoutines (1)}
  0x000002a79098bf00: e9fb 4f96 | ffc5 f877 | 4c8b e448 | 83ec 2048 

  0x000002a79098bf10: ;   {runtime_call SharedRuntime::reguard_yellow_pages}
  0x000002a79098bf10: 83e4 f049 | ba40 1bb8 | 57fe 7f00 | 0041 ffd2 | 498b e4e9 | 42ff ffff 
[/MachCode]


Compiled method (c1)   24493 2631       3       sun.java2d.opengl.OGLRenderQueue::flushBuffer (41 bytes)
 total in heap  [0x000002a78926cf10,0x000002a78926d558] = 1608
 relocation     [0x000002a78926d068,0x000002a78926d0d0] = 104
 main code      [0x000002a78926d0e0,0x000002a78926d3c0] = 736
 stub code      [0x000002a78926d3c0,0x000002a78926d418] = 88
 metadata       [0x000002a78926d418,0x000002a78926d440] = 40
 scopes data    [0x000002a78926d440,0x000002a78926d490] = 80
 scopes pcs     [0x000002a78926d490,0x000002a78926d530] = 160
 dependencies   [0x000002a78926d530,0x000002a78926d538] = 8
 nul chk table  [0x000002a78926d538,0x000002a78926d558] = 32

[Constant Pool (empty)]

[MachCode]
[Entry Point]
  # {method} {0x000006cda9acd698} 'flushBuffer' '()V' in 'sun/java2d/opengl/OGLRenderQueue'
  #           [sp+0x70]  (sp of caller)
  0x000002a78926d0e0: 448b 5208 

  0x000002a78926d0e4: ;   {runtime_call ic_miss_stub}
  0x000002a78926d0e4: 4c3b d00f | 8593 3f0d | 0766 6666 | 0f1f 8400 | 0000 0000 | 6666 6690 | 0f1f 4000 
[Verified Entry Point]
  0x000002a78926d100: 8984 2400 | 90ff ff55 | 4883 ec60 

  0x000002a78926d10c: ;   {metadata(method data for {method} {0x000006cda9acd698} 'flushBuffer' '()V' in 'sun/java2d/opengl/OGLRenderQueue')}
  0x000002a78926d10c: 49b8 c8c9 | 49aa cd06 | 0000 458b | 88cc 0000 | 0041 83c1 | 0245 8988 | cc00 0000 | 4181 e1fe 
  0x000002a78926d12c: 0700 0041 | 83f9 000f | 84d6 0100 | 004c 8b42 | 1049 3b00 

  0x000002a78926d140: ;   {metadata(method data for {method} {0x000006cda9acd698} 'flushBuffer' '()V' in 'sun/java2d/opengl/OGLRenderQueue')}
  0x000002a78926d140: 4d8b c848 | bec8 c949 | aacd 0600 | 0048 8386 | 1001 0000 

  0x000002a78926d154: ;   {metadata(method data for {method} {0x000006cda9acf978} 'position' '()I' in 'sun/java2d/pipe/RenderBuffer')}
  0x000002a78926d154: 0149 b970 | f840 aacd | 0600 0041 | 8bb1 cc00 | 0000 83c6 | 0241 89b1 | cc00 0000 | 81e6 feff 
  0x000002a78926d174: 1f00 83fe | 000f 84b6 | 0100 004d | 8b48 2049 | 8b70 104c | 2bce 458b | c941 83f9 

  0x000002a78926d190: ;   {metadata(method data for {method} {0x000006cda9acd698} 'flushBuffer' '()V' in 'sun/java2d/opengl/OGLRenderQueue')}
  0x000002a78926d190: 0048 bfc8 | c949 aacd | 0600 0048 | bb48 0100 | 0000 0000 | 000f 8e0a | 0000 0048 | bb58 0100 
  0x000002a78926d1b0: 0000 0000 | 0048 8b04 | 1f48 8d40 | 0148 8904 | 1f0f 8e42 

  0x000002a78926d1c4: ;   {metadata(method data for {method} {0x000006cda9acd698} 'flushBuffer' '()V' in 'sun/java2d/opengl/OGLRenderQueue')}
  0x000002a78926d1c4: 0000 0048 | bfc8 c949 | aacd 0600 | 0048 8387 | 6801 0000 | 014c 8bc2 

  0x000002a78926d1dc: ;   {metadata(method data for {method} {0x000006cda9acd698} 'flushBuffer' '()V' in 'sun/java2d/opengl/OGLRenderQueue')}
  0x000002a78926d1dc: 48bf c8c9 | 49aa cd06 | 0000 4883 | 87a0 0100 | 0001 4c8b | c648 8bf2 | 488b d648 | 8974 2450 
  0x000002a78926d1fc: ;   {optimized virtual_call}
  0x000002a78926d1fc: 6666 90e8 

  0x000002a78926d200: ; ImmutableOopMap {[80]=Oop }
                      ;*invokevirtual flushBuffer {reexecute=0 rethrow=0 return_oop=0}
                      ; - sun.java2d.opengl.OGLRenderQueue::flushBuffer@21 (line 150)
  0x000002a78926d200: 34eb 7107 | 488b 5424 | 5048 8b72 | 1048 3b06 

  0x000002a78926d210: ;   {metadata(method data for {method} {0x000006cda9acd698} 'flushBuffer' '()V' in 'sun/java2d/opengl/OGLRenderQueue')}
  0x000002a78926d210: 488b fe48 | bbc8 c949 | aacd 0600 | 0048 8383 | d801 0000 

  0x000002a78926d224: ;   {metadata(method data for {method} {0x000006cda9acfaf8} 'clear' '()V' in 'sun/java2d/pipe/RenderBuffer')}
  0x000002a78926d224: 0148 bf50 | cc49 aacd | 0600 008b | 9fcc 0000 | 0083 c302 | 899f cc00 | 0000 81e3 | feff 1f00 
  0x000002a78926d244: 83fb 000f | 840e 0100 | 0048 8b7e | 1048 897e | 2048 8b52 | 1848 3b02 

  0x000002a78926d25c: ;   {metadata(method data for {method} {0x000006cda9acd698} 'flushBuffer' '()V' in 'sun/java2d/opengl/OGLRenderQueue')}
  0x000002a78926d25c: 488b f248 | bfc8 c949 | aacd 0600 | 008b 7608 | 483b b720 | 0200 0075 | 0d48 8387 | 2802 0000 
  0x000002a78926d27c: 01e9 6600 | 0000 483b | b730 0200 | 0075 0d48 | 8387 3802 | 0000 01e9 | 5000 0000 | 4881 bf20 
  0x000002a78926d29c: 0200 0000 | 0000 0075 | 1748 89b7 | 2002 0000 | 48c7 8728 | 0200 0001 | 0000 00e9 | 2c00 0000 
  0x000002a78926d2bc: 4881 bf30 | 0200 0000 | 0000 0075 | 1748 89b7 | 3002 0000 | 48c7 8738 | 0200 0001 | 0000 00e9 
  0x000002a78926d2dc: 0800 0000 | 4883 8710 | 0200 0001 | 0f1f 4400 | 0048 b828 | 4e07 8000 

  0x000002a78926d2f4: ;   {virtual_call}
  0x000002a78926d2f4: 0000 00e8 

  0x000002a78926d2f8: ; ImmutableOopMap {}
                      ;*invokeinterface clear {reexecute=0 rethrow=0 return_oop=0}
                      ; - sun.java2d.opengl.OGLRenderQueue::flushBuffer@35 (line 155)
  0x000002a78926d2f8: 44f9 ffff | 4883 c460 

  0x000002a78926d300: ;   {poll_return}
  0x000002a78926d300: 5d49 3ba7 | 5003 0000 | 0f87 7300 

  0x000002a78926d30c: ;   {metadata({method} {0x000006cda9acd698} 'flushBuffer' '()V' in 'sun/java2d/opengl/OGLRenderQueue')}
  0x000002a78926d30c: 0000 c349 | ba90 d6ac | a9cd 0600 | 004c 8954 | 2408 48c7 | 0424 ffff 

  0x000002a78926d324: ;   {runtime_call counter_overflow Runtime1 stub}
  0x000002a78926d324: ffff e855 

  0x000002a78926d328: ; ImmutableOopMap {rdx=Oop }
                      ;*synchronization entry
                      ; - sun.java2d.opengl.OGLRenderQueue::flushBuffer@-1 (line 147)
  0x000002a78926d328: be17 07e9 | 09fe ffff 

  0x000002a78926d330: ;   {runtime_call throw_null_pointer_exception Runtime1 stub}
  0x000002a78926d330: e86b 6417 

  0x000002a78926d334: ; ImmutableOopMap {rdx=Oop r8=Oop }
                      ;*invokevirtual position {reexecute=0 rethrow=0 return_oop=0}
                      ; - sun.java2d.opengl.OGLRenderQueue::flushBuffer@4 (line 147)
                      ;   {metadata({method} {0x000006cda9acf978} 'position' '()I' in 'sun/java2d/pipe/RenderBuffer')}
  0x000002a78926d334: 0749 ba70 | f9ac a9cd | 0600 004c | 8954 2408 | 48c7 0424 | ffff ffff 

  0x000002a78926d34c: ;   {runtime_call counter_overflow Runtime1 stub}
  0x000002a78926d34c: e82f be17 

  0x000002a78926d350: ; ImmutableOopMap {rdx=Oop r8=Oop }
                      ;*synchronization entry
                      ; - sun.java2d.pipe.RenderBuffer::position@-1 (line 110)
                      ; - sun.java2d.opengl.OGLRenderQueue::flushBuffer@4 (line 147)
  0x000002a78926d350: 07e9 29fe 

  0x000002a78926d354: ;   {runtime_call throw_null_pointer_exception Runtime1 stub}
  0x000002a78926d354: ffff e845 

  0x000002a78926d358: ; ImmutableOopMap {rdx=Oop rsi=Oop }
                      ;*invokevirtual clear {reexecute=0 rethrow=0 return_oop=0}
                      ; - sun.java2d.opengl.OGLRenderQueue::flushBuffer@28 (line 153)
                      ;   {metadata({method} {0x000006cda9acfaf8} 'clear' '()V' in 'sun/java2d/pipe/RenderBuffer')}
  0x000002a78926d358: 6417 0749 | baf0 faac | a9cd 0600 | 004c 8954 | 2408 48c7 | 0424 ffff 

  0x000002a78926d370: ;   {runtime_call counter_overflow Runtime1 stub}
  0x000002a78926d370: ffff e809 

  0x000002a78926d374: ; ImmutableOopMap {rdx=Oop rsi=Oop }
                      ;*synchronization entry
                      ; - sun.java2d.pipe.RenderBuffer::clear@-1 (line 118)
                      ; - sun.java2d.opengl.OGLRenderQueue::flushBuffer@28 (line 153)
  0x000002a78926d374: be17 07e9 | d1fe ffff 

  0x000002a78926d37c: ;   {runtime_call throw_null_pointer_exception Runtime1 stub}
  0x000002a78926d37c: e81f 6417 

  0x000002a78926d380: ; ImmutableOopMap {rdx=Oop }
                      ;*invokeinterface clear {reexecute=0 rethrow=0 return_oop=0}
                      ; - sun.java2d.opengl.OGLRenderQueue::flushBuffer@35 (line 155)
                      ;   {internal_word}
  0x000002a78926d380: 0749 ba01 | d326 89a7 | 0200 004d | 8997 6803 

  0x000002a78926d390: ;   {runtime_call SafepointBlob}
  0x000002a78926d390: 0000 e969 | a60d 0790 | 9049 8b87 | e003 0000 | 49c7 87e0 | 0300 0000 | 0000 0049 | c787 e803 
  0x000002a78926d3b0: 0000 0000 | 0000 4883 

  0x000002a78926d3b8: ;   {runtime_call unwind_exception Runtime1 stub}
  0x000002a78926d3b8: c460 5de9 | 4081 0e07 
[Stub Code]
  0x000002a78926d3c0: ;   {no_reloc}
  0x000002a78926d3c0: 0f1f 4400 

  0x000002a78926d3c4: ;   {static_stub}
  0x000002a78926d3c4: 0048 bb98 | d5ac a9cd 

  0x000002a78926d3cc: ;   {runtime_call I2C/C2I adapters}
  0x000002a78926d3cc: 0600 00e9 | 00af 0d07 

  0x000002a78926d3d4: ;   {static_stub}
  0x000002a78926d3d4: 9048 bb00 | 0000 0000 

  0x000002a78926d3dc: ;   {runtime_call}
  0x000002a78926d3dc: 0000 00e9 | fbff ffff 
[Exception Handler]
  0x000002a78926d3e4: ;   {runtime_call handle_exception_from_callee Runtime1 stub}
  0x000002a78926d3e4: e897 8a17 

  0x000002a78926d3e8: ;   {external_word}
  0x000002a78926d3e8: 0748 b990 | 6ddc 57fe | 7f00 0048 

  0x000002a78926d3f4: ;   {runtime_call MacroAssembler::debug64}
  0x000002a78926d3f4: 83e4 f049 | ba30 dfa4 | 57fe 7f00 | 0041 ffd2 

  0x000002a78926d404: ;   {section_word}
  0x000002a78926d404: f449 ba05 | d426 89a7 | 0200 0041 

  0x000002a78926d410: ;   {runtime_call DeoptimizationBlob}
  0x000002a78926d410: 52e9 8a98 | 0d07 f4f4 
[/MachCode]


---------------  P R O C E S S  ---------------

Threads class SMR info:
_java_thread_list=0x000006cdb2e58060, length=44, elements={
0x000002a799c22e30, 0x000002a799c24cc0, 0x000002a799c804f0, 0x000002a799c82fc0,
0x000002a799c83980, 0x000002a799c84340, 0x000002a799c885e0, 0x000002a799c8b4b0,
0x000002a799c942d0, 0x000002a799e07bf0, 0x000006cda85a6c70, 0x000006cda85a7150,
0x000006cda8833560, 0x000006cdb2e102c0, 0x000006cdb322bf10, 0x000006cdb348d4c0,
0x000006cdb2d25ff0, 0x000006cdb2d264d0, 0x000006cdb34fd420, 0x000006cdb34fca00,
0x000006cdb34fbfe0, 0x000006cdb34fcf10, 0x000006cdb34fd930, 0x000006cdb34fed70,
0x000006cdb34fde40, 0x000006cdb34fc4f0, 0x000006cdb34fe860, 0x000006cdb34fe350,
0x000006cdb34ff280, 0x000006cdb34ff790, 0x000006cdb33edb70, 0x000006cdb33eeaa0,
0x000006cdb33ef4c0, 0x000006cdb33eefb0, 0x000006cdb33ef9d0, 0x000006cdb33ecc40,
0x000006cdb33f03f0, 0x000006cdb33efee0, 0x000006cdb33f0900, 0x000006cdb33f3180,
0x000006cdb33ed660, 0x000006cdb33ee590, 0x000006cdb33f0e10, 0x000006cdb33ec220
}

Java Threads: ( => current thread )
  0x000002a799c22e30 JavaThread "Reference Handler" daemon [_thread_blocked, id=16292, stack(0x000000dd24400000,0x000000dd24500000)]
  0x000002a799c24cc0 JavaThread "Finalizer" daemon [_thread_blocked, id=19124, stack(0x000000dd24500000,0x000000dd24600000)]
  0x000002a799c804f0 JavaThread "Signal Dispatcher" daemon [_thread_blocked, id=41076, stack(0x000000dd24600000,0x000000dd24700000)]
  0x000002a799c82fc0 JavaThread "Attach Listener" daemon [_thread_blocked, id=40252, stack(0x000000dd24700000,0x000000dd24800000)]
  0x000002a799c83980 JavaThread "Service Thread" daemon [_thread_blocked, id=33916, stack(0x000000dd24800000,0x000000dd24900000)]
  0x000002a799c84340 JavaThread "Monitor Deflation Thread" daemon [_thread_blocked, id=27272, stack(0x000000dd24900000,0x000000dd24a00000)]
  0x000002a799c885e0 JavaThread "C2 CompilerThread0" daemon [_thread_blocked, id=34460, stack(0x000000dd24a00000,0x000000dd24b00000)]
  0x000002a799c8b4b0 JavaThread "C1 CompilerThread0" daemon [_thread_blocked, id=2404, stack(0x000000dd24b00000,0x000000dd24c00000)]
  0x000002a799c942d0 JavaThread "Sweeper thread" daemon [_thread_blocked, id=5952, stack(0x000000dd24c00000,0x000000dd24d00000)]
  0x000002a799e07bf0 JavaThread "Common-Cleaner" daemon [_thread_blocked, id=33720, stack(0x000000dd24d00000,0x000000dd24e00000)]
  0x000006cda85a6c70 JavaThread "Monitor Ctrl-Break" daemon [_thread_in_native, id=36592, stack(0x000000dd24e00000,0x000000dd24f00000)]
  0x000006cda85a7150 JavaThread "Notification Thread" daemon [_thread_blocked, id=34140, stack(0x000000dd24f00000,0x000000dd25000000)]
=>0x000006cda8833560 JavaThread "Java2D Queue Flusher" daemon [_thread_in_native, id=22876, stack(0x000000dd25100000,0x000000dd25200000)]
  0x000006cdb2e102c0 JavaThread "Java2D Disposer" daemon [_thread_blocked, id=22780, stack(0x000000dd25600000,0x000000dd25700000)]
  0x000006cdb322bf10 JavaThread "AWT-Windows" daemon [_thread_in_native, id=41940, stack(0x000000dd25900000,0x000000dd25a00000)]
  0x000006cdb348d4c0 JavaThread "Java Sound Event Dispatcher" daemon [_thread_blocked, id=2348, stack(0x000000dd26500000,0x000000dd26600000)]
  0x000006cdb2d25ff0 JavaThread "Direct Clip" daemon [_thread_blocked, id=12108, stack(0x000000dd26800000,0x000000dd26900000)]
  0x000006cdb2d264d0 JavaThread "Direct Clip" daemon [_thread_blocked, id=28236, stack(0x000000dd26900000,0x000000dd26a00000)]
  0x000006cdb34fd420 JavaThread "Direct Clip" daemon [_thread_blocked, id=36640, stack(0x000000dd26a00000,0x000000dd26b00000)]
  0x000006cdb34fca00 JavaThread "Direct Clip" daemon [_thread_blocked, id=6560, stack(0x000000dd26b00000,0x000000dd26c00000)]
  0x000006cdb34fbfe0 JavaThread "Direct Clip" daemon [_thread_blocked, id=38656, stack(0x000000dd26c00000,0x000000dd26d00000)]
  0x000006cdb34fcf10 JavaThread "Direct Clip" daemon [_thread_blocked, id=29384, stack(0x000000dd26d00000,0x000000dd26e00000)]
  0x000006cdb34fd930 JavaThread "Direct Clip" daemon [_thread_blocked, id=11272, stack(0x000000dd26e00000,0x000000dd26f00000)]
  0x000006cdb34fed70 JavaThread "Direct Clip" daemon [_thread_blocked, id=25040, stack(0x000000dd26f00000,0x000000dd27000000)]
  0x000006cdb34fde40 JavaThread "Direct Clip" daemon [_thread_blocked, id=28332, stack(0x000000dd27000000,0x000000dd27100000)]
  0x000006cdb34fc4f0 JavaThread "Direct Clip" daemon [_thread_blocked, id=36240, stack(0x000000dd27100000,0x000000dd27200000)]
  0x000006cdb34fe860 JavaThread "Direct Clip" daemon [_thread_blocked, id=32336, stack(0x000000dd27200000,0x000000dd27300000)]
  0x000006cdb34fe350 JavaThread "Direct Clip" daemon [_thread_in_native, id=22336, stack(0x000000dd27300000,0x000000dd27400000)]
  0x000006cdb34ff280 JavaThread "Direct Clip" daemon [_thread_in_native, id=25516, stack(0x000000dd27400000,0x000000dd27500000)]
  0x000006cdb34ff790 JavaThread "Direct Clip" daemon [_thread_in_native, id=42220, stack(0x000000dd27500000,0x000000dd27600000)]
  0x000006cdb33edb70 JavaThread "Direct Clip" daemon [_thread_in_native, id=28532, stack(0x000000dd27600000,0x000000dd27700000)]
  0x000006cdb33eeaa0 JavaThread "Direct Clip" daemon [_thread_in_native, id=23372, stack(0x000000dd27700000,0x000000dd27800000)]
  0x000006cdb33ef4c0 JavaThread "Direct Clip" daemon [_thread_blocked, id=19532, stack(0x000000dd27800000,0x000000dd27900000)]
  0x000006cdb33eefb0 JavaThread "Direct Clip" daemon [_thread_in_native, id=31468, stack(0x000000dd27900000,0x000000dd27a00000)]
  0x000006cdb33ef9d0 JavaThread "Direct Clip" daemon [_thread_in_native, id=23612, stack(0x000000dd27a00000,0x000000dd27b00000)]
  0x000006cdb33ecc40 JavaThread "Direct Clip" daemon [_thread_in_native, id=19136, stack(0x000000dd27b00000,0x000000dd27c00000)]
  0x000006cdb33f03f0 JavaThread "Direct Clip" daemon [_thread_blocked, id=33712, stack(0x000000dd27c00000,0x000000dd27d00000)]
  0x000006cdb33efee0 JavaThread "AWT-Shutdown" [_thread_blocked, id=29736, stack(0x000000dd28100000,0x000000dd28200000)]
  0x000006cdb33f0900 JavaThread "AWT-EventQueue-0" [_thread_blocked, id=24456, stack(0x000000dd28200000,0x000000dd28300000)]
  0x000006cdb33f3180 JavaThread "DestroyJavaVM" [_thread_blocked, id=4024, stack(0x000000dd23d00000,0x000000dd23e00000)]
  0x000006cdb33ed660 JavaThread "TimerQueue" daemon [_thread_blocked, id=11676, stack(0x000000dd28600000,0x000000dd28700000)]
  0x000006cdb33ee590 JavaThread "Thread-0" [_thread_blocked, id=41396, stack(0x000000dd28700000,0x000000dd28800000)]
  0x000006cdb33f0e10 JavaThread "fort" [_thread_in_vm, id=39876, stack(0x000000dd28800000,0x000000dd28900000)]
  0x000006cdb33ec220 JavaThread "ToolkitShutdown" daemon [_thread_in_native, id=33008, stack(0x000000dd28b00000,0x000000dd28c00000)]

Other Threads:
  0x000002a799c479f0 VMThread "VM Thread" [stack: 0x000000dd24300000,0x000000dd24400000] [id=30312]
  0x000006cda852e3d0 WatcherThread [stack: 0x000000dd25000000,0x000000dd25100000] [id=18588]
  0x000002a7984723c0 GCTaskThread "GC Thread#0" [stack: 0x000000dd23e00000,0x000000dd23f00000] [id=12220]
  0x000006cdb3200500 GCTaskThread "GC Thread#1" [stack: 0x000000dd25a00000,0x000000dd25b00000] [id=38212]
  0x000006cdb31bbda0 GCTaskThread "GC Thread#2" [stack: 0x000000dd25b00000,0x000000dd25c00000] [id=37424]
  0x000006cdb31b37d0 GCTaskThread "GC Thread#3" [stack: 0x000000dd25c00000,0x000000dd25d00000] [id=6220]
  0x000006cdb31b3a90 GCTaskThread "GC Thread#4" [stack: 0x000000dd25d00000,0x000000dd25e00000] [id=34684]
  0x000006cdb3047040 GCTaskThread "GC Thread#5" [stack: 0x000000dd25e00000,0x000000dd25f00000] [id=1636]
  0x000006cdb3048080 GCTaskThread "GC Thread#6" [stack: 0x000000dd25f00000,0x000000dd26000000] [id=36984]
  0x000006cdb3048340 GCTaskThread "GC Thread#7" [stack: 0x000000dd26000000,0x000000dd26100000] [id=34868]
  0x000006cdb3361550 GCTaskThread "GC Thread#8" [stack: 0x000000dd26100000,0x000000dd26200000] [id=9736]
  0x000006cdb3361810 GCTaskThread "GC Thread#9" [stack: 0x000000dd26200000,0x000000dd26300000] [id=40916]
  0x000002a798474a90 ConcurrentGCThread "G1 Main Marker" [stack: 0x000000dd23f00000,0x000000dd24000000] [id=35308]
  0x000002a7984754b0 ConcurrentGCThread "G1 Conc#0" [stack: 0x000000dd24000000,0x000000dd24100000] [id=13856]
  0x000006cdb3369c20 ConcurrentGCThread "G1 Conc#1" [stack: 0x000000dd26300000,0x000000dd26400000] [id=42668]
  0x000006cdb324f9c0 ConcurrentGCThread "G1 Conc#2" [stack: 0x000000dd26400000,0x000000dd26500000] [id=24796]
  0x000002a7852cea60 ConcurrentGCThread "G1 Refine#0" [stack: 0x000000dd24100000,0x000000dd24200000] [id=15536]
  0x000006cdb36fbc30 ConcurrentGCThread "G1 Refine#1" [stack: 0x000000dd27d00000,0x000000dd27e00000] [id=27152]
  0x000006cdb33eb130 ConcurrentGCThread "G1 Refine#2" [stack: 0x000000dd27e00000,0x000000dd27f00000] [id=39536]
  0x000006cdb3678be0 ConcurrentGCThread "G1 Refine#3" [stack: 0x000000dd27f00000,0x000000dd28000000] [id=27780]
  0x000006cdb3400630 ConcurrentGCThread "G1 Refine#4" [stack: 0x000000dd28000000,0x000000dd28100000] [id=28908]
  0x000002a7984d05e0 ConcurrentGCThread "G1 Service" [stack: 0x000000dd24200000,0x000000dd24300000] [id=35884]

Threads with active compile tasks:

VM state: not at safepoint (normal execution)

VM Mutex/Monitor currently owned by a thread: None

CDS archive(s) not mapped
Compressed class space mapped at: 0x0000000080000000-0x00000000c0000000, reserved size: 1073741824
Narrow klass base: 0x0000000000000000, Narrow klass shift: 0, Narrow klass range: 0xc0000000

GC Precious Log:
 CPUs: 12 total, 12 available
 Memory: 16254M
 Large Page Support: Disabled
 NUMA Support: Disabled
 Compressed Oops: Disabled
 Heap Region Size: 32M
 Heap Min Capacity: 32M
 Heap Initial Capacity: 256M
 Heap Max Capacity: 4096G
 Pre-touch: Disabled
 Parallel Workers: 10
 Concurrent Workers: 3
 Concurrent Refinement Workers: 10
 Periodic GC: Disabled

Heap:
 garbage-first heap   total 655360K, used 304092K [0x000002a79a000000, 0x000006a79a000000)
  region size 32768K, 2 young (65536K), 1 survivors (32768K)
 Metaspace       used 23647K, committed 23936K, reserved 1114112K
  class space    used 2497K, committed 2624K, reserved 1048576K

Heap Regions: E=young(eden), S=young(survivor), O=old, HS=humongous(starts), HC=humongous(continues), CS=collection set, F=free, OA=open archive, CA=closed archive, TAMS=top-at-mark-start (previous, next)
|   0|0x000002a79a000000, 0x000002a79c000000, 0x000002a79c000000|100%|HS|  |TAMS 0x000002a79c000000, 0x000002a79a000000| Complete 
|   1|0x000002a79c000000, 0x000002a79c2dcc00, 0x000002a79e000000|  8%| O|  |TAMS 0x000002a79c000000, 0x000002a79c000000| Untracked 
|   2|0x000002a79e000000, 0x000002a7a0000000, 0x000002a7a0000000|100%|HS|  |TAMS 0x000002a7a0000000, 0x000002a79e000000| Complete 
|   3|0x000002a7a0000000, 0x000002a7a2000000, 0x000002a7a2000000|100%|HC|  |TAMS 0x000002a7a2000000, 0x000002a7a0000000| Complete 
|   4|0x000002a7a2000000, 0x000002a7a4000000, 0x000002a7a4000000|100%| O|  |TAMS 0x000002a7a4000000, 0x000002a7a2000000| Complete 
|   5|0x000002a7a4000000, 0x000002a7a6000000, 0x000002a7a6000000|100%| O|  |TAMS 0x000002a7a6000000, 0x000002a7a4000000| Untracked 
|   6|0x000002a7a6000000, 0x000002a7a8000000, 0x000002a7a8000000|100%| O|  |TAMS 0x000002a7a8000000, 0x000002a7a6000000| Untracked 
|   7|0x000002a7a8000000, 0x000002a7aa000000, 0x000002a7aa000000|100%| O|  |TAMS 0x000002a7aa000000, 0x000002a7a8000000| Untracked 
|   8|0x000002a7aa000000, 0x000002a7ac000000, 0x000002a7ac000000|100%| O|  |TAMS 0x000002a7ac000000, 0x000002a7aa000000| Untracked 
|   9|0x000002a7ac000000, 0x000002a7ae000000, 0x000002a7ae000000|100%| O|  |TAMS 0x000002a7ac79c600, 0x000002a7ac000000| Untracked 
|  10|0x000002a7ae000000, 0x000002a7ae000000, 0x000002a7b0000000|  0%| F|  |TAMS 0x000002a7ae000000, 0x000002a7ae000000| Untracked 
|  11|0x000002a7b0000000, 0x000002a7b0000000, 0x000002a7b2000000|  0%| F|  |TAMS 0x000002a7b0000000, 0x000002a7b0000000| Untracked 
|  12|0x000002a7b2000000, 0x000002a7b2000000, 0x000002a7b4000000|  0%| F|  |TAMS 0x000002a7b2000000, 0x000002a7b2000000| Untracked 
|  13|0x000002a7b4000000, 0x000002a7b4000000, 0x000002a7b6000000|  0%| F|  |TAMS 0x000002a7b4000000, 0x000002a7b4000000| Untracked 
|  14|0x000002a7b6000000, 0x000002a7b6000000, 0x000002a7b8000000|  0%| F|  |TAMS 0x000002a7b6000000, 0x000002a7b6000000| Untracked 
|  15|0x000002a7b8000000, 0x000002a7b8000000, 0x000002a7ba000000|  0%| F|  |TAMS 0x000002a7b8000000, 0x000002a7b8000000| Untracked 
|  16|0x000002a7ba000000, 0x000002a7ba61a4c0, 0x000002a7bc000000| 19%| S|CS|TAMS 0x000002a7ba000000, 0x000002a7ba000000| Complete 
|  17|0x000002a7bc000000, 0x000002a7bc551e98, 0x000002a7be000000| 16%| E|  |TAMS 0x000002a7bc000000, 0x000002a7bc000000| Complete 
|  18|0x000002a7be000000, 0x000002a7be000000, 0x000002a7c0000000|  0%| F|  |TAMS 0x000002a7be000000, 0x000002a7be000000| Untracked 
|  19|0x000002a7c0000000, 0x000002a7c0000000, 0x000002a7c2000000|  0%| F|  |TAMS 0x000002a7c0000000, 0x000002a7c0000000| Untracked 

Card table byte_map: [0x000006a9a2010000,0x000006aba2010000] _byte_map_base: 0x000006a84e340000

Marking Bits (Prev, Next): (CMBitMap*) 0x000002a7984729e0, (CMBitMap*) 0x000002a798472a20
 Prev Bits: [0x000006ada2010000, 0x000006bda2010000)
 Next Bits: [0x000006bda2010000, 0x000006cda2010000)

Polling page: 0x000002a7831d0000

Metaspace:

Usage:
  Non-class:     20.65 MB used.
      Class:      2.44 MB used.
       Both:     23.09 MB used.

Virtual space:
  Non-class space:       64.00 MB reserved,      20.81 MB ( 33%) committed,  1 nodes.
      Class space:        1.00 GB reserved,       2.56 MB ( <1%) committed,  1 nodes.
             Both:        1.06 GB reserved,      23.38 MB (  2%) committed. 

Chunk freelists:
   Non-Class:  10.95 MB
       Class:  13.25 MB
        Both:  24.20 MB

MaxMetaspaceSize: unlimited
CompressedClassSpaceSize: 1.00 GB
Initial GC threshold: 21.00 MB
Current GC threshold: 39.00 MB
CDS: off
MetaspaceReclaimPolicy: balanced
 - commit_granule_bytes: 65536.
 - commit_granule_words: 8192.
 - virtual_space_node_default_size: 8388608.
 - enlarge_chunks_in_place: 1.
 - new_chunks_are_fully_committed: 0.
 - uncommit_free_chunks: 1.
 - use_allocation_guard: 0.
 - handle_deallocations: 1.


Internal statistics:

num_allocs_failed_limit: 0.
num_arena_births: 284.
num_arena_deaths: 0.
num_vsnodes_births: 2.
num_vsnodes_deaths: 0.
num_space_committed: 374.
num_space_uncommitted: 0.
num_chunks_returned_to_freelist: 0.
num_chunks_taken_from_freelist: 426.
num_chunk_merges: 0.
num_chunk_splits: 237.
num_chunks_enlarged: 116.
num_inconsistent_stats: 0.

CodeHeap 'non-profiled nmethods': size=120000Kb used=1174Kb max_used=1174Kb free=118825Kb
 bounds [0x000002a790890000, 0x000002a790b00000, 0x000002a797dc0000]
CodeHeap 'profiled nmethods': size=120000Kb used=5056Kb max_used=5056Kb free=114943Kb
 bounds [0x000002a788dc0000, 0x000002a7892c0000, 0x000002a7902f0000]
CodeHeap 'non-nmethods': size=5760Kb used=1337Kb max_used=1409Kb free=4422Kb
 bounds [0x000002a7902f0000, 0x000002a790560000, 0x000002a790890000]
 total_blobs=3440 nmethods=2762 adapters=590
 compilation: enabled
              stopped_count=0, restarted_count=0
 full_count=0

Compilation events (20 events):
Event: 23.449 Thread 0x000002a799c8b4b0 2753       3       java.util.Collections$UnmodifiableCollection::contains (11 bytes)
Event: 23.449 Thread 0x000002a799c8b4b0 nmethod 2753 0x000002a7892abe90 code [0x000002a7892ac040, 0x000002a7892ac208]
Event: 23.664 Thread 0x000002a799c8b4b0 2754       3       sun.java2d.SurfaceData::getTextPipe (120 bytes)
Event: 23.664 Thread 0x000002a799c8b4b0 nmethod 2754 0x000002a7892ac310 code [0x000002a7892ac500, 0x000002a7892ac9c8]
Event: 23.681 Thread 0x000002a799c8b4b0 2755   !   3       sun.font.FontStrikeDesc::equals (53 bytes)
Event: 23.681 Thread 0x000002a799c8b4b0 nmethod 2755 0x000002a7892acb10 code [0x000002a7892acce0, 0x000002a7892ad098]
Event: 23.732 Thread 0x000002a799c8b4b0 2756       3       sun.java2d.pipe.PixelToParallelogramConverter::<init> (38 bytes)
Event: 23.732 Thread 0x000002a799c8b4b0 nmethod 2756 0x000002a7892ad290 code [0x000002a7892ad460, 0x000002a7892ad6f8]
Event: 23.780 Thread 0x000002a799c8b4b0 2757   !   3       java.awt.KeyboardFocusManager::getFocusOwner (42 bytes)
Event: 23.781 Thread 0x000002a799c8b4b0 nmethod 2757 0x000002a7892ad810 code [0x000002a7892ad9e0, 0x000002a7892add48]
Event: 23.782 Thread 0x000002a799c8b4b0 2758       3       sun.awt.image.SunVolatileImage::getFont (43 bytes)
Event: 23.783 Thread 0x000002a799c8b4b0 nmethod 2758 0x000002a7892ade90 code [0x000002a7892ae060, 0x000002a7892ae538]
Event: 23.868 Thread 0x000002a799c8b4b0 2759       3       java.awt.geom.AffineTransform::<init> (57 bytes)
Event: 23.868 Thread 0x000002a799c8b4b0 nmethod 2759 0x000002a7892ae690 code [0x000002a7892ae840, 0x000002a7892aeb28]
Event: 23.868 Thread 0x000002a799c8b4b0 2760       3       sun.font.Font2D::getStrike (27 bytes)
Event: 23.868 Thread 0x000002a799c8b4b0 nmethod 2760 0x000002a7892aec90 code [0x000002a7892aee40, 0x000002a7892af158]
Event: 23.925 Thread 0x000002a799c885e0 2761  s    4       java.awt.KeyboardFocusManager::getCurrentKeyboardFocusManager (32 bytes)
Event: 23.926 Thread 0x000002a799c885e0 nmethod 2761 0x000002a7909b5590 code [0x000002a7909b5720, 0x000002a7909b5a08]
Event: 24.132 Thread 0x000002a799c8b4b0 2762       3       java.util.WeakHashMap::get (75 bytes)
Event: 24.132 Thread 0x000002a799c8b4b0 nmethod 2762 0x000002a7892af290 code [0x000002a7892af4c0, 0x000002a7892afd78]

GC Heap History (20 events):
Event: 1.273 GC heap before
{Heap before GC invocations=1 (full 0):
 garbage-first heap   total 262144K, used 102507K [0x000002a79a000000, 0x000006a79a000000)
  region size 32768K, 2 young (65536K), 1 survivors (32768K)
 Metaspace       used 16505K, committed 16768K, reserved 1114112K
  class space    used 1554K, committed 1664K, reserved 1048576K
}
Event: 1.279 GC heap after
{Heap after GC invocations=2 (full 0):
 garbage-first heap   total 262144K, used 69778K [0x000002a79a000000, 0x000006a79a000000)
  region size 32768K, 1 young (32768K), 1 survivors (32768K)
 Metaspace       used 16505K, committed 16768K, reserved 1114112K
  class space    used 1554K, committed 1664K, reserved 1048576K
}
Event: 1.368 GC heap before
{Heap before GC invocations=2 (full 0):
 garbage-first heap   total 262144K, used 69778K [0x000002a79a000000, 0x000006a79a000000)
  region size 32768K, 2 young (65536K), 1 survivors (32768K)
 Metaspace       used 16506K, committed 16768K, reserved 1114112K
  class space    used 1554K, committed 1664K, reserved 1048576K
}
Event: 1.373 GC heap after
{Heap after GC invocations=3 (full 0):
 garbage-first heap   total 262144K, used 69897K [0x000002a79a000000, 0x000006a79a000000)
  region size 32768K, 1 young (32768K), 1 survivors (32768K)
 Metaspace       used 16506K, committed 16768K, reserved 1114112K
  class space    used 1554K, committed 1664K, reserved 1048576K
}
Event: 1.400 GC heap before
{Heap before GC invocations=3 (full 0):
 garbage-first heap   total 262144K, used 135433K [0x000002a79a000000, 0x000006a79a000000)
  region size 32768K, 2 young (65536K), 1 survivors (32768K)
 Metaspace       used 16506K, committed 16768K, reserved 1114112K
  class space    used 1554K, committed 1664K, reserved 1048576K
}
Event: 1.405 GC heap after
{Heap after GC invocations=4 (full 0):
 garbage-first heap   total 262144K, used 135340K [0x000002a79a000000, 0x000006a79a000000)
  region size 32768K, 1 young (32768K), 1 survivors (32768K)
 Metaspace       used 16506K, committed 16768K, reserved 1114112K
  class space    used 1554K, committed 1664K, reserved 1048576K
}
Event: 1.584 GC heap before
{Heap before GC invocations=5 (full 0):
 garbage-first heap   total 393216K, used 233644K [0x000002a79a000000, 0x000006a79a000000)
  region size 32768K, 2 young (65536K), 1 survivors (32768K)
 Metaspace       used 16506K, committed 16768K, reserved 1114112K
  class space    used 1554K, committed 1664K, reserved 1048576K
}
Event: 1.590 GC heap after
{Heap after GC invocations=6 (full 0):
 garbage-first heap   total 393216K, used 211440K [0x000002a79a000000, 0x000006a79a000000)
  region size 32768K, 1 young (32768K), 1 survivors (32768K)
 Metaspace       used 16506K, committed 16768K, reserved 1114112K
  class space    used 1554K, committed 1664K, reserved 1048576K
}
Event: 1.655 GC heap before
{Heap before GC invocations=6 (full 0):
 garbage-first heap   total 393216K, used 211440K [0x000002a79a000000, 0x000006a79a000000)
  region size 32768K, 2 young (65536K), 1 survivors (32768K)
 Metaspace       used 16519K, committed 16768K, reserved 1114112K
  class space    used 1556K, committed 1664K, reserved 1048576K
}
Event: 1.662 GC heap after
{Heap after GC invocations=7 (full 0):
 garbage-first heap   total 393216K, used 85224K [0x000002a79a000000, 0x000006a79a000000)
  region size 32768K, 1 young (32768K), 1 survivors (32768K)
 Metaspace       used 16519K, committed 16768K, reserved 1114112K
  class space    used 1556K, committed 1664K, reserved 1048576K
}
Event: 2.243 GC heap before
{Heap before GC invocations=8 (full 0):
 garbage-first heap   total 393216K, used 216296K [0x000002a79a000000, 0x000006a79a000000)
  region size 32768K, 5 young (163840K), 1 survivors (32768K)
 Metaspace       used 17145K, committed 17344K, reserved 1114112K
  class space    used 1637K, committed 1728K, reserved 1048576K
}
Event: 2.266 GC heap after
{Heap after GC invocations=9 (full 0):
 garbage-first heap   total 393216K, used 211123K [0x000002a79a000000, 0x000006a79a000000)
  region size 32768K, 1 young (32768K), 1 survivors (32768K)
 Metaspace       used 17145K, committed 17344K, reserved 1114112K
  class space    used 1637K, committed 1728K, reserved 1048576K
}
Event: 3.474 GC heap before
{Heap before GC invocations=9 (full 0):
 garbage-first heap   total 393216K, used 243891K [0x000002a79a000000, 0x000006a79a000000)
  region size 32768K, 2 young (65536K), 1 survivors (32768K)
 Metaspace       used 17366K, committed 17600K, reserved 1114112K
  class space    used 1670K, committed 1728K, reserved 1048576K
}
Event: 3.489 GC heap after
{Heap after GC invocations=10 (full 0):
 garbage-first heap   total 589824K, used 241113K [0x000002a79a000000, 0x000006a79a000000)
  region size 32768K, 1 young (32768K), 1 survivors (32768K)
 Metaspace       used 17366K, committed 17600K, reserved 1114112K
  class space    used 1670K, committed 1728K, reserved 1048576K
}
Event: 4.931 GC heap before
{Heap before GC invocations=11 (full 0):
 garbage-first heap   total 589824K, used 273881K [0x000002a79a000000, 0x000006a79a000000)
  region size 32768K, 2 young (65536K), 1 survivors (32768K)
 Metaspace       used 17366K, committed 17600K, reserved 1114112K
  class space    used 1670K, committed 1728K, reserved 1048576K
}
Event: 4.950 GC heap after
{Heap after GC invocations=12 (full 0):
 garbage-first heap   total 589824K, used 275197K [0x000002a79a000000, 0x000006a79a000000)
  region size 32768K, 1 young (32768K), 1 survivors (32768K)
 Metaspace       used 17366K, committed 17600K, reserved 1114112K
  class space    used 1670K, committed 1728K, reserved 1048576K
}
Event: 17.223 GC heap before
{Heap before GC invocations=12 (full 0):
 garbage-first heap   total 589824K, used 307965K [0x000002a79a000000, 0x000006a79a000000)
  region size 32768K, 2 young (65536K), 1 survivors (32768K)
 Metaspace       used 23320K, committed 23552K, reserved 1114112K
  class space    used 2477K, committed 2560K, reserved 1048576K
}
Event: 17.240 GC heap after
{Heap after GC invocations=13 (full 0):
 garbage-first heap   total 589824K, used 297330K [0x000002a79a000000, 0x000006a79a000000)
  region size 32768K, 1 young (32768K), 1 survivors (32768K)
 Metaspace       used 23320K, committed 23552K, reserved 1114112K
  class space    used 2477K, committed 2560K, reserved 1048576K
}
Event: 23.833 GC heap before
{Heap before GC invocations=13 (full 0):
 garbage-first heap   total 589824K, used 330098K [0x000002a79a000000, 0x000006a79a000000)
  region size 32768K, 2 young (65536K), 1 survivors (32768K)
 Metaspace       used 23640K, committed 23936K, reserved 1114112K
  class space    used 2494K, committed 2624K, reserved 1048576K
}
Event: 23.844 GC heap after
{Heap after GC invocations=14 (full 0):
 garbage-first heap   total 589824K, used 304092K [0x000002a79a000000, 0x000006a79a000000)
  region size 32768K, 1 young (32768K), 1 survivors (32768K)
 Metaspace       used 23640K, committed 23936K, reserved 1114112K
  class space    used 2494K, committed 2624K, reserved 1048576K
}

Dll operation events (3 events):
Event: 0.007 Loaded shared library C:\Users\bader\.jdks\jbrsdk_jcef-17.0.9\bin\java.dll
Event: 0.101 Loaded shared library C:\Users\bader\.jdks\jbrsdk_jcef-17.0.9\bin\jsvml.dll
Event: 0.194 Loaded shared library C:\Users\bader\.jdks\jbrsdk_jcef-17.0.9\bin\zip.dll

Deoptimization events (20 events):
Event: 19.872 Thread 0x000006cdb33ee590 DEOPT PACKING pc=0x000002a79097ae98 sp=0x000000dd287fee90
Event: 19.872 Thread 0x000006cdb33ee590 DEOPT UNPACKING pc=0x000002a7903469a3 sp=0x000000dd287fee08 mode 2
Event: 19.873 Thread 0x000006cdb33ee590 Uncommon trap: trap_request=0xffffff45 fr.pc=0x000002a790983324 relative=0x0000000000000904
Event: 19.873 Thread 0x000006cdb33ee590 Uncommon trap: reason=unstable_if action=reinterpret pc=0x000002a790983324 method=net.sendback.util.components.menus.GameCanvas.getTexture([[Lnet/sendback/objects/Tile;II)Ljava/awt/image/BufferedImage; @ 141 c2
Event: 19.873 Thread 0x000006cdb33ee590 DEOPT PACKING pc=0x000002a790983324 sp=0x000000dd287ff3f0
Event: 19.873 Thread 0x000006cdb33ee590 DEOPT UNPACKING pc=0x000002a7903469a3 sp=0x000000dd287ff398 mode 2
Event: 20.366 Thread 0x000006cdb33ee590 Uncommon trap: trap_request=0xffffff45 fr.pc=0x000002a790999978 relative=0x0000000000000958
Event: 20.366 Thread 0x000006cdb33ee590 Uncommon trap: reason=unstable_if action=reinterpret pc=0x000002a790999978 method=net.sendback.util.components.menus.GameCanvas.getTexture([[Lnet/sendback/objects/Tile;II)Ljava/awt/image/BufferedImage; @ 311 c2
Event: 20.366 Thread 0x000006cdb33ee590 DEOPT PACKING pc=0x000002a790999978 sp=0x000000dd287ff420
Event: 20.366 Thread 0x000006cdb33ee590 DEOPT UNPACKING pc=0x000002a7903469a3 sp=0x000000dd287ff3a8 mode 2
Event: 21.283 Thread 0x000006cdb33ee590 Uncommon trap: trap_request=0xffffff45 fr.pc=0x000002a79099bc50 relative=0x0000000000000530
Event: 21.283 Thread 0x000006cdb33ee590 Uncommon trap: reason=unstable_if action=reinterpret pc=0x000002a79099bc50 method=net.sendback.util.components.menus.GameCanvas.getTexture([[Lnet/sendback/objects/Tile;II)Ljava/awt/image/BufferedImage; @ 190 c2
Event: 21.283 Thread 0x000006cdb33ee590 DEOPT PACKING pc=0x000002a79099bc50 sp=0x000000dd287ff420
Event: 21.283 Thread 0x000006cdb33ee590 DEOPT UNPACKING pc=0x000002a7903469a3 sp=0x000000dd287ff3a8 mode 2
Event: 21.794 Thread 0x000006cdb33ee590 Uncommon trap: trap_request=0xffffff45 fr.pc=0x000002a7909aa78c relative=0x00000000000009cc
Event: 21.794 Thread 0x000006cdb33ee590 Uncommon trap: reason=unstable_if action=reinterpret pc=0x000002a7909aa78c method=net.sendback.util.components.menus.GameCanvas.getTexture([[Lnet/sendback/objects/Tile;II)Ljava/awt/image/BufferedImage; @ 422 c2
Event: 21.794 Thread 0x000006cdb33ee590 DEOPT PACKING pc=0x000002a7909aa78c sp=0x000000dd287ff420
Event: 21.794 Thread 0x000006cdb33ee590 DEOPT UNPACKING pc=0x000002a7903469a3 sp=0x000000dd287ff3a8 mode 2
Event: 22.388 Thread 0x000006cdb33ee590 DEOPT PACKING pc=0x000002a789276374 sp=0x000000dd287ff460
Event: 22.389 Thread 0x000006cdb33ee590 DEOPT UNPACKING pc=0x000002a790347143 sp=0x000000dd287fe918 mode 0

Classes unloaded (0 events):
No events

Classes redefined (0 events):
No events

Internal exceptions (20 events):
Event: 1.006 Thread 0x000002a785211020 Exception <a 'java/lang/NoSuchMethodError'{0x000002a7a9646f18}: 'int java.lang.invoke.DirectMethodHandle$Holder.invokeStatic(java.lang.Object, long)'> (0x000002a7a9646f18) 
thrown [s\src\hotspot\share\interpreter\linkResolver.cpp, line 771]
Event: 1.010 Thread 0x000002a785211020 Exception <a 'java/lang/NoSuchMethodError'{0x000002a7a9675a08}: 'int java.lang.invoke.Invokers$Holder.linkToTargetMethod(java.lang.Object, java.lang.Object)'> (0x000002a7a9675a08) 
thrown [s\src\hotspot\share\interpreter\linkResolver.cpp, line 771]
Event: 3.216 Thread 0x000002a785211020 Exception <a 'java/lang/NoSuchMethodError'{0x000002a7b1707338}: 'void java.lang.invoke.DirectMethodHandle$Holder.invokeSpecial(java.lang.Object, java.lang.Object, java.lang.Object)'> (0x000002a7b1707338) 
thrown [s\src\hotspot\share\interpreter\linkResolver.cpp, line 771]
Event: 5.143 Thread 0x000002a785211020 Exception <a 'java/lang/NoSuchMethodError'{0x000002a7bc364778}: 'void java.lang.invoke.DirectMethodHandle$Holder.invokeStaticInit(java.lang.Object)'> (0x000002a7bc364778) 
thrown [s\src\hotspot\share\interpreter\linkResolver.cpp, line 771]
Event: 5.166 Thread 0x000006cdb33f0900 Exception <a 'java/lang/NoSuchMethodError'{0x000002a7bc42d118}: 'java.lang.Object java.lang.invoke.DirectMethodHandle$Holder.newInvokeSpecial(java.lang.Object, java.lang.Object, java.lang.Object, java.lang.Object, java.lang.Object)'> (0x000002a7bc42d118) 
thrown [s\src\hotspot\share\interpreter\linkResolver.cpp, line 771]
Event: 5.167 Thread 0x000006cdb33f0900 Exception <a 'java/lang/NoSuchMethodError'{0x000002a7bc43b9e8}: 'java.lang.Object java.lang.invoke.DirectMethodHandle$Holder.invokeStatic(java.lang.Object, int, java.lang.Object, java.lang.Object, java.lang.Object, java.lang.Object)'> (0x000002a7bc43b9e8) 
thrown [s\src\hotspot\share\interpreter\linkResolver.cpp, line 771]
Event: 5.193 Thread 0x000006cdb33f0900 Exception <a 'java/lang/ClassNotFoundException'{0x000002a7bc607690}: com/sun/swing/internal/plaf/metal/resources/spi/metalProvider> (0x000002a7bc607690) 
thrown [s\src\hotspot\share\classfile\systemDictionary.cpp, line 256]
Event: 5.194 Thread 0x000006cdb33f0900 Exception <a 'java/lang/ClassNotFoundException'{0x000002a7bc60d5e8}: com/sun/swing/internal/plaf/basic/resources/spi/basicProvider> (0x000002a7bc60d5e8) 
thrown [s\src\hotspot\share\classfile\systemDictionary.cpp, line 256]
Event: 5.196 Thread 0x000006cdb33f0900 Exception <a 'java/lang/NoSuchMethodError'{0x000002a7bc6319a0}: 'java.lang.Object java.lang.invoke.Invokers$Holder.linkToTargetMethod(java.lang.Object, int, java.lang.Object, java.lang.Object, java.lang.Object)'> (0x000002a7bc6319a0) 
thrown [s\src\hotspot\share\interpreter\linkResolver.cpp, line 771]
Event: 5.214 Thread 0x000006cdb322bf10 Exception <a 'java/lang/NoSuchMethodError'{0x000002a7bc6ea9d0}: 'void java.lang.invoke.DirectMethodHandle$Holder.invokeVirtual(java.lang.Object, java.lang.Object)'> (0x000002a7bc6ea9d0) 
thrown [s\src\hotspot\share\interpreter\linkResolver.cpp, line 771]
Event: 5.229 Thread 0x000006cdb33f0900 Exception <a 'java/lang/NoSuchMethodError'{0x000002a7bc6bf900}: 'java.lang.Object java.lang.invoke.DirectMethodHandle$Holder.newInvokeSpecial(java.lang.Object, java.lang.Object, int, int, int, int)'> (0x000002a7bc6bf900) 
thrown [s\src\hotspot\share\interpreter\linkResolver.cpp, line 771]
Event: 5.232 Thread 0x000006cdb33f0900 Exception <a 'java/lang/NoSuchMethodError'{0x000002a7bc6d1650}: 'void java.lang.invoke.DirectMethodHandle$Holder.invokeSpecial(java.lang.Object, java.lang.Object, int, int)'> (0x000002a7bc6d1650) 
thrown [s\src\hotspot\share\interpreter\linkResolver.cpp, line 771]
Event: 5.232 Thread 0x000006cdb33f0900 Exception <a 'java/lang/NoSuchMethodError'{0x000002a7bc6d94b8}: 'java.lang.Object java.lang.invoke.DirectMethodHandle$Holder.newInvokeSpecial(java.lang.Object, java.lang.Object, int, int)'> (0x000002a7bc6d94b8) 
thrown [s\src\hotspot\share\interpreter\linkResolver.cpp, line 771]
Event: 5.318 Thread 0x000006cdb33f0900 Exception <a 'java/lang/NoSuchMethodError'{0x000002a7bc82b688}: 'java.lang.Object java.lang.invoke.Invokers$Holder.invoke_MT(java.lang.Object, java.lang.Object, java.lang.Object)'> (0x000002a7bc82b688) 
thrown [s\src\hotspot\share\interpreter\linkResolver.cpp, line 771]
Event: 5.319 Thread 0x000006cdb33f0900 Exception <a 'java/lang/NoSuchMethodError'{0x000002a7bc839b98}: 'int java.lang.invoke.Invokers$Holder.invoke_MT(java.lang.Object, java.lang.Object, java.lang.Object)'> (0x000002a7bc839b98) 
thrown [s\src\hotspot\share\interpreter\linkResolver.cpp, line 771]
Event: 5.964 Thread 0x000006cdb33f0900 Exception <a 'java/lang/NoSuchMethodError'{0x000002a7bc886a08}: 'void java.lang.invoke.DirectMethodHandle$Holder.invokeStatic(java.lang.Object, java.lang.Object, java.lang.Object)'> (0x000002a7bc886a08) 
thrown [s\src\hotspot\share\interpreter\linkResolver.cpp, line 771]
Event: 8.656 Thread 0x000006cdb33f0e10 Exception <a 'java/lang/NoSuchMethodError'{0x000002a7bca22940}: 'java.lang.Object java.lang.invoke.DirectMethodHandle$Holder.newInvokeSpecial(java.lang.Object, java.lang.Object, java.lang.Object, int, int, int, int, int)'> (0x000002a7bca22940) 
thrown [s\src\hotspot\share\interpreter\linkResolver.cpp, line 771]
Event: 8.737 Thread 0x000006cdb33f0900 Exception <a 'java/lang/NoSuchMethodError'{0x000002a7bcb5afb8}: 'int java.lang.invoke.DirectMethodHandle$Holder.invokeStatic(java.lang.Object)'> (0x000002a7bcb5afb8) 
thrown [s\src\hotspot\share\interpreter\linkResolver.cpp, line 771]
Event: 19.839 Thread 0x000006cdb33ee590 Implicit null exception at 0x000002a7909871ef to 0x000002a790987d88
Event: 19.839 Thread 0x000006cdb33ee590 Implicit null exception at 0x000002a790986100 to 0x000002a79098668c

VM Operations (20 events):
Event: 17.223 Executing VM operation: G1CollectForAllocation
Event: 17.240 Executing VM operation: G1CollectForAllocation done
Event: 18.245 Executing VM operation: Cleanup
Event: 18.245 Executing VM operation: Cleanup done
Event: 19.260 Executing VM operation: Cleanup
Event: 19.260 Executing VM operation: Cleanup done
Event: 20.266 Executing VM operation: Cleanup
Event: 20.266 Executing VM operation: Cleanup done
Event: 21.277 Executing VM operation: Cleanup
Event: 21.277 Executing VM operation: Cleanup done
Event: 22.283 Executing VM operation: Cleanup
Event: 22.284 Executing VM operation: Cleanup done
Event: 23.287 Executing VM operation: Cleanup
Event: 23.287 Executing VM operation: Cleanup done
Event: 23.833 Executing VM operation: G1CollectForAllocation
Event: 23.844 Executing VM operation: G1CollectForAllocation done
Event: 23.916 Executing VM operation: G1PauseRemark
Event: 23.918 Executing VM operation: G1PauseRemark done
Event: 23.941 Executing VM operation: G1PauseCleanup
Event: 23.942 Executing VM operation: G1PauseCleanup done

Events (20 events):
Event: 18.342 loading class sun/java2d/pipe/SpanIterator
Event: 18.342 loading class sun/java2d/pipe/SpanIterator done
Event: 18.342 loading class sun/java2d/pipe/RegionSpanIterator done
Event: 18.954 loading class java/awt/image/BufferedImageOp
Event: 18.954 loading class java/awt/image/BufferedImageOp done
Event: 18.955 Thread 0x000006cda85b7720 Thread added: 0x000006cda85b7720
Event: 19.175 Thread 0x000006cda85b7720 Thread exited: 0x000006cda85b7720
Event: 19.582 loading class java/lang/NoSuchFieldError
Event: 19.582 loading class java/lang/NoSuchFieldError done
Event: 24.243 Thread 0x000006cdb33f2c70 Thread added: 0x000006cdb33f2c70
Event: 24.244 Thread 0x000006cdb33ec220 Thread added: 0x000006cdb33ec220
Event: 24.244 Thread 0x000006cdb33f3ba0 Thread added: 0x000006cdb33f3ba0
Event: 24.244 loading class java/util/WeakHashMap$KeyIterator
Event: 24.244 loading class java/util/WeakHashMap$HashIterator
Event: 24.244 loading class java/util/WeakHashMap$HashIterator done
Event: 24.244 loading class java/util/WeakHashMap$KeyIterator done
Event: 24.244 Thread 0x000006cdb33f2c70 Thread exited: 0x000006cdb33f2c70
Event: 24.244 loading class sun/font/SunFontManager$8$1
Event: 24.244 loading class sun/font/SunFontManager$8$1 done
Event: 24.247 Thread 0x000006cdb33f3ba0 Thread exited: 0x000006cdb33f3ba0


Dynamic libraries:
0x00007ff782070000 - 0x00007ff78207a000 	C:\Users\bader\.jdks\jbrsdk_jcef-17.0.9\bin\java.exe
0x00007ffed6e90000 - 0x00007ffed7088000 	C:\Windows\SYSTEM32\ntdll.dll
0x00007ffed4f20000 - 0x00007ffed4fe2000 	C:\Windows\System32\KERNEL32.DLL
0x00007ffed4960000 - 0x00007ffed4c5e000 	C:\Windows\System32\KERNELBASE.dll
0x00007ffed4db0000 - 0x00007ffed4eb0000 	C:\Windows\System32\ucrtbase.dll
0x00007ffecbf60000 - 0x00007ffecbf77000 	C:\Users\bader\.jdks\jbrsdk_jcef-17.0.9\bin\jli.dll
0x00007ffec3f90000 - 0x00007ffec3fab000 	C:\Users\bader\.jdks\jbrsdk_jcef-17.0.9\bin\VCRUNTIME140.dll
0x00007ffed6bd0000 - 0x00007ffed6d6d000 	C:\Windows\System32\USER32.dll
0x00007ffed4650000 - 0x00007ffed4672000 	C:\Windows\System32\win32u.dll
0x00007ffeba210000 - 0x00007ffeba4aa000 	C:\Windows\WinSxS\amd64_microsoft.windows.common-controls_6595b64144ccf1df_6.0.19041.4355_none_60b8b9eb71f62e16\COMCTL32.dll
0x00007ffed61a0000 - 0x00007ffed61cb000 	C:\Windows\System32\GDI32.dll
0x00007ffed67d0000 - 0x00007ffed686e000 	C:\Windows\System32\msvcrt.dll
0x00007ffed4530000 - 0x00007ffed4647000 	C:\Windows\System32\gdi32full.dll
0x00007ffed4d10000 - 0x00007ffed4dad000 	C:\Windows\System32\msvcp_win.dll
0x00007ffed6100000 - 0x00007ffed612f000 	C:\Windows\System32\IMM32.DLL
0x00007ffecbf50000 - 0x00007ffecbf5c000 	C:\Users\bader\.jdks\jbrsdk_jcef-17.0.9\bin\vcruntime140_1.dll
0x00007ffeb8c40000 - 0x00007ffeb8ccd000 	C:\Users\bader\.jdks\jbrsdk_jcef-17.0.9\bin\msvcp140.dll
0x00007ffe57490000 - 0x00007ffe58112000 	C:\Users\bader\.jdks\jbrsdk_jcef-17.0.9\bin\server\jvm.dll
0x00007ffed6d90000 - 0x00007ffed6e41000 	C:\Windows\System32\ADVAPI32.dll
0x00007ffed5e40000 - 0x00007ffed5edf000 	C:\Windows\System32\sechost.dll
0x00007ffed62a0000 - 0x00007ffed63c3000 	C:\Windows\System32\RPCRT4.dll
0x00007ffed4760000 - 0x00007ffed4787000 	C:\Windows\System32\bcrypt.dll
0x00007ffed3a60000 - 0x00007ffed3aab000 	C:\Windows\SYSTEM32\POWRPROF.dll
0x00007ffeb9a40000 - 0x00007ffeb9a67000 	C:\Windows\SYSTEM32\WINMM.dll
0x00007ffecf4c0000 - 0x00007ffecf4c9000 	C:\Windows\SYSTEM32\WSOCK32.dll
0x00007ffecd650000 - 0x00007ffecd65a000 	C:\Windows\SYSTEM32\VERSION.dll
0x00007ffed6090000 - 0x00007ffed60fb000 	C:\Windows\System32\WS2_32.dll
0x00007ffed3930000 - 0x00007ffed3942000 	C:\Windows\SYSTEM32\UMPDC.dll
0x00007ffed23b0000 - 0x00007ffed23c2000 	C:\Windows\SYSTEM32\kernel.appcore.dll
0x00007ffecb150000 - 0x00007ffecb15a000 	C:\Users\bader\.jdks\jbrsdk_jcef-17.0.9\bin\jimage.dll
0x00007ffed1cc0000 - 0x00007ffed1ea4000 	C:\Windows\SYSTEM32\DBGHELP.DLL
0x00007ffec4470000 - 0x00007ffec44a4000 	C:\Windows\SYSTEM32\dbgcore.DLL
0x00007ffed46d0000 - 0x00007ffed4752000 	C:\Windows\System32\bcryptPrimitives.dll
0x00007ffeced20000 - 0x00007ffeced2e000 	C:\Users\bader\.jdks\jbrsdk_jcef-17.0.9\bin\instrument.dll
0x00007ffec2380000 - 0x00007ffec23a5000 	C:\Users\bader\.jdks\jbrsdk_jcef-17.0.9\bin\java.dll
0x00007ffec2270000 - 0x00007ffec2288000 	C:\Users\bader\.jdks\jbrsdk_jcef-17.0.9\bin\zip.dll
0x00007ffeb73d0000 - 0x00007ffeb74a7000 	C:\Users\bader\.jdks\jbrsdk_jcef-17.0.9\bin\jsvml.dll
0x00007ffed4ff0000 - 0x00007ffed575d000 	C:\Windows\System32\SHELL32.dll
0x00007ffed25b0000 - 0x00007ffed2d54000 	C:\Windows\SYSTEM32\windows.storage.dll
0x00007ffed6870000 - 0x00007ffed6bc3000 	C:\Windows\System32\combase.dll
0x00007ffed3f60000 - 0x00007ffed3f8e000 	C:\Windows\SYSTEM32\Wldp.dll
0x00007ffed61d0000 - 0x00007ffed629d000 	C:\Windows\System32\OLEAUT32.dll
0x00007ffed65c0000 - 0x00007ffed666d000 	C:\Windows\System32\SHCORE.dll
0x00007ffed6560000 - 0x00007ffed65b5000 	C:\Windows\System32\shlwapi.dll
0x00007ffed4460000 - 0x00007ffed4484000 	C:\Windows\SYSTEM32\profapi.dll
0x00007ffec2080000 - 0x00007ffec2099000 	C:\Users\bader\.jdks\jbrsdk_jcef-17.0.9\bin\net.dll
0x00007ffeccc80000 - 0x00007ffeccd8d000 	C:\Windows\SYSTEM32\WINHTTP.dll
0x00007ffed3cc0000 - 0x00007ffed3d2a000 	C:\Windows\system32\mswsock.dll
0x00007ffec1fb0000 - 0x00007ffec1fc6000 	C:\Users\bader\.jdks\jbrsdk_jcef-17.0.9\bin\nio.dll
0x00007ffebdc70000 - 0x00007ffebdc8a000 	C:\Program Files\JetBrains\IntelliJ IDEA Community Edition 2023.3.6\bin\breakgen64.dll
0x00007ffe852b0000 - 0x00007ffe8544a000 	C:\Users\bader\.jdks\jbrsdk_jcef-17.0.9\bin\awt.dll
0x00007ffeb8d40000 - 0x00007ffeb8d84000 	C:\Users\bader\.jdks\jbrsdk_jcef-17.0.9\bin\nvdaControllerClient64.dll
0x00007ffed20b0000 - 0x00007ffed20df000 	C:\Windows\SYSTEM32\dwmapi.dll
0x00007ffecf1c0000 - 0x00007ffecf254000 	C:\Windows\SYSTEM32\apphelp.dll
0x00007ffeb81e0000 - 0x00007ffeb8308000 	C:\Windows\system32\opengl32.dll
0x00007ffeb7c60000 - 0x00007ffeb7c8c000 	C:\Windows\SYSTEM32\GLU32.dll
0x00007ffed1090000 - 0x00007ffed112e000 	C:\Windows\system32\uxtheme.dll
0x00007ffed5bd0000 - 0x00007ffed5ce5000 	C:\Windows\System32\MSCTF.dll
0x00007ffed5cf0000 - 0x00007ffed5d99000 	C:\Windows\System32\clbcatq.dll
0x00007ffe4ea80000 - 0x00007ffe4fa4a000 	C:\Windows\System32\DriverStore\FileRepository\iigd_dch.inf_amd64_5d54dd32fa1ef4d4\ig9icd64.dll
0x00007ffed6430000 - 0x00007ffed655b000 	C:\Windows\System32\ole32.dll
0x00007ffed2dc0000 - 0x00007ffed2eb6000 	C:\Windows\system32\dxgi.dll
0x00007ffec7a80000 - 0x00007ffec7cbf000 	C:\Windows\System32\DriverStore\FileRepository\iigd_dch.inf_amd64_5d54dd32fa1ef4d4\igdgmm64.dll
0x00007ffec4eb0000 - 0x00007ffec7a79000 	C:\Windows\System32\DriverStore\FileRepository\iigd_dch.inf_amd64_5d54dd32fa1ef4d4\igc64.dll
0x00007ffe6fa90000 - 0x00007ffe6fe9c000 	C:\Windows\System32\DriverStore\FileRepository\iigd_dch.inf_amd64_5d54dd32fa1ef4d4\igdml64.dll
0x00007ffed3ec0000 - 0x00007ffed3ed8000 	C:\Windows\SYSTEM32\CRYPTSP.dll
0x00007ffed3570000 - 0x00007ffed35a4000 	C:\Windows\system32\rsaenh.dll
0x00007ffed4420000 - 0x00007ffed444e000 	C:\Windows\SYSTEM32\USERENV.dll
0x00007ffed3eb0000 - 0x00007ffed3ebc000 	C:\Windows\SYSTEM32\CRYPTBASE.dll
0x00007ffed3950000 - 0x00007ffed398b000 	C:\Windows\SYSTEM32\IPHLPAPI.DLL
0x00007ffed5e30000 - 0x00007ffed5e38000 	C:\Windows\System32\NSI.dll
0x00007ffecc960000 - 0x00007ffecc977000 	C:\Windows\SYSTEM32\dhcpcsvc6.DLL
0x00007ffeccbf0000 - 0x00007ffeccc0d000 	C:\Windows\SYSTEM32\dhcpcsvc.DLL
0x00007ffed3990000 - 0x00007ffed3a5a000 	C:\Windows\SYSTEM32\DNSAPI.dll
0x00007ffeb86d0000 - 0x00007ffeb8757000 	C:\Users\bader\.jdks\jbrsdk_jcef-17.0.9\bin\freetype.dll
0x00007ffe8b2b0000 - 0x00007ffe8b387000 	C:\Users\bader\.jdks\jbrsdk_jcef-17.0.9\bin\fontmanager.dll
0x00007ffebbf90000 - 0x00007ffebbfa2000 	C:\Users\bader\.jdks\jbrsdk_jcef-17.0.9\bin\jsound.dll
0x00007ffeb7330000 - 0x00007ffeb73cc000 	C:\Windows\SYSTEM32\DSOUND.dll
0x00007ffec02f0000 - 0x00007ffec0316000 	C:\Windows\SYSTEM32\winmmbase.dll
0x00007ffecce00000 - 0x00007ffecce85000 	C:\Windows\System32\MMDevApi.dll
0x00007ffed42c0000 - 0x00007ffed42f3000 	C:\Windows\System32\DEVOBJ.dll
0x00007ffed4680000 - 0x00007ffed46ce000 	C:\Windows\System32\cfgmgr32.dll
0x00007ffeb5080000 - 0x00007ffeb50c6000 	C:\Windows\SYSTEM32\wdmaud.drv
0x00007ffeced00000 - 0x00007ffeced0a000 	C:\Windows\SYSTEM32\AVRT.dll
0x00007ffecf4e0000 - 0x00007ffecf4e9000 	C:\Windows\SYSTEM32\ksuser.dll
0x00007ffecce90000 - 0x00007ffecd011000 	C:\Windows\SYSTEM32\AUDIOSES.DLL
0x00007ffeb5070000 - 0x00007ffeb507d000 	C:\Windows\SYSTEM32\msacm32.drv
0x00007ffeb5050000 - 0x00007ffeb506e000 	C:\Windows\SYSTEM32\MSACM32.dll
0x00007ffeb5040000 - 0x00007ffeb504b000 	C:\Windows\SYSTEM32\midimap.dll
0x00007ffed1fb0000 - 0x00007ffed1fc4000 	C:\Windows\SYSTEM32\resourcepolicyclient.dll
0x00007ffeb1a60000 - 0x00007ffeb1c05000 	C:\Windows\WinSxS\amd64_microsoft.windows.gdiplus_6595b64144ccf1df_1.1.19041.4597_none_91a78020cc854124\gdiplus.dll
0x00007ffebfdd0000 - 0x00007ffebfec9000 	C:\Windows\SYSTEM32\textinputframework.dll
0x00007ffece6e0000 - 0x00007ffecea3b000 	C:\Windows\System32\CoreUIComponents.dll
0x00007ffecea50000 - 0x00007ffeceb42000 	C:\Windows\System32\CoreMessaging.dll
0x00007ffed37c0000 - 0x00007ffed37f3000 	C:\Windows\SYSTEM32\ntmarta.dll
0x00007ffed12c0000 - 0x00007ffed1417000 	C:\Windows\SYSTEM32\wintypes.dll
0x00007ffeb7e70000 - 0x00007ffeb8165000 	C:\Windows\System32\uiautomationcore.dll
0x00007ffed1880000 - 0x00007ffed1976000 	C:\Windows\System32\PROPSYS.dll
0x00007ffeb8170000 - 0x00007ffeb81d6000 	C:\Windows\System32\OLEACC.dll
0x00007ffed0e40000 - 0x00007ffed0ff6000 	C:\Windows\SYSTEM32\WindowsCodecs.dll
0x00007ffeb4bf0000 - 0x00007ffeb4c2e000 	C:\Windows\system32\dataexchange.dll
0x00007ffecd7d0000 - 0x00007ffecda33000 	C:\Windows\system32\d3d11.dll
0x00007ffece090000 - 0x00007ffece274000 	C:\Windows\system32\dcomp.dll
0x00007ffecb4a0000 - 0x00007ffecb6a3000 	C:\Windows\system32\twinapi.appcore.dll
0x00007ffebfed0000 - 0x00007ffec000f000 	C:\Windows\System32\Windows.UI.dll
0x00007ffecbdf0000 - 0x00007ffecbe91000 	C:\Windows\System32\WindowManagementAPI.dll
0x00007ffebfc70000 - 0x00007ffebfdc2000 	C:\Windows\System32\InputHost.dll

dbghelp: loaded successfully - version: 4.0.5 - missing functions: none
symbol engine: initialized successfully - sym options: 0x614 - pdb path: .;C:\Users\bader\.jdks\jbrsdk_jcef-17.0.9\bin;C:\Windows\SYSTEM32;C:\Windows\WinSxS\amd64_microsoft.windows.common-controls_6595b64144ccf1df_6.0.19041.4355_none_60b8b9eb71f62e16;C:\Users\bader\.jdks\jbrsdk_jcef-17.0.9\bin\server;C:\Program Files\JetBrains\IntelliJ IDEA Community Edition 2023.3.6\bin;C:\Windows\System32\DriverStore\FileRepository\iigd_dch.inf_amd64_5d54dd32fa1ef4d4;C:\Windows\WinSxS\amd64_microsoft.windows.gdiplus_6595b64144ccf1df_1.1.19041.4597_none_91a78020cc854124

VM Arguments:
jvm_args: -Xmx3072g -Xmx4096g -Dsun.java2d.opengl=true -XX:ErrorFile=logs/hs_err_pid%p.log -javaagent:C:\Program Files\JetBrains\IntelliJ IDEA Community Edition 2023.3.6\lib\idea_rt.jar=61145:C:\Program Files\JetBrains\IntelliJ IDEA Community Edition 2023.3.6\bin -Dfile.encoding=UTF-8 
java_command: net.sendback.Main
java_class_path (initial): C:\Users\bader\OneDrive\Bureau\Idea\GTS_PRojekt\target\classes
Launcher Type: SUN_STANDARD

[Global flags]
     intx CICompilerCount                          = 4                                         {product} {ergonomic}
     uint ConcGCThreads                            = 3                                         {product} {ergonomic}
    ccstr ErrorFile                                = logs/hs_err_pid%p.log                     {product} {command line}
     uint G1ConcRefinementThreads                  = 10                                        {product} {ergonomic}
   size_t G1HeapRegionSize                         = 33554432                                  {product} {ergonomic}
    uintx GCDrainStackTargetSize                   = 64                                        {product} {ergonomic}
   size_t InitialHeapSize                          = 268435456                                 {product} {ergonomic}
   size_t MarkStackSize                            = 4194304                                   {product} {ergonomic}
   size_t MaxHeapSize                              = 4398046511104                             {product} {command line}
   size_t MaxNewSize                               = 2638821195776                             {product} {ergonomic}
   size_t MinHeapDeltaBytes                        = 33554432                                  {product} {ergonomic}
   size_t MinHeapSize                              = 33554432                                  {product} {ergonomic}
    uintx NonNMethodCodeHeapSize                   = 5839372                                {pd product} {ergonomic}
    uintx NonProfiledCodeHeapSize                  = 122909434                              {pd product} {ergonomic}
    uintx ProfiledCodeHeapSize                     = 122909434                              {pd product} {ergonomic}
    uintx ReservedCodeCacheSize                    = 251658240                              {pd product} {ergonomic}
     bool SegmentedCodeCache                       = true                                      {product} {ergonomic}
   size_t SoftMaxHeapSize                          = 4398046511104                          {manageable} {ergonomic}
     bool UseCompressedClassPointers               = true                           {product lp64_product} {ergonomic}
     bool UseG1GC                                  = true                                      {product} {ergonomic}
     bool UseLargePagesIndividualAllocation        = false                                  {pd product} {ergonomic}

Logging:
Log output configuration:
 #0: stdout all=warning uptime,level,tags
 #1: stderr all=off uptime,level,tags

Environment Variables:
PATH=C:\Program Files\Common Files\Oracle\Java\javapath;C:\Windows\system32;C:\Windows;C:\Windows\System32\Wbem;C:\Windows\System32\WindowsPowerShell\v1.0\;C:\Windows\System32\OpenSSH\;C:\Program Files (x86)\NVIDIA Corporation\PhysX\Common;C:\Program Files\dotnet\;C:\Users\bader\AppData\Local\Microsoft\WindowsApps;C:\Users\bader\AppData\Local\GitHubDesktop\bin
USERNAME=bader
OS=Windows_NT
PROCESSOR_IDENTIFIER=Intel64 Family 6 Model 158 Stepping 10, GenuineIntel
TMP=C:\Users\bader\AppData\Local\Temp
TEMP=C:\Users\bader\AppData\Local\Temp



Periodic native trim disabled

JNI global refs:
JNI global refs: 143, weak refs: 144

JNI global refs memory usage: 2107, weak refs: 2737

OOME stack traces (most recent first):
Classloader memory used:
Loader bootstrap                                                                       : 2914K
Loader jdk.internal.loader.ClassLoaders$AppClassLoader                                 : 36103B
Loader jdk.internal.reflect.DelegatingClassLoader                                      : 5789B
Loader jdk.internal.loader.ClassLoaders$PlatformClassLoader                            : 764B


---------------  S Y S T E M  ---------------

OS:
 Windows 10 , 64 bit Build 19041 (10.0.19041.5072)
OS uptime: 18 days 7:58 hours

CPU: total 12 (initial active 12) (6 cores per cpu, 2 threads per core) family 6 model 158 stepping 10 microcode 0xf0, cx8, cmov, fxsr, ht, mmx, 3dnowpref, sse, sse2, sse3, ssse3, sse4.1, sse4.2, popcnt, lzcnt, tsc, tscinvbit, avx, avx2, aes, erms, clmul, bmi1, bmi2, adx, fma, vzeroupper, clflush, clflushopt
Processor Information for all 12 processors :
  Max Mhz: 2592, Current Mhz: 2592, Mhz Limit: 2592

Memory: 4k page, system-wide physical 16254M (1900M free)
TotalPageFile size 22380M (AvailPageFile size 2490M)
current process WorkingSet (physical memory assigned to process): 864M, peak: 865M
current process commit charge ("private bytes"): 1081M, peak: 1082M

vm_info: OpenJDK 64-Bit Server VM (17.0.9+8-b1166.2) for windows-amd64 JRE (17.0.9+8-b1166.2), built on 2024-01-13 by "builduser" with MS VC++ 16.10 / 16.11 (VS2019)

END.
