#
# A fatal error has been detected by the Java Runtime Environment:
#
#  EXCEPTION_ACCESS_VIOLATION (0xc0000005) at pc=0x00007ffe45df3c53, pid=39128, tid=33320
#
# JRE version: OpenJDK Runtime Environment JBR-17.0.9+8-1166.2-jcef (17.0.9+8) (build 17.0.9+8-b1166.2)
# Java VM: OpenJDK 64-Bit Server VM JBR-17.0.9+8-1166.2-jcef (17.0.9+8-b1166.2, mixed mode, tiered, compressed class ptrs, g1 gc, windows-amd64)
# Problematic frame:
# C  [ig9icd64.dll+0x9c3c53]
#
# No core dump will be written. Minidumps are not enabled by default on client versions of Windows
#
# If you would like to submit a bug report, please visit:
#   https://youtrack.jetbrains.com/issues/JBR
# The crash happened outside the Java Virtual Machine in native code.
# See problematic frame for where to report the bug.
#

---------------  S U M M A R Y ------------

Command Line: -Xmx3072g -Xmx4096g -Dsun.java2d.opengl=true -XX:ErrorFile=logs/hs_err_pid%p.log -javaagent:C:\Program Files\JetBrains\IntelliJ IDEA Community Edition 2023.3.6\lib\idea_rt.jar=49395:C:\Program Files\JetBrains\IntelliJ IDEA Community Edition 2023.3.6\bin -Dfile.encoding=UTF-8 net.sendback.Main

Host: Intel(R) Core(TM) i7-9750H CPU @ 2.60GHz, 12 cores, 15G,  Windows 10 , 64 bit Build 19041 (10.0.19041.5072)
Time: Thu Nov  7 18:02:39 2024 Mitteleuropäische Zeit elapsed time: 29.242198 seconds (0d 0h 0m 29s)

---------------  T H R E A D  ---------------

Current thread (0x0000012b25366f90):  JavaThread "Java2D Queue Flusher" daemon [_thread_in_native, id=33320, stack(0x000000070c600000,0x000000070c700000)]

Stack: [0x000000070c600000,0x000000070c700000],  sp=0x000000070c6fe878,  free space=1018k
Native frames: (J=compiled Java code, j=interpreted, Vv=VM code, C=native code)
C  [ig9icd64.dll+0x9c3c53]

Java frames: (J=compiled Java code, j=interpreted, Vv=VM code)
J 2850  sun.java2d.opengl.OGLRenderQueue.flushBuffer(JI)V java.desktop (0 bytes) @ 0x0000012b0b6d82db [0x0000012b0b6d82a0+0x000000000000003b]
J 2845 c1 sun.java2d.opengl.OGLRenderQueue.flushBuffer()V java.desktop (41 bytes) @ 0x0000012b04000104 [0x0000012b03ffffe0+0x0000000000000124]
j  sun.java2d.opengl.OGLRenderQueue$QueueFlusher.run()V+81 java.desktop
j  java.lang.Thread.run()V+11 java.base@17.0.9
v  ~StubRoutines::call_stub

siginfo: EXCEPTION_ACCESS_VIOLATION (0xc0000005), reading address 0xffffffffffffffff


Registers:
RAX=0x000000000fff0fff, RBX=0x00007ffe45430000, RCX=0x000000033fcf3fcc, RDX=0x000000070c6fed90
RSP=0x000000070c6fe878, RBP=0x000000070c6fe980, RSI=0x0000012b2b5b78c0, RDI=0x000000070c6feb80
R8 =0x000000070c6fe9b0, R9 =0x000000070c6fed90, R10=0x000000070c6feb80, R11=0x0000000000000000
R12=0x00007ffe4625a420, R13=0x0000000000000000, R14=0x0000000000000000, R15=0x00000000000001c1
RIP=0x00007ffe45df3c53, EFLAGS=0x0000000000010206


Register to memory mapping:

RIP=0x00007ffe45df3c53 ig9icd64.dll
RAX=0x000000000fff0fff is an unknown value
RBX=0x00007ffe45430000 ig9icd64.dll
RCX=0x000000033fcf3fcc is an unknown value
RDX=0x000000070c6fed90 is pointing into the stack for thread: 0x0000012b25366f90
RSP=0x000000070c6fe878 is pointing into the stack for thread: 0x0000012b25366f90
RBP=0x000000070c6fe980 is pointing into the stack for thread: 0x0000012b25366f90
RSI=0x0000012b2b5b78c0 points into unknown readable memory: 0x0000012b253fcf80 | 80 cf 3f 25 2b 01 00 00
RDI=0x000000070c6feb80 is pointing into the stack for thread: 0x0000012b25366f90
R8 =0x000000070c6fe9b0 is pointing into the stack for thread: 0x0000012b25366f90
R9 =0x000000070c6fed90 is pointing into the stack for thread: 0x0000012b25366f90
R10=0x000000070c6feb80 is pointing into the stack for thread: 0x0000012b25366f90
R11=0x0 is NULL
R12=0x00007ffe4625a420 ig9icd64.dll
R13=0x0 is NULL
R14=0x0 is NULL
R15=0x00000000000001c1 is an unknown value


Top of Stack: (sp=0x000000070c6fe878)
0x000000070c6fe878:   00007ffe45df138b 0000000000000001
0x000000070c6fe888:   0000000000000000 0000012b2ee70300
0x000000070c6fe898:   00007ffec7a82572 0000000700000065
0x000000070c6fe8a8:   000000070c6feab0 0000000000000000
0x000000070c6fe8b8:   0000012b2f2ace60 0000000000000000
0x000000070c6fe8c8:   0000012b2f2b16b0 0000012b2ee70350
0x000000070c6fe8d8:   0000000000000fb0 0000000000000000
0x000000070c6fe8e8:   0000000000000000 000000070c6fea60
0x000000070c6fe8f8:   00007ffe45a89070 0000000000000000
0x000000070c6fe908:   0000000000000000 0000000000000000
0x000000070c6fe918:   0000000000000000 00002b9b06d51fc4
0x000000070c6fe928:   00007ffe454464e5 0000012b2ee70350
0x000000070c6fe938:   0000000000004001 0000000000000200
0x000000070c6fe948:   00007ffed6ebb86b 0000000000480004
0x000000070c6fe958:   0000000000000084 0000012b253a1f90
0x000000070c6fe968:   0000000000000000 0000000000000000
0x000000070c6fe978:   00007ffe45df1c62 0000000000000000
0x000000070c6fe988:   0000012b7ae03b40 000000070c6fec80
0x000000070c6fe998:   0000012b7ae00000 0000012b7ae002b4
0x000000070c6fe9a8:   0000012b2f2ace60 00007ffe460ff020
0x000000070c6fe9b8:   0000000e00000000 0000001a00000018
0x000000070c6fe9c8:   00000fff00000000 437f0000437f0000
0x000000070c6fe9d8:   437f0000437f0000 0000ff0000ff0000
0x000000070c6fe9e8:   ff000000000000ff 0000000800000010
0x000000070c6fe9f8:   0000001800000000 0000000000000000
0x000000070c6fea08:   0000000000000000 0000000000000000
0x000000070c6fea18:   0000000000000000 0000000000000000
0x000000070c6fea28:   0000000000000000 0000000000000000
0x000000070c6fea38:   0000000000000000 0000000000000000
0x000000070c6fea48:   0000000000000000 0000000000000000
0x000000070c6fea58:   0000000000000000 0000000000000000
0x000000070c6fea68:   0000000000000000 0000000000000000 

Instructions: (pc=0x00007ffe45df3c53)
0x00007ffe45df3b53:   a1 b6 30 00 48 89 51 08 48 89 01 8b 44 24 28 89
0x00007ffe45df3b63:   41 20 8b 44 24 30 89 41 24 48 8b c1 4c 89 41 10
0x00007ffe45df3b73:   4c 89 49 18 c3 cc cc cc cc cc cc cc cc 48 89 5c
0x00007ffe45df3b83:   24 08 8b 41 5c 48 8d 1d 71 c4 63 ff 41 89 40 08
0x00007ffe45df3b93:   4c 8b d1 8b 41 60 45 33 db 41 89 40 0c 4c 8b ca
0x00007ffe45df3ba3:   8b 41 64 41 89 40 10 8b 41 68 41 89 40 14 8b 41
0x00007ffe45df3bb3:   6c 41 89 40 18 8b 41 70 41 89 40 1c 48 63 41 74
0x00007ffe45df3bc3:   48 6b c8 34 8b 84 19 84 5f ee 00 41 89 40 20 8b
0x00007ffe45df3bd3:   84 19 88 5f ee 00 41 89 40 24 8b 84 19 8c 5f ee
0x00007ffe45df3be3:   00 41 89 40 28 8b 84 19 90 5f ee 00 41 89 40 2c
0x00007ffe45df3bf3:   8b 84 19 74 5f ee 00 41 89 40 30 8b 84 19 78 5f
0x00007ffe45df3c03:   ee 00 41 89 40 34 8b 84 19 7c 5f ee 00 41 89 40
0x00007ffe45df3c13:   38 8b 84 19 80 5f ee 00 41 89 40 3c 8b 84 19 64
0x00007ffe45df3c23:   5f ee 00 41 89 40 40 8b 84 19 68 5f ee 00 41 89
0x00007ffe45df3c33:   40 44 8b 84 19 6c 5f ee 00 41 89 40 48 8b 84 19
0x00007ffe45df3c43:   70 5f ee 00 41 89 40 4c 49 63 42 78 48 6b c8 34
0x00007ffe45df3c53:   8b 84 19 84 5f ee 00 41 89 40 50 8b 84 19 88 5f
0x00007ffe45df3c63:   ee 00 41 89 40 54 8b 84 19 8c 5f ee 00 41 89 40
0x00007ffe45df3c73:   58 8b 84 19 90 5f ee 00 41 89 40 5c 8b 84 19 74
0x00007ffe45df3c83:   5f ee 00 41 89 40 60 8b 84 19 78 5f ee 00 41 89
0x00007ffe45df3c93:   40 64 8b 84 19 7c 5f ee 00 41 89 40 68 8b 84 19
0x00007ffe45df3ca3:   80 5f ee 00 41 89 40 6c 8b 84 19 64 5f ee 00 41
0x00007ffe45df3cb3:   89 40 70 8b 84 19 68 5f ee 00 41 89 40 74 8b 84
0x00007ffe45df3cc3:   19 6c 5f ee 00 41 89 40 78 8b 84 19 70 5f ee 00
0x00007ffe45df3cd3:   41 89 40 7c 48 8b 42 18 8b 88 38 0b 00 00 f6 c1
0x00007ffe45df3ce3:   08 0f 84 86 00 00 00 8b 80 3c 0b 00 00 41 89 80
0x00007ffe45df3cf3:   80 00 00 00 48 8b 42 18 8b 88 40 0b 00 00 41 89
0x00007ffe45df3d03:   88 84 00 00 00 48 8b 42 18 8b 88 44 0b 00 00 41
0x00007ffe45df3d13:   89 88 88 00 00 00 48 8b 42 18 8b 88 48 0b 00 00
0x00007ffe45df3d23:   41 89 88 8c 00 00 00 48 8b 42 18 8b 88 4c 0b 00
0x00007ffe45df3d33:   00 41 89 88 90 00 00 00 48 8b 42 18 8b 88 50 0b
0x00007ffe45df3d43:   00 00 41 89 88 94 00 00 00 48 8b 42 18 8b 88 54 


Stack slot to memory mapping:
stack at sp + 0 slots: 0x00007ffe45df138b ig9icd64.dll
stack at sp + 1 slots: 0x0000000000000001 is an unknown value
stack at sp + 2 slots: 0x0 is NULL
stack at sp + 3 slots: 0x0000012b2ee70300 points into unknown readable memory: 0x0000000000000000 | 00 00 00 00 00 00 00 00
stack at sp + 4 slots: 0x00007ffec7a82572 igdgmm64.dll
stack at sp + 5 slots: 0x0000000700000065 is an unknown value
stack at sp + 6 slots: 0x000000070c6feab0 is pointing into the stack for thread: 0x0000012b25366f90
stack at sp + 7 slots: 0x0 is NULL


Compiled method (n/a)   29348 2850     n 0       sun.java2d.opengl.OGLRenderQueue::flushBuffer (native)
 total in heap  [0x0000012b0b6d8110,0x0000012b0b6d84a8] = 920
 relocation     [0x0000012b0b6d8268,0x0000012b0b6d8298] = 48
 main code      [0x0000012b0b6d82a0,0x0000012b0b6d84a8] = 520

[Constant Pool (empty)]

[MachCode]
[Entry Point]
  # {method} {0x0000012b21acd430} 'flushBuffer' '(JI)V' in 'sun/java2d/opengl/OGLRenderQueue'
  # this:     rdx:rdx   = 'sun/java2d/opengl/OGLRenderQueue'
  # parm0:    r8:r8     = long
  # parm1:    r9        = int
  #           [sp+0x70]  (sp of caller)
  0x0000012b0b6d82a0: 448b 5208 | 493b c20f | 840b 0000 

  0x0000012b0b6d82ac: ;   {runtime_call ic_miss_stub}
  0x0000012b0b6d82ac: 00e9 ce8d | 99ff 660f | 1f44 0000 
[Verified Entry Point]
  0x0000012b0b6d82b8: 8984 2400 | 90ff ff55 | 488b ec48 | 83ec 6048 | 8954 2420 | 4883 fa00 | 488d 5424 | 2048 0f44 
  0x0000012b0b6d82d8: 5424 20c5 

  0x0000012b0b6d82dc: ;   {internal_word}
  0x0000012b0b6d82dc: f877 49ba | db82 6d0b | 2b01 0000 | 4d89 97a0 | 0200 0049 | 89a7 9802 

  0x0000012b0b6d82f4: ;   {external_word}
  0x0000012b0b6d82f4: 0000 49ba | 3d29 6729 | fe7f 0000 | 4180 3a00 | 0f84 5200 | 0000 5241 

  0x0000012b0b6d830c: ;   {metadata({method} {0x0000012b21acd430} 'flushBuffer' '(JI)V' in 'sun/java2d/opengl/OGLRenderQueue')}
  0x0000012b0b6d830c: 5041 5148 | ba28 d4ac | 212b 0100 | 0049 8bcf | 4883 ec20 | f7c4 0f00 | 0000 0f84 | 1a00 0000 
  0x0000012b0b6d832c: 4883 ec08 

  0x0000012b0b6d8330: ;   {runtime_call SharedRuntime::dtrace_method_entry}
  0x0000012b0b6d8330: 49ba b0ea | 1c29 fe7f | 0000 41ff | d248 83c4 | 08e9 0d00 

  0x0000012b0b6d8344: ;   {runtime_call SharedRuntime::dtrace_method_entry}
  0x0000012b0b6d8344: 0000 49ba | b0ea 1c29 | fe7f 0000 | 41ff d248 | 83c4 2041 | 5941 585a | 498d 8fb8 | 0200 0041 
  0x0000012b0b6d8364: c787 4803 | 0000 0400 

  0x0000012b0b6d836c: ;   {runtime_call}
  0x0000012b0b6d836c: 0000 49ba | 60fd 098c | fe7f 0000 | 41ff d2c5 | f877 41c7 | 8748 0300 | 0005 0000 | 00f0 8344 
  0x0000012b0b6d838c: 24c0 0049 | 3baf 5003 | 0000 0f87 | 1100 0000 | 4181 bf38 | 0300 0000 | 0000 000f | 8421 0000 
  0x0000012b0b6d83ac: 00c5 f877 | 498b cf4c | 8be4 4883 | ec20 4883 

  0x0000012b0b6d83bc: ;   {runtime_call JavaThread::check_special_condition_for_native_trans}
  0x0000012b0b6d83bc: e4f0 49ba | f008 2d29 | fe7f 0000 | 41ff d249 | 8be4 41c7 | 8748 0300 | 0008 0000 | 0041 81bf 
  0x0000012b0b6d83dc: b803 0000 | 0200 0000 | 0f84 9b00 

  0x0000012b0b6d83e8: ;   {external_word}
  0x0000012b0b6d83e8: 0000 49ba | 3d29 6729 | fe7f 0000 | 4180 3a00 | 0f84 4800 

  0x0000012b0b6d83fc: ;   {metadata({method} {0x0000012b21acd430} 'flushBuffer' '(JI)V' in 'sun/java2d/opengl/OGLRenderQueue')}
  0x0000012b0b6d83fc: 0000 48ba | 28d4 ac21 | 2b01 0000 | 498b cf48 | 83ec 20f7 | c40f 0000 | 000f 841a | 0000 0048 
  0x0000012b0b6d841c: ;   {runtime_call SharedRuntime::dtrace_method_entry}
  0x0000012b0b6d841c: 83ec 0849 | bab0 ea1c | 29fe 7f00 | 0041 ffd2 | 4883 c408 | e90d 0000 

  0x0000012b0b6d8434: ;   {runtime_call SharedRuntime::dtrace_method_entry}
  0x0000012b0b6d8434: 0049 bab0 | ea1c 29fe | 7f00 0041 | ffd2 4883 | c420 49c7 | 8798 0200 | 0000 0000 | 0049 c787 
  0x0000012b0b6d8454: a002 0000 | 0000 0000 | c5f8 7749 | 8b8f d800 | 0000 c781 | 0001 0000 | 0000 0000 | c949 817f 
  0x0000012b0b6d8474: 0800 0000 | 000f 8501 | 0000 00c3 

  0x0000012b0b6d8480: ;   {runtime_call StubRoutines (1)}
  0x0000012b0b6d8480: e97b 8a94 | ffc5 f877 | 4c8b e448 | 83ec 2048 

  0x0000012b0b6d8490: ;   {runtime_call SharedRuntime::reguard_yellow_pages}
  0x0000012b0b6d8490: 83e4 f049 | ba40 1b1d | 29fe 7f00 | 0041 ffd2 | 498b e4e9 | 42ff ffff 
[/MachCode]


Compiled method (c1)   29439 2845       3       sun.java2d.opengl.OGLRenderQueue::flushBuffer (41 bytes)
 total in heap  [0x0000012b03fffe10,0x0000012b04000458] = 1608
 relocation     [0x0000012b03ffff68,0x0000012b03ffffd0] = 104
 main code      [0x0000012b03ffffe0,0x0000012b040002c0] = 736
 stub code      [0x0000012b040002c0,0x0000012b04000318] = 88
 metadata       [0x0000012b04000318,0x0000012b04000340] = 40
 scopes data    [0x0000012b04000340,0x0000012b04000390] = 80
 scopes pcs     [0x0000012b04000390,0x0000012b04000430] = 160
 dependencies   [0x0000012b04000430,0x0000012b04000438] = 8
 nul chk table  [0x0000012b04000438,0x0000012b04000458] = 32

[Constant Pool (empty)]

[MachCode]
[Entry Point]
  # {method} {0x0000012b21acd528} 'flushBuffer' '()V' in 'sun/java2d/opengl/OGLRenderQueue'
  #           [sp+0x70]  (sp of caller)
  0x0000012b03ffffe0: 448b 5208 

  0x0000012b03ffffe4: ;   {runtime_call ic_miss_stub}
  0x0000012b03ffffe4: 4c3b d00f | 8593 1007 | 0766 6666 | 0f1f 8400 | 0000 0000 | 6666 6690 | 0f1f 4000 
[Verified Entry Point]
  0x0000012b04000000: 8984 2400 | 90ff ff55 | 4883 ec60 

  0x0000012b0400000c: ;   {metadata(method data for {method} {0x0000012b21acd528} 'flushBuffer' '()V' in 'sun/java2d/opengl/OGLRenderQueue')}
  0x0000012b0400000c: 49b8 d07d | 4322 2b01 | 0000 458b | 88cc 0000 | 0041 83c1 | 0245 8988 | cc00 0000 | 4181 e1fe 
  0x0000012b0400002c: 0700 0041 | 83f9 000f | 84d6 0100 | 004c 8b42 | 1049 3b00 

  0x0000012b04000040: ;   {metadata(method data for {method} {0x0000012b21acd528} 'flushBuffer' '()V' in 'sun/java2d/opengl/OGLRenderQueue')}
  0x0000012b04000040: 4d8b c848 | bed0 7d43 | 222b 0100 | 0048 8386 | 1001 0000 

  0x0000012b04000054: ;   {metadata(method data for {method} {0x0000012b21acf9c8} 'position' '()I' in 'sun/java2d/pipe/RenderBuffer')}
  0x0000012b04000054: 0149 b940 | 283c 222b | 0100 0041 | 8bb1 cc00 | 0000 83c6 | 0241 89b1 | cc00 0000 | 81e6 feff 
  0x0000012b04000074: 1f00 83fe | 000f 84b6 | 0100 004d | 8b48 2049 | 8b70 104c | 2bce 458b | c941 83f9 

  0x0000012b04000090: ;   {metadata(method data for {method} {0x0000012b21acd528} 'flushBuffer' '()V' in 'sun/java2d/opengl/OGLRenderQueue')}
  0x0000012b04000090: 0048 bfd0 | 7d43 222b | 0100 0048 | bb48 0100 | 0000 0000 | 000f 8e0a | 0000 0048 | bb58 0100 
  0x0000012b040000b0: 0000 0000 | 0048 8b04 | 1f48 8d40 | 0148 8904 | 1f0f 8e42 

  0x0000012b040000c4: ;   {metadata(method data for {method} {0x0000012b21acd528} 'flushBuffer' '()V' in 'sun/java2d/opengl/OGLRenderQueue')}
  0x0000012b040000c4: 0000 0048 | bfd0 7d43 | 222b 0100 | 0048 8387 | 6801 0000 | 014c 8bc2 

  0x0000012b040000dc: ;   {metadata(method data for {method} {0x0000012b21acd528} 'flushBuffer' '()V' in 'sun/java2d/opengl/OGLRenderQueue')}
  0x0000012b040000dc: 48bf d07d | 4322 2b01 | 0000 4883 | 87a0 0100 | 0001 4c8b | c648 8bf2 | 488b d648 | 8974 2450 
  0x0000012b040000fc: ;   {optimized virtual_call}
  0x0000012b040000fc: 6666 90e8 

  0x0000012b04000100: ; ImmutableOopMap {[80]=Oop }
                      ;*invokevirtual flushBuffer {reexecute=0 rethrow=0 return_oop=0}
                      ; - sun.java2d.opengl.OGLRenderQueue::flushBuffer@21 (line 150)
  0x0000012b04000100: b481 6d07 | 488b 5424 | 5048 8b72 | 1048 3b06 

  0x0000012b04000110: ;   {metadata(method data for {method} {0x0000012b21acd528} 'flushBuffer' '()V' in 'sun/java2d/opengl/OGLRenderQueue')}
  0x0000012b04000110: 488b fe48 | bbd0 7d43 | 222b 0100 | 0048 8383 | d801 0000 

  0x0000012b04000124: ;   {metadata(method data for {method} {0x0000012b21acfb48} 'clear' '()V' in 'sun/java2d/pipe/RenderBuffer')}
  0x0000012b04000124: 0148 bf58 | 8043 222b | 0100 008b | 9fcc 0000 | 0083 c302 | 899f cc00 | 0000 81e3 | feff 1f00 
  0x0000012b04000144: 83fb 000f | 840e 0100 | 0048 8b7e | 1048 897e | 2048 8b52 | 1848 3b02 

  0x0000012b0400015c: ;   {metadata(method data for {method} {0x0000012b21acd528} 'flushBuffer' '()V' in 'sun/java2d/opengl/OGLRenderQueue')}
  0x0000012b0400015c: 488b f248 | bfd0 7d43 | 222b 0100 | 008b 7608 | 483b b720 | 0200 0075 | 0d48 8387 | 2802 0000 
  0x0000012b0400017c: 01e9 6600 | 0000 483b | b730 0200 | 0075 0d48 | 8387 3802 | 0000 01e9 | 5000 0000 | 4881 bf20 
  0x0000012b0400019c: 0200 0000 | 0000 0075 | 1748 89b7 | 2002 0000 | 48c7 8728 | 0200 0001 | 0000 00e9 | 2c00 0000 
  0x0000012b040001bc: 4881 bf30 | 0200 0000 | 0000 0075 | 1748 89b7 | 3002 0000 | 48c7 8738 | 0200 0001 | 0000 00e9 
  0x0000012b040001dc: 0800 0000 | 4883 8710 | 0200 0001 | 0f1f 4400 | 0048 b828 | 4e07 8000 

  0x0000012b040001f4: ;   {virtual_call}
  0x0000012b040001f4: 0000 00e8 

  0x0000012b040001f8: ; ImmutableOopMap {}
                      ;*invokeinterface clear {reexecute=0 rethrow=0 return_oop=0}
                      ; - sun.java2d.opengl.OGLRenderQueue::flushBuffer@35 (line 155)
  0x0000012b040001f8: 44e3 ffff | 4883 c460 

  0x0000012b04000200: ;   {poll_return}
  0x0000012b04000200: 5d49 3ba7 | 5003 0000 | 0f87 7300 

  0x0000012b0400020c: ;   {metadata({method} {0x0000012b21acd528} 'flushBuffer' '()V' in 'sun/java2d/opengl/OGLRenderQueue')}
  0x0000012b0400020c: 0000 c349 | ba20 d5ac | 212b 0100 | 004c 8954 | 2408 48c7 | 0424 ffff 

  0x0000012b04000224: ;   {runtime_call counter_overflow Runtime1 stub}
  0x0000012b04000224: ffff e855 

  0x0000012b04000228: ; ImmutableOopMap {rdx=Oop }
                      ;*synchronization entry
                      ; - sun.java2d.opengl.OGLRenderQueue::flushBuffer@-1 (line 147)
  0x0000012b04000228: 8f11 07e9 | 09fe ffff 

  0x0000012b04000230: ;   {runtime_call throw_null_pointer_exception Runtime1 stub}
  0x0000012b04000230: e86b 3e11 

  0x0000012b04000234: ; ImmutableOopMap {rdx=Oop r8=Oop }
                      ;*invokevirtual position {reexecute=0 rethrow=0 return_oop=0}
                      ; - sun.java2d.opengl.OGLRenderQueue::flushBuffer@4 (line 147)
                      ;   {metadata({method} {0x0000012b21acf9c8} 'position' '()I' in 'sun/java2d/pipe/RenderBuffer')}
  0x0000012b04000234: 0749 bac0 | f9ac 212b | 0100 004c | 8954 2408 | 48c7 0424 | ffff ffff 

  0x0000012b0400024c: ;   {runtime_call counter_overflow Runtime1 stub}
  0x0000012b0400024c: e82f 8f11 

  0x0000012b04000250: ; ImmutableOopMap {rdx=Oop r8=Oop }
                      ;*synchronization entry
                      ; - sun.java2d.pipe.RenderBuffer::position@-1 (line 110)
                      ; - sun.java2d.opengl.OGLRenderQueue::flushBuffer@4 (line 147)
  0x0000012b04000250: 07e9 29fe 

  0x0000012b04000254: ;   {runtime_call throw_null_pointer_exception Runtime1 stub}
  0x0000012b04000254: ffff e845 

  0x0000012b04000258: ; ImmutableOopMap {rdx=Oop rsi=Oop }
                      ;*invokevirtual clear {reexecute=0 rethrow=0 return_oop=0}
                      ; - sun.java2d.opengl.OGLRenderQueue::flushBuffer@28 (line 153)
                      ;   {metadata({method} {0x0000012b21acfb48} 'clear' '()V' in 'sun/java2d/pipe/RenderBuffer')}
  0x0000012b04000258: 3e11 0749 | ba40 fbac | 212b 0100 | 004c 8954 | 2408 48c7 | 0424 ffff 

  0x0000012b04000270: ;   {runtime_call counter_overflow Runtime1 stub}
  0x0000012b04000270: ffff e809 

  0x0000012b04000274: ; ImmutableOopMap {rdx=Oop rsi=Oop }
                      ;*synchronization entry
                      ; - sun.java2d.pipe.RenderBuffer::clear@-1 (line 118)
                      ; - sun.java2d.opengl.OGLRenderQueue::flushBuffer@28 (line 153)
  0x0000012b04000274: 8f11 07e9 | d1fe ffff 

  0x0000012b0400027c: ;   {runtime_call throw_null_pointer_exception Runtime1 stub}
  0x0000012b0400027c: e81f 3e11 

  0x0000012b04000280: ; ImmutableOopMap {rdx=Oop }
                      ;*invokeinterface clear {reexecute=0 rethrow=0 return_oop=0}
                      ; - sun.java2d.opengl.OGLRenderQueue::flushBuffer@35 (line 155)
                      ;   {internal_word}
  0x0000012b04000280: 0749 ba01 | 0200 042b | 0100 004d | 8997 6803 

  0x0000012b04000290: ;   {runtime_call SafepointBlob}
  0x0000012b04000290: 0000 e969 | 7707 0790 | 9049 8b87 | e003 0000 | 49c7 87e0 | 0300 0000 | 0000 0049 | c787 e803 
  0x0000012b040002b0: 0000 0000 | 0000 4883 

  0x0000012b040002b8: ;   {runtime_call unwind_exception Runtime1 stub}
  0x0000012b040002b8: c460 5de9 | 405e 0807 
[Stub Code]
  0x0000012b040002c0: ;   {no_reloc}
  0x0000012b040002c0: 0f1f 4400 

  0x0000012b040002c4: ;   {static_stub}
  0x0000012b040002c4: 0048 bb28 | d4ac 212b 

  0x0000012b040002cc: ;   {runtime_call I2C/C2I adapters}
  0x0000012b040002cc: 0100 00e9 | 0080 0707 

  0x0000012b040002d4: ;   {static_stub}
  0x0000012b040002d4: 9048 bb00 | 0000 0000 

  0x0000012b040002dc: ;   {runtime_call}
  0x0000012b040002dc: 0000 00e9 | fbff ffff 
[Exception Handler]
  0x0000012b040002e4: ;   {runtime_call handle_exception_from_callee Runtime1 stub}
  0x0000012b040002e4: e897 5b11 

  0x0000012b040002e8: ;   {external_word}
  0x0000012b040002e8: 0748 b990 | 6d41 29fe | 7f00 0048 

  0x0000012b040002f4: ;   {runtime_call MacroAssembler::debug64}
  0x0000012b040002f4: 83e4 f049 | ba30 df09 | 29fe 7f00 | 0041 ffd2 

  0x0000012b04000304: ;   {section_word}
  0x0000012b04000304: f449 ba05 | 0300 042b | 0100 0041 

  0x0000012b04000310: ;   {runtime_call DeoptimizationBlob}
  0x0000012b04000310: 52e9 8a69 | 0707 f4f4 
[/MachCode]


---------------  P R O C E S S  ---------------

Threads class SMR info:
_java_thread_list=0x000005517ef41c20, length=44, elements={
0x000005517eed4150, 0x000005517eed4ee0, 0x000005517eefb650, 0x000005517ef2a400,
0x000005517ef2cce0, 0x000005517ef2d5b0, 0x000005517ef2e1b0, 0x000005517ef34350,
0x000005517ef34c60, 0x000005517f00da10, 0x0000012b25106050, 0x0000012b25106b40,
0x0000012b25366f90, 0x0000012b25369300, 0x0000012b253679b0, 0x0000012b25367ec0,
0x0000012b253688e0, 0x0000012b253683d0, 0x0000012b25369810, 0x0000012b25368df0,
0x0000012b25366060, 0x0000012b25366570, 0x0000012b25366a80, 0x0000012b2c169190,
0x0000012b2c167840, 0x0000012b2c167330, 0x0000012b2c16c940, 0x0000012b2c16ce50,
0x0000012b2c169bb0, 0x0000012b2c166e20, 0x0000012b2c16a0c0, 0x0000012b2c16aae0,
0x0000012b2c167d50, 0x0000012b2c166910, 0x0000012b2c16dd80, 0x0000012b2c16a5d0,
0x0000012b2c16d870, 0x0000012b2c1696a0, 0x0000012b2c16b500, 0x0000012b2c16aff0,
0x0000012b2c168c80, 0x0000012b2c16d360, 0x0000012b2c168770, 0x0000012b2522f250
}

Java Threads: ( => current thread )
  0x000005517eed4150 JavaThread "Reference Handler" daemon [_thread_blocked, id=35568, stack(0x000000070b900000,0x000000070ba00000)]
  0x000005517eed4ee0 JavaThread "Finalizer" daemon [_thread_blocked, id=25112, stack(0x000000070ba00000,0x000000070bb00000)]
  0x000005517eefb650 JavaThread "Signal Dispatcher" daemon [_thread_blocked, id=23952, stack(0x000000070bb00000,0x000000070bc00000)]
  0x000005517ef2a400 JavaThread "Attach Listener" daemon [_thread_blocked, id=34184, stack(0x000000070bc00000,0x000000070bd00000)]
  0x000005517ef2cce0 JavaThread "Service Thread" daemon [_thread_blocked, id=22900, stack(0x000000070bd00000,0x000000070be00000)]
  0x000005517ef2d5b0 JavaThread "Monitor Deflation Thread" daemon [_thread_blocked, id=27552, stack(0x000000070be00000,0x000000070bf00000)]
  0x000005517ef2e1b0 JavaThread "C2 CompilerThread0" daemon [_thread_blocked, id=4464, stack(0x000000070bf00000,0x000000070c000000)]
  0x000005517ef34350 JavaThread "C1 CompilerThread0" daemon [_thread_blocked, id=28796, stack(0x000000070c000000,0x000000070c100000)]
  0x000005517ef34c60 JavaThread "Sweeper thread" daemon [_thread_blocked, id=16428, stack(0x000000070c100000,0x000000070c200000)]
  0x000005517f00da10 JavaThread "Common-Cleaner" daemon [_thread_blocked, id=19524, stack(0x000000070c200000,0x000000070c300000)]
  0x0000012b25106050 JavaThread "Monitor Ctrl-Break" daemon [_thread_in_native, id=32872, stack(0x000000070c300000,0x000000070c400000)]
  0x0000012b25106b40 JavaThread "Notification Thread" daemon [_thread_blocked, id=35040, stack(0x000000070c400000,0x000000070c500000)]
=>0x0000012b25366f90 JavaThread "Java2D Queue Flusher" daemon [_thread_in_native, id=33320, stack(0x000000070c600000,0x000000070c700000)]
  0x0000012b25369300 JavaThread "Java2D Disposer" daemon [_thread_blocked, id=8552, stack(0x000000070cb00000,0x000000070cc00000)]
  0x0000012b253679b0 JavaThread "AWT-Windows" daemon [_thread_in_native, id=39516, stack(0x000000070ce00000,0x000000070cf00000)]
  0x0000012b25367ec0 JavaThread "Java Sound Event Dispatcher" daemon [_thread_blocked, id=29344, stack(0x000000070d900000,0x000000070da00000)]
  0x0000012b253688e0 JavaThread "Direct Clip" daemon [_thread_blocked, id=26484, stack(0x000000070dc00000,0x000000070dd00000)]
  0x0000012b253683d0 JavaThread "Direct Clip" daemon [_thread_blocked, id=14244, stack(0x000000070dd00000,0x000000070de00000)]
  0x0000012b25369810 JavaThread "Direct Clip" daemon [_thread_blocked, id=39492, stack(0x000000070de00000,0x000000070df00000)]
  0x0000012b25368df0 JavaThread "Direct Clip" daemon [_thread_blocked, id=30168, stack(0x000000070df00000,0x000000070e000000)]
  0x0000012b25366060 JavaThread "Direct Clip" daemon [_thread_blocked, id=29364, stack(0x000000070e000000,0x000000070e100000)]
  0x0000012b25366570 JavaThread "Direct Clip" daemon [_thread_blocked, id=7808, stack(0x000000070e100000,0x000000070e200000)]
  0x0000012b25366a80 JavaThread "Direct Clip" daemon [_thread_blocked, id=6116, stack(0x000000070e200000,0x000000070e300000)]
  0x0000012b2c169190 JavaThread "Direct Clip" daemon [_thread_blocked, id=15072, stack(0x000000070e300000,0x000000070e400000)]
  0x0000012b2c167840 JavaThread "Direct Clip" daemon [_thread_blocked, id=35276, stack(0x000000070e400000,0x000000070e500000)]
  0x0000012b2c167330 JavaThread "Direct Clip" daemon [_thread_blocked, id=27680, stack(0x000000070e500000,0x000000070e600000)]
  0x0000012b2c16c940 JavaThread "Direct Clip" daemon [_thread_blocked, id=17044, stack(0x000000070e600000,0x000000070e700000)]
  0x0000012b2c16ce50 JavaThread "Direct Clip" daemon [_thread_in_native, id=1012, stack(0x000000070e700000,0x000000070e800000)]
  0x0000012b2c169bb0 JavaThread "Direct Clip" daemon [_thread_blocked, id=12296, stack(0x000000070e800000,0x000000070e900000)]
  0x0000012b2c166e20 JavaThread "Direct Clip" daemon [_thread_blocked, id=5652, stack(0x000000070e900000,0x000000070ea00000)]
  0x0000012b2c16a0c0 JavaThread "Direct Clip" daemon [_thread_blocked, id=36788, stack(0x000000070ea00000,0x000000070eb00000)]
  0x0000012b2c16aae0 JavaThread "Direct Clip" daemon [_thread_blocked, id=17392, stack(0x000000070eb00000,0x000000070ec00000)]
  0x0000012b2c167d50 JavaThread "Direct Clip" daemon [_thread_blocked, id=35508, stack(0x000000070ec00000,0x000000070ed00000)]
  0x0000012b2c166910 JavaThread "Direct Clip" daemon [_thread_blocked, id=18032, stack(0x000000070ed00000,0x000000070ee00000)]
  0x0000012b2c16dd80 JavaThread "Direct Clip" daemon [_thread_blocked, id=33776, stack(0x000000070ee00000,0x000000070ef00000)]
  0x0000012b2c16a5d0 JavaThread "Direct Clip" daemon [_thread_blocked, id=30508, stack(0x000000070ef00000,0x000000070f000000)]
  0x0000012b2c16d870 JavaThread "Direct Clip" daemon [_thread_blocked, id=35804, stack(0x000000070f000000,0x000000070f100000)]
  0x0000012b2c1696a0 JavaThread "AWT-Shutdown" [_thread_blocked, id=4020, stack(0x000000070f900000,0x000000070fa00000)]
  0x0000012b2c16b500 JavaThread "AWT-EventQueue-0" [_thread_blocked, id=27224, stack(0x000000070fa00000,0x000000070fb00000)]
  0x0000012b2c16aff0 JavaThread "DestroyJavaVM" [_thread_blocked, id=13244, stack(0x000000070b200000,0x000000070b300000)]
  0x0000012b2c168c80 JavaThread "TimerQueue" daemon [_thread_blocked, id=39016, stack(0x0000000710000000,0x0000000710100000)]
  0x0000012b2c16d360 JavaThread "Thread-0" [_thread_blocked, id=33340, stack(0x0000000710100000,0x0000000710200000)]
  0x0000012b2c168770 JavaThread "ztt" [_thread_in_vm, id=22148, stack(0x0000000710200000,0x0000000710300000)]
  0x0000012b2522f250 JavaThread "ToolkitShutdown" daemon [_thread_in_native, id=25520, stack(0x0000000710500000,0x0000000710600000)]

Other Threads:
  0x000005517eed0520 VMThread "VM Thread" [stack: 0x000000070b800000,0x000000070b900000] [id=16252]
  0x0000012b7ceee3a0 WatcherThread [stack: 0x000000070c500000,0x000000070c600000] [id=20292]
  0x0000012b7cfa9ef0 GCTaskThread "GC Thread#0" [stack: 0x000000070b300000,0x000000070b400000] [id=33856]
  0x0000012b2bc91700 GCTaskThread "GC Thread#1" [stack: 0x000000070cf00000,0x000000070d000000] [id=39532]
  0x0000012b2bb3db90 GCTaskThread "GC Thread#2" [stack: 0x000000070d000000,0x000000070d100000] [id=36868]
  0x0000012b2bb3de50 GCTaskThread "GC Thread#3" [stack: 0x000000070d100000,0x000000070d200000] [id=25360]
  0x0000012b2bb1d510 GCTaskThread "GC Thread#4" [stack: 0x000000070d200000,0x000000070d300000] [id=9164]
  0x0000012b2bb1d7d0 GCTaskThread "GC Thread#5" [stack: 0x000000070d300000,0x000000070d400000] [id=39664]
  0x0000012b2bc8b560 GCTaskThread "GC Thread#6" [stack: 0x000000070d400000,0x000000070d500000] [id=16744]
  0x0000012b2bc98670 GCTaskThread "GC Thread#7" [stack: 0x000000070d500000,0x000000070d600000] [id=39852]
  0x0000012b2bbeb050 GCTaskThread "GC Thread#8" [stack: 0x000000070d600000,0x000000070d700000] [id=16000]
  0x0000012b2bbd1860 GCTaskThread "GC Thread#9" [stack: 0x000000070d700000,0x000000070d800000] [id=34152]
  0x0000012b7cfad4e0 ConcurrentGCThread "G1 Main Marker" [stack: 0x000000070b400000,0x000000070b500000] [id=17252]
  0x0000012b7cfade10 ConcurrentGCThread "G1 Conc#0" [stack: 0x000000070b500000,0x000000070b600000] [id=8668]
  0x0000012b2c32eb10 ConcurrentGCThread "G1 Conc#1" [stack: 0x000000070fe00000,0x000000070ff00000] [id=39272]
  0x0000012b2e9c8820 ConcurrentGCThread "G1 Conc#2" [stack: 0x000000070ff00000,0x0000000710000000] [id=17080]
  0x0000012b7d6cb6b0 ConcurrentGCThread "G1 Refine#0" [stack: 0x000000070b600000,0x000000070b700000] [id=21524]
  0x0000012b2c005830 ConcurrentGCThread "G1 Refine#1" [stack: 0x000000070cd00000,0x000000070ce00000] [id=36644]
  0x0000012b2c004f10 ConcurrentGCThread "G1 Refine#2" [stack: 0x000000070f100000,0x000000070f200000] [id=15912]
  0x0000012b2c0fe1a0 ConcurrentGCThread "G1 Refine#3" [stack: 0x000000070f200000,0x000000070f300000] [id=38556]
  0x0000012b2c0fe8a0 ConcurrentGCThread "G1 Refine#4" [stack: 0x000000070f300000,0x000000070f400000] [id=32588]
  0x0000012b2c0ff3a0 ConcurrentGCThread "G1 Refine#5" [stack: 0x000000070f400000,0x000000070f500000] [id=15444]
  0x0000012b2c0ff690 ConcurrentGCThread "G1 Refine#6" [stack: 0x000000070f500000,0x000000070f600000] [id=31604]
  0x0000012b2c100990 ConcurrentGCThread "G1 Refine#7" [stack: 0x000000070f600000,0x000000070f700000] [id=35216]
  0x0000012b2c1026e0 ConcurrentGCThread "G1 Refine#8" [stack: 0x000000070f700000,0x000000070f800000] [id=15884]
  0x0000012b2c2ed780 ConcurrentGCThread "G1 Refine#9" [stack: 0x000000070f800000,0x000000070f900000] [id=39564]
  0x0000012b7d6cbff0 ConcurrentGCThread "G1 Service" [stack: 0x000000070b700000,0x000000070b800000] [id=29432]

Threads with active compile tasks:

VM state: not at safepoint (normal execution)

VM Mutex/Monitor currently owned by a thread: None

CDS archive(s) not mapped
Compressed class space mapped at: 0x0000000080000000-0x00000000c0000000, reserved size: 1073741824
Narrow klass base: 0x0000000000000000, Narrow klass shift: 0, Narrow klass range: 0xc0000000

GC Precious Log:
 CPUs: 12 total, 12 available
 Memory: 16254M
 Large Page Support: Disabled
 NUMA Support: Disabled
 Compressed Oops: Disabled
 Heap Region Size: 32M
 Heap Min Capacity: 32M
 Heap Initial Capacity: 256M
 Heap Max Capacity: 4096G
 Pre-touch: Disabled
 Parallel Workers: 10
 Concurrent Workers: 3
 Concurrent Refinement Workers: 10
 Periodic GC: Disabled

Heap:
 garbage-first heap   total 458752K, used 191507K [0x0000012b7e000000, 0x0000052b7e000000)
  region size 32768K, 2 young (65536K), 1 survivors (32768K)
 Metaspace       used 23236K, committed 23552K, reserved 1114112K
  class space    used 2374K, committed 2496K, reserved 1048576K

Heap Regions: E=young(eden), S=young(survivor), O=old, HS=humongous(starts), HC=humongous(continues), CS=collection set, F=free, OA=open archive, CA=closed archive, TAMS=top-at-mark-start (previous, next)
|   0|0x0000012b7e000000, 0x0000012b80000000, 0x0000012b80000000|100%| O|  |TAMS 0x0000012b80000000, 0x0000012b7e000000| Untracked 
|   1|0x0000012b80000000, 0x0000012b82000000, 0x0000012b82000000|100%|HS|  |TAMS 0x0000012b82000000, 0x0000012b80000000| Complete 
|   2|0x0000012b82000000, 0x0000012b84000000, 0x0000012b84000000|100%| O|  |TAMS 0x0000012b84000000, 0x0000012b82000000| Untracked 
|   3|0x0000012b84000000, 0x0000012b86000000, 0x0000012b86000000|100%| O|  |TAMS 0x0000012b85cc3400, 0x0000012b84000000| Untracked 
|   4|0x0000012b86000000, 0x0000012b88000000, 0x0000012b88000000|100%| O|  |TAMS 0x0000012b86000000, 0x0000012b86000000| Untracked 
|   5|0x0000012b88000000, 0x0000012b896d5800, 0x0000012b8a000000| 71%| O|  |TAMS 0x0000012b88000000, 0x0000012b88000000| Untracked 
|   6|0x0000012b8a000000, 0x0000012b8a000000, 0x0000012b8c000000|  0%| F|  |TAMS 0x0000012b8a000000, 0x0000012b8a000000| Untracked 
|   7|0x0000012b8c000000, 0x0000012b8c000000, 0x0000012b8e000000|  0%| F|  |TAMS 0x0000012b8c000000, 0x0000012b8c000000| Untracked 
|   8|0x0000012b8e000000, 0x0000012b8e000000, 0x0000012b90000000|  0%| F|  |TAMS 0x0000012b8e000000, 0x0000012b8e000000| Untracked 
|   9|0x0000012b90000000, 0x0000012b90000000, 0x0000012b92000000|  0%| F|  |TAMS 0x0000012b90000000, 0x0000012b90000000| Untracked 
|  10|0x0000012b92000000, 0x0000012b92000000, 0x0000012b94000000|  0%| F|  |TAMS 0x0000012b92000000, 0x0000012b92000000| Untracked 
|  11|0x0000012b94000000, 0x0000012b94000000, 0x0000012b96000000|  0%| F|  |TAMS 0x0000012b94000000, 0x0000012b94000000| Untracked 
|  12|0x0000012b96000000, 0x0000012b9642f5e0, 0x0000012b98000000| 13%| S|CS|TAMS 0x0000012b96000000, 0x0000012b96000000| Complete 
|  13|0x0000012b98000000, 0x0000012b99362cd8, 0x0000012b9a000000| 60%| E|  |TAMS 0x0000012b98000000, 0x0000012b98000000| Complete 

Card table byte_map: [0x0000052d7e000000,0x0000052f7e000000] _byte_map_base: 0x0000052ce8410000

Marking Bits (Prev, Next): (CMBitMap*) 0x0000012b7cfab470, (CMBitMap*) 0x0000012b7cfab430
 Prev Bits: [0x000005417e000000, 0x000005517e000000)
 Next Bits: [0x000005317e000000, 0x000005417e000000)

Polling page: 0x0000012b7c6b0000

Metaspace:

Usage:
  Non-class:     20.37 MB used.
      Class:      2.32 MB used.
       Both:     22.69 MB used.

Virtual space:
  Non-class space:       64.00 MB reserved,      20.56 MB ( 32%) committed,  1 nodes.
      Class space:        1.00 GB reserved,       2.44 MB ( <1%) committed,  1 nodes.
             Both:        1.06 GB reserved,      23.00 MB (  2%) committed. 

Chunk freelists:
   Non-Class:  10.98 MB
       Class:  13.60 MB
        Both:  24.59 MB

MaxMetaspaceSize: unlimited
CompressedClassSpaceSize: 1.00 GB
Initial GC threshold: 21.00 MB
Current GC threshold: 35.12 MB
CDS: off
MetaspaceReclaimPolicy: balanced
 - commit_granule_bytes: 65536.
 - commit_granule_words: 8192.
 - virtual_space_node_default_size: 8388608.
 - enlarge_chunks_in_place: 1.
 - new_chunks_are_fully_committed: 0.
 - uncommit_free_chunks: 1.
 - use_allocation_guard: 0.
 - handle_deallocations: 1.


Internal statistics:

num_allocs_failed_limit: 3.
num_arena_births: 270.
num_arena_deaths: 0.
num_vsnodes_births: 2.
num_vsnodes_deaths: 0.
num_space_committed: 368.
num_space_uncommitted: 0.
num_chunks_returned_to_freelist: 3.
num_chunks_taken_from_freelist: 410.
num_chunk_merges: 0.
num_chunk_splits: 229.
num_chunks_enlarged: 111.
num_inconsistent_stats: 0.

CodeHeap 'non-profiled nmethods': size=120000Kb used=1364Kb max_used=1364Kb free=118635Kb
 bounds [0x0000012b0b5c0000, 0x0000012b0b830000, 0x0000012b12af0000]
CodeHeap 'profiled nmethods': size=120000Kb used=5674Kb max_used=5674Kb free=114325Kb
 bounds [0x0000012b03af0000, 0x0000012b04080000, 0x0000012b0b020000]
CodeHeap 'non-nmethods': size=5760Kb used=1319Kb max_used=1397Kb free=4440Kb
 bounds [0x0000012b0b020000, 0x0000012b0b290000, 0x0000012b0b5c0000]
 total_blobs=3735 nmethods=3078 adapters=569
 compilation: enabled
              stopped_count=0, restarted_count=0
 full_count=0

Compilation events (20 events):
Event: 28.651 Thread 0x000005517ef2e1b0 3068       4       sun.java2d.pipe.DrawImage::tryCopyOrScale (260 bytes)
Event: 28.654 Thread 0x000005517ef2e1b0 nmethod 3068 0x0000012b0b70e510 code [0x0000012b0b70e700, 0x0000012b0b70edd8]
Event: 28.668 Thread 0x000005517ef2e1b0 3069       4       sun.java2d.loops.TransformBlit::getFromCache (49 bytes)
Event: 28.669 Thread 0x000005517ef2e1b0 nmethod 3069 0x0000012b0b70f110 code [0x0000012b0b70f2a0, 0x0000012b0b70f388]
Event: 28.787 Thread 0x000005517ef2e1b0 3070  s    4       sun.java2d.opengl.OGLRenderQueue::getInstance (20 bytes)
Event: 28.788 Thread 0x000005517ef2e1b0 nmethod 3070 0x0000012b0b70f490 code [0x0000012b0b70f620, 0x0000012b0b70f7f8]
Event: 28.804 Thread 0x000005517ef2e1b0 3071       4       java.lang.StringBuilder::length (5 bytes)
Event: 28.804 Thread 0x000005517ef2e1b0 nmethod 3071 0x0000012b0b70f890 code [0x0000012b0b70fa00, 0x0000012b0b70fa78]
Event: 28.973 Thread 0x000005517ef34350 3072       3       net.sendback.util.SystemStats::getMemoryUsage (53 bytes)
Event: 28.974 Thread 0x000005517ef34350 nmethod 3072 0x0000012b04076d90 code [0x0000012b04077060, 0x0000012b04077e58]
Event: 28.974 Thread 0x000005517ef34350 3073       3       net.sendback.util.SystemStats::getCpuUsage (37 bytes)
Event: 28.975 Thread 0x000005517ef34350 nmethod 3073 0x0000012b04078390 code [0x0000012b04078660, 0x0000012b04079508]
Event: 28.975 Thread 0x000005517ef34350 3074       3       java.awt.Component$FlipBufferStrategy::show (12 bytes)
Event: 28.975 Thread 0x000005517ef34350 nmethod 3074 0x0000012b04079a10 code [0x0000012b04079bc0, 0x0000012b04079e08]
Event: 28.975 Thread 0x000005517ef34350 3075       3       java.awt.Component$FlipBufferStrategy::flip (58 bytes)
Event: 28.975 Thread 0x000005517ef34350 nmethod 3075 0x0000012b04079f10 code [0x0000012b0407a140, 0x0000012b0407a8f8]
Event: 29.007 Thread 0x000005517ef2e1b0 3076       4       sun.java2d.pipe.DrawImage::transformImage (124 bytes)
Event: 29.031 Thread 0x000005517ef2e1b0 nmethod 3076 0x0000012b0b70fb90 code [0x0000012b0b70fec0, 0x0000012b0b711770]
Event: 29.031 Thread 0x000005517ef2e1b0 3077       4       sun.java2d.opengl.OGLDrawImage::renderImageXform (159 bytes)
Event: 29.047 Thread 0x000005517ef2e1b0 nmethod 3077 0x0000012b0b712b90 code [0x0000012b0b712e20, 0x0000012b0b713e00]

GC Heap History (18 events):
Event: 1.101 GC heap before
{Heap before GC invocations=0 (full 0):
 garbage-first heap   total 262144K, used 32768K [0x0000012b7e000000, 0x0000052b7e000000)
  region size 32768K, 1 young (32768K), 0 survivors (0K)
 Metaspace       used 16503K, committed 16768K, reserved 1114112K
  class space    used 1554K, committed 1664K, reserved 1048576K
}
Event: 1.112 GC heap after
{Heap after GC invocations=1 (full 0):
 garbage-first heap   total 262144K, used 6140K [0x0000012b7e000000, 0x0000052b7e000000)
  region size 32768K, 1 young (32768K), 1 survivors (32768K)
 Metaspace       used 16503K, committed 16768K, reserved 1114112K
  class space    used 1554K, committed 1664K, reserved 1048576K
}
Event: 1.238 GC heap before
{Heap before GC invocations=1 (full 0):
 garbage-first heap   total 262144K, used 6140K [0x0000012b7e000000, 0x0000052b7e000000)
  region size 32768K, 2 young (65536K), 1 survivors (32768K)
 Metaspace       used 16571K, committed 16832K, reserved 1114112K
  class space    used 1556K, committed 1664K, reserved 1048576K
}
Event: 1.245 GC heap after
{Heap after GC invocations=2 (full 0):
 garbage-first heap   total 262144K, used 17508K [0x0000012b7e000000, 0x0000052b7e000000)
  region size 32768K, 1 young (32768K), 1 survivors (32768K)
 Metaspace       used 16571K, committed 16832K, reserved 1114112K
  class space    used 1556K, committed 1664K, reserved 1048576K
}
Event: 1.506 GC heap before
{Heap before GC invocations=2 (full 0):
 garbage-first heap   total 262144K, used 50276K [0x0000012b7e000000, 0x0000052b7e000000)
  region size 32768K, 2 young (65536K), 1 survivors (32768K)
 Metaspace       used 16588K, committed 16832K, reserved 1114112K
  class space    used 1556K, committed 1664K, reserved 1048576K
}
Event: 1.515 GC heap after
{Heap after GC invocations=3 (full 0):
 garbage-first heap   total 262144K, used 31597K [0x0000012b7e000000, 0x0000052b7e000000)
  region size 32768K, 1 young (32768K), 1 survivors (32768K)
 Metaspace       used 16588K, committed 16832K, reserved 1114112K
  class space    used 1556K, committed 1664K, reserved 1048576K
}
Event: 1.571 GC heap before
{Heap before GC invocations=3 (full 0):
 garbage-first heap   total 262144K, used 31597K [0x0000012b7e000000, 0x0000052b7e000000)
  region size 32768K, 2 young (65536K), 1 survivors (32768K)
 Metaspace       used 16588K, committed 16832K, reserved 1114112K
  class space    used 1556K, committed 1664K, reserved 1048576K
}
Event: 1.581 GC heap after
{Heap after GC invocations=4 (full 0):
 garbage-first heap   total 262144K, used 47258K [0x0000012b7e000000, 0x0000052b7e000000)
  region size 32768K, 1 young (32768K), 1 survivors (32768K)
 Metaspace       used 16588K, committed 16832K, reserved 1114112K
  class space    used 1556K, committed 1664K, reserved 1048576K
}
Event: 1.778 GC heap before
{Heap before GC invocations=4 (full 0):
 garbage-first heap   total 262144K, used 80026K [0x0000012b7e000000, 0x0000052b7e000000)
  region size 32768K, 2 young (65536K), 1 survivors (32768K)
 Metaspace       used 16938K, committed 17216K, reserved 1114112K
  class space    used 1608K, committed 1728K, reserved 1048576K
}
Event: 1.784 GC heap after
{Heap after GC invocations=5 (full 0):
 garbage-first heap   total 458752K, used 73477K [0x0000012b7e000000, 0x0000052b7e000000)
  region size 32768K, 1 young (32768K), 1 survivors (32768K)
 Metaspace       used 16938K, committed 17216K, reserved 1114112K
  class space    used 1608K, committed 1728K, reserved 1048576K
}
Event: 2.093 GC heap before
{Heap before GC invocations=5 (full 0):
 garbage-first heap   total 458752K, used 106245K [0x0000012b7e000000, 0x0000052b7e000000)
  region size 32768K, 3 young (98304K), 1 survivors (32768K)
 Metaspace       used 17381K, committed 17536K, reserved 1114112K
  class space    used 1663K, committed 1728K, reserved 1048576K
}
Event: 2.111 GC heap after
{Heap after GC invocations=6 (full 0):
 garbage-first heap   total 458752K, used 137875K [0x0000012b7e000000, 0x0000052b7e000000)
  region size 32768K, 1 young (32768K), 1 survivors (32768K)
 Metaspace       used 17381K, committed 17536K, reserved 1114112K
  class space    used 1663K, committed 1728K, reserved 1048576K
}
Event: 2.538 GC heap before
{Heap before GC invocations=6 (full 0):
 garbage-first heap   total 458752K, used 170643K [0x0000012b7e000000, 0x0000052b7e000000)
  region size 32768K, 2 young (65536K), 1 survivors (32768K)
 Metaspace       used 17415K, committed 17664K, reserved 1114112K
  class space    used 1668K, committed 1728K, reserved 1048576K
}
Event: 2.553 GC heap after
{Heap after GC invocations=7 (full 0):
 garbage-first heap   total 458752K, used 160525K [0x0000012b7e000000, 0x0000052b7e000000)
  region size 32768K, 1 young (32768K), 1 survivors (32768K)
 Metaspace       used 17415K, committed 17664K, reserved 1114112K
  class space    used 1668K, committed 1728K, reserved 1048576K
}
Event: 3.830 GC heap before
{Heap before GC invocations=7 (full 0):
 garbage-first heap   total 458752K, used 160525K [0x0000012b7e000000, 0x0000052b7e000000)
  region size 32768K, 2 young (65536K), 1 survivors (32768K)
 Metaspace       used 21187K, committed 21504K, reserved 1114112K
  class space    used 2198K, committed 2368K, reserved 1048576K
}
Event: 3.850 GC heap after
{Heap after GC invocations=8 (full 0):
 garbage-first heap   total 458752K, used 186884K [0x0000012b7e000000, 0x0000052b7e000000)
  region size 32768K, 1 young (32768K), 1 survivors (32768K)
 Metaspace       used 21187K, committed 21504K, reserved 1114112K
  class space    used 2198K, committed 2368K, reserved 1048576K
}
Event: 25.711 GC heap before
{Heap before GC invocations=9 (full 0):
 garbage-first heap   total 458752K, used 219652K [0x0000012b7e000000, 0x0000052b7e000000)
  region size 32768K, 2 young (65536K), 1 survivors (32768K)
 Metaspace       used 23112K, committed 23424K, reserved 1114112K
  class space    used 2353K, committed 2496K, reserved 1048576K
}
Event: 25.719 GC heap after
{Heap after GC invocations=10 (full 0):
 garbage-first heap   total 458752K, used 191507K [0x0000012b7e000000, 0x0000052b7e000000)
  region size 32768K, 1 young (32768K), 1 survivors (32768K)
 Metaspace       used 23112K, committed 23424K, reserved 1114112K
  class space    used 2353K, committed 2496K, reserved 1048576K
}

Dll operation events (3 events):
Event: 0.008 Loaded shared library C:\Users\bader\.jdks\jbrsdk_jcef-17.0.9\bin\java.dll
Event: 0.100 Loaded shared library C:\Users\bader\.jdks\jbrsdk_jcef-17.0.9\bin\jsvml.dll
Event: 0.199 Loaded shared library C:\Users\bader\.jdks\jbrsdk_jcef-17.0.9\bin\zip.dll

Deoptimization events (20 events):
Event: 29.090 Thread 0x0000012b2c16b500 Uncommon trap: trap_request=0xffffffde fr.pc=0x0000012b0b708548 relative=0x0000000000001268
Event: 29.090 Thread 0x0000012b2c16b500 Uncommon trap: reason=class_check action=maybe_recompile pc=0x0000012b0b708548 method=java.awt.AWTEvent.dispatched()V @ 11 c2
Event: 29.090 Thread 0x0000012b2c16b500 DEOPT PACKING pc=0x0000012b0b708548 sp=0x000000070fafee10
Event: 29.090 Thread 0x0000012b2c16b500 DEOPT UNPACKING pc=0x0000012b0b0769a3 sp=0x000000070fafed80 mode 2
Event: 29.122 Thread 0x0000012b2c16b500 Uncommon trap: trap_request=0xffffffde fr.pc=0x0000012b0b6fee24 relative=0x00000000000006c4
Event: 29.122 Thread 0x0000012b2c16b500 Uncommon trap: reason=class_check action=maybe_recompile pc=0x0000012b0b6fee24 method=java.awt.EventQueue.setCurrentEventAndMostRecentTimeImpl(Ljava/awt/AWTEvent;)V @ 75 c2
Event: 29.122 Thread 0x0000012b2c16b500 DEOPT PACKING pc=0x0000012b0b6fee24 sp=0x000000070fafe830
Event: 29.122 Thread 0x0000012b2c16b500 DEOPT UNPACKING pc=0x0000012b0b0769a3 sp=0x000000070fafe7d0 mode 2
Event: 29.122 Thread 0x0000012b2c16b500 Uncommon trap: trap_request=0xffffffde fr.pc=0x0000012b0b708548 relative=0x0000000000001268
Event: 29.122 Thread 0x0000012b2c16b500 Uncommon trap: reason=class_check action=maybe_recompile pc=0x0000012b0b708548 method=java.awt.AWTEvent.dispatched()V @ 11 c2
Event: 29.122 Thread 0x0000012b2c16b500 DEOPT PACKING pc=0x0000012b0b708548 sp=0x000000070fafee10
Event: 29.122 Thread 0x0000012b2c16b500 DEOPT UNPACKING pc=0x0000012b0b0769a3 sp=0x000000070fafed80 mode 2
Event: 29.154 Thread 0x0000012b2c16b500 Uncommon trap: trap_request=0xffffffde fr.pc=0x0000012b0b6fee24 relative=0x00000000000006c4
Event: 29.154 Thread 0x0000012b2c16b500 Uncommon trap: reason=class_check action=maybe_recompile pc=0x0000012b0b6fee24 method=java.awt.EventQueue.setCurrentEventAndMostRecentTimeImpl(Ljava/awt/AWTEvent;)V @ 75 c2
Event: 29.154 Thread 0x0000012b2c16b500 DEOPT PACKING pc=0x0000012b0b6fee24 sp=0x000000070fafe830
Event: 29.154 Thread 0x0000012b2c16b500 DEOPT UNPACKING pc=0x0000012b0b0769a3 sp=0x000000070fafe7d0 mode 2
Event: 29.154 Thread 0x0000012b2c16b500 Uncommon trap: trap_request=0xffffffde fr.pc=0x0000012b0b708548 relative=0x0000000000001268
Event: 29.154 Thread 0x0000012b2c16b500 Uncommon trap: reason=class_check action=maybe_recompile pc=0x0000012b0b708548 method=java.awt.AWTEvent.dispatched()V @ 11 c2
Event: 29.154 Thread 0x0000012b2c16b500 DEOPT PACKING pc=0x0000012b0b708548 sp=0x000000070fafee10
Event: 29.154 Thread 0x0000012b2c16b500 DEOPT UNPACKING pc=0x0000012b0b0769a3 sp=0x000000070fafed80 mode 2

Classes unloaded (0 events):
No events

Classes redefined (0 events):
No events

Internal exceptions (20 events):
Event: 1.039 Thread 0x0000012b7ceed2c0 Exception <a 'java/lang/NoSuchMethodError'{0x0000012b8d759b78}: 'int java.lang.invoke.DirectMethodHandle$Holder.invokeStaticInit(java.lang.Object, float, float)'> (0x0000012b8d759b78) 
thrown [s\src\hotspot\share\interpreter\linkResolver.cpp, line 771]
Event: 1.040 Thread 0x0000012b7ceed2c0 Exception <a 'java/lang/NoSuchMethodError'{0x0000012b8d762868}: 'int java.lang.invoke.DirectMethodHandle$Holder.invokeStaticInit(java.lang.Object, double, double)'> (0x0000012b8d762868) 
thrown [s\src\hotspot\share\interpreter\linkResolver.cpp, line 771]
Event: 1.041 Thread 0x0000012b7ceed2c0 Exception <a 'java/lang/NoSuchMethodError'{0x0000012b8d768338}: 'int java.lang.invoke.DirectMethodHandle$Holder.invokeStatic(java.lang.Object, long)'> (0x0000012b8d768338) 
thrown [s\src\hotspot\share\interpreter\linkResolver.cpp, line 771]
Event: 1.045 Thread 0x0000012b7ceed2c0 Exception <a 'java/lang/NoSuchMethodError'{0x0000012b8d83af70}: 'int java.lang.invoke.Invokers$Holder.linkToTargetMethod(java.lang.Object, java.lang.Object)'> (0x0000012b8d83af70) 
thrown [s\src\hotspot\share\interpreter\linkResolver.cpp, line 771]
Event: 2.275 Thread 0x0000012b7ceed2c0 Exception <a 'java/lang/NoSuchMethodError'{0x0000012b98a64958}: 'void java.lang.invoke.DirectMethodHandle$Holder.invokeSpecial(java.lang.Object, java.lang.Object, java.lang.Object)'> (0x0000012b98a64958) 
thrown [s\src\hotspot\share\interpreter\linkResolver.cpp, line 771]
Event: 2.812 Thread 0x0000012b7ceed2c0 Exception <a 'java/lang/NoSuchMethodError'{0x0000012b997190a0}: 'void java.lang.invoke.DirectMethodHandle$Holder.invokeStaticInit(java.lang.Object)'> (0x0000012b997190a0) 
thrown [s\src\hotspot\share\interpreter\linkResolver.cpp, line 771]
Event: 2.838 Thread 0x0000012b2c16b500 Exception <a 'java/lang/NoSuchMethodError'{0x0000012b9988fba8}: 'java.lang.Object java.lang.invoke.DirectMethodHandle$Holder.newInvokeSpecial(java.lang.Object, java.lang.Object, java.lang.Object, java.lang.Object, java.lang.Object)'> (0x0000012b9988fba8) 
thrown [s\src\hotspot\share\interpreter\linkResolver.cpp, line 771]
Event: 2.840 Thread 0x0000012b2c16b500 Exception <a 'java/lang/NoSuchMethodError'{0x0000012b9989e478}: 'java.lang.Object java.lang.invoke.DirectMethodHandle$Holder.invokeStatic(java.lang.Object, int, java.lang.Object, java.lang.Object, java.lang.Object, java.lang.Object)'> (0x0000012b9989e478) 
thrown [s\src\hotspot\share\interpreter\linkResolver.cpp, line 771]
Event: 2.870 Thread 0x0000012b2c16b500 Exception <a 'java/lang/ClassNotFoundException'{0x0000012b999d37a8}: com/sun/swing/internal/plaf/metal/resources/spi/metalProvider> (0x0000012b999d37a8) 
thrown [s\src\hotspot\share\classfile\systemDictionary.cpp, line 256]
Event: 2.870 Thread 0x0000012b2c16b500 Exception <a 'java/lang/ClassNotFoundException'{0x0000012b999d9700}: com/sun/swing/internal/plaf/basic/resources/spi/basicProvider> (0x0000012b999d9700) 
thrown [s\src\hotspot\share\classfile\systemDictionary.cpp, line 256]
Event: 2.873 Thread 0x0000012b2c16b500 Exception <a 'java/lang/NoSuchMethodError'{0x0000012b999fdab8}: 'java.lang.Object java.lang.invoke.Invokers$Holder.linkToTargetMethod(java.lang.Object, int, java.lang.Object, java.lang.Object, java.lang.Object)'> (0x0000012b999fdab8) 
thrown [s\src\hotspot\share\interpreter\linkResolver.cpp, line 771]
Event: 2.895 Thread 0x0000012b253679b0 Exception <a 'java/lang/NoSuchMethodError'{0x0000012b99a5e308}: 'void java.lang.invoke.DirectMethodHandle$Holder.invokeVirtual(java.lang.Object, java.lang.Object)'> (0x0000012b99a5e308) 
thrown [s\src\hotspot\share\interpreter\linkResolver.cpp, line 771]
Event: 2.916 Thread 0x0000012b2c16b500 Exception <a 'java/lang/NoSuchMethodError'{0x0000012b99adecb8}: 'java.lang.Object java.lang.invoke.DirectMethodHandle$Holder.newInvokeSpecial(java.lang.Object, java.lang.Object, int, int, int, int)'> (0x0000012b99adecb8) 
thrown [s\src\hotspot\share\interpreter\linkResolver.cpp, line 771]
Event: 2.920 Thread 0x0000012b2c16b500 Exception <a 'java/lang/NoSuchMethodError'{0x0000012b99af0a08}: 'void java.lang.invoke.DirectMethodHandle$Holder.invokeSpecial(java.lang.Object, java.lang.Object, int, int)'> (0x0000012b99af0a08) 
thrown [s\src\hotspot\share\interpreter\linkResolver.cpp, line 771]
Event: 2.921 Thread 0x0000012b2c16b500 Exception <a 'java/lang/NoSuchMethodError'{0x0000012b99af8870}: 'java.lang.Object java.lang.invoke.DirectMethodHandle$Holder.newInvokeSpecial(java.lang.Object, java.lang.Object, int, int)'> (0x0000012b99af8870) 
thrown [s\src\hotspot\share\interpreter\linkResolver.cpp, line 771]
Event: 3.091 Thread 0x0000012b2c16b500 Exception <a 'java/lang/NoSuchMethodError'{0x0000012b99c04678}: 'java.lang.Object java.lang.invoke.Invokers$Holder.invoke_MT(java.lang.Object, java.lang.Object, java.lang.Object)'> (0x0000012b99c04678) 
thrown [s\src\hotspot\share\interpreter\linkResolver.cpp, line 771]
Event: 3.093 Thread 0x0000012b2c16b500 Exception <a 'java/lang/NoSuchMethodError'{0x0000012b99c12b88}: 'int java.lang.invoke.Invokers$Holder.invoke_MT(java.lang.Object, java.lang.Object, java.lang.Object)'> (0x0000012b99c12b88) 
thrown [s\src\hotspot\share\interpreter\linkResolver.cpp, line 771]
Event: 3.829 Thread 0x0000012b2c16b500 Exception <a 'java/lang/NoSuchMethodError'{0x0000012b99c93d48}: 'void java.lang.invoke.DirectMethodHandle$Holder.invokeStatic(java.lang.Object, java.lang.Object, java.lang.Object)'> (0x0000012b99c93d48) 
thrown [s\src\hotspot\share\interpreter\linkResolver.cpp, line 771]
Event: 28.601 Thread 0x0000012b2c16d360 Implicit null exception at 0x0000012b0b6e926f to 0x0000012b0b6e9e08
Event: 28.602 Thread 0x0000012b2c16d360 Implicit null exception at 0x0000012b0b6bae80 to 0x0000012b0b6bb410

VM Operations (20 events):
Event: 20.049 Executing VM operation: Cleanup
Event: 20.049 Executing VM operation: Cleanup done
Event: 21.064 Executing VM operation: Cleanup
Event: 21.064 Executing VM operation: Cleanup done
Event: 22.079 Executing VM operation: Cleanup
Event: 22.079 Executing VM operation: Cleanup done
Event: 23.081 Executing VM operation: Cleanup
Event: 23.081 Executing VM operation: Cleanup done
Event: 24.085 Executing VM operation: Cleanup
Event: 24.085 Executing VM operation: Cleanup done
Event: 25.095 Executing VM operation: Cleanup
Event: 25.095 Executing VM operation: Cleanup done
Event: 25.711 Executing VM operation: G1CollectForAllocation
Event: 25.719 Executing VM operation: G1CollectForAllocation done
Event: 26.734 Executing VM operation: Cleanup
Event: 26.734 Executing VM operation: Cleanup done
Event: 27.738 Executing VM operation: Cleanup
Event: 27.738 Executing VM operation: Cleanup done
Event: 28.742 Executing VM operation: Cleanup
Event: 28.743 Executing VM operation: Cleanup done

Events (20 events):
Event: 28.590 loading class javax/swing/JInternalFrame done
Event: 28.590 loading class javax/swing/KeyboardManager
Event: 28.590 loading class javax/swing/KeyboardManager done
Event: 28.590 loading class javax/swing/Popup$HeavyWeightWindow
Event: 28.590 loading class sun/awt/ModalExclude
Event: 28.590 loading class sun/awt/ModalExclude done
Event: 28.590 loading class javax/swing/JWindow
Event: 28.590 loading class javax/swing/JWindow done
Event: 28.590 loading class javax/swing/Popup$HeavyWeightWindow done
Event: 29.193 Thread 0x0000012b2522f250 Thread added: 0x0000012b2522f250
Event: 29.193 Thread 0x0000012b2522f760 Thread added: 0x0000012b2522f760
Event: 29.193 Thread 0x0000012b2522d900 Thread added: 0x0000012b2522d900
Event: 29.194 loading class java/util/WeakHashMap$KeyIterator
Event: 29.194 loading class java/util/WeakHashMap$HashIterator
Event: 29.194 loading class java/util/WeakHashMap$HashIterator done
Event: 29.194 loading class java/util/WeakHashMap$KeyIterator done
Event: 29.194 loading class sun/font/SunFontManager$8$1
Event: 29.194 Thread 0x0000012b2522f760 Thread exited: 0x0000012b2522f760
Event: 29.194 loading class sun/font/SunFontManager$8$1 done
Event: 29.197 Thread 0x0000012b2522d900 Thread exited: 0x0000012b2522d900


Dynamic libraries:
0x00007ff7d9cd0000 - 0x00007ff7d9cda000 	C:\Users\bader\.jdks\jbrsdk_jcef-17.0.9\bin\java.exe
0x00007ffed6e90000 - 0x00007ffed7088000 	C:\Windows\SYSTEM32\ntdll.dll
0x00007ffed4f20000 - 0x00007ffed4fe2000 	C:\Windows\System32\KERNEL32.DLL
0x00007ffed4960000 - 0x00007ffed4c5e000 	C:\Windows\System32\KERNELBASE.dll
0x00007ffed4db0000 - 0x00007ffed4eb0000 	C:\Windows\System32\ucrtbase.dll
0x00007ffed08b0000 - 0x00007ffed08c7000 	C:\Users\bader\.jdks\jbrsdk_jcef-17.0.9\bin\jli.dll
0x00007ffebdcc0000 - 0x00007ffebdcdb000 	C:\Users\bader\.jdks\jbrsdk_jcef-17.0.9\bin\VCRUNTIME140.dll
0x00007ffed6bd0000 - 0x00007ffed6d6d000 	C:\Windows\System32\USER32.dll
0x00007ffeba210000 - 0x00007ffeba4aa000 	C:\Windows\WinSxS\amd64_microsoft.windows.common-controls_6595b64144ccf1df_6.0.19041.4355_none_60b8b9eb71f62e16\COMCTL32.dll
0x00007ffed4650000 - 0x00007ffed4672000 	C:\Windows\System32\win32u.dll
0x00007ffed67d0000 - 0x00007ffed686e000 	C:\Windows\System32\msvcrt.dll
0x00007ffed61a0000 - 0x00007ffed61cb000 	C:\Windows\System32\GDI32.dll
0x00007ffed4530000 - 0x00007ffed4647000 	C:\Windows\System32\gdi32full.dll
0x00007ffed4d10000 - 0x00007ffed4dad000 	C:\Windows\System32\msvcp_win.dll
0x00007ffed6100000 - 0x00007ffed612f000 	C:\Windows\System32\IMM32.DLL
0x00007ffeb9d20000 - 0x00007ffeb9d2c000 	C:\Users\bader\.jdks\jbrsdk_jcef-17.0.9\bin\vcruntime140_1.dll
0x00007ffe91610000 - 0x00007ffe9169d000 	C:\Users\bader\.jdks\jbrsdk_jcef-17.0.9\bin\msvcp140.dll
0x00007ffe28ae0000 - 0x00007ffe29762000 	C:\Users\bader\.jdks\jbrsdk_jcef-17.0.9\bin\server\jvm.dll
0x00007ffed6d90000 - 0x00007ffed6e41000 	C:\Windows\System32\ADVAPI32.dll
0x00007ffed5e40000 - 0x00007ffed5edf000 	C:\Windows\System32\sechost.dll
0x00007ffed62a0000 - 0x00007ffed63c3000 	C:\Windows\System32\RPCRT4.dll
0x00007ffed4760000 - 0x00007ffed4787000 	C:\Windows\System32\bcrypt.dll
0x00007ffed3a60000 - 0x00007ffed3aab000 	C:\Windows\SYSTEM32\POWRPROF.dll
0x00007ffeb9a40000 - 0x00007ffeb9a67000 	C:\Windows\SYSTEM32\WINMM.dll
0x00007ffebb4b0000 - 0x00007ffebb4b9000 	C:\Windows\SYSTEM32\WSOCK32.dll
0x00007ffecd650000 - 0x00007ffecd65a000 	C:\Windows\SYSTEM32\VERSION.dll
0x00007ffed6090000 - 0x00007ffed60fb000 	C:\Windows\System32\WS2_32.dll
0x00007ffed3930000 - 0x00007ffed3942000 	C:\Windows\SYSTEM32\UMPDC.dll
0x00007ffed23b0000 - 0x00007ffed23c2000 	C:\Windows\SYSTEM32\kernel.appcore.dll
0x00007ffeb9d10000 - 0x00007ffeb9d1a000 	C:\Users\bader\.jdks\jbrsdk_jcef-17.0.9\bin\jimage.dll
0x00007ffed1cc0000 - 0x00007ffed1ea4000 	C:\Windows\SYSTEM32\DBGHELP.DLL
0x00007ffec4470000 - 0x00007ffec44a4000 	C:\Windows\SYSTEM32\dbgcore.DLL
0x00007ffed46d0000 - 0x00007ffed4752000 	C:\Windows\System32\bcryptPrimitives.dll
0x00007ffed0880000 - 0x00007ffed088e000 	C:\Users\bader\.jdks\jbrsdk_jcef-17.0.9\bin\instrument.dll
0x00007ffeb9ce0000 - 0x00007ffeb9d05000 	C:\Users\bader\.jdks\jbrsdk_jcef-17.0.9\bin\java.dll
0x00007ffeb9cc0000 - 0x00007ffeb9cd8000 	C:\Users\bader\.jdks\jbrsdk_jcef-17.0.9\bin\zip.dll
0x00007ffe80ff0000 - 0x00007ffe810c7000 	C:\Users\bader\.jdks\jbrsdk_jcef-17.0.9\bin\jsvml.dll
0x00007ffed4ff0000 - 0x00007ffed575d000 	C:\Windows\System32\SHELL32.dll
0x00007ffed25b0000 - 0x00007ffed2d54000 	C:\Windows\SYSTEM32\windows.storage.dll
0x00007ffed6870000 - 0x00007ffed6bc3000 	C:\Windows\System32\combase.dll
0x00007ffed3f60000 - 0x00007ffed3f8e000 	C:\Windows\SYSTEM32\Wldp.dll
0x00007ffed61d0000 - 0x00007ffed629d000 	C:\Windows\System32\OLEAUT32.dll
0x00007ffed65c0000 - 0x00007ffed666d000 	C:\Windows\System32\SHCORE.dll
0x00007ffed6560000 - 0x00007ffed65b5000 	C:\Windows\System32\shlwapi.dll
0x00007ffed4460000 - 0x00007ffed4484000 	C:\Windows\SYSTEM32\profapi.dll
0x00007ffeb9a70000 - 0x00007ffeb9a89000 	C:\Users\bader\.jdks\jbrsdk_jcef-17.0.9\bin\net.dll
0x00007ffeccc80000 - 0x00007ffeccd8d000 	C:\Windows\SYSTEM32\WINHTTP.dll
0x00007ffed3cc0000 - 0x00007ffed3d2a000 	C:\Windows\system32\mswsock.dll
0x00007ffeb9370000 - 0x00007ffeb9386000 	C:\Users\bader\.jdks\jbrsdk_jcef-17.0.9\bin\nio.dll
0x00007ffecf410000 - 0x00007ffecf42a000 	C:\Program Files\JetBrains\IntelliJ IDEA Community Edition 2023.3.6\bin\breakgen64.dll
0x00007ffe8c040000 - 0x00007ffe8c1da000 	C:\Users\bader\.jdks\jbrsdk_jcef-17.0.9\bin\awt.dll
0x00007ffed20b0000 - 0x00007ffed20df000 	C:\Windows\SYSTEM32\dwmapi.dll
0x00007ffec2b60000 - 0x00007ffec2ba4000 	C:\Users\bader\.jdks\jbrsdk_jcef-17.0.9\bin\nvdaControllerClient64.dll
0x00007ffecf1c0000 - 0x00007ffecf254000 	C:\Windows\SYSTEM32\apphelp.dll
0x00007ffeb81e0000 - 0x00007ffeb8308000 	C:\Windows\system32\opengl32.dll
0x00007ffeb7c60000 - 0x00007ffeb7c8c000 	C:\Windows\SYSTEM32\GLU32.dll
0x00007ffed1090000 - 0x00007ffed112e000 	C:\Windows\system32\uxtheme.dll
0x00007ffed5bd0000 - 0x00007ffed5ce5000 	C:\Windows\System32\MSCTF.dll
0x00007ffed5cf0000 - 0x00007ffed5d99000 	C:\Windows\System32\clbcatq.dll
0x00007ffe45430000 - 0x00007ffe463fa000 	C:\Windows\System32\DriverStore\FileRepository\iigd_dch.inf_amd64_5d54dd32fa1ef4d4\ig9icd64.dll
0x00007ffed6430000 - 0x00007ffed655b000 	C:\Windows\System32\ole32.dll
0x00007ffed2dc0000 - 0x00007ffed2eb6000 	C:\Windows\system32\dxgi.dll
0x00007ffec7a80000 - 0x00007ffec7cbf000 	C:\Windows\System32\DriverStore\FileRepository\iigd_dch.inf_amd64_5d54dd32fa1ef4d4\igdgmm64.dll
0x00007ffec4eb0000 - 0x00007ffec7a79000 	C:\Windows\System32\DriverStore\FileRepository\iigd_dch.inf_amd64_5d54dd32fa1ef4d4\igc64.dll
0x00007ffe63280000 - 0x00007ffe6368c000 	C:\Windows\System32\DriverStore\FileRepository\iigd_dch.inf_amd64_5d54dd32fa1ef4d4\igdml64.dll
0x00007ffed3ec0000 - 0x00007ffed3ed8000 	C:\Windows\SYSTEM32\CRYPTSP.dll
0x00007ffed3570000 - 0x00007ffed35a4000 	C:\Windows\system32\rsaenh.dll
0x00007ffed4420000 - 0x00007ffed444e000 	C:\Windows\SYSTEM32\USERENV.dll
0x00007ffed3eb0000 - 0x00007ffed3ebc000 	C:\Windows\SYSTEM32\CRYPTBASE.dll
0x00007ffed3950000 - 0x00007ffed398b000 	C:\Windows\SYSTEM32\IPHLPAPI.DLL
0x00007ffed5e30000 - 0x00007ffed5e38000 	C:\Windows\System32\NSI.dll
0x00007ffecc960000 - 0x00007ffecc977000 	C:\Windows\SYSTEM32\dhcpcsvc6.DLL
0x00007ffeccbf0000 - 0x00007ffeccc0d000 	C:\Windows\SYSTEM32\dhcpcsvc.DLL
0x00007ffed3990000 - 0x00007ffed3a5a000 	C:\Windows\SYSTEM32\DNSAPI.dll
0x00007ffeb9420000 - 0x00007ffeb94a7000 	C:\Users\bader\.jdks\jbrsdk_jcef-17.0.9\bin\freetype.dll
0x00007ffeb4630000 - 0x00007ffeb4707000 	C:\Users\bader\.jdks\jbrsdk_jcef-17.0.9\bin\fontmanager.dll
0x00007ffecd160000 - 0x00007ffecd172000 	C:\Users\bader\.jdks\jbrsdk_jcef-17.0.9\bin\jsound.dll
0x00007ffea87c0000 - 0x00007ffea885c000 	C:\Windows\SYSTEM32\DSOUND.dll
0x00007ffec02f0000 - 0x00007ffec0316000 	C:\Windows\SYSTEM32\winmmbase.dll
0x00007ffecce00000 - 0x00007ffecce85000 	C:\Windows\System32\MMDevApi.dll
0x00007ffed42c0000 - 0x00007ffed42f3000 	C:\Windows\System32\DEVOBJ.dll
0x00007ffed4680000 - 0x00007ffed46ce000 	C:\Windows\System32\cfgmgr32.dll
0x00007ffeb5080000 - 0x00007ffeb50c6000 	C:\Windows\SYSTEM32\wdmaud.drv
0x00007ffecf4e0000 - 0x00007ffecf4e9000 	C:\Windows\SYSTEM32\ksuser.dll
0x00007ffeced00000 - 0x00007ffeced0a000 	C:\Windows\SYSTEM32\AVRT.dll
0x00007ffecce90000 - 0x00007ffecd011000 	C:\Windows\SYSTEM32\AUDIOSES.DLL
0x00007ffeb5070000 - 0x00007ffeb507d000 	C:\Windows\SYSTEM32\msacm32.drv
0x00007ffeb5050000 - 0x00007ffeb506e000 	C:\Windows\SYSTEM32\MSACM32.dll
0x00007ffeb5040000 - 0x00007ffeb504b000 	C:\Windows\SYSTEM32\midimap.dll
0x00007ffed1fb0000 - 0x00007ffed1fc4000 	C:\Windows\SYSTEM32\resourcepolicyclient.dll
0x00007ffeb1a60000 - 0x00007ffeb1c05000 	C:\Windows\WinSxS\amd64_microsoft.windows.gdiplus_6595b64144ccf1df_1.1.19041.4597_none_91a78020cc854124\gdiplus.dll
0x00007ffebfdd0000 - 0x00007ffebfec9000 	C:\Windows\SYSTEM32\textinputframework.dll
0x00007ffecea50000 - 0x00007ffeceb42000 	C:\Windows\System32\CoreMessaging.dll
0x00007ffece6e0000 - 0x00007ffecea3b000 	C:\Windows\System32\CoreUIComponents.dll
0x00007ffed37c0000 - 0x00007ffed37f3000 	C:\Windows\SYSTEM32\ntmarta.dll
0x00007ffed12c0000 - 0x00007ffed1417000 	C:\Windows\SYSTEM32\wintypes.dll
0x00007ffeb7e70000 - 0x00007ffeb8165000 	C:\Windows\System32\uiautomationcore.dll
0x00007ffed1880000 - 0x00007ffed1976000 	C:\Windows\System32\PROPSYS.dll
0x00007ffeb8170000 - 0x00007ffeb81d6000 	C:\Windows\System32\OLEACC.dll
0x00007ffebfed0000 - 0x00007ffec000f000 	C:\Windows\System32\Windows.UI.dll
0x00007ffecbdf0000 - 0x00007ffecbe91000 	C:\Windows\System32\WindowManagementAPI.dll
0x00007ffebfc70000 - 0x00007ffebfdc2000 	C:\Windows\System32\InputHost.dll
0x00007ffecb4a0000 - 0x00007ffecb6a3000 	C:\Windows\SYSTEM32\twinapi.appcore.dll
0x00007ffed0000000 - 0x00007ffed0009000 	C:\Users\bader\.jdks\jbrsdk_jcef-17.0.9\bin\management.dll
0x00007ffecff90000 - 0x00007ffecff9b000 	C:\Users\bader\.jdks\jbrsdk_jcef-17.0.9\bin\management_ext.dll
0x00007ffed4f10000 - 0x00007ffed4f18000 	C:\Windows\System32\PSAPI.DLL
0x00007ffebb3a0000 - 0x00007ffebb3f1000 	C:\Windows\SYSTEM32\pdh.dll
0x00007ffeb9a00000 - 0x00007ffeb9a0f000 	C:\Windows\System32\perfproc.dll
0x00007ffed0e20000 - 0x00007ffed0e2f000 	C:\Windows\System32\perfos.dll

dbghelp: loaded successfully - version: 4.0.5 - missing functions: none
symbol engine: initialized successfully - sym options: 0x614 - pdb path: .;C:\Users\bader\.jdks\jbrsdk_jcef-17.0.9\bin;C:\Windows\SYSTEM32;C:\Windows\WinSxS\amd64_microsoft.windows.common-controls_6595b64144ccf1df_6.0.19041.4355_none_60b8b9eb71f62e16;C:\Users\bader\.jdks\jbrsdk_jcef-17.0.9\bin\server;C:\Program Files\JetBrains\IntelliJ IDEA Community Edition 2023.3.6\bin;C:\Windows\System32\DriverStore\FileRepository\iigd_dch.inf_amd64_5d54dd32fa1ef4d4;C:\Windows\WinSxS\amd64_microsoft.windows.gdiplus_6595b64144ccf1df_1.1.19041.4597_none_91a78020cc854124

VM Arguments:
jvm_args: -Xmx3072g -Xmx4096g -Dsun.java2d.opengl=true -XX:ErrorFile=logs/hs_err_pid%p.log -javaagent:C:\Program Files\JetBrains\IntelliJ IDEA Community Edition 2023.3.6\lib\idea_rt.jar=49395:C:\Program Files\JetBrains\IntelliJ IDEA Community Edition 2023.3.6\bin -Dfile.encoding=UTF-8 
java_command: net.sendback.Main
java_class_path (initial): C:\Users\bader\OneDrive\Bureau\Idea\GTS_PRojekt\target\classes
Launcher Type: SUN_STANDARD

[Global flags]
     intx CICompilerCount                          = 4                                         {product} {ergonomic}
     uint ConcGCThreads                            = 3                                         {product} {ergonomic}
    ccstr ErrorFile                                = logs/hs_err_pid%p.log                     {product} {command line}
     uint G1ConcRefinementThreads                  = 10                                        {product} {ergonomic}
   size_t G1HeapRegionSize                         = 33554432                                  {product} {ergonomic}
    uintx GCDrainStackTargetSize                   = 64                                        {product} {ergonomic}
   size_t InitialHeapSize                          = 268435456                                 {product} {ergonomic}
   size_t MarkStackSize                            = 4194304                                   {product} {ergonomic}
   size_t MaxHeapSize                              = 4398046511104                             {product} {command line}
   size_t MaxNewSize                               = 2638821195776                             {product} {ergonomic}
   size_t MinHeapDeltaBytes                        = 33554432                                  {product} {ergonomic}
   size_t MinHeapSize                              = 33554432                                  {product} {ergonomic}
    uintx NonNMethodCodeHeapSize                   = 5839372                                {pd product} {ergonomic}
    uintx NonProfiledCodeHeapSize                  = 122909434                              {pd product} {ergonomic}
    uintx ProfiledCodeHeapSize                     = 122909434                              {pd product} {ergonomic}
    uintx ReservedCodeCacheSize                    = 251658240                              {pd product} {ergonomic}
     bool SegmentedCodeCache                       = true                                      {product} {ergonomic}
   size_t SoftMaxHeapSize                          = 4398046511104                          {manageable} {ergonomic}
     bool UseCompressedClassPointers               = true                           {product lp64_product} {ergonomic}
     bool UseG1GC                                  = true                                      {product} {ergonomic}
     bool UseLargePagesIndividualAllocation        = false                                  {pd product} {ergonomic}

Logging:
Log output configuration:
 #0: stdout all=warning uptime,level,tags
 #1: stderr all=off uptime,level,tags

Environment Variables:
PATH=C:\Program Files\Common Files\Oracle\Java\javapath;C:\Windows\system32;C:\Windows;C:\Windows\System32\Wbem;C:\Windows\System32\WindowsPowerShell\v1.0\;C:\Windows\System32\OpenSSH\;C:\Program Files (x86)\NVIDIA Corporation\PhysX\Common;C:\Program Files\dotnet\;C:\Users\bader\AppData\Local\Microsoft\WindowsApps;C:\Users\bader\AppData\Local\GitHubDesktop\bin
USERNAME=bader
OS=Windows_NT
PROCESSOR_IDENTIFIER=Intel64 Family 6 Model 158 Stepping 10, GenuineIntel
TMP=C:\Users\bader\AppData\Local\Temp
TEMP=C:\Users\bader\AppData\Local\Temp



Periodic native trim disabled

JNI global refs:
JNI global refs: 142, weak refs: 111

JNI global refs memory usage: 2107, weak refs: 2105

OOME stack traces (most recent first):
Classloader memory used:
Loader bootstrap                                                                       : 2861K
Loader jdk.internal.loader.ClassLoaders$AppClassLoader                                 : 35724B
Loader jdk.internal.reflect.DelegatingClassLoader                                      : 5306B
Loader jdk.internal.loader.ClassLoaders$PlatformClassLoader                            : 2871B


---------------  S Y S T E M  ---------------

OS:
 Windows 10 , 64 bit Build 19041 (10.0.19041.5072)
OS uptime: 11 days 2:25 hours

CPU: total 12 (initial active 12) (6 cores per cpu, 2 threads per core) family 6 model 158 stepping 10 microcode 0xf0, cx8, cmov, fxsr, ht, mmx, 3dnowpref, sse, sse2, sse3, ssse3, sse4.1, sse4.2, popcnt, lzcnt, tsc, tscinvbit, avx, avx2, aes, erms, clmul, bmi1, bmi2, adx, fma, vzeroupper, clflush, clflushopt
Processor Information for all 12 processors :
  Max Mhz: 2592, Current Mhz: 2592, Mhz Limit: 2592

Memory: 4k page, system-wide physical 16254M (1848M free)
TotalPageFile size 21014M (AvailPageFile size 3084M)
current process WorkingSet (physical memory assigned to process): 734M, peak: 738M
current process commit charge ("private bytes"): 907M, peak: 908M

vm_info: OpenJDK 64-Bit Server VM (17.0.9+8-b1166.2) for windows-amd64 JRE (17.0.9+8-b1166.2), built on 2024-01-13 by "builduser" with MS VC++ 16.10 / 16.11 (VS2019)

END.
