#
# A fatal error has been detected by the Java Runtime Environment:
#
#  EXCEPTION_ACCESS_VIOLATION (0xc0000005) at pc=0x00007ffe4f443c53, pid=27928, tid=38372
#
# JRE version: OpenJDK Runtime Environment JBR-17.0.9+8-1166.2-jcef (17.0.9+8) (build 17.0.9+8-b1166.2)
# Java VM: OpenJDK 64-Bit Server VM JBR-17.0.9+8-1166.2-jcef (17.0.9+8-b1166.2, mixed mode, tiered, compressed class ptrs, g1 gc, windows-amd64)
# Problematic frame:
# C  [ig9icd64.dll+0x9c3c53]
#
# No core dump will be written. Minidumps are not enabled by default on client versions of Windows
#
# If you would like to submit a bug report, please visit:
#   https://youtrack.jetbrains.com/issues/JBR
# The crash happened outside the Java Virtual Machine in native code.
# See problematic frame for where to report the bug.
#

---------------  S U M M A R Y ------------

Command Line: -Xmx3072g -Xmx4096g -Dsun.java2d.opengl=true -XX:ErrorFile=logs/hs_err_pid%p.log -javaagent:C:\Program Files\JetBrains\IntelliJ IDEA Community Edition 2023.3.6\lib\idea_rt.jar=61032:C:\Program Files\JetBrains\IntelliJ IDEA Community Edition 2023.3.6\bin -Dfile.encoding=UTF-8 net.sendback.Main

Host: Intel(R) Core(TM) i7-9750H CPU @ 2.60GHz, 12 cores, 15G,  Windows 10 , 64 bit Build 19041 (10.0.19041.5072)
Time: Thu Nov 14 23:24:07 2024 Mitteleuropäische Zeit elapsed time: 12.020847 seconds (0d 0h 0m 12s)

---------------  T H R E A D  ---------------

Current thread (0x00000663bb9adb10):  JavaThread "Java2D Queue Flusher" daemon [_thread_in_native, id=38372, stack(0x000000aa63100000,0x000000aa63200000)]

Stack: [0x000000aa63100000,0x000000aa63200000],  sp=0x000000aa631feab8,  free space=1018k
Native frames: (J=compiled Java code, j=interpreted, Vv=VM code, C=native code)
C  [ig9icd64.dll+0x9c3c53]

Java frames: (J=compiled Java code, j=interpreted, Vv=VM code)
j  sun.java2d.opengl.OGLRenderQueue.flushBuffer(JI)V+0 java.desktop
j  sun.java2d.opengl.OGLRenderQueue.flushBuffer()V+21 java.desktop
j  sun.java2d.opengl.OGLRenderQueue$QueueFlusher.run()V+81 java.desktop
j  java.lang.Thread.run()V+11 java.base@17.0.9
v  ~StubRoutines::call_stub

siginfo: EXCEPTION_ACCESS_VIOLATION (0xc0000005), reading address 0xffffffffffffffff


Registers:
RAX=0x000000000fff0fff, RBX=0x00007ffe4ea80000, RCX=0x000000033fcf3fcc, RDX=0x000000aa631fefd0
RSP=0x000000aa631feab8, RBP=0x000000aa631febc0, RSI=0x00000663c5d5b440, RDI=0x000000aa631fedc0
R8 =0x000000aa631febf0, R9 =0x000000aa631fefd0, R10=0x000000aa631fedc0, R11=0x0000000000000000
R12=0x00007ffe4f8aa420, R13=0x0000000000000000, R14=0x0000000000000000, R15=0x00000000000001c1
RIP=0x00007ffe4f443c53, EFLAGS=0x0000000000010206


Register to memory mapping:

RIP=0x00007ffe4f443c53 ig9icd64.dll
RAX=0x000000000fff0fff is an unknown value
RBX=0x00007ffe4ea80000 ig9icd64.dll
RCX=0x000000033fcf3fcc is an unknown value
RDX=0x000000aa631fefd0 is pointing into the stack for thread: 0x00000663bb9adb10
RSP=0x000000aa631feab8 is pointing into the stack for thread: 0x00000663bb9adb10
RBP=0x000000aa631febc0 is pointing into the stack for thread: 0x00000663bb9adb10
RSI=0x00000663c5d5b440 points into unknown readable memory: 0x00000663bb9ff500 | 00 f5 9f bb 63 06 00 00
RDI=0x000000aa631fedc0 is pointing into the stack for thread: 0x00000663bb9adb10
R8 =0x000000aa631febf0 is pointing into the stack for thread: 0x00000663bb9adb10
R9 =0x000000aa631fefd0 is pointing into the stack for thread: 0x00000663bb9adb10
R10=0x000000aa631fedc0 is pointing into the stack for thread: 0x00000663bb9adb10
R11=0x0 is NULL
R12=0x00007ffe4f8aa420 ig9icd64.dll
R13=0x0 is NULL
R14=0x0 is NULL
R15=0x00000000000001c1 is an unknown value


Top of Stack: (sp=0x000000aa631feab8)
0x000000aa631feab8:   00007ffe4f44138b 0000000000000001
0x000000aa631feac8:   0000000000000000 00000663c6971e00
0x000000aa631fead8:   00007ffec7a82572 0000004000000065
0x000000aa631feae8:   000000aa631fecf0 0000000000000000
0x000000aa631feaf8:   00000663c69f6e30 0000000000000000
0x000000aa631feb08:   00000663c67ac1c0 0000000000000001
0x000000aa631feb18:   0000000000000000 0000000000004000
0x000000aa631feb28:   00007ffec7c62723 000000aa631feca0
0x000000aa631feb38:   00007ffe4f0d9070 0000000000000000
0x000000aa631feb48:   000000aa0000000c 000000aa631fedd0
0x000000aa631feb58:   00000663c69eb780 00002199d54babab
0x000000aa631feb68:   0000000000000001 0000023d96350000
0x000000aa631feb78:   0000000000000295 0000000000000200
0x000000aa631feb88:   00007ffed6ebb86b 0000000000250015
0x000000aa631feb98:   000000000000007b 00000663c672b610
0x000000aa631feba8:   0000000000000000 0000000000000000
0x000000aa631febb8:   00007ffe4f441c62 0000000000000000
0x000000aa631febc8:   0000023d96359180 000000aa631feec0
0x000000aa631febd8:   0000023d96350000 0000023d963502b4
0x000000aa631febe8:   00000663c69f6e30 00007ffe4f74f020
0x000000aa631febf8:   0000000e00000000 0000001a00000018
0x000000aa631fec08:   00000fff00000000 437f0000437f0000
0x000000aa631fec18:   437f0000437f0000 0000ff0000ff0000
0x000000aa631fec28:   ff000000000000ff 0000000800000010
0x000000aa631fec38:   0000001800000000 0000000000000000
0x000000aa631fec48:   0000000000000000 0000000000000000
0x000000aa631fec58:   0000000000000000 0000000000000000
0x000000aa631fec68:   0000000000000000 0000000000000000
0x000000aa631fec78:   0000000000000000 0000000000000000
0x000000aa631fec88:   0000000000000000 0000000000000000
0x000000aa631fec98:   0000000000000000 0000000000000000
0x000000aa631feca8:   0000000000000000 0000000000000000 

Instructions: (pc=0x00007ffe4f443c53)
0x00007ffe4f443b53:   a1 b6 30 00 48 89 51 08 48 89 01 8b 44 24 28 89
0x00007ffe4f443b63:   41 20 8b 44 24 30 89 41 24 48 8b c1 4c 89 41 10
0x00007ffe4f443b73:   4c 89 49 18 c3 cc cc cc cc cc cc cc cc 48 89 5c
0x00007ffe4f443b83:   24 08 8b 41 5c 48 8d 1d 71 c4 63 ff 41 89 40 08
0x00007ffe4f443b93:   4c 8b d1 8b 41 60 45 33 db 41 89 40 0c 4c 8b ca
0x00007ffe4f443ba3:   8b 41 64 41 89 40 10 8b 41 68 41 89 40 14 8b 41
0x00007ffe4f443bb3:   6c 41 89 40 18 8b 41 70 41 89 40 1c 48 63 41 74
0x00007ffe4f443bc3:   48 6b c8 34 8b 84 19 84 5f ee 00 41 89 40 20 8b
0x00007ffe4f443bd3:   84 19 88 5f ee 00 41 89 40 24 8b 84 19 8c 5f ee
0x00007ffe4f443be3:   00 41 89 40 28 8b 84 19 90 5f ee 00 41 89 40 2c
0x00007ffe4f443bf3:   8b 84 19 74 5f ee 00 41 89 40 30 8b 84 19 78 5f
0x00007ffe4f443c03:   ee 00 41 89 40 34 8b 84 19 7c 5f ee 00 41 89 40
0x00007ffe4f443c13:   38 8b 84 19 80 5f ee 00 41 89 40 3c 8b 84 19 64
0x00007ffe4f443c23:   5f ee 00 41 89 40 40 8b 84 19 68 5f ee 00 41 89
0x00007ffe4f443c33:   40 44 8b 84 19 6c 5f ee 00 41 89 40 48 8b 84 19
0x00007ffe4f443c43:   70 5f ee 00 41 89 40 4c 49 63 42 78 48 6b c8 34
0x00007ffe4f443c53:   8b 84 19 84 5f ee 00 41 89 40 50 8b 84 19 88 5f
0x00007ffe4f443c63:   ee 00 41 89 40 54 8b 84 19 8c 5f ee 00 41 89 40
0x00007ffe4f443c73:   58 8b 84 19 90 5f ee 00 41 89 40 5c 8b 84 19 74
0x00007ffe4f443c83:   5f ee 00 41 89 40 60 8b 84 19 78 5f ee 00 41 89
0x00007ffe4f443c93:   40 64 8b 84 19 7c 5f ee 00 41 89 40 68 8b 84 19
0x00007ffe4f443ca3:   80 5f ee 00 41 89 40 6c 8b 84 19 64 5f ee 00 41
0x00007ffe4f443cb3:   89 40 70 8b 84 19 68 5f ee 00 41 89 40 74 8b 84
0x00007ffe4f443cc3:   19 6c 5f ee 00 41 89 40 78 8b 84 19 70 5f ee 00
0x00007ffe4f443cd3:   41 89 40 7c 48 8b 42 18 8b 88 38 0b 00 00 f6 c1
0x00007ffe4f443ce3:   08 0f 84 86 00 00 00 8b 80 3c 0b 00 00 41 89 80
0x00007ffe4f443cf3:   80 00 00 00 48 8b 42 18 8b 88 40 0b 00 00 41 89
0x00007ffe4f443d03:   88 84 00 00 00 48 8b 42 18 8b 88 44 0b 00 00 41
0x00007ffe4f443d13:   89 88 88 00 00 00 48 8b 42 18 8b 88 48 0b 00 00
0x00007ffe4f443d23:   41 89 88 8c 00 00 00 48 8b 42 18 8b 88 4c 0b 00
0x00007ffe4f443d33:   00 41 89 88 90 00 00 00 48 8b 42 18 8b 88 50 0b
0x00007ffe4f443d43:   00 00 41 89 88 94 00 00 00 48 8b 42 18 8b 88 54 


Stack slot to memory mapping:
stack at sp + 0 slots: 0x00007ffe4f44138b ig9icd64.dll
stack at sp + 1 slots: 0x0000000000000001 is an unknown value
stack at sp + 2 slots: 0x0 is NULL
stack at sp + 3 slots: 0x00000663c6971e00 points into unknown readable memory: 0x0000000000000000 | 00 00 00 00 00 00 00 00
stack at sp + 4 slots: 0x00007ffec7a82572 igdgmm64.dll
stack at sp + 5 slots: 0x0000004000000065 is an unknown value
stack at sp + 6 slots: 0x000000aa631fecf0 is pointing into the stack for thread: 0x00000663bb9adb10
stack at sp + 7 slots: 0x0 is NULL


---------------  P R O C E S S  ---------------

Threads class SMR info:
_java_thread_list=0x00000663c91953c0, length=44, elements={
0x00000663bb024610, 0x00000663bb026c40, 0x00000663bb0109d0, 0x00000663bb0112a0,
0x00000663bb04b010, 0x00000663bb04d8f0, 0x00000663bb052bc0, 0x00000663bb055c80,
0x00000663bb056e20, 0x00000663bb135d70, 0x00000663bb701fe0, 0x00000663bb7c0fe0,
0x00000663bb9adb10, 0x00000663c5efc8d0, 0x00000663c5edc440, 0x00000663c63bc920,
0x00000663c658e420, 0x00000663c658ed10, 0x00000663c66bc310, 0x00000663c66bbe00,
0x00000663c66be680, 0x00000663c66bc820, 0x00000663c66beb90, 0x00000663c66bb8f0,
0x00000663c66bd750, 0x00000663c66bcd30, 0x00000663c66bd240, 0x00000663c66bdc60,
0x00000663c66be170, 0x00000663c66bf0a0, 0x00000663c65bdc90, 0x00000663c65bf0d0,
0x00000663c65bf5e0, 0x00000663c65c0f30, 0x00000663c65bfaf0, 0x00000663c65c0000,
0x00000663c65c0a20, 0x00000663c65c1950, 0x00000663c65c0510, 0x00000663c65c1440,
0x00000663c65c1e60, 0x00000663c65bc850, 0x00000663c65c2880, 0x00000663c65c32a0
}

Java Threads: ( => current thread )
  0x00000663bb024610 JavaThread "Reference Handler" daemon [_thread_blocked, id=10560, stack(0x000000aa62400000,0x000000aa62500000)]
  0x00000663bb026c40 JavaThread "Finalizer" daemon [_thread_blocked, id=35680, stack(0x000000aa62500000,0x000000aa62600000)]
  0x00000663bb0109d0 JavaThread "Signal Dispatcher" daemon [_thread_blocked, id=33720, stack(0x000000aa62600000,0x000000aa62700000)]
  0x00000663bb0112a0 JavaThread "Attach Listener" daemon [_thread_blocked, id=40760, stack(0x000000aa62700000,0x000000aa62800000)]
  0x00000663bb04b010 JavaThread "Service Thread" daemon [_thread_blocked, id=36372, stack(0x000000aa62800000,0x000000aa62900000)]
  0x00000663bb04d8f0 JavaThread "Monitor Deflation Thread" daemon [_thread_blocked, id=9616, stack(0x000000aa62900000,0x000000aa62a00000)]
  0x00000663bb052bc0 JavaThread "C2 CompilerThread0" daemon [_thread_blocked, id=39884, stack(0x000000aa62a00000,0x000000aa62b00000)]
  0x00000663bb055c80 JavaThread "C1 CompilerThread0" daemon [_thread_blocked, id=32816, stack(0x000000aa62b00000,0x000000aa62c00000)]
  0x00000663bb056e20 JavaThread "Sweeper thread" daemon [_thread_blocked, id=18948, stack(0x000000aa62c00000,0x000000aa62d00000)]
  0x00000663bb135d70 JavaThread "Common-Cleaner" daemon [_thread_blocked, id=34448, stack(0x000000aa62d00000,0x000000aa62e00000)]
  0x00000663bb701fe0 JavaThread "Monitor Ctrl-Break" daemon [_thread_in_native, id=20228, stack(0x000000aa62e00000,0x000000aa62f00000)]
  0x00000663bb7c0fe0 JavaThread "Notification Thread" daemon [_thread_blocked, id=2816, stack(0x000000aa62f00000,0x000000aa63000000)]
=>0x00000663bb9adb10 JavaThread "Java2D Queue Flusher" daemon [_thread_in_native, id=38372, stack(0x000000aa63100000,0x000000aa63200000)]
  0x00000663c5efc8d0 JavaThread "Java2D Disposer" daemon [_thread_blocked, id=7928, stack(0x000000aa63600000,0x000000aa63700000)]
  0x00000663c5edc440 JavaThread "AWT-Windows" daemon [_thread_in_native, id=40196, stack(0x000000aa63900000,0x000000aa63a00000)]
  0x00000663c63bc920 JavaThread "Java Sound Event Dispatcher" daemon [_thread_blocked, id=29428, stack(0x000000aa64500000,0x000000aa64600000)]
  0x00000663c658e420 JavaThread "Direct Clip" daemon [_thread_blocked, id=34000, stack(0x000000aa64800000,0x000000aa64900000)]
  0x00000663c658ed10 JavaThread "Direct Clip" daemon [_thread_blocked, id=42684, stack(0x000000aa64900000,0x000000aa64a00000)]
  0x00000663c66bc310 JavaThread "Direct Clip" daemon [_thread_blocked, id=33020, stack(0x000000aa64a00000,0x000000aa64b00000)]
  0x00000663c66bbe00 JavaThread "Direct Clip" daemon [_thread_blocked, id=19612, stack(0x000000aa64b00000,0x000000aa64c00000)]
  0x00000663c66be680 JavaThread "Direct Clip" daemon [_thread_blocked, id=35452, stack(0x000000aa64c00000,0x000000aa64d00000)]
  0x00000663c66bc820 JavaThread "Direct Clip" daemon [_thread_blocked, id=31848, stack(0x000000aa64d00000,0x000000aa64e00000)]
  0x00000663c66beb90 JavaThread "Direct Clip" daemon [_thread_blocked, id=13344, stack(0x000000aa64e00000,0x000000aa64f00000)]
  0x00000663c66bb8f0 JavaThread "Direct Clip" daemon [_thread_blocked, id=32868, stack(0x000000aa64f00000,0x000000aa65000000)]
  0x00000663c66bd750 JavaThread "Direct Clip" daemon [_thread_blocked, id=42256, stack(0x000000aa65000000,0x000000aa65100000)]
  0x00000663c66bcd30 JavaThread "Direct Clip" daemon [_thread_blocked, id=17024, stack(0x000000aa65100000,0x000000aa65200000)]
  0x00000663c66bd240 JavaThread "Direct Clip" daemon [_thread_blocked, id=3512, stack(0x000000aa65200000,0x000000aa65300000)]
  0x00000663c66bdc60 JavaThread "Direct Clip" daemon [_thread_blocked, id=22376, stack(0x000000aa65300000,0x000000aa65400000)]
  0x00000663c66be170 JavaThread "Direct Clip" daemon [_thread_blocked, id=2832, stack(0x000000aa65400000,0x000000aa65500000)]
  0x00000663c66bf0a0 JavaThread "Direct Clip" daemon [_thread_blocked, id=24208, stack(0x000000aa65500000,0x000000aa65600000)]
  0x00000663c65bdc90 JavaThread "Direct Clip" daemon [_thread_blocked, id=40292, stack(0x000000aa65600000,0x000000aa65700000)]
  0x00000663c65bf0d0 JavaThread "Direct Clip" daemon [_thread_blocked, id=24796, stack(0x000000aa65700000,0x000000aa65800000)]
  0x00000663c65bf5e0 JavaThread "Direct Clip" daemon [_thread_blocked, id=38580, stack(0x000000aa65800000,0x000000aa65900000)]
  0x00000663c65c0f30 JavaThread "Direct Clip" daemon [_thread_blocked, id=3944, stack(0x000000aa65900000,0x000000aa65a00000)]
  0x00000663c65bfaf0 JavaThread "Direct Clip" daemon [_thread_blocked, id=13324, stack(0x000000aa65a00000,0x000000aa65b00000)]
  0x00000663c65c0000 JavaThread "Direct Clip" daemon [_thread_blocked, id=42776, stack(0x000000aa65b00000,0x000000aa65c00000)]
  0x00000663c65c0a20 JavaThread "Direct Clip" daemon [_thread_blocked, id=27760, stack(0x000000aa65c00000,0x000000aa65d00000)]
  0x00000663c65c1950 JavaThread "AWT-Shutdown" [_thread_blocked, id=37928, stack(0x000000aa66600000,0x000000aa66700000)]
  0x00000663c65c0510 JavaThread "AWT-EventQueue-0" [_thread_blocked, id=41596, stack(0x000000aa66700000,0x000000aa66800000)]
  0x00000663c65c1440 JavaThread "DestroyJavaVM" [_thread_blocked, id=38296, stack(0x000000aa61d00000,0x000000aa61e00000)]
  0x00000663c65c1e60 JavaThread "TimerQueue" daemon [_thread_blocked, id=38036, stack(0x000000aa66b00000,0x000000aa66c00000)]
  0x00000663c65bc850 JavaThread "Thread-0" [_thread_blocked, id=36944, stack(0x000000aa66c00000,0x000000aa66d00000)]
  0x00000663c65c2880 JavaThread "Forest" [_thread_in_vm, id=10224, stack(0x000000aa66d00000,0x000000aa66e00000)]
  0x00000663c65c32a0 JavaThread "ToolkitShutdown" daemon [_thread_in_native, id=27804, stack(0x000000aa67000000,0x000000aa67100000)]

Other Threads:
  0x00000663baffd400 VMThread "VM Thread" [stack: 0x000000aa62300000,0x000000aa62400000] [id=32112]
  0x0000023d9847f900 WatcherThread [stack: 0x000000aa63000000,0x000000aa63100000] [id=39324]
  0x0000023d9853b310 GCTaskThread "GC Thread#0" [stack: 0x000000aa61e00000,0x000000aa61f00000] [id=38452]
  0x00000663c6330fe0 GCTaskThread "GC Thread#1" [stack: 0x000000aa63a00000,0x000000aa63b00000] [id=41452]
  0x00000663c63312a0 GCTaskThread "GC Thread#2" [stack: 0x000000aa63b00000,0x000000aa63c00000] [id=37960]
  0x00000663c6331560 GCTaskThread "GC Thread#3" [stack: 0x000000aa63c00000,0x000000aa63d00000] [id=25828]
  0x00000663c6331820 GCTaskThread "GC Thread#4" [stack: 0x000000aa63d00000,0x000000aa63e00000] [id=34280]
  0x00000663c64b1ad0 GCTaskThread "GC Thread#5" [stack: 0x000000aa63e00000,0x000000aa63f00000] [id=22292]
  0x00000663c618f780 GCTaskThread "GC Thread#6" [stack: 0x000000aa63f00000,0x000000aa64000000] [id=42972]
  0x00000663c64a2cb0 GCTaskThread "GC Thread#7" [stack: 0x000000aa64000000,0x000000aa64100000] [id=4508]
  0x00000663c62dd890 GCTaskThread "GC Thread#8" [stack: 0x000000aa64100000,0x000000aa64200000] [id=9632]
  0x00000663c64f53c0 GCTaskThread "GC Thread#9" [stack: 0x000000aa64200000,0x000000aa64300000] [id=37844]
  0x0000023d9853d9e0 ConcurrentGCThread "G1 Main Marker" [stack: 0x000000aa61f00000,0x000000aa62000000] [id=39044]
  0x0000023d9853e400 ConcurrentGCThread "G1 Conc#0" [stack: 0x000000aa62000000,0x000000aa62100000] [id=35236]
  0x00000663c64eb740 ConcurrentGCThread "G1 Conc#1" [stack: 0x000000aa64300000,0x000000aa64400000] [id=38728]
  0x00000663c64e6720 ConcurrentGCThread "G1 Conc#2" [stack: 0x000000aa64400000,0x000000aa64500000] [id=28580]
  0x0000023dab73a790 ConcurrentGCThread "G1 Refine#0" [stack: 0x000000aa62100000,0x000000aa62200000] [id=40828]
  0x00000663c6690c10 ConcurrentGCThread "G1 Refine#1" [stack: 0x000000aa65d00000,0x000000aa65e00000] [id=40316]
  0x00000663c68e7b00 ConcurrentGCThread "G1 Refine#2" [stack: 0x000000aa65e00000,0x000000aa65f00000] [id=2452]
  0x00000663c68e7df0 ConcurrentGCThread "G1 Refine#3" [stack: 0x000000aa65f00000,0x000000aa66000000] [id=28444]
  0x00000663c68e80e0 ConcurrentGCThread "G1 Refine#4" [stack: 0x000000aa66000000,0x000000aa66100000] [id=37344]
  0x00000663c68e89f0 ConcurrentGCThread "G1 Refine#5" [stack: 0x000000aa66100000,0x000000aa66200000] [id=15860]
  0x00000663c68e9700 ConcurrentGCThread "G1 Refine#6" [stack: 0x000000aa66200000,0x000000aa66300000] [id=36108]
  0x00000663c68e99f0 ConcurrentGCThread "G1 Refine#7" [stack: 0x000000aa66300000,0x000000aa66400000] [id=38464]
  0x00000663c68e9ce0 ConcurrentGCThread "G1 Refine#8" [stack: 0x000000aa66400000,0x000000aa66500000] [id=22956]
  0x00000663c6536970 ConcurrentGCThread "G1 Refine#9" [stack: 0x000000aa66500000,0x000000aa66600000] [id=12432]
  0x0000023dab73b1c0 ConcurrentGCThread "G1 Service" [stack: 0x000000aa62200000,0x000000aa62300000] [id=39380]

Threads with active compile tasks:

VM state: not at safepoint (normal execution)

VM Mutex/Monitor currently owned by a thread: None

CDS archive(s) not mapped
Compressed class space mapped at: 0x0000000080000000-0x00000000c0000000, reserved size: 1073741824
Narrow klass base: 0x0000000000000000, Narrow klass shift: 0, Narrow klass range: 0xc0000000

GC Precious Log:
 CPUs: 12 total, 12 available
 Memory: 16254M
 Large Page Support: Disabled
 NUMA Support: Disabled
 Compressed Oops: Disabled
 Heap Region Size: 32M
 Heap Min Capacity: 32M
 Heap Initial Capacity: 256M
 Heap Max Capacity: 4096G
 Pre-touch: Disabled
 Parallel Workers: 10
 Concurrent Workers: 3
 Concurrent Refinement Workers: 10
 Periodic GC: Disabled

Heap:
 garbage-first heap   total 491520K, used 256255K [0x0000023dac000000, 0x0000063dac000000)
  region size 32768K, 2 young (65536K), 1 survivors (32768K)
 Metaspace       used 22004K, committed 22272K, reserved 1114112K
  class space    used 2262K, committed 2368K, reserved 1048576K

Heap Regions: E=young(eden), S=young(survivor), O=old, HS=humongous(starts), HC=humongous(continues), CS=collection set, F=free, OA=open archive, CA=closed archive, TAMS=top-at-mark-start (previous, next)
|   0|0x0000023dac000000, 0x0000023dae000000, 0x0000023dae000000|100%|HS|  |TAMS 0x0000023dac000000, 0x0000023dac000000| Complete 
|   1|0x0000023dae000000, 0x0000023db0000000, 0x0000023db0000000|100%| O|  |TAMS 0x0000023dae000000, 0x0000023dae000000| Untracked 
|   2|0x0000023db0000000, 0x0000023db2000000, 0x0000023db2000000|100%|HS|  |TAMS 0x0000023db2000000, 0x0000023db0000000| Complete 
|   3|0x0000023db2000000, 0x0000023db4000000, 0x0000023db4000000|100%|HC|  |TAMS 0x0000023db4000000, 0x0000023db2000000| Complete 
|   4|0x0000023db4000000, 0x0000023db6000000, 0x0000023db6000000|100%| O|  |TAMS 0x0000023db4000000, 0x0000023db4000000| Untracked 
|   5|0x0000023db6000000, 0x0000023db8000000, 0x0000023db8000000|100%| O|  |TAMS 0x0000023db6000000, 0x0000023db6000000| Untracked 
|   6|0x0000023db8000000, 0x0000023dba000000, 0x0000023dba000000|100%| S|CS|TAMS 0x0000023db8000000, 0x0000023db8000000| Complete 
|   7|0x0000023dba000000, 0x0000023dba000000, 0x0000023dbc000000|  0%| F|  |TAMS 0x0000023dba000000, 0x0000023dba000000| Untracked 
|   8|0x0000023dbc000000, 0x0000023dbc000000, 0x0000023dbe000000|  0%| F|  |TAMS 0x0000023dbc000000, 0x0000023dbc000000| Untracked 
|   9|0x0000023dbe000000, 0x0000023dbe000000, 0x0000023dc0000000|  0%| F|  |TAMS 0x0000023dbe000000, 0x0000023dbe000000| Untracked 
|  10|0x0000023dc0000000, 0x0000023dc0000000, 0x0000023dc2000000|  0%| F|  |TAMS 0x0000023dc0000000, 0x0000023dc0000000| Untracked 
|  11|0x0000023dc2000000, 0x0000023dc2000000, 0x0000023dc4000000|  0%| F|  |TAMS 0x0000023dc2000000, 0x0000023dc2000000| Untracked 
|  12|0x0000023dc4000000, 0x0000023dc4000000, 0x0000023dc6000000|  0%| F|  |TAMS 0x0000023dc4000000, 0x0000023dc4000000| Untracked 
|  16|0x0000023dcc000000, 0x0000023dcd7f9d08, 0x0000023dce000000| 74%| E|  |TAMS 0x0000023dcc000000, 0x0000023dcc000000| Complete 
|131071|0x0000063daa000000, 0x0000063daba3fc00, 0x0000063dac000000| 82%| O|  |TAMS 0x0000063daa000000, 0x0000063daa000000| Untracked 

Card table byte_map: [0x0000063fb4010000,0x00000641b4010000] _byte_map_base: 0x0000063e952b0000

Marking Bits (Prev, Next): (CMBitMap*) 0x0000023d9853b930, (CMBitMap*) 0x0000023d9853b970
 Prev Bits: [0x00000643b4010000, 0x00000653b4010000)
 Next Bits: [0x00000653b4010000, 0x00000663b4010000)

Polling page: 0x0000023d963c0000

Metaspace:

Usage:
  Non-class:     19.28 MB used.
      Class:      2.21 MB used.
       Both:     21.49 MB used.

Virtual space:
  Non-class space:       64.00 MB reserved,      19.44 MB ( 30%) committed,  1 nodes.
      Class space:        1.00 GB reserved,       2.31 MB ( <1%) committed,  1 nodes.
             Both:        1.06 GB reserved,      21.75 MB (  2%) committed. 

Chunk freelists:
   Non-Class:  12.43 MB
       Class:  13.72 MB
        Both:  26.15 MB

MaxMetaspaceSize: unlimited
CompressedClassSpaceSize: 1.00 GB
Initial GC threshold: 21.00 MB
Current GC threshold: 27.31 MB
CDS: off
MetaspaceReclaimPolicy: balanced
 - commit_granule_bytes: 65536.
 - commit_granule_words: 8192.
 - virtual_space_node_default_size: 8388608.
 - enlarge_chunks_in_place: 1.
 - new_chunks_are_fully_committed: 0.
 - uncommit_free_chunks: 1.
 - use_allocation_guard: 0.
 - handle_deallocations: 1.


Internal statistics:

num_allocs_failed_limit: 0.
num_arena_births: 264.
num_arena_deaths: 0.
num_vsnodes_births: 2.
num_vsnodes_deaths: 0.
num_space_committed: 348.
num_space_uncommitted: 0.
num_chunks_returned_to_freelist: 0.
num_chunks_taken_from_freelist: 393.
num_chunk_merges: 0.
num_chunk_splits: 221.
num_chunks_enlarged: 110.
num_inconsistent_stats: 0.

CodeHeap 'non-profiled nmethods': size=120000Kb used=921Kb max_used=921Kb free=119078Kb
 bounds [0x0000023da3b00000, 0x0000023da3d70000, 0x0000023dab030000]
CodeHeap 'profiled nmethods': size=120000Kb used=4439Kb max_used=4439Kb free=115560Kb
 bounds [0x0000023d9c030000, 0x0000023d9c490000, 0x0000023da3560000]
CodeHeap 'non-nmethods': size=5760Kb used=1305Kb max_used=1334Kb free=4455Kb
 bounds [0x0000023da3560000, 0x0000023da37d0000, 0x0000023da3b00000]
 total_blobs=3086 nmethods=2443 adapters=555
 compilation: enabled
              stopped_count=0, restarted_count=0
 full_count=0

Compilation events (20 events):
Event: 11.443 Thread 0x00000663bb055c80 2434       3       sun.java2d.pipe.ValidatePipe::validate (6 bytes)
Event: 11.443 Thread 0x00000663bb055c80 nmethod 2434 0x0000023d9c480890 code [0x0000023d9c480a60, 0x0000023d9c480db8]
Event: 11.443 Thread 0x00000663bb055c80 2435       3       sun.java2d.SunGraphics2D::validatePipe (30 bytes)
Event: 11.443 Thread 0x00000663bb055c80 nmethod 2435 0x0000023d9c480f10 code [0x0000023d9c4810c0, 0x0000023d9c4813b8]
Event: 11.614 Thread 0x00000663bb055c80 2436       3       sun.java2d.SunGraphics2D::setRenderingHint (539 bytes)
Event: 11.615 Thread 0x00000663bb055c80 nmethod 2436 0x0000023d9c481510 code [0x0000023d9c4817e0, 0x0000023d9c482c58]
Event: 11.768 Thread 0x00000663bb055c80 2437       3       sun.java2d.pipe.Region::clipRound (34 bytes)
Event: 11.768 Thread 0x00000663bb055c80 nmethod 2437 0x0000023d9c483010 code [0x0000023d9c483200, 0x0000023d9c4834a8]
Event: 11.785 Thread 0x00000663bb055c80 2438       3       sun.awt.Win32GraphicsConfig::getDefaultTransform (24 bytes)
Event: 11.785 Thread 0x00000663bb055c80 nmethod 2438 0x0000023d9c483590 code [0x0000023d9c483740, 0x0000023d9c4838e8]
Event: 11.852 Thread 0x00000663bb055c80 2439       3       java.awt.Color::getAlpha (12 bytes)
Event: 11.853 Thread 0x00000663bb055c80 nmethod 2439 0x0000023d9c483a10 code [0x0000023d9c483ba0, 0x0000023d9c483d38]
Event: 11.886 Thread 0x00000663bb055c80 2440       3       sun.java2d.pipe.RenderBuffer::putFloat (26 bytes)
Event: 11.887 Thread 0x00000663bb055c80 nmethod 2440 0x0000023d9c483e10 code [0x0000023d9c483fa0, 0x0000023d9c484138]
Event: 11.887 Thread 0x00000663bb055c80 2441       3       jdk.internal.misc.Unsafe::putFloat (8 bytes)
Event: 11.887 Thread 0x00000663bb055c80 nmethod 2441 0x0000023d9c484210 code [0x0000023d9c4843a0, 0x0000023d9c4844b8]
Event: 11.920 Thread 0x00000663bb055c80 2443       3       sun.java2d.opengl.OGLSurfaceData::validatePipe (362 bytes)
Event: 11.921 Thread 0x00000663bb055c80 nmethod 2443 0x0000023d9c484590 code [0x0000023d9c484840, 0x0000023d9c4859a8]
Event: 11.937 Thread 0x00000663bb055c80 2444       1       sun.java2d.opengl.WGLSurfaceData::getDeviceConfiguration (5 bytes)
Event: 11.937 Thread 0x00000663bb055c80 nmethod 2444 0x0000023da3be6410 code [0x0000023da3be65a0, 0x0000023da3be6678]

GC Heap History (14 events):
Event: 1.065 GC heap before
{Heap before GC invocations=0 (full 0):
 garbage-first heap   total 262144K, used 98304K [0x0000023dac000000, 0x0000063dac000000)
  region size 32768K, 1 young (32768K), 0 survivors (0K)
 Metaspace       used 16502K, committed 16768K, reserved 1114112K
  class space    used 1554K, committed 1664K, reserved 1048576K
}
Event: 1.078 GC heap after
{Heap after GC invocations=1 (full 0):
 garbage-first heap   total 262144K, used 69722K [0x0000023dac000000, 0x0000063dac000000)
  region size 32768K, 1 young (32768K), 1 survivors (32768K)
 Metaspace       used 16502K, committed 16768K, reserved 1114112K
  class space    used 1554K, committed 1664K, reserved 1048576K
}
Event: 1.199 GC heap before
{Heap before GC invocations=1 (full 0):
 garbage-first heap   total 262144K, used 102490K [0x0000023dac000000, 0x0000063dac000000)
  region size 32768K, 2 young (65536K), 1 survivors (32768K)
 Metaspace       used 16509K, committed 16768K, reserved 1114112K
  class space    used 1554K, committed 1664K, reserved 1048576K
}
Event: 1.205 GC heap after
{Heap after GC invocations=2 (full 0):
 garbage-first heap   total 262144K, used 69863K [0x0000023dac000000, 0x0000063dac000000)
  region size 32768K, 1 young (32768K), 1 survivors (32768K)
 Metaspace       used 16509K, committed 16768K, reserved 1114112K
  class space    used 1554K, committed 1664K, reserved 1048576K
}
Event: 1.298 GC heap before
{Heap before GC invocations=2 (full 0):
 garbage-first heap   total 262144K, used 69863K [0x0000023dac000000, 0x0000063dac000000)
  region size 32768K, 2 young (65536K), 1 survivors (32768K)
 Metaspace       used 16509K, committed 16768K, reserved 1114112K
  class space    used 1554K, committed 1664K, reserved 1048576K
}
Event: 1.303 GC heap after
{Heap after GC invocations=3 (full 0):
 garbage-first heap   total 262144K, used 69786K [0x0000023dac000000, 0x0000063dac000000)
  region size 32768K, 1 young (32768K), 1 survivors (32768K)
 Metaspace       used 16509K, committed 16768K, reserved 1114112K
  class space    used 1554K, committed 1664K, reserved 1048576K
}
Event: 1.352 GC heap before
{Heap before GC invocations=3 (full 0):
 garbage-first heap   total 262144K, used 135322K [0x0000023dac000000, 0x0000063dac000000)
  region size 32768K, 2 young (65536K), 1 survivors (32768K)
 Metaspace       used 16509K, committed 16768K, reserved 1114112K
  class space    used 1554K, committed 1664K, reserved 1048576K
}
Event: 1.358 GC heap after
{Heap after GC invocations=4 (full 0):
 garbage-first heap   total 262144K, used 135301K [0x0000023dac000000, 0x0000063dac000000)
  region size 32768K, 1 young (32768K), 1 survivors (32768K)
 Metaspace       used 16509K, committed 16768K, reserved 1114112K
  class space    used 1554K, committed 1664K, reserved 1048576K
}
Event: 1.545 GC heap before
{Heap before GC invocations=5 (full 0):
 garbage-first heap   total 393216K, used 233605K [0x0000023dac000000, 0x0000063dac000000)
  region size 32768K, 2 young (65536K), 1 survivors (32768K)
 Metaspace       used 16509K, committed 16768K, reserved 1114112K
  class space    used 1554K, committed 1664K, reserved 1048576K
}
Event: 1.553 GC heap after
{Heap after GC invocations=6 (full 0):
 garbage-first heap   total 393216K, used 211387K [0x0000023dac000000, 0x0000063dac000000)
  region size 32768K, 1 young (32768K), 1 survivors (32768K)
 Metaspace       used 16509K, committed 16768K, reserved 1114112K
  class space    used 1554K, committed 1664K, reserved 1048576K
}
Event: 1.618 GC heap before
{Heap before GC invocations=6 (full 0):
 garbage-first heap   total 393216K, used 211387K [0x0000023dac000000, 0x0000063dac000000)
  region size 32768K, 2 young (65536K), 1 survivors (32768K)
 Metaspace       used 16530K, committed 16768K, reserved 1114112K
  class space    used 1556K, committed 1664K, reserved 1048576K
}
Event: 1.625 GC heap after
{Heap after GC invocations=7 (full 0):
 garbage-first heap   total 557056K, used 85115K [0x0000023dac000000, 0x0000063dac000000)
  region size 32768K, 1 young (32768K), 1 survivors (32768K)
 Metaspace       used 16530K, committed 16768K, reserved 1114112K
  class space    used 1556K, committed 1664K, reserved 1048576K
}
Event: 5.136 GC heap before
{Heap before GC invocations=8 (full 0):
 garbage-first heap   total 458752K, used 281723K [0x0000023dac000000, 0x0000063dac000000)
  region size 32768K, 7 young (229376K), 1 survivors (32768K)
 Metaspace       used 17374K, committed 17600K, reserved 1114112K
  class space    used 1670K, committed 1728K, reserved 1048576K
}
Event: 5.172 GC heap after
{Heap after GC invocations=9 (full 0):
 garbage-first heap   total 491520K, used 256255K [0x0000023dac000000, 0x0000063dac000000)
  region size 32768K, 1 young (32768K), 1 survivors (32768K)
 Metaspace       used 17374K, committed 17600K, reserved 1114112K
  class space    used 1670K, committed 1728K, reserved 1048576K
}

Dll operation events (3 events):
Event: 0.007 Loaded shared library C:\Users\bader\.jdks\jbrsdk_jcef-17.0.9\bin\java.dll
Event: 0.119 Loaded shared library C:\Users\bader\.jdks\jbrsdk_jcef-17.0.9\bin\jsvml.dll
Event: 0.211 Loaded shared library C:\Users\bader\.jdks\jbrsdk_jcef-17.0.9\bin\zip.dll

Deoptimization events (20 events):
Event: 6.819 Thread 0x00000663c65c0510 Uncommon trap: trap_request=0xffffffde fr.pc=0x0000023da3ba0ac4 relative=0x0000000000000504
Event: 6.819 Thread 0x00000663c65c0510 Uncommon trap: reason=class_check action=maybe_recompile pc=0x0000023da3ba0ac4 method=java.util.HashMap.getNode(Ljava/lang/Object;)Ljava/util/HashMap$Node; @ 128 c2
Event: 6.819 Thread 0x00000663c65c0510 DEOPT PACKING pc=0x0000023da3ba0ac4 sp=0x000000aa667fde30
Event: 6.819 Thread 0x00000663c65c0510 DEOPT UNPACKING pc=0x0000023da35b69a3 sp=0x000000aa667fdd48 mode 2
Event: 10.720 Thread 0x00000663c65c0510 Uncommon trap: trap_request=0xffffff45 fr.pc=0x0000023da3b8b774 relative=0x0000000000000134
Event: 10.720 Thread 0x00000663c65c0510 Uncommon trap: reason=unstable_if action=reinterpret pc=0x0000023da3b8b774 method=java.lang.StrictMath.floorOrCeil(DDDD)D @ 24 c2
Event: 10.720 Thread 0x00000663c65c0510 DEOPT PACKING pc=0x0000023da3b8b774 sp=0x000000aa667fd660
Event: 10.720 Thread 0x00000663c65c0510 DEOPT UNPACKING pc=0x0000023da35b69a3 sp=0x000000aa667fd5c8 mode 2
Event: 10.751 Thread 0x00000663c65bc850 Uncommon trap: trap_request=0xffffff45 fr.pc=0x0000023da3b88ff8 relative=0x00000000000001d8
Event: 10.751 Thread 0x00000663c65bc850 Uncommon trap: reason=unstable_if action=reinterpret pc=0x0000023da3b88ff8 method=sun.java2d.loops.GraphicsPrimitiveMgr.locate(Lsun/java2d/loops/GraphicsPrimitiveMgr$PrimitiveSpec;)Lsun/java2d/loops/GraphicsPrimitive; @ 85 c2
Event: 10.751 Thread 0x00000663c65bc850 DEOPT PACKING pc=0x0000023da3b88ff8 sp=0x000000aa66cfea00
Event: 10.751 Thread 0x00000663c65bc850 DEOPT UNPACKING pc=0x0000023da35b69a3 sp=0x000000aa66cfe9a0 mode 2
Event: 10.759 Thread 0x00000663c65bc850 Uncommon trap: trap_request=0xffffffde fr.pc=0x0000023da3b6f848 relative=0x0000000000000508
Event: 10.759 Thread 0x00000663c65bc850 Uncommon trap: reason=class_check action=maybe_recompile pc=0x0000023da3b6f848 method=java.util.HashMap.getNode(Ljava/lang/Object;)Ljava/util/HashMap$Node; @ 128 c2
Event: 10.759 Thread 0x00000663c65bc850 DEOPT PACKING pc=0x0000023da3b6f848 sp=0x000000aa66cfe940
Event: 10.759 Thread 0x00000663c65bc850 DEOPT UNPACKING pc=0x0000023da35b69a3 sp=0x000000aa66cfe8c8 mode 2
Event: 10.795 Thread 0x00000663c65c2880 DEOPT PACKING pc=0x0000023d9c44a108 sp=0x000000aa66dff430
Event: 10.795 Thread 0x00000663c65c2880 DEOPT UNPACKING pc=0x0000023da35b7143 sp=0x000000aa66dfe950 mode 0
Event: 10.854 Thread 0x00000663c65bc850 DEOPT PACKING pc=0x0000023d9c47b5c5 sp=0x000000aa66cff240
Event: 10.854 Thread 0x00000663c65bc850 DEOPT UNPACKING pc=0x0000023da35b7143 sp=0x000000aa66cfe750 mode 0

Classes unloaded (0 events):
No events

Classes redefined (0 events):
No events

Internal exceptions (20 events):
Event: 0.952 Thread 0x0000023d9847ea30 Exception <a 'java/lang/NoSuchMethodError'{0x0000023dbb626748}: 'int java.lang.invoke.DirectMethodHandle$Holder.invokeStaticInit(java.lang.Object, int, int)'> (0x0000023dbb626748) 
thrown [s\src\hotspot\share\interpreter\linkResolver.cpp, line 771]
Event: 0.953 Thread 0x0000023d9847ea30 Exception <a 'java/lang/NoSuchMethodError'{0x0000023dbb630270}: 'int java.lang.invoke.DirectMethodHandle$Holder.invokeStaticInit(java.lang.Object, long, long)'> (0x0000023dbb630270) 
thrown [s\src\hotspot\share\interpreter\linkResolver.cpp, line 771]
Event: 0.954 Thread 0x0000023d9847ea30 Exception <a 'java/lang/NoSuchMethodError'{0x0000023dbb638f58}: 'int java.lang.invoke.DirectMethodHandle$Holder.invokeStaticInit(java.lang.Object, float, float)'> (0x0000023dbb638f58) 
thrown [s\src\hotspot\share\interpreter\linkResolver.cpp, line 771]
Event: 0.954 Thread 0x0000023d9847ea30 Exception <a 'java/lang/NoSuchMethodError'{0x0000023dbb641c48}: 'int java.lang.invoke.DirectMethodHandle$Holder.invokeStaticInit(java.lang.Object, double, double)'> (0x0000023dbb641c48) 
thrown [s\src\hotspot\share\interpreter\linkResolver.cpp, line 771]
Event: 0.955 Thread 0x0000023d9847ea30 Exception <a 'java/lang/NoSuchMethodError'{0x0000023dbb647718}: 'int java.lang.invoke.DirectMethodHandle$Holder.invokeStatic(java.lang.Object, long)'> (0x0000023dbb647718) 
thrown [s\src\hotspot\share\interpreter\linkResolver.cpp, line 771]
Event: 0.959 Thread 0x0000023d9847ea30 Exception <a 'java/lang/NoSuchMethodError'{0x0000023dbb676208}: 'int java.lang.invoke.Invokers$Holder.linkToTargetMethod(java.lang.Object, java.lang.Object)'> (0x0000023dbb676208) 
thrown [s\src\hotspot\share\interpreter\linkResolver.cpp, line 771]
Event: 3.310 Thread 0x0000023d9847ea30 Exception <a 'java/lang/NoSuchMethodError'{0x0000023dbd7d4668}: 'void java.lang.invoke.DirectMethodHandle$Holder.invokeSpecial(java.lang.Object, java.lang.Object, java.lang.Object)'> (0x0000023dbd7d4668) 
thrown [s\src\hotspot\share\interpreter\linkResolver.cpp, line 771]
Event: 5.415 Thread 0x0000023d9847ea30 Exception <a 'java/lang/NoSuchMethodError'{0x0000023dcc427038}: 'void java.lang.invoke.DirectMethodHandle$Holder.invokeStaticInit(java.lang.Object)'> (0x0000023dcc427038) 
thrown [s\src\hotspot\share\interpreter\linkResolver.cpp, line 771]
Event: 5.445 Thread 0x00000663c65c0510 Exception <a 'java/lang/NoSuchMethodError'{0x0000023dcc557578}: 'java.lang.Object java.lang.invoke.DirectMethodHandle$Holder.newInvokeSpecial(java.lang.Object, java.lang.Object, java.lang.Object, java.lang.Object, java.lang.Object)'> (0x0000023dcc557578) 
thrown [s\src\hotspot\share\interpreter\linkResolver.cpp, line 771]
Event: 5.446 Thread 0x00000663c65c0510 Exception <a 'java/lang/NoSuchMethodError'{0x0000023dcc565e48}: 'java.lang.Object java.lang.invoke.DirectMethodHandle$Holder.invokeStatic(java.lang.Object, int, java.lang.Object, java.lang.Object, java.lang.Object, java.lang.Object)'> (0x0000023dcc565e48) 
thrown [s\src\hotspot\share\interpreter\linkResolver.cpp, line 771]
Event: 5.478 Thread 0x00000663c65c0510 Exception <a 'java/lang/ClassNotFoundException'{0x0000023dcc68e290}: com/sun/swing/internal/plaf/metal/resources/spi/metalProvider> (0x0000023dcc68e290) 
thrown [s\src\hotspot\share\classfile\systemDictionary.cpp, line 256]
Event: 5.480 Thread 0x00000663c65c0510 Exception <a 'java/lang/ClassNotFoundException'{0x0000023dcc6941e8}: com/sun/swing/internal/plaf/basic/resources/spi/basicProvider> (0x0000023dcc6941e8) 
thrown [s\src\hotspot\share\classfile\systemDictionary.cpp, line 256]
Event: 5.484 Thread 0x00000663c65c0510 Exception <a 'java/lang/NoSuchMethodError'{0x0000023dcc6b85a0}: 'java.lang.Object java.lang.invoke.Invokers$Holder.linkToTargetMethod(java.lang.Object, int, java.lang.Object, java.lang.Object, java.lang.Object)'> (0x0000023dcc6b85a0) 
thrown [s\src\hotspot\share\interpreter\linkResolver.cpp, line 771]
Event: 5.506 Thread 0x00000663c5edc440 Exception <a 'java/lang/NoSuchMethodError'{0x0000023dcc71f6e0}: 'void java.lang.invoke.DirectMethodHandle$Holder.invokeVirtual(java.lang.Object, java.lang.Object)'> (0x0000023dcc71f6e0) 
thrown [s\src\hotspot\share\interpreter\linkResolver.cpp, line 771]
Event: 5.526 Thread 0x00000663c65c0510 Exception <a 'java/lang/NoSuchMethodError'{0x0000023dcc798b60}: 'java.lang.Object java.lang.invoke.DirectMethodHandle$Holder.newInvokeSpecial(java.lang.Object, java.lang.Object, int, int, int, int)'> (0x0000023dcc798b60) 
thrown [s\src\hotspot\share\interpreter\linkResolver.cpp, line 771]
Event: 5.530 Thread 0x00000663c65c0510 Exception <a 'java/lang/NoSuchMethodError'{0x0000023dcc7aa8b0}: 'void java.lang.invoke.DirectMethodHandle$Holder.invokeSpecial(java.lang.Object, java.lang.Object, int, int)'> (0x0000023dcc7aa8b0) 
thrown [s\src\hotspot\share\interpreter\linkResolver.cpp, line 771]
Event: 5.531 Thread 0x00000663c65c0510 Exception <a 'java/lang/NoSuchMethodError'{0x0000023dcc7b2718}: 'java.lang.Object java.lang.invoke.DirectMethodHandle$Holder.newInvokeSpecial(java.lang.Object, java.lang.Object, int, int)'> (0x0000023dcc7b2718) 
thrown [s\src\hotspot\share\interpreter\linkResolver.cpp, line 771]
Event: 5.643 Thread 0x00000663c65c0510 Exception <a 'java/lang/NoSuchMethodError'{0x0000023dcc8b2d70}: 'java.lang.Object java.lang.invoke.Invokers$Holder.invoke_MT(java.lang.Object, java.lang.Object, java.lang.Object)'> (0x0000023dcc8b2d70) 
thrown [s\src\hotspot\share\interpreter\linkResolver.cpp, line 771]
Event: 5.644 Thread 0x00000663c65c0510 Exception <a 'java/lang/NoSuchMethodError'{0x0000023dcc8c1280}: 'int java.lang.invoke.Invokers$Holder.invoke_MT(java.lang.Object, java.lang.Object, java.lang.Object)'> (0x0000023dcc8c1280) 
thrown [s\src\hotspot\share\interpreter\linkResolver.cpp, line 771]
Event: 6.747 Thread 0x00000663c65c0510 Exception <a 'java/lang/NoSuchMethodError'{0x0000023dcc929748}: 'void java.lang.invoke.DirectMethodHandle$Holder.invokeStatic(java.lang.Object, java.lang.Object, java.lang.Object)'> (0x0000023dcc929748) 
thrown [s\src\hotspot\share\interpreter\linkResolver.cpp, line 771]

VM Operations (20 events):
Event: 5.136 Executing VM operation: G1CollectForAllocation
Event: 5.172 Executing VM operation: G1CollectForAllocation done
Event: 5.569 Executing VM operation: HandshakeAllThreads
Event: 5.569 Executing VM operation: HandshakeAllThreads done
Event: 6.578 Executing VM operation: Cleanup
Event: 6.578 Executing VM operation: Cleanup done
Event: 6.829 Executing VM operation: HandshakeAllThreads
Event: 6.829 Executing VM operation: HandshakeAllThreads done
Event: 6.829 Executing VM operation: HandshakeAllThreads
Event: 6.829 Executing VM operation: HandshakeAllThreads done
Event: 7.832 Executing VM operation: Cleanup
Event: 7.832 Executing VM operation: Cleanup done
Event: 8.844 Executing VM operation: Cleanup
Event: 8.844 Executing VM operation: Cleanup done
Event: 9.847 Executing VM operation: Cleanup
Event: 9.847 Executing VM operation: Cleanup done
Event: 10.850 Executing VM operation: Cleanup
Event: 10.850 Executing VM operation: Cleanup done
Event: 11.853 Executing VM operation: Cleanup
Event: 11.853 Executing VM operation: Cleanup done

Events (20 events):
Event: 10.754 loading class java/awt/LightweightDispatcher$2 done
Event: 10.756 loading class sun/java2d/pipe/RegionSpanIterator
Event: 10.756 loading class sun/java2d/pipe/SpanIterator
Event: 10.756 loading class sun/java2d/pipe/SpanIterator done
Event: 10.756 loading class sun/java2d/pipe/RegionSpanIterator done
Event: 11.211 Thread 0x00000663c6c4d3d0 Thread added: 0x00000663c6c4d3d0
Event: 11.240 loading class java/awt/image/BufferedImageOp
Event: 11.240 loading class java/awt/image/BufferedImageOp done
Event: 11.375 Thread 0x00000663c6c4d3d0 Thread exited: 0x00000663c6c4d3d0
Event: 11.985 Thread 0x00000663c65c2d90 Thread added: 0x00000663c65c2d90
Event: 11.985 Thread 0x00000663c65c32a0 Thread added: 0x00000663c65c32a0
Event: 11.985 Thread 0x00000663c65c37b0 Thread added: 0x00000663c65c37b0
Event: 11.986 loading class java/util/WeakHashMap$KeyIterator
Event: 11.986 loading class java/util/WeakHashMap$HashIterator
Event: 11.986 loading class sun/font/SunFontManager$8$1
Event: 11.986 loading class java/util/WeakHashMap$HashIterator done
Event: 11.986 loading class sun/font/SunFontManager$8$1 done
Event: 11.986 loading class java/util/WeakHashMap$KeyIterator done
Event: 11.986 Thread 0x00000663c65c2d90 Thread exited: 0x00000663c65c2d90
Event: 11.989 Thread 0x00000663c65c37b0 Thread exited: 0x00000663c65c37b0


Dynamic libraries:
0x00007ff782070000 - 0x00007ff78207a000 	C:\Users\bader\.jdks\jbrsdk_jcef-17.0.9\bin\java.exe
0x00007ffed6e90000 - 0x00007ffed7088000 	C:\Windows\SYSTEM32\ntdll.dll
0x00007ffed4f20000 - 0x00007ffed4fe2000 	C:\Windows\System32\KERNEL32.DLL
0x00007ffed4960000 - 0x00007ffed4c5e000 	C:\Windows\System32\KERNELBASE.dll
0x00007ffed4db0000 - 0x00007ffed4eb0000 	C:\Windows\System32\ucrtbase.dll
0x00007ffecbf60000 - 0x00007ffecbf77000 	C:\Users\bader\.jdks\jbrsdk_jcef-17.0.9\bin\jli.dll
0x00007ffec3f90000 - 0x00007ffec3fab000 	C:\Users\bader\.jdks\jbrsdk_jcef-17.0.9\bin\VCRUNTIME140.dll
0x00007ffed6bd0000 - 0x00007ffed6d6d000 	C:\Windows\System32\USER32.dll
0x00007ffeba210000 - 0x00007ffeba4aa000 	C:\Windows\WinSxS\amd64_microsoft.windows.common-controls_6595b64144ccf1df_6.0.19041.4355_none_60b8b9eb71f62e16\COMCTL32.dll
0x00007ffed4650000 - 0x00007ffed4672000 	C:\Windows\System32\win32u.dll
0x00007ffed67d0000 - 0x00007ffed686e000 	C:\Windows\System32\msvcrt.dll
0x00007ffed61a0000 - 0x00007ffed61cb000 	C:\Windows\System32\GDI32.dll
0x00007ffed4530000 - 0x00007ffed4647000 	C:\Windows\System32\gdi32full.dll
0x00007ffed4d10000 - 0x00007ffed4dad000 	C:\Windows\System32\msvcp_win.dll
0x00007ffed6100000 - 0x00007ffed612f000 	C:\Windows\System32\IMM32.DLL
0x00007ffecbf50000 - 0x00007ffecbf5c000 	C:\Users\bader\.jdks\jbrsdk_jcef-17.0.9\bin\vcruntime140_1.dll
0x00007ffeb8c40000 - 0x00007ffeb8ccd000 	C:\Users\bader\.jdks\jbrsdk_jcef-17.0.9\bin\msvcp140.dll
0x00007ffe57490000 - 0x00007ffe58112000 	C:\Users\bader\.jdks\jbrsdk_jcef-17.0.9\bin\server\jvm.dll
0x00007ffed6d90000 - 0x00007ffed6e41000 	C:\Windows\System32\ADVAPI32.dll
0x00007ffed5e40000 - 0x00007ffed5edf000 	C:\Windows\System32\sechost.dll
0x00007ffed62a0000 - 0x00007ffed63c3000 	C:\Windows\System32\RPCRT4.dll
0x00007ffed4760000 - 0x00007ffed4787000 	C:\Windows\System32\bcrypt.dll
0x00007ffed3a60000 - 0x00007ffed3aab000 	C:\Windows\SYSTEM32\POWRPROF.dll
0x00007ffecf4c0000 - 0x00007ffecf4c9000 	C:\Windows\SYSTEM32\WSOCK32.dll
0x00007ffeb9a40000 - 0x00007ffeb9a67000 	C:\Windows\SYSTEM32\WINMM.dll
0x00007ffed6090000 - 0x00007ffed60fb000 	C:\Windows\System32\WS2_32.dll
0x00007ffecd650000 - 0x00007ffecd65a000 	C:\Windows\SYSTEM32\VERSION.dll
0x00007ffed3930000 - 0x00007ffed3942000 	C:\Windows\SYSTEM32\UMPDC.dll
0x00007ffed23b0000 - 0x00007ffed23c2000 	C:\Windows\SYSTEM32\kernel.appcore.dll
0x00007ffecb150000 - 0x00007ffecb15a000 	C:\Users\bader\.jdks\jbrsdk_jcef-17.0.9\bin\jimage.dll
0x00007ffed1cc0000 - 0x00007ffed1ea4000 	C:\Windows\SYSTEM32\DBGHELP.DLL
0x00007ffec4470000 - 0x00007ffec44a4000 	C:\Windows\SYSTEM32\dbgcore.DLL
0x00007ffed46d0000 - 0x00007ffed4752000 	C:\Windows\System32\bcryptPrimitives.dll
0x00007ffeced40000 - 0x00007ffeced4e000 	C:\Users\bader\.jdks\jbrsdk_jcef-17.0.9\bin\instrument.dll
0x00007ffec2380000 - 0x00007ffec23a5000 	C:\Users\bader\.jdks\jbrsdk_jcef-17.0.9\bin\java.dll
0x00007ffec2270000 - 0x00007ffec2288000 	C:\Users\bader\.jdks\jbrsdk_jcef-17.0.9\bin\zip.dll
0x00007ffeb73d0000 - 0x00007ffeb74a7000 	C:\Users\bader\.jdks\jbrsdk_jcef-17.0.9\bin\jsvml.dll
0x00007ffed4ff0000 - 0x00007ffed575d000 	C:\Windows\System32\SHELL32.dll
0x00007ffed25b0000 - 0x00007ffed2d54000 	C:\Windows\SYSTEM32\windows.storage.dll
0x00007ffed6870000 - 0x00007ffed6bc3000 	C:\Windows\System32\combase.dll
0x00007ffed3f60000 - 0x00007ffed3f8e000 	C:\Windows\SYSTEM32\Wldp.dll
0x00007ffed61d0000 - 0x00007ffed629d000 	C:\Windows\System32\OLEAUT32.dll
0x00007ffed65c0000 - 0x00007ffed666d000 	C:\Windows\System32\SHCORE.dll
0x00007ffed6560000 - 0x00007ffed65b5000 	C:\Windows\System32\shlwapi.dll
0x00007ffed4460000 - 0x00007ffed4484000 	C:\Windows\SYSTEM32\profapi.dll
0x00007ffec2080000 - 0x00007ffec2099000 	C:\Users\bader\.jdks\jbrsdk_jcef-17.0.9\bin\net.dll
0x00007ffeccc80000 - 0x00007ffeccd8d000 	C:\Windows\SYSTEM32\WINHTTP.dll
0x00007ffed3cc0000 - 0x00007ffed3d2a000 	C:\Windows\system32\mswsock.dll
0x00007ffec1fb0000 - 0x00007ffec1fc6000 	C:\Users\bader\.jdks\jbrsdk_jcef-17.0.9\bin\nio.dll
0x00007ffebb220000 - 0x00007ffebb23a000 	C:\Program Files\JetBrains\IntelliJ IDEA Community Edition 2023.3.6\bin\breakgen64.dll
0x00007ffe87ea0000 - 0x00007ffe8803a000 	C:\Users\bader\.jdks\jbrsdk_jcef-17.0.9\bin\awt.dll
0x00007ffed20b0000 - 0x00007ffed20df000 	C:\Windows\SYSTEM32\dwmapi.dll
0x00007ffebb1d0000 - 0x00007ffebb214000 	C:\Users\bader\.jdks\jbrsdk_jcef-17.0.9\bin\nvdaControllerClient64.dll
0x00007ffecf1c0000 - 0x00007ffecf254000 	C:\Windows\SYSTEM32\apphelp.dll
0x00007ffeb81e0000 - 0x00007ffeb8308000 	C:\Windows\system32\opengl32.dll
0x00007ffeb7c60000 - 0x00007ffeb7c8c000 	C:\Windows\SYSTEM32\GLU32.dll
0x00007ffed1090000 - 0x00007ffed112e000 	C:\Windows\system32\uxtheme.dll
0x00007ffed5bd0000 - 0x00007ffed5ce5000 	C:\Windows\System32\MSCTF.dll
0x00007ffed5cf0000 - 0x00007ffed5d99000 	C:\Windows\System32\clbcatq.dll
0x00007ffe4ea80000 - 0x00007ffe4fa4a000 	C:\Windows\System32\DriverStore\FileRepository\iigd_dch.inf_amd64_5d54dd32fa1ef4d4\ig9icd64.dll
0x00007ffed6430000 - 0x00007ffed655b000 	C:\Windows\System32\ole32.dll
0x00007ffed2dc0000 - 0x00007ffed2eb6000 	C:\Windows\system32\dxgi.dll
0x00007ffec7a80000 - 0x00007ffec7cbf000 	C:\Windows\System32\DriverStore\FileRepository\iigd_dch.inf_amd64_5d54dd32fa1ef4d4\igdgmm64.dll
0x00007ffec4eb0000 - 0x00007ffec7a79000 	C:\Windows\System32\DriverStore\FileRepository\iigd_dch.inf_amd64_5d54dd32fa1ef4d4\igc64.dll
0x00007ffe6fa90000 - 0x00007ffe6fe9c000 	C:\Windows\System32\DriverStore\FileRepository\iigd_dch.inf_amd64_5d54dd32fa1ef4d4\igdml64.dll
0x00007ffed3ec0000 - 0x00007ffed3ed8000 	C:\Windows\SYSTEM32\CRYPTSP.dll
0x00007ffed3570000 - 0x00007ffed35a4000 	C:\Windows\system32\rsaenh.dll
0x00007ffed4420000 - 0x00007ffed444e000 	C:\Windows\SYSTEM32\USERENV.dll
0x00007ffed3eb0000 - 0x00007ffed3ebc000 	C:\Windows\SYSTEM32\CRYPTBASE.dll
0x00007ffed3950000 - 0x00007ffed398b000 	C:\Windows\SYSTEM32\IPHLPAPI.DLL
0x00007ffed5e30000 - 0x00007ffed5e38000 	C:\Windows\System32\NSI.dll
0x00007ffecc960000 - 0x00007ffecc977000 	C:\Windows\SYSTEM32\dhcpcsvc6.DLL
0x00007ffeccbf0000 - 0x00007ffeccc0d000 	C:\Windows\SYSTEM32\dhcpcsvc.DLL
0x00007ffed3990000 - 0x00007ffed3a5a000 	C:\Windows\SYSTEM32\DNSAPI.dll
0x00007ffeb86d0000 - 0x00007ffeb8757000 	C:\Users\bader\.jdks\jbrsdk_jcef-17.0.9\bin\freetype.dll
0x00007ffe8b2b0000 - 0x00007ffe8b387000 	C:\Users\bader\.jdks\jbrsdk_jcef-17.0.9\bin\fontmanager.dll
0x00007ffeba090000 - 0x00007ffeba0a2000 	C:\Users\bader\.jdks\jbrsdk_jcef-17.0.9\bin\jsound.dll
0x00007ffeb71e0000 - 0x00007ffeb727c000 	C:\Windows\SYSTEM32\DSOUND.dll
0x00007ffec02f0000 - 0x00007ffec0316000 	C:\Windows\SYSTEM32\winmmbase.dll
0x00007ffecce00000 - 0x00007ffecce85000 	C:\Windows\System32\MMDevApi.dll
0x00007ffed42c0000 - 0x00007ffed42f3000 	C:\Windows\System32\DEVOBJ.dll
0x00007ffed4680000 - 0x00007ffed46ce000 	C:\Windows\System32\cfgmgr32.dll
0x00007ffeb5080000 - 0x00007ffeb50c6000 	C:\Windows\SYSTEM32\wdmaud.drv
0x00007ffecf4e0000 - 0x00007ffecf4e9000 	C:\Windows\SYSTEM32\ksuser.dll
0x00007ffeced00000 - 0x00007ffeced0a000 	C:\Windows\SYSTEM32\AVRT.dll
0x00007ffecce90000 - 0x00007ffecd011000 	C:\Windows\SYSTEM32\AUDIOSES.DLL
0x00007ffeb5070000 - 0x00007ffeb507d000 	C:\Windows\SYSTEM32\msacm32.drv
0x00007ffeb5050000 - 0x00007ffeb506e000 	C:\Windows\SYSTEM32\MSACM32.dll
0x00007ffeb5040000 - 0x00007ffeb504b000 	C:\Windows\SYSTEM32\midimap.dll
0x00007ffed1fb0000 - 0x00007ffed1fc4000 	C:\Windows\SYSTEM32\resourcepolicyclient.dll
0x00007ffeb1a60000 - 0x00007ffeb1c05000 	C:\Windows\WinSxS\amd64_microsoft.windows.gdiplus_6595b64144ccf1df_1.1.19041.4597_none_91a78020cc854124\gdiplus.dll
0x00007ffebfdd0000 - 0x00007ffebfec9000 	C:\Windows\SYSTEM32\textinputframework.dll
0x00007ffecea50000 - 0x00007ffeceb42000 	C:\Windows\System32\CoreMessaging.dll
0x00007ffece6e0000 - 0x00007ffecea3b000 	C:\Windows\System32\CoreUIComponents.dll
0x00007ffed12c0000 - 0x00007ffed1417000 	C:\Windows\SYSTEM32\wintypes.dll
0x00007ffed37c0000 - 0x00007ffed37f3000 	C:\Windows\SYSTEM32\ntmarta.dll
0x00007ffeb7e70000 - 0x00007ffeb8165000 	C:\Windows\System32\uiautomationcore.dll
0x00007ffed1880000 - 0x00007ffed1976000 	C:\Windows\System32\PROPSYS.dll
0x00007ffeb8170000 - 0x00007ffeb81d6000 	C:\Windows\System32\OLEACC.dll
0x00007ffebfed0000 - 0x00007ffec000f000 	C:\Windows\System32\Windows.UI.dll
0x00007ffecbdf0000 - 0x00007ffecbe91000 	C:\Windows\System32\WindowManagementAPI.dll
0x00007ffebfc70000 - 0x00007ffebfdc2000 	C:\Windows\System32\InputHost.dll
0x00007ffecb4a0000 - 0x00007ffecb6a3000 	C:\Windows\SYSTEM32\twinapi.appcore.dll

dbghelp: loaded successfully - version: 4.0.5 - missing functions: none
symbol engine: initialized successfully - sym options: 0x614 - pdb path: .;C:\Users\bader\.jdks\jbrsdk_jcef-17.0.9\bin;C:\Windows\SYSTEM32;C:\Windows\WinSxS\amd64_microsoft.windows.common-controls_6595b64144ccf1df_6.0.19041.4355_none_60b8b9eb71f62e16;C:\Users\bader\.jdks\jbrsdk_jcef-17.0.9\bin\server;C:\Program Files\JetBrains\IntelliJ IDEA Community Edition 2023.3.6\bin;C:\Windows\System32\DriverStore\FileRepository\iigd_dch.inf_amd64_5d54dd32fa1ef4d4;C:\Windows\WinSxS\amd64_microsoft.windows.gdiplus_6595b64144ccf1df_1.1.19041.4597_none_91a78020cc854124

VM Arguments:
jvm_args: -Xmx3072g -Xmx4096g -Dsun.java2d.opengl=true -XX:ErrorFile=logs/hs_err_pid%p.log -javaagent:C:\Program Files\JetBrains\IntelliJ IDEA Community Edition 2023.3.6\lib\idea_rt.jar=61032:C:\Program Files\JetBrains\IntelliJ IDEA Community Edition 2023.3.6\bin -Dfile.encoding=UTF-8 
java_command: net.sendback.Main
java_class_path (initial): C:\Users\bader\OneDrive\Bureau\Idea\GTS_PRojekt\target\classes
Launcher Type: SUN_STANDARD

[Global flags]
     intx CICompilerCount                          = 4                                         {product} {ergonomic}
     uint ConcGCThreads                            = 3                                         {product} {ergonomic}
    ccstr ErrorFile                                = logs/hs_err_pid%p.log                     {product} {command line}
     uint G1ConcRefinementThreads                  = 10                                        {product} {ergonomic}
   size_t G1HeapRegionSize                         = 33554432                                  {product} {ergonomic}
    uintx GCDrainStackTargetSize                   = 64                                        {product} {ergonomic}
   size_t InitialHeapSize                          = 268435456                                 {product} {ergonomic}
   size_t MarkStackSize                            = 4194304                                   {product} {ergonomic}
   size_t MaxHeapSize                              = 4398046511104                             {product} {command line}
   size_t MaxNewSize                               = 2638821195776                             {product} {ergonomic}
   size_t MinHeapDeltaBytes                        = 33554432                                  {product} {ergonomic}
   size_t MinHeapSize                              = 33554432                                  {product} {ergonomic}
    uintx NonNMethodCodeHeapSize                   = 5839372                                {pd product} {ergonomic}
    uintx NonProfiledCodeHeapSize                  = 122909434                              {pd product} {ergonomic}
    uintx ProfiledCodeHeapSize                     = 122909434                              {pd product} {ergonomic}
    uintx ReservedCodeCacheSize                    = 251658240                              {pd product} {ergonomic}
     bool SegmentedCodeCache                       = true                                      {product} {ergonomic}
   size_t SoftMaxHeapSize                          = 4398046511104                          {manageable} {ergonomic}
     bool UseCompressedClassPointers               = true                           {product lp64_product} {ergonomic}
     bool UseG1GC                                  = true                                      {product} {ergonomic}
     bool UseLargePagesIndividualAllocation        = false                                  {pd product} {ergonomic}

Logging:
Log output configuration:
 #0: stdout all=warning uptime,level,tags
 #1: stderr all=off uptime,level,tags

Environment Variables:
PATH=C:\Program Files\Common Files\Oracle\Java\javapath;C:\Windows\system32;C:\Windows;C:\Windows\System32\Wbem;C:\Windows\System32\WindowsPowerShell\v1.0\;C:\Windows\System32\OpenSSH\;C:\Program Files (x86)\NVIDIA Corporation\PhysX\Common;C:\Program Files\dotnet\;C:\Users\bader\AppData\Local\Microsoft\WindowsApps;C:\Users\bader\AppData\Local\GitHubDesktop\bin
USERNAME=bader
OS=Windows_NT
PROCESSOR_IDENTIFIER=Intel64 Family 6 Model 158 Stepping 10, GenuineIntel
TMP=C:\Users\bader\AppData\Local\Temp
TEMP=C:\Users\bader\AppData\Local\Temp



Periodic native trim disabled

JNI global refs:
JNI global refs: 157, weak refs: 217

JNI global refs memory usage: 2107, weak refs: 2737

OOME stack traces (most recent first):
Classloader memory used:
Loader bootstrap                                                                       : 2706K
Loader jdk.internal.loader.ClassLoaders$AppClassLoader                                 : 39375B
Loader jdk.internal.reflect.DelegatingClassLoader                                      : 5061B
Loader jdk.internal.loader.ClassLoaders$PlatformClassLoader                            : 764B


---------------  S Y S T E M  ---------------

OS:
 Windows 10 , 64 bit Build 19041 (10.0.19041.5072)
OS uptime: 18 days 7:46 hours

CPU: total 12 (initial active 12) (6 cores per cpu, 2 threads per core) family 6 model 158 stepping 10 microcode 0xf0, cx8, cmov, fxsr, ht, mmx, 3dnowpref, sse, sse2, sse3, ssse3, sse4.1, sse4.2, popcnt, lzcnt, tsc, tscinvbit, avx, avx2, aes, erms, clmul, bmi1, bmi2, adx, fma, vzeroupper, clflush, clflushopt
Processor Information for all 12 processors :
  Max Mhz: 2592, Current Mhz: 2592, Mhz Limit: 2592

Memory: 4k page, system-wide physical 16254M (1938M free)
TotalPageFile size 22380M (AvailPageFile size 2928M)
current process WorkingSet (physical memory assigned to process): 820M, peak: 840M
current process commit charge ("private bytes"): 887M, peak: 900M

vm_info: OpenJDK 64-Bit Server VM (17.0.9+8-b1166.2) for windows-amd64 JRE (17.0.9+8-b1166.2), built on 2024-01-13 by "builduser" with MS VC++ 16.10 / 16.11 (VS2019)

END.
