#
# A fatal error has been detected by the Java Runtime Environment:
#
#  EXCEPTION_ACCESS_VIOLATION (0xc0000005) at pc=0x00007ffe4f253c53, pid=22592, tid=15332
#
# JRE version: OpenJDK Runtime Environment JBR-17.0.9+8-1166.2-jcef (17.0.9+8) (build 17.0.9+8-b1166.2)
# Java VM: OpenJDK 64-Bit Server VM JBR-17.0.9+8-1166.2-jcef (17.0.9+8-b1166.2, mixed mode, tiered, compressed class ptrs, g1 gc, windows-amd64)
# Problematic frame:
# C  [ig9icd64.dll+0x9c3c53]
#
# No core dump will be written. Minidumps are not enabled by default on client versions of Windows
#
# If you would like to submit a bug report, please visit:
#   https://youtrack.jetbrains.com/issues/JBR
# The crash happened outside the Java Virtual Machine in native code.
# See problematic frame for where to report the bug.
#

---------------  S U M M A R Y ------------

Command Line: -Xmx3072g -Xmx4096g -Dsun.java2d.opengl=true -XX:ErrorFile=logs/hs_err_pid%p.log -javaagent:C:\Program Files\JetBrains\IntelliJ IDEA Community Edition 2023.3.6\lib\idea_rt.jar=62776:C:\Program Files\JetBrains\IntelliJ IDEA Community Edition 2023.3.6\bin -Dfile.encoding=UTF-8 net.sendback.Main

Host: Intel(R) Core(TM) i7-9750H CPU @ 2.60GHz, 12 cores, 15G,  Windows 10 , 64 bit Build 19041 (10.0.19041.5072)
Time: Sun Nov  3 21:17:29 2024 Mitteleuropäische Zeit elapsed time: 10.363998 seconds (0d 0h 0m 10s)

---------------  T H R E A D  ---------------

Current thread (0x00000650be36c190):  JavaThread "Java2D Queue Flusher" daemon [_thread_in_native, id=15332, stack(0x0000002aca600000,0x0000002aca700000)]

Stack: [0x0000002aca600000,0x0000002aca700000],  sp=0x0000002aca6fecb8,  free space=1019k
Native frames: (J=compiled Java code, j=interpreted, Vv=VM code, C=native code)
C  [ig9icd64.dll+0x9c3c53]

Java frames: (J=compiled Java code, j=interpreted, Vv=VM code)
J 2199  sun.java2d.opengl.OGLRenderQueue.flushBuffer(JI)V java.desktop (0 bytes) @ 0x0000022aa23bcb5b [0x0000022aa23bcb20+0x000000000000003b]
J 2197 c1 sun.java2d.opengl.OGLRenderQueue.flushBuffer()V java.desktop (41 bytes) @ 0x0000022a9ac0ea84 [0x0000022a9ac0e960+0x0000000000000124]
j  sun.java2d.opengl.OGLRenderQueue$QueueFlusher.run()V+81 java.desktop
j  java.lang.Thread.run()V+11 java.base@17.0.9
v  ~StubRoutines::call_stub

siginfo: EXCEPTION_ACCESS_VIOLATION (0xc0000005), reading address 0xffffffffffffffff


Registers:
RAX=0x000000000fff0fff, RBX=0x00007ffe4e890000, RCX=0x000000033fcf3fcc, RDX=0x0000002aca6ff1d0
RSP=0x0000002aca6fecb8, RBP=0x0000002aca6fedc0, RSI=0x00000650c478d780, RDI=0x0000002aca6fefc0
R8 =0x0000002aca6fedf0, R9 =0x0000002aca6ff1d0, R10=0x0000002aca6fefc0, R11=0x0000000000000000
R12=0x00007ffe4f6ba420, R13=0x0000000000000000, R14=0x0000000000000000, R15=0x00000000000001c1
RIP=0x00007ffe4f253c53, EFLAGS=0x0000000000010206


Register to memory mapping:

RIP=0x00007ffe4f253c53 ig9icd64.dll
RAX=0x000000000fff0fff is an unknown value
RBX=0x00007ffe4e890000 ig9icd64.dll
RCX=0x000000033fcf3fcc is an unknown value
RDX=0x0000002aca6ff1d0 is pointing into the stack for thread: 0x00000650be36c190
RSP=0x0000002aca6fecb8 is pointing into the stack for thread: 0x00000650be36c190
RBP=0x0000002aca6fedc0 is pointing into the stack for thread: 0x00000650be36c190
RSI=0x00000650c478d780 points into unknown readable memory: 0x00000650be3a2100 | 00 21 3a be 50 06 00 00
RDI=0x0000002aca6fefc0 is pointing into the stack for thread: 0x00000650be36c190
R8 =0x0000002aca6fedf0 is pointing into the stack for thread: 0x00000650be36c190
R9 =0x0000002aca6ff1d0 is pointing into the stack for thread: 0x00000650be36c190
R10=0x0000002aca6fefc0 is pointing into the stack for thread: 0x00000650be36c190
R11=0x0 is NULL
R12=0x00007ffe4f6ba420 ig9icd64.dll
R13=0x0 is NULL
R14=0x0 is NULL
R15=0x00000000000001c1 is an unknown value


Top of Stack: (sp=0x0000002aca6fecb8)
0x0000002aca6fecb8:   00007ffe4f25138b 0000000000000001
0x0000002aca6fecc8:   0000000000000000 00000650cad64700
0x0000002aca6fecd8:   00007ffec7a82572 0000002a00000065
0x0000002aca6fece8:   0000002aca6feef0 0000000000000000
0x0000002aca6fecf8:   00000650ca9d8600 0000000000000000
0x0000002aca6fed08:   00000650c53a78a0 00000650cad64700
0x0000002aca6fed18:   0000000000000fb0 0000000000000000
0x0000002aca6fed28:   0000000000000000 0000002aca6feea0
0x0000002aca6fed38:   00007ffe4eee9070 0000000000000000
0x0000002aca6fed48:   0000000000000000 0000000000000000
0x0000002aca6fed58:   0000000000000000 000008bb80798974
0x0000002aca6fed68:   00007ffe4e8a64e5 00000650cad64700
0x0000002aca6fed78:   0000000000000001 0000000000000200
0x0000002aca6fed88:   00007ffed6ebb86b 0000000000080010
0x0000002aca6fed98:   0000000000000063 00000650c52233f0
0x0000002aca6feda8:   0000000000000000 0000000000000000
0x0000002aca6fedb8:   00007ffe4f251c62 0000000000000000
0x0000002aca6fedc8:   0000022a94b79900 0000002aca6ff0c0
0x0000002aca6fedd8:   0000022a94b70000 0000022a94b702b4
0x0000002aca6fede8:   00000650ca9d8600 00007ffe4f55f020
0x0000002aca6fedf8:   0000000e00000000 0000001a00000018
0x0000002aca6fee08:   00000fff00000000 437f0000437f0000
0x0000002aca6fee18:   437f0000437f0000 0000ff0000ff0000
0x0000002aca6fee28:   ff000000000000ff 0000000800000010
0x0000002aca6fee38:   0000001800000000 0000000000000000
0x0000002aca6fee48:   0000000000000000 0000000000000000
0x0000002aca6fee58:   0000000000000000 0000000000000000
0x0000002aca6fee68:   0000000000000000 0000000000000000
0x0000002aca6fee78:   0000000000000000 0000000000000000
0x0000002aca6fee88:   0000000000000000 0000000000000000
0x0000002aca6fee98:   0000000000000000 0000000000000000
0x0000002aca6feea8:   0000000000000000 0000000000000000 

Instructions: (pc=0x00007ffe4f253c53)
0x00007ffe4f253b53:   a1 b6 30 00 48 89 51 08 48 89 01 8b 44 24 28 89
0x00007ffe4f253b63:   41 20 8b 44 24 30 89 41 24 48 8b c1 4c 89 41 10
0x00007ffe4f253b73:   4c 89 49 18 c3 cc cc cc cc cc cc cc cc 48 89 5c
0x00007ffe4f253b83:   24 08 8b 41 5c 48 8d 1d 71 c4 63 ff 41 89 40 08
0x00007ffe4f253b93:   4c 8b d1 8b 41 60 45 33 db 41 89 40 0c 4c 8b ca
0x00007ffe4f253ba3:   8b 41 64 41 89 40 10 8b 41 68 41 89 40 14 8b 41
0x00007ffe4f253bb3:   6c 41 89 40 18 8b 41 70 41 89 40 1c 48 63 41 74
0x00007ffe4f253bc3:   48 6b c8 34 8b 84 19 84 5f ee 00 41 89 40 20 8b
0x00007ffe4f253bd3:   84 19 88 5f ee 00 41 89 40 24 8b 84 19 8c 5f ee
0x00007ffe4f253be3:   00 41 89 40 28 8b 84 19 90 5f ee 00 41 89 40 2c
0x00007ffe4f253bf3:   8b 84 19 74 5f ee 00 41 89 40 30 8b 84 19 78 5f
0x00007ffe4f253c03:   ee 00 41 89 40 34 8b 84 19 7c 5f ee 00 41 89 40
0x00007ffe4f253c13:   38 8b 84 19 80 5f ee 00 41 89 40 3c 8b 84 19 64
0x00007ffe4f253c23:   5f ee 00 41 89 40 40 8b 84 19 68 5f ee 00 41 89
0x00007ffe4f253c33:   40 44 8b 84 19 6c 5f ee 00 41 89 40 48 8b 84 19
0x00007ffe4f253c43:   70 5f ee 00 41 89 40 4c 49 63 42 78 48 6b c8 34
0x00007ffe4f253c53:   8b 84 19 84 5f ee 00 41 89 40 50 8b 84 19 88 5f
0x00007ffe4f253c63:   ee 00 41 89 40 54 8b 84 19 8c 5f ee 00 41 89 40
0x00007ffe4f253c73:   58 8b 84 19 90 5f ee 00 41 89 40 5c 8b 84 19 74
0x00007ffe4f253c83:   5f ee 00 41 89 40 60 8b 84 19 78 5f ee 00 41 89
0x00007ffe4f253c93:   40 64 8b 84 19 7c 5f ee 00 41 89 40 68 8b 84 19
0x00007ffe4f253ca3:   80 5f ee 00 41 89 40 6c 8b 84 19 64 5f ee 00 41
0x00007ffe4f253cb3:   89 40 70 8b 84 19 68 5f ee 00 41 89 40 74 8b 84
0x00007ffe4f253cc3:   19 6c 5f ee 00 41 89 40 78 8b 84 19 70 5f ee 00
0x00007ffe4f253cd3:   41 89 40 7c 48 8b 42 18 8b 88 38 0b 00 00 f6 c1
0x00007ffe4f253ce3:   08 0f 84 86 00 00 00 8b 80 3c 0b 00 00 41 89 80
0x00007ffe4f253cf3:   80 00 00 00 48 8b 42 18 8b 88 40 0b 00 00 41 89
0x00007ffe4f253d03:   88 84 00 00 00 48 8b 42 18 8b 88 44 0b 00 00 41
0x00007ffe4f253d13:   89 88 88 00 00 00 48 8b 42 18 8b 88 48 0b 00 00
0x00007ffe4f253d23:   41 89 88 8c 00 00 00 48 8b 42 18 8b 88 4c 0b 00
0x00007ffe4f253d33:   00 41 89 88 90 00 00 00 48 8b 42 18 8b 88 50 0b
0x00007ffe4f253d43:   00 00 41 89 88 94 00 00 00 48 8b 42 18 8b 88 54 


Stack slot to memory mapping:
stack at sp + 0 slots: 0x00007ffe4f25138b ig9icd64.dll
stack at sp + 1 slots: 0x0000000000000001 is an unknown value
stack at sp + 2 slots: 0x0 is NULL
stack at sp + 3 slots: 0x00000650cad64700 points into unknown readable memory: 0x00007ffec7c9d290 | 90 d2 c9 c7 fe 7f 00 00
stack at sp + 4 slots: 0x00007ffec7a82572 igdgmm64.dll
stack at sp + 5 slots: 0x0000002a00000065 is an unknown value
stack at sp + 6 slots: 0x0000002aca6feef0 is pointing into the stack for thread: 0x00000650be36c190
stack at sp + 7 slots: 0x0 is NULL


Compiled method (n/a)   10464 2199     n 0       sun.java2d.opengl.OGLRenderQueue::flushBuffer (native)
 total in heap  [0x0000022aa23bc990,0x0000022aa23bcd28] = 920
 relocation     [0x0000022aa23bcae8,0x0000022aa23bcb18] = 48
 main code      [0x0000022aa23bcb20,0x0000022aa23bcd28] = 520

[Constant Pool (empty)]

[MachCode]
[Entry Point]
  # {method} {0x00000650baac7cd8} 'flushBuffer' '(JI)V' in 'sun/java2d/opengl/OGLRenderQueue'
  # this:     rdx:rdx   = 'sun/java2d/opengl/OGLRenderQueue'
  # parm0:    r8:r8     = long
  # parm1:    r9        = int
  #           [sp+0x70]  (sp of caller)
  0x0000022aa23bcb20: 448b 5208 | 493b c20f | 840b 0000 

  0x0000022aa23bcb2c: ;   {runtime_call ic_miss_stub}
  0x0000022aa23bcb2c: 00e9 4e45 | 9eff 660f | 1f44 0000 
[Verified Entry Point]
  0x0000022aa23bcb38: 8984 2400 | 90ff ff55 | 488b ec48 | 83ec 6048 | 8954 2420 | 4883 fa00 | 488d 5424 | 2048 0f44 
  0x0000022aa23bcb58: 5424 20c5 

  0x0000022aa23bcb5c: ;   {internal_word}
  0x0000022aa23bcb5c: f877 49ba | 5bcb 3ba2 | 2a02 0000 | 4d89 97a0 | 0200 0049 | 89a7 9802 

  0x0000022aa23bcb74: ;   {external_word}
  0x0000022aa23bcb74: 0000 49ba | 3d29 1c86 | fe7f 0000 | 4180 3a00 | 0f84 5200 | 0000 5241 

  0x0000022aa23bcb8c: ;   {metadata({method} {0x00000650baac7cd8} 'flushBuffer' '(JI)V' in 'sun/java2d/opengl/OGLRenderQueue')}
  0x0000022aa23bcb8c: 5041 5148 | bad0 7cac | ba50 0600 | 0049 8bcf | 4883 ec20 | f7c4 0f00 | 0000 0f84 | 1a00 0000 
  0x0000022aa23bcbac: 4883 ec08 

  0x0000022aa23bcbb0: ;   {runtime_call SharedRuntime::dtrace_method_entry}
  0x0000022aa23bcbb0: 49ba b0ea | d185 fe7f | 0000 41ff | d248 83c4 | 08e9 0d00 

  0x0000022aa23bcbc4: ;   {runtime_call SharedRuntime::dtrace_method_entry}
  0x0000022aa23bcbc4: 0000 49ba | b0ea d185 | fe7f 0000 | 41ff d248 | 83c4 2041 | 5941 585a | 498d 8fb8 | 0200 0041 
  0x0000022aa23bcbe4: c787 4803 | 0000 0400 

  0x0000022aa23bcbec: ;   {runtime_call}
  0x0000022aa23bcbec: 0000 49ba | 60fd 3d7e | fe7f 0000 | 41ff d2c5 | f877 41c7 | 8748 0300 | 0005 0000 | 00f0 8344 
  0x0000022aa23bcc0c: 24c0 0049 | 3baf 5003 | 0000 0f87 | 1100 0000 | 4181 bf38 | 0300 0000 | 0000 000f | 8421 0000 
  0x0000022aa23bcc2c: 00c5 f877 | 498b cf4c | 8be4 4883 | ec20 4883 

  0x0000022aa23bcc3c: ;   {runtime_call JavaThread::check_special_condition_for_native_trans}
  0x0000022aa23bcc3c: e4f0 49ba | f008 e285 | fe7f 0000 | 41ff d249 | 8be4 41c7 | 8748 0300 | 0008 0000 | 0041 81bf 
  0x0000022aa23bcc5c: b803 0000 | 0200 0000 | 0f84 9b00 

  0x0000022aa23bcc68: ;   {external_word}
  0x0000022aa23bcc68: 0000 49ba | 3d29 1c86 | fe7f 0000 | 4180 3a00 | 0f84 4800 

  0x0000022aa23bcc7c: ;   {metadata({method} {0x00000650baac7cd8} 'flushBuffer' '(JI)V' in 'sun/java2d/opengl/OGLRenderQueue')}
  0x0000022aa23bcc7c: 0000 48ba | d07c acba | 5006 0000 | 498b cf48 | 83ec 20f7 | c40f 0000 | 000f 841a | 0000 0048 
  0x0000022aa23bcc9c: ;   {runtime_call SharedRuntime::dtrace_method_entry}
  0x0000022aa23bcc9c: 83ec 0849 | bab0 ead1 | 85fe 7f00 | 0041 ffd2 | 4883 c408 | e90d 0000 

  0x0000022aa23bccb4: ;   {runtime_call SharedRuntime::dtrace_method_entry}
  0x0000022aa23bccb4: 0049 bab0 | ead1 85fe | 7f00 0041 | ffd2 4883 | c420 49c7 | 8798 0200 | 0000 0000 | 0049 c787 
  0x0000022aa23bccd4: a002 0000 | 0000 0000 | c5f8 7749 | 8b8f d800 | 0000 c781 | 0001 0000 | 0000 0000 | c949 817f 
  0x0000022aa23bccf4: 0800 0000 | 000f 8501 | 0000 00c3 

  0x0000022aa23bcd00: ;   {runtime_call StubRoutines (1)}
  0x0000022aa23bcd00: e9fb 4199 | ffc5 f877 | 4c8b e448 | 83ec 2048 

  0x0000022aa23bcd10: ;   {runtime_call SharedRuntime::reguard_yellow_pages}
  0x0000022aa23bcd10: 83e4 f049 | ba40 1bd2 | 85fe 7f00 | 0041 ffd2 | 498b e4e9 | 42ff ffff 
[/MachCode]


Compiled method (c1)   10554 2197       3       sun.java2d.opengl.OGLRenderQueue::flushBuffer (41 bytes)
 total in heap  [0x0000022a9ac0e790,0x0000022a9ac0edd8] = 1608
 relocation     [0x0000022a9ac0e8e8,0x0000022a9ac0e950] = 104
 main code      [0x0000022a9ac0e960,0x0000022a9ac0ec40] = 736
 stub code      [0x0000022a9ac0ec40,0x0000022a9ac0ec98] = 88
 metadata       [0x0000022a9ac0ec98,0x0000022a9ac0ecc0] = 40
 scopes data    [0x0000022a9ac0ecc0,0x0000022a9ac0ed10] = 80
 scopes pcs     [0x0000022a9ac0ed10,0x0000022a9ac0edb0] = 160
 dependencies   [0x0000022a9ac0edb0,0x0000022a9ac0edb8] = 8
 nul chk table  [0x0000022a9ac0edb8,0x0000022a9ac0edd8] = 32

[Constant Pool (empty)]

[MachCode]
[Entry Point]
  # {method} {0x00000650baac7dd0} 'flushBuffer' '()V' in 'sun/java2d/opengl/OGLRenderQueue'
  #           [sp+0x70]  (sp of caller)
  0x0000022a9ac0e960: 448b 5208 

  0x0000022a9ac0e964: ;   {runtime_call ic_miss_stub}
  0x0000022a9ac0e964: 4c3b d00f | 8513 2719 | 0766 6666 | 0f1f 8400 | 0000 0000 | 6666 6690 | 0f1f 4000 
[Verified Entry Point]
  0x0000022a9ac0e980: 8984 2400 | 90ff ff55 | 4883 ec60 

  0x0000022a9ac0e98c: ;   {metadata(method data for {method} {0x00000650baac7dd0} 'flushBuffer' '()V' in 'sun/java2d/opengl/OGLRenderQueue')}
  0x0000022a9ac0e98c: 49b8 50cb | 94ba 5006 | 0000 458b | 88cc 0000 | 0041 83c1 | 0245 8988 | cc00 0000 | 4181 e1fe 
  0x0000022a9ac0e9ac: 0700 0041 | 83f9 000f | 84d6 0100 | 004c 8b42 | 1049 3b00 

  0x0000022a9ac0e9c0: ;   {metadata(method data for {method} {0x00000650baac7dd0} 'flushBuffer' '()V' in 'sun/java2d/opengl/OGLRenderQueue')}
  0x0000022a9ac0e9c0: 4d8b c848 | be50 cb94 | ba50 0600 | 0048 8386 | 1001 0000 

  0x0000022a9ac0e9d4: ;   {metadata(method data for {method} {0x00000650baacaec0} 'position' '()I' in 'sun/java2d/pipe/RenderBuffer')}
  0x0000022a9ac0e9d4: 0149 b9c8 | e126 bb50 | 0600 0041 | 8bb1 cc00 | 0000 83c6 | 0241 89b1 | cc00 0000 | 81e6 feff 
  0x0000022a9ac0e9f4: 1f00 83fe | 000f 84b6 | 0100 004d | 8b48 2049 | 8b70 104c | 2bce 458b | c941 83f9 

  0x0000022a9ac0ea10: ;   {metadata(method data for {method} {0x00000650baac7dd0} 'flushBuffer' '()V' in 'sun/java2d/opengl/OGLRenderQueue')}
  0x0000022a9ac0ea10: 0048 bf50 | cb94 ba50 | 0600 0048 | bb48 0100 | 0000 0000 | 000f 8e0a | 0000 0048 | bb58 0100 
  0x0000022a9ac0ea30: 0000 0000 | 0048 8b04 | 1f48 8d40 | 0148 8904 | 1f0f 8e42 

  0x0000022a9ac0ea44: ;   {metadata(method data for {method} {0x00000650baac7dd0} 'flushBuffer' '()V' in 'sun/java2d/opengl/OGLRenderQueue')}
  0x0000022a9ac0ea44: 0000 0048 | bf50 cb94 | ba50 0600 | 0048 8387 | 6801 0000 | 014c 8bc2 

  0x0000022a9ac0ea5c: ;   {metadata(method data for {method} {0x00000650baac7dd0} 'flushBuffer' '()V' in 'sun/java2d/opengl/OGLRenderQueue')}
  0x0000022a9ac0ea5c: 48bf 50cb | 94ba 5006 | 0000 4883 | 87a0 0100 | 0001 4c8b | c648 8bf2 | 488b d648 | 8974 2450 
  0x0000022a9ac0ea7c: ;   {optimized virtual_call}
  0x0000022a9ac0ea7c: 6666 90e8 

  0x0000022a9ac0ea80: ; ImmutableOopMap {[80]=Oop }
                      ;*invokevirtual flushBuffer {reexecute=0 rethrow=0 return_oop=0}
                      ; - sun.java2d.opengl.OGLRenderQueue::flushBuffer@21 (line 150)
  0x0000022a9ac0ea80: b4e0 7a07 | 488b 5424 | 5048 8b72 | 1048 3b06 

  0x0000022a9ac0ea90: ;   {metadata(method data for {method} {0x00000650baac7dd0} 'flushBuffer' '()V' in 'sun/java2d/opengl/OGLRenderQueue')}
  0x0000022a9ac0ea90: 488b fe48 | bb50 cb94 | ba50 0600 | 0048 8383 | d801 0000 

  0x0000022a9ac0eaa4: ;   {metadata(method data for {method} {0x00000650baacb040} 'clear' '()V' in 'sun/java2d/pipe/RenderBuffer')}
  0x0000022a9ac0eaa4: 0148 bf38 | cd8e ba50 | 0600 008b | 9fcc 0000 | 0083 c302 | 899f cc00 | 0000 81e3 | feff 1f00 
  0x0000022a9ac0eac4: 83fb 000f | 840e 0100 | 0048 8b7e | 1048 897e | 2048 8b52 | 1848 3b02 

  0x0000022a9ac0eadc: ;   {metadata(method data for {method} {0x00000650baac7dd0} 'flushBuffer' '()V' in 'sun/java2d/opengl/OGLRenderQueue')}
  0x0000022a9ac0eadc: 488b f248 | bf50 cb94 | ba50 0600 | 008b 7608 | 483b b720 | 0200 0075 | 0d48 8387 | 2802 0000 
  0x0000022a9ac0eafc: 01e9 6600 | 0000 483b | b730 0200 | 0075 0d48 | 8387 3802 | 0000 01e9 | 5000 0000 | 4881 bf20 
  0x0000022a9ac0eb1c: 0200 0000 | 0000 0075 | 1748 89b7 | 2002 0000 | 48c7 8728 | 0200 0001 | 0000 00e9 | 2c00 0000 
  0x0000022a9ac0eb3c: 4881 bf30 | 0200 0000 | 0000 0075 | 1748 89b7 | 3002 0000 | 48c7 8738 | 0200 0001 | 0000 00e9 
  0x0000022a9ac0eb5c: 0800 0000 | 4883 8710 | 0200 0001 | 0f1f 4400 | 0048 b828 | 4e07 8000 

  0x0000022a9ac0eb74: ;   {virtual_call}
  0x0000022a9ac0eb74: 0000 00e8 

  0x0000022a9ac0eb78: ; ImmutableOopMap {}
                      ;*invokeinterface clear {reexecute=0 rethrow=0 return_oop=0}
                      ; - sun.java2d.opengl.OGLRenderQueue::flushBuffer@35 (line 155)
  0x0000022a9ac0eb78: 44f9 ffff | 4883 c460 

  0x0000022a9ac0eb80: ;   {poll_return}
  0x0000022a9ac0eb80: 5d49 3ba7 | 5003 0000 | 0f87 7300 

  0x0000022a9ac0eb8c: ;   {metadata({method} {0x00000650baac7dd0} 'flushBuffer' '()V' in 'sun/java2d/opengl/OGLRenderQueue')}
  0x0000022a9ac0eb8c: 0000 c349 | bac8 7dac | ba50 0600 | 004c 8954 | 2408 48c7 | 0424 ffff 

  0x0000022a9ac0eba4: ;   {runtime_call counter_overflow Runtime1 stub}
  0x0000022a9ac0eba4: ffff e8d5 

  0x0000022a9ac0eba8: ; ImmutableOopMap {rdx=Oop }
                      ;*synchronization entry
                      ; - sun.java2d.opengl.OGLRenderQueue::flushBuffer@-1 (line 147)
  0x0000022a9ac0eba8: a523 07e9 | 09fe ffff 

  0x0000022a9ac0ebb0: ;   {runtime_call throw_null_pointer_exception Runtime1 stub}
  0x0000022a9ac0ebb0: e8eb 5423 

  0x0000022a9ac0ebb4: ; ImmutableOopMap {rdx=Oop r8=Oop }
                      ;*invokevirtual position {reexecute=0 rethrow=0 return_oop=0}
                      ; - sun.java2d.opengl.OGLRenderQueue::flushBuffer@4 (line 147)
                      ;   {metadata({method} {0x00000650baacaec0} 'position' '()I' in 'sun/java2d/pipe/RenderBuffer')}
  0x0000022a9ac0ebb4: 0749 bab8 | aeac ba50 | 0600 004c | 8954 2408 | 48c7 0424 | ffff ffff 

  0x0000022a9ac0ebcc: ;   {runtime_call counter_overflow Runtime1 stub}
  0x0000022a9ac0ebcc: e8af a523 

  0x0000022a9ac0ebd0: ; ImmutableOopMap {rdx=Oop r8=Oop }
                      ;*synchronization entry
                      ; - sun.java2d.pipe.RenderBuffer::position@-1 (line 110)
                      ; - sun.java2d.opengl.OGLRenderQueue::flushBuffer@4 (line 147)
  0x0000022a9ac0ebd0: 07e9 29fe 

  0x0000022a9ac0ebd4: ;   {runtime_call throw_null_pointer_exception Runtime1 stub}
  0x0000022a9ac0ebd4: ffff e8c5 

  0x0000022a9ac0ebd8: ; ImmutableOopMap {rdx=Oop rsi=Oop }
                      ;*invokevirtual clear {reexecute=0 rethrow=0 return_oop=0}
                      ; - sun.java2d.opengl.OGLRenderQueue::flushBuffer@28 (line 153)
                      ;   {metadata({method} {0x00000650baacb040} 'clear' '()V' in 'sun/java2d/pipe/RenderBuffer')}
  0x0000022a9ac0ebd8: 5423 0749 | ba38 b0ac | ba50 0600 | 004c 8954 | 2408 48c7 | 0424 ffff 

  0x0000022a9ac0ebf0: ;   {runtime_call counter_overflow Runtime1 stub}
  0x0000022a9ac0ebf0: ffff e889 

  0x0000022a9ac0ebf4: ; ImmutableOopMap {rdx=Oop rsi=Oop }
                      ;*synchronization entry
                      ; - sun.java2d.pipe.RenderBuffer::clear@-1 (line 118)
                      ; - sun.java2d.opengl.OGLRenderQueue::flushBuffer@28 (line 153)
  0x0000022a9ac0ebf4: a523 07e9 | d1fe ffff 

  0x0000022a9ac0ebfc: ;   {runtime_call throw_null_pointer_exception Runtime1 stub}
  0x0000022a9ac0ebfc: e89f 5423 

  0x0000022a9ac0ec00: ; ImmutableOopMap {rdx=Oop }
                      ;*invokeinterface clear {reexecute=0 rethrow=0 return_oop=0}
                      ; - sun.java2d.opengl.OGLRenderQueue::flushBuffer@35 (line 155)
                      ;   {internal_word}
  0x0000022a9ac0ec00: 0749 ba81 | ebc0 9a2a | 0200 004d | 8997 6803 

  0x0000022a9ac0ec10: ;   {runtime_call SafepointBlob}
  0x0000022a9ac0ec10: 0000 e9e9 | 8d19 0790 | 9049 8b87 | e003 0000 | 49c7 87e0 | 0300 0000 | 0000 0049 | c787 e803 
  0x0000022a9ac0ec30: 0000 0000 | 0000 4883 

  0x0000022a9ac0ec38: ;   {runtime_call unwind_exception Runtime1 stub}
  0x0000022a9ac0ec38: c460 5de9 | c074 1a07 
[Stub Code]
  0x0000022a9ac0ec40: ;   {no_reloc}
  0x0000022a9ac0ec40: 0f1f 4400 

  0x0000022a9ac0ec44: ;   {static_stub}
  0x0000022a9ac0ec44: 0048 bbd0 | 7cac ba50 

  0x0000022a9ac0ec4c: ;   {runtime_call I2C/C2I adapters}
  0x0000022a9ac0ec4c: 0600 00e9 | 8096 1907 

  0x0000022a9ac0ec54: ;   {static_stub}
  0x0000022a9ac0ec54: 9048 bb00 | 0000 0000 

  0x0000022a9ac0ec5c: ;   {runtime_call}
  0x0000022a9ac0ec5c: 0000 00e9 | fbff ffff 
[Exception Handler]
  0x0000022a9ac0ec64: ;   {runtime_call handle_exception_from_callee Runtime1 stub}
  0x0000022a9ac0ec64: e817 7223 

  0x0000022a9ac0ec68: ;   {external_word}
  0x0000022a9ac0ec68: 0748 b990 | 6df6 85fe | 7f00 0048 

  0x0000022a9ac0ec74: ;   {runtime_call MacroAssembler::debug64}
  0x0000022a9ac0ec74: 83e4 f049 | ba30 dfbe | 85fe 7f00 | 0041 ffd2 

  0x0000022a9ac0ec84: ;   {section_word}
  0x0000022a9ac0ec84: f449 ba85 | ecc0 9a2a | 0200 0041 

  0x0000022a9ac0ec90: ;   {runtime_call DeoptimizationBlob}
  0x0000022a9ac0ec90: 52e9 0a80 | 1907 f4f4 
[/MachCode]


---------------  P R O C E S S  ---------------

Threads class SMR info:
_java_thread_list=0x00000650c549bc00, length=27, elements={
0x00000650b9855bb0, 0x00000650b9856a30, 0x00000650b9874d60, 0x00000650b9876930,
0x00000650b98773f0, 0x00000650b9877db0, 0x00000650b98b5030, 0x00000650b98b59f0,
0x00000650b98b8400, 0x00000650b997c4b0, 0x00000650be09ecb0, 0x00000650be09f190,
0x00000650be36c190, 0x00000650c494eb30, 0x00000650c4dbc3d0, 0x00000650c5126450,
0x00000650c4857170, 0x00000650c5025910, 0x00000650c5026d50, 0x00000650c5025400,
0x00000650c5025e20, 0x00000650c5026840, 0x00000650c5026330, 0x00000650c4fd62f0,
0x00000650c4fd6d10, 0x00000650c4fda9d0, 0x00000650c4fd5de0
}

Java Threads: ( => current thread )
  0x00000650b9855bb0 JavaThread "Reference Handler" daemon [_thread_blocked, id=19772, stack(0x0000002ac9900000,0x0000002ac9a00000)]
  0x00000650b9856a30 JavaThread "Finalizer" daemon [_thread_blocked, id=22972, stack(0x0000002ac9a00000,0x0000002ac9b00000)]
  0x00000650b9874d60 JavaThread "Signal Dispatcher" daemon [_thread_blocked, id=10832, stack(0x0000002ac9b00000,0x0000002ac9c00000)]
  0x00000650b9876930 JavaThread "Attach Listener" daemon [_thread_blocked, id=22272, stack(0x0000002ac9c00000,0x0000002ac9d00000)]
  0x00000650b98773f0 JavaThread "Service Thread" daemon [_thread_blocked, id=27424, stack(0x0000002ac9d00000,0x0000002ac9e00000)]
  0x00000650b9877db0 JavaThread "Monitor Deflation Thread" daemon [_thread_blocked, id=31480, stack(0x0000002ac9e00000,0x0000002ac9f00000)]
  0x00000650b98b5030 JavaThread "C2 CompilerThread0" daemon [_thread_blocked, id=7568, stack(0x0000002ac9f00000,0x0000002aca000000)]
  0x00000650b98b59f0 JavaThread "C1 CompilerThread0" daemon [_thread_blocked, id=3328, stack(0x0000002aca000000,0x0000002aca100000)]
  0x00000650b98b8400 JavaThread "Sweeper thread" daemon [_thread_blocked, id=5600, stack(0x0000002aca100000,0x0000002aca200000)]
  0x00000650b997c4b0 JavaThread "Common-Cleaner" daemon [_thread_blocked, id=20968, stack(0x0000002aca200000,0x0000002aca300000)]
  0x00000650be09ecb0 JavaThread "Monitor Ctrl-Break" daemon [_thread_in_native, id=26876, stack(0x0000002aca300000,0x0000002aca400000)]
  0x00000650be09f190 JavaThread "Notification Thread" daemon [_thread_blocked, id=30120, stack(0x0000002aca400000,0x0000002aca500000)]
=>0x00000650be36c190 JavaThread "Java2D Queue Flusher" daemon [_thread_in_native, id=15332, stack(0x0000002aca600000,0x0000002aca700000)]
  0x00000650c494eb30 JavaThread "Java2D Disposer" daemon [_thread_blocked, id=22832, stack(0x0000002acab00000,0x0000002acac00000)]
  0x00000650c4dbc3d0 JavaThread "AWT-Windows" daemon [_thread_in_native, id=24140, stack(0x0000002acae00000,0x0000002acaf00000)]
  0x00000650c5126450 JavaThread "Java Sound Event Dispatcher" daemon [_thread_blocked, id=28468, stack(0x0000002acb900000,0x0000002acba00000)]
  0x00000650c4857170 JavaThread "Direct Clip" daemon [_thread_blocked, id=11592, stack(0x0000002acbc00000,0x0000002acbd00000)]
  0x00000650c5025910 JavaThread "Direct Clip" daemon [_thread_blocked, id=8820, stack(0x0000002acbd00000,0x0000002acbe00000)]
  0x00000650c5026d50 JavaThread "Direct Clip" daemon [_thread_blocked, id=21368, stack(0x0000002acbe00000,0x0000002acbf00000)]
  0x00000650c5025400 JavaThread "Direct Clip" daemon [_thread_blocked, id=17996, stack(0x0000002acbf00000,0x0000002acc000000)]
  0x00000650c5025e20 JavaThread "Direct Clip" daemon [_thread_blocked, id=21052, stack(0x0000002acc000000,0x0000002acc100000)]
  0x00000650c5026840 JavaThread "AWT-Shutdown" [_thread_blocked, id=22252, stack(0x0000002acc100000,0x0000002acc200000)]
  0x00000650c5026330 JavaThread "AWT-EventQueue-0" [_thread_blocked, id=27640, stack(0x0000002acca00000,0x0000002accb00000)]
  0x00000650c4fd62f0 JavaThread "DestroyJavaVM" [_thread_blocked, id=9348, stack(0x0000002ac9200000,0x0000002ac9300000)]
  0x00000650c4fd6d10 JavaThread "Thread-0" [_thread_blocked, id=32208, stack(0x0000002acce00000,0x0000002accf00000)]
  0x00000650c4fda9d0 JavaThread "ztt" [_thread_in_vm, id=5444, stack(0x0000002accf00000,0x0000002acd000000)]
  0x00000650c4fd5de0 JavaThread "ToolkitShutdown" daemon [_thread_in_native, id=18948, stack(0x0000002acd400000,0x0000002acd500000)]

Other Threads:
  0x00000650b9850e80 VMThread "VM Thread" [stack: 0x0000002ac9800000,0x0000002ac9900000] [id=7176]
  0x00000650be12e620 WatcherThread [stack: 0x0000002aca500000,0x0000002aca600000] [id=16664]
  0x0000022a96d2d090 GCTaskThread "GC Thread#0" [stack: 0x0000002ac9300000,0x0000002ac9400000] [id=3664]
  0x00000650c4ea5620 GCTaskThread "GC Thread#1" [stack: 0x0000002acaf00000,0x0000002acb000000] [id=28464]
  0x00000650c4864a20 GCTaskThread "GC Thread#2" [stack: 0x0000002acb000000,0x0000002acb100000] [id=17824]
  0x00000650c4ebc5a0 GCTaskThread "GC Thread#3" [stack: 0x0000002acb100000,0x0000002acb200000] [id=11328]
  0x00000650c4ebca70 GCTaskThread "GC Thread#4" [stack: 0x0000002acb200000,0x0000002acb300000] [id=17108]
  0x00000650c4ebd540 GCTaskThread "GC Thread#5" [stack: 0x0000002acb300000,0x0000002acb400000] [id=12744]
  0x00000650c4df8210 GCTaskThread "GC Thread#6" [stack: 0x0000002acb400000,0x0000002acb500000] [id=27804]
  0x00000650c4dce3e0 GCTaskThread "GC Thread#7" [stack: 0x0000002acb500000,0x0000002acb600000] [id=15392]
  0x00000650c5143a70 GCTaskThread "GC Thread#8" [stack: 0x0000002acb600000,0x0000002acb700000] [id=1632]
  0x00000650c513ad00 GCTaskThread "GC Thread#9" [stack: 0x0000002acb700000,0x0000002acb800000] [id=21468]
  0x0000022aa9ec0970 ConcurrentGCThread "G1 Main Marker" [stack: 0x0000002ac9400000,0x0000002ac9500000] [id=12824]
  0x0000022aa9ec1390 ConcurrentGCThread "G1 Conc#0" [stack: 0x0000002ac9500000,0x0000002ac9600000] [id=1608]
  0x00000650c54e0f10 ConcurrentGCThread "G1 Conc#1" [stack: 0x0000002acd200000,0x0000002acd300000] [id=24924]
  0x00000650c53e8020 ConcurrentGCThread "G1 Conc#2" [stack: 0x0000002acd300000,0x0000002acd400000] [id=29584]
  0x0000022aa9f3d090 ConcurrentGCThread "G1 Refine#0" [stack: 0x0000002ac9600000,0x0000002ac9700000] [id=21608]
  0x00000650c484dae0 ConcurrentGCThread "G1 Refine#1" [stack: 0x0000002acad00000,0x0000002acae00000] [id=16096]
  0x00000650c484cc30 ConcurrentGCThread "G1 Refine#2" [stack: 0x0000002acc200000,0x0000002acc300000] [id=32332]
  0x00000650c484d500 ConcurrentGCThread "G1 Refine#3" [stack: 0x0000002acc300000,0x0000002acc400000] [id=20452]
  0x00000650c484c650 ConcurrentGCThread "G1 Refine#4" [stack: 0x0000002acc400000,0x0000002acc500000] [id=10328]
  0x00000650c484d7f0 ConcurrentGCThread "G1 Refine#5" [stack: 0x0000002acc500000,0x0000002acc600000] [id=16436]
  0x00000650c484cf20 ConcurrentGCThread "G1 Refine#6" [stack: 0x0000002acc600000,0x0000002acc700000] [id=22392]
  0x00000650c484c070 ConcurrentGCThread "G1 Refine#7" [stack: 0x0000002acc700000,0x0000002acc800000] [id=12772]
  0x00000650c484d210 ConcurrentGCThread "G1 Refine#8" [stack: 0x0000002acc800000,0x0000002acc900000] [id=15692]
  0x00000650c484c360 ConcurrentGCThread "G1 Refine#9" [stack: 0x0000002acc900000,0x0000002acca00000] [id=25112]
  0x0000022aa9f3dac0 ConcurrentGCThread "G1 Service" [stack: 0x0000002ac9700000,0x0000002ac9800000] [id=22796]

Threads with active compile tasks:

VM state: not at safepoint (normal execution)

VM Mutex/Monitor currently owned by a thread: None

CDS archive(s) not mapped
Compressed class space mapped at: 0x0000000080000000-0x00000000c0000000, reserved size: 1073741824
Narrow klass base: 0x0000000000000000, Narrow klass shift: 0, Narrow klass range: 0xc0000000

GC Precious Log:
 CPUs: 12 total, 12 available
 Memory: 16254M
 Large Page Support: Disabled
 NUMA Support: Disabled
 Compressed Oops: Disabled
 Heap Region Size: 32M
 Heap Min Capacity: 32M
 Heap Initial Capacity: 256M
 Heap Max Capacity: 4096G
 Pre-touch: Disabled
 Parallel Workers: 10
 Concurrent Workers: 3
 Concurrent Refinement Workers: 10
 Periodic GC: Disabled

Heap:
 garbage-first heap   total 524288K, used 220735K [0x0000022aaa000000, 0x0000062aaa000000)
  region size 32768K, 2 young (65536K), 1 survivors (32768K)
 Metaspace       used 21367K, committed 21632K, reserved 1114112K
  class space    used 2184K, committed 2304K, reserved 1048576K

Heap Regions: E=young(eden), S=young(survivor), O=old, HS=humongous(starts), HC=humongous(continues), CS=collection set, F=free, OA=open archive, CA=closed archive, TAMS=top-at-mark-start (previous, next)
|   0|0x0000022aaa000000, 0x0000022aac000000, 0x0000022aac000000|100%| O|  |TAMS 0x0000022aac000000, 0x0000022aaa000000| Untracked 
|   1|0x0000022aac000000, 0x0000022aae000000, 0x0000022aae000000|100%|HS|  |TAMS 0x0000022aae000000, 0x0000022aac000000| Complete 
|   2|0x0000022aae000000, 0x0000022ab0000000, 0x0000022ab0000000|100%| O|  |TAMS 0x0000022ab0000000, 0x0000022aae000000| Complete 
|   3|0x0000022ab0000000, 0x0000022ab2000000, 0x0000022ab2000000|100%| O|  |TAMS 0x0000022ab2000000, 0x0000022ab0000000| Untracked 
|   4|0x0000022ab2000000, 0x0000022ab4000000, 0x0000022ab4000000|100%| O|  |TAMS 0x0000022ab4000000, 0x0000022ab2000000| Untracked 
|   5|0x0000022ab4000000, 0x0000022ab6000000, 0x0000022ab6000000|100%| O|  |TAMS 0x0000022ab6000000, 0x0000022ab4000000| Untracked 
|   6|0x0000022ab6000000, 0x0000022ab75c0200, 0x0000022ab8000000| 67%| O|  |TAMS 0x0000022ab626fe00, 0x0000022ab6000000| Untracked 
|   7|0x0000022ab8000000, 0x0000022ab8000000, 0x0000022aba000000|  0%| F|  |TAMS 0x0000022ab8000000, 0x0000022ab8000000| Untracked 
|   8|0x0000022aba000000, 0x0000022aba000000, 0x0000022abc000000|  0%| F|  |TAMS 0x0000022aba000000, 0x0000022aba000000| Untracked 
|   9|0x0000022abc000000, 0x0000022abc000000, 0x0000022abe000000|  0%| F|  |TAMS 0x0000022abc000000, 0x0000022abc000000| Untracked 
|  10|0x0000022abe000000, 0x0000022abe000000, 0x0000022ac0000000|  0%| F|  |TAMS 0x0000022abe000000, 0x0000022abe000000| Untracked 
|  11|0x0000022ac0000000, 0x0000022ac0000000, 0x0000022ac2000000|  0%| F|  |TAMS 0x0000022ac0000000, 0x0000022ac0000000| Untracked 
|  12|0x0000022ac2000000, 0x0000022ac2000000, 0x0000022ac4000000|  0%| F|  |TAMS 0x0000022ac2000000, 0x0000022ac2000000| Untracked 
|  13|0x0000022ac4000000, 0x0000022ac41cfb60, 0x0000022ac6000000|  5%| S|CS|TAMS 0x0000022ac4000000, 0x0000022ac4000000| Complete 
|  14|0x0000022ac6000000, 0x0000022ac6000000, 0x0000022ac8000000|  0%| F|  |TAMS 0x0000022ac6000000, 0x0000022ac6000000| Untracked 
|  15|0x0000022ac8000000, 0x0000022ac8dafef0, 0x0000022aca000000| 42%| E|  |TAMS 0x0000022ac8000000, 0x0000022ac8000000| Complete 

Card table byte_map: [0x0000062cb2010000,0x0000062eb2010000] _byte_map_base: 0x0000062b9cac0000

Marking Bits (Prev, Next): (CMBitMap*) 0x0000022a96d2e700, (CMBitMap*) 0x0000022a96d2e6c0
 Prev Bits: [0x00000640b2220000, 0x00000650b2220000)
 Next Bits: [0x00000630b2010000, 0x00000640b2010000)

Polling page: 0x0000022a96430000

Metaspace:

Usage:
  Non-class:     18.73 MB used.
      Class:      2.13 MB used.
       Both:     20.87 MB used.

Virtual space:
  Non-class space:       64.00 MB reserved,      18.88 MB ( 29%) committed,  1 nodes.
      Class space:        1.00 GB reserved,       2.25 MB ( <1%) committed,  1 nodes.
             Both:        1.06 GB reserved,      21.12 MB (  2%) committed. 

Chunk freelists:
   Non-Class:  12.96 MB
       Class:  13.74 MB
        Both:  26.70 MB

MaxMetaspaceSize: unlimited
CompressedClassSpaceSize: 1.00 GB
Initial GC threshold: 21.00 MB
Current GC threshold: 35.12 MB
CDS: off
MetaspaceReclaimPolicy: balanced
 - commit_granule_bytes: 65536.
 - commit_granule_words: 8192.
 - virtual_space_node_default_size: 8388608.
 - enlarge_chunks_in_place: 1.
 - new_chunks_are_fully_committed: 0.
 - uncommit_free_chunks: 1.
 - use_allocation_guard: 0.
 - handle_deallocations: 1.


Internal statistics:

num_allocs_failed_limit: 3.
num_arena_births: 238.
num_arena_deaths: 0.
num_vsnodes_births: 2.
num_vsnodes_deaths: 0.
num_space_committed: 338.
num_space_uncommitted: 0.
num_chunks_returned_to_freelist: 3.
num_chunks_taken_from_freelist: 351.
num_chunk_merges: 0.
num_chunk_splits: 197.
num_chunks_enlarged: 106.
num_inconsistent_stats: 0.

CodeHeap 'non-profiled nmethods': size=120000Kb used=871Kb max_used=871Kb free=119129Kb
 bounds [0x0000022aa22f0000, 0x0000022aa2560000, 0x0000022aa9820000]
CodeHeap 'profiled nmethods': size=120000Kb used=4202Kb max_used=4202Kb free=115797Kb
 bounds [0x0000022a9a820000, 0x0000022a9ac40000, 0x0000022aa1d50000]
CodeHeap 'non-nmethods': size=5760Kb used=1310Kb max_used=1340Kb free=4449Kb
 bounds [0x0000022aa1d50000, 0x0000022aa1fc0000, 0x0000022aa22f0000]
 total_blobs=2931 nmethods=2281 adapters=563
 compilation: enabled
              stopped_count=0, restarted_count=0
 full_count=0

Compilation events (20 events):
Event: 9.818 Thread 0x00000650b98b5030 nmethod 2271 0x0000022aa23c8e10 code [0x0000022aa23c8f80, 0x0000022aa23c8ff8]
Event: 9.818 Thread 0x00000650b98b59f0 nmethod 2272 0x0000022a9ac37b10 code [0x0000022a9ac37d00, 0x0000022a9ac383f8]
Event: 9.818 Thread 0x00000650b98b59f0 2273       3       sun.font.FileFontStrike::getGlyphImagePtrs (111 bytes)
Event: 9.819 Thread 0x00000650b98b59f0 nmethod 2273 0x0000022a9ac38690 code [0x0000022a9ac388a0, 0x0000022a9ac38f28]
Event: 9.869 Thread 0x00000650b98b59f0 2274       3       sun.java2d.pipe.RenderBuffer::position (11 bytes)
Event: 9.869 Thread 0x00000650b98b59f0 nmethod 2274 0x0000022a9ac39210 code [0x0000022a9ac393a0, 0x0000022a9ac394b8]
Event: 10.005 Thread 0x00000650b98b5030 2275  s    4       sun.java2d.opengl.OGLRenderQueue::getInstance (20 bytes)
Event: 10.006 Thread 0x00000650b98b5030 nmethod 2275 0x0000022aa23c9110 code [0x0000022aa23c92a0, 0x0000022aa23c9478]
Event: 10.021 Thread 0x00000650b98b5030 2276       4       sun.awt.AWTAutoShutdown::isReadyToShutdown (37 bytes)
Event: 10.021 Thread 0x00000650b98b5030 nmethod 2276 0x0000022aa23c9510 code [0x0000022aa23c96a0, 0x0000022aa23c9758]
Event: 10.049 Thread 0x00000650b98b5030 2277       4       jdk.internal.misc.Unsafe::putReferenceOpaque (9 bytes)
Event: 10.050 Thread 0x00000650b98b5030 nmethod 2277 0x0000022aa23c9890 code [0x0000022aa23c9a00, 0x0000022aa23c9b58]
Event: 10.141 Thread 0x00000650b98b59f0 2278       3       sun.java2d.SunGraphics2D::setDevClip (21 bytes)
Event: 10.141 Thread 0x00000650b98b59f0 nmethod 2278 0x0000022a9ac39590 code [0x0000022a9ac39740, 0x0000022a9ac398a8]
Event: 10.141 Thread 0x00000650b98b59f0 2279       3       sun.java2d.SunGraphics2D::setDevClip (45 bytes)
Event: 10.141 Thread 0x00000650b98b59f0 nmethod 2279 0x0000022a9ac39990 code [0x0000022a9ac39b60, 0x0000022a9ac39e28]
Event: 10.307 Thread 0x00000650b98b59f0 2280       3       java.util.concurrent.ConcurrentHashMap::values (25 bytes)
Event: 10.308 Thread 0x00000650b98b59f0 nmethod 2280 0x0000022a9ac39f90 code [0x0000022a9ac3a140, 0x0000022a9ac3a4d8]
Event: 10.308 Thread 0x00000650b98b59f0 2281       3       java.util.concurrent.ConcurrentHashMap$ValuesView::iterator (34 bytes)
Event: 10.308 Thread 0x00000650b98b59f0 nmethod 2281 0x0000022a9ac3a610 code [0x0000022a9ac3a7c0, 0x0000022a9ac3a9e8]

GC Heap History (20 events):
Event: 1.023 GC heap before
{Heap before GC invocations=0 (full 0):
 garbage-first heap   total 262144K, used 32768K [0x0000022aaa000000, 0x0000062aaa000000)
  region size 32768K, 1 young (32768K), 0 survivors (0K)
 Metaspace       used 15986K, committed 16192K, reserved 1114112K
  class space    used 1500K, committed 1600K, reserved 1048576K
}
Event: 1.033 GC heap after
{Heap after GC invocations=1 (full 0):
 garbage-first heap   total 262144K, used 6037K [0x0000022aaa000000, 0x0000062aaa000000)
  region size 32768K, 1 young (32768K), 1 survivors (32768K)
 Metaspace       used 15986K, committed 16192K, reserved 1114112K
  class space    used 1500K, committed 1600K, reserved 1048576K
}
Event: 1.136 GC heap before
{Heap before GC invocations=1 (full 0):
 garbage-first heap   total 262144K, used 6037K [0x0000022aaa000000, 0x0000062aaa000000)
  region size 32768K, 2 young (65536K), 1 survivors (32768K)
 Metaspace       used 16518K, committed 16768K, reserved 1114112K
  class space    used 1552K, committed 1664K, reserved 1048576K
}
Event: 1.144 GC heap after
{Heap after GC invocations=2 (full 0):
 garbage-first heap   total 262144K, used 15400K [0x0000022aaa000000, 0x0000062aaa000000)
  region size 32768K, 1 young (32768K), 1 survivors (32768K)
 Metaspace       used 16518K, committed 16768K, reserved 1114112K
  class space    used 1552K, committed 1664K, reserved 1048576K
}
Event: 1.434 GC heap before
{Heap before GC invocations=2 (full 0):
 garbage-first heap   total 262144K, used 48168K [0x0000022aaa000000, 0x0000062aaa000000)
  region size 32768K, 2 young (65536K), 1 survivors (32768K)
 Metaspace       used 16526K, committed 16768K, reserved 1114112K
  class space    used 1552K, committed 1664K, reserved 1048576K
}
Event: 1.451 GC heap after
{Heap after GC invocations=3 (full 0):
 garbage-first heap   total 262144K, used 31084K [0x0000022aaa000000, 0x0000062aaa000000)
  region size 32768K, 1 young (32768K), 1 survivors (32768K)
 Metaspace       used 16526K, committed 16768K, reserved 1114112K
  class space    used 1552K, committed 1664K, reserved 1048576K
}
Event: 1.483 GC heap before
{Heap before GC invocations=3 (full 0):
 garbage-first heap   total 262144K, used 31084K [0x0000022aaa000000, 0x0000062aaa000000)
  region size 32768K, 2 young (65536K), 1 survivors (32768K)
 Metaspace       used 16526K, committed 16768K, reserved 1114112K
  class space    used 1552K, committed 1664K, reserved 1048576K
}
Event: 1.496 GC heap after
{Heap after GC invocations=4 (full 0):
 garbage-first heap   total 262144K, used 47277K [0x0000022aaa000000, 0x0000062aaa000000)
  region size 32768K, 1 young (32768K), 1 survivors (32768K)
 Metaspace       used 16526K, committed 16768K, reserved 1114112K
  class space    used 1552K, committed 1664K, reserved 1048576K
}
Event: 1.669 GC heap before
{Heap before GC invocations=4 (full 0):
 garbage-first heap   total 262144K, used 80045K [0x0000022aaa000000, 0x0000062aaa000000)
  region size 32768K, 2 young (65536K), 1 survivors (32768K)
 Metaspace       used 16877K, committed 17152K, reserved 1114112K
  class space    used 1603K, committed 1728K, reserved 1048576K
}
Event: 1.685 GC heap after
{Heap after GC invocations=5 (full 0):
 garbage-first heap   total 262144K, used 106500K [0x0000022aaa000000, 0x0000062aaa000000)
  region size 32768K, 1 young (32768K), 1 survivors (32768K)
 Metaspace       used 16877K, committed 17152K, reserved 1114112K
  class space    used 1603K, committed 1728K, reserved 1048576K
}
Event: 1.716 GC heap before
{Heap before GC invocations=5 (full 0):
 garbage-first heap   total 262144K, used 106500K [0x0000022aaa000000, 0x0000062aaa000000)
  region size 32768K, 2 young (65536K), 1 survivors (32768K)
 Metaspace       used 16879K, committed 17152K, reserved 1114112K
  class space    used 1603K, committed 1728K, reserved 1048576K
}
Event: 1.734 GC heap after
{Heap after GC invocations=6 (full 0):
 garbage-first heap   total 524288K, used 140540K [0x0000022aaa000000, 0x0000062aaa000000)
  region size 32768K, 1 young (32768K), 1 survivors (32768K)
 Metaspace       used 16879K, committed 17152K, reserved 1114112K
  class space    used 1603K, committed 1728K, reserved 1048576K
}
Event: 2.038 GC heap before
{Heap before GC invocations=6 (full 0):
 garbage-first heap   total 524288K, used 173308K [0x0000022aaa000000, 0x0000062aaa000000)
  region size 32768K, 2 young (65536K), 1 survivors (32768K)
 Metaspace       used 16974K, committed 17216K, reserved 1114112K
  class space    used 1619K, committed 1728K, reserved 1048576K
}
Event: 2.054 GC heap after
{Heap after GC invocations=7 (full 0):
 garbage-first heap   total 524288K, used 164889K [0x0000022aaa000000, 0x0000062aaa000000)
  region size 32768K, 1 young (32768K), 1 survivors (32768K)
 Metaspace       used 16974K, committed 17216K, reserved 1114112K
  class space    used 1619K, committed 1728K, reserved 1048576K
}
Event: 2.397 GC heap before
{Heap before GC invocations=7 (full 0):
 garbage-first heap   total 524288K, used 197657K [0x0000022aaa000000, 0x0000062aaa000000)
  region size 32768K, 2 young (65536K), 1 survivors (32768K)
 Metaspace       used 16989K, committed 17216K, reserved 1114112K
  class space    used 1621K, committed 1728K, reserved 1048576K
}
Event: 2.419 GC heap after
{Heap after GC invocations=8 (full 0):
 garbage-first heap   total 524288K, used 198856K [0x0000022aaa000000, 0x0000062aaa000000)
  region size 32768K, 1 young (32768K), 1 survivors (32768K)
 Metaspace       used 16989K, committed 17216K, reserved 1114112K
  class space    used 1621K, committed 1728K, reserved 1048576K
}
Event: 6.128 GC heap before
{Heap before GC invocations=8 (full 0):
 garbage-first heap   total 524288K, used 231624K [0x0000022aaa000000, 0x0000062aaa000000)
  region size 32768K, 2 young (65536K), 1 survivors (32768K)
 Metaspace       used 21244K, committed 21504K, reserved 1114112K
  class space    used 2171K, committed 2304K, reserved 1048576K
}
Event: 6.140 GC heap after
{Heap after GC invocations=9 (full 0):
 garbage-first heap   total 524288K, used 218311K [0x0000022aaa000000, 0x0000062aaa000000)
  region size 32768K, 1 young (32768K), 1 survivors (32768K)
 Metaspace       used 21244K, committed 21504K, reserved 1114112K
  class space    used 2171K, committed 2304K, reserved 1048576K
}
Event: 6.502 GC heap before
{Heap before GC invocations=9 (full 0):
 garbage-first heap   total 524288K, used 218311K [0x0000022aaa000000, 0x0000062aaa000000)
  region size 32768K, 2 young (65536K), 1 survivors (32768K)
 Metaspace       used 21262K, committed 21504K, reserved 1114112K
  class space    used 2171K, committed 2304K, reserved 1048576K
}
Event: 6.512 GC heap after
{Heap after GC invocations=10 (full 0):
 garbage-first heap   total 524288K, used 220735K [0x0000022aaa000000, 0x0000062aaa000000)
  region size 32768K, 1 young (32768K), 1 survivors (32768K)
 Metaspace       used 21262K, committed 21504K, reserved 1114112K
  class space    used 2171K, committed 2304K, reserved 1048576K
}

Dll operation events (3 events):
Event: 0.006 Loaded shared library C:\Users\bader\.jdks\jbrsdk_jcef-17.0.9\bin\java.dll
Event: 0.086 Loaded shared library C:\Users\bader\.jdks\jbrsdk_jcef-17.0.9\bin\jsvml.dll
Event: 0.172 Loaded shared library C:\Users\bader\.jdks\jbrsdk_jcef-17.0.9\bin\zip.dll

Deoptimization events (20 events):
Event: 7.106 Thread 0x00000650c5026330 DEOPT PACKING pc=0x0000022aa23877c4 sp=0x0000002accafe1d0
Event: 7.106 Thread 0x00000650c5026330 DEOPT UNPACKING pc=0x0000022aa1da69a3 sp=0x0000002accafe0e8 mode 2
Event: 8.034 Thread 0x00000650c5026330 Uncommon trap: trap_request=0xffffffc6 fr.pc=0x0000022aa23bc378 relative=0x0000000000000598
Event: 8.034 Thread 0x00000650c5026330 Uncommon trap: reason=bimorphic_or_optimized_type_check action=maybe_recompile pc=0x0000022aa23bc378 method=java.util.HashMap.getNode(Ljava/lang/Object;)Ljava/util/HashMap$Node; @ 63 c2
Event: 8.034 Thread 0x00000650c5026330 DEOPT PACKING pc=0x0000022aa23bc378 sp=0x0000002accafe2c0
Event: 8.034 Thread 0x00000650c5026330 DEOPT UNPACKING pc=0x0000022aa1da69a3 sp=0x0000002accafe1d8 mode 2
Event: 8.152 Thread 0x00000650c5026330 Uncommon trap: trap_request=0xffffffc6 fr.pc=0x0000022aa23bc378 relative=0x0000000000000598
Event: 8.152 Thread 0x00000650c5026330 Uncommon trap: reason=bimorphic_or_optimized_type_check action=maybe_recompile pc=0x0000022aa23bc378 method=java.util.HashMap.getNode(Ljava/lang/Object;)Ljava/util/HashMap$Node; @ 63 c2
Event: 8.152 Thread 0x00000650c5026330 DEOPT PACKING pc=0x0000022aa23bc378 sp=0x0000002accafe1d0
Event: 8.152 Thread 0x00000650c5026330 DEOPT UNPACKING pc=0x0000022aa1da69a3 sp=0x0000002accafe0e8 mode 2
Event: 8.152 Thread 0x00000650c5026330 Uncommon trap: trap_request=0xffffffc6 fr.pc=0x0000022aa23bc378 relative=0x0000000000000598
Event: 8.152 Thread 0x00000650c5026330 Uncommon trap: reason=bimorphic_or_optimized_type_check action=maybe_recompile pc=0x0000022aa23bc378 method=java.util.HashMap.getNode(Ljava/lang/Object;)Ljava/util/HashMap$Node; @ 63 c2
Event: 8.152 Thread 0x00000650c5026330 DEOPT PACKING pc=0x0000022aa23bc378 sp=0x0000002accafe1d0
Event: 8.152 Thread 0x00000650c5026330 DEOPT UNPACKING pc=0x0000022aa1da69a3 sp=0x0000002accafe0e8 mode 2
Event: 8.152 Thread 0x00000650c5026330 Uncommon trap: trap_request=0xffffffc6 fr.pc=0x0000022aa23bc378 relative=0x0000000000000598
Event: 8.152 Thread 0x00000650c5026330 Uncommon trap: reason=bimorphic_or_optimized_type_check action=maybe_recompile pc=0x0000022aa23bc378 method=java.util.HashMap.getNode(Ljava/lang/Object;)Ljava/util/HashMap$Node; @ 63 c2
Event: 8.152 Thread 0x00000650c5026330 DEOPT PACKING pc=0x0000022aa23bc378 sp=0x0000002accafe2c0
Event: 8.152 Thread 0x00000650c5026330 DEOPT UNPACKING pc=0x0000022aa1da69a3 sp=0x0000002accafe1d8 mode 2
Event: 8.882 Thread 0x00000650c4fd6d10 DEOPT PACKING pc=0x0000022a9abfe50d sp=0x0000002accefeff0
Event: 8.882 Thread 0x00000650c4fd6d10 DEOPT UNPACKING pc=0x0000022aa1da7143 sp=0x0000002accefe578 mode 0

Classes unloaded (0 events):
No events

Classes redefined (0 events):
No events

Internal exceptions (20 events):
Event: 0.963 Thread 0x0000022a96c6fc20 Exception <a 'java/lang/NoSuchMethodError'{0x0000022ab972d740}: 'int java.lang.invoke.DirectMethodHandle$Holder.invokeStaticInit(java.lang.Object, java.lang.Object, java.lang.Object)'> (0x0000022ab972d740) 
thrown [s\src\hotspot\share\interpreter\linkResolver.cpp, line 771]
Event: 0.964 Thread 0x0000022a96c6fc20 Exception <a 'java/lang/NoSuchMethodError'{0x0000022ab9731ee0}: 'int java.lang.invoke.DirectMethodHandle$Holder.invokeStaticInit(java.lang.Object, int, int)'> (0x0000022ab9731ee0) 
thrown [s\src\hotspot\share\interpreter\linkResolver.cpp, line 771]
Event: 0.964 Thread 0x0000022a96c6fc20 Exception <a 'java/lang/NoSuchMethodError'{0x0000022ab973ba08}: 'int java.lang.invoke.DirectMethodHandle$Holder.invokeStaticInit(java.lang.Object, long, long)'> (0x0000022ab973ba08) 
thrown [s\src\hotspot\share\interpreter\linkResolver.cpp, line 771]
Event: 0.965 Thread 0x0000022a96c6fc20 Exception <a 'java/lang/NoSuchMethodError'{0x0000022ab97446f0}: 'int java.lang.invoke.DirectMethodHandle$Holder.invokeStaticInit(java.lang.Object, float, float)'> (0x0000022ab97446f0) 
thrown [s\src\hotspot\share\interpreter\linkResolver.cpp, line 771]
Event: 0.965 Thread 0x0000022a96c6fc20 Exception <a 'java/lang/NoSuchMethodError'{0x0000022ab974d3e0}: 'int java.lang.invoke.DirectMethodHandle$Holder.invokeStaticInit(java.lang.Object, double, double)'> (0x0000022ab974d3e0) 
thrown [s\src\hotspot\share\interpreter\linkResolver.cpp, line 771]
Event: 0.965 Thread 0x0000022a96c6fc20 Exception <a 'java/lang/NoSuchMethodError'{0x0000022ab9752eb0}: 'int java.lang.invoke.DirectMethodHandle$Holder.invokeStatic(java.lang.Object, long)'> (0x0000022ab9752eb0) 
thrown [s\src\hotspot\share\interpreter\linkResolver.cpp, line 771]
Event: 0.969 Thread 0x0000022a96c6fc20 Exception <a 'java/lang/NoSuchMethodError'{0x0000022ab97819a0}: 'int java.lang.invoke.Invokers$Holder.linkToTargetMethod(java.lang.Object, java.lang.Object)'> (0x0000022ab97819a0) 
thrown [s\src\hotspot\share\interpreter\linkResolver.cpp, line 771]
Event: 2.631 Thread 0x0000022a96c6fc20 Exception <a 'java/lang/NoSuchMethodError'{0x0000022ac8f24430}: 'void java.lang.invoke.DirectMethodHandle$Holder.invokeStaticInit(java.lang.Object)'> (0x0000022ac8f24430) 
thrown [s\src\hotspot\share\interpreter\linkResolver.cpp, line 771]
Event: 2.661 Thread 0x00000650c5026330 Exception <a 'java/lang/NoSuchMethodError'{0x0000022ac8fedb18}: 'void java.lang.invoke.DirectMethodHandle$Holder.invokeSpecial(java.lang.Object, java.lang.Object, java.lang.Object)'> (0x0000022ac8fedb18) 
thrown [s\src\hotspot\share\interpreter\linkResolver.cpp, line 771]
Event: 2.669 Thread 0x00000650c5026330 Exception <a 'java/lang/NoSuchMethodError'{0x0000022ac90264a0}: 'java.lang.Object java.lang.invoke.DirectMethodHandle$Holder.newInvokeSpecial(java.lang.Object, java.lang.Object, java.lang.Object, java.lang.Object, java.lang.Object)'> (0x0000022ac90264a0) 
thrown [s\src\hotspot\share\interpreter\linkResolver.cpp, line 771]
Event: 2.670 Thread 0x00000650c5026330 Exception <a 'java/lang/NoSuchMethodError'{0x0000022ac9034d60}: 'java.lang.Object java.lang.invoke.DirectMethodHandle$Holder.invokeStatic(java.lang.Object, int, java.lang.Object, java.lang.Object, java.lang.Object, java.lang.Object)'> (0x0000022ac9034d60) 
thrown [s\src\hotspot\share\interpreter\linkResolver.cpp, line 771]
Event: 2.699 Thread 0x00000650c5026330 Exception <a 'java/lang/ClassNotFoundException'{0x0000022ac91f7938}: com/sun/swing/internal/plaf/metal/resources/spi/metalProvider> (0x0000022ac91f7938) 
thrown [s\src\hotspot\share\classfile\systemDictionary.cpp, line 256]
Event: 2.700 Thread 0x00000650c5026330 Exception <a 'java/lang/ClassNotFoundException'{0x0000022ac91fd890}: com/sun/swing/internal/plaf/basic/resources/spi/basicProvider> (0x0000022ac91fd890) 
thrown [s\src\hotspot\share\classfile\systemDictionary.cpp, line 256]
Event: 2.703 Thread 0x00000650c5026330 Exception <a 'java/lang/NoSuchMethodError'{0x0000022ac9221f50}: 'java.lang.Object java.lang.invoke.Invokers$Holder.linkToTargetMethod(java.lang.Object, int, java.lang.Object, java.lang.Object, java.lang.Object)'> (0x0000022ac9221f50) 
thrown [s\src\hotspot\share\interpreter\linkResolver.cpp, line 771]
Event: 2.727 Thread 0x00000650c4dbc3d0 Exception <a 'java/lang/NoSuchMethodError'{0x0000022ac92d0a88}: 'void java.lang.invoke.DirectMethodHandle$Holder.invokeVirtual(java.lang.Object, java.lang.Object)'> (0x0000022ac92d0a88) 
thrown [s\src\hotspot\share\interpreter\linkResolver.cpp, line 771]
Event: 2.765 Thread 0x00000650c5026330 Exception <a 'java/lang/NoSuchMethodError'{0x0000022ac92a52a0}: 'java.lang.Object java.lang.invoke.DirectMethodHandle$Holder.newInvokeSpecial(java.lang.Object, java.lang.Object, int, int, int, int)'> (0x0000022ac92a52a0) 
thrown [s\src\hotspot\share\interpreter\linkResolver.cpp, line 771]
Event: 2.770 Thread 0x00000650c5026330 Exception <a 'java/lang/NoSuchMethodError'{0x0000022ac92b6ff0}: 'void java.lang.invoke.DirectMethodHandle$Holder.invokeSpecial(java.lang.Object, java.lang.Object, int, int)'> (0x0000022ac92b6ff0) 
thrown [s\src\hotspot\share\interpreter\linkResolver.cpp, line 771]
Event: 2.770 Thread 0x00000650c5026330 Exception <a 'java/lang/NoSuchMethodError'{0x0000022ac92bee58}: 'java.lang.Object java.lang.invoke.DirectMethodHandle$Holder.newInvokeSpecial(java.lang.Object, java.lang.Object, int, int)'> (0x0000022ac92bee58) 
thrown [s\src\hotspot\share\interpreter\linkResolver.cpp, line 771]
Event: 2.969 Thread 0x00000650c5026330 Exception <a 'java/lang/NoSuchMethodError'{0x0000022ac941ad40}: 'java.lang.Object java.lang.invoke.Invokers$Holder.invoke_MT(java.lang.Object, java.lang.Object, java.lang.Object)'> (0x0000022ac941ad40) 
thrown [s\src\hotspot\share\interpreter\linkResolver.cpp, line 771]
Event: 2.970 Thread 0x00000650c5026330 Exception <a 'java/lang/NoSuchMethodError'{0x0000022ac9429250}: 'int java.lang.invoke.Invokers$Holder.invoke_MT(java.lang.Object, java.lang.Object, java.lang.Object)'> (0x0000022ac9429250) 
thrown [s\src\hotspot\share\interpreter\linkResolver.cpp, line 771]

VM Operations (20 events):
Event: 3.883 Executing VM operation: HandshakeAllThreads
Event: 3.883 Executing VM operation: HandshakeAllThreads done
Event: 4.582 Executing VM operation: HandshakeAllThreads
Event: 4.582 Executing VM operation: HandshakeAllThreads done
Event: 5.583 Executing VM operation: Cleanup
Event: 5.583 Executing VM operation: Cleanup done
Event: 6.128 Executing VM operation: G1CollectForAllocation
Event: 6.140 Executing VM operation: G1CollectForAllocation done
Event: 6.502 Executing VM operation: CollectForMetadataAllocation
Event: 6.512 Executing VM operation: CollectForMetadataAllocation done
Event: 6.561 Executing VM operation: G1PauseRemark
Event: 6.563 Executing VM operation: G1PauseRemark done
Event: 6.577 Executing VM operation: G1PauseCleanup
Event: 6.577 Executing VM operation: G1PauseCleanup done
Event: 7.587 Executing VM operation: Cleanup
Event: 7.587 Executing VM operation: Cleanup done
Event: 8.594 Executing VM operation: Cleanup
Event: 8.594 Executing VM operation: Cleanup done
Event: 9.601 Executing VM operation: Cleanup
Event: 9.602 Executing VM operation: Cleanup done

Events (20 events):
Event: 6.961 loading class javax/swing/JComponent$IntVector done
Event: 6.961 loading class javax/swing/KeyboardManager
Event: 6.961 loading class javax/swing/KeyboardManager done
Event: 6.961 loading class javax/swing/Popup$HeavyWeightWindow
Event: 6.961 loading class sun/awt/ModalExclude
Event: 6.961 loading class sun/awt/ModalExclude done
Event: 6.961 loading class javax/swing/JWindow
Event: 6.962 loading class javax/swing/JWindow done
Event: 6.962 loading class javax/swing/Popup$HeavyWeightWindow done
Event: 10.307 Thread 0x00000650c4fd5de0 Thread added: 0x00000650c4fd5de0
Event: 10.307 Thread 0x00000650c4fd3560 Thread added: 0x00000650c4fd3560
Event: 10.307 Thread 0x00000650c4fd7c40 Thread added: 0x00000650c4fd7c40
Event: 10.307 loading class sun/font/SunFontManager$8$1
Event: 10.307 loading class java/util/WeakHashMap$KeyIterator
Event: 10.307 loading class sun/font/SunFontManager$8$1 done
Event: 10.307 loading class java/util/WeakHashMap$HashIterator
Event: 10.308 loading class java/util/WeakHashMap$HashIterator done
Event: 10.308 loading class java/util/WeakHashMap$KeyIterator done
Event: 10.308 Thread 0x00000650c4fd7c40 Thread exited: 0x00000650c4fd7c40
Event: 10.310 Thread 0x00000650c4fd3560 Thread exited: 0x00000650c4fd3560


Dynamic libraries:
0x00007ff61f330000 - 0x00007ff61f33a000 	C:\Users\bader\.jdks\jbrsdk_jcef-17.0.9\bin\java.exe
0x00007ffed6e90000 - 0x00007ffed7088000 	C:\Windows\SYSTEM32\ntdll.dll
0x00007ffed4f20000 - 0x00007ffed4fe2000 	C:\Windows\System32\KERNEL32.DLL
0x00007ffed4960000 - 0x00007ffed4c5e000 	C:\Windows\System32\KERNELBASE.dll
0x00007ffed4db0000 - 0x00007ffed4eb0000 	C:\Windows\System32\ucrtbase.dll
0x00007ffec22a0000 - 0x00007ffec22b7000 	C:\Users\bader\.jdks\jbrsdk_jcef-17.0.9\bin\jli.dll
0x00007ffec2250000 - 0x00007ffec226b000 	C:\Users\bader\.jdks\jbrsdk_jcef-17.0.9\bin\VCRUNTIME140.dll
0x00007ffed6bd0000 - 0x00007ffed6d6d000 	C:\Windows\System32\USER32.dll
0x00007ffed4650000 - 0x00007ffed4672000 	C:\Windows\System32\win32u.dll
0x00007ffeba210000 - 0x00007ffeba4aa000 	C:\Windows\WinSxS\amd64_microsoft.windows.common-controls_6595b64144ccf1df_6.0.19041.4355_none_60b8b9eb71f62e16\COMCTL32.dll
0x00007ffed61a0000 - 0x00007ffed61cb000 	C:\Windows\System32\GDI32.dll
0x00007ffed67d0000 - 0x00007ffed686e000 	C:\Windows\System32\msvcrt.dll
0x00007ffed4530000 - 0x00007ffed4647000 	C:\Windows\System32\gdi32full.dll
0x00007ffed4d10000 - 0x00007ffed4dad000 	C:\Windows\System32\msvcp_win.dll
0x00007ffed6100000 - 0x00007ffed612f000 	C:\Windows\System32\IMM32.DLL
0x00007ffecf590000 - 0x00007ffecf59c000 	C:\Users\bader\.jdks\jbrsdk_jcef-17.0.9\bin\vcruntime140_1.dll
0x00007ffeabc70000 - 0x00007ffeabcfd000 	C:\Users\bader\.jdks\jbrsdk_jcef-17.0.9\bin\msvcp140.dll
0x00007ffe85630000 - 0x00007ffe862b2000 	C:\Users\bader\.jdks\jbrsdk_jcef-17.0.9\bin\server\jvm.dll
0x00007ffed6d90000 - 0x00007ffed6e41000 	C:\Windows\System32\ADVAPI32.dll
0x00007ffed5e40000 - 0x00007ffed5edf000 	C:\Windows\System32\sechost.dll
0x00007ffed62a0000 - 0x00007ffed63c3000 	C:\Windows\System32\RPCRT4.dll
0x00007ffed4760000 - 0x00007ffed4787000 	C:\Windows\System32\bcrypt.dll
0x00007ffed3a60000 - 0x00007ffed3aab000 	C:\Windows\SYSTEM32\POWRPROF.dll
0x00007ffebb4b0000 - 0x00007ffebb4b9000 	C:\Windows\SYSTEM32\WSOCK32.dll
0x00007ffecd650000 - 0x00007ffecd65a000 	C:\Windows\SYSTEM32\VERSION.dll
0x00007ffeb9a40000 - 0x00007ffeb9a67000 	C:\Windows\SYSTEM32\WINMM.dll
0x00007ffed6090000 - 0x00007ffed60fb000 	C:\Windows\System32\WS2_32.dll
0x00007ffed3930000 - 0x00007ffed3942000 	C:\Windows\SYSTEM32\UMPDC.dll
0x00007ffed23b0000 - 0x00007ffed23c2000 	C:\Windows\SYSTEM32\kernel.appcore.dll
0x00007ffec2220000 - 0x00007ffec222a000 	C:\Users\bader\.jdks\jbrsdk_jcef-17.0.9\bin\jimage.dll
0x00007ffed1cc0000 - 0x00007ffed1ea4000 	C:\Windows\SYSTEM32\DBGHELP.DLL
0x00007ffec4470000 - 0x00007ffec44a4000 	C:\Windows\SYSTEM32\dbgcore.DLL
0x00007ffed46d0000 - 0x00007ffed4752000 	C:\Windows\System32\bcryptPrimitives.dll
0x00007ffecfd60000 - 0x00007ffecfd6e000 	C:\Users\bader\.jdks\jbrsdk_jcef-17.0.9\bin\instrument.dll
0x00007ffeac4c0000 - 0x00007ffeac4e5000 	C:\Users\bader\.jdks\jbrsdk_jcef-17.0.9\bin\java.dll
0x00007ffec2020000 - 0x00007ffec2038000 	C:\Users\bader\.jdks\jbrsdk_jcef-17.0.9\bin\zip.dll
0x00007ffeabb10000 - 0x00007ffeabbe7000 	C:\Users\bader\.jdks\jbrsdk_jcef-17.0.9\bin\jsvml.dll
0x00007ffed4ff0000 - 0x00007ffed575d000 	C:\Windows\System32\SHELL32.dll
0x00007ffed25b0000 - 0x00007ffed2d54000 	C:\Windows\SYSTEM32\windows.storage.dll
0x00007ffed6870000 - 0x00007ffed6bc3000 	C:\Windows\System32\combase.dll
0x00007ffed3f60000 - 0x00007ffed3f8e000 	C:\Windows\SYSTEM32\Wldp.dll
0x00007ffed61d0000 - 0x00007ffed629d000 	C:\Windows\System32\OLEAUT32.dll
0x00007ffed65c0000 - 0x00007ffed666d000 	C:\Windows\System32\SHCORE.dll
0x00007ffed6560000 - 0x00007ffed65b5000 	C:\Windows\System32\shlwapi.dll
0x00007ffed4460000 - 0x00007ffed4484000 	C:\Windows\SYSTEM32\profapi.dll
0x00007ffec1fb0000 - 0x00007ffec1fc9000 	C:\Users\bader\.jdks\jbrsdk_jcef-17.0.9\bin\net.dll
0x00007ffeccc80000 - 0x00007ffeccd8d000 	C:\Windows\SYSTEM32\WINHTTP.dll
0x00007ffed3cc0000 - 0x00007ffed3d2a000 	C:\Windows\system32\mswsock.dll
0x00007ffeb12e0000 - 0x00007ffeb12f6000 	C:\Users\bader\.jdks\jbrsdk_jcef-17.0.9\bin\nio.dll
0x00007ffecf4c0000 - 0x00007ffecf4da000 	C:\Program Files\JetBrains\IntelliJ IDEA Community Edition 2023.3.6\bin\breakgen64.dll
0x00007ffe7e380000 - 0x00007ffe7e51a000 	C:\Users\bader\.jdks\jbrsdk_jcef-17.0.9\bin\awt.dll
0x00007ffed20b0000 - 0x00007ffed20df000 	C:\Windows\SYSTEM32\dwmapi.dll
0x00007ffebdd40000 - 0x00007ffebdd84000 	C:\Users\bader\.jdks\jbrsdk_jcef-17.0.9\bin\nvdaControllerClient64.dll
0x00007ffecf1c0000 - 0x00007ffecf254000 	C:\Windows\SYSTEM32\apphelp.dll
0x00007ffeb81e0000 - 0x00007ffeb8308000 	C:\Windows\system32\opengl32.dll
0x00007ffeb7c60000 - 0x00007ffeb7c8c000 	C:\Windows\SYSTEM32\GLU32.dll
0x00007ffed1090000 - 0x00007ffed112e000 	C:\Windows\system32\uxtheme.dll
0x00007ffed5bd0000 - 0x00007ffed5ce5000 	C:\Windows\System32\MSCTF.dll
0x00007ffed5cf0000 - 0x00007ffed5d99000 	C:\Windows\System32\clbcatq.dll
0x00007ffe4e890000 - 0x00007ffe4f85a000 	C:\Windows\System32\DriverStore\FileRepository\iigd_dch.inf_amd64_5d54dd32fa1ef4d4\ig9icd64.dll
0x00007ffed6430000 - 0x00007ffed655b000 	C:\Windows\System32\ole32.dll
0x00007ffed2dc0000 - 0x00007ffed2eb6000 	C:\Windows\system32\dxgi.dll
0x00007ffec7a80000 - 0x00007ffec7cbf000 	C:\Windows\System32\DriverStore\FileRepository\iigd_dch.inf_amd64_5d54dd32fa1ef4d4\igdgmm64.dll
0x00007ffec4eb0000 - 0x00007ffec7a79000 	C:\Windows\System32\DriverStore\FileRepository\iigd_dch.inf_amd64_5d54dd32fa1ef4d4\igc64.dll
0x00007ffe6af50000 - 0x00007ffe6b35c000 	C:\Windows\System32\DriverStore\FileRepository\iigd_dch.inf_amd64_5d54dd32fa1ef4d4\igdml64.dll
0x00007ffed3ec0000 - 0x00007ffed3ed8000 	C:\Windows\SYSTEM32\CRYPTSP.dll
0x00007ffed3570000 - 0x00007ffed35a4000 	C:\Windows\system32\rsaenh.dll
0x00007ffed4420000 - 0x00007ffed444e000 	C:\Windows\SYSTEM32\USERENV.dll
0x00007ffed3eb0000 - 0x00007ffed3ebc000 	C:\Windows\SYSTEM32\CRYPTBASE.dll
0x00007ffed3950000 - 0x00007ffed398b000 	C:\Windows\SYSTEM32\IPHLPAPI.DLL
0x00007ffed5e30000 - 0x00007ffed5e38000 	C:\Windows\System32\NSI.dll
0x00007ffecc960000 - 0x00007ffecc977000 	C:\Windows\SYSTEM32\dhcpcsvc6.DLL
0x00007ffeccbf0000 - 0x00007ffeccc0d000 	C:\Windows\SYSTEM32\dhcpcsvc.DLL
0x00007ffed3990000 - 0x00007ffed3a5a000 	C:\Windows\SYSTEM32\DNSAPI.dll
0x00007ffebdcb0000 - 0x00007ffebdd37000 	C:\Users\bader\.jdks\jbrsdk_jcef-17.0.9\bin\freetype.dll
0x00007ffe864a0000 - 0x00007ffe86577000 	C:\Users\bader\.jdks\jbrsdk_jcef-17.0.9\bin\fontmanager.dll
0x00007ffecef10000 - 0x00007ffecef22000 	C:\Users\bader\.jdks\jbrsdk_jcef-17.0.9\bin\jsound.dll
0x00007ffeb9bf0000 - 0x00007ffeb9c8c000 	C:\Windows\SYSTEM32\DSOUND.dll
0x00007ffec02f0000 - 0x00007ffec0316000 	C:\Windows\SYSTEM32\winmmbase.dll
0x00007ffecce00000 - 0x00007ffecce85000 	C:\Windows\System32\MMDevApi.dll
0x00007ffed42c0000 - 0x00007ffed42f3000 	C:\Windows\System32\DEVOBJ.dll
0x00007ffed4680000 - 0x00007ffed46ce000 	C:\Windows\System32\cfgmgr32.dll
0x00007ffeb5080000 - 0x00007ffeb50c6000 	C:\Windows\SYSTEM32\wdmaud.drv
0x00007ffecf4e0000 - 0x00007ffecf4e9000 	C:\Windows\SYSTEM32\ksuser.dll
0x00007ffeced00000 - 0x00007ffeced0a000 	C:\Windows\SYSTEM32\AVRT.dll
0x00007ffecce90000 - 0x00007ffecd011000 	C:\Windows\SYSTEM32\AUDIOSES.DLL
0x00007ffeb5070000 - 0x00007ffeb507d000 	C:\Windows\SYSTEM32\msacm32.drv
0x00007ffeb5050000 - 0x00007ffeb506e000 	C:\Windows\SYSTEM32\MSACM32.dll
0x00007ffeb5040000 - 0x00007ffeb504b000 	C:\Windows\SYSTEM32\midimap.dll
0x00007ffed1fb0000 - 0x00007ffed1fc4000 	C:\Windows\SYSTEM32\resourcepolicyclient.dll
0x00007ffeb1a60000 - 0x00007ffeb1c05000 	C:\Windows\WinSxS\amd64_microsoft.windows.gdiplus_6595b64144ccf1df_1.1.19041.4597_none_91a78020cc854124\gdiplus.dll
0x00007ffebfdd0000 - 0x00007ffebfec9000 	C:\Windows\SYSTEM32\textinputframework.dll
0x00007ffece6e0000 - 0x00007ffecea3b000 	C:\Windows\System32\CoreUIComponents.dll
0x00007ffecea50000 - 0x00007ffeceb42000 	C:\Windows\System32\CoreMessaging.dll
0x00007ffed37c0000 - 0x00007ffed37f3000 	C:\Windows\SYSTEM32\ntmarta.dll
0x00007ffed12c0000 - 0x00007ffed1417000 	C:\Windows\SYSTEM32\wintypes.dll
0x00007ffeb7e70000 - 0x00007ffeb8165000 	C:\Windows\System32\uiautomationcore.dll
0x00007ffed1880000 - 0x00007ffed1976000 	C:\Windows\System32\PROPSYS.dll
0x00007ffeb8170000 - 0x00007ffeb81d6000 	C:\Windows\System32\OLEACC.dll
0x00007ffebfed0000 - 0x00007ffec000f000 	C:\Windows\System32\Windows.UI.dll
0x00007ffebfc70000 - 0x00007ffebfdc2000 	C:\Windows\System32\InputHost.dll
0x00007ffecbdf0000 - 0x00007ffecbe91000 	C:\Windows\System32\WindowManagementAPI.dll
0x00007ffecb4a0000 - 0x00007ffecb6a3000 	C:\Windows\SYSTEM32\twinapi.appcore.dll

dbghelp: loaded successfully - version: 4.0.5 - missing functions: none
symbol engine: initialized successfully - sym options: 0x614 - pdb path: .;C:\Users\bader\.jdks\jbrsdk_jcef-17.0.9\bin;C:\Windows\SYSTEM32;C:\Windows\WinSxS\amd64_microsoft.windows.common-controls_6595b64144ccf1df_6.0.19041.4355_none_60b8b9eb71f62e16;C:\Users\bader\.jdks\jbrsdk_jcef-17.0.9\bin\server;C:\Program Files\JetBrains\IntelliJ IDEA Community Edition 2023.3.6\bin;C:\Windows\System32\DriverStore\FileRepository\iigd_dch.inf_amd64_5d54dd32fa1ef4d4;C:\Windows\WinSxS\amd64_microsoft.windows.gdiplus_6595b64144ccf1df_1.1.19041.4597_none_91a78020cc854124

VM Arguments:
jvm_args: -Xmx3072g -Xmx4096g -Dsun.java2d.opengl=true -XX:ErrorFile=logs/hs_err_pid%p.log -javaagent:C:\Program Files\JetBrains\IntelliJ IDEA Community Edition 2023.3.6\lib\idea_rt.jar=62776:C:\Program Files\JetBrains\IntelliJ IDEA Community Edition 2023.3.6\bin -Dfile.encoding=UTF-8 
java_command: net.sendback.Main
java_class_path (initial): C:\Users\bader\OneDrive\Bureau\Idea\GTS_PRojekt\target\classes
Launcher Type: SUN_STANDARD

[Global flags]
     intx CICompilerCount                          = 4                                         {product} {ergonomic}
     uint ConcGCThreads                            = 3                                         {product} {ergonomic}
    ccstr ErrorFile                                = logs/hs_err_pid%p.log                     {product} {command line}
     uint G1ConcRefinementThreads                  = 10                                        {product} {ergonomic}
   size_t G1HeapRegionSize                         = 33554432                                  {product} {ergonomic}
    uintx GCDrainStackTargetSize                   = 64                                        {product} {ergonomic}
   size_t InitialHeapSize                          = 268435456                                 {product} {ergonomic}
   size_t MarkStackSize                            = 4194304                                   {product} {ergonomic}
   size_t MaxHeapSize                              = 4398046511104                             {product} {command line}
   size_t MaxNewSize                               = 2638821195776                             {product} {ergonomic}
   size_t MinHeapDeltaBytes                        = 33554432                                  {product} {ergonomic}
   size_t MinHeapSize                              = 33554432                                  {product} {ergonomic}
    uintx NonNMethodCodeHeapSize                   = 5839372                                {pd product} {ergonomic}
    uintx NonProfiledCodeHeapSize                  = 122909434                              {pd product} {ergonomic}
    uintx ProfiledCodeHeapSize                     = 122909434                              {pd product} {ergonomic}
    uintx ReservedCodeCacheSize                    = 251658240                              {pd product} {ergonomic}
     bool SegmentedCodeCache                       = true                                      {product} {ergonomic}
   size_t SoftMaxHeapSize                          = 4398046511104                          {manageable} {ergonomic}
     bool UseCompressedClassPointers               = true                           {product lp64_product} {ergonomic}
     bool UseG1GC                                  = true                                      {product} {ergonomic}
     bool UseLargePagesIndividualAllocation        = false                                  {pd product} {ergonomic}

Logging:
Log output configuration:
 #0: stdout all=warning uptime,level,tags
 #1: stderr all=off uptime,level,tags

Environment Variables:
PATH=C:\Program Files\Common Files\Oracle\Java\javapath;C:\Windows\system32;C:\Windows;C:\Windows\System32\Wbem;C:\Windows\System32\WindowsPowerShell\v1.0\;C:\Windows\System32\OpenSSH\;C:\Program Files (x86)\NVIDIA Corporation\PhysX\Common;C:\Program Files\dotnet\;C:\Users\bader\AppData\Local\Microsoft\WindowsApps;C:\Users\bader\AppData\Local\GitHubDesktop\bin
USERNAME=bader
OS=Windows_NT
PROCESSOR_IDENTIFIER=Intel64 Family 6 Model 158 Stepping 10, GenuineIntel
TMP=C:\Users\bader\AppData\Local\Temp
TEMP=C:\Users\bader\AppData\Local\Temp



Periodic native trim disabled

JNI global refs:
JNI global refs: 130, weak refs: 79

JNI global refs memory usage: 2107, weak refs: 2105

OOME stack traces (most recent first):
Classloader memory used:
Loader bootstrap                                                                       : 2644K
Loader jdk.internal.loader.ClassLoaders$AppClassLoader                                 : 26643B
Loader jdk.internal.loader.ClassLoaders$PlatformClassLoader                            : 764B


---------------  S Y S T E M  ---------------

OS:
 Windows 10 , 64 bit Build 19041 (10.0.19041.5072)
OS uptime: 7 days 5:40 hours

CPU: total 12 (initial active 12) (6 cores per cpu, 2 threads per core) family 6 model 158 stepping 10 microcode 0xf0, cx8, cmov, fxsr, ht, mmx, 3dnowpref, sse, sse2, sse3, ssse3, sse4.1, sse4.2, popcnt, lzcnt, tsc, tscinvbit, avx, avx2, aes, erms, clmul, bmi1, bmi2, adx, fma, vzeroupper, clflush, clflushopt
Processor Information for all 12 processors :
  Max Mhz: 2592, Current Mhz: 2592, Mhz Limit: 2592

Memory: 4k page, system-wide physical 16254M (3582M free)
TotalPageFile size 18942M (AvailPageFile size 2796M)
current process WorkingSet (physical memory assigned to process): 738M, peak: 738M
current process commit charge ("private bytes"): 978M, peak: 978M

vm_info: OpenJDK 64-Bit Server VM (17.0.9+8-b1166.2) for windows-amd64 JRE (17.0.9+8-b1166.2), built on 2024-01-13 by "builduser" with MS VC++ 16.10 / 16.11 (VS2019)

END.
