#
# A fatal error has been detected by the Java Runtime Environment:
#
#  EXCEPTION_ACCESS_VIOLATION (0xc0000005) at pc=0x00007ffe4f253c53, pid=21864, tid=11564
#
# JRE version: OpenJDK Runtime Environment JBR-17.0.9+8-1166.2-jcef (17.0.9+8) (build 17.0.9+8-b1166.2)
# Java VM: OpenJDK 64-Bit Server VM JBR-17.0.9+8-1166.2-jcef (17.0.9+8-b1166.2, mixed mode, tiered, compressed class ptrs, g1 gc, windows-amd64)
# Problematic frame:
# C  [ig9icd64.dll+0x9c3c53]
#
# No core dump will be written. Minidumps are not enabled by default on client versions of Windows
#
# If you would like to submit a bug report, please visit:
#   https://youtrack.jetbrains.com/issues/JBR
# The crash happened outside the Java Virtual Machine in native code.
# See problematic frame for where to report the bug.
#

---------------  S U M M A R Y ------------

Command Line: -Xmx3072g -Xmx4096g -Dsun.java2d.opengl=true -XX:ErrorFile=logs/hs_err_pid%p.log -javaagent:C:\Program Files\JetBrains\IntelliJ IDEA Community Edition 2023.3.6\lib\idea_rt.jar=62596:C:\Program Files\JetBrains\IntelliJ IDEA Community Edition 2023.3.6\bin -Dfile.encoding=UTF-8 net.sendback.Main

Host: Intel(R) Core(TM) i7-9750H CPU @ 2.60GHz, 12 cores, 15G,  Windows 10 , 64 bit Build 19041 (10.0.19041.5072)
Time: Sun Nov  3 21:07:25 2024 Mitteleuropäische Zeit elapsed time: 60.811071 seconds (0d 0h 1m 0s)

---------------  T H R E A D  ---------------

Current thread (0x0000062bb79dce00):  JavaThread "Java2D Queue Flusher" daemon [_thread_in_native, id=11564, stack(0x0000003cd8e00000,0x0000003cd8f00000)]

Stack: [0x0000003cd8e00000,0x0000003cd8f00000],  sp=0x0000003cd8efeb18,  free space=1018k
Native frames: (J=compiled Java code, j=interpreted, Vv=VM code, C=native code)
C  [ig9icd64.dll+0x9c3c53]

Java frames: (J=compiled Java code, j=interpreted, Vv=VM code)
J 2158  sun.java2d.opengl.OGLRenderQueue.flushBuffer(JI)V java.desktop (0 bytes) @ 0x00000205a03902db [0x00000205a03902a0+0x000000000000003b]
J 2156 c1 sun.java2d.opengl.OGLRenderQueue.flushBuffer()V java.desktop (41 bytes) @ 0x0000020598bd4204 [0x0000020598bd40e0+0x0000000000000124]
j  sun.java2d.opengl.OGLRenderQueue$QueueFlusher.run()V+81 java.desktop
j  java.lang.Thread.run()V+11 java.base@17.0.9
v  ~StubRoutines::call_stub

siginfo: EXCEPTION_ACCESS_VIOLATION (0xc0000005), reading address 0xffffffffffffffff


Registers:
RAX=0x000000000fff0fff, RBX=0x00007ffe4e890000, RCX=0x000000033fcf3fcc, RDX=0x0000003cd8eff030
RSP=0x0000003cd8efeb18, RBP=0x0000003cd8efec20, RSI=0x0000062bc26d3940, RDI=0x0000003cd8efee20
R8 =0x0000003cd8efec50, R9 =0x0000003cd8eff030, R10=0x0000003cd8efee20, R11=0x0000000000000000
R12=0x00007ffe4f6ba420, R13=0x0000000000000000, R14=0x0000000000000000, R15=0x00000000000001c1
RIP=0x00007ffe4f253c53, EFLAGS=0x0000000000010206


Register to memory mapping:

RIP=0x00007ffe4f253c53 ig9icd64.dll
RAX=0x000000000fff0fff is an unknown value
RBX=0x00007ffe4e890000 ig9icd64.dll
RCX=0x000000033fcf3fcc is an unknown value
RDX=0x0000003cd8eff030 is pointing into the stack for thread: 0x0000062bb79dce00
RSP=0x0000003cd8efeb18 is pointing into the stack for thread: 0x0000062bb79dce00
RBP=0x0000003cd8efec20 is pointing into the stack for thread: 0x0000062bb79dce00
RSI=0x0000062bc26d3940 points into unknown readable memory: 0x0000062bbc3a8dc0 | c0 8d 3a bc 2b 06 00 00
RDI=0x0000003cd8efee20 is pointing into the stack for thread: 0x0000062bb79dce00
R8 =0x0000003cd8efec50 is pointing into the stack for thread: 0x0000062bb79dce00
R9 =0x0000003cd8eff030 is pointing into the stack for thread: 0x0000062bb79dce00
R10=0x0000003cd8efee20 is pointing into the stack for thread: 0x0000062bb79dce00
R11=0x0 is NULL
R12=0x00007ffe4f6ba420 ig9icd64.dll
R13=0x0 is NULL
R14=0x0 is NULL
R15=0x00000000000001c1 is an unknown value


Top of Stack: (sp=0x0000003cd8efeb18)
0x0000003cd8efeb18:   00007ffe4f25138b 0000000000000001
0x0000003cd8efeb28:   0000000000000000 0000062bc31c4500
0x0000003cd8efeb38:   00007ffec7a82572 0000003c00000065
0x0000003cd8efeb48:   0000003cd8efed50 0000000000000000
0x0000003cd8efeb58:   0000062bc3557c90 0000000000000000
0x0000003cd8efeb68:   0000062bc32bdbe0 0000062bc31c4580
0x0000003cd8efeb78:   0000000000000fb0 0000000000000000
0x0000003cd8efeb88:   0000000000000000 0000003cd8efed00
0x0000003cd8efeb98:   00007ffe4eee9070 0000000000000000
0x0000003cd8efeba8:   0000000000000000 0000000000000000
0x0000003cd8efebb8:   0000000000000000 00002781e609da89
0x0000003cd8efebc8:   00007ffe4e8a64e5 0000062bc31c4580
0x0000003cd8efebd8:   0000000000004001 0000000000000200
0x0000003cd8efebe8:   00007ffed6ebb86b 0000000000170002
0x0000003cd8efebf8:   00000000000000af 0000062bc32af580
0x0000003cd8efec08:   0000000000000000 0000000000000000
0x0000003cd8efec18:   00007ffe4f251c62 0000000000000000
0x0000003cd8efec28:   0000020592b65ac0 0000003cd8efef20
0x0000003cd8efec38:   0000020592b60000 0000020592b602b4
0x0000003cd8efec48:   0000062bc3557c90 00007ffe4f55f020
0x0000003cd8efec58:   0000000e00000000 0000001a00000018
0x0000003cd8efec68:   00000fff00000000 437f0000437f0000
0x0000003cd8efec78:   437f0000437f0000 0000ff0000ff0000
0x0000003cd8efec88:   ff000000000000ff 0000000800000010
0x0000003cd8efec98:   0000001800000000 0000000000000000
0x0000003cd8efeca8:   0000000000000000 0000000000000000
0x0000003cd8efecb8:   0000000000000000 0000000000000000
0x0000003cd8efecc8:   0000000000000000 0000000000000000
0x0000003cd8efecd8:   0000000000000000 0000000000000000
0x0000003cd8efece8:   0000000000000000 0000000000000000
0x0000003cd8efecf8:   0000000000000000 0000000000000000
0x0000003cd8efed08:   0000000000000000 0000000000000000 

Instructions: (pc=0x00007ffe4f253c53)
0x00007ffe4f253b53:   a1 b6 30 00 48 89 51 08 48 89 01 8b 44 24 28 89
0x00007ffe4f253b63:   41 20 8b 44 24 30 89 41 24 48 8b c1 4c 89 41 10
0x00007ffe4f253b73:   4c 89 49 18 c3 cc cc cc cc cc cc cc cc 48 89 5c
0x00007ffe4f253b83:   24 08 8b 41 5c 48 8d 1d 71 c4 63 ff 41 89 40 08
0x00007ffe4f253b93:   4c 8b d1 8b 41 60 45 33 db 41 89 40 0c 4c 8b ca
0x00007ffe4f253ba3:   8b 41 64 41 89 40 10 8b 41 68 41 89 40 14 8b 41
0x00007ffe4f253bb3:   6c 41 89 40 18 8b 41 70 41 89 40 1c 48 63 41 74
0x00007ffe4f253bc3:   48 6b c8 34 8b 84 19 84 5f ee 00 41 89 40 20 8b
0x00007ffe4f253bd3:   84 19 88 5f ee 00 41 89 40 24 8b 84 19 8c 5f ee
0x00007ffe4f253be3:   00 41 89 40 28 8b 84 19 90 5f ee 00 41 89 40 2c
0x00007ffe4f253bf3:   8b 84 19 74 5f ee 00 41 89 40 30 8b 84 19 78 5f
0x00007ffe4f253c03:   ee 00 41 89 40 34 8b 84 19 7c 5f ee 00 41 89 40
0x00007ffe4f253c13:   38 8b 84 19 80 5f ee 00 41 89 40 3c 8b 84 19 64
0x00007ffe4f253c23:   5f ee 00 41 89 40 40 8b 84 19 68 5f ee 00 41 89
0x00007ffe4f253c33:   40 44 8b 84 19 6c 5f ee 00 41 89 40 48 8b 84 19
0x00007ffe4f253c43:   70 5f ee 00 41 89 40 4c 49 63 42 78 48 6b c8 34
0x00007ffe4f253c53:   8b 84 19 84 5f ee 00 41 89 40 50 8b 84 19 88 5f
0x00007ffe4f253c63:   ee 00 41 89 40 54 8b 84 19 8c 5f ee 00 41 89 40
0x00007ffe4f253c73:   58 8b 84 19 90 5f ee 00 41 89 40 5c 8b 84 19 74
0x00007ffe4f253c83:   5f ee 00 41 89 40 60 8b 84 19 78 5f ee 00 41 89
0x00007ffe4f253c93:   40 64 8b 84 19 7c 5f ee 00 41 89 40 68 8b 84 19
0x00007ffe4f253ca3:   80 5f ee 00 41 89 40 6c 8b 84 19 64 5f ee 00 41
0x00007ffe4f253cb3:   89 40 70 8b 84 19 68 5f ee 00 41 89 40 74 8b 84
0x00007ffe4f253cc3:   19 6c 5f ee 00 41 89 40 78 8b 84 19 70 5f ee 00
0x00007ffe4f253cd3:   41 89 40 7c 48 8b 42 18 8b 88 38 0b 00 00 f6 c1
0x00007ffe4f253ce3:   08 0f 84 86 00 00 00 8b 80 3c 0b 00 00 41 89 80
0x00007ffe4f253cf3:   80 00 00 00 48 8b 42 18 8b 88 40 0b 00 00 41 89
0x00007ffe4f253d03:   88 84 00 00 00 48 8b 42 18 8b 88 44 0b 00 00 41
0x00007ffe4f253d13:   89 88 88 00 00 00 48 8b 42 18 8b 88 48 0b 00 00
0x00007ffe4f253d23:   41 89 88 8c 00 00 00 48 8b 42 18 8b 88 4c 0b 00
0x00007ffe4f253d33:   00 41 89 88 90 00 00 00 48 8b 42 18 8b 88 50 0b
0x00007ffe4f253d43:   00 00 41 89 88 94 00 00 00 48 8b 42 18 8b 88 54 


Stack slot to memory mapping:
stack at sp + 0 slots: 0x00007ffe4f25138b ig9icd64.dll
stack at sp + 1 slots: 0x0000000000000001 is an unknown value
stack at sp + 2 slots: 0x0 is NULL
stack at sp + 3 slots: 0x0000062bc31c4500 points into unknown readable memory: 0x0000000000000000 | 00 00 00 00 00 00 00 00
stack at sp + 4 slots: 0x00007ffec7a82572 igdgmm64.dll
stack at sp + 5 slots: 0x0000003c00000065 is an unknown value
stack at sp + 6 slots: 0x0000003cd8efed50 is pointing into the stack for thread: 0x0000062bb79dce00
stack at sp + 7 slots: 0x0 is NULL


Compiled method (n/a)   60906 2158     n 0       sun.java2d.opengl.OGLRenderQueue::flushBuffer (native)
 total in heap  [0x00000205a0390110,0x00000205a03904a8] = 920
 relocation     [0x00000205a0390268,0x00000205a0390298] = 48
 main code      [0x00000205a03902a0,0x00000205a03904a8] = 520

[Constant Pool (empty)]

[MachCode]
[Entry Point]
  # {method} {0x0000062bb8acc308} 'flushBuffer' '(JI)V' in 'sun/java2d/opengl/OGLRenderQueue'
  # this:     rdx:rdx   = 'sun/java2d/opengl/OGLRenderQueue'
  # parm0:    r8:r8     = long
  # parm1:    r9        = int
  #           [sp+0x70]  (sp of caller)
  0x00000205a03902a0: 448b 5208 | 493b c20f | 840b 0000 

  0x00000205a03902ac: ;   {runtime_call ic_miss_stub}
  0x00000205a03902ac: 00e9 ce0d | 9eff 660f | 1f44 0000 
[Verified Entry Point]
  0x00000205a03902b8: 8984 2400 | 90ff ff55 | 488b ec48 | 83ec 6048 | 8954 2420 | 4883 fa00 | 488d 5424 | 2048 0f44 
  0x00000205a03902d8: 5424 20c5 

  0x00000205a03902dc: ;   {internal_word}
  0x00000205a03902dc: f877 49ba | db02 39a0 | 0502 0000 | 4d89 97a0 | 0200 0049 | 89a7 9802 

  0x00000205a03902f4: ;   {external_word}
  0x00000205a03902f4: 0000 49ba | 3d29 1c86 | fe7f 0000 | 4180 3a00 | 0f84 5200 | 0000 5241 

  0x00000205a039030c: ;   {metadata({method} {0x0000062bb8acc308} 'flushBuffer' '(JI)V' in 'sun/java2d/opengl/OGLRenderQueue')}
  0x00000205a039030c: 5041 5148 | ba00 c3ac | b82b 0600 | 0049 8bcf | 4883 ec20 | f7c4 0f00 | 0000 0f84 | 1a00 0000 
  0x00000205a039032c: 4883 ec08 

  0x00000205a0390330: ;   {runtime_call SharedRuntime::dtrace_method_entry}
  0x00000205a0390330: 49ba b0ea | d185 fe7f | 0000 41ff | d248 83c4 | 08e9 0d00 

  0x00000205a0390344: ;   {runtime_call SharedRuntime::dtrace_method_entry}
  0x00000205a0390344: 0000 49ba | b0ea d185 | fe7f 0000 | 41ff d248 | 83c4 2041 | 5941 585a | 498d 8fb8 | 0200 0041 
  0x00000205a0390364: c787 4803 | 0000 0400 

  0x00000205a039036c: ;   {runtime_call}
  0x00000205a039036c: 0000 49ba | 60fd 7082 | fe7f 0000 | 41ff d2c5 | f877 41c7 | 8748 0300 | 0005 0000 | 00f0 8344 
  0x00000205a039038c: 24c0 0049 | 3baf 5003 | 0000 0f87 | 1100 0000 | 4181 bf38 | 0300 0000 | 0000 000f | 8421 0000 
  0x00000205a03903ac: 00c5 f877 | 498b cf4c | 8be4 4883 | ec20 4883 

  0x00000205a03903bc: ;   {runtime_call JavaThread::check_special_condition_for_native_trans}
  0x00000205a03903bc: e4f0 49ba | f008 e285 | fe7f 0000 | 41ff d249 | 8be4 41c7 | 8748 0300 | 0008 0000 | 0041 81bf 
  0x00000205a03903dc: b803 0000 | 0200 0000 | 0f84 9b00 

  0x00000205a03903e8: ;   {external_word}
  0x00000205a03903e8: 0000 49ba | 3d29 1c86 | fe7f 0000 | 4180 3a00 | 0f84 4800 

  0x00000205a03903fc: ;   {metadata({method} {0x0000062bb8acc308} 'flushBuffer' '(JI)V' in 'sun/java2d/opengl/OGLRenderQueue')}
  0x00000205a03903fc: 0000 48ba | 00c3 acb8 | 2b06 0000 | 498b cf48 | 83ec 20f7 | c40f 0000 | 000f 841a | 0000 0048 
  0x00000205a039041c: ;   {runtime_call SharedRuntime::dtrace_method_entry}
  0x00000205a039041c: 83ec 0849 | bab0 ead1 | 85fe 7f00 | 0041 ffd2 | 4883 c408 | e90d 0000 

  0x00000205a0390434: ;   {runtime_call SharedRuntime::dtrace_method_entry}
  0x00000205a0390434: 0049 bab0 | ead1 85fe | 7f00 0041 | ffd2 4883 | c420 49c7 | 8798 0200 | 0000 0000 | 0049 c787 
  0x00000205a0390454: a002 0000 | 0000 0000 | c5f8 7749 | 8b8f d800 | 0000 c781 | 0001 0000 | 0000 0000 | c949 817f 
  0x00000205a0390474: 0800 0000 | 000f 8501 | 0000 00c3 

  0x00000205a0390480: ;   {runtime_call StubRoutines (1)}
  0x00000205a0390480: e97b 0a99 | ffc5 f877 | 4c8b e448 | 83ec 2048 

  0x00000205a0390490: ;   {runtime_call SharedRuntime::reguard_yellow_pages}
  0x00000205a0390490: 83e4 f049 | ba40 1bd2 | 85fe 7f00 | 0041 ffd2 | 498b e4e9 | 42ff ffff 
[/MachCode]


Compiled method (c1)   60986 2156       3       sun.java2d.opengl.OGLRenderQueue::flushBuffer (41 bytes)
 total in heap  [0x0000020598bd3f10,0x0000020598bd4558] = 1608
 relocation     [0x0000020598bd4068,0x0000020598bd40d0] = 104
 main code      [0x0000020598bd40e0,0x0000020598bd43c0] = 736
 stub code      [0x0000020598bd43c0,0x0000020598bd4418] = 88
 metadata       [0x0000020598bd4418,0x0000020598bd4440] = 40
 scopes data    [0x0000020598bd4440,0x0000020598bd4490] = 80
 scopes pcs     [0x0000020598bd4490,0x0000020598bd4530] = 160
 dependencies   [0x0000020598bd4530,0x0000020598bd4538] = 8
 nul chk table  [0x0000020598bd4538,0x0000020598bd4558] = 32

[Constant Pool (empty)]

[MachCode]
[Entry Point]
  # {method} {0x0000062bb8acc400} 'flushBuffer' '()V' in 'sun/java2d/opengl/OGLRenderQueue'
  #           [sp+0x70]  (sp of caller)
  0x0000020598bd40e0: 448b 5208 

  0x0000020598bd40e4: ;   {runtime_call ic_miss_stub}
  0x0000020598bd40e4: 4c3b d00f | 8593 cf19 | 0766 6666 | 0f1f 8400 | 0000 0000 | 6666 6690 | 0f1f 4000 
[Verified Entry Point]
  0x0000020598bd4100: 8984 2400 | 90ff ff55 | 4883 ec60 

  0x0000020598bd410c: ;   {metadata(method data for {method} {0x0000062bb8acc400} 'flushBuffer' '()V' in 'sun/java2d/opengl/OGLRenderQueue')}
  0x0000020598bd410c: 49b8 00cb | 2ab9 2b06 | 0000 458b | 88cc 0000 | 0041 83c1 | 0245 8988 | cc00 0000 | 4181 e1fe 
  0x0000020598bd412c: 0700 0041 | 83f9 000f | 84d6 0100 | 004c 8b42 | 1049 3b00 

  0x0000020598bd4140: ;   {metadata(method data for {method} {0x0000062bb8acc400} 'flushBuffer' '()V' in 'sun/java2d/opengl/OGLRenderQueue')}
  0x0000020598bd4140: 4d8b c848 | be00 cb2a | b92b 0600 | 0048 8386 | 1001 0000 

  0x0000020598bd4154: ;   {metadata(method data for {method} {0x0000062bb8ace6e0} 'position' '()I' in 'sun/java2d/pipe/RenderBuffer')}
  0x0000020598bd4154: 0149 b9e8 | 8e26 b92b | 0600 0041 | 8bb1 cc00 | 0000 83c6 | 0241 89b1 | cc00 0000 | 81e6 feff 
  0x0000020598bd4174: 1f00 83fe | 000f 84b6 | 0100 004d | 8b48 2049 | 8b70 104c | 2bce 458b | c941 83f9 

  0x0000020598bd4190: ;   {metadata(method data for {method} {0x0000062bb8acc400} 'flushBuffer' '()V' in 'sun/java2d/opengl/OGLRenderQueue')}
  0x0000020598bd4190: 0048 bf00 | cb2a b92b | 0600 0048 | bb48 0100 | 0000 0000 | 000f 8e0a | 0000 0048 | bb58 0100 
  0x0000020598bd41b0: 0000 0000 | 0048 8b04 | 1f48 8d40 | 0148 8904 | 1f0f 8e42 

  0x0000020598bd41c4: ;   {metadata(method data for {method} {0x0000062bb8acc400} 'flushBuffer' '()V' in 'sun/java2d/opengl/OGLRenderQueue')}
  0x0000020598bd41c4: 0000 0048 | bf00 cb2a | b92b 0600 | 0048 8387 | 6801 0000 | 014c 8bc2 

  0x0000020598bd41dc: ;   {metadata(method data for {method} {0x0000062bb8acc400} 'flushBuffer' '()V' in 'sun/java2d/opengl/OGLRenderQueue')}
  0x0000020598bd41dc: 48bf 00cb | 2ab9 2b06 | 0000 4883 | 87a0 0100 | 0001 4c8b | c648 8bf2 | 488b d648 | 8974 2450 
  0x0000020598bd41fc: ;   {optimized virtual_call}
  0x0000020598bd41fc: 6666 90e8 

  0x0000020598bd4200: ; ImmutableOopMap {[80]=Oop }
                      ;*invokevirtual flushBuffer {reexecute=0 rethrow=0 return_oop=0}
                      ; - sun.java2d.opengl.OGLRenderQueue::flushBuffer@21 (line 150)
  0x0000020598bd4200: b4c0 7b07 | 488b 5424 | 5048 8b72 | 1048 3b06 

  0x0000020598bd4210: ;   {metadata(method data for {method} {0x0000062bb8acc400} 'flushBuffer' '()V' in 'sun/java2d/opengl/OGLRenderQueue')}
  0x0000020598bd4210: 488b fe48 | bb00 cb2a | b92b 0600 | 0048 8383 | d801 0000 

  0x0000020598bd4224: ;   {metadata(method data for {method} {0x0000062bb8ace860} 'clear' '()V' in 'sun/java2d/pipe/RenderBuffer')}
  0x0000020598bd4224: 0148 bf88 | cd2a b92b | 0600 008b | 9fcc 0000 | 0083 c302 | 899f cc00 | 0000 81e3 | feff 1f00 
  0x0000020598bd4244: 83fb 000f | 840e 0100 | 0048 8b7e | 1048 897e | 2048 8b52 | 1848 3b02 

  0x0000020598bd425c: ;   {metadata(method data for {method} {0x0000062bb8acc400} 'flushBuffer' '()V' in 'sun/java2d/opengl/OGLRenderQueue')}
  0x0000020598bd425c: 488b f248 | bf00 cb2a | b92b 0600 | 008b 7608 | 483b b720 | 0200 0075 | 0d48 8387 | 2802 0000 
  0x0000020598bd427c: 01e9 6600 | 0000 483b | b730 0200 | 0075 0d48 | 8387 3802 | 0000 01e9 | 5000 0000 | 4881 bf20 
  0x0000020598bd429c: 0200 0000 | 0000 0075 | 1748 89b7 | 2002 0000 | 48c7 8728 | 0200 0001 | 0000 00e9 | 2c00 0000 
  0x0000020598bd42bc: 4881 bf30 | 0200 0000 | 0000 0075 | 1748 89b7 | 3002 0000 | 48c7 8738 | 0200 0001 | 0000 00e9 
  0x0000020598bd42dc: 0800 0000 | 4883 8710 | 0200 0001 | 0f1f 4400 | 0048 b828 | 4e07 8000 

  0x0000020598bd42f4: ;   {virtual_call}
  0x0000020598bd42f4: 0000 00e8 

  0x0000020598bd42f8: ; ImmutableOopMap {}
                      ;*invokeinterface clear {reexecute=0 rethrow=0 return_oop=0}
                      ; - sun.java2d.opengl.OGLRenderQueue::flushBuffer@35 (line 155)
  0x0000020598bd42f8: c4f4 ffff | 4883 c460 

  0x0000020598bd4300: ;   {poll_return}
  0x0000020598bd4300: 5d49 3ba7 | 5003 0000 | 0f87 7300 

  0x0000020598bd430c: ;   {metadata({method} {0x0000062bb8acc400} 'flushBuffer' '()V' in 'sun/java2d/opengl/OGLRenderQueue')}
  0x0000020598bd430c: 0000 c349 | baf8 c3ac | b82b 0600 | 004c 8954 | 2408 48c7 | 0424 ffff 

  0x0000020598bd4324: ;   {runtime_call counter_overflow Runtime1 stub}
  0x0000020598bd4324: ffff e855 

  0x0000020598bd4328: ; ImmutableOopMap {rdx=Oop }
                      ;*synchronization entry
                      ; - sun.java2d.opengl.OGLRenderQueue::flushBuffer@-1 (line 147)
  0x0000020598bd4328: 4e24 07e9 | 09fe ffff 

  0x0000020598bd4330: ;   {runtime_call throw_null_pointer_exception Runtime1 stub}
  0x0000020598bd4330: e86b fd23 

  0x0000020598bd4334: ; ImmutableOopMap {rdx=Oop r8=Oop }
                      ;*invokevirtual position {reexecute=0 rethrow=0 return_oop=0}
                      ; - sun.java2d.opengl.OGLRenderQueue::flushBuffer@4 (line 147)
                      ;   {metadata({method} {0x0000062bb8ace6e0} 'position' '()I' in 'sun/java2d/pipe/RenderBuffer')}
  0x0000020598bd4334: 0749 bad8 | e6ac b82b | 0600 004c | 8954 2408 | 48c7 0424 | ffff ffff 

  0x0000020598bd434c: ;   {runtime_call counter_overflow Runtime1 stub}
  0x0000020598bd434c: e82f 4e24 

  0x0000020598bd4350: ; ImmutableOopMap {rdx=Oop r8=Oop }
                      ;*synchronization entry
                      ; - sun.java2d.pipe.RenderBuffer::position@-1 (line 110)
                      ; - sun.java2d.opengl.OGLRenderQueue::flushBuffer@4 (line 147)
  0x0000020598bd4350: 07e9 29fe 

  0x0000020598bd4354: ;   {runtime_call throw_null_pointer_exception Runtime1 stub}
  0x0000020598bd4354: ffff e845 

  0x0000020598bd4358: ; ImmutableOopMap {rdx=Oop rsi=Oop }
                      ;*invokevirtual clear {reexecute=0 rethrow=0 return_oop=0}
                      ; - sun.java2d.opengl.OGLRenderQueue::flushBuffer@28 (line 153)
                      ;   {metadata({method} {0x0000062bb8ace860} 'clear' '()V' in 'sun/java2d/pipe/RenderBuffer')}
  0x0000020598bd4358: fd23 0749 | ba58 e8ac | b82b 0600 | 004c 8954 | 2408 48c7 | 0424 ffff 

  0x0000020598bd4370: ;   {runtime_call counter_overflow Runtime1 stub}
  0x0000020598bd4370: ffff e809 

  0x0000020598bd4374: ; ImmutableOopMap {rdx=Oop rsi=Oop }
                      ;*synchronization entry
                      ; - sun.java2d.pipe.RenderBuffer::clear@-1 (line 118)
                      ; - sun.java2d.opengl.OGLRenderQueue::flushBuffer@28 (line 153)
  0x0000020598bd4374: 4e24 07e9 | d1fe ffff 

  0x0000020598bd437c: ;   {runtime_call throw_null_pointer_exception Runtime1 stub}
  0x0000020598bd437c: e81f fd23 

  0x0000020598bd4380: ; ImmutableOopMap {rdx=Oop }
                      ;*invokeinterface clear {reexecute=0 rethrow=0 return_oop=0}
                      ; - sun.java2d.opengl.OGLRenderQueue::flushBuffer@35 (line 155)
                      ;   {internal_word}
  0x0000020598bd4380: 0749 ba01 | 43bd 9805 | 0200 004d | 8997 6803 

  0x0000020598bd4390: ;   {runtime_call SafepointBlob}
  0x0000020598bd4390: 0000 e969 | 361a 0790 | 9049 8b87 | e003 0000 | 49c7 87e0 | 0300 0000 | 0000 0049 | c787 e803 
  0x0000020598bd43b0: 0000 0000 | 0000 4883 

  0x0000020598bd43b8: ;   {runtime_call unwind_exception Runtime1 stub}
  0x0000020598bd43b8: c460 5de9 | 401d 1b07 
[Stub Code]
  0x0000020598bd43c0: ;   {no_reloc}
  0x0000020598bd43c0: 0f1f 4400 

  0x0000020598bd43c4: ;   {static_stub}
  0x0000020598bd43c4: 0048 bb00 | c3ac b82b 

  0x0000020598bd43cc: ;   {runtime_call I2C/C2I adapters}
  0x0000020598bd43cc: 0600 00e9 | 003f 1a07 

  0x0000020598bd43d4: ;   {static_stub}
  0x0000020598bd43d4: 9048 bb00 | 0000 0000 

  0x0000020598bd43dc: ;   {runtime_call}
  0x0000020598bd43dc: 0000 00e9 | fbff ffff 
[Exception Handler]
  0x0000020598bd43e4: ;   {runtime_call handle_exception_from_callee Runtime1 stub}
  0x0000020598bd43e4: e897 1a24 

  0x0000020598bd43e8: ;   {external_word}
  0x0000020598bd43e8: 0748 b990 | 6df6 85fe | 7f00 0048 

  0x0000020598bd43f4: ;   {runtime_call MacroAssembler::debug64}
  0x0000020598bd43f4: 83e4 f049 | ba30 dfbe | 85fe 7f00 | 0041 ffd2 

  0x0000020598bd4404: ;   {section_word}
  0x0000020598bd4404: f449 ba05 | 44bd 9805 | 0200 0041 

  0x0000020598bd4410: ;   {runtime_call DeoptimizationBlob}
  0x0000020598bd4410: 52e9 8a28 | 1a07 f4f4 
[/MachCode]


---------------  P R O C E S S  ---------------

Threads class SMR info:
_java_thread_list=0x0000062bc33230e0, length=27, elements={
0x0000062bb78680c0, 0x0000062bb7869080, 0x0000062bb7874070, 0x0000062bb78ab620,
0x0000062bb78ae000, 0x0000062bb78aebd0, 0x0000062bb78afcc0, 0x0000062bb78b0770,
0x0000062bb78b3180, 0x0000062bb79dc3e0, 0x0000062bb79dc8f0, 0x0000062bb79dbed0,
0x0000062bb79dce00, 0x0000062bb79da070, 0x0000062bb79dd820, 0x0000062bb79db4b0,
0x0000062bb79db9c0, 0x0000062bb79da580, 0x0000062bb79daa90, 0x0000062bb79dafa0,
0x0000062bc2e80820, 0x0000062bc2e7fe00, 0x0000062bc2e86d60, 0x0000062bc2e81240,
0x0000062bc2e86340, 0x0000062bc2e83fd0, 0x0000062bc2e82170
}

Java Threads: ( => current thread )
  0x0000062bb78680c0 JavaThread "Reference Handler" daemon [_thread_blocked, id=18160, stack(0x0000003cd8100000,0x0000003cd8200000)]
  0x0000062bb7869080 JavaThread "Finalizer" daemon [_thread_blocked, id=22980, stack(0x0000003cd8200000,0x0000003cd8300000)]
  0x0000062bb7874070 JavaThread "Signal Dispatcher" daemon [_thread_blocked, id=20344, stack(0x0000003cd8300000,0x0000003cd8400000)]
  0x0000062bb78ab620 JavaThread "Attach Listener" daemon [_thread_blocked, id=8904, stack(0x0000003cd8400000,0x0000003cd8500000)]
  0x0000062bb78ae000 JavaThread "Service Thread" daemon [_thread_blocked, id=32364, stack(0x0000003cd8500000,0x0000003cd8600000)]
  0x0000062bb78aebd0 JavaThread "Monitor Deflation Thread" daemon [_thread_blocked, id=21276, stack(0x0000003cd8600000,0x0000003cd8700000)]
  0x0000062bb78afcc0 JavaThread "C2 CompilerThread0" daemon [_thread_blocked, id=21688, stack(0x0000003cd8700000,0x0000003cd8800000)]
  0x0000062bb78b0770 JavaThread "C1 CompilerThread0" daemon [_thread_blocked, id=13504, stack(0x0000003cd8800000,0x0000003cd8900000)]
  0x0000062bb78b3180 JavaThread "Sweeper thread" daemon [_thread_blocked, id=11652, stack(0x0000003cd8900000,0x0000003cd8a00000)]
  0x0000062bb79dc3e0 JavaThread "Common-Cleaner" daemon [_thread_blocked, id=18496, stack(0x0000003cd8a00000,0x0000003cd8b00000)]
  0x0000062bb79dc8f0 JavaThread "Monitor Ctrl-Break" daemon [_thread_in_native, id=20804, stack(0x0000003cd8b00000,0x0000003cd8c00000)]
  0x0000062bb79dbed0 JavaThread "Notification Thread" daemon [_thread_blocked, id=20968, stack(0x0000003cd8c00000,0x0000003cd8d00000)]
=>0x0000062bb79dce00 JavaThread "Java2D Queue Flusher" daemon [_thread_in_native, id=11564, stack(0x0000003cd8e00000,0x0000003cd8f00000)]
  0x0000062bb79da070 JavaThread "Java2D Disposer" daemon [_thread_blocked, id=12884, stack(0x0000003cd9300000,0x0000003cd9400000)]
  0x0000062bb79dd820 JavaThread "AWT-Windows" daemon [_thread_in_native, id=21984, stack(0x0000003cd9600000,0x0000003cd9700000)]
  0x0000062bb79db4b0 JavaThread "Java Sound Event Dispatcher" daemon [_thread_blocked, id=18804, stack(0x0000003cda100000,0x0000003cda200000)]
  0x0000062bb79db9c0 JavaThread "Direct Clip" daemon [_thread_blocked, id=13228, stack(0x0000003cda400000,0x0000003cda500000)]
  0x0000062bb79da580 JavaThread "Direct Clip" daemon [_thread_blocked, id=28180, stack(0x0000003cda500000,0x0000003cda600000)]
  0x0000062bb79daa90 JavaThread "Direct Clip" daemon [_thread_blocked, id=4056, stack(0x0000003cda600000,0x0000003cda700000)]
  0x0000062bb79dafa0 JavaThread "Direct Clip" daemon [_thread_blocked, id=2640, stack(0x0000003cda700000,0x0000003cda800000)]
  0x0000062bc2e80820 JavaThread "Direct Clip" daemon [_thread_blocked, id=31880, stack(0x0000003cda800000,0x0000003cda900000)]
  0x0000062bc2e7fe00 JavaThread "AWT-Shutdown" [_thread_blocked, id=21280, stack(0x0000003cda900000,0x0000003cdaa00000)]
  0x0000062bc2e86d60 JavaThread "AWT-EventQueue-0" [_thread_blocked, id=24188, stack(0x0000003cdb200000,0x0000003cdb300000)]
  0x0000062bc2e81240 JavaThread "DestroyJavaVM" [_thread_blocked, id=24892, stack(0x0000003cd7a00000,0x0000003cd7b00000)]
  0x0000062bc2e86340 JavaThread "Thread-0" [_thread_blocked, id=30860, stack(0x0000003cdb600000,0x0000003cdb700000)]
  0x0000062bc2e83fd0 JavaThread "jhk" [_thread_in_vm, id=30908, stack(0x0000003cdb700000,0x0000003cdb800000)]
  0x0000062bc2e82170 JavaThread "ToolkitShutdown" daemon [_thread_in_native, id=7860, stack(0x0000003cd7700000,0x0000003cd7800000)]

Other Threads:
  0x0000062bb7860ac0 VMThread "VM Thread" [stack: 0x0000003cd8000000,0x0000003cd8100000] [id=19280]
  0x0000020594c3d9d0 WatcherThread [stack: 0x0000003cd8d00000,0x0000003cd8e00000] [id=30568]
  0x0000020594cfa6a0 GCTaskThread "GC Thread#0" [stack: 0x0000003cd7b00000,0x0000003cd7c00000] [id=13244]
  0x0000062bc2d7e020 GCTaskThread "GC Thread#1" [stack: 0x0000003cd9700000,0x0000003cd9800000] [id=640]
  0x0000062bc2d7e2e0 GCTaskThread "GC Thread#2" [stack: 0x0000003cd9800000,0x0000003cd9900000] [id=18564]
  0x0000062bc2d7e5a0 GCTaskThread "GC Thread#3" [stack: 0x0000003cd9900000,0x0000003cd9a00000] [id=13664]
  0x0000062bc2d7e860 GCTaskThread "GC Thread#4" [stack: 0x0000003cd9a00000,0x0000003cd9b00000] [id=31132]
  0x0000062bc2d46330 GCTaskThread "GC Thread#5" [stack: 0x0000003cd9b00000,0x0000003cd9c00000] [id=31740]
  0x0000062bc2d465f0 GCTaskThread "GC Thread#6" [stack: 0x0000003cd9c00000,0x0000003cd9d00000] [id=16044]
  0x0000062bc2d47bf0 GCTaskThread "GC Thread#7" [stack: 0x0000003cd9d00000,0x0000003cd9e00000] [id=23548]
  0x0000062bc2d468b0 GCTaskThread "GC Thread#8" [stack: 0x0000003cd9e00000,0x0000003cd9f00000] [id=21544]
  0x0000062bc2d46b70 GCTaskThread "GC Thread#9" [stack: 0x0000003cd9f00000,0x0000003cda000000] [id=26480]
  0x0000020594cfbd60 ConcurrentGCThread "G1 Main Marker" [stack: 0x0000003cd7c00000,0x0000003cd7d00000] [id=1680]
  0x0000020594cfc780 ConcurrentGCThread "G1 Conc#0" [stack: 0x0000003cd7d00000,0x0000003cd7e00000] [id=27928]
  0x0000062bc2d46070 ConcurrentGCThread "G1 Conc#1" [stack: 0x0000003cdb800000,0x0000003cdb900000] [id=1464]
  0x0000062bc2d470f0 ConcurrentGCThread "G1 Conc#2" [stack: 0x0000003cdb900000,0x0000003cdba00000] [id=3108]
  0x00000205a7f007f0 ConcurrentGCThread "G1 Refine#0" [stack: 0x0000003cd7e00000,0x0000003cd7f00000] [id=9116]
  0x0000062bc2d79060 ConcurrentGCThread "G1 Refine#1" [stack: 0x0000003cd9500000,0x0000003cd9600000] [id=23728]
  0x0000062bc2e6f3f0 ConcurrentGCThread "G1 Refine#2" [stack: 0x0000003cdaa00000,0x0000003cdab00000] [id=12824]
  0x0000062bc2eb6c90 ConcurrentGCThread "G1 Refine#3" [stack: 0x0000003cdab00000,0x0000003cdac00000] [id=12432]
  0x0000062bc2eb6f80 ConcurrentGCThread "G1 Refine#4" [stack: 0x0000003cdac00000,0x0000003cdad00000] [id=15916]
  0x0000062bc2eb7270 ConcurrentGCThread "G1 Refine#5" [stack: 0x0000003cdad00000,0x0000003cdae00000] [id=5152]
  0x0000062bc30b30a0 ConcurrentGCThread "G1 Refine#6" [stack: 0x0000003cdae00000,0x0000003cdaf00000] [id=10824]
  0x0000062bc30b3390 ConcurrentGCThread "G1 Refine#7" [stack: 0x0000003cdaf00000,0x0000003cdb000000] [id=1596]
  0x0000062bc30b3a90 ConcurrentGCThread "G1 Refine#8" [stack: 0x0000003cdb000000,0x0000003cdb100000] [id=30728]
  0x0000062bc3017030 ConcurrentGCThread "G1 Refine#9" [stack: 0x0000003cdb100000,0x0000003cdb200000] [id=21264]
  0x00000205a7f01220 ConcurrentGCThread "G1 Service" [stack: 0x0000003cd7f00000,0x0000003cd8000000] [id=15632]

Threads with active compile tasks:

VM state: not at safepoint (normal execution)

VM Mutex/Monitor currently owned by a thread: None

CDS archive(s) not mapped
Compressed class space mapped at: 0x0000000080000000-0x00000000c0000000, reserved size: 1073741824
Narrow klass base: 0x0000000000000000, Narrow klass shift: 0, Narrow klass range: 0xc0000000

GC Precious Log:
 CPUs: 12 total, 12 available
 Memory: 16254M
 Large Page Support: Disabled
 NUMA Support: Disabled
 Compressed Oops: Disabled
 Heap Region Size: 32M
 Heap Min Capacity: 32M
 Heap Initial Capacity: 256M
 Heap Max Capacity: 4096G
 Pre-touch: Disabled
 Parallel Workers: 10
 Concurrent Workers: 3
 Concurrent Refinement Workers: 10
 Periodic GC: Disabled

Heap:
 garbage-first heap   total 983040K, used 250901K [0x00000205a8000000, 0x00000605a8000000)
  region size 32768K, 3 young (98304K), 1 survivors (32768K)
 Metaspace       used 21389K, committed 21696K, reserved 1114112K
  class space    used 2187K, committed 2368K, reserved 1048576K

Heap Regions: E=young(eden), S=young(survivor), O=old, HS=humongous(starts), HC=humongous(continues), CS=collection set, F=free, OA=open archive, CA=closed archive, TAMS=top-at-mark-start (previous, next)
|   0|0x00000205a8000000, 0x00000205aa000000, 0x00000205aa000000|100%| O|  |TAMS 0x00000205aa000000, 0x00000205a8000000| Untracked 
|   1|0x00000205aa000000, 0x00000205ac000000, 0x00000205ac000000|100%|HS|  |TAMS 0x00000205ac000000, 0x00000205aa000000| Complete 
|   2|0x00000205ac000000, 0x00000205ae000000, 0x00000205ae000000|100%| O|  |TAMS 0x00000205ae000000, 0x00000205ac000000| Untracked 
|   3|0x00000205ae000000, 0x00000205b0000000, 0x00000205b0000000|100%| O|  |TAMS 0x00000205b0000000, 0x00000205ae000000| Untracked 
|   4|0x00000205b0000000, 0x00000205b2000000, 0x00000205b2000000|100%| O|  |TAMS 0x00000205b2000000, 0x00000205b0000000| Untracked 
|   5|0x00000205b2000000, 0x00000205b4000000, 0x00000205b4000000|100%| O|  |TAMS 0x00000205b4000000, 0x00000205b2000000| Untracked 
|   6|0x00000205b4000000, 0x00000205b541b200, 0x00000205b6000000| 62%| O|  |TAMS 0x00000205b41b9600, 0x00000205b4000000| Untracked 
|   7|0x00000205b6000000, 0x00000205b6000000, 0x00000205b8000000|  0%| F|  |TAMS 0x00000205b6000000, 0x00000205b6000000| Untracked 
|   8|0x00000205b8000000, 0x00000205b8000000, 0x00000205ba000000|  0%| F|  |TAMS 0x00000205b8000000, 0x00000205b8000000| Untracked 
|   9|0x00000205ba000000, 0x00000205ba000000, 0x00000205bc000000|  0%| F|  |TAMS 0x00000205ba000000, 0x00000205ba000000| Untracked 
|  10|0x00000205bc000000, 0x00000205bc000000, 0x00000205be000000|  0%| F|  |TAMS 0x00000205bc000000, 0x00000205bc000000| Untracked 
|  11|0x00000205be000000, 0x00000205be000000, 0x00000205c0000000|  0%| F|  |TAMS 0x00000205be000000, 0x00000205be000000| Untracked 
|  12|0x00000205c0000000, 0x00000205c0000000, 0x00000205c2000000|  0%| F|  |TAMS 0x00000205c0000000, 0x00000205c0000000| Untracked 
|  13|0x00000205c2000000, 0x00000205c2000000, 0x00000205c4000000|  0%| F|  |TAMS 0x00000205c2000000, 0x00000205c2000000| Untracked 
|  14|0x00000205c4000000, 0x00000205c4000000, 0x00000205c6000000|  0%| F|  |TAMS 0x00000205c4000000, 0x00000205c4000000| Untracked 
|  15|0x00000205c6000000, 0x00000205c6000000, 0x00000205c8000000|  0%| F|  |TAMS 0x00000205c6000000, 0x00000205c6000000| Untracked 
|  16|0x00000205c8000000, 0x00000205c8000000, 0x00000205ca000000|  0%| F|  |TAMS 0x00000205c8000000, 0x00000205c8000000| Untracked 
|  17|0x00000205ca000000, 0x00000205ca000000, 0x00000205cc000000|  0%| F|  |TAMS 0x00000205ca000000, 0x00000205ca000000| Untracked 
|  18|0x00000205cc000000, 0x00000205cc000000, 0x00000205ce000000|  0%| F|  |TAMS 0x00000205cc000000, 0x00000205cc000000| Untracked 
|  19|0x00000205ce000000, 0x00000205ce000000, 0x00000205d0000000|  0%| F|  |TAMS 0x00000205ce000000, 0x00000205ce000000| Untracked 
|  20|0x00000205d0000000, 0x00000205d0000000, 0x00000205d2000000|  0%| F|  |TAMS 0x00000205d0000000, 0x00000205d0000000| Untracked 
|  21|0x00000205d2000000, 0x00000205d2000000, 0x00000205d4000000|  0%| F|  |TAMS 0x00000205d2000000, 0x00000205d2000000| Untracked 
|  22|0x00000205d4000000, 0x00000205d4000000, 0x00000205d6000000|  0%| F|  |TAMS 0x00000205d4000000, 0x00000205d4000000| Untracked 
|  23|0x00000205d6000000, 0x00000205d6000000, 0x00000205d8000000|  0%| F|  |TAMS 0x00000205d6000000, 0x00000205d6000000| Untracked 
|  24|0x00000205d8000000, 0x00000205d80ea420, 0x00000205da000000|  2%| S|CS|TAMS 0x00000205d8000000, 0x00000205d8000000| Complete 
|  25|0x00000205da000000, 0x00000205da000000, 0x00000205dc000000|  0%| F|  |TAMS 0x00000205da000000, 0x00000205da000000| Untracked 
|  26|0x00000205dc000000, 0x00000205dc000000, 0x00000205de000000|  0%| F|  |TAMS 0x00000205dc000000, 0x00000205dc000000| Untracked 
|  27|0x00000205de000000, 0x00000205de000000, 0x00000205e0000000|  0%| F|  |TAMS 0x00000205de000000, 0x00000205de000000| Untracked 
|  30|0x00000205e4000000, 0x00000205e58f29b8, 0x00000205e6000000| 77%| E|  |TAMS 0x00000205e4000000, 0x00000205e4000000| Complete 
|  31|0x00000205e6000000, 0x00000205e8000000, 0x00000205e8000000|100%| E|CS|TAMS 0x00000205e6000000, 0x00000205e6000000| Complete 

Card table byte_map: [0x00000607b0010000,0x00000609b0010000] _byte_map_base: 0x00000606ad2d0000

Marking Bits (Prev, Next): (CMBitMap*) 0x0000020594cfad00, (CMBitMap*) 0x0000020594cfacc0
 Prev Bits: [0x0000061bb0220000, 0x0000062bb0220000)
 Next Bits: [0x0000060bb0010000, 0x0000061bb0010000)

Polling page: 0x0000020592a50000

Metaspace:

Usage:
  Non-class:     18.75 MB used.
      Class:      2.14 MB used.
       Both:     20.89 MB used.

Virtual space:
  Non-class space:       64.00 MB reserved,      18.88 MB ( 29%) committed,  1 nodes.
      Class space:        1.00 GB reserved,       2.31 MB ( <1%) committed,  1 nodes.
             Both:        1.06 GB reserved,      21.19 MB (  2%) committed. 

Chunk freelists:
   Non-Class:  12.97 MB
       Class:  13.74 MB
        Both:  26.71 MB

MaxMetaspaceSize: unlimited
CompressedClassSpaceSize: 1.00 GB
Initial GC threshold: 21.00 MB
Current GC threshold: 35.12 MB
CDS: off
MetaspaceReclaimPolicy: balanced
 - commit_granule_bytes: 65536.
 - commit_granule_words: 8192.
 - virtual_space_node_default_size: 8388608.
 - enlarge_chunks_in_place: 1.
 - new_chunks_are_fully_committed: 0.
 - uncommit_free_chunks: 1.
 - use_allocation_guard: 0.
 - handle_deallocations: 1.


Internal statistics:

num_allocs_failed_limit: 3.
num_arena_births: 238.
num_arena_deaths: 0.
num_vsnodes_births: 2.
num_vsnodes_deaths: 0.
num_space_committed: 339.
num_space_uncommitted: 0.
num_chunks_returned_to_freelist: 3.
num_chunks_taken_from_freelist: 359.
num_chunk_merges: 0.
num_chunk_splits: 202.
num_chunks_enlarged: 104.
num_inconsistent_stats: 0.

CodeHeap 'non-profiled nmethods': size=120000Kb used=1070Kb max_used=1070Kb free=118929Kb
 bounds [0x00000205a02c0000, 0x00000205a0530000, 0x00000205a77f0000]
CodeHeap 'profiled nmethods': size=120000Kb used=4407Kb max_used=4407Kb free=115592Kb
 bounds [0x00000205987f0000, 0x0000020598c40000, 0x000002059fd20000]
CodeHeap 'non-nmethods': size=5760Kb used=1308Kb max_used=1381Kb free=4451Kb
 bounds [0x000002059fd20000, 0x000002059ff90000, 0x00000205a02c0000]
 total_blobs=3025 nmethods=2376 adapters=562
 compilation: enabled
              stopped_count=0, restarted_count=0
 full_count=0

Compilation events (20 events):
Event: 55.607 Thread 0x0000062bb78afcc0 2367       4       jdk.internal.misc.Unsafe::copyMemory (33 bytes)
Event: 55.610 Thread 0x0000062bb78afcc0 nmethod 2367 0x00000205a03c8d10 code [0x00000205a03c8ea0, 0x00000205a03c9218]
Event: 55.722 Thread 0x0000062bb78b0770 2368       3       java.awt.AWTKeyStroke::equals (64 bytes)
Event: 55.722 Thread 0x0000062bb78b0770 nmethod 2368 0x0000020598c3c510 code [0x0000020598c3c6c0, 0x0000020598c3cb18]
Event: 55.886 Thread 0x0000062bb78afcc0 2369       4       java.util.HashMap::get (19 bytes)
Event: 55.891 Thread 0x0000062bb78afcc0 nmethod 2369 0x00000205a03c9610 code [0x00000205a03c97c0, 0x00000205a03c9e98]
Event: 56.366 Thread 0x0000062bb78b0770 2370       3       javax.swing.JComponent::getInputMap (143 bytes)
Event: 56.366 Thread 0x0000062bb78b0770 nmethod 2370 0x0000020598c3cc10 code [0x0000020598c3cea0, 0x0000020598c3da98]
Event: 56.366 Thread 0x0000062bb78b0770 2371       1       javax.swing.InputMap::getParent (5 bytes)
Event: 56.367 Thread 0x0000062bb78b0770 nmethod 2371 0x00000205a03ca290 code [0x00000205a03ca420, 0x00000205a03ca4f8]
Event: 56.598 Thread 0x0000062bb78afcc0 2372       4       java.awt.Component::getCursor_NoClientCode (30 bytes)
Event: 56.599 Thread 0x0000062bb78afcc0 nmethod 2372 0x00000205a03ca590 code [0x00000205a03ca720, 0x00000205a03ca7e8]
Event: 56.669 Thread 0x0000062bb78afcc0 2373       4       java.lang.Object::equals (11 bytes)
Event: 56.669 Thread 0x0000062bb78afcc0 nmethod 2373 0x00000205a03ca910 code [0x00000205a03caa80, 0x00000205a03caaf8]
Event: 56.820 Thread 0x0000062bb78afcc0 2374  s    4       java.awt.KeyboardFocusManager::getCurrentKeyboardFocusManager (32 bytes)
Event: 56.821 Thread 0x0000062bb78afcc0 nmethod 2374 0x00000205a03cac10 code [0x00000205a03cada0, 0x00000205a03cb088]
Event: 56.824 Thread 0x0000062bb78afcc0 2375       4       sun.awt.windows.WComponentPeer::preprocessPostEvent (1 bytes)
Event: 56.825 Thread 0x0000062bb78afcc0 nmethod 2375 0x00000205a03cb210 code [0x00000205a03cb380, 0x00000205a03cb3f8]
Event: 59.707 Thread 0x0000062bb78afcc0 2376  s    4       sun.awt.windows.WComponentPeer::getBackBuffer (22 bytes)
Event: 59.707 Thread 0x0000062bb78afcc0 nmethod 2376 0x00000205a03cb510 code [0x00000205a03cb680, 0x00000205a03cb838]

GC Heap History (20 events):
Event: 1.235 GC heap before
{Heap before GC invocations=1 (full 0):
 garbage-first heap   total 262144K, used 6111K [0x00000205a8000000, 0x00000605a8000000)
  region size 32768K, 2 young (65536K), 1 survivors (32768K)
 Metaspace       used 16499K, committed 16768K, reserved 1114112K
  class space    used 1552K, committed 1664K, reserved 1048576K
}
Event: 1.243 GC heap after
{Heap after GC invocations=2 (full 0):
 garbage-first heap   total 262144K, used 15364K [0x00000205a8000000, 0x00000605a8000000)
  region size 32768K, 1 young (32768K), 1 survivors (32768K)
 Metaspace       used 16499K, committed 16768K, reserved 1114112K
  class space    used 1552K, committed 1664K, reserved 1048576K
}
Event: 1.572 GC heap before
{Heap before GC invocations=2 (full 0):
 garbage-first heap   total 262144K, used 48132K [0x00000205a8000000, 0x00000605a8000000)
  region size 32768K, 2 young (65536K), 1 survivors (32768K)
 Metaspace       used 16507K, committed 16768K, reserved 1114112K
  class space    used 1552K, committed 1664K, reserved 1048576K
}
Event: 1.587 GC heap after
{Heap after GC invocations=3 (full 0):
 garbage-first heap   total 262144K, used 31220K [0x00000205a8000000, 0x00000605a8000000)
  region size 32768K, 1 young (32768K), 1 survivors (32768K)
 Metaspace       used 16507K, committed 16768K, reserved 1114112K
  class space    used 1552K, committed 1664K, reserved 1048576K
}
Event: 1.618 GC heap before
{Heap before GC invocations=3 (full 0):
 garbage-first heap   total 262144K, used 31220K [0x00000205a8000000, 0x00000605a8000000)
  region size 32768K, 2 young (65536K), 1 survivors (32768K)
 Metaspace       used 16507K, committed 16768K, reserved 1114112K
  class space    used 1552K, committed 1664K, reserved 1048576K
}
Event: 1.631 GC heap after
{Heap after GC invocations=4 (full 0):
 garbage-first heap   total 262144K, used 47288K [0x00000205a8000000, 0x00000605a8000000)
  region size 32768K, 1 young (32768K), 1 survivors (32768K)
 Metaspace       used 16507K, committed 16768K, reserved 1114112K
  class space    used 1552K, committed 1664K, reserved 1048576K
}
Event: 1.788 GC heap before
{Heap before GC invocations=4 (full 0):
 garbage-first heap   total 262144K, used 80056K [0x00000205a8000000, 0x00000605a8000000)
  region size 32768K, 2 young (65536K), 1 survivors (32768K)
 Metaspace       used 16860K, committed 17024K, reserved 1114112K
  class space    used 1604K, committed 1664K, reserved 1048576K
}
Event: 1.803 GC heap after
{Heap after GC invocations=5 (full 0):
 garbage-first heap   total 524288K, used 89121K [0x00000205a8000000, 0x00000605a8000000)
  region size 32768K, 1 young (32768K), 1 survivors (32768K)
 Metaspace       used 16860K, committed 17024K, reserved 1114112K
  class space    used 1604K, committed 1664K, reserved 1048576K
}
Event: 1.862 GC heap before
{Heap before GC invocations=5 (full 0):
 garbage-first heap   total 524288K, used 89121K [0x00000205a8000000, 0x00000605a8000000)
  region size 32768K, 2 young (65536K), 1 survivors (32768K)
 Metaspace       used 16863K, committed 17088K, reserved 1114112K
  class space    used 1604K, committed 1664K, reserved 1048576K
}
Event: 1.880 GC heap after
{Heap after GC invocations=6 (full 0):
 garbage-first heap   total 524288K, used 146853K [0x00000205a8000000, 0x00000605a8000000)
  region size 32768K, 1 young (32768K), 1 survivors (32768K)
 Metaspace       used 16863K, committed 17088K, reserved 1114112K
  class space    used 1604K, committed 1664K, reserved 1048576K
}
Event: 2.118 GC heap before
{Heap before GC invocations=6 (full 0):
 garbage-first heap   total 524288K, used 179621K [0x00000205a8000000, 0x00000605a8000000)
  region size 32768K, 2 young (65536K), 1 survivors (32768K)
 Metaspace       used 16957K, committed 17152K, reserved 1114112K
  class space    used 1619K, committed 1728K, reserved 1048576K
}
Event: 2.132 GC heap after
{Heap after GC invocations=7 (full 0):
 garbage-first heap   total 524288K, used 165118K [0x00000205a8000000, 0x00000605a8000000)
  region size 32768K, 1 young (32768K), 1 survivors (32768K)
 Metaspace       used 16957K, committed 17152K, reserved 1114112K
  class space    used 1619K, committed 1728K, reserved 1048576K
}
Event: 2.471 GC heap before
{Heap before GC invocations=7 (full 0):
 garbage-first heap   total 524288K, used 197886K [0x00000205a8000000, 0x00000605a8000000)
  region size 32768K, 2 young (65536K), 1 survivors (32768K)
 Metaspace       used 16972K, committed 17216K, reserved 1114112K
  class space    used 1621K, committed 1728K, reserved 1048576K
}
Event: 2.489 GC heap after
{Heap after GC invocations=8 (full 0):
 garbage-first heap   total 524288K, used 198104K [0x00000205a8000000, 0x00000605a8000000)
  region size 32768K, 1 young (32768K), 1 survivors (32768K)
 Metaspace       used 16972K, committed 17216K, reserved 1114112K
  class space    used 1621K, committed 1728K, reserved 1048576K
}
Event: 6.864 GC heap before
{Heap before GC invocations=8 (full 0):
 garbage-first heap   total 524288K, used 230872K [0x00000205a8000000, 0x00000605a8000000)
  region size 32768K, 2 young (65536K), 1 survivors (32768K)
 Metaspace       used 21203K, committed 21504K, reserved 1114112K
  class space    used 2168K, committed 2304K, reserved 1048576K
}
Event: 6.878 GC heap after
{Heap after GC invocations=9 (full 0):
 garbage-first heap   total 1048576K, used 217194K [0x00000205a8000000, 0x00000605a8000000)
  region size 32768K, 1 young (32768K), 1 survivors (32768K)
 Metaspace       used 21203K, committed 21504K, reserved 1114112K
  class space    used 2168K, committed 2304K, reserved 1048576K
}
Event: 8.993 GC heap before
{Heap before GC invocations=9 (full 0):
 garbage-first heap   total 1048576K, used 217194K [0x00000205a8000000, 0x00000605a8000000)
  region size 32768K, 2 young (65536K), 1 survivors (32768K)
 Metaspace       used 21256K, committed 21504K, reserved 1114112K
  class space    used 2168K, committed 2304K, reserved 1048576K
}
Event: 9.002 GC heap after
{Heap after GC invocations=10 (full 0):
 garbage-first heap   total 1048576K, used 219070K [0x00000205a8000000, 0x00000605a8000000)
  region size 32768K, 1 young (32768K), 1 survivors (32768K)
 Metaspace       used 21256K, committed 21504K, reserved 1114112K
  class space    used 2168K, committed 2304K, reserved 1048576K
}
Event: 49.299 GC heap before
{Heap before GC invocations=11 (full 0):
 garbage-first heap   total 983040K, used 350142K [0x00000205a8000000, 0x00000605a8000000)
  region size 32768K, 5 young (163840K), 1 survivors (32768K)
 Metaspace       used 21373K, committed 21632K, reserved 1114112K
  class space    used 2184K, committed 2304K, reserved 1048576K
}
Event: 49.303 GC heap after
{Heap after GC invocations=12 (full 0):
 garbage-first heap   total 983040K, used 218133K [0x00000205a8000000, 0x00000605a8000000)
  region size 32768K, 1 young (32768K), 1 survivors (32768K)
 Metaspace       used 21373K, committed 21632K, reserved 1114112K
  class space    used 2184K, committed 2304K, reserved 1048576K
}

Dll operation events (3 events):
Event: 0.008 Loaded shared library C:\Users\bader\.jdks\jbrsdk_jcef-17.0.9\bin\java.dll
Event: 0.094 Loaded shared library C:\Users\bader\.jdks\jbrsdk_jcef-17.0.9\bin\jsvml.dll
Event: 0.194 Loaded shared library C:\Users\bader\.jdks\jbrsdk_jcef-17.0.9\bin\zip.dll

Deoptimization events (20 events):
Event: 15.375 Thread 0x0000062bc2e86340 Uncommon trap: trap_request=0xffffffde fr.pc=0x00000205a0382c14 relative=0x0000000000000154
Event: 15.375 Thread 0x0000062bc2e86340 Uncommon trap: reason=class_check action=maybe_recompile pc=0x00000205a0382c14 method=sun.java2d.SurfaceDataProxy.replaceData(Lsun/java2d/SurfaceData;ILsun/java2d/loops/CompositeType;Ljava/awt/Color;)Lsun/java2d/SurfaceData; @ 108 c2
Event: 15.375 Thread 0x0000062bc2e86340 DEOPT PACKING pc=0x00000205a0382c14 sp=0x0000003cdb6ff100
Event: 15.375 Thread 0x0000062bc2e86340 DEOPT UNPACKING pc=0x000002059fd769a3 sp=0x0000003cdb6ff058 mode 2
Event: 16.088 Thread 0x0000062bc2e86340 Uncommon trap: trap_request=0xffffff45 fr.pc=0x00000205a03ad128 relative=0x0000000000000988
Event: 16.088 Thread 0x0000062bc2e86340 Uncommon trap: reason=unstable_if action=reinterpret pc=0x00000205a03ad128 method=net.sendback.util.components.GameCanvas.getTexture([[Lnet/sendback/objects/Tile;II)Ljava/awt/image/BufferedImage; @ 357 c2
Event: 16.088 Thread 0x0000062bc2e86340 DEOPT PACKING pc=0x00000205a03ad128 sp=0x0000003cdb6ff2d0
Event: 16.088 Thread 0x0000062bc2e86340 DEOPT UNPACKING pc=0x000002059fd769a3 sp=0x0000003cdb6ff258 mode 2
Event: 52.531 Thread 0x0000062bc2e86d60 Uncommon trap: trap_request=0xffffffde fr.pc=0x00000205a0354844 relative=0x0000000000000504
Event: 52.531 Thread 0x0000062bc2e86d60 Uncommon trap: reason=class_check action=maybe_recompile pc=0x00000205a0354844 method=java.util.HashMap.getNode(Ljava/lang/Object;)Ljava/util/HashMap$Node; @ 128 c2
Event: 52.531 Thread 0x0000062bc2e86d60 DEOPT PACKING pc=0x00000205a0354844 sp=0x0000003cdb2fe440
Event: 52.531 Thread 0x0000062bc2e86d60 DEOPT UNPACKING pc=0x000002059fd769a3 sp=0x0000003cdb2fe358 mode 2
Event: 52.531 Thread 0x0000062bc2e86d60 Uncommon trap: trap_request=0xffffffde fr.pc=0x00000205a0354844 relative=0x0000000000000504
Event: 52.531 Thread 0x0000062bc2e86d60 Uncommon trap: reason=class_check action=maybe_recompile pc=0x00000205a0354844 method=java.util.HashMap.getNode(Ljava/lang/Object;)Ljava/util/HashMap$Node; @ 128 c2
Event: 52.531 Thread 0x0000062bc2e86d60 DEOPT PACKING pc=0x00000205a0354844 sp=0x0000003cdb2fe320
Event: 52.531 Thread 0x0000062bc2e86d60 DEOPT UNPACKING pc=0x000002059fd769a3 sp=0x0000003cdb2fe238 mode 2
Event: 52.532 Thread 0x0000062bc2e86d60 Uncommon trap: trap_request=0xffffffde fr.pc=0x00000205a0321a48 relative=0x0000000000000508
Event: 52.532 Thread 0x0000062bc2e86d60 Uncommon trap: reason=class_check action=maybe_recompile pc=0x00000205a0321a48 method=java.util.HashMap.getNode(Ljava/lang/Object;)Ljava/util/HashMap$Node; @ 128 c2
Event: 52.532 Thread 0x0000062bc2e86d60 DEOPT PACKING pc=0x00000205a0321a48 sp=0x0000003cdb2fe2d0
Event: 52.532 Thread 0x0000062bc2e86d60 DEOPT UNPACKING pc=0x000002059fd769a3 sp=0x0000003cdb2fe258 mode 2

Classes unloaded (0 events):
No events

Classes redefined (0 events):
No events

Internal exceptions (20 events):
Event: 1.060 Thread 0x0000020594c3cc00 Exception <a 'java/lang/NoSuchMethodError'{0x00000205b788d878}: 'int java.lang.invoke.DirectMethodHandle$Holder.invokeStaticInit(java.lang.Object, float, float)'> (0x00000205b788d878) 
thrown [s\src\hotspot\share\interpreter\linkResolver.cpp, line 771]
Event: 1.060 Thread 0x0000020594c3cc00 Exception <a 'java/lang/NoSuchMethodError'{0x00000205b7896568}: 'int java.lang.invoke.DirectMethodHandle$Holder.invokeStaticInit(java.lang.Object, double, double)'> (0x00000205b7896568) 
thrown [s\src\hotspot\share\interpreter\linkResolver.cpp, line 771]
Event: 1.061 Thread 0x0000020594c3cc00 Exception <a 'java/lang/NoSuchMethodError'{0x00000205b789c038}: 'int java.lang.invoke.DirectMethodHandle$Holder.invokeStatic(java.lang.Object, long)'> (0x00000205b789c038) 
thrown [s\src\hotspot\share\interpreter\linkResolver.cpp, line 771]
Event: 1.065 Thread 0x0000020594c3cc00 Exception <a 'java/lang/NoSuchMethodError'{0x00000205b78cb020}: 'int java.lang.invoke.Invokers$Holder.linkToTargetMethod(java.lang.Object, java.lang.Object)'> (0x00000205b78cb020) 
thrown [s\src\hotspot\share\interpreter\linkResolver.cpp, line 771]
Event: 2.690 Thread 0x0000020594c3cc00 Exception <a 'java/lang/NoSuchMethodError'{0x00000205c6f29928}: 'void java.lang.invoke.DirectMethodHandle$Holder.invokeStaticInit(java.lang.Object)'> (0x00000205c6f29928) 
thrown [s\src\hotspot\share\interpreter\linkResolver.cpp, line 771]
Event: 2.713 Thread 0x0000062bc2e86d60 Exception <a 'java/lang/NoSuchMethodError'{0x00000205c7000218}: 'void java.lang.invoke.DirectMethodHandle$Holder.invokeSpecial(java.lang.Object, java.lang.Object, java.lang.Object)'> (0x00000205c7000218) 
thrown [s\src\hotspot\share\interpreter\linkResolver.cpp, line 771]
Event: 2.721 Thread 0x0000062bc2e86d60 Exception <a 'java/lang/NoSuchMethodError'{0x00000205c7038ba0}: 'java.lang.Object java.lang.invoke.DirectMethodHandle$Holder.newInvokeSpecial(java.lang.Object, java.lang.Object, java.lang.Object, java.lang.Object, java.lang.Object)'> (0x00000205c7038ba0) 
thrown [s\src\hotspot\share\interpreter\linkResolver.cpp, line 771]
Event: 2.723 Thread 0x0000062bc2e86d60 Exception <a 'java/lang/NoSuchMethodError'{0x00000205c7047460}: 'java.lang.Object java.lang.invoke.DirectMethodHandle$Holder.invokeStatic(java.lang.Object, int, java.lang.Object, java.lang.Object, java.lang.Object, java.lang.Object)'> (0x00000205c7047460) 
thrown [s\src\hotspot\share\interpreter\linkResolver.cpp, line 771]
Event: 2.754 Thread 0x0000062bc2e86d60 Exception <a 'java/lang/ClassNotFoundException'{0x00000205c7209890}: com/sun/swing/internal/plaf/metal/resources/spi/metalProvider> (0x00000205c7209890) 
thrown [s\src\hotspot\share\classfile\systemDictionary.cpp, line 256]
Event: 2.754 Thread 0x0000062bc2e86d60 Exception <a 'java/lang/ClassNotFoundException'{0x00000205c720f7e8}: com/sun/swing/internal/plaf/basic/resources/spi/basicProvider> (0x00000205c720f7e8) 
thrown [s\src\hotspot\share\classfile\systemDictionary.cpp, line 256]
Event: 2.758 Thread 0x0000062bc2e86d60 Exception <a 'java/lang/NoSuchMethodError'{0x00000205c7233ea8}: 'java.lang.Object java.lang.invoke.Invokers$Holder.linkToTargetMethod(java.lang.Object, int, java.lang.Object, java.lang.Object, java.lang.Object)'> (0x00000205c7233ea8) 
thrown [s\src\hotspot\share\interpreter\linkResolver.cpp, line 771]
Event: 2.784 Thread 0x0000062bb79dd820 Exception <a 'java/lang/NoSuchMethodError'{0x00000205c72e2c50}: 'void java.lang.invoke.DirectMethodHandle$Holder.invokeVirtual(java.lang.Object, java.lang.Object)'> (0x00000205c72e2c50) 
thrown [s\src\hotspot\share\interpreter\linkResolver.cpp, line 771]
Event: 2.818 Thread 0x0000062bc2e86d60 Exception <a 'java/lang/NoSuchMethodError'{0x00000205c72b7248}: 'java.lang.Object java.lang.invoke.DirectMethodHandle$Holder.newInvokeSpecial(java.lang.Object, java.lang.Object, int, int, int, int)'> (0x00000205c72b7248) 
thrown [s\src\hotspot\share\interpreter\linkResolver.cpp, line 771]
Event: 2.827 Thread 0x0000062bc2e86d60 Exception <a 'java/lang/NoSuchMethodError'{0x00000205c72c8f98}: 'void java.lang.invoke.DirectMethodHandle$Holder.invokeSpecial(java.lang.Object, java.lang.Object, int, int)'> (0x00000205c72c8f98) 
thrown [s\src\hotspot\share\interpreter\linkResolver.cpp, line 771]
Event: 2.827 Thread 0x0000062bc2e86d60 Exception <a 'java/lang/NoSuchMethodError'{0x00000205c72d0e00}: 'java.lang.Object java.lang.invoke.DirectMethodHandle$Holder.newInvokeSpecial(java.lang.Object, java.lang.Object, int, int)'> (0x00000205c72d0e00) 
thrown [s\src\hotspot\share\interpreter\linkResolver.cpp, line 771]
Event: 3.039 Thread 0x0000062bc2e86d60 Exception <a 'java/lang/NoSuchMethodError'{0x00000205c742ccf0}: 'java.lang.Object java.lang.invoke.Invokers$Holder.invoke_MT(java.lang.Object, java.lang.Object, java.lang.Object)'> (0x00000205c742ccf0) 
thrown [s\src\hotspot\share\interpreter\linkResolver.cpp, line 771]
Event: 3.040 Thread 0x0000062bc2e86d60 Exception <a 'java/lang/NoSuchMethodError'{0x00000205c743b200}: 'int java.lang.invoke.Invokers$Holder.invoke_MT(java.lang.Object, java.lang.Object, java.lang.Object)'> (0x00000205c743b200) 
thrown [s\src\hotspot\share\interpreter\linkResolver.cpp, line 771]
Event: 9.009 Thread 0x0000062bc2e86340 Implicit null exception at 0x00000205a0388fa0 to 0x00000205a038afdc
Event: 9.113 Thread 0x0000062bc2e86340 Implicit null exception at 0x00000205a036f42d to 0x00000205a036ff40
Event: 9.113 Thread 0x0000062bc2e86340 Implicit null exception at 0x00000205a036d4ea to 0x00000205a036da7c

VM Operations (20 events):
Event: 36.306 Executing VM operation: Cleanup
Event: 36.306 Executing VM operation: Cleanup done
Event: 49.299 Executing VM operation: G1CollectForAllocation
Event: 49.303 Executing VM operation: G1CollectForAllocation done
Event: 50.305 Executing VM operation: Cleanup
Event: 50.305 Executing VM operation: Cleanup done
Event: 51.315 Executing VM operation: Cleanup
Event: 51.315 Executing VM operation: Cleanup done
Event: 53.333 Executing VM operation: Cleanup
Event: 53.333 Executing VM operation: Cleanup done
Event: 54.346 Executing VM operation: Cleanup
Event: 54.346 Executing VM operation: Cleanup done
Event: 56.367 Executing VM operation: Cleanup
Event: 56.367 Executing VM operation: Cleanup done
Event: 57.370 Executing VM operation: Cleanup
Event: 57.370 Executing VM operation: Cleanup done
Event: 60.018 Executing VM operation: HandshakeAllThreads
Event: 60.018 Executing VM operation: HandshakeAllThreads done
Event: 60.018 Executing VM operation: Cleanup
Event: 60.018 Executing VM operation: Cleanup done

Events (20 events):
Event: 9.109 loading class javax/swing/JInternalFrame done
Event: 9.109 loading class javax/swing/KeyboardManager
Event: 9.109 loading class javax/swing/KeyboardManager done
Event: 9.109 loading class javax/swing/Popup$HeavyWeightWindow
Event: 9.109 loading class sun/awt/ModalExclude
Event: 9.109 loading class sun/awt/ModalExclude done
Event: 9.109 loading class javax/swing/JWindow
Event: 9.109 loading class javax/swing/JWindow done
Event: 9.109 loading class javax/swing/Popup$HeavyWeightWindow done
Event: 60.758 Thread 0x0000062bc2e82170 Thread added: 0x0000062bc2e82170
Event: 60.758 Thread 0x0000062bc2e81750 Thread added: 0x0000062bc2e81750
Event: 60.758 Thread 0x0000062bc2e84f00 Thread added: 0x0000062bc2e84f00
Event: 60.759 loading class sun/font/SunFontManager$8$1
Event: 60.759 loading class sun/font/SunFontManager$8$1 done
Event: 60.759 loading class java/util/WeakHashMap$KeyIterator
Event: 60.759 loading class java/util/WeakHashMap$HashIterator
Event: 60.759 loading class java/util/WeakHashMap$HashIterator done
Event: 60.759 loading class java/util/WeakHashMap$KeyIterator done
Event: 60.760 Thread 0x0000062bc2e84f00 Thread exited: 0x0000062bc2e84f00
Event: 60.762 Thread 0x0000062bc2e81750 Thread exited: 0x0000062bc2e81750


Dynamic libraries:
0x00007ff61f330000 - 0x00007ff61f33a000 	C:\Users\bader\.jdks\jbrsdk_jcef-17.0.9\bin\java.exe
0x00007ffed6e90000 - 0x00007ffed7088000 	C:\Windows\SYSTEM32\ntdll.dll
0x00007ffed4f20000 - 0x00007ffed4fe2000 	C:\Windows\System32\KERNEL32.DLL
0x00007ffed4960000 - 0x00007ffed4c5e000 	C:\Windows\System32\KERNELBASE.dll
0x00007ffed4db0000 - 0x00007ffed4eb0000 	C:\Windows\System32\ucrtbase.dll
0x00007ffec22a0000 - 0x00007ffec22b7000 	C:\Users\bader\.jdks\jbrsdk_jcef-17.0.9\bin\jli.dll
0x00007ffec2250000 - 0x00007ffec226b000 	C:\Users\bader\.jdks\jbrsdk_jcef-17.0.9\bin\VCRUNTIME140.dll
0x00007ffed6bd0000 - 0x00007ffed6d6d000 	C:\Windows\System32\USER32.dll
0x00007ffed4650000 - 0x00007ffed4672000 	C:\Windows\System32\win32u.dll
0x00007ffeba210000 - 0x00007ffeba4aa000 	C:\Windows\WinSxS\amd64_microsoft.windows.common-controls_6595b64144ccf1df_6.0.19041.4355_none_60b8b9eb71f62e16\COMCTL32.dll
0x00007ffed61a0000 - 0x00007ffed61cb000 	C:\Windows\System32\GDI32.dll
0x00007ffed67d0000 - 0x00007ffed686e000 	C:\Windows\System32\msvcrt.dll
0x00007ffed4530000 - 0x00007ffed4647000 	C:\Windows\System32\gdi32full.dll
0x00007ffed4d10000 - 0x00007ffed4dad000 	C:\Windows\System32\msvcp_win.dll
0x00007ffed6100000 - 0x00007ffed612f000 	C:\Windows\System32\IMM32.DLL
0x00007ffecf590000 - 0x00007ffecf59c000 	C:\Users\bader\.jdks\jbrsdk_jcef-17.0.9\bin\vcruntime140_1.dll
0x00007ffeabc70000 - 0x00007ffeabcfd000 	C:\Users\bader\.jdks\jbrsdk_jcef-17.0.9\bin\msvcp140.dll
0x00007ffe85630000 - 0x00007ffe862b2000 	C:\Users\bader\.jdks\jbrsdk_jcef-17.0.9\bin\server\jvm.dll
0x00007ffed6d90000 - 0x00007ffed6e41000 	C:\Windows\System32\ADVAPI32.dll
0x00007ffed5e40000 - 0x00007ffed5edf000 	C:\Windows\System32\sechost.dll
0x00007ffed62a0000 - 0x00007ffed63c3000 	C:\Windows\System32\RPCRT4.dll
0x00007ffed4760000 - 0x00007ffed4787000 	C:\Windows\System32\bcrypt.dll
0x00007ffed3a60000 - 0x00007ffed3aab000 	C:\Windows\SYSTEM32\POWRPROF.dll
0x00007ffebb4b0000 - 0x00007ffebb4b9000 	C:\Windows\SYSTEM32\WSOCK32.dll
0x00007ffeb9a40000 - 0x00007ffeb9a67000 	C:\Windows\SYSTEM32\WINMM.dll
0x00007ffed6090000 - 0x00007ffed60fb000 	C:\Windows\System32\WS2_32.dll
0x00007ffecd650000 - 0x00007ffecd65a000 	C:\Windows\SYSTEM32\VERSION.dll
0x00007ffed3930000 - 0x00007ffed3942000 	C:\Windows\SYSTEM32\UMPDC.dll
0x00007ffed23b0000 - 0x00007ffed23c2000 	C:\Windows\SYSTEM32\kernel.appcore.dll
0x00007ffec2220000 - 0x00007ffec222a000 	C:\Users\bader\.jdks\jbrsdk_jcef-17.0.9\bin\jimage.dll
0x00007ffed1cc0000 - 0x00007ffed1ea4000 	C:\Windows\SYSTEM32\DBGHELP.DLL
0x00007ffec4470000 - 0x00007ffec44a4000 	C:\Windows\SYSTEM32\dbgcore.DLL
0x00007ffed46d0000 - 0x00007ffed4752000 	C:\Windows\System32\bcryptPrimitives.dll
0x00007ffecfd60000 - 0x00007ffecfd6e000 	C:\Users\bader\.jdks\jbrsdk_jcef-17.0.9\bin\instrument.dll
0x00007ffeac4c0000 - 0x00007ffeac4e5000 	C:\Users\bader\.jdks\jbrsdk_jcef-17.0.9\bin\java.dll
0x00007ffec2020000 - 0x00007ffec2038000 	C:\Users\bader\.jdks\jbrsdk_jcef-17.0.9\bin\zip.dll
0x00007ffeabb10000 - 0x00007ffeabbe7000 	C:\Users\bader\.jdks\jbrsdk_jcef-17.0.9\bin\jsvml.dll
0x00007ffed4ff0000 - 0x00007ffed575d000 	C:\Windows\System32\SHELL32.dll
0x00007ffed25b0000 - 0x00007ffed2d54000 	C:\Windows\SYSTEM32\windows.storage.dll
0x00007ffed6870000 - 0x00007ffed6bc3000 	C:\Windows\System32\combase.dll
0x00007ffed3f60000 - 0x00007ffed3f8e000 	C:\Windows\SYSTEM32\Wldp.dll
0x00007ffed61d0000 - 0x00007ffed629d000 	C:\Windows\System32\OLEAUT32.dll
0x00007ffed65c0000 - 0x00007ffed666d000 	C:\Windows\System32\SHCORE.dll
0x00007ffed6560000 - 0x00007ffed65b5000 	C:\Windows\System32\shlwapi.dll
0x00007ffed4460000 - 0x00007ffed4484000 	C:\Windows\SYSTEM32\profapi.dll
0x00007ffec1fb0000 - 0x00007ffec1fc9000 	C:\Users\bader\.jdks\jbrsdk_jcef-17.0.9\bin\net.dll
0x00007ffeccc80000 - 0x00007ffeccd8d000 	C:\Windows\SYSTEM32\WINHTTP.dll
0x00007ffed3cc0000 - 0x00007ffed3d2a000 	C:\Windows\system32\mswsock.dll
0x00007ffeb12e0000 - 0x00007ffeb12f6000 	C:\Users\bader\.jdks\jbrsdk_jcef-17.0.9\bin\nio.dll
0x00007ffecf4c0000 - 0x00007ffecf4da000 	C:\Program Files\JetBrains\IntelliJ IDEA Community Edition 2023.3.6\bin\breakgen64.dll
0x00007ffe826b0000 - 0x00007ffe8284a000 	C:\Users\bader\.jdks\jbrsdk_jcef-17.0.9\bin\awt.dll
0x00007ffed20b0000 - 0x00007ffed20df000 	C:\Windows\SYSTEM32\dwmapi.dll
0x00007ffebdf70000 - 0x00007ffebdfb4000 	C:\Users\bader\.jdks\jbrsdk_jcef-17.0.9\bin\nvdaControllerClient64.dll
0x00007ffecf1c0000 - 0x00007ffecf254000 	C:\Windows\SYSTEM32\apphelp.dll
0x00007ffeb81e0000 - 0x00007ffeb8308000 	C:\Windows\system32\opengl32.dll
0x00007ffeb7c60000 - 0x00007ffeb7c8c000 	C:\Windows\SYSTEM32\GLU32.dll
0x00007ffed1090000 - 0x00007ffed112e000 	C:\Windows\system32\uxtheme.dll
0x00007ffed5bd0000 - 0x00007ffed5ce5000 	C:\Windows\System32\MSCTF.dll
0x00007ffed5cf0000 - 0x00007ffed5d99000 	C:\Windows\System32\clbcatq.dll
0x00007ffe4e890000 - 0x00007ffe4f85a000 	C:\Windows\System32\DriverStore\FileRepository\iigd_dch.inf_amd64_5d54dd32fa1ef4d4\ig9icd64.dll
0x00007ffed6430000 - 0x00007ffed655b000 	C:\Windows\System32\ole32.dll
0x00007ffed2dc0000 - 0x00007ffed2eb6000 	C:\Windows\system32\dxgi.dll
0x00007ffec7a80000 - 0x00007ffec7cbf000 	C:\Windows\System32\DriverStore\FileRepository\iigd_dch.inf_amd64_5d54dd32fa1ef4d4\igdgmm64.dll
0x00007ffec4eb0000 - 0x00007ffec7a79000 	C:\Windows\System32\DriverStore\FileRepository\iigd_dch.inf_amd64_5d54dd32fa1ef4d4\igc64.dll
0x00007ffe6af50000 - 0x00007ffe6b35c000 	C:\Windows\System32\DriverStore\FileRepository\iigd_dch.inf_amd64_5d54dd32fa1ef4d4\igdml64.dll
0x00007ffed3ec0000 - 0x00007ffed3ed8000 	C:\Windows\SYSTEM32\CRYPTSP.dll
0x00007ffed3570000 - 0x00007ffed35a4000 	C:\Windows\system32\rsaenh.dll
0x00007ffed4420000 - 0x00007ffed444e000 	C:\Windows\SYSTEM32\USERENV.dll
0x00007ffed3eb0000 - 0x00007ffed3ebc000 	C:\Windows\SYSTEM32\CRYPTBASE.dll
0x00007ffed3950000 - 0x00007ffed398b000 	C:\Windows\SYSTEM32\IPHLPAPI.DLL
0x00007ffed5e30000 - 0x00007ffed5e38000 	C:\Windows\System32\NSI.dll
0x00007ffecc960000 - 0x00007ffecc977000 	C:\Windows\SYSTEM32\dhcpcsvc6.DLL
0x00007ffeccbf0000 - 0x00007ffeccc0d000 	C:\Windows\SYSTEM32\dhcpcsvc.DLL
0x00007ffed3990000 - 0x00007ffed3a5a000 	C:\Windows\SYSTEM32\DNSAPI.dll
0x00007ffebdee0000 - 0x00007ffebdf67000 	C:\Users\bader\.jdks\jbrsdk_jcef-17.0.9\bin\freetype.dll
0x00007ffebdcb0000 - 0x00007ffebdd87000 	C:\Users\bader\.jdks\jbrsdk_jcef-17.0.9\bin\fontmanager.dll
0x00007ffecef10000 - 0x00007ffecef22000 	C:\Users\bader\.jdks\jbrsdk_jcef-17.0.9\bin\jsound.dll
0x00007ffeb9bf0000 - 0x00007ffeb9c8c000 	C:\Windows\SYSTEM32\DSOUND.dll
0x00007ffec02f0000 - 0x00007ffec0316000 	C:\Windows\SYSTEM32\winmmbase.dll
0x00007ffecce00000 - 0x00007ffecce85000 	C:\Windows\System32\MMDevApi.dll
0x00007ffed42c0000 - 0x00007ffed42f3000 	C:\Windows\System32\DEVOBJ.dll
0x00007ffed4680000 - 0x00007ffed46ce000 	C:\Windows\System32\cfgmgr32.dll
0x00007ffeb5080000 - 0x00007ffeb50c6000 	C:\Windows\SYSTEM32\wdmaud.drv
0x00007ffecf4e0000 - 0x00007ffecf4e9000 	C:\Windows\SYSTEM32\ksuser.dll
0x00007ffeced00000 - 0x00007ffeced0a000 	C:\Windows\SYSTEM32\AVRT.dll
0x00007ffecce90000 - 0x00007ffecd011000 	C:\Windows\SYSTEM32\AUDIOSES.DLL
0x00007ffeb5070000 - 0x00007ffeb507d000 	C:\Windows\SYSTEM32\msacm32.drv
0x00007ffeb5050000 - 0x00007ffeb506e000 	C:\Windows\SYSTEM32\MSACM32.dll
0x00007ffeb5040000 - 0x00007ffeb504b000 	C:\Windows\SYSTEM32\midimap.dll
0x00007ffed1fb0000 - 0x00007ffed1fc4000 	C:\Windows\SYSTEM32\resourcepolicyclient.dll
0x00007ffeb1a60000 - 0x00007ffeb1c05000 	C:\Windows\WinSxS\amd64_microsoft.windows.gdiplus_6595b64144ccf1df_1.1.19041.4597_none_91a78020cc854124\gdiplus.dll
0x00007ffebfdd0000 - 0x00007ffebfec9000 	C:\Windows\SYSTEM32\textinputframework.dll
0x00007ffece6e0000 - 0x00007ffecea3b000 	C:\Windows\System32\CoreUIComponents.dll
0x00007ffecea50000 - 0x00007ffeceb42000 	C:\Windows\System32\CoreMessaging.dll
0x00007ffed12c0000 - 0x00007ffed1417000 	C:\Windows\SYSTEM32\wintypes.dll
0x00007ffed37c0000 - 0x00007ffed37f3000 	C:\Windows\SYSTEM32\ntmarta.dll
0x00007ffeb7e70000 - 0x00007ffeb8165000 	C:\Windows\System32\uiautomationcore.dll
0x00007ffed1880000 - 0x00007ffed1976000 	C:\Windows\System32\PROPSYS.dll
0x00007ffeb8170000 - 0x00007ffeb81d6000 	C:\Windows\System32\OLEACC.dll

dbghelp: loaded successfully - version: 4.0.5 - missing functions: none
symbol engine: initialized successfully - sym options: 0x614 - pdb path: .;C:\Users\bader\.jdks\jbrsdk_jcef-17.0.9\bin;C:\Windows\SYSTEM32;C:\Windows\WinSxS\amd64_microsoft.windows.common-controls_6595b64144ccf1df_6.0.19041.4355_none_60b8b9eb71f62e16;C:\Users\bader\.jdks\jbrsdk_jcef-17.0.9\bin\server;C:\Program Files\JetBrains\IntelliJ IDEA Community Edition 2023.3.6\bin;C:\Windows\System32\DriverStore\FileRepository\iigd_dch.inf_amd64_5d54dd32fa1ef4d4;C:\Windows\WinSxS\amd64_microsoft.windows.gdiplus_6595b64144ccf1df_1.1.19041.4597_none_91a78020cc854124

VM Arguments:
jvm_args: -Xmx3072g -Xmx4096g -Dsun.java2d.opengl=true -XX:ErrorFile=logs/hs_err_pid%p.log -javaagent:C:\Program Files\JetBrains\IntelliJ IDEA Community Edition 2023.3.6\lib\idea_rt.jar=62596:C:\Program Files\JetBrains\IntelliJ IDEA Community Edition 2023.3.6\bin -Dfile.encoding=UTF-8 
java_command: net.sendback.Main
java_class_path (initial): C:\Users\bader\OneDrive\Bureau\Idea\GTS_PRojekt\target\classes
Launcher Type: SUN_STANDARD

[Global flags]
     intx CICompilerCount                          = 4                                         {product} {ergonomic}
     uint ConcGCThreads                            = 3                                         {product} {ergonomic}
    ccstr ErrorFile                                = logs/hs_err_pid%p.log                     {product} {command line}
     uint G1ConcRefinementThreads                  = 10                                        {product} {ergonomic}
   size_t G1HeapRegionSize                         = 33554432                                  {product} {ergonomic}
    uintx GCDrainStackTargetSize                   = 64                                        {product} {ergonomic}
   size_t InitialHeapSize                          = 268435456                                 {product} {ergonomic}
   size_t MarkStackSize                            = 4194304                                   {product} {ergonomic}
   size_t MaxHeapSize                              = 4398046511104                             {product} {command line}
   size_t MaxNewSize                               = 2638821195776                             {product} {ergonomic}
   size_t MinHeapDeltaBytes                        = 33554432                                  {product} {ergonomic}
   size_t MinHeapSize                              = 33554432                                  {product} {ergonomic}
    uintx NonNMethodCodeHeapSize                   = 5839372                                {pd product} {ergonomic}
    uintx NonProfiledCodeHeapSize                  = 122909434                              {pd product} {ergonomic}
    uintx ProfiledCodeHeapSize                     = 122909434                              {pd product} {ergonomic}
    uintx ReservedCodeCacheSize                    = 251658240                              {pd product} {ergonomic}
     bool SegmentedCodeCache                       = true                                      {product} {ergonomic}
   size_t SoftMaxHeapSize                          = 4398046511104                          {manageable} {ergonomic}
     bool UseCompressedClassPointers               = true                           {product lp64_product} {ergonomic}
     bool UseG1GC                                  = true                                      {product} {ergonomic}
     bool UseLargePagesIndividualAllocation        = false                                  {pd product} {ergonomic}

Logging:
Log output configuration:
 #0: stdout all=warning uptime,level,tags
 #1: stderr all=off uptime,level,tags

Environment Variables:
PATH=C:\Program Files\Common Files\Oracle\Java\javapath;C:\Windows\system32;C:\Windows;C:\Windows\System32\Wbem;C:\Windows\System32\WindowsPowerShell\v1.0\;C:\Windows\System32\OpenSSH\;C:\Program Files (x86)\NVIDIA Corporation\PhysX\Common;C:\Program Files\dotnet\;C:\Users\bader\AppData\Local\Microsoft\WindowsApps;C:\Users\bader\AppData\Local\GitHubDesktop\bin
USERNAME=bader
OS=Windows_NT
PROCESSOR_IDENTIFIER=Intel64 Family 6 Model 158 Stepping 10, GenuineIntel
TMP=C:\Users\bader\AppData\Local\Temp
TEMP=C:\Users\bader\AppData\Local\Temp



Periodic native trim disabled

JNI global refs:
JNI global refs: 135, weak refs: 100

JNI global refs memory usage: 2107, weak refs: 2105

OOME stack traces (most recent first):
Classloader memory used:
Loader bootstrap                                                                       : 2647K
Loader jdk.internal.loader.ClassLoaders$AppClassLoader                                 : 25909B
Loader jdk.internal.loader.ClassLoaders$PlatformClassLoader                            : 764B


---------------  S Y S T E M  ---------------

OS:
 Windows 10 , 64 bit Build 19041 (10.0.19041.5072)
OS uptime: 7 days 5:30 hours

CPU: total 12 (initial active 12) (6 cores per cpu, 2 threads per core) family 6 model 158 stepping 10 microcode 0xf0, cx8, cmov, fxsr, ht, mmx, 3dnowpref, sse, sse2, sse3, ssse3, sse4.1, sse4.2, popcnt, lzcnt, tsc, tscinvbit, avx, avx2, aes, erms, clmul, bmi1, bmi2, adx, fma, vzeroupper, clflush, clflushopt
Processor Information for all 12 processors :
  Max Mhz: 2592, Current Mhz: 2592, Mhz Limit: 2592

Memory: 4k page, system-wide physical 16254M (3536M free)
TotalPageFile size 18942M (AvailPageFile size 2566M)
current process WorkingSet (physical memory assigned to process): 857M, peak: 857M
current process commit charge ("private bytes"): 1414M, peak: 1490M

vm_info: OpenJDK 64-Bit Server VM (17.0.9+8-b1166.2) for windows-amd64 JRE (17.0.9+8-b1166.2), built on 2024-01-13 by "builduser" with MS VC++ 16.10 / 16.11 (VS2019)

END.
