#
# A fatal error has been detected by the Java Runtime Environment:
#
#  EXCEPTION_ACCESS_VIOLATION (0xc0000005) at pc=0x00007ffe45df3c53, pid=36808, tid=33544
#
# JRE version: OpenJDK Runtime Environment JBR-17.0.9+8-1166.2-jcef (17.0.9+8) (build 17.0.9+8-b1166.2)
# Java VM: OpenJDK 64-Bit Server VM JBR-17.0.9+8-1166.2-jcef (17.0.9+8-b1166.2, mixed mode, tiered, compressed class ptrs, g1 gc, windows-amd64)
# Problematic frame:
# C  [ig9icd64.dll+0x9c3c53]
#
# No core dump will be written. Minidumps are not enabled by default on client versions of Windows
#
# If you would like to submit a bug report, please visit:
#   https://youtrack.jetbrains.com/issues/JBR
# The crash happened outside the Java Virtual Machine in native code.
# See problematic frame for where to report the bug.
#

---------------  S U M M A R Y ------------

Command Line: -Xmx3072g -Xmx4096g -Dsun.java2d.opengl=true -XX:ErrorFile=logs/hs_err_pid%p.log -javaagent:C:\Program Files\JetBrains\IntelliJ IDEA Community Edition 2023.3.6\lib\idea_rt.jar=52656:C:\Program Files\JetBrains\IntelliJ IDEA Community Edition 2023.3.6\bin -Dfile.encoding=UTF-8 net.sendback.Main

Host: Intel(R) Core(TM) i7-9750H CPU @ 2.60GHz, 12 cores, 15G,  Windows 10 , 64 bit Build 19041 (10.0.19041.5072)
Time: Fri Nov  8 16:53:33 2024 Mitteleuropäische Zeit elapsed time: 34.918933 seconds (0d 0h 0m 34s)

---------------  T H R E A D  ---------------

Current thread (0x000005e04e33eb60):  JavaThread "Java2D Queue Flusher" daemon [_thread_in_native, id=33544, stack(0x00000062a0b00000,0x00000062a0c00000)]

Stack: [0x00000062a0b00000,0x00000062a0c00000],  sp=0x00000062a0bfe898,  free space=1018k
Native frames: (J=compiled Java code, j=interpreted, Vv=VM code, C=native code)
C  [ig9icd64.dll+0x9c3c53]

Java frames: (J=compiled Java code, j=interpreted, Vv=VM code)
J 2793  sun.java2d.opengl.OGLRenderQueue.flushBuffer(JI)V java.desktop (0 bytes) @ 0x000001ba319a075b [0x000001ba319a0720+0x000000000000003b]
J 2945 c1 sun.java2d.opengl.OGLRenderQueue.flushBuffer()V java.desktop (41 bytes) @ 0x000001ba2a2d9684 [0x000001ba2a2d9560+0x0000000000000124]
j  sun.java2d.opengl.OGLRenderQueue$QueueFlusher.run()V+81 java.desktop
j  java.lang.Thread.run()V+11 java.base@17.0.9
v  ~StubRoutines::call_stub

siginfo: EXCEPTION_ACCESS_VIOLATION (0xc0000005), reading address 0xffffffffffffffff


Registers:
RAX=0x000000000fff0fff, RBX=0x00007ffe45430000, RCX=0x000000033fcf3fcc, RDX=0x00000062a0bfedb0
RSP=0x00000062a0bfe898, RBP=0x00000062a0bfe9a0, RSI=0x000005e054416440, RDI=0x00000062a0bfeba0
R8 =0x00000062a0bfe9d0, R9 =0x00000062a0bfedb0, R10=0x00000062a0bfeba0, R11=0x0000000000000000
R12=0x00007ffe4625a420, R13=0x0000000000000000, R14=0x0000000000000000, R15=0x00000000000001c1
RIP=0x00007ffe45df3c53, EFLAGS=0x0000000000010206


Register to memory mapping:

RIP=0x00007ffe45df3c53 ig9icd64.dll
RAX=0x000000000fff0fff is an unknown value
RBX=0x00007ffe45430000 ig9icd64.dll
RCX=0x000000033fcf3fcc is an unknown value
RDX=0x00000062a0bfedb0 is pointing into the stack for thread: 0x000005e04e33eb60
RSP=0x00000062a0bfe898 is pointing into the stack for thread: 0x000005e04e33eb60
RBP=0x00000062a0bfe9a0 is pointing into the stack for thread: 0x000005e04e33eb60
RSI=0x000005e054416440 points into unknown readable memory: 0x000005e04e3afdc0 | c0 fd 3a 4e e0 05 00 00
RDI=0x00000062a0bfeba0 is pointing into the stack for thread: 0x000005e04e33eb60
R8 =0x00000062a0bfe9d0 is pointing into the stack for thread: 0x000005e04e33eb60
R9 =0x00000062a0bfedb0 is pointing into the stack for thread: 0x000005e04e33eb60
R10=0x00000062a0bfeba0 is pointing into the stack for thread: 0x000005e04e33eb60
R11=0x0 is NULL
R12=0x00007ffe4625a420 ig9icd64.dll
R13=0x0 is NULL
R14=0x0 is NULL
R15=0x00000000000001c1 is an unknown value


Top of Stack: (sp=0x00000062a0bfe898)
0x00000062a0bfe898:   00007ffe45df138b 0000000000000001
0x00000062a0bfe8a8:   0000000000000000 000005e0577f3100
0x00000062a0bfe8b8:   00007ffec7a82572 0000006200000065
0x00000062a0bfe8c8:   00000062a0bfead0 0000000000000000
0x00000062a0bfe8d8:   000005e04e112610 0000000000000000
0x00000062a0bfe8e8:   000005e054e5c100 000005e0577f3190
0x00000062a0bfe8f8:   0000000000000fb0 0000000000000000
0x00000062a0bfe908:   0000000000000000 00000062a0bfea80
0x00000062a0bfe918:   00007ffe45a89070 0000000000000000
0x00000062a0bfe928:   0000000000000000 0000000000000000
0x00000062a0bfe938:   0000000000000000 0000f205a5dbc791
0x00000062a0bfe948:   00007ffe454464e5 000005e0577f3190
0x00000062a0bfe958:   0000000000004001 0000000000000200
0x00000062a0bfe968:   00007ffed6ebb86b 0000000000ca0282
0x00000062a0bfe978:   00000000000000d6 000005e054e4b890
0x00000062a0bfe988:   0000000000000000 0000000000000000
0x00000062a0bfe998:   00007ffe45df1c62 0000000000000000
0x00000062a0bfe9a8:   000001ba248c1200 00000062a0bfeca0
0x00000062a0bfe9b8:   000001ba248c0000 000001ba248c02b4
0x00000062a0bfe9c8:   000005e04e112610 00007ffe460ff020
0x00000062a0bfe9d8:   0000000e00000000 0000001a00000018
0x00000062a0bfe9e8:   00000fff00000000 437f0000437f0000
0x00000062a0bfe9f8:   437f0000437f0000 0000ff0000ff0000
0x00000062a0bfea08:   ff000000000000ff 0000000800000010
0x00000062a0bfea18:   0000001800000000 0000000000000000
0x00000062a0bfea28:   0000000000000000 0000000000000000
0x00000062a0bfea38:   0000000000000000 0000000000000000
0x00000062a0bfea48:   0000000000000000 0000000000000000
0x00000062a0bfea58:   0000000000000000 0000000000000000
0x00000062a0bfea68:   0000000000000000 0000000000000000
0x00000062a0bfea78:   0000000000000000 0000000000000000
0x00000062a0bfea88:   0000000000000000 0000000000000000 

Instructions: (pc=0x00007ffe45df3c53)
0x00007ffe45df3b53:   a1 b6 30 00 48 89 51 08 48 89 01 8b 44 24 28 89
0x00007ffe45df3b63:   41 20 8b 44 24 30 89 41 24 48 8b c1 4c 89 41 10
0x00007ffe45df3b73:   4c 89 49 18 c3 cc cc cc cc cc cc cc cc 48 89 5c
0x00007ffe45df3b83:   24 08 8b 41 5c 48 8d 1d 71 c4 63 ff 41 89 40 08
0x00007ffe45df3b93:   4c 8b d1 8b 41 60 45 33 db 41 89 40 0c 4c 8b ca
0x00007ffe45df3ba3:   8b 41 64 41 89 40 10 8b 41 68 41 89 40 14 8b 41
0x00007ffe45df3bb3:   6c 41 89 40 18 8b 41 70 41 89 40 1c 48 63 41 74
0x00007ffe45df3bc3:   48 6b c8 34 8b 84 19 84 5f ee 00 41 89 40 20 8b
0x00007ffe45df3bd3:   84 19 88 5f ee 00 41 89 40 24 8b 84 19 8c 5f ee
0x00007ffe45df3be3:   00 41 89 40 28 8b 84 19 90 5f ee 00 41 89 40 2c
0x00007ffe45df3bf3:   8b 84 19 74 5f ee 00 41 89 40 30 8b 84 19 78 5f
0x00007ffe45df3c03:   ee 00 41 89 40 34 8b 84 19 7c 5f ee 00 41 89 40
0x00007ffe45df3c13:   38 8b 84 19 80 5f ee 00 41 89 40 3c 8b 84 19 64
0x00007ffe45df3c23:   5f ee 00 41 89 40 40 8b 84 19 68 5f ee 00 41 89
0x00007ffe45df3c33:   40 44 8b 84 19 6c 5f ee 00 41 89 40 48 8b 84 19
0x00007ffe45df3c43:   70 5f ee 00 41 89 40 4c 49 63 42 78 48 6b c8 34
0x00007ffe45df3c53:   8b 84 19 84 5f ee 00 41 89 40 50 8b 84 19 88 5f
0x00007ffe45df3c63:   ee 00 41 89 40 54 8b 84 19 8c 5f ee 00 41 89 40
0x00007ffe45df3c73:   58 8b 84 19 90 5f ee 00 41 89 40 5c 8b 84 19 74
0x00007ffe45df3c83:   5f ee 00 41 89 40 60 8b 84 19 78 5f ee 00 41 89
0x00007ffe45df3c93:   40 64 8b 84 19 7c 5f ee 00 41 89 40 68 8b 84 19
0x00007ffe45df3ca3:   80 5f ee 00 41 89 40 6c 8b 84 19 64 5f ee 00 41
0x00007ffe45df3cb3:   89 40 70 8b 84 19 68 5f ee 00 41 89 40 74 8b 84
0x00007ffe45df3cc3:   19 6c 5f ee 00 41 89 40 78 8b 84 19 70 5f ee 00
0x00007ffe45df3cd3:   41 89 40 7c 48 8b 42 18 8b 88 38 0b 00 00 f6 c1
0x00007ffe45df3ce3:   08 0f 84 86 00 00 00 8b 80 3c 0b 00 00 41 89 80
0x00007ffe45df3cf3:   80 00 00 00 48 8b 42 18 8b 88 40 0b 00 00 41 89
0x00007ffe45df3d03:   88 84 00 00 00 48 8b 42 18 8b 88 44 0b 00 00 41
0x00007ffe45df3d13:   89 88 88 00 00 00 48 8b 42 18 8b 88 48 0b 00 00
0x00007ffe45df3d23:   41 89 88 8c 00 00 00 48 8b 42 18 8b 88 4c 0b 00
0x00007ffe45df3d33:   00 41 89 88 90 00 00 00 48 8b 42 18 8b 88 50 0b
0x00007ffe45df3d43:   00 00 41 89 88 94 00 00 00 48 8b 42 18 8b 88 54 


Stack slot to memory mapping:
stack at sp + 0 slots: 0x00007ffe45df138b ig9icd64.dll
stack at sp + 1 slots: 0x0000000000000001 is an unknown value
stack at sp + 2 slots: 0x0 is NULL
stack at sp + 3 slots: 0x000005e0577f3100 points into unknown readable memory: 0x0000000000000000 | 00 00 00 00 00 00 00 00
stack at sp + 4 slots: 0x00007ffec7a82572 igdgmm64.dll
stack at sp + 5 slots: 0x0000006200000065 is an unknown value
stack at sp + 6 slots: 0x00000062a0bfead0 is pointing into the stack for thread: 0x000005e04e33eb60
stack at sp + 7 slots: 0x0 is NULL


Compiled method (n/a)   35039 2793     n 0       sun.java2d.opengl.OGLRenderQueue::flushBuffer (native)
 total in heap  [0x000001ba319a0590,0x000001ba319a0928] = 920
 relocation     [0x000001ba319a06e8,0x000001ba319a0718] = 48
 main code      [0x000001ba319a0720,0x000001ba319a0928] = 520

[Constant Pool (empty)]

[MachCode]
[Entry Point]
  # {method} {0x000005e04aacca38} 'flushBuffer' '(JI)V' in 'sun/java2d/opengl/OGLRenderQueue'
  # this:     rdx:rdx   = 'sun/java2d/opengl/OGLRenderQueue'
  # parm0:    r8:r8     = long
  # parm1:    r9        = int
  #           [sp+0x70]  (sp of caller)
  0x000001ba319a0720: 448b 5208 | 493b c20f | 840b 0000 

  0x000001ba319a072c: ;   {runtime_call ic_miss_stub}
  0x000001ba319a072c: 00e9 4e09 | 98ff 660f | 1f44 0000 
[Verified Entry Point]
  0x000001ba319a0738: 8984 2400 | 90ff ff55 | 488b ec48 | 83ec 6048 | 8954 2420 | 4883 fa00 | 488d 5424 | 2048 0f44 
  0x000001ba319a0758: 5424 20c5 

  0x000001ba319a075c: ;   {internal_word}
  0x000001ba319a075c: f877 49ba | 5b07 9a31 | ba01 0000 | 4d89 97a0 | 0200 0049 | 89a7 9802 

  0x000001ba319a0774: ;   {external_word}
  0x000001ba319a0774: 0000 49ba | 3d29 b36b | fe7f 0000 | 4180 3a00 | 0f84 5200 | 0000 5241 

  0x000001ba319a078c: ;   {metadata({method} {0x000005e04aacca38} 'flushBuffer' '(JI)V' in 'sun/java2d/opengl/OGLRenderQueue')}
  0x000001ba319a078c: 5041 5148 | ba30 caac | 4ae0 0500 | 0049 8bcf | 4883 ec20 | f7c4 0f00 | 0000 0f84 | 1a00 0000 
  0x000001ba319a07ac: 4883 ec08 

  0x000001ba319a07b0: ;   {runtime_call SharedRuntime::dtrace_method_entry}
  0x000001ba319a07b0: 49ba b0ea | 686b fe7f | 0000 41ff | d248 83c4 | 08e9 0d00 

  0x000001ba319a07c4: ;   {runtime_call SharedRuntime::dtrace_method_entry}
  0x000001ba319a07c4: 0000 49ba | b0ea 686b | fe7f 0000 | 41ff d248 | 83c4 2041 | 5941 585a | 498d 8fb8 | 0200 0041 
  0x000001ba319a07e4: c787 4803 | 0000 0400 

  0x000001ba319a07ec: ;   {runtime_call}
  0x000001ba319a07ec: 0000 49ba | 60fd dc82 | fe7f 0000 | 41ff d2c5 | f877 41c7 | 8748 0300 | 0005 0000 | 00f0 8344 
  0x000001ba319a080c: 24c0 0049 | 3baf 5003 | 0000 0f87 | 1100 0000 | 4181 bf38 | 0300 0000 | 0000 000f | 8421 0000 
  0x000001ba319a082c: 00c5 f877 | 498b cf4c | 8be4 4883 | ec20 4883 

  0x000001ba319a083c: ;   {runtime_call JavaThread::check_special_condition_for_native_trans}
  0x000001ba319a083c: e4f0 49ba | f008 796b | fe7f 0000 | 41ff d249 | 8be4 41c7 | 8748 0300 | 0008 0000 | 0041 81bf 
  0x000001ba319a085c: b803 0000 | 0200 0000 | 0f84 9b00 

  0x000001ba319a0868: ;   {external_word}
  0x000001ba319a0868: 0000 49ba | 3d29 b36b | fe7f 0000 | 4180 3a00 | 0f84 4800 

  0x000001ba319a087c: ;   {metadata({method} {0x000005e04aacca38} 'flushBuffer' '(JI)V' in 'sun/java2d/opengl/OGLRenderQueue')}
  0x000001ba319a087c: 0000 48ba | 30ca ac4a | e005 0000 | 498b cf48 | 83ec 20f7 | c40f 0000 | 000f 841a | 0000 0048 
  0x000001ba319a089c: ;   {runtime_call SharedRuntime::dtrace_method_entry}
  0x000001ba319a089c: 83ec 0849 | bab0 ea68 | 6bfe 7f00 | 0041 ffd2 | 4883 c408 | e90d 0000 

  0x000001ba319a08b4: ;   {runtime_call SharedRuntime::dtrace_method_entry}
  0x000001ba319a08b4: 0049 bab0 | ea68 6bfe | 7f00 0041 | ffd2 4883 | c420 49c7 | 8798 0200 | 0000 0000 | 0049 c787 
  0x000001ba319a08d4: a002 0000 | 0000 0000 | c5f8 7749 | 8b8f d800 | 0000 c781 | 0001 0000 | 0000 0000 | c949 817f 
  0x000001ba319a08f4: 0800 0000 | 000f 8501 | 0000 00c3 

  0x000001ba319a0900: ;   {runtime_call StubRoutines (1)}
  0x000001ba319a0900: e9fb 0593 | ffc5 f877 | 4c8b e448 | 83ec 2048 

  0x000001ba319a0910: ;   {runtime_call SharedRuntime::reguard_yellow_pages}
  0x000001ba319a0910: 83e4 f049 | ba40 1b69 | 6bfe 7f00 | 0041 ffd2 | 498b e4e9 | 42ff ffff 
[/MachCode]


Compiled method (c1)   35210 2945       3       sun.java2d.opengl.OGLRenderQueue::flushBuffer (41 bytes)
 total in heap  [0x000001ba2a2d9390,0x000001ba2a2d99d8] = 1608
 relocation     [0x000001ba2a2d94e8,0x000001ba2a2d9550] = 104
 main code      [0x000001ba2a2d9560,0x000001ba2a2d9840] = 736
 stub code      [0x000001ba2a2d9840,0x000001ba2a2d9898] = 88
 metadata       [0x000001ba2a2d9898,0x000001ba2a2d98c0] = 40
 scopes data    [0x000001ba2a2d98c0,0x000001ba2a2d9910] = 80
 scopes pcs     [0x000001ba2a2d9910,0x000001ba2a2d99b0] = 160
 dependencies   [0x000001ba2a2d99b0,0x000001ba2a2d99b8] = 8
 nul chk table  [0x000001ba2a2d99b8,0x000001ba2a2d99d8] = 32

[Constant Pool (empty)]

[MachCode]
[Entry Point]
  # {method} {0x000005e04aaccb30} 'flushBuffer' '()V' in 'sun/java2d/opengl/OGLRenderQueue'
  #           [sp+0x70]  (sp of caller)
  0x000001ba2a2d9560: 448b 5208 

  0x000001ba2a2d9564: ;   {runtime_call ic_miss_stub}
  0x000001ba2a2d9564: 4c3b d00f | 8513 7b04 | 0766 6666 | 0f1f 8400 | 0000 0000 | 6666 6690 | 0f1f 4000 
[Verified Entry Point]
  0x000001ba2a2d9580: 8984 2400 | 90ff ff55 | 4883 ec60 

  0x000001ba2a2d958c: ;   {metadata(method data for {method} {0x000005e04aaccb30} 'flushBuffer' '()V' in 'sun/java2d/opengl/OGLRenderQueue')}
  0x000001ba2a2d958c: 49b8 5861 | 444b e005 | 0000 458b | 88cc 0000 | 0041 83c1 | 0245 8988 | cc00 0000 | 4181 e1fe 
  0x000001ba2a2d95ac: 0700 0041 | 83f9 000f | 84d6 0100 | 004c 8b42 | 1049 3b00 

  0x000001ba2a2d95c0: ;   {metadata(method data for {method} {0x000005e04aaccb30} 'flushBuffer' '()V' in 'sun/java2d/opengl/OGLRenderQueue')}
  0x000001ba2a2d95c0: 4d8b c848 | be58 6144 | 4be0 0500 | 0048 8386 | 1001 0000 

  0x000001ba2a2d95d4: ;   {metadata(method data for {method} {0x000005e04aacee10} 'position' '()I' in 'sun/java2d/pipe/RenderBuffer')}
  0x000001ba2a2d95d4: 0149 b9c8 | 003b 4be0 | 0500 0041 | 8bb1 cc00 | 0000 83c6 | 0241 89b1 | cc00 0000 | 81e6 feff 
  0x000001ba2a2d95f4: 1f00 83fe | 000f 84b6 | 0100 004d | 8b48 2049 | 8b70 104c | 2bce 458b | c941 83f9 

  0x000001ba2a2d9610: ;   {metadata(method data for {method} {0x000005e04aaccb30} 'flushBuffer' '()V' in 'sun/java2d/opengl/OGLRenderQueue')}
  0x000001ba2a2d9610: 0048 bf58 | 6144 4be0 | 0500 0048 | bb48 0100 | 0000 0000 | 000f 8e0a | 0000 0048 | bb58 0100 
  0x000001ba2a2d9630: 0000 0000 | 0048 8b04 | 1f48 8d40 | 0148 8904 | 1f0f 8e42 

  0x000001ba2a2d9644: ;   {metadata(method data for {method} {0x000005e04aaccb30} 'flushBuffer' '()V' in 'sun/java2d/opengl/OGLRenderQueue')}
  0x000001ba2a2d9644: 0000 0048 | bf58 6144 | 4be0 0500 | 0048 8387 | 6801 0000 | 014c 8bc2 

  0x000001ba2a2d965c: ;   {metadata(method data for {method} {0x000005e04aaccb30} 'flushBuffer' '()V' in 'sun/java2d/opengl/OGLRenderQueue')}
  0x000001ba2a2d965c: 48bf 5861 | 444b e005 | 0000 4883 | 87a0 0100 | 0001 4c8b | c648 8bf2 | 488b d648 | 8974 2450 
  0x000001ba2a2d967c: ;   {optimized virtual_call}
  0x000001ba2a2d967c: 6666 90e8 

  0x000001ba2a2d9680: ; ImmutableOopMap {[80]=Oop }
                      ;*invokevirtual flushBuffer {reexecute=0 rethrow=0 return_oop=0}
                      ; - sun.java2d.opengl.OGLRenderQueue::flushBuffer@21 (line 150)
  0x000001ba2a2d9680: b470 6c07 | 488b 5424 | 5048 8b72 | 1048 3b06 

  0x000001ba2a2d9690: ;   {metadata(method data for {method} {0x000005e04aaccb30} 'flushBuffer' '()V' in 'sun/java2d/opengl/OGLRenderQueue')}
  0x000001ba2a2d9690: 488b fe48 | bb58 6144 | 4be0 0500 | 0048 8383 | d801 0000 

  0x000001ba2a2d96a4: ;   {metadata(method data for {method} {0x000005e04aacef90} 'clear' '()V' in 'sun/java2d/pipe/RenderBuffer')}
  0x000001ba2a2d96a4: 0148 bf78 | 4942 4be0 | 0500 008b | 9fcc 0000 | 0083 c302 | 899f cc00 | 0000 81e3 | feff 1f00 
  0x000001ba2a2d96c4: 83fb 000f | 840e 0100 | 0048 8b7e | 1048 897e | 2048 8b52 | 1848 3b02 

  0x000001ba2a2d96dc: ;   {metadata(method data for {method} {0x000005e04aaccb30} 'flushBuffer' '()V' in 'sun/java2d/opengl/OGLRenderQueue')}
  0x000001ba2a2d96dc: 488b f248 | bf58 6144 | 4be0 0500 | 008b 7608 | 483b b720 | 0200 0075 | 0d48 8387 | 2802 0000 
  0x000001ba2a2d96fc: 01e9 6600 | 0000 483b | b730 0200 | 0075 0d48 | 8387 3802 | 0000 01e9 | 5000 0000 | 4881 bf20 
  0x000001ba2a2d971c: 0200 0000 | 0000 0075 | 1748 89b7 | 2002 0000 | 48c7 8728 | 0200 0001 | 0000 00e9 | 2c00 0000 
  0x000001ba2a2d973c: 4881 bf30 | 0200 0000 | 0000 0075 | 1748 89b7 | 3002 0000 | 48c7 8738 | 0200 0001 | 0000 00e9 
  0x000001ba2a2d975c: 0800 0000 | 4883 8710 | 0200 0001 | 0f1f 4400 | 0048 b828 | 4e07 8000 

  0x000001ba2a2d9774: ;   {virtual_call}
  0x000001ba2a2d9774: 0000 00e8 

  0x000001ba2a2d9778: ; ImmutableOopMap {}
                      ;*invokeinterface clear {reexecute=0 rethrow=0 return_oop=0}
                      ; - sun.java2d.opengl.OGLRenderQueue::flushBuffer@35 (line 155)
  0x000001ba2a2d9778: c433 faff | 4883 c460 

  0x000001ba2a2d9780: ;   {poll_return}
  0x000001ba2a2d9780: 5d49 3ba7 | 5003 0000 | 0f87 7300 

  0x000001ba2a2d978c: ;   {metadata({method} {0x000005e04aaccb30} 'flushBuffer' '()V' in 'sun/java2d/opengl/OGLRenderQueue')}
  0x000001ba2a2d978c: 0000 c349 | ba28 cbac | 4ae0 0500 | 004c 8954 | 2408 48c7 | 0424 ffff 

  0x000001ba2a2d97a4: ;   {runtime_call counter_overflow Runtime1 stub}
  0x000001ba2a2d97a4: ffff e8d5 

  0x000001ba2a2d97a8: ; ImmutableOopMap {rdx=Oop }
                      ;*synchronization entry
                      ; - sun.java2d.opengl.OGLRenderQueue::flushBuffer@-1 (line 147)
  0x000001ba2a2d97a8: f90e 07e9 | 09fe ffff 

  0x000001ba2a2d97b0: ;   {runtime_call throw_null_pointer_exception Runtime1 stub}
  0x000001ba2a2d97b0: e8eb 9c0e 

  0x000001ba2a2d97b4: ; ImmutableOopMap {rdx=Oop r8=Oop }
                      ;*invokevirtual position {reexecute=0 rethrow=0 return_oop=0}
                      ; - sun.java2d.opengl.OGLRenderQueue::flushBuffer@4 (line 147)
                      ;   {metadata({method} {0x000005e04aacee10} 'position' '()I' in 'sun/java2d/pipe/RenderBuffer')}
  0x000001ba2a2d97b4: 0749 ba08 | eeac 4ae0 | 0500 004c | 8954 2408 | 48c7 0424 | ffff ffff 

  0x000001ba2a2d97cc: ;   {runtime_call counter_overflow Runtime1 stub}
  0x000001ba2a2d97cc: e8af f90e 

  0x000001ba2a2d97d0: ; ImmutableOopMap {rdx=Oop r8=Oop }
                      ;*synchronization entry
                      ; - sun.java2d.pipe.RenderBuffer::position@-1 (line 110)
                      ; - sun.java2d.opengl.OGLRenderQueue::flushBuffer@4 (line 147)
  0x000001ba2a2d97d0: 07e9 29fe 

  0x000001ba2a2d97d4: ;   {runtime_call throw_null_pointer_exception Runtime1 stub}
  0x000001ba2a2d97d4: ffff e8c5 

  0x000001ba2a2d97d8: ; ImmutableOopMap {rdx=Oop rsi=Oop }
                      ;*invokevirtual clear {reexecute=0 rethrow=0 return_oop=0}
                      ; - sun.java2d.opengl.OGLRenderQueue::flushBuffer@28 (line 153)
                      ;   {metadata({method} {0x000005e04aacef90} 'clear' '()V' in 'sun/java2d/pipe/RenderBuffer')}
  0x000001ba2a2d97d8: 9c0e 0749 | ba88 efac | 4ae0 0500 | 004c 8954 | 2408 48c7 | 0424 ffff 

  0x000001ba2a2d97f0: ;   {runtime_call counter_overflow Runtime1 stub}
  0x000001ba2a2d97f0: ffff e889 

  0x000001ba2a2d97f4: ; ImmutableOopMap {rdx=Oop rsi=Oop }
                      ;*synchronization entry
                      ; - sun.java2d.pipe.RenderBuffer::clear@-1 (line 118)
                      ; - sun.java2d.opengl.OGLRenderQueue::flushBuffer@28 (line 153)
  0x000001ba2a2d97f4: f90e 07e9 | d1fe ffff 

  0x000001ba2a2d97fc: ;   {runtime_call throw_null_pointer_exception Runtime1 stub}
  0x000001ba2a2d97fc: e89f 9c0e 

  0x000001ba2a2d9800: ; ImmutableOopMap {rdx=Oop }
                      ;*invokeinterface clear {reexecute=0 rethrow=0 return_oop=0}
                      ; - sun.java2d.opengl.OGLRenderQueue::flushBuffer@35 (line 155)
                      ;   {internal_word}
  0x000001ba2a2d9800: 0749 ba81 | 972d 2aba | 0100 004d | 8997 6803 

  0x000001ba2a2d9810: ;   {runtime_call SafepointBlob}
  0x000001ba2a2d9810: 0000 e9e9 | e104 0790 | 9049 8b87 | e003 0000 | 49c7 87e0 | 0300 0000 | 0000 0049 | c787 e803 
  0x000001ba2a2d9830: 0000 0000 | 0000 4883 

  0x000001ba2a2d9838: ;   {runtime_call unwind_exception Runtime1 stub}
  0x000001ba2a2d9838: c460 5de9 | c0bc 0507 
[Stub Code]
  0x000001ba2a2d9840: ;   {no_reloc}
  0x000001ba2a2d9840: 0f1f 4400 

  0x000001ba2a2d9844: ;   {static_stub}
  0x000001ba2a2d9844: 0048 bb00 | 0000 0000 

  0x000001ba2a2d984c: ;   {runtime_call}
  0x000001ba2a2d984c: 0000 00e9 | fbff ffff 

  0x000001ba2a2d9854: ;   {static_stub}
  0x000001ba2a2d9854: 9048 bb00 | 0000 0000 

  0x000001ba2a2d985c: ;   {runtime_call}
  0x000001ba2a2d985c: 0000 00e9 | fbff ffff 
[Exception Handler]
  0x000001ba2a2d9864: ;   {runtime_call handle_exception_from_callee Runtime1 stub}
  0x000001ba2a2d9864: e817 c60e 

  0x000001ba2a2d9868: ;   {external_word}
  0x000001ba2a2d9868: 0748 b990 | 6d8d 6bfe | 7f00 0048 

  0x000001ba2a2d9874: ;   {runtime_call MacroAssembler::debug64}
  0x000001ba2a2d9874: 83e4 f049 | ba30 df55 | 6bfe 7f00 | 0041 ffd2 

  0x000001ba2a2d9884: ;   {section_word}
  0x000001ba2a2d9884: f449 ba85 | 982d 2aba | 0100 0041 

  0x000001ba2a2d9890: ;   {runtime_call DeoptimizationBlob}
  0x000001ba2a2d9890: 52e9 0ad4 | 0407 f4f4 
[/MachCode]


---------------  P R O C E S S  ---------------

Threads class SMR info:
_java_thread_list=0x000005e054ff4430, length=45, elements={
0x000005e049517aa0, 0x000005e049518920, 0x000005e04956d010, 0x000005e04956d9e0,
0x000005e0495703b0, 0x000005e049570d70, 0x000005e049571a60, 0x000005e049575530,
0x000005e04957df40, 0x000005e0495f7170, 0x000005e04e155f10, 0x000005e04e1563f0,
0x000005e04e33eb60, 0x000005e0545d11e0, 0x000005e054b3e1a0, 0x000005e054b3a4d0,
0x000005e054c8ffe0, 0x000005e054cec4b0, 0x000005e054cec9c0, 0x000005e054cee310,
0x000005e054ceed30, 0x000005e054cef240, 0x000005e054ceced0, 0x000005e054cede00,
0x000005e054cef750, 0x000005e054cee820, 0x000005e054cefc60, 0x000005e054ced3e0,
0x000005e054ced8f0, 0x000005e054d305f0, 0x000005e054d32450, 0x000005e054d31010,
0x000005e054d31520, 0x000005e054d33380, 0x000005e054d31a30, 0x000005e054d2fbd0,
0x000005e054d32e70, 0x000005e054d31f40, 0x000005e054d32960, 0x000005e054d300e0,
0x000005e054c01ab0, 0x000005e054c00b80, 0x000005e054c01fc0, 0x000005e054c024d0,
0x000005e054c00160
}

Java Threads: ( => current thread )
  0x000005e049517aa0 JavaThread "Reference Handler" daemon [_thread_blocked, id=31688, stack(0x000000629fd00000,0x000000629fe00000)]
  0x000005e049518920 JavaThread "Finalizer" daemon [_thread_blocked, id=1196, stack(0x000000629fe00000,0x000000629ff00000)]
  0x000005e04956d010 JavaThread "Signal Dispatcher" daemon [_thread_blocked, id=31704, stack(0x000000629ff00000,0x00000062a0000000)]
  0x000005e04956d9e0 JavaThread "Attach Listener" daemon [_thread_blocked, id=4732, stack(0x00000062a0000000,0x00000062a0100000)]
  0x000005e0495703b0 JavaThread "Service Thread" daemon [_thread_blocked, id=40144, stack(0x00000062a0100000,0x00000062a0200000)]
  0x000005e049570d70 JavaThread "Monitor Deflation Thread" daemon [_thread_blocked, id=13688, stack(0x00000062a0200000,0x00000062a0300000)]
  0x000005e049571a60 JavaThread "C2 CompilerThread0" daemon [_thread_blocked, id=34536, stack(0x00000062a0300000,0x00000062a0400000)]
  0x000005e049575530 JavaThread "C1 CompilerThread0" daemon [_thread_blocked, id=28956, stack(0x00000062a0400000,0x00000062a0500000)]
  0x000005e04957df40 JavaThread "Sweeper thread" daemon [_thread_blocked, id=31236, stack(0x00000062a0500000,0x00000062a0600000)]
  0x000005e0495f7170 JavaThread "Common-Cleaner" daemon [_thread_blocked, id=33756, stack(0x00000062a0600000,0x00000062a0700000)]
  0x000005e04e155f10 JavaThread "Monitor Ctrl-Break" daemon [_thread_in_native, id=10920, stack(0x00000062a0800000,0x00000062a0900000)]
  0x000005e04e1563f0 JavaThread "Notification Thread" daemon [_thread_blocked, id=34932, stack(0x00000062a0900000,0x00000062a0a00000)]
=>0x000005e04e33eb60 JavaThread "Java2D Queue Flusher" daemon [_thread_in_native, id=33544, stack(0x00000062a0b00000,0x00000062a0c00000)]
  0x000005e0545d11e0 JavaThread "Java2D Disposer" daemon [_thread_blocked, id=36104, stack(0x00000062a0700000,0x00000062a0800000)]
  0x000005e054b3e1a0 JavaThread "AWT-Windows" daemon [_thread_in_native, id=33536, stack(0x00000062a1200000,0x00000062a1300000)]
  0x000005e054b3a4d0 JavaThread "Java Sound Event Dispatcher" daemon [_thread_blocked, id=28184, stack(0x00000062a1d00000,0x00000062a1e00000)]
  0x000005e054c8ffe0 JavaThread "Direct Clip" daemon [_thread_blocked, id=36736, stack(0x00000062a2000000,0x00000062a2100000)]
  0x000005e054cec4b0 JavaThread "Direct Clip" daemon [_thread_blocked, id=39280, stack(0x00000062a2100000,0x00000062a2200000)]
  0x000005e054cec9c0 JavaThread "Direct Clip" daemon [_thread_blocked, id=12360, stack(0x00000062a2200000,0x00000062a2300000)]
  0x000005e054cee310 JavaThread "Direct Clip" daemon [_thread_blocked, id=2412, stack(0x00000062a2300000,0x00000062a2400000)]
  0x000005e054ceed30 JavaThread "Direct Clip" daemon [_thread_blocked, id=33680, stack(0x00000062a2400000,0x00000062a2500000)]
  0x000005e054cef240 JavaThread "Direct Clip" daemon [_thread_blocked, id=39640, stack(0x00000062a2500000,0x00000062a2600000)]
  0x000005e054ceced0 JavaThread "Direct Clip" daemon [_thread_blocked, id=11280, stack(0x00000062a2600000,0x00000062a2700000)]
  0x000005e054cede00 JavaThread "Direct Clip" daemon [_thread_blocked, id=38032, stack(0x00000062a2700000,0x00000062a2800000)]
  0x000005e054cef750 JavaThread "Direct Clip" daemon [_thread_blocked, id=8420, stack(0x00000062a2800000,0x00000062a2900000)]
  0x000005e054cee820 JavaThread "Direct Clip" daemon [_thread_blocked, id=36528, stack(0x00000062a2900000,0x00000062a2a00000)]
  0x000005e054cefc60 JavaThread "Direct Clip" daemon [_thread_blocked, id=29092, stack(0x00000062a2a00000,0x00000062a2b00000)]
  0x000005e054ced3e0 JavaThread "Direct Clip" daemon [_thread_blocked, id=2140, stack(0x00000062a2b00000,0x00000062a2c00000)]
  0x000005e054ced8f0 JavaThread "Direct Clip" daemon [_thread_blocked, id=22104, stack(0x00000062a1100000,0x00000062a1200000)]
  0x000005e054d305f0 JavaThread "Direct Clip" daemon [_thread_blocked, id=38508, stack(0x00000062a2c00000,0x00000062a2d00000)]
  0x000005e054d32450 JavaThread "Direct Clip" daemon [_thread_blocked, id=33448, stack(0x00000062a2d00000,0x00000062a2e00000)]
  0x000005e054d31010 JavaThread "Direct Clip" daemon [_thread_blocked, id=37872, stack(0x00000062a2e00000,0x00000062a2f00000)]
  0x000005e054d31520 JavaThread "Direct Clip" daemon [_thread_blocked, id=38368, stack(0x00000062a2f00000,0x00000062a3000000)]
  0x000005e054d33380 JavaThread "Direct Clip" daemon [_thread_blocked, id=23916, stack(0x00000062a3000000,0x00000062a3100000)]
  0x000005e054d31a30 JavaThread "Direct Clip" daemon [_thread_blocked, id=33624, stack(0x00000062a3100000,0x00000062a3200000)]
  0x000005e054d2fbd0 JavaThread "Direct Clip" daemon [_thread_blocked, id=36048, stack(0x00000062a3200000,0x00000062a3300000)]
  0x000005e054d32e70 JavaThread "Direct Clip" daemon [_thread_blocked, id=13620, stack(0x00000062a3300000,0x00000062a3400000)]
  0x000005e054d31f40 JavaThread "AWT-Shutdown" [_thread_blocked, id=22908, stack(0x00000062a3400000,0x00000062a3500000)]
  0x000005e054d32960 JavaThread "AWT-EventQueue-0" [_thread_blocked, id=16568, stack(0x00000062a3500000,0x00000062a3600000)]
  0x000005e054d300e0 JavaThread "DestroyJavaVM" [_thread_blocked, id=9692, stack(0x000000629f600000,0x000000629f700000)]
  0x000005e054c01ab0 JavaThread "TimerQueue" daemon [_thread_blocked, id=36588, stack(0x00000062a3e00000,0x00000062a3f00000)]
  0x000005e054c00b80 JavaThread "Thread-0" [_thread_blocked, id=8516, stack(0x00000062a4100000,0x00000062a4200000)]
  0x000005e054c01fc0 JavaThread "Forest" [_thread_in_vm, id=25684, stack(0x00000062a4200000,0x00000062a4300000)]
  0x000005e054c024d0 JavaThread "SIGINT handler" daemon [_thread_blocked, id=25208, stack(0x00000062a4400000,0x00000062a4500000)]
  0x000005e054c00160 JavaThread "ToolkitShutdown" daemon [_thread_in_native, id=6592, stack(0x00000062a4500000,0x00000062a4600000)]

Other Threads:
  0x000005e049512d70 VMThread "VM Thread" [stack: 0x000000629fc00000,0x000000629fd00000] [id=3588]
  0x000001ba24a00180 WatcherThread [stack: 0x00000062a0a00000,0x00000062a0b00000] [id=10536]
  0x000001ba24abbee0 GCTaskThread "GC Thread#0" [stack: 0x000000629f700000,0x000000629f800000] [id=33300]
  0x000005e05497bee0 GCTaskThread "GC Thread#1" [stack: 0x00000062a1300000,0x00000062a1400000] [id=35064]
  0x000005e05497c1a0 GCTaskThread "GC Thread#2" [stack: 0x00000062a1400000,0x00000062a1500000] [id=35892]
  0x000005e05497c460 GCTaskThread "GC Thread#3" [stack: 0x00000062a1500000,0x00000062a1600000] [id=6460]
  0x000005e054b28050 GCTaskThread "GC Thread#4" [stack: 0x00000062a1600000,0x00000062a1700000] [id=39464]
  0x000005e054b28310 GCTaskThread "GC Thread#5" [stack: 0x00000062a1700000,0x00000062a1800000] [id=16852]
  0x000005e0549e1590 GCTaskThread "GC Thread#6" [stack: 0x00000062a1800000,0x00000062a1900000] [id=17616]
  0x000005e054c82eb0 GCTaskThread "GC Thread#7" [stack: 0x00000062a1900000,0x00000062a1a00000] [id=34128]
  0x000005e054c83170 GCTaskThread "GC Thread#8" [stack: 0x00000062a1a00000,0x00000062a1b00000] [id=25288]
  0x000005e054c85440 GCTaskThread "GC Thread#9" [stack: 0x00000062a1b00000,0x00000062a1c00000] [id=28344]
  0x000001ba24abe5b0 ConcurrentGCThread "G1 Main Marker" [stack: 0x000000629f800000,0x000000629f900000] [id=37388]
  0x000001ba39b60310 ConcurrentGCThread "G1 Conc#0" [stack: 0x000000629f900000,0x000000629fa00000] [id=36420]
  0x000005e054e90b50 ConcurrentGCThread "G1 Conc#1" [stack: 0x00000062a3f00000,0x00000062a4000000] [id=37796]
  0x000005e0495eea80 ConcurrentGCThread "G1 Conc#2" [stack: 0x00000062a4000000,0x00000062a4100000] [id=34440]
  0x000001ba39bdc790 ConcurrentGCThread "G1 Refine#0" [stack: 0x000000629fa00000,0x000000629fb00000] [id=15808]
  0x000005e054517ba0 ConcurrentGCThread "G1 Refine#1" [stack: 0x00000062a3700000,0x00000062a3800000] [id=10568]
  0x000005e054517e90 ConcurrentGCThread "G1 Refine#2" [stack: 0x00000062a3800000,0x00000062a3900000] [id=37100]
  0x000005e054518180 ConcurrentGCThread "G1 Refine#3" [stack: 0x00000062a3900000,0x00000062a3a00000] [id=40040]
  0x000005e054518470 ConcurrentGCThread "G1 Refine#4" [stack: 0x00000062a3a00000,0x00000062a3b00000] [id=26104]
  0x000005e054516fe0 ConcurrentGCThread "G1 Refine#5" [stack: 0x00000062a3b00000,0x00000062a3c00000] [id=35032]
  0x000001ba39bdd1c0 ConcurrentGCThread "G1 Service" [stack: 0x000000629fb00000,0x000000629fc00000] [id=18348]

Threads with active compile tasks:

VM state: not at safepoint (normal execution)

VM Mutex/Monitor currently owned by a thread: None

CDS archive(s) not mapped
Compressed class space mapped at: 0x0000000080000000-0x00000000c0000000, reserved size: 1073741824
Narrow klass base: 0x0000000000000000, Narrow klass shift: 0, Narrow klass range: 0xc0000000

GC Precious Log:
 CPUs: 12 total, 12 available
 Memory: 16254M
 Large Page Support: Disabled
 NUMA Support: Disabled
 Compressed Oops: Disabled
 Heap Region Size: 32M
 Heap Min Capacity: 32M
 Heap Initial Capacity: 256M
 Heap Max Capacity: 4096G
 Pre-touch: Disabled
 Parallel Workers: 10
 Concurrent Workers: 3
 Concurrent Refinement Workers: 10
 Periodic GC: Disabled

Heap:
 garbage-first heap   total 1048576K, used 227577K [0x000001ba3a000000, 0x000005ba3a000000)
  region size 32768K, 2 young (65536K), 1 survivors (32768K)
 Metaspace       used 23213K, committed 23488K, reserved 1114112K
  class space    used 2371K, committed 2496K, reserved 1048576K

Heap Regions: E=young(eden), S=young(survivor), O=old, HS=humongous(starts), HC=humongous(continues), CS=collection set, F=free, OA=open archive, CA=closed archive, TAMS=top-at-mark-start (previous, next)
|   0|0x000001ba3a000000, 0x000001ba3c000000, 0x000001ba3c000000|100%| O|  |TAMS 0x000001ba3c000000, 0x000001ba3a000000| Untracked 
|   1|0x000001ba3c000000, 0x000001ba3e000000, 0x000001ba3e000000|100%|HS|  |TAMS 0x000001ba3e000000, 0x000001ba3c000000| Complete 
|   2|0x000001ba3e000000, 0x000001ba40000000, 0x000001ba40000000|100%| O|  |TAMS 0x000001ba40000000, 0x000001ba3e000000| Untracked 
|   3|0x000001ba40000000, 0x000001ba42000000, 0x000001ba42000000|100%| O|  |TAMS 0x000001ba42000000, 0x000001ba40000000| Complete 
|   4|0x000001ba42000000, 0x000001ba44000000, 0x000001ba44000000|100%| O|  |TAMS 0x000001ba44000000, 0x000001ba42000000| Untracked 
|   5|0x000001ba44000000, 0x000001ba46000000, 0x000001ba46000000|100%| O|  |TAMS 0x000001ba45a64a00, 0x000001ba44000000| Untracked 
|   6|0x000001ba46000000, 0x000001ba47bdaa00, 0x000001ba48000000| 87%| O|  |TAMS 0x000001ba46000000, 0x000001ba46000000| Untracked 
|   7|0x000001ba48000000, 0x000001ba48000000, 0x000001ba4a000000|  0%| F|  |TAMS 0x000001ba48000000, 0x000001ba48000000| Untracked 
|   8|0x000001ba4a000000, 0x000001ba4a000000, 0x000001ba4c000000|  0%| F|  |TAMS 0x000001ba4a000000, 0x000001ba4a000000| Untracked 
|   9|0x000001ba4c000000, 0x000001ba4c000000, 0x000001ba4e000000|  0%| F|  |TAMS 0x000001ba4c000000, 0x000001ba4c000000| Untracked 
|  10|0x000001ba4e000000, 0x000001ba4e000000, 0x000001ba50000000|  0%| F|  |TAMS 0x000001ba4e000000, 0x000001ba4e000000| Untracked 
|  11|0x000001ba50000000, 0x000001ba50000000, 0x000001ba52000000|  0%| F|  |TAMS 0x000001ba50000000, 0x000001ba50000000| Untracked 
|  12|0x000001ba52000000, 0x000001ba52000000, 0x000001ba54000000|  0%| F|  |TAMS 0x000001ba52000000, 0x000001ba52000000| Untracked 
|  13|0x000001ba54000000, 0x000001ba54263ab0, 0x000001ba56000000|  7%| S|CS|TAMS 0x000001ba54000000, 0x000001ba54000000| Complete 
|  14|0x000001ba56000000, 0x000001ba56000000, 0x000001ba58000000|  0%| F|  |TAMS 0x000001ba56000000, 0x000001ba56000000| Untracked 
|  15|0x000001ba58000000, 0x000001ba58000000, 0x000001ba5a000000|  0%| F|  |TAMS 0x000001ba58000000, 0x000001ba58000000| Untracked 
|  16|0x000001ba5a000000, 0x000001ba5a000000, 0x000001ba5c000000|  0%| F|  |TAMS 0x000001ba5a000000, 0x000001ba5a000000| Untracked 
|  17|0x000001ba5c000000, 0x000001ba5c000000, 0x000001ba5e000000|  0%| F|  |TAMS 0x000001ba5c000000, 0x000001ba5c000000| Untracked 
|  18|0x000001ba5e000000, 0x000001ba5e000000, 0x000001ba60000000|  0%| F|  |TAMS 0x000001ba5e000000, 0x000001ba5e000000| Untracked 
|  19|0x000001ba60000000, 0x000001ba60000000, 0x000001ba62000000|  0%| F|  |TAMS 0x000001ba60000000, 0x000001ba60000000| Untracked 
|  20|0x000001ba62000000, 0x000001ba62000000, 0x000001ba64000000|  0%| F|  |TAMS 0x000001ba62000000, 0x000001ba62000000| Untracked 
|  21|0x000001ba64000000, 0x000001ba64000000, 0x000001ba66000000|  0%| F|  |TAMS 0x000001ba64000000, 0x000001ba64000000| Untracked 
|  22|0x000001ba66000000, 0x000001ba66000000, 0x000001ba68000000|  0%| F|  |TAMS 0x000001ba66000000, 0x000001ba66000000| Untracked 
|  23|0x000001ba68000000, 0x000001ba68000000, 0x000001ba6a000000|  0%| F|  |TAMS 0x000001ba68000000, 0x000001ba68000000| Untracked 
|  24|0x000001ba6a000000, 0x000001ba6a000000, 0x000001ba6c000000|  0%| F|  |TAMS 0x000001ba6a000000, 0x000001ba6a000000| Untracked 
|  25|0x000001ba6c000000, 0x000001ba6c000000, 0x000001ba6e000000|  0%| F|  |TAMS 0x000001ba6c000000, 0x000001ba6c000000| Untracked 
|  26|0x000001ba6e000000, 0x000001ba6e000000, 0x000001ba70000000|  0%| F|  |TAMS 0x000001ba6e000000, 0x000001ba6e000000| Untracked 
|  27|0x000001ba70000000, 0x000001ba70000000, 0x000001ba72000000|  0%| F|  |TAMS 0x000001ba70000000, 0x000001ba70000000| Untracked 
|  28|0x000001ba72000000, 0x000001ba72000000, 0x000001ba74000000|  0%| F|  |TAMS 0x000001ba72000000, 0x000001ba72000000| Untracked 
|  29|0x000001ba74000000, 0x000001ba74000000, 0x000001ba76000000|  0%| F|  |TAMS 0x000001ba74000000, 0x000001ba74000000| Untracked 
|  30|0x000001ba76000000, 0x000001ba76000000, 0x000001ba78000000|  0%| F|  |TAMS 0x000001ba76000000, 0x000001ba76000000| Untracked 
|  31|0x000001ba78000000, 0x000001ba78b79c28, 0x000001ba7a000000| 35%| E|  |TAMS 0x000001ba78000000, 0x000001ba78000000| Complete 

Card table byte_map: [0x000005bc42010000,0x000005be42010000] _byte_map_base: 0x000005bb64e40000

Marking Bits (Prev, Next): (CMBitMap*) 0x000001ba24abc540, (CMBitMap*) 0x000001ba24abc500
 Prev Bits: [0x000005d042010000, 0x000005e042010000)
 Next Bits: [0x000005c042010000, 0x000005d042010000)

Polling page: 0x000001ba24ac0000

Metaspace:

Usage:
  Non-class:     20.35 MB used.
      Class:      2.32 MB used.
       Both:     22.67 MB used.

Virtual space:
  Non-class space:       64.00 MB reserved,      20.50 MB ( 32%) committed,  1 nodes.
      Class space:        1.00 GB reserved,       2.44 MB ( <1%) committed,  1 nodes.
             Both:        1.06 GB reserved,      22.94 MB (  2%) committed. 

Chunk freelists:
   Non-Class:  10.98 MB
       Class:  13.60 MB
        Both:  24.57 MB

MaxMetaspaceSize: unlimited
CompressedClassSpaceSize: 1.00 GB
Initial GC threshold: 21.00 MB
Current GC threshold: 35.75 MB
CDS: off
MetaspaceReclaimPolicy: balanced
 - commit_granule_bytes: 65536.
 - commit_granule_words: 8192.
 - virtual_space_node_default_size: 8388608.
 - enlarge_chunks_in_place: 1.
 - new_chunks_are_fully_committed: 0.
 - uncommit_free_chunks: 1.
 - use_allocation_guard: 0.
 - handle_deallocations: 1.


Internal statistics:

num_allocs_failed_limit: 6.
num_arena_births: 270.
num_arena_deaths: 0.
num_vsnodes_births: 2.
num_vsnodes_deaths: 0.
num_space_committed: 367.
num_space_uncommitted: 0.
num_chunks_returned_to_freelist: 6.
num_chunks_taken_from_freelist: 412.
num_chunk_merges: 0.
num_chunk_splits: 233.
num_chunks_enlarged: 112.
num_inconsistent_stats: 0.

CodeHeap 'non-profiled nmethods': size=120000Kb used=1431Kb max_used=1431Kb free=118568Kb
 bounds [0x000001ba31870000, 0x000001ba31ae0000, 0x000001ba38da0000]
CodeHeap 'profiled nmethods': size=120000Kb used=5577Kb max_used=5577Kb free=114422Kb
 bounds [0x000001ba29da0000, 0x000001ba2a320000, 0x000001ba312d0000]
CodeHeap 'non-nmethods': size=5760Kb used=1317Kb max_used=1390Kb free=4442Kb
 bounds [0x000001ba312d0000, 0x000001ba31540000, 0x000001ba31870000]
 total_blobs=3712 nmethods=3054 adapters=569
 compilation: enabled
              stopped_count=0, restarted_count=0
 full_count=0

Compilation events (20 events):
Event: 34.562 Thread 0x000005e049571a60 3046       4       java.util.regex.Pattern$GroupHead::match (47 bytes)
Event: 34.565 Thread 0x000005e049571a60 nmethod 3046 0x000001ba319d3a90 code [0x000001ba319d3c20, 0x000001ba319d3d58]
Event: 34.613 Thread 0x000005e049571a60 3047       4       sun.font.TrueTypeGlyphMapper::charsToGlyphsNS (147 bytes)
Event: 34.619 Thread 0x000005e049571a60 nmethod 3047 0x000001ba319d3f10 code [0x000001ba319d40c0, 0x000001ba319d4748]
Event: 34.629 Thread 0x000005e049575530 3048       3       sun.java2d.pipe.PixelToParallelogramConverter::<init> (38 bytes)
Event: 34.630 Thread 0x000005e049575530 nmethod 3048 0x000001ba2a30de10 code [0x000001ba2a30dfe0, 0x000001ba2a30e278]
Event: 34.630 Thread 0x000005e049575530 3049       3       java.lang.management.ManagementFactory$PlatformMBeanFinder::findSingleton (109 bytes)
Event: 34.631 Thread 0x000005e049575530 nmethod 3049 0x000001ba2a30e390 code [0x000001ba2a30e7a0, 0x000001ba2a310648]
Event: 34.631 Thread 0x000005e049575530 3050       3       java.lang.management.ManagementFactory$PlatformMBeanFinder::getMap (4 bytes)
Event: 34.631 Thread 0x000005e049575530 nmethod 3050 0x000001ba2a311090 code [0x000001ba2a311220, 0x000001ba2a311318]
Event: 34.631 Thread 0x000005e049575530 3051       3       java.util.HashMap$Values::spliterator (16 bytes)
Event: 34.631 Thread 0x000005e049575530 nmethod 3051 0x000001ba2a311390 code [0x000001ba2a311540, 0x000001ba2a311708]
Event: 34.631 Thread 0x000005e049575530 3052       3       java.util.HashMap$ValueSpliterator::<init> (12 bytes)
Event: 34.632 Thread 0x000005e049575530 nmethod 3052 0x000001ba2a311810 code [0x000001ba2a3119c0, 0x000001ba2a311bf8]
Event: 34.632 Thread 0x000005e049575530 3053       3       java.util.HashMap$HashMapSpliterator::<init> (32 bytes)
Event: 34.632 Thread 0x000005e049575530 nmethod 3053 0x000001ba2a311d10 code [0x000001ba2a311ea0, 0x000001ba2a312078]
Event: 34.632 Thread 0x000005e049575530 3054       3       java.util.regex.Pattern$$Lambda$29/0x00000000800d04f0::is (13 bytes)
Event: 34.632 Thread 0x000005e049575530 nmethod 3054 0x000001ba2a312110 code [0x000001ba2a3122c0, 0x000001ba2a312518]
Event: 34.799 Thread 0x000005e049571a60 3055       4       java.lang.management.ManagementFactory$PlatformMBeanFinder$$Lambda$233/0x0000000080272858::test (12 bytes)
Event: 34.813 Thread 0x000005e049571a60 nmethod 3055 0x000001ba319d4c90 code [0x000001ba319d4e80, 0x000001ba319d58a8]

GC Heap History (20 events):
Event: 1.184 GC heap before
{Heap before GC invocations=0 (full 0):
 garbage-first heap   total 262144K, used 0K [0x000001ba3a000000, 0x000005ba3a000000)
  region size 32768K, 1 young (32768K), 0 survivors (0K)
 Metaspace       used 16507K, committed 16704K, reserved 1114112K
  class space    used 1554K, committed 1664K, reserved 1048576K
}
Event: 1.198 GC heap after
{Heap after GC invocations=1 (full 0):
 garbage-first heap   total 262144K, used 6578K [0x000001ba3a000000, 0x000005ba3a000000)
  region size 32768K, 1 young (32768K), 1 survivors (32768K)
 Metaspace       used 16507K, committed 16704K, reserved 1114112K
  class space    used 1554K, committed 1664K, reserved 1048576K
}
Event: 1.392 GC heap before
{Heap before GC invocations=1 (full 0):
 garbage-first heap   total 262144K, used 39346K [0x000001ba3a000000, 0x000005ba3a000000)
  region size 32768K, 2 young (65536K), 1 survivors (32768K)
 Metaspace       used 16585K, committed 16832K, reserved 1114112K
  class space    used 1557K, committed 1664K, reserved 1048576K
}
Event: 1.399 GC heap after
{Heap after GC invocations=2 (full 0):
 garbage-first heap   total 262144K, used 15529K [0x000001ba3a000000, 0x000005ba3a000000)
  region size 32768K, 1 young (32768K), 1 survivors (32768K)
 Metaspace       used 16585K, committed 16832K, reserved 1114112K
  class space    used 1557K, committed 1664K, reserved 1048576K
}
Event: 1.723 GC heap before
{Heap before GC invocations=2 (full 0):
 garbage-first heap   total 262144K, used 48297K [0x000001ba3a000000, 0x000005ba3a000000)
  region size 32768K, 2 young (65536K), 1 survivors (32768K)
 Metaspace       used 16594K, committed 16832K, reserved 1114112K
  class space    used 1557K, committed 1664K, reserved 1048576K
}
Event: 1.734 GC heap after
{Heap after GC invocations=3 (full 0):
 garbage-first heap   total 262144K, used 31417K [0x000001ba3a000000, 0x000005ba3a000000)
  region size 32768K, 1 young (32768K), 1 survivors (32768K)
 Metaspace       used 16594K, committed 16832K, reserved 1114112K
  class space    used 1557K, committed 1664K, reserved 1048576K
}
Event: 1.764 GC heap before
{Heap before GC invocations=3 (full 0):
 garbage-first heap   total 262144K, used 31417K [0x000001ba3a000000, 0x000005ba3a000000)
  region size 32768K, 2 young (65536K), 1 survivors (32768K)
 Metaspace       used 16594K, committed 16832K, reserved 1114112K
  class space    used 1557K, committed 1664K, reserved 1048576K
}
Event: 1.776 GC heap after
{Heap after GC invocations=4 (full 0):
 garbage-first heap   total 262144K, used 47439K [0x000001ba3a000000, 0x000005ba3a000000)
  region size 32768K, 1 young (32768K), 1 survivors (32768K)
 Metaspace       used 16594K, committed 16832K, reserved 1114112K
  class space    used 1557K, committed 1664K, reserved 1048576K
}
Event: 1.940 GC heap before
{Heap before GC invocations=4 (full 0):
 garbage-first heap   total 262144K, used 80207K [0x000001ba3a000000, 0x000005ba3a000000)
  region size 32768K, 2 young (65536K), 1 survivors (32768K)
 Metaspace       used 16944K, committed 17152K, reserved 1114112K
  class space    used 1608K, committed 1728K, reserved 1048576K
}
Event: 1.951 GC heap after
{Heap after GC invocations=5 (full 0):
 garbage-first heap   total 524288K, used 89291K [0x000001ba3a000000, 0x000005ba3a000000)
  region size 32768K, 1 young (32768K), 1 survivors (32768K)
 Metaspace       used 16944K, committed 17152K, reserved 1114112K
  class space    used 1608K, committed 1728K, reserved 1048576K
}
Event: 1.983 GC heap before
{Heap before GC invocations=5 (full 0):
 garbage-first heap   total 524288K, used 89291K [0x000001ba3a000000, 0x000005ba3a000000)
  region size 32768K, 2 young (65536K), 1 survivors (32768K)
 Metaspace       used 16948K, committed 17216K, reserved 1114112K
  class space    used 1608K, committed 1728K, reserved 1048576K
}
Event: 1.997 GC heap after
{Heap after GC invocations=6 (full 0):
 garbage-first heap   total 524288K, used 146864K [0x000001ba3a000000, 0x000005ba3a000000)
  region size 32768K, 1 young (32768K), 1 survivors (32768K)
 Metaspace       used 16948K, committed 17216K, reserved 1114112K
  class space    used 1608K, committed 1728K, reserved 1048576K
}
Event: 2.203 GC heap before
{Heap before GC invocations=6 (full 0):
 garbage-first heap   total 524288K, used 179632K [0x000001ba3a000000, 0x000005ba3a000000)
  region size 32768K, 2 young (65536K), 1 survivors (32768K)
 Metaspace       used 17406K, committed 17600K, reserved 1114112K
  class space    used 1667K, committed 1792K, reserved 1048576K
}
Event: 2.219 GC heap after
{Heap after GC invocations=7 (full 0):
 garbage-first heap   total 524288K, used 160751K [0x000001ba3a000000, 0x000005ba3a000000)
  region size 32768K, 1 young (32768K), 1 survivors (32768K)
 Metaspace       used 17406K, committed 17600K, reserved 1114112K
  class space    used 1667K, committed 1792K, reserved 1048576K
}
Event: 5.179 GC heap before
{Heap before GC invocations=7 (full 0):
 garbage-first heap   total 524288K, used 226287K [0x000001ba3a000000, 0x000005ba3a000000)
  region size 32768K, 3 young (98304K), 1 survivors (32768K)
 Metaspace       used 19965K, committed 20288K, reserved 1114112K
  class space    used 2043K, committed 2176K, reserved 1048576K
}
Event: 5.202 GC heap after
{Heap after GC invocations=8 (full 0):
 garbage-first heap   total 524288K, used 223634K [0x000001ba3a000000, 0x000005ba3a000000)
  region size 32768K, 1 young (32768K), 1 survivors (32768K)
 Metaspace       used 19965K, committed 20288K, reserved 1114112K
  class space    used 2043K, committed 2176K, reserved 1048576K
}
Event: 6.504 GC heap before
{Heap before GC invocations=8 (full 0):
 garbage-first heap   total 524288K, used 223634K [0x000001ba3a000000, 0x000005ba3a000000)
  region size 32768K, 2 young (65536K), 1 survivors (32768K)
 Metaspace       used 21242K, committed 21504K, reserved 1114112K
  class space    used 2189K, committed 2304K, reserved 1048576K
}
Event: 6.515 GC heap after
{Heap after GC invocations=9 (full 0):
 garbage-first heap   total 524288K, used 230023K [0x000001ba3a000000, 0x000005ba3a000000)
  region size 32768K, 1 young (32768K), 1 survivors (32768K)
 Metaspace       used 21242K, committed 21504K, reserved 1114112K
  class space    used 2189K, committed 2304K, reserved 1048576K
}
Event: 32.419 GC heap before
{Heap before GC invocations=10 (full 0):
 garbage-first heap   total 524288K, used 262791K [0x000001ba3a000000, 0x000005ba3a000000)
  region size 32768K, 2 young (65536K), 1 survivors (32768K)
 Metaspace       used 23167K, committed 23424K, reserved 1114112K
  class space    used 2368K, committed 2496K, reserved 1048576K
}
Event: 32.425 GC heap after
{Heap after GC invocations=11 (full 0):
 garbage-first heap   total 1048576K, used 227577K [0x000001ba3a000000, 0x000005ba3a000000)
  region size 32768K, 1 young (32768K), 1 survivors (32768K)
 Metaspace       used 23167K, committed 23424K, reserved 1114112K
  class space    used 2368K, committed 2496K, reserved 1048576K
}

Dll operation events (3 events):
Event: 0.008 Loaded shared library C:\Users\bader\.jdks\jbrsdk_jcef-17.0.9\bin\java.dll
Event: 0.098 Loaded shared library C:\Users\bader\.jdks\jbrsdk_jcef-17.0.9\bin\jsvml.dll
Event: 0.199 Loaded shared library C:\Users\bader\.jdks\jbrsdk_jcef-17.0.9\bin\zip.dll

Deoptimization events (20 events):
Event: 32.078 Thread 0x000005e054d32960 DEOPT PACKING pc=0x000001ba3190e644 sp=0x00000062a35fe780
Event: 32.078 Thread 0x000005e054d32960 DEOPT UNPACKING pc=0x000001ba313269a3 sp=0x00000062a35fe698 mode 2
Event: 32.181 Thread 0x000005e054c00b80 DEOPT PACKING pc=0x000001ba2a2b48cb sp=0x00000062a41ff500
Event: 32.181 Thread 0x000005e054c00b80 DEOPT UNPACKING pc=0x000001ba31327143 sp=0x00000062a41fea98 mode 0
Event: 32.234 Thread 0x000005e054d32960 Uncommon trap: trap_request=0xffffffc6 fr.pc=0x000001ba31944b38 relative=0x0000000000000578
Event: 32.234 Thread 0x000005e054d32960 Uncommon trap: reason=bimorphic_or_optimized_type_check action=maybe_recompile pc=0x000001ba31944b38 method=java.util.HashMap.getNode(Ljava/lang/Object;)Ljava/util/HashMap$Node; @ 63 c2
Event: 32.234 Thread 0x000005e054d32960 DEOPT PACKING pc=0x000001ba31944b38 sp=0x00000062a35fe660
Event: 32.234 Thread 0x000005e054d32960 DEOPT UNPACKING pc=0x000001ba313269a3 sp=0x00000062a35fe5e8 mode 2
Event: 32.234 Thread 0x000005e054d32960 Uncommon trap: trap_request=0xffffffc6 fr.pc=0x000001ba31944b38 relative=0x0000000000000578
Event: 32.234 Thread 0x000005e054d32960 Uncommon trap: reason=bimorphic_or_optimized_type_check action=maybe_recompile pc=0x000001ba31944b38 method=java.util.HashMap.getNode(Ljava/lang/Object;)Ljava/util/HashMap$Node; @ 63 c2
Event: 32.234 Thread 0x000005e054d32960 DEOPT PACKING pc=0x000001ba31944b38 sp=0x00000062a35fe660
Event: 32.234 Thread 0x000005e054d32960 DEOPT UNPACKING pc=0x000001ba313269a3 sp=0x00000062a35fe5e8 mode 2
Event: 32.234 Thread 0x000005e054d32960 Uncommon trap: trap_request=0xffffffc6 fr.pc=0x000001ba31944b38 relative=0x0000000000000578
Event: 32.234 Thread 0x000005e054d32960 Uncommon trap: reason=bimorphic_or_optimized_type_check action=maybe_recompile pc=0x000001ba31944b38 method=java.util.HashMap.getNode(Ljava/lang/Object;)Ljava/util/HashMap$Node; @ 63 c2
Event: 32.234 Thread 0x000005e054d32960 DEOPT PACKING pc=0x000001ba31944b38 sp=0x00000062a35fe6f0
Event: 32.234 Thread 0x000005e054d32960 DEOPT UNPACKING pc=0x000001ba313269a3 sp=0x00000062a35fe678 mode 2
Event: 32.234 Thread 0x000005e054d32960 Uncommon trap: trap_request=0xffffffc6 fr.pc=0x000001ba31944b38 relative=0x0000000000000578
Event: 32.234 Thread 0x000005e054d32960 Uncommon trap: reason=bimorphic_or_optimized_type_check action=maybe_recompile pc=0x000001ba31944b38 method=java.util.HashMap.getNode(Ljava/lang/Object;)Ljava/util/HashMap$Node; @ 63 c2
Event: 32.234 Thread 0x000005e054d32960 DEOPT PACKING pc=0x000001ba31944b38 sp=0x00000062a35fe5d0
Event: 32.234 Thread 0x000005e054d32960 DEOPT UNPACKING pc=0x000001ba313269a3 sp=0x00000062a35fe558 mode 2

Classes unloaded (0 events):
No events

Classes redefined (0 events):
No events

Internal exceptions (20 events):
Event: 1.109 Thread 0x000001ba249ff510 Exception <a 'java/lang/NoSuchMethodError'{0x000001ba4989b528}: 'int java.lang.invoke.DirectMethodHandle$Holder.invokeStaticInit(java.lang.Object, int, int)'> (0x000001ba4989b528) 
thrown [s\src\hotspot\share\interpreter\linkResolver.cpp, line 771]
Event: 1.110 Thread 0x000001ba249ff510 Exception <a 'java/lang/NoSuchMethodError'{0x000001ba498a5050}: 'int java.lang.invoke.DirectMethodHandle$Holder.invokeStaticInit(java.lang.Object, long, long)'> (0x000001ba498a5050) 
thrown [s\src\hotspot\share\interpreter\linkResolver.cpp, line 771]
Event: 1.110 Thread 0x000001ba249ff510 Exception <a 'java/lang/NoSuchMethodError'{0x000001ba498add38}: 'int java.lang.invoke.DirectMethodHandle$Holder.invokeStaticInit(java.lang.Object, float, float)'> (0x000001ba498add38) 
thrown [s\src\hotspot\share\interpreter\linkResolver.cpp, line 771]
Event: 1.111 Thread 0x000001ba249ff510 Exception <a 'java/lang/NoSuchMethodError'{0x000001ba498b6a28}: 'int java.lang.invoke.DirectMethodHandle$Holder.invokeStaticInit(java.lang.Object, double, double)'> (0x000001ba498b6a28) 
thrown [s\src\hotspot\share\interpreter\linkResolver.cpp, line 771]
Event: 1.111 Thread 0x000001ba249ff510 Exception <a 'java/lang/NoSuchMethodError'{0x000001ba498bc4f8}: 'int java.lang.invoke.DirectMethodHandle$Holder.invokeStatic(java.lang.Object, long)'> (0x000001ba498bc4f8) 
thrown [s\src\hotspot\share\interpreter\linkResolver.cpp, line 771]
Event: 1.116 Thread 0x000001ba249ff510 Exception <a 'java/lang/NoSuchMethodError'{0x000001ba498eb9f8}: 'int java.lang.invoke.Invokers$Holder.linkToTargetMethod(java.lang.Object, java.lang.Object)'> (0x000001ba498eb9f8) 
thrown [s\src\hotspot\share\interpreter\linkResolver.cpp, line 771]
Event: 3.128 Thread 0x000001ba249ff510 Exception <a 'java/lang/NoSuchMethodError'{0x000001ba590902b8}: 'void java.lang.invoke.DirectMethodHandle$Holder.invokeSpecial(java.lang.Object, java.lang.Object, java.lang.Object)'> (0x000001ba590902b8) 
thrown [s\src\hotspot\share\interpreter\linkResolver.cpp, line 771]
Event: 5.080 Thread 0x000001ba249ff510 Exception <a 'java/lang/NoSuchMethodError'{0x000001ba57c40a90}: 'void java.lang.invoke.DirectMethodHandle$Holder.invokeStaticInit(java.lang.Object)'> (0x000001ba57c40a90) 
thrown [s\src\hotspot\share\interpreter\linkResolver.cpp, line 771]
Event: 5.105 Thread 0x000005e054d32960 Exception <a 'java/lang/NoSuchMethodError'{0x000001ba57cfe4f0}: 'java.lang.Object java.lang.invoke.DirectMethodHandle$Holder.newInvokeSpecial(java.lang.Object, java.lang.Object, java.lang.Object, java.lang.Object, java.lang.Object)'> (0x000001ba57cfe4f0) 
thrown [s\src\hotspot\share\interpreter\linkResolver.cpp, line 771]
Event: 5.107 Thread 0x000005e054d32960 Exception <a 'java/lang/NoSuchMethodError'{0x000001ba57d0cdc0}: 'java.lang.Object java.lang.invoke.DirectMethodHandle$Holder.invokeStatic(java.lang.Object, int, java.lang.Object, java.lang.Object, java.lang.Object, java.lang.Object)'> (0x000001ba57d0cdc0) 
thrown [s\src\hotspot\share\interpreter\linkResolver.cpp, line 771]
Event: 5.134 Thread 0x000005e054d32960 Exception <a 'java/lang/ClassNotFoundException'{0x000001ba57efc278}: com/sun/swing/internal/plaf/metal/resources/spi/metalProvider> (0x000001ba57efc278) 
thrown [s\src\hotspot\share\classfile\systemDictionary.cpp, line 256]
Event: 5.135 Thread 0x000005e054d32960 Exception <a 'java/lang/ClassNotFoundException'{0x000001ba57f021d0}: com/sun/swing/internal/plaf/basic/resources/spi/basicProvider> (0x000001ba57f021d0) 
thrown [s\src\hotspot\share\classfile\systemDictionary.cpp, line 256]
Event: 5.138 Thread 0x000005e054d32960 Exception <a 'java/lang/NoSuchMethodError'{0x000001ba57f26588}: 'java.lang.Object java.lang.invoke.Invokers$Holder.linkToTargetMethod(java.lang.Object, int, java.lang.Object, java.lang.Object, java.lang.Object)'> (0x000001ba57f26588) 
thrown [s\src\hotspot\share\interpreter\linkResolver.cpp, line 771]
Event: 5.158 Thread 0x000005e054b3e1a0 Exception <a 'java/lang/NoSuchMethodError'{0x000001ba57fdf5b8}: 'void java.lang.invoke.DirectMethodHandle$Holder.invokeVirtual(java.lang.Object, java.lang.Object)'> (0x000001ba57fdf5b8) 
thrown [s\src\hotspot\share\interpreter\linkResolver.cpp, line 771]
Event: 5.176 Thread 0x000005e054d32960 Exception <a 'java/lang/NoSuchMethodError'{0x000001ba57fb79d8}: 'java.lang.Object java.lang.invoke.DirectMethodHandle$Holder.newInvokeSpecial(java.lang.Object, java.lang.Object, int, int, int, int)'> (0x000001ba57fb79d8) 
thrown [s\src\hotspot\share\interpreter\linkResolver.cpp, line 771]
Event: 5.178 Thread 0x000005e054d32960 Exception <a 'java/lang/NoSuchMethodError'{0x000001ba57fc9728}: 'void java.lang.invoke.DirectMethodHandle$Holder.invokeSpecial(java.lang.Object, java.lang.Object, int, int)'> (0x000001ba57fc9728) 
thrown [s\src\hotspot\share\interpreter\linkResolver.cpp, line 771]
Event: 5.179 Thread 0x000005e054d32960 Exception <a 'java/lang/NoSuchMethodError'{0x000001ba57fd1590}: 'java.lang.Object java.lang.invoke.DirectMethodHandle$Holder.newInvokeSpecial(java.lang.Object, java.lang.Object, int, int)'> (0x000001ba57fd1590) 
thrown [s\src\hotspot\share\interpreter\linkResolver.cpp, line 771]
Event: 5.312 Thread 0x000005e054d32960 Exception <a 'java/lang/NoSuchMethodError'{0x000001ba58132578}: 'java.lang.Object java.lang.invoke.Invokers$Holder.invoke_MT(java.lang.Object, java.lang.Object, java.lang.Object)'> (0x000001ba58132578) 
thrown [s\src\hotspot\share\interpreter\linkResolver.cpp, line 771]
Event: 5.313 Thread 0x000005e054d32960 Exception <a 'java/lang/NoSuchMethodError'{0x000001ba58140a88}: 'int java.lang.invoke.Invokers$Holder.invoke_MT(java.lang.Object, java.lang.Object, java.lang.Object)'> (0x000001ba58140a88) 
thrown [s\src\hotspot\share\interpreter\linkResolver.cpp, line 771]
Event: 6.436 Thread 0x000005e054d32960 Exception <a 'java/lang/NoSuchMethodError'{0x000001ba581c0518}: 'void java.lang.invoke.DirectMethodHandle$Holder.invokeStatic(java.lang.Object, java.lang.Object, java.lang.Object)'> (0x000001ba581c0518) 
thrown [s\src\hotspot\share\interpreter\linkResolver.cpp, line 771]

VM Operations (20 events):
Event: 25.752 Executing VM operation: Cleanup
Event: 25.753 Executing VM operation: Cleanup done
Event: 27.699 Executing VM operation: HandshakeAllThreads
Event: 27.699 Executing VM operation: HandshakeAllThreads done
Event: 27.699 Executing VM operation: Cleanup
Event: 27.699 Executing VM operation: Cleanup done
Event: 28.713 Executing VM operation: Cleanup
Event: 28.713 Executing VM operation: Cleanup done
Event: 29.721 Executing VM operation: Cleanup
Event: 29.721 Executing VM operation: Cleanup done
Event: 30.735 Executing VM operation: Cleanup
Event: 30.735 Executing VM operation: Cleanup done
Event: 31.741 Executing VM operation: Cleanup
Event: 31.741 Executing VM operation: Cleanup done
Event: 32.419 Executing VM operation: G1CollectForAllocation
Event: 32.425 Executing VM operation: G1CollectForAllocation done
Event: 33.430 Executing VM operation: Cleanup
Event: 33.430 Executing VM operation: Cleanup done
Event: 34.441 Executing VM operation: Cleanup
Event: 34.441 Executing VM operation: Cleanup done

Events (20 events):
Event: 31.129 loading class sun/awt/ModalExclude done
Event: 31.129 loading class javax/swing/JWindow
Event: 31.129 loading class javax/swing/JWindow done
Event: 31.129 loading class javax/swing/Popup$HeavyWeightWindow done
Event: 32.076 loading class javax/swing/JInternalFrame
Event: 32.078 loading class javax/swing/JInternalFrame done
Event: 34.890 loading class jdk/internal/misc/Signal$1
Event: 34.891 loading class jdk/internal/misc/Signal$1 done
Event: 34.891 Thread 0x000005e054c024d0 Thread added: 0x000005e054c024d0
Event: 34.891 Thread 0x000005e054c00160 Thread added: 0x000005e054c00160
Event: 34.891 Thread 0x000005e057c9f500 Thread added: 0x000005e057c9f500
Event: 34.891 Thread 0x000005e057ca6460 Thread added: 0x000005e057ca6460
Event: 34.892 loading class sun/font/SunFontManager$8$1
Event: 34.892 loading class java/util/WeakHashMap$KeyIterator
Event: 34.892 loading class java/util/WeakHashMap$HashIterator
Event: 34.892 loading class sun/font/SunFontManager$8$1 done
Event: 34.892 loading class java/util/WeakHashMap$HashIterator done
Event: 34.892 loading class java/util/WeakHashMap$KeyIterator done
Event: 34.892 Thread 0x000005e057c9f500 Thread exited: 0x000005e057c9f500
Event: 34.894 Thread 0x000005e057ca6460 Thread exited: 0x000005e057ca6460


Dynamic libraries:
0x00007ff7d9cd0000 - 0x00007ff7d9cda000 	C:\Users\bader\.jdks\jbrsdk_jcef-17.0.9\bin\java.exe
0x00007ffed6e90000 - 0x00007ffed7088000 	C:\Windows\SYSTEM32\ntdll.dll
0x00007ffed4f20000 - 0x00007ffed4fe2000 	C:\Windows\System32\KERNEL32.DLL
0x00007ffed4960000 - 0x00007ffed4c5e000 	C:\Windows\System32\KERNELBASE.dll
0x00007ffed4db0000 - 0x00007ffed4eb0000 	C:\Windows\System32\ucrtbase.dll
0x00007ffecf4c0000 - 0x00007ffecf4db000 	C:\Users\bader\.jdks\jbrsdk_jcef-17.0.9\bin\VCRUNTIME140.dll
0x00007ffecf5f0000 - 0x00007ffecf607000 	C:\Users\bader\.jdks\jbrsdk_jcef-17.0.9\bin\jli.dll
0x00007ffed6bd0000 - 0x00007ffed6d6d000 	C:\Windows\System32\USER32.dll
0x00007ffed4650000 - 0x00007ffed4672000 	C:\Windows\System32\win32u.dll
0x00007ffeba210000 - 0x00007ffeba4aa000 	C:\Windows\WinSxS\amd64_microsoft.windows.common-controls_6595b64144ccf1df_6.0.19041.4355_none_60b8b9eb71f62e16\COMCTL32.dll
0x00007ffed61a0000 - 0x00007ffed61cb000 	C:\Windows\System32\GDI32.dll
0x00007ffed67d0000 - 0x00007ffed686e000 	C:\Windows\System32\msvcrt.dll
0x00007ffed4530000 - 0x00007ffed4647000 	C:\Windows\System32\gdi32full.dll
0x00007ffed4d10000 - 0x00007ffed4dad000 	C:\Windows\System32\msvcp_win.dll
0x00007ffed6100000 - 0x00007ffed612f000 	C:\Windows\System32\IMM32.DLL
0x00007ffecf660000 - 0x00007ffecf66c000 	C:\Users\bader\.jdks\jbrsdk_jcef-17.0.9\bin\vcruntime140_1.dll
0x00007ffeb72d0000 - 0x00007ffeb735d000 	C:\Users\bader\.jdks\jbrsdk_jcef-17.0.9\bin\msvcp140.dll
0x00007ffe6afa0000 - 0x00007ffe6bc22000 	C:\Users\bader\.jdks\jbrsdk_jcef-17.0.9\bin\server\jvm.dll
0x00007ffed6d90000 - 0x00007ffed6e41000 	C:\Windows\System32\ADVAPI32.dll
0x00007ffed5e40000 - 0x00007ffed5edf000 	C:\Windows\System32\sechost.dll
0x00007ffed62a0000 - 0x00007ffed63c3000 	C:\Windows\System32\RPCRT4.dll
0x00007ffed4760000 - 0x00007ffed4787000 	C:\Windows\System32\bcrypt.dll
0x00007ffed3a60000 - 0x00007ffed3aab000 	C:\Windows\SYSTEM32\POWRPROF.dll
0x00007ffebb4b0000 - 0x00007ffebb4b9000 	C:\Windows\SYSTEM32\WSOCK32.dll
0x00007ffeb9a40000 - 0x00007ffeb9a67000 	C:\Windows\SYSTEM32\WINMM.dll
0x00007ffecd650000 - 0x00007ffecd65a000 	C:\Windows\SYSTEM32\VERSION.dll
0x00007ffed6090000 - 0x00007ffed60fb000 	C:\Windows\System32\WS2_32.dll
0x00007ffed3930000 - 0x00007ffed3942000 	C:\Windows\SYSTEM32\UMPDC.dll
0x00007ffed23b0000 - 0x00007ffed23c2000 	C:\Windows\SYSTEM32\kernel.appcore.dll
0x00007ffecf640000 - 0x00007ffecf64a000 	C:\Users\bader\.jdks\jbrsdk_jcef-17.0.9\bin\jimage.dll
0x00007ffed1cc0000 - 0x00007ffed1ea4000 	C:\Windows\SYSTEM32\DBGHELP.DLL
0x00007ffec4470000 - 0x00007ffec44a4000 	C:\Windows\SYSTEM32\dbgcore.DLL
0x00007ffed46d0000 - 0x00007ffed4752000 	C:\Windows\System32\bcryptPrimitives.dll
0x00007ffecd140000 - 0x00007ffecd14e000 	C:\Users\bader\.jdks\jbrsdk_jcef-17.0.9\bin\instrument.dll
0x00007ffecbf50000 - 0x00007ffecbf75000 	C:\Users\bader\.jdks\jbrsdk_jcef-17.0.9\bin\java.dll
0x00007ffec3fb0000 - 0x00007ffec3fc8000 	C:\Users\bader\.jdks\jbrsdk_jcef-17.0.9\bin\zip.dll
0x00007ffea8900000 - 0x00007ffea89d7000 	C:\Users\bader\.jdks\jbrsdk_jcef-17.0.9\bin\jsvml.dll
0x00007ffed4ff0000 - 0x00007ffed575d000 	C:\Windows\System32\SHELL32.dll
0x00007ffed25b0000 - 0x00007ffed2d54000 	C:\Windows\SYSTEM32\windows.storage.dll
0x00007ffed6870000 - 0x00007ffed6bc3000 	C:\Windows\System32\combase.dll
0x00007ffed3f60000 - 0x00007ffed3f8e000 	C:\Windows\SYSTEM32\Wldp.dll
0x00007ffed61d0000 - 0x00007ffed629d000 	C:\Windows\System32\OLEAUT32.dll
0x00007ffed65c0000 - 0x00007ffed666d000 	C:\Windows\System32\SHCORE.dll
0x00007ffed6560000 - 0x00007ffed65b5000 	C:\Windows\System32\shlwapi.dll
0x00007ffed4460000 - 0x00007ffed4484000 	C:\Windows\SYSTEM32\profapi.dll
0x00007ffec3f90000 - 0x00007ffec3fa9000 	C:\Users\bader\.jdks\jbrsdk_jcef-17.0.9\bin\net.dll
0x00007ffeccc80000 - 0x00007ffeccd8d000 	C:\Windows\SYSTEM32\WINHTTP.dll
0x00007ffed3cc0000 - 0x00007ffed3d2a000 	C:\Windows\system32\mswsock.dll
0x00007ffec3ef0000 - 0x00007ffec3f06000 	C:\Users\bader\.jdks\jbrsdk_jcef-17.0.9\bin\nio.dll
0x00007ffec1840000 - 0x00007ffec185a000 	C:\Program Files\JetBrains\IntelliJ IDEA Community Edition 2023.3.6\bin\breakgen64.dll
0x00007ffe82d70000 - 0x00007ffe82f0a000 	C:\Users\bader\.jdks\jbrsdk_jcef-17.0.9\bin\awt.dll
0x00007ffed20b0000 - 0x00007ffed20df000 	C:\Windows\SYSTEM32\dwmapi.dll
0x00007ffebdc90000 - 0x00007ffebdcd4000 	C:\Users\bader\.jdks\jbrsdk_jcef-17.0.9\bin\nvdaControllerClient64.dll
0x00007ffecf1c0000 - 0x00007ffecf254000 	C:\Windows\SYSTEM32\apphelp.dll
0x00007ffeb81e0000 - 0x00007ffeb8308000 	C:\Windows\system32\opengl32.dll
0x00007ffeb7c60000 - 0x00007ffeb7c8c000 	C:\Windows\SYSTEM32\GLU32.dll
0x00007ffed1090000 - 0x00007ffed112e000 	C:\Windows\system32\uxtheme.dll
0x00007ffed5bd0000 - 0x00007ffed5ce5000 	C:\Windows\System32\MSCTF.dll
0x00007ffed5cf0000 - 0x00007ffed5d99000 	C:\Windows\System32\clbcatq.dll
0x00007ffe45430000 - 0x00007ffe463fa000 	C:\Windows\System32\DriverStore\FileRepository\iigd_dch.inf_amd64_5d54dd32fa1ef4d4\ig9icd64.dll
0x00007ffed6430000 - 0x00007ffed655b000 	C:\Windows\System32\ole32.dll
0x00007ffed2dc0000 - 0x00007ffed2eb6000 	C:\Windows\system32\dxgi.dll
0x00007ffec7a80000 - 0x00007ffec7cbf000 	C:\Windows\System32\DriverStore\FileRepository\iigd_dch.inf_amd64_5d54dd32fa1ef4d4\igdgmm64.dll
0x00007ffec4eb0000 - 0x00007ffec7a79000 	C:\Windows\System32\DriverStore\FileRepository\iigd_dch.inf_amd64_5d54dd32fa1ef4d4\igc64.dll
0x00007ffe63280000 - 0x00007ffe6368c000 	C:\Windows\System32\DriverStore\FileRepository\iigd_dch.inf_amd64_5d54dd32fa1ef4d4\igdml64.dll
0x00007ffed3ec0000 - 0x00007ffed3ed8000 	C:\Windows\SYSTEM32\CRYPTSP.dll
0x00007ffed3570000 - 0x00007ffed35a4000 	C:\Windows\system32\rsaenh.dll
0x00007ffed4420000 - 0x00007ffed444e000 	C:\Windows\SYSTEM32\USERENV.dll
0x00007ffed3eb0000 - 0x00007ffed3ebc000 	C:\Windows\SYSTEM32\CRYPTBASE.dll
0x00007ffed3950000 - 0x00007ffed398b000 	C:\Windows\SYSTEM32\IPHLPAPI.DLL
0x00007ffed5e30000 - 0x00007ffed5e38000 	C:\Windows\System32\NSI.dll
0x00007ffecc960000 - 0x00007ffecc977000 	C:\Windows\SYSTEM32\dhcpcsvc6.DLL
0x00007ffeccbf0000 - 0x00007ffeccc0d000 	C:\Windows\SYSTEM32\dhcpcsvc.DLL
0x00007ffed3990000 - 0x00007ffed3a5a000 	C:\Windows\SYSTEM32\DNSAPI.dll
0x00007ffeabf20000 - 0x00007ffeabfa7000 	C:\Users\bader\.jdks\jbrsdk_jcef-17.0.9\bin\freetype.dll
0x00007ffea7b90000 - 0x00007ffea7c67000 	C:\Users\bader\.jdks\jbrsdk_jcef-17.0.9\bin\fontmanager.dll
0x00007ffebde20000 - 0x00007ffebde32000 	C:\Users\bader\.jdks\jbrsdk_jcef-17.0.9\bin\jsound.dll
0x00007ffea87c0000 - 0x00007ffea885c000 	C:\Windows\SYSTEM32\DSOUND.dll
0x00007ffec02f0000 - 0x00007ffec0316000 	C:\Windows\SYSTEM32\winmmbase.dll
0x00007ffecce00000 - 0x00007ffecce85000 	C:\Windows\System32\MMDevApi.dll
0x00007ffed42c0000 - 0x00007ffed42f3000 	C:\Windows\System32\DEVOBJ.dll
0x00007ffed4680000 - 0x00007ffed46ce000 	C:\Windows\System32\cfgmgr32.dll
0x00007ffeb5080000 - 0x00007ffeb50c6000 	C:\Windows\SYSTEM32\wdmaud.drv
0x00007ffeced00000 - 0x00007ffeced0a000 	C:\Windows\SYSTEM32\AVRT.dll
0x00007ffecf4e0000 - 0x00007ffecf4e9000 	C:\Windows\SYSTEM32\ksuser.dll
0x00007ffecce90000 - 0x00007ffecd011000 	C:\Windows\SYSTEM32\AUDIOSES.DLL
0x00007ffeb5070000 - 0x00007ffeb507d000 	C:\Windows\SYSTEM32\msacm32.drv
0x00007ffeb5050000 - 0x00007ffeb506e000 	C:\Windows\SYSTEM32\MSACM32.dll
0x00007ffeb5040000 - 0x00007ffeb504b000 	C:\Windows\SYSTEM32\midimap.dll
0x00007ffed1fb0000 - 0x00007ffed1fc4000 	C:\Windows\SYSTEM32\resourcepolicyclient.dll
0x00007ffeb1a60000 - 0x00007ffeb1c05000 	C:\Windows\WinSxS\amd64_microsoft.windows.gdiplus_6595b64144ccf1df_1.1.19041.4597_none_91a78020cc854124\gdiplus.dll
0x00007ffebfdd0000 - 0x00007ffebfec9000 	C:\Windows\SYSTEM32\textinputframework.dll
0x00007ffecea50000 - 0x00007ffeceb42000 	C:\Windows\System32\CoreMessaging.dll
0x00007ffece6e0000 - 0x00007ffecea3b000 	C:\Windows\System32\CoreUIComponents.dll
0x00007ffed37c0000 - 0x00007ffed37f3000 	C:\Windows\SYSTEM32\ntmarta.dll
0x00007ffed12c0000 - 0x00007ffed1417000 	C:\Windows\SYSTEM32\wintypes.dll
0x00007ffeb7e70000 - 0x00007ffeb8165000 	C:\Windows\System32\uiautomationcore.dll
0x00007ffed1880000 - 0x00007ffed1976000 	C:\Windows\System32\PROPSYS.dll
0x00007ffeb8170000 - 0x00007ffeb81d6000 	C:\Windows\System32\OLEACC.dll
0x00007ffebfed0000 - 0x00007ffec000f000 	C:\Windows\System32\Windows.UI.dll
0x00007ffecbdf0000 - 0x00007ffecbe91000 	C:\Windows\System32\WindowManagementAPI.dll
0x00007ffebfc70000 - 0x00007ffebfdc2000 	C:\Windows\System32\InputHost.dll
0x00007ffecb4a0000 - 0x00007ffecb6a3000 	C:\Windows\SYSTEM32\twinapi.appcore.dll
0x00007ffecb150000 - 0x00007ffecb159000 	C:\Users\bader\.jdks\jbrsdk_jcef-17.0.9\bin\management.dll
0x00007ffec3ee0000 - 0x00007ffec3eeb000 	C:\Users\bader\.jdks\jbrsdk_jcef-17.0.9\bin\management_ext.dll
0x00007ffed4f10000 - 0x00007ffed4f18000 	C:\Windows\System32\PSAPI.DLL
0x00007ffebb3a0000 - 0x00007ffebb3f1000 	C:\Windows\SYSTEM32\pdh.dll
0x00007ffeb9a00000 - 0x00007ffeb9a0f000 	C:\Windows\System32\perfproc.dll
0x00007ffed0e20000 - 0x00007ffed0e2f000 	C:\Windows\System32\perfos.dll

dbghelp: loaded successfully - version: 4.0.5 - missing functions: none
symbol engine: initialized successfully - sym options: 0x614 - pdb path: .;C:\Users\bader\.jdks\jbrsdk_jcef-17.0.9\bin;C:\Windows\SYSTEM32;C:\Windows\WinSxS\amd64_microsoft.windows.common-controls_6595b64144ccf1df_6.0.19041.4355_none_60b8b9eb71f62e16;C:\Users\bader\.jdks\jbrsdk_jcef-17.0.9\bin\server;C:\Program Files\JetBrains\IntelliJ IDEA Community Edition 2023.3.6\bin;C:\Windows\System32\DriverStore\FileRepository\iigd_dch.inf_amd64_5d54dd32fa1ef4d4;C:\Windows\WinSxS\amd64_microsoft.windows.gdiplus_6595b64144ccf1df_1.1.19041.4597_none_91a78020cc854124

VM Arguments:
jvm_args: -Xmx3072g -Xmx4096g -Dsun.java2d.opengl=true -XX:ErrorFile=logs/hs_err_pid%p.log -javaagent:C:\Program Files\JetBrains\IntelliJ IDEA Community Edition 2023.3.6\lib\idea_rt.jar=52656:C:\Program Files\JetBrains\IntelliJ IDEA Community Edition 2023.3.6\bin -Dfile.encoding=UTF-8 
java_command: net.sendback.Main
java_class_path (initial): C:\Users\bader\OneDrive\Bureau\Idea\GTS_PRojekt\target\classes
Launcher Type: SUN_STANDARD

[Global flags]
     intx CICompilerCount                          = 4                                         {product} {ergonomic}
     uint ConcGCThreads                            = 3                                         {product} {ergonomic}
    ccstr ErrorFile                                = logs/hs_err_pid%p.log                     {product} {command line}
     uint G1ConcRefinementThreads                  = 10                                        {product} {ergonomic}
   size_t G1HeapRegionSize                         = 33554432                                  {product} {ergonomic}
    uintx GCDrainStackTargetSize                   = 64                                        {product} {ergonomic}
   size_t InitialHeapSize                          = 268435456                                 {product} {ergonomic}
   size_t MarkStackSize                            = 4194304                                   {product} {ergonomic}
   size_t MaxHeapSize                              = 4398046511104                             {product} {command line}
   size_t MaxNewSize                               = 2638821195776                             {product} {ergonomic}
   size_t MinHeapDeltaBytes                        = 33554432                                  {product} {ergonomic}
   size_t MinHeapSize                              = 33554432                                  {product} {ergonomic}
    uintx NonNMethodCodeHeapSize                   = 5839372                                {pd product} {ergonomic}
    uintx NonProfiledCodeHeapSize                  = 122909434                              {pd product} {ergonomic}
    uintx ProfiledCodeHeapSize                     = 122909434                              {pd product} {ergonomic}
    uintx ReservedCodeCacheSize                    = 251658240                              {pd product} {ergonomic}
     bool SegmentedCodeCache                       = true                                      {product} {ergonomic}
   size_t SoftMaxHeapSize                          = 4398046511104                          {manageable} {ergonomic}
     bool UseCompressedClassPointers               = true                           {product lp64_product} {ergonomic}
     bool UseG1GC                                  = true                                      {product} {ergonomic}
     bool UseLargePagesIndividualAllocation        = false                                  {pd product} {ergonomic}

Logging:
Log output configuration:
 #0: stdout all=warning uptime,level,tags
 #1: stderr all=off uptime,level,tags

Environment Variables:
PATH=C:\Program Files\Common Files\Oracle\Java\javapath;C:\Windows\system32;C:\Windows;C:\Windows\System32\Wbem;C:\Windows\System32\WindowsPowerShell\v1.0\;C:\Windows\System32\OpenSSH\;C:\Program Files (x86)\NVIDIA Corporation\PhysX\Common;C:\Program Files\dotnet\;C:\Users\bader\AppData\Local\Microsoft\WindowsApps;C:\Users\bader\AppData\Local\GitHubDesktop\bin
USERNAME=bader
OS=Windows_NT
PROCESSOR_IDENTIFIER=Intel64 Family 6 Model 158 Stepping 10, GenuineIntel
TMP=C:\Users\bader\AppData\Local\Temp
TEMP=C:\Users\bader\AppData\Local\Temp



Periodic native trim disabled

JNI global refs:
JNI global refs: 142, weak refs: 123

JNI global refs memory usage: 2107, weak refs: 2737

OOME stack traces (most recent first):
Classloader memory used:
Loader bootstrap                                                                       : 2858K
Loader jdk.internal.loader.ClassLoaders$AppClassLoader                                 : 36165B
Loader jdk.internal.reflect.DelegatingClassLoader                                      : 5306B
Loader jdk.internal.loader.ClassLoaders$PlatformClassLoader                            : 2933B


---------------  S Y S T E M  ---------------

OS:
 Windows 10 , 64 bit Build 19041 (10.0.19041.5072)
OS uptime: 12 days 1:16 hours

CPU: total 12 (initial active 12) (6 cores per cpu, 2 threads per core) family 6 model 158 stepping 10 microcode 0xf0, cx8, cmov, fxsr, ht, mmx, 3dnowpref, sse, sse2, sse3, ssse3, sse4.1, sse4.2, popcnt, lzcnt, tsc, tscinvbit, avx, avx2, aes, erms, clmul, bmi1, bmi2, adx, fma, vzeroupper, clflush, clflushopt
Processor Information for all 12 processors :
  Max Mhz: 2592, Current Mhz: 2592, Mhz Limit: 2592

Memory: 4k page, system-wide physical 16254M (1766M free)
TotalPageFile size 21818M (AvailPageFile size 2608M)
current process WorkingSet (physical memory assigned to process): 733M, peak: 733M
current process commit charge ("private bytes"): 1479M, peak: 1479M

vm_info: OpenJDK 64-Bit Server VM (17.0.9+8-b1166.2) for windows-amd64 JRE (17.0.9+8-b1166.2), built on 2024-01-13 by "builduser" with MS VC++ 16.10 / 16.11 (VS2019)

END.
