#
# A fatal error has been detected by the Java Runtime Environment:
#
#  EXCEPTION_ACCESS_VIOLATION (0xc0000005) at pc=0x00007ffe4f443c53, pid=19988, tid=11780
#
# JRE version: OpenJDK Runtime Environment JBR-17.0.9+8-1166.2-jcef (17.0.9+8) (build 17.0.9+8-b1166.2)
# Java VM: OpenJDK 64-Bit Server VM JBR-17.0.9+8-1166.2-jcef (17.0.9+8-b1166.2, mixed mode, tiered, compressed class ptrs, g1 gc, windows-amd64)
# Problematic frame:
# C  [ig9icd64.dll+0x9c3c53]
#
# No core dump will be written. Minidumps are not enabled by default on client versions of Windows
#
# If you would like to submit a bug report, please visit:
#   https://youtrack.jetbrains.com/issues/JBR
# The crash happened outside the Java Virtual Machine in native code.
# See problematic frame for where to report the bug.
#

---------------  S U M M A R Y ------------

Command Line: -Xmx3072g -Xmx4096g -Dsun.java2d.opengl=true -XX:ErrorFile=logs/hs_err_pid%p.log -javaagent:C:\Program Files\JetBrains\IntelliJ IDEA Community Edition 2023.3.6\lib\idea_rt.jar=60857:C:\Program Files\JetBrains\IntelliJ IDEA Community Edition 2023.3.6\bin -Dfile.encoding=UTF-8 net.sendback.Main

Host: Intel(R) Core(TM) i7-9750H CPU @ 2.60GHz, 12 cores, 15G,  Windows 10 , 64 bit Build 19041 (10.0.19041.5072)
Time: Thu Nov 14 23:13:04 2024 Mitteleuropäische Zeit elapsed time: 42.678894 seconds (0d 0h 0m 42s)

---------------  T H R E A D  ---------------

Current thread (0x00000605f538e2f0):  JavaThread "Java2D Queue Flusher" daemon [_thread_in_native, id=11780, stack(0x0000000101a00000,0x0000000101b00000)]

Stack: [0x0000000101a00000,0x0000000101b00000],  sp=0x0000000101afec38,  free space=1019k
Native frames: (J=compiled Java code, j=interpreted, Vv=VM code, C=native code)
C  [ig9icd64.dll+0x9c3c53]

Java frames: (J=compiled Java code, j=interpreted, Vv=VM code)
J 2797  sun.java2d.opengl.OGLRenderQueue.flushBuffer(JI)V java.desktop (0 bytes) @ 0x000001dfd8d2e65b [0x000001dfd8d2e620+0x000000000000003b]
J 2795 c1 sun.java2d.opengl.OGLRenderQueue.flushBuffer()V java.desktop (41 bytes) @ 0x000001dfd1671884 [0x000001dfd1671760+0x0000000000000124]
j  sun.java2d.opengl.OGLRenderQueue$QueueFlusher.run()V+81 java.desktop
j  java.lang.Thread.run()V+11 java.base@17.0.9
v  ~StubRoutines::call_stub

siginfo: EXCEPTION_ACCESS_VIOLATION (0xc0000005), reading address 0xffffffffffffffff


Registers:
RAX=0x000000000fff0fff, RBX=0x00007ffe4ea80000, RCX=0x000000033fcf3fcc, RDX=0x0000000101aff150
RSP=0x0000000101afec38, RBP=0x0000000101afed40, RSI=0x00000605fb57f000, RDI=0x0000000101afef40
R8 =0x0000000101afed70, R9 =0x0000000101aff150, R10=0x0000000101afef40, R11=0x0000000000000000
R12=0x00007ffe4f8aa420, R13=0x0000000000000000, R14=0x0000000000000000, R15=0x00000000000001c1
RIP=0x00007ffe4f443c53, EFLAGS=0x0000000000010206


Register to memory mapping:

RIP=0x00007ffe4f443c53 ig9icd64.dll
RAX=0x000000000fff0fff is an unknown value
RBX=0x00007ffe4ea80000 ig9icd64.dll
RCX=0x000000033fcf3fcc is an unknown value
RDX=0x0000000101aff150 is pointing into the stack for thread: 0x00000605f538e2f0
RSP=0x0000000101afec38 is pointing into the stack for thread: 0x00000605f538e2f0
RBP=0x0000000101afed40 is pointing into the stack for thread: 0x00000605f538e2f0
RSI=0x00000605fb57f000 points into unknown readable memory: 0x00000605f53a9780 | 80 97 3a f5 05 06 00 00
RDI=0x0000000101afef40 is pointing into the stack for thread: 0x00000605f538e2f0
R8 =0x0000000101afed70 is pointing into the stack for thread: 0x00000605f538e2f0
R9 =0x0000000101aff150 is pointing into the stack for thread: 0x00000605f538e2f0
R10=0x0000000101afef40 is pointing into the stack for thread: 0x00000605f538e2f0
R11=0x0 is NULL
R12=0x00007ffe4f8aa420 ig9icd64.dll
R13=0x0 is NULL
R14=0x0 is NULL
R15=0x00000000000001c1 is an unknown value


Top of Stack: (sp=0x0000000101afec38)
0x0000000101afec38:   00007ffe4f44138b 0000000000000001
0x0000000101afec48:   0000000000000000 00000605fc21ae00
0x0000000101afec58:   00007ffec7a82572 0000000100000065
0x0000000101afec68:   0000000101afee70 0000000000000000
0x0000000101afec78:   00000605fedeba50 0000000000000000
0x0000000101afec88:   00000605fc0ab100 00000605fc21ae60
0x0000000101afec98:   0000000000000fb0 0000000000000000
0x0000000101afeca8:   0000000000000000 0000000101afee20
0x0000000101afecb8:   00007ffe4f0d9070 0000000000000000
0x0000000101afecc8:   0000000000000000 0000000000000000
0x0000000101afecd8:   0000000000000000 0000d5cbc667692e
0x0000000101afece8:   00007ffe4ea964e5 00000605fc21ae60
0x0000000101afecf8:   0000000000004001 0000000000000300
0x0000000101afed08:   00007ffed6ebb86b 00000000007e02d8
0x0000000101afed18:   0000000000000086 00000605fc02edc0
0x0000000101afed28:   0000000000000000 0000000000000000
0x0000000101afed38:   00007ffe4f441c62 0000000000000000
0x0000000101afed48:   000001dfcbc81140 0000000101aff040
0x0000000101afed58:   000001dfcbc80000 000001dfcbc802b4
0x0000000101afed68:   00000605fedeba50 00007ffe4f74f020
0x0000000101afed78:   0000000e00000000 0000001a00000018
0x0000000101afed88:   00000fff00000000 437f0000437f0000
0x0000000101afed98:   437f0000437f0000 0000ff0000ff0000
0x0000000101afeda8:   ff000000000000ff 0000000800000010
0x0000000101afedb8:   0000001800000000 0000000000000000
0x0000000101afedc8:   0000000000000000 0000000000000000
0x0000000101afedd8:   0000000000000000 0000000000000000
0x0000000101afede8:   0000000000000000 0000000000000000
0x0000000101afedf8:   0000000000000000 0000000000000000
0x0000000101afee08:   0000000000000000 0000000000000000
0x0000000101afee18:   0000000000000000 0000000000000000
0x0000000101afee28:   0000000000000000 0000000000000000 

Instructions: (pc=0x00007ffe4f443c53)
0x00007ffe4f443b53:   a1 b6 30 00 48 89 51 08 48 89 01 8b 44 24 28 89
0x00007ffe4f443b63:   41 20 8b 44 24 30 89 41 24 48 8b c1 4c 89 41 10
0x00007ffe4f443b73:   4c 89 49 18 c3 cc cc cc cc cc cc cc cc 48 89 5c
0x00007ffe4f443b83:   24 08 8b 41 5c 48 8d 1d 71 c4 63 ff 41 89 40 08
0x00007ffe4f443b93:   4c 8b d1 8b 41 60 45 33 db 41 89 40 0c 4c 8b ca
0x00007ffe4f443ba3:   8b 41 64 41 89 40 10 8b 41 68 41 89 40 14 8b 41
0x00007ffe4f443bb3:   6c 41 89 40 18 8b 41 70 41 89 40 1c 48 63 41 74
0x00007ffe4f443bc3:   48 6b c8 34 8b 84 19 84 5f ee 00 41 89 40 20 8b
0x00007ffe4f443bd3:   84 19 88 5f ee 00 41 89 40 24 8b 84 19 8c 5f ee
0x00007ffe4f443be3:   00 41 89 40 28 8b 84 19 90 5f ee 00 41 89 40 2c
0x00007ffe4f443bf3:   8b 84 19 74 5f ee 00 41 89 40 30 8b 84 19 78 5f
0x00007ffe4f443c03:   ee 00 41 89 40 34 8b 84 19 7c 5f ee 00 41 89 40
0x00007ffe4f443c13:   38 8b 84 19 80 5f ee 00 41 89 40 3c 8b 84 19 64
0x00007ffe4f443c23:   5f ee 00 41 89 40 40 8b 84 19 68 5f ee 00 41 89
0x00007ffe4f443c33:   40 44 8b 84 19 6c 5f ee 00 41 89 40 48 8b 84 19
0x00007ffe4f443c43:   70 5f ee 00 41 89 40 4c 49 63 42 78 48 6b c8 34
0x00007ffe4f443c53:   8b 84 19 84 5f ee 00 41 89 40 50 8b 84 19 88 5f
0x00007ffe4f443c63:   ee 00 41 89 40 54 8b 84 19 8c 5f ee 00 41 89 40
0x00007ffe4f443c73:   58 8b 84 19 90 5f ee 00 41 89 40 5c 8b 84 19 74
0x00007ffe4f443c83:   5f ee 00 41 89 40 60 8b 84 19 78 5f ee 00 41 89
0x00007ffe4f443c93:   40 64 8b 84 19 7c 5f ee 00 41 89 40 68 8b 84 19
0x00007ffe4f443ca3:   80 5f ee 00 41 89 40 6c 8b 84 19 64 5f ee 00 41
0x00007ffe4f443cb3:   89 40 70 8b 84 19 68 5f ee 00 41 89 40 74 8b 84
0x00007ffe4f443cc3:   19 6c 5f ee 00 41 89 40 78 8b 84 19 70 5f ee 00
0x00007ffe4f443cd3:   41 89 40 7c 48 8b 42 18 8b 88 38 0b 00 00 f6 c1
0x00007ffe4f443ce3:   08 0f 84 86 00 00 00 8b 80 3c 0b 00 00 41 89 80
0x00007ffe4f443cf3:   80 00 00 00 48 8b 42 18 8b 88 40 0b 00 00 41 89
0x00007ffe4f443d03:   88 84 00 00 00 48 8b 42 18 8b 88 44 0b 00 00 41
0x00007ffe4f443d13:   89 88 88 00 00 00 48 8b 42 18 8b 88 48 0b 00 00
0x00007ffe4f443d23:   41 89 88 8c 00 00 00 48 8b 42 18 8b 88 4c 0b 00
0x00007ffe4f443d33:   00 41 89 88 90 00 00 00 48 8b 42 18 8b 88 50 0b
0x00007ffe4f443d43:   00 00 41 89 88 94 00 00 00 48 8b 42 18 8b 88 54 


Stack slot to memory mapping:
stack at sp + 0 slots: 0x00007ffe4f44138b ig9icd64.dll
stack at sp + 1 slots: 0x0000000000000001 is an unknown value
stack at sp + 2 slots: 0x0 is NULL
stack at sp + 3 slots: 0x00000605fc21ae00 points into unknown readable memory: 0x00000605fba117f8 | f8 17 a1 fb 05 06 00 00
stack at sp + 4 slots: 0x00007ffec7a82572 igdgmm64.dll
stack at sp + 5 slots: 0x0000000100000065 is an unknown value
stack at sp + 6 slots: 0x0000000101afee70 is pointing into the stack for thread: 0x00000605f538e2f0
stack at sp + 7 slots: 0x0 is NULL


Compiled method (n/a)   42788 2797     n 0       sun.java2d.opengl.OGLRenderQueue::flushBuffer (native)
 total in heap  [0x000001dfd8d2e490,0x000001dfd8d2e828] = 920
 relocation     [0x000001dfd8d2e5e8,0x000001dfd8d2e618] = 48
 main code      [0x000001dfd8d2e620,0x000001dfd8d2e828] = 520

[Constant Pool (empty)]

[MachCode]
[Entry Point]
  # {method} {0x00000605f1acd958} 'flushBuffer' '(JI)V' in 'sun/java2d/opengl/OGLRenderQueue'
  # this:     rdx:rdx   = 'sun/java2d/opengl/OGLRenderQueue'
  # parm0:    r8:r8     = long
  # parm1:    r9        = int
  #           [sp+0x70]  (sp of caller)
  0x000001dfd8d2e620: 448b 5208 | 493b c20f | 840b 0000 

  0x000001dfd8d2e62c: ;   {runtime_call ic_miss_stub}
  0x000001dfd8d2e62c: 00e9 4e2a | 9aff 660f | 1f44 0000 
[Verified Entry Point]
  0x000001dfd8d2e638: 8984 2400 | 90ff ff55 | 488b ec48 | 83ec 6048 | 8954 2420 | 4883 fa00 | 488d 5424 | 2048 0f44 
  0x000001dfd8d2e658: 5424 20c5 

  0x000001dfd8d2e65c: ;   {internal_word}
  0x000001dfd8d2e65c: f877 49ba | 5be6 d2d8 | df01 0000 | 4d89 97a0 | 0200 0049 | 89a7 9802 

  0x000001dfd8d2e674: ;   {external_word}
  0x000001dfd8d2e674: 0000 49ba | 3d29 0258 | fe7f 0000 | 4180 3a00 | 0f84 5200 | 0000 5241 

  0x000001dfd8d2e68c: ;   {metadata({method} {0x00000605f1acd958} 'flushBuffer' '(JI)V' in 'sun/java2d/opengl/OGLRenderQueue')}
  0x000001dfd8d2e68c: 5041 5148 | ba50 d9ac | f105 0600 | 0049 8bcf | 4883 ec20 | f7c4 0f00 | 0000 0f84 | 1a00 0000 
  0x000001dfd8d2e6ac: 4883 ec08 

  0x000001dfd8d2e6b0: ;   {runtime_call SharedRuntime::dtrace_method_entry}
  0x000001dfd8d2e6b0: 49ba b0ea | b757 fe7f | 0000 41ff | d248 83c4 | 08e9 0d00 

  0x000001dfd8d2e6c4: ;   {runtime_call SharedRuntime::dtrace_method_entry}
  0x000001dfd8d2e6c4: 0000 49ba | b0ea b757 | fe7f 0000 | 41ff d248 | 83c4 2041 | 5941 585a | 498d 8fb8 | 0200 0041 
  0x000001dfd8d2e6e4: c787 4803 | 0000 0400 

  0x000001dfd8d2e6ec: ;   {runtime_call}
  0x000001dfd8d2e6ec: 0000 49ba | 60fd 28b7 | fe7f 0000 | 41ff d2c5 | f877 41c7 | 8748 0300 | 0005 0000 | 00f0 8344 
  0x000001dfd8d2e70c: 24c0 0049 | 3baf 5003 | 0000 0f87 | 1100 0000 | 4181 bf38 | 0300 0000 | 0000 000f | 8421 0000 
  0x000001dfd8d2e72c: 00c5 f877 | 498b cf4c | 8be4 4883 | ec20 4883 

  0x000001dfd8d2e73c: ;   {runtime_call JavaThread::check_special_condition_for_native_trans}
  0x000001dfd8d2e73c: e4f0 49ba | f008 c857 | fe7f 0000 | 41ff d249 | 8be4 41c7 | 8748 0300 | 0008 0000 | 0041 81bf 
  0x000001dfd8d2e75c: b803 0000 | 0200 0000 | 0f84 9b00 

  0x000001dfd8d2e768: ;   {external_word}
  0x000001dfd8d2e768: 0000 49ba | 3d29 0258 | fe7f 0000 | 4180 3a00 | 0f84 4800 

  0x000001dfd8d2e77c: ;   {metadata({method} {0x00000605f1acd958} 'flushBuffer' '(JI)V' in 'sun/java2d/opengl/OGLRenderQueue')}
  0x000001dfd8d2e77c: 0000 48ba | 50d9 acf1 | 0506 0000 | 498b cf48 | 83ec 20f7 | c40f 0000 | 000f 841a | 0000 0048 
  0x000001dfd8d2e79c: ;   {runtime_call SharedRuntime::dtrace_method_entry}
  0x000001dfd8d2e79c: 83ec 0849 | bab0 eab7 | 57fe 7f00 | 0041 ffd2 | 4883 c408 | e90d 0000 

  0x000001dfd8d2e7b4: ;   {runtime_call SharedRuntime::dtrace_method_entry}
  0x000001dfd8d2e7b4: 0049 bab0 | eab7 57fe | 7f00 0041 | ffd2 4883 | c420 49c7 | 8798 0200 | 0000 0000 | 0049 c787 
  0x000001dfd8d2e7d4: a002 0000 | 0000 0000 | c5f8 7749 | 8b8f d800 | 0000 c781 | 0001 0000 | 0000 0000 | c949 817f 
  0x000001dfd8d2e7f4: 0800 0000 | 000f 8501 | 0000 00c3 

  0x000001dfd8d2e800: ;   {runtime_call StubRoutines (1)}
  0x000001dfd8d2e800: e9fb 2695 | ffc5 f877 | 4c8b e448 | 83ec 2048 

  0x000001dfd8d2e810: ;   {runtime_call SharedRuntime::reguard_yellow_pages}
  0x000001dfd8d2e810: 83e4 f049 | ba40 1bb8 | 57fe 7f00 | 0041 ffd2 | 498b e4e9 | 42ff ffff 
[/MachCode]


Compiled method (c1)   42993 2795       3       sun.java2d.opengl.OGLRenderQueue::flushBuffer (41 bytes)
 total in heap  [0x000001dfd1671590,0x000001dfd1671bd8] = 1608
 relocation     [0x000001dfd16716e8,0x000001dfd1671750] = 104
 main code      [0x000001dfd1671760,0x000001dfd1671a40] = 736
 stub code      [0x000001dfd1671a40,0x000001dfd1671a98] = 88
 metadata       [0x000001dfd1671a98,0x000001dfd1671ac0] = 40
 scopes data    [0x000001dfd1671ac0,0x000001dfd1671b10] = 80
 scopes pcs     [0x000001dfd1671b10,0x000001dfd1671bb0] = 160
 dependencies   [0x000001dfd1671bb0,0x000001dfd1671bb8] = 8
 nul chk table  [0x000001dfd1671bb8,0x000001dfd1671bd8] = 32

[Constant Pool (empty)]

[MachCode]
[Entry Point]
  # {method} {0x00000605f1acda50} 'flushBuffer' '()V' in 'sun/java2d/opengl/OGLRenderQueue'
  #           [sp+0x70]  (sp of caller)
  0x000001dfd1671760: 448b 5208 

  0x000001dfd1671764: ;   {runtime_call ic_miss_stub}
  0x000001dfd1671764: 4c3b d00f | 8513 f905 | 0766 6666 | 0f1f 8400 | 0000 0000 | 6666 6690 | 0f1f 4000 
[Verified Entry Point]
  0x000001dfd1671780: 8984 2400 | 90ff ff55 | 4883 ec60 

  0x000001dfd167178c: ;   {metadata(method data for {method} {0x00000605f1acda50} 'flushBuffer' '()V' in 'sun/java2d/opengl/OGLRenderQueue')}
  0x000001dfd167178c: 49b8 e0ac | 4bf2 0506 | 0000 458b | 88cc 0000 | 0041 83c1 | 0245 8988 | cc00 0000 | 4181 e1fe 
  0x000001dfd16717ac: 0700 0041 | 83f9 000f | 84d6 0100 | 004c 8b42 | 1049 3b00 

  0x000001dfd16717c0: ;   {metadata(method data for {method} {0x00000605f1acda50} 'flushBuffer' '()V' in 'sun/java2d/opengl/OGLRenderQueue')}
  0x000001dfd16717c0: 4d8b c848 | bee0 ac4b | f205 0600 | 0048 8386 | 1001 0000 

  0x000001dfd16717d4: ;   {metadata(method data for {method} {0x00000605f1acfd30} 'position' '()I' in 'sun/java2d/pipe/RenderBuffer')}
  0x000001dfd16717d4: 0149 b998 | 9a2b f205 | 0600 0041 | 8bb1 cc00 | 0000 83c6 | 0241 89b1 | cc00 0000 | 81e6 feff 
  0x000001dfd16717f4: 1f00 83fe | 000f 84b6 | 0100 004d | 8b48 2049 | 8b70 104c | 2bce 458b | c941 83f9 

  0x000001dfd1671810: ;   {metadata(method data for {method} {0x00000605f1acda50} 'flushBuffer' '()V' in 'sun/java2d/opengl/OGLRenderQueue')}
  0x000001dfd1671810: 0048 bfe0 | ac4b f205 | 0600 0048 | bb48 0100 | 0000 0000 | 000f 8e0a | 0000 0048 | bb58 0100 
  0x000001dfd1671830: 0000 0000 | 0048 8b04 | 1f48 8d40 | 0148 8904 | 1f0f 8e42 

  0x000001dfd1671844: ;   {metadata(method data for {method} {0x00000605f1acda50} 'flushBuffer' '()V' in 'sun/java2d/opengl/OGLRenderQueue')}
  0x000001dfd1671844: 0000 0048 | bfe0 ac4b | f205 0600 | 0048 8387 | 6801 0000 | 014c 8bc2 

  0x000001dfd167185c: ;   {metadata(method data for {method} {0x00000605f1acda50} 'flushBuffer' '()V' in 'sun/java2d/opengl/OGLRenderQueue')}
  0x000001dfd167185c: 48bf e0ac | 4bf2 0506 | 0000 4883 | 87a0 0100 | 0001 4c8b | c648 8bf2 | 488b d648 | 8974 2450 
  0x000001dfd167187c: ;   {optimized virtual_call}
  0x000001dfd167187c: 6666 90e8 

  0x000001dfd1671880: ; ImmutableOopMap {[80]=Oop }
                      ;*invokevirtual flushBuffer {reexecute=0 rethrow=0 return_oop=0}
                      ; - sun.java2d.opengl.OGLRenderQueue::flushBuffer@21 (line 150)
  0x000001dfd1671880: b4cd 6b07 | 488b 5424 | 5048 8b72 | 1048 3b06 

  0x000001dfd1671890: ;   {metadata(method data for {method} {0x00000605f1acda50} 'flushBuffer' '()V' in 'sun/java2d/opengl/OGLRenderQueue')}
  0x000001dfd1671890: 488b fe48 | bbe0 ac4b | f205 0600 | 0048 8383 | d801 0000 

  0x000001dfd16718a4: ;   {metadata(method data for {method} {0x00000605f1acfeb0} 'clear' '()V' in 'sun/java2d/pipe/RenderBuffer')}
  0x000001dfd16718a4: 0148 bf68 | af4b f205 | 0600 008b | 9fcc 0000 | 0083 c302 | 899f cc00 | 0000 81e3 | feff 1f00 
  0x000001dfd16718c4: 83fb 000f | 840e 0100 | 0048 8b7e | 1048 897e | 2048 8b52 | 1848 3b02 

  0x000001dfd16718dc: ;   {metadata(method data for {method} {0x00000605f1acda50} 'flushBuffer' '()V' in 'sun/java2d/opengl/OGLRenderQueue')}
  0x000001dfd16718dc: 488b f248 | bfe0 ac4b | f205 0600 | 008b 7608 | 483b b720 | 0200 0075 | 0d48 8387 | 2802 0000 
  0x000001dfd16718fc: 01e9 6600 | 0000 483b | b730 0200 | 0075 0d48 | 8387 3802 | 0000 01e9 | 5000 0000 | 4881 bf20 
  0x000001dfd167191c: 0200 0000 | 0000 0075 | 1748 89b7 | 2002 0000 | 48c7 8728 | 0200 0001 | 0000 00e9 | 2c00 0000 
  0x000001dfd167193c: 4881 bf30 | 0200 0000 | 0000 0075 | 1748 89b7 | 3002 0000 | 48c7 8738 | 0200 0001 | 0000 00e9 
  0x000001dfd167195c: 0800 0000 | 4883 8710 | 0200 0001 | 0f1f 4400 | 0048 b828 | 4e07 8000 

  0x000001dfd1671974: ;   {virtual_call}
  0x000001dfd1671974: 0000 00e8 

  0x000001dfd1671978: ; ImmutableOopMap {}
                      ;*invokeinterface clear {reexecute=0 rethrow=0 return_oop=0}
                      ; - sun.java2d.opengl.OGLRenderQueue::flushBuffer@35 (line 155)
  0x000001dfd1671978: 44f9 ffff | 4883 c460 

  0x000001dfd1671980: ;   {poll_return}
  0x000001dfd1671980: 5d49 3ba7 | 5003 0000 | 0f87 7300 

  0x000001dfd167198c: ;   {metadata({method} {0x00000605f1acda50} 'flushBuffer' '()V' in 'sun/java2d/opengl/OGLRenderQueue')}
  0x000001dfd167198c: 0000 c349 | ba48 daac | f105 0600 | 004c 8954 | 2408 48c7 | 0424 ffff 

  0x000001dfd16719a4: ;   {runtime_call counter_overflow Runtime1 stub}
  0x000001dfd16719a4: ffff e8d5 

  0x000001dfd16719a8: ; ImmutableOopMap {rdx=Oop }
                      ;*synchronization entry
                      ; - sun.java2d.opengl.OGLRenderQueue::flushBuffer@-1 (line 147)
  0x000001dfd16719a8: 7710 07e9 | 09fe ffff 

  0x000001dfd16719b0: ;   {runtime_call throw_null_pointer_exception Runtime1 stub}
  0x000001dfd16719b0: e8eb 1a10 

  0x000001dfd16719b4: ; ImmutableOopMap {rdx=Oop r8=Oop }
                      ;*invokevirtual position {reexecute=0 rethrow=0 return_oop=0}
                      ; - sun.java2d.opengl.OGLRenderQueue::flushBuffer@4 (line 147)
                      ;   {metadata({method} {0x00000605f1acfd30} 'position' '()I' in 'sun/java2d/pipe/RenderBuffer')}
  0x000001dfd16719b4: 0749 ba28 | fdac f105 | 0600 004c | 8954 2408 | 48c7 0424 | ffff ffff 

  0x000001dfd16719cc: ;   {runtime_call counter_overflow Runtime1 stub}
  0x000001dfd16719cc: e8af 7710 

  0x000001dfd16719d0: ; ImmutableOopMap {rdx=Oop r8=Oop }
                      ;*synchronization entry
                      ; - sun.java2d.pipe.RenderBuffer::position@-1 (line 110)
                      ; - sun.java2d.opengl.OGLRenderQueue::flushBuffer@4 (line 147)
  0x000001dfd16719d0: 07e9 29fe 

  0x000001dfd16719d4: ;   {runtime_call throw_null_pointer_exception Runtime1 stub}
  0x000001dfd16719d4: ffff e8c5 

  0x000001dfd16719d8: ; ImmutableOopMap {rdx=Oop rsi=Oop }
                      ;*invokevirtual clear {reexecute=0 rethrow=0 return_oop=0}
                      ; - sun.java2d.opengl.OGLRenderQueue::flushBuffer@28 (line 153)
                      ;   {metadata({method} {0x00000605f1acfeb0} 'clear' '()V' in 'sun/java2d/pipe/RenderBuffer')}
  0x000001dfd16719d8: 1a10 0749 | baa8 feac | f105 0600 | 004c 8954 | 2408 48c7 | 0424 ffff 

  0x000001dfd16719f0: ;   {runtime_call counter_overflow Runtime1 stub}
  0x000001dfd16719f0: ffff e889 

  0x000001dfd16719f4: ; ImmutableOopMap {rdx=Oop rsi=Oop }
                      ;*synchronization entry
                      ; - sun.java2d.pipe.RenderBuffer::clear@-1 (line 118)
                      ; - sun.java2d.opengl.OGLRenderQueue::flushBuffer@28 (line 153)
  0x000001dfd16719f4: 7710 07e9 | d1fe ffff 

  0x000001dfd16719fc: ;   {runtime_call throw_null_pointer_exception Runtime1 stub}
  0x000001dfd16719fc: e89f 1a10 

  0x000001dfd1671a00: ; ImmutableOopMap {rdx=Oop }
                      ;*invokeinterface clear {reexecute=0 rethrow=0 return_oop=0}
                      ; - sun.java2d.opengl.OGLRenderQueue::flushBuffer@35 (line 155)
                      ;   {internal_word}
  0x000001dfd1671a00: 0749 ba81 | 1967 d1df | 0100 004d | 8997 6803 

  0x000001dfd1671a10: ;   {runtime_call SafepointBlob}
  0x000001dfd1671a10: 0000 e9e9 | 5f06 0790 | 9049 8b87 | e003 0000 | 49c7 87e0 | 0300 0000 | 0000 0049 | c787 e803 
  0x000001dfd1671a30: 0000 0000 | 0000 4883 

  0x000001dfd1671a38: ;   {runtime_call unwind_exception Runtime1 stub}
  0x000001dfd1671a38: c460 5de9 | c03a 0707 
[Stub Code]
  0x000001dfd1671a40: ;   {no_reloc}
  0x000001dfd1671a40: 0f1f 4400 

  0x000001dfd1671a44: ;   {static_stub}
  0x000001dfd1671a44: 0048 bb00 | 0000 0000 

  0x000001dfd1671a4c: ;   {runtime_call}
  0x000001dfd1671a4c: 0000 00e9 | fbff ffff 

  0x000001dfd1671a54: ;   {static_stub}
  0x000001dfd1671a54: 9048 bb00 | 0000 0000 

  0x000001dfd1671a5c: ;   {runtime_call}
  0x000001dfd1671a5c: 0000 00e9 | fbff ffff 
[Exception Handler]
  0x000001dfd1671a64: ;   {runtime_call handle_exception_from_callee Runtime1 stub}
  0x000001dfd1671a64: e817 4410 

  0x000001dfd1671a68: ;   {external_word}
  0x000001dfd1671a68: 0748 b990 | 6ddc 57fe | 7f00 0048 

  0x000001dfd1671a74: ;   {runtime_call MacroAssembler::debug64}
  0x000001dfd1671a74: 83e4 f049 | ba30 dfa4 | 57fe 7f00 | 0041 ffd2 

  0x000001dfd1671a84: ;   {section_word}
  0x000001dfd1671a84: f449 ba85 | 1a67 d1df | 0100 0041 

  0x000001dfd1671a90: ;   {runtime_call DeoptimizationBlob}
  0x000001dfd1671a90: 52e9 0a52 | 0607 f4f4 
[/MachCode]


---------------  P R O C E S S  ---------------

Threads class SMR info:
_java_thread_list=0x00000605fbd867a0, length=44, elements={
0x00000605f0894a90, 0x00000605f0895820, 0x00000605f08ba690, 0x00000605f08ec500,
0x00000605f08eede0, 0x00000605f08ef6b0, 0x00000605f08f0360, 0x00000605f08ff660,
0x00000605f08fff70, 0x000001dfe0fd01e0, 0x00000605f512bbc0, 0x00000605f512c0a0,
0x00000605f538e2f0, 0x00000605fb730a70, 0x00000605fb69b9d0, 0x00000605fbee4fc0,
0x00000605fbf14c90, 0x00000605fbee7e40, 0x00000605fbb9e350, 0x00000605fbb9de40,
0x00000605fbb9e860, 0x00000605fbb9bfe0, 0x00000605fbb9ed70, 0x00000605fbb9c4f0,
0x00000605fbb9f280, 0x00000605fbb9f790, 0x00000605fbb9ca00, 0x00000605fbb9cf10,
0x00000605fbb9d930, 0x00000605fbb9d420, 0x00000605fbe51e40, 0x00000605fbe4f5c0,
0x00000605fbe51420, 0x00000605fbe4ffe0, 0x00000605fbe4aee0, 0x00000605fbe50f10,
0x00000605fbe51930, 0x00000605fbe4fad0, 0x00000605fbe4b3f0, 0x00000605fbe4be10,
0x00000605fbe504f0, 0x00000605fbe52860, 0x00000605fbe4b900, 0x00000605fbe4e180
}

Java Threads: ( => current thread )
  0x00000605f0894a90 JavaThread "Reference Handler" daemon [_thread_blocked, id=29688, stack(0x0000000100d00000,0x0000000100e00000)]
  0x00000605f0895820 JavaThread "Finalizer" daemon [_thread_blocked, id=3512, stack(0x0000000100e00000,0x0000000100f00000)]
  0x00000605f08ba690 JavaThread "Signal Dispatcher" daemon [_thread_blocked, id=24860, stack(0x0000000100f00000,0x0000000101000000)]
  0x00000605f08ec500 JavaThread "Attach Listener" daemon [_thread_blocked, id=31468, stack(0x0000000101000000,0x0000000101100000)]
  0x00000605f08eede0 JavaThread "Service Thread" daemon [_thread_blocked, id=8820, stack(0x0000000101100000,0x0000000101200000)]
  0x00000605f08ef6b0 JavaThread "Monitor Deflation Thread" daemon [_thread_blocked, id=41976, stack(0x0000000101200000,0x0000000101300000)]
  0x00000605f08f0360 JavaThread "C2 CompilerThread0" daemon [_thread_blocked, id=38004, stack(0x0000000101300000,0x0000000101400000)]
  0x00000605f08ff660 JavaThread "C1 CompilerThread0" daemon [_thread_blocked, id=38200, stack(0x0000000101400000,0x0000000101500000)]
  0x00000605f08fff70 JavaThread "Sweeper thread" daemon [_thread_blocked, id=33720, stack(0x0000000101500000,0x0000000101600000)]
  0x000001dfe0fd01e0 JavaThread "Common-Cleaner" daemon [_thread_blocked, id=25980, stack(0x0000000101600000,0x0000000101700000)]
  0x00000605f512bbc0 JavaThread "Monitor Ctrl-Break" daemon [_thread_in_native, id=32332, stack(0x0000000101700000,0x0000000101800000)]
  0x00000605f512c0a0 JavaThread "Notification Thread" daemon [_thread_blocked, id=41016, stack(0x0000000101800000,0x0000000101900000)]
=>0x00000605f538e2f0 JavaThread "Java2D Queue Flusher" daemon [_thread_in_native, id=11780, stack(0x0000000101a00000,0x0000000101b00000)]
  0x00000605fb730a70 JavaThread "Java2D Disposer" daemon [_thread_blocked, id=32816, stack(0x0000000101f00000,0x0000000102000000)]
  0x00000605fb69b9d0 JavaThread "AWT-Windows" daemon [_thread_in_native, id=16584, stack(0x0000000102200000,0x0000000102300000)]
  0x00000605fbee4fc0 JavaThread "Java Sound Event Dispatcher" daemon [_thread_blocked, id=39460, stack(0x0000000102e00000,0x0000000102f00000)]
  0x00000605fbf14c90 JavaThread "Direct Clip" daemon [_thread_blocked, id=38060, stack(0x0000000103100000,0x0000000103200000)]
  0x00000605fbee7e40 JavaThread "Direct Clip" daemon [_thread_blocked, id=5036, stack(0x0000000103200000,0x0000000103300000)]
  0x00000605fbb9e350 JavaThread "Direct Clip" daemon [_thread_blocked, id=8060, stack(0x0000000103300000,0x0000000103400000)]
  0x00000605fbb9de40 JavaThread "Direct Clip" daemon [_thread_blocked, id=27956, stack(0x0000000103400000,0x0000000103500000)]
  0x00000605fbb9e860 JavaThread "Direct Clip" daemon [_thread_blocked, id=344, stack(0x0000000103500000,0x0000000103600000)]
  0x00000605fbb9bfe0 JavaThread "Direct Clip" daemon [_thread_blocked, id=29856, stack(0x0000000103600000,0x0000000103700000)]
  0x00000605fbb9ed70 JavaThread "Direct Clip" daemon [_thread_blocked, id=39864, stack(0x0000000103700000,0x0000000103800000)]
  0x00000605fbb9c4f0 JavaThread "Direct Clip" daemon [_thread_blocked, id=31944, stack(0x0000000103800000,0x0000000103900000)]
  0x00000605fbb9f280 JavaThread "Direct Clip" daemon [_thread_blocked, id=23888, stack(0x0000000103900000,0x0000000103a00000)]
  0x00000605fbb9f790 JavaThread "Direct Clip" daemon [_thread_blocked, id=5092, stack(0x0000000103a00000,0x0000000103b00000)]
  0x00000605fbb9ca00 JavaThread "Direct Clip" daemon [_thread_blocked, id=12220, stack(0x0000000103b00000,0x0000000103c00000)]
  0x00000605fbb9cf10 JavaThread "Direct Clip" daemon [_thread_blocked, id=17012, stack(0x0000000103c00000,0x0000000103d00000)]
  0x00000605fbb9d930 JavaThread "Direct Clip" daemon [_thread_blocked, id=36848, stack(0x0000000103d00000,0x0000000103e00000)]
  0x00000605fbb9d420 JavaThread "Direct Clip" daemon [_thread_blocked, id=38972, stack(0x0000000103e00000,0x0000000103f00000)]
  0x00000605fbe51e40 JavaThread "Direct Clip" daemon [_thread_blocked, id=35976, stack(0x0000000103f00000,0x0000000104000000)]
  0x00000605fbe4f5c0 JavaThread "Direct Clip" daemon [_thread_blocked, id=40612, stack(0x0000000104000000,0x0000000104100000)]
  0x00000605fbe51420 JavaThread "Direct Clip" daemon [_thread_blocked, id=32212, stack(0x0000000104100000,0x0000000104200000)]
  0x00000605fbe4ffe0 JavaThread "Direct Clip" daemon [_thread_blocked, id=11340, stack(0x0000000104200000,0x0000000104300000)]
  0x00000605fbe4aee0 JavaThread "Direct Clip" daemon [_thread_blocked, id=36800, stack(0x0000000104300000,0x0000000104400000)]
  0x00000605fbe50f10 JavaThread "Direct Clip" daemon [_thread_blocked, id=33256, stack(0x0000000104400000,0x0000000104500000)]
  0x00000605fbe51930 JavaThread "Direct Clip" daemon [_thread_blocked, id=24084, stack(0x0000000104500000,0x0000000104600000)]
  0x00000605fbe4fad0 JavaThread "AWT-Shutdown" [_thread_blocked, id=31084, stack(0x0000000104a00000,0x0000000104b00000)]
  0x00000605fbe4b3f0 JavaThread "AWT-EventQueue-0" [_thread_blocked, id=36152, stack(0x0000000104b00000,0x0000000104c00000)]
  0x00000605fbe4be10 JavaThread "DestroyJavaVM" [_thread_blocked, id=39788, stack(0x0000000100600000,0x0000000100700000)]
  0x00000605fbe504f0 JavaThread "TimerQueue" daemon [_thread_blocked, id=7720, stack(0x0000000104f00000,0x0000000105000000)]
  0x00000605fbe52860 JavaThread "Thread-0" [_thread_blocked, id=36440, stack(0x0000000105000000,0x0000000105100000)]
  0x00000605fbe4b900 JavaThread "Forest" [_thread_in_vm, id=40820, stack(0x0000000105100000,0x0000000105200000)]
  0x00000605fbe4e180 JavaThread "ToolkitShutdown" daemon [_thread_in_native, id=41536, stack(0x0000000105400000,0x0000000105500000)]

Other Threads:
  0x00000605f0891a60 VMThread "VM Thread" [stack: 0x0000000100c00000,0x0000000100d00000] [id=28424]
  0x00000605f5186be0 WatcherThread [stack: 0x0000000101900000,0x0000000101a00000] [id=10672]
  0x000001dfcbe595f0 GCTaskThread "GC Thread#0" [stack: 0x0000000100700000,0x0000000100800000] [id=18844]
  0x00000605fbacb450 GCTaskThread "GC Thread#1" [stack: 0x0000000102000000,0x0000000102100000] [id=844]
  0x00000605fbacb710 GCTaskThread "GC Thread#2" [stack: 0x0000000102300000,0x0000000102400000] [id=3940]
  0x00000605fbdd98d0 GCTaskThread "GC Thread#3" [stack: 0x0000000102400000,0x0000000102500000] [id=13324]
  0x00000605fbdd9b90 GCTaskThread "GC Thread#4" [stack: 0x0000000102500000,0x0000000102600000] [id=15472]
  0x00000605fbce0b30 GCTaskThread "GC Thread#5" [stack: 0x0000000102600000,0x0000000102700000] [id=39904]
  0x00000605fbb3e660 GCTaskThread "GC Thread#6" [stack: 0x0000000102700000,0x0000000102800000] [id=38260]
  0x00000605fbb3e920 GCTaskThread "GC Thread#7" [stack: 0x0000000102800000,0x0000000102900000] [id=1184]
  0x00000605fbb3ebe0 GCTaskThread "GC Thread#8" [stack: 0x0000000102900000,0x0000000102a00000] [id=13044]
  0x00000605fbb432c0 GCTaskThread "GC Thread#9" [stack: 0x0000000102a00000,0x0000000102b00000] [id=14696]
  0x000001dfcbe5cbe0 ConcurrentGCThread "G1 Main Marker" [stack: 0x0000000100800000,0x0000000100900000] [id=18328]
  0x000001dfcbe5d510 ConcurrentGCThread "G1 Conc#0" [stack: 0x0000000100900000,0x0000000100a00000] [id=41200]
  0x00000605fbb3c340 ConcurrentGCThread "G1 Conc#1" [stack: 0x0000000102b00000,0x0000000102c00000] [id=6560]
  0x00000605f51934f0 ConcurrentGCThread "G1 Conc#2" [stack: 0x0000000102c00000,0x0000000102d00000] [id=29680]
  0x000001dfe0f9c790 ConcurrentGCThread "G1 Refine#0" [stack: 0x0000000100a00000,0x0000000100b00000] [id=16748]
  0x00000605fc023f50 ConcurrentGCThread "G1 Refine#1" [stack: 0x0000000104600000,0x0000000104700000] [id=30260]
  0x00000605fbede9d0 ConcurrentGCThread "G1 Refine#2" [stack: 0x0000000104700000,0x0000000104800000] [id=37400]
  0x00000605f09f2ce0 ConcurrentGCThread "G1 Refine#3" [stack: 0x0000000104800000,0x0000000104900000] [id=42200]
  0x00000605fbbd8ca0 ConcurrentGCThread "G1 Refine#4" [stack: 0x0000000104900000,0x0000000104a00000] [id=17772]
  0x000001dfe0f9d0d0 ConcurrentGCThread "G1 Service" [stack: 0x0000000100b00000,0x0000000100c00000] [id=34660]

Threads with active compile tasks:

VM state: not at safepoint (normal execution)

VM Mutex/Monitor currently owned by a thread: None

CDS archive(s) not mapped
Compressed class space mapped at: 0x0000000080000000-0x00000000c0000000, reserved size: 1073741824
Narrow klass base: 0x0000000000000000, Narrow klass shift: 0, Narrow klass range: 0xc0000000

GC Precious Log:
 CPUs: 12 total, 12 available
 Memory: 16254M
 Large Page Support: Disabled
 NUMA Support: Disabled
 Compressed Oops: Disabled
 Heap Region Size: 32M
 Heap Min Capacity: 32M
 Heap Initial Capacity: 256M
 Heap Max Capacity: 4096G
 Pre-touch: Disabled
 Parallel Workers: 10
 Concurrent Workers: 3
 Concurrent Refinement Workers: 10
 Periodic GC: Disabled

Heap:
 garbage-first heap   total 655360K, used 327959K [0x000001dfe2000000, 0x000005dfe2000000)
  region size 32768K, 2 young (65536K), 1 survivors (32768K)
 Metaspace       used 23800K, committed 24128K, reserved 1114112K
  class space    used 2501K, committed 2688K, reserved 1048576K

Heap Regions: E=young(eden), S=young(survivor), O=old, HS=humongous(starts), HC=humongous(continues), CS=collection set, F=free, OA=open archive, CA=closed archive, TAMS=top-at-mark-start (previous, next)
|   0|0x000001dfe2000000, 0x000001dfe4000000, 0x000001dfe4000000|100%|HS|  |TAMS 0x000001dfe4000000, 0x000001dfe2000000| Complete 
|   1|0x000001dfe4000000, 0x000001dfe6000000, 0x000001dfe6000000|100%| O|  |TAMS 0x000001dfe6000000, 0x000001dfe4000000| Untracked 
|   2|0x000001dfe6000000, 0x000001dfe8000000, 0x000001dfe8000000|100%|HS|  |TAMS 0x000001dfe8000000, 0x000001dfe6000000| Complete 
|   3|0x000001dfe8000000, 0x000001dfea000000, 0x000001dfea000000|100%|HC|  |TAMS 0x000001dfea000000, 0x000001dfe8000000| Complete 
|   4|0x000001dfea000000, 0x000001dfec000000, 0x000001dfec000000|100%| O|  |TAMS 0x000001dfec000000, 0x000001dfea000000| Untracked 
|   5|0x000001dfec000000, 0x000001dfee000000, 0x000001dfee000000|100%| O|  |TAMS 0x000001dfee000000, 0x000001dfec000000| Untracked 
|   6|0x000001dfee000000, 0x000001dff0000000, 0x000001dff0000000|100%| O|  |TAMS 0x000001dff0000000, 0x000001dfee000000| Untracked 
|   7|0x000001dff0000000, 0x000001dff2000000, 0x000001dff2000000|100%| O|  |TAMS 0x000001dff2000000, 0x000001dff0000000| Untracked 
|   8|0x000001dff2000000, 0x000001dff4000000, 0x000001dff4000000|100%| O|  |TAMS 0x000001dff2aa5000, 0x000001dff2000000| Untracked 
|   9|0x000001dff4000000, 0x000001dff4353600, 0x000001dff6000000| 10%| O|  |TAMS 0x000001dff4000000, 0x000001dff4000000| Untracked 
|  10|0x000001dff6000000, 0x000001dff6000000, 0x000001dff8000000|  0%| F|  |TAMS 0x000001dff6000000, 0x000001dff6000000| Untracked 
|  11|0x000001dff8000000, 0x000001dff8000000, 0x000001dffa000000|  0%| F|  |TAMS 0x000001dff8000000, 0x000001dff8000000| Untracked 
|  12|0x000001dffa000000, 0x000001dffa000000, 0x000001dffc000000|  0%| F|  |TAMS 0x000001dffa000000, 0x000001dffa000000| Untracked 
|  13|0x000001dffc000000, 0x000001dffc000000, 0x000001dffe000000|  0%| F|  |TAMS 0x000001dffc000000, 0x000001dffc000000| Untracked 
|  14|0x000001dffe000000, 0x000001dfffcf2780, 0x000001e000000000| 90%| S|CS|TAMS 0x000001dffe000000, 0x000001dffe000000| Complete 
|  15|0x000001e000000000, 0x000001e000000000, 0x000001e002000000|  0%| F|  |TAMS 0x000001e000000000, 0x000001e000000000| Untracked 
|  16|0x000001e002000000, 0x000001e002e20d10, 0x000001e004000000| 44%| E|  |TAMS 0x000001e002000000, 0x000001e002000000| Complete 
|  17|0x000001e004000000, 0x000001e004000000, 0x000001e006000000|  0%| F|  |TAMS 0x000001e004000000, 0x000001e004000000| Untracked 
|  18|0x000001e006000000, 0x000001e006000000, 0x000001e008000000|  0%| F|  |TAMS 0x000001e006000000, 0x000001e006000000| Untracked 
|  19|0x000001e008000000, 0x000001e008000000, 0x000001e00a000000|  0%| F|  |TAMS 0x000001e008000000, 0x000001e008000000| Untracked 

Card table byte_map: [0x000005e1ea010000,0x000005e3ea010000] _byte_map_base: 0x000005e0fa100000

Marking Bits (Prev, Next): (CMBitMap*) 0x000001dfcbe5ab30, (CMBitMap*) 0x000001dfcbe5ab70
 Prev Bits: [0x000005e5ea010000, 0x000005f5ea010000)
 Next Bits: [0x000005f5ea010000, 0x00000605ea010000)

Polling page: 0x000001dfcbe60000

Metaspace:

Usage:
  Non-class:     20.80 MB used.
      Class:      2.44 MB used.
       Both:     23.24 MB used.

Virtual space:
  Non-class space:       64.00 MB reserved,      20.94 MB ( 33%) committed,  1 nodes.
      Class space:        1.00 GB reserved,       2.62 MB ( <1%) committed,  1 nodes.
             Both:        1.06 GB reserved,      23.56 MB (  2%) committed. 

Chunk freelists:
   Non-Class:  10.97 MB
       Class:  13.25 MB
        Both:  24.22 MB

MaxMetaspaceSize: unlimited
CompressedClassSpaceSize: 1.00 GB
Initial GC threshold: 21.00 MB
Current GC threshold: 39.00 MB
CDS: off
MetaspaceReclaimPolicy: balanced
 - commit_granule_bytes: 65536.
 - commit_granule_words: 8192.
 - virtual_space_node_default_size: 8388608.
 - enlarge_chunks_in_place: 1.
 - new_chunks_are_fully_committed: 0.
 - uncommit_free_chunks: 1.
 - use_allocation_guard: 0.
 - handle_deallocations: 1.


Internal statistics:

num_allocs_failed_limit: 0.
num_arena_births: 284.
num_arena_deaths: 0.
num_vsnodes_births: 2.
num_vsnodes_deaths: 0.
num_space_committed: 377.
num_space_uncommitted: 0.
num_chunks_returned_to_freelist: 0.
num_chunks_taken_from_freelist: 430.
num_chunk_merges: 0.
num_chunk_splits: 239.
num_chunks_enlarged: 113.
num_inconsistent_stats: 0.

CodeHeap 'non-profiled nmethods': size=120000Kb used=1303Kb max_used=1303Kb free=118697Kb
 bounds [0x000001dfd8c20000, 0x000001dfd8e90000, 0x000001dfe0150000]
CodeHeap 'profiled nmethods': size=120000Kb used=5516Kb max_used=5516Kb free=114483Kb
 bounds [0x000001dfd1150000, 0x000001dfd16c0000, 0x000001dfd8680000]
CodeHeap 'non-nmethods': size=5760Kb used=1334Kb max_used=1405Kb free=4426Kb
 bounds [0x000001dfd8680000, 0x000001dfd88f0000, 0x000001dfd8c20000]
 total_blobs=3621 nmethods=2942 adapters=590
 compilation: enabled
              stopped_count=0, restarted_count=0
 full_count=0

Compilation events (20 events):
Event: 41.773 Thread 0x00000605fba4a0c0 nmethod 2932 0x000001dfd8d64a10 code [0x000001dfd8d64ba0, 0x000001dfd8d64c78]
Event: 41.833 Thread 0x00000605f08ff660 2933   !   3       sun.awt.GlobalCursorManager::_updateCursor (165 bytes)
Event: 41.834 Thread 0x00000605f08ff660 nmethod 2933 0x000001dfd16a9590 code [0x000001dfd16a9960, 0x000001dfd16ab2f8]
Event: 41.914 Thread 0x00000605fba4a0c0 2934       4       sun.awt.windows.WGlobalCursorManager::nativeUpdateCursor (8 bytes)
Event: 41.914 Thread 0x00000605f08f0360 2935   !   4       sun.awt.GlobalCursorManager$NativeUpdater::postIfNotPending (48 bytes)
Event: 41.915 Thread 0x00000605f08f0360 nmethod 2935 0x000001dfd8d64d90 code [0x000001dfd8d64f20, 0x000001dfd8d65138]
Event: 41.918 Thread 0x00000605fba4a0c0 nmethod 2934 0x000001dfd8d65290 code [0x000001dfd8d65440, 0x000001dfd8d65948]
Event: 41.957 Thread 0x00000605f08ff660 2936       3       sun.awt.windows.WComponentPeer::preprocessPostEvent (1 bytes)
Event: 41.957 Thread 0x00000605f08ff660 nmethod 2936 0x000001dfd16ac010 code [0x000001dfd16ac1a0, 0x000001dfd16ac2b8]
Event: 41.982 Thread 0x00000605f08ff660 2937       3       sun.java2d.pipe.Region::getInstanceXYWH (16 bytes)
Event: 41.982 Thread 0x00000605f08ff660 nmethod 2937 0x000001dfd16ac390 code [0x000001dfd16ac540, 0x000001dfd16ac828]
Event: 42.152 Thread 0x00000605f08ff660 2938       3       sun.java2d.SunGraphics2D::setDevClip (21 bytes)
Event: 42.152 Thread 0x00000605f08ff660 nmethod 2938 0x000001dfd16ac990 code [0x000001dfd16acb40, 0x000001dfd16acca8]
Event: 42.322 Thread 0x00000605f08ff660 2939       3       sun.awt.windows.WComponentPeer::getGraphicsConfiguration (23 bytes)
Event: 42.323 Thread 0x00000605f08ff660 nmethod 2939 0x000001dfd16acd90 code [0x000001dfd16acf40, 0x000001dfd16ad298]
Event: 42.339 Thread 0x00000605f08ff660 2940       3       java.awt.Font::getFont2D (41 bytes)
Event: 42.340 Thread 0x00000605f08ff660 nmethod 2940 0x000001dfd16ad390 code [0x000001dfd16ad5c0, 0x000001dfd16add88]
Event: 42.621 Thread 0x00000605f08ff660 2941   !   3       sun.nio.ch.FileChannelImpl::implCloseChannel (169 bytes)
Event: 42.621 Thread 0x00000605f08ff660 nmethod 2941 0x000001dfd16ae110 code [0x000001dfd16ae480, 0x000001dfd16af9e8]
Event: 42.662 Thread 0x00000605f08ff660 2942       3       net.sendback.util.components.menus.GameCanvas::render (593 bytes)

GC Heap History (20 events):
Event: 1.603 GC heap before
{Heap before GC invocations=1 (full 0):
 garbage-first heap   total 262144K, used 102514K [0x000001dfe2000000, 0x000005dfe2000000)
  region size 32768K, 2 young (65536K), 1 survivors (32768K)
 Metaspace       used 16521K, committed 16768K, reserved 1114112K
  class space    used 1554K, committed 1664K, reserved 1048576K
}
Event: 1.609 GC heap after
{Heap after GC invocations=2 (full 0):
 garbage-first heap   total 262144K, used 69834K [0x000001dfe2000000, 0x000005dfe2000000)
  region size 32768K, 1 young (32768K), 1 survivors (32768K)
 Metaspace       used 16521K, committed 16768K, reserved 1114112K
  class space    used 1554K, committed 1664K, reserved 1048576K
}
Event: 1.758 GC heap before
{Heap before GC invocations=2 (full 0):
 garbage-first heap   total 262144K, used 69834K [0x000001dfe2000000, 0x000005dfe2000000)
  region size 32768K, 2 young (65536K), 1 survivors (32768K)
 Metaspace       used 16521K, committed 16768K, reserved 1114112K
  class space    used 1554K, committed 1664K, reserved 1048576K
}
Event: 1.764 GC heap after
{Heap after GC invocations=3 (full 0):
 garbage-first heap   total 262144K, used 69841K [0x000001dfe2000000, 0x000005dfe2000000)
  region size 32768K, 1 young (32768K), 1 survivors (32768K)
 Metaspace       used 16521K, committed 16768K, reserved 1114112K
  class space    used 1554K, committed 1664K, reserved 1048576K
}
Event: 1.809 GC heap before
{Heap before GC invocations=3 (full 0):
 garbage-first heap   total 262144K, used 135377K [0x000001dfe2000000, 0x000005dfe2000000)
  region size 32768K, 2 young (65536K), 1 survivors (32768K)
 Metaspace       used 16521K, committed 16768K, reserved 1114112K
  class space    used 1554K, committed 1664K, reserved 1048576K
}
Event: 1.815 GC heap after
{Heap after GC invocations=4 (full 0):
 garbage-first heap   total 262144K, used 135195K [0x000001dfe2000000, 0x000005dfe2000000)
  region size 32768K, 1 young (32768K), 1 survivors (32768K)
 Metaspace       used 16521K, committed 16768K, reserved 1114112K
  class space    used 1554K, committed 1664K, reserved 1048576K
}
Event: 2.204 GC heap before
{Heap before GC invocations=5 (full 0):
 garbage-first heap   total 393216K, used 233499K [0x000001dfe2000000, 0x000005dfe2000000)
  region size 32768K, 2 young (65536K), 1 survivors (32768K)
 Metaspace       used 16524K, committed 16768K, reserved 1114112K
  class space    used 1557K, committed 1664K, reserved 1048576K
}
Event: 2.212 GC heap after
{Heap after GC invocations=6 (full 0):
 garbage-first heap   total 393216K, used 210970K [0x000001dfe2000000, 0x000005dfe2000000)
  region size 32768K, 1 young (32768K), 1 survivors (32768K)
 Metaspace       used 16524K, committed 16768K, reserved 1114112K
  class space    used 1557K, committed 1664K, reserved 1048576K
}
Event: 2.349 GC heap before
{Heap before GC invocations=6 (full 0):
 garbage-first heap   total 393216K, used 210970K [0x000001dfe2000000, 0x000005dfe2000000)
  region size 32768K, 2 young (65536K), 1 survivors (32768K)
 Metaspace       used 16552K, committed 16768K, reserved 1114112K
  class space    used 1560K, committed 1664K, reserved 1048576K
}
Event: 2.359 GC heap after
{Heap after GC invocations=7 (full 0):
 garbage-first heap   total 393216K, used 85748K [0x000001dfe2000000, 0x000005dfe2000000)
  region size 32768K, 1 young (32768K), 1 survivors (32768K)
 Metaspace       used 16552K, committed 16768K, reserved 1114112K
  class space    used 1560K, committed 1664K, reserved 1048576K
}
Event: 3.015 GC heap before
{Heap before GC invocations=8 (full 0):
 garbage-first heap   total 393216K, used 216820K [0x000001dfe2000000, 0x000005dfe2000000)
  region size 32768K, 5 young (163840K), 1 survivors (32768K)
 Metaspace       used 17164K, committed 17344K, reserved 1114112K
  class space    used 1638K, committed 1728K, reserved 1048576K
}
Event: 3.031 GC heap after
{Heap after GC invocations=9 (full 0):
 garbage-first heap   total 491520K, used 207561K [0x000001dfe2000000, 0x000005dfe2000000)
  region size 32768K, 1 young (32768K), 1 survivors (32768K)
 Metaspace       used 17164K, committed 17344K, reserved 1114112K
  class space    used 1638K, committed 1728K, reserved 1048576K
}
Event: 4.415 GC heap before
{Heap before GC invocations=9 (full 0):
 garbage-first heap   total 491520K, used 240329K [0x000001dfe2000000, 0x000005dfe2000000)
  region size 32768K, 2 young (65536K), 1 survivors (32768K)
 Metaspace       used 17385K, committed 17664K, reserved 1114112K
  class space    used 1670K, committed 1792K, reserved 1048576K
}
Event: 4.430 GC heap after
{Heap after GC invocations=10 (full 0):
 garbage-first heap   total 491520K, used 238201K [0x000001dfe2000000, 0x000005dfe2000000)
  region size 32768K, 1 young (32768K), 1 survivors (32768K)
 Metaspace       used 17385K, committed 17664K, reserved 1114112K
  class space    used 1670K, committed 1792K, reserved 1048576K
}
Event: 6.038 GC heap before
{Heap before GC invocations=10 (full 0):
 garbage-first heap   total 491520K, used 270969K [0x000001dfe2000000, 0x000005dfe2000000)
  region size 32768K, 2 young (65536K), 1 survivors (32768K)
 Metaspace       used 17385K, committed 17664K, reserved 1114112K
  class space    used 1670K, committed 1792K, reserved 1048576K
}
Event: 6.059 GC heap after
{Heap after GC invocations=11 (full 0):
 garbage-first heap   total 491520K, used 272558K [0x000001dfe2000000, 0x000005dfe2000000)
  region size 32768K, 1 young (32768K), 1 survivors (32768K)
 Metaspace       used 17385K, committed 17664K, reserved 1114112K
  class space    used 1670K, committed 1792K, reserved 1048576K
}
Event: 19.567 GC heap before
{Heap before GC invocations=12 (full 0):
 garbage-first heap   total 557056K, used 305326K [0x000001dfe2000000, 0x000005dfe2000000)
  region size 32768K, 2 young (65536K), 1 survivors (32768K)
 Metaspace       used 23430K, committed 23744K, reserved 1114112K
  class space    used 2482K, committed 2624K, reserved 1048576K
}
Event: 19.582 GC heap after
{Heap after GC invocations=13 (full 0):
 garbage-first heap   total 557056K, used 299933K [0x000001dfe2000000, 0x000005dfe2000000)
  region size 32768K, 1 young (32768K), 1 survivors (32768K)
 Metaspace       used 23430K, committed 23744K, reserved 1114112K
  class space    used 2482K, committed 2624K, reserved 1048576K
}
Event: 34.976 GC heap before
{Heap before GC invocations=13 (full 0):
 garbage-first heap   total 557056K, used 332701K [0x000001dfe2000000, 0x000005dfe2000000)
  region size 32768K, 2 young (65536K), 1 survivors (32768K)
 Metaspace       used 23637K, committed 23936K, reserved 1114112K
  class space    used 2484K, committed 2624K, reserved 1048576K
}
Event: 34.989 GC heap after
{Heap after GC invocations=14 (full 0):
 garbage-first heap   total 557056K, used 327959K [0x000001dfe2000000, 0x000005dfe2000000)
  region size 32768K, 1 young (32768K), 1 survivors (32768K)
 Metaspace       used 23637K, committed 23936K, reserved 1114112K
  class space    used 2484K, committed 2624K, reserved 1048576K
}

Dll operation events (3 events):
Event: 0.006 Loaded shared library C:\Users\bader\.jdks\jbrsdk_jcef-17.0.9\bin\java.dll
Event: 0.096 Loaded shared library C:\Users\bader\.jdks\jbrsdk_jcef-17.0.9\bin\jsvml.dll
Event: 0.183 Loaded shared library C:\Users\bader\.jdks\jbrsdk_jcef-17.0.9\bin\zip.dll

Deoptimization events (20 events):
Event: 40.967 Thread 0x00000605fbe4b3f0 Uncommon trap: trap_request=0xffffffde fr.pc=0x000001dfd8d10638 relative=0x00000000000010d8
Event: 40.967 Thread 0x00000605fbe4b3f0 Uncommon trap: reason=class_check action=maybe_recompile pc=0x000001dfd8d10638 method=java.awt.Container.getMouseEventTargetImpl(IIZLjava/awt/Container$EventTargetFilter;ZZ)Ljava/awt/Component; @ 64 c2
Event: 40.967 Thread 0x00000605fbe4b3f0 DEOPT PACKING pc=0x000001dfd8d10638 sp=0x0000000104bfebe0
Event: 40.967 Thread 0x00000605fbe4b3f0 DEOPT UNPACKING pc=0x000001dfd86d69a3 sp=0x0000000104bfe988 mode 2
Event: 40.970 Thread 0x00000605fbe4b3f0 Uncommon trap: trap_request=0xffffff3d fr.pc=0x000001dfd8d25674 relative=0x00000000000025d4
Event: 40.970 Thread 0x00000605fbe4b3f0 Uncommon trap: reason=unstable_fused_if action=reinterpret pc=0x000001dfd8d25674 method=java.awt.EventQueue.eventToCacheIndex(Ljava/awt/AWTEvent;)I @ 4 c2
Event: 40.970 Thread 0x00000605fbe4b3f0 DEOPT PACKING pc=0x000001dfd8d25674 sp=0x0000000104bfeef0
Event: 40.970 Thread 0x00000605fbe4b3f0 DEOPT UNPACKING pc=0x000001dfd86d69a3 sp=0x0000000104bfeda8 mode 2
Event: 41.004 Thread 0x00000605fbe4b900 DEOPT PACKING pc=0x000001dfd1688308 sp=0x00000001051ff2e0
Event: 41.004 Thread 0x00000605fbe4b900 DEOPT UNPACKING pc=0x000001dfd86d7143 sp=0x00000001051fe800 mode 0
Event: 41.059 Thread 0x00000605fbe52860 DEOPT PACKING pc=0x000001dfd169a045 sp=0x00000001050fef20
Event: 41.059 Thread 0x00000605fbe52860 DEOPT UNPACKING pc=0x000001dfd86d7143 sp=0x00000001050fe430 mode 0
Event: 41.646 Thread 0x00000605fbe4b3f0 Uncommon trap: trap_request=0xffffff45 fr.pc=0x000001dfd8d1be1c relative=0x0000000000001e1c
Event: 41.646 Thread 0x00000605fbe4b3f0 Uncommon trap: reason=unstable_if action=reinterpret pc=0x000001dfd8d1be1c method=sun.awt.GlobalCursorManager._updateCursor(Z)V @ 50 c2
Event: 41.646 Thread 0x00000605fbe4b3f0 DEOPT PACKING pc=0x000001dfd8d1be1c sp=0x0000000104bfef10
Event: 41.646 Thread 0x00000605fbe4b3f0 DEOPT UNPACKING pc=0x000001dfd86d69a3 sp=0x0000000104bfead8 mode 2
Event: 41.651 Thread 0x00000605fbe4b3f0 Uncommon trap: trap_request=0xffffff45 fr.pc=0x000001dfd8d205f4 relative=0x0000000000000e94
Event: 41.651 Thread 0x00000605fbe4b3f0 Uncommon trap: reason=unstable_if action=reinterpret pc=0x000001dfd8d205f4 method=sun.awt.GlobalCursorManager._updateCursor(Z)V @ 50 c2
Event: 41.651 Thread 0x00000605fbe4b3f0 DEOPT PACKING pc=0x000001dfd8d205f4 sp=0x0000000104bfedd0
Event: 41.651 Thread 0x00000605fbe4b3f0 DEOPT UNPACKING pc=0x000001dfd86d69a3 sp=0x0000000104bfebd8 mode 2

Classes unloaded (0 events):
No events

Classes redefined (0 events):
No events

Internal exceptions (20 events):
Event: 1.235 Thread 0x000001dfcbd9d9b0 Exception <a 'java/lang/NoSuchMethodError'{0x000001dff177d5a8}: 'int java.lang.invoke.DirectMethodHandle$Holder.invokeStaticInit(java.lang.Object, float, float)'> (0x000001dff177d5a8) 
thrown [s\src\hotspot\share\interpreter\linkResolver.cpp, line 771]
Event: 1.236 Thread 0x000001dfcbd9d9b0 Exception <a 'java/lang/NoSuchMethodError'{0x000001dff1786298}: 'int java.lang.invoke.DirectMethodHandle$Holder.invokeStaticInit(java.lang.Object, double, double)'> (0x000001dff1786298) 
thrown [s\src\hotspot\share\interpreter\linkResolver.cpp, line 771]
Event: 1.236 Thread 0x000001dfcbd9d9b0 Exception <a 'java/lang/NoSuchMethodError'{0x000001dff178bd68}: 'int java.lang.invoke.DirectMethodHandle$Holder.invokeStatic(java.lang.Object, long)'> (0x000001dff178bd68) 
thrown [s\src\hotspot\share\interpreter\linkResolver.cpp, line 771]
Event: 1.241 Thread 0x000001dfcbd9d9b0 Exception <a 'java/lang/NoSuchMethodError'{0x000001dff17ba8d0}: 'int java.lang.invoke.Invokers$Holder.linkToTargetMethod(java.lang.Object, java.lang.Object)'> (0x000001dff17ba8d0) 
thrown [s\src\hotspot\share\interpreter\linkResolver.cpp, line 771]
Event: 4.134 Thread 0x000001dfcbd9d9b0 Exception <a 'java/lang/NoSuchMethodError'{0x000001dfff70a618}: 'void java.lang.invoke.DirectMethodHandle$Holder.invokeSpecial(java.lang.Object, java.lang.Object, java.lang.Object)'> (0x000001dfff70a618) 
thrown [s\src\hotspot\share\interpreter\linkResolver.cpp, line 771]
Event: 6.265 Thread 0x000001dfcbd9d9b0 Exception <a 'java/lang/NoSuchMethodError'{0x000001dffe36e808}: 'void java.lang.invoke.DirectMethodHandle$Holder.invokeStaticInit(java.lang.Object)'> (0x000001dffe36e808) 
thrown [s\src\hotspot\share\interpreter\linkResolver.cpp, line 771]
Event: 6.295 Thread 0x00000605fbe4b3f0 Exception <a 'java/lang/NoSuchMethodError'{0x000001dffe42ed08}: 'java.lang.Object java.lang.invoke.DirectMethodHandle$Holder.newInvokeSpecial(java.lang.Object, java.lang.Object, java.lang.Object, java.lang.Object, java.lang.Object)'> (0x000001dffe42ed08) 
thrown [s\src\hotspot\share\interpreter\linkResolver.cpp, line 771]
Event: 6.296 Thread 0x00000605fbe4b3f0 Exception <a 'java/lang/NoSuchMethodError'{0x000001dffe43d5d8}: 'java.lang.Object java.lang.invoke.DirectMethodHandle$Holder.invokeStatic(java.lang.Object, int, java.lang.Object, java.lang.Object, java.lang.Object, java.lang.Object)'> (0x000001dffe43d5d8) 
thrown [s\src\hotspot\share\interpreter\linkResolver.cpp, line 771]
Event: 6.326 Thread 0x00000605fbe4b3f0 Exception <a 'java/lang/ClassNotFoundException'{0x000001dffe60e470}: com/sun/swing/internal/plaf/metal/resources/spi/metalProvider> (0x000001dffe60e470) 
thrown [s\src\hotspot\share\classfile\systemDictionary.cpp, line 256]
Event: 6.327 Thread 0x00000605fbe4b3f0 Exception <a 'java/lang/ClassNotFoundException'{0x000001dffe614488}: com/sun/swing/internal/plaf/basic/resources/spi/basicProvider> (0x000001dffe614488) 
thrown [s\src\hotspot\share\classfile\systemDictionary.cpp, line 256]
Event: 6.330 Thread 0x00000605fbe4b3f0 Exception <a 'java/lang/NoSuchMethodError'{0x000001dffe638840}: 'java.lang.Object java.lang.invoke.Invokers$Holder.linkToTargetMethod(java.lang.Object, int, java.lang.Object, java.lang.Object, java.lang.Object)'> (0x000001dffe638840) 
thrown [s\src\hotspot\share\interpreter\linkResolver.cpp, line 771]
Event: 6.350 Thread 0x00000605fb69b9d0 Exception <a 'java/lang/NoSuchMethodError'{0x000001dffe6f17b0}: 'void java.lang.invoke.DirectMethodHandle$Holder.invokeVirtual(java.lang.Object, java.lang.Object)'> (0x000001dffe6f17b0) 
thrown [s\src\hotspot\share\interpreter\linkResolver.cpp, line 771]
Event: 6.372 Thread 0x00000605fbe4b3f0 Exception <a 'java/lang/NoSuchMethodError'{0x000001dffe6c66e0}: 'java.lang.Object java.lang.invoke.DirectMethodHandle$Holder.newInvokeSpecial(java.lang.Object, java.lang.Object, int, int, int, int)'> (0x000001dffe6c66e0) 
thrown [s\src\hotspot\share\interpreter\linkResolver.cpp, line 771]
Event: 6.375 Thread 0x00000605fbe4b3f0 Exception <a 'java/lang/NoSuchMethodError'{0x000001dffe6d8430}: 'void java.lang.invoke.DirectMethodHandle$Holder.invokeSpecial(java.lang.Object, java.lang.Object, int, int)'> (0x000001dffe6d8430) 
thrown [s\src\hotspot\share\interpreter\linkResolver.cpp, line 771]
Event: 6.376 Thread 0x00000605fbe4b3f0 Exception <a 'java/lang/NoSuchMethodError'{0x000001dffe6e0298}: 'java.lang.Object java.lang.invoke.DirectMethodHandle$Holder.newInvokeSpecial(java.lang.Object, java.lang.Object, int, int)'> (0x000001dffe6e0298) 
thrown [s\src\hotspot\share\interpreter\linkResolver.cpp, line 771]
Event: 6.491 Thread 0x00000605fbe4b3f0 Exception <a 'java/lang/NoSuchMethodError'{0x000001dffe832178}: 'java.lang.Object java.lang.invoke.Invokers$Holder.invoke_MT(java.lang.Object, java.lang.Object, java.lang.Object)'> (0x000001dffe832178) 
thrown [s\src\hotspot\share\interpreter\linkResolver.cpp, line 771]
Event: 6.494 Thread 0x00000605fbe4b3f0 Exception <a 'java/lang/NoSuchMethodError'{0x000001dffe840688}: 'int java.lang.invoke.Invokers$Holder.invoke_MT(java.lang.Object, java.lang.Object, java.lang.Object)'> (0x000001dffe840688) 
thrown [s\src\hotspot\share\interpreter\linkResolver.cpp, line 771]
Event: 8.213 Thread 0x00000605fbe4b3f0 Exception <a 'java/lang/NoSuchMethodError'{0x000001dffe8d7a78}: 'void java.lang.invoke.DirectMethodHandle$Holder.invokeStatic(java.lang.Object, java.lang.Object, java.lang.Object)'> (0x000001dffe8d7a78) 
thrown [s\src\hotspot\share\interpreter\linkResolver.cpp, line 771]
Event: 11.072 Thread 0x00000605fbe4dc70 Exception <a 'java/lang/NoSuchMethodError'{0x000001dffeb1f2a0}: 'java.lang.Object java.lang.invoke.DirectMethodHandle$Holder.newInvokeSpecial(java.lang.Object, java.lang.Object, java.lang.Object, int, int, int, int, int)'> (0x000001dffeb1f2a0) 
thrown [s\src\hotspot\share\interpreter\linkResolver.cpp, line 771]
Event: 11.166 Thread 0x00000605fbe4b3f0 Exception <a 'java/lang/NoSuchMethodError'{0x000001dffecbe020}: 'int java.lang.invoke.DirectMethodHandle$Holder.invokeStatic(java.lang.Object)'> (0x000001dffecbe020) 
thrown [s\src\hotspot\share\interpreter\linkResolver.cpp, line 771]

VM Operations (20 events):
Event: 31.649 Executing VM operation: Cleanup
Event: 31.649 Executing VM operation: Cleanup done
Event: 33.664 Executing VM operation: Cleanup
Event: 33.664 Executing VM operation: Cleanup done
Event: 34.668 Executing VM operation: Cleanup
Event: 34.668 Executing VM operation: Cleanup done
Event: 34.976 Executing VM operation: G1CollectForAllocation
Event: 34.989 Executing VM operation: G1CollectForAllocation done
Event: 35.041 Executing VM operation: G1PauseRemark
Event: 35.042 Executing VM operation: G1PauseRemark done
Event: 35.055 Executing VM operation: G1PauseCleanup
Event: 35.055 Executing VM operation: G1PauseCleanup done
Event: 37.078 Executing VM operation: Cleanup
Event: 37.078 Executing VM operation: Cleanup done
Event: 38.085 Executing VM operation: Cleanup
Event: 38.085 Executing VM operation: Cleanup done
Event: 41.124 Executing VM operation: Cleanup
Event: 41.124 Executing VM operation: Cleanup done
Event: 42.133 Executing VM operation: Cleanup
Event: 42.133 Executing VM operation: Cleanup done

Events (20 events):
Event: 40.964 loading class sun/java2d/loops/DrawGlyphListAA$General done
Event: 40.969 loading class sun/java2d/pipe/RegionSpanIterator
Event: 40.969 loading class sun/java2d/pipe/SpanIterator
Event: 40.969 loading class sun/java2d/pipe/SpanIterator done
Event: 40.969 loading class sun/java2d/pipe/RegionSpanIterator done
Event: 41.455 loading class java/awt/image/BufferedImageOp
Event: 41.455 loading class java/awt/image/BufferedImageOp done
Event: 41.561 Thread 0x00000605fba4a0c0 Thread added: 0x00000605fba4a0c0
Event: 42.152 Thread 0x00000605fba4a0c0 Thread exited: 0x00000605fba4a0c0
Event: 42.619 Thread 0x00000605fbe4c320 Thread added: 0x00000605fbe4c320
Event: 42.619 Thread 0x00000605fbe4e180 Thread added: 0x00000605fbe4e180
Event: 42.619 Thread 0x00000605fbe4dc70 Thread added: 0x00000605fbe4dc70
Event: 42.620 loading class java/util/WeakHashMap$KeyIterator
Event: 42.620 loading class java/util/WeakHashMap$HashIterator
Event: 42.620 loading class java/util/WeakHashMap$HashIterator done
Event: 42.620 loading class java/util/WeakHashMap$KeyIterator done
Event: 42.620 Thread 0x00000605fbe4c320 Thread exited: 0x00000605fbe4c320
Event: 42.620 loading class sun/font/SunFontManager$8$1
Event: 42.620 loading class sun/font/SunFontManager$8$1 done
Event: 42.623 Thread 0x00000605fbe4dc70 Thread exited: 0x00000605fbe4dc70


Dynamic libraries:
0x00007ff782070000 - 0x00007ff78207a000 	C:\Users\bader\.jdks\jbrsdk_jcef-17.0.9\bin\java.exe
0x00007ffed6e90000 - 0x00007ffed7088000 	C:\Windows\SYSTEM32\ntdll.dll
0x00007ffed4f20000 - 0x00007ffed4fe2000 	C:\Windows\System32\KERNEL32.DLL
0x00007ffed4960000 - 0x00007ffed4c5e000 	C:\Windows\System32\KERNELBASE.dll
0x00007ffed4db0000 - 0x00007ffed4eb0000 	C:\Windows\System32\ucrtbase.dll
0x00007ffecbf60000 - 0x00007ffecbf77000 	C:\Users\bader\.jdks\jbrsdk_jcef-17.0.9\bin\jli.dll
0x00007ffec3f90000 - 0x00007ffec3fab000 	C:\Users\bader\.jdks\jbrsdk_jcef-17.0.9\bin\VCRUNTIME140.dll
0x00007ffed6bd0000 - 0x00007ffed6d6d000 	C:\Windows\System32\USER32.dll
0x00007ffeba210000 - 0x00007ffeba4aa000 	C:\Windows\WinSxS\amd64_microsoft.windows.common-controls_6595b64144ccf1df_6.0.19041.4355_none_60b8b9eb71f62e16\COMCTL32.dll
0x00007ffed4650000 - 0x00007ffed4672000 	C:\Windows\System32\win32u.dll
0x00007ffed67d0000 - 0x00007ffed686e000 	C:\Windows\System32\msvcrt.dll
0x00007ffed61a0000 - 0x00007ffed61cb000 	C:\Windows\System32\GDI32.dll
0x00007ffed4530000 - 0x00007ffed4647000 	C:\Windows\System32\gdi32full.dll
0x00007ffed4d10000 - 0x00007ffed4dad000 	C:\Windows\System32\msvcp_win.dll
0x00007ffed6100000 - 0x00007ffed612f000 	C:\Windows\System32\IMM32.DLL
0x00007ffecbf50000 - 0x00007ffecbf5c000 	C:\Users\bader\.jdks\jbrsdk_jcef-17.0.9\bin\vcruntime140_1.dll
0x00007ffeb8c40000 - 0x00007ffeb8ccd000 	C:\Users\bader\.jdks\jbrsdk_jcef-17.0.9\bin\msvcp140.dll
0x00007ffe57490000 - 0x00007ffe58112000 	C:\Users\bader\.jdks\jbrsdk_jcef-17.0.9\bin\server\jvm.dll
0x00007ffed6d90000 - 0x00007ffed6e41000 	C:\Windows\System32\ADVAPI32.dll
0x00007ffed5e40000 - 0x00007ffed5edf000 	C:\Windows\System32\sechost.dll
0x00007ffed62a0000 - 0x00007ffed63c3000 	C:\Windows\System32\RPCRT4.dll
0x00007ffed4760000 - 0x00007ffed4787000 	C:\Windows\System32\bcrypt.dll
0x00007ffecf4c0000 - 0x00007ffecf4c9000 	C:\Windows\SYSTEM32\WSOCK32.dll
0x00007ffed3a60000 - 0x00007ffed3aab000 	C:\Windows\SYSTEM32\POWRPROF.dll
0x00007ffecd650000 - 0x00007ffecd65a000 	C:\Windows\SYSTEM32\VERSION.dll
0x00007ffeb9a40000 - 0x00007ffeb9a67000 	C:\Windows\SYSTEM32\WINMM.dll
0x00007ffed6090000 - 0x00007ffed60fb000 	C:\Windows\System32\WS2_32.dll
0x00007ffed3930000 - 0x00007ffed3942000 	C:\Windows\SYSTEM32\UMPDC.dll
0x00007ffed23b0000 - 0x00007ffed23c2000 	C:\Windows\SYSTEM32\kernel.appcore.dll
0x00007ffecb150000 - 0x00007ffecb15a000 	C:\Users\bader\.jdks\jbrsdk_jcef-17.0.9\bin\jimage.dll
0x00007ffed1cc0000 - 0x00007ffed1ea4000 	C:\Windows\SYSTEM32\DBGHELP.DLL
0x00007ffec4470000 - 0x00007ffec44a4000 	C:\Windows\SYSTEM32\dbgcore.DLL
0x00007ffed46d0000 - 0x00007ffed4752000 	C:\Windows\System32\bcryptPrimitives.dll
0x00007ffecffa0000 - 0x00007ffecffae000 	C:\Users\bader\.jdks\jbrsdk_jcef-17.0.9\bin\instrument.dll
0x00007ffec2380000 - 0x00007ffec23a5000 	C:\Users\bader\.jdks\jbrsdk_jcef-17.0.9\bin\java.dll
0x00007ffec2270000 - 0x00007ffec2288000 	C:\Users\bader\.jdks\jbrsdk_jcef-17.0.9\bin\zip.dll
0x00007ffeb73d0000 - 0x00007ffeb74a7000 	C:\Users\bader\.jdks\jbrsdk_jcef-17.0.9\bin\jsvml.dll
0x00007ffed4ff0000 - 0x00007ffed575d000 	C:\Windows\System32\SHELL32.dll
0x00007ffed25b0000 - 0x00007ffed2d54000 	C:\Windows\SYSTEM32\windows.storage.dll
0x00007ffed6870000 - 0x00007ffed6bc3000 	C:\Windows\System32\combase.dll
0x00007ffed3f60000 - 0x00007ffed3f8e000 	C:\Windows\SYSTEM32\Wldp.dll
0x00007ffed61d0000 - 0x00007ffed629d000 	C:\Windows\System32\OLEAUT32.dll
0x00007ffed65c0000 - 0x00007ffed666d000 	C:\Windows\System32\SHCORE.dll
0x00007ffed6560000 - 0x00007ffed65b5000 	C:\Windows\System32\shlwapi.dll
0x00007ffed4460000 - 0x00007ffed4484000 	C:\Windows\SYSTEM32\profapi.dll
0x00007ffec2080000 - 0x00007ffec2099000 	C:\Users\bader\.jdks\jbrsdk_jcef-17.0.9\bin\net.dll
0x00007ffeccc80000 - 0x00007ffeccd8d000 	C:\Windows\SYSTEM32\WINHTTP.dll
0x00007ffed3cc0000 - 0x00007ffed3d2a000 	C:\Windows\system32\mswsock.dll
0x00007ffec1fb0000 - 0x00007ffec1fc6000 	C:\Users\bader\.jdks\jbrsdk_jcef-17.0.9\bin\nio.dll
0x00007ffeced40000 - 0x00007ffeced5a000 	C:\Program Files\JetBrains\IntelliJ IDEA Community Edition 2023.3.6\bin\breakgen64.dll
0x00007ffeb7230000 - 0x00007ffeb73ca000 	C:\Users\bader\.jdks\jbrsdk_jcef-17.0.9\bin\awt.dll
0x00007ffed20b0000 - 0x00007ffed20df000 	C:\Windows\SYSTEM32\dwmapi.dll
0x00007ffebbd40000 - 0x00007ffebbd84000 	C:\Users\bader\.jdks\jbrsdk_jcef-17.0.9\bin\nvdaControllerClient64.dll
0x00007ffecf1c0000 - 0x00007ffecf254000 	C:\Windows\SYSTEM32\apphelp.dll
0x00007ffeb81e0000 - 0x00007ffeb8308000 	C:\Windows\system32\opengl32.dll
0x00007ffeb7c60000 - 0x00007ffeb7c8c000 	C:\Windows\SYSTEM32\GLU32.dll
0x00007ffed1090000 - 0x00007ffed112e000 	C:\Windows\system32\uxtheme.dll
0x00007ffed5bd0000 - 0x00007ffed5ce5000 	C:\Windows\System32\MSCTF.dll
0x00007ffed5cf0000 - 0x00007ffed5d99000 	C:\Windows\System32\clbcatq.dll
0x00007ffe4ea80000 - 0x00007ffe4fa4a000 	C:\Windows\System32\DriverStore\FileRepository\iigd_dch.inf_amd64_5d54dd32fa1ef4d4\ig9icd64.dll
0x00007ffed6430000 - 0x00007ffed655b000 	C:\Windows\System32\ole32.dll
0x00007ffed2dc0000 - 0x00007ffed2eb6000 	C:\Windows\system32\dxgi.dll
0x00007ffec7a80000 - 0x00007ffec7cbf000 	C:\Windows\System32\DriverStore\FileRepository\iigd_dch.inf_amd64_5d54dd32fa1ef4d4\igdgmm64.dll
0x00007ffec4eb0000 - 0x00007ffec7a79000 	C:\Windows\System32\DriverStore\FileRepository\iigd_dch.inf_amd64_5d54dd32fa1ef4d4\igc64.dll
0x00007ffe6fa90000 - 0x00007ffe6fe9c000 	C:\Windows\System32\DriverStore\FileRepository\iigd_dch.inf_amd64_5d54dd32fa1ef4d4\igdml64.dll
0x00007ffed3ec0000 - 0x00007ffed3ed8000 	C:\Windows\SYSTEM32\CRYPTSP.dll
0x00007ffed3570000 - 0x00007ffed35a4000 	C:\Windows\system32\rsaenh.dll
0x00007ffed4420000 - 0x00007ffed444e000 	C:\Windows\SYSTEM32\USERENV.dll
0x00007ffed3eb0000 - 0x00007ffed3ebc000 	C:\Windows\SYSTEM32\CRYPTBASE.dll
0x00007ffed3950000 - 0x00007ffed398b000 	C:\Windows\SYSTEM32\IPHLPAPI.DLL
0x00007ffed5e30000 - 0x00007ffed5e38000 	C:\Windows\System32\NSI.dll
0x00007ffecc960000 - 0x00007ffecc977000 	C:\Windows\SYSTEM32\dhcpcsvc6.DLL
0x00007ffeccbf0000 - 0x00007ffeccc0d000 	C:\Windows\SYSTEM32\dhcpcsvc.DLL
0x00007ffed3990000 - 0x00007ffed3a5a000 	C:\Windows\SYSTEM32\DNSAPI.dll
0x00007ffeb9bb0000 - 0x00007ffeb9c37000 	C:\Users\bader\.jdks\jbrsdk_jcef-17.0.9\bin\freetype.dll
0x00007ffea8780000 - 0x00007ffea8857000 	C:\Users\bader\.jdks\jbrsdk_jcef-17.0.9\bin\fontmanager.dll
0x00007ffec1790000 - 0x00007ffec17a2000 	C:\Users\bader\.jdks\jbrsdk_jcef-17.0.9\bin\jsound.dll
0x00007ffeb86c0000 - 0x00007ffeb875c000 	C:\Windows\SYSTEM32\DSOUND.dll
0x00007ffec02f0000 - 0x00007ffec0316000 	C:\Windows\SYSTEM32\winmmbase.dll
0x00007ffecce00000 - 0x00007ffecce85000 	C:\Windows\System32\MMDevApi.dll
0x00007ffed42c0000 - 0x00007ffed42f3000 	C:\Windows\System32\DEVOBJ.dll
0x00007ffed4680000 - 0x00007ffed46ce000 	C:\Windows\System32\cfgmgr32.dll
0x00007ffeb5080000 - 0x00007ffeb50c6000 	C:\Windows\SYSTEM32\wdmaud.drv
0x00007ffecf4e0000 - 0x00007ffecf4e9000 	C:\Windows\SYSTEM32\ksuser.dll
0x00007ffeced00000 - 0x00007ffeced0a000 	C:\Windows\SYSTEM32\AVRT.dll
0x00007ffecce90000 - 0x00007ffecd011000 	C:\Windows\SYSTEM32\AUDIOSES.DLL
0x00007ffeb5070000 - 0x00007ffeb507d000 	C:\Windows\SYSTEM32\msacm32.drv
0x00007ffeb5050000 - 0x00007ffeb506e000 	C:\Windows\SYSTEM32\MSACM32.dll
0x00007ffeb5040000 - 0x00007ffeb504b000 	C:\Windows\SYSTEM32\midimap.dll
0x00007ffed1fb0000 - 0x00007ffed1fc4000 	C:\Windows\SYSTEM32\resourcepolicyclient.dll
0x00007ffeb1a60000 - 0x00007ffeb1c05000 	C:\Windows\WinSxS\amd64_microsoft.windows.gdiplus_6595b64144ccf1df_1.1.19041.4597_none_91a78020cc854124\gdiplus.dll
0x00007ffebfdd0000 - 0x00007ffebfec9000 	C:\Windows\SYSTEM32\textinputframework.dll
0x00007ffecea50000 - 0x00007ffeceb42000 	C:\Windows\System32\CoreMessaging.dll
0x00007ffece6e0000 - 0x00007ffecea3b000 	C:\Windows\System32\CoreUIComponents.dll
0x00007ffed37c0000 - 0x00007ffed37f3000 	C:\Windows\SYSTEM32\ntmarta.dll
0x00007ffed12c0000 - 0x00007ffed1417000 	C:\Windows\SYSTEM32\wintypes.dll
0x00007ffeb7e70000 - 0x00007ffeb8165000 	C:\Windows\System32\uiautomationcore.dll
0x00007ffed1880000 - 0x00007ffed1976000 	C:\Windows\System32\PROPSYS.dll
0x00007ffeb8170000 - 0x00007ffeb81d6000 	C:\Windows\System32\OLEACC.dll
0x00007ffed0e40000 - 0x00007ffed0ff6000 	C:\Windows\SYSTEM32\WindowsCodecs.dll
0x00007ffeb4bf0000 - 0x00007ffeb4c2e000 	C:\Windows\system32\dataexchange.dll
0x00007ffecd7d0000 - 0x00007ffecda33000 	C:\Windows\system32\d3d11.dll
0x00007ffece090000 - 0x00007ffece274000 	C:\Windows\system32\dcomp.dll
0x00007ffecb4a0000 - 0x00007ffecb6a3000 	C:\Windows\system32\twinapi.appcore.dll
0x00007ffebfed0000 - 0x00007ffec000f000 	C:\Windows\System32\Windows.UI.dll
0x00007ffebfc70000 - 0x00007ffebfdc2000 	C:\Windows\System32\InputHost.dll
0x00007ffecbdf0000 - 0x00007ffecbe91000 	C:\Windows\System32\WindowManagementAPI.dll

dbghelp: loaded successfully - version: 4.0.5 - missing functions: none
symbol engine: initialized successfully - sym options: 0x614 - pdb path: .;C:\Users\bader\.jdks\jbrsdk_jcef-17.0.9\bin;C:\Windows\SYSTEM32;C:\Windows\WinSxS\amd64_microsoft.windows.common-controls_6595b64144ccf1df_6.0.19041.4355_none_60b8b9eb71f62e16;C:\Users\bader\.jdks\jbrsdk_jcef-17.0.9\bin\server;C:\Program Files\JetBrains\IntelliJ IDEA Community Edition 2023.3.6\bin;C:\Windows\System32\DriverStore\FileRepository\iigd_dch.inf_amd64_5d54dd32fa1ef4d4;C:\Windows\WinSxS\amd64_microsoft.windows.gdiplus_6595b64144ccf1df_1.1.19041.4597_none_91a78020cc854124

VM Arguments:
jvm_args: -Xmx3072g -Xmx4096g -Dsun.java2d.opengl=true -XX:ErrorFile=logs/hs_err_pid%p.log -javaagent:C:\Program Files\JetBrains\IntelliJ IDEA Community Edition 2023.3.6\lib\idea_rt.jar=60857:C:\Program Files\JetBrains\IntelliJ IDEA Community Edition 2023.3.6\bin -Dfile.encoding=UTF-8 
java_command: net.sendback.Main
java_class_path (initial): C:\Users\bader\OneDrive\Bureau\Idea\GTS_PRojekt\target\classes
Launcher Type: SUN_STANDARD

[Global flags]
     intx CICompilerCount                          = 4                                         {product} {ergonomic}
     uint ConcGCThreads                            = 3                                         {product} {ergonomic}
    ccstr ErrorFile                                = logs/hs_err_pid%p.log                     {product} {command line}
     uint G1ConcRefinementThreads                  = 10                                        {product} {ergonomic}
   size_t G1HeapRegionSize                         = 33554432                                  {product} {ergonomic}
    uintx GCDrainStackTargetSize                   = 64                                        {product} {ergonomic}
   size_t InitialHeapSize                          = 268435456                                 {product} {ergonomic}
   size_t MarkStackSize                            = 4194304                                   {product} {ergonomic}
   size_t MaxHeapSize                              = 4398046511104                             {product} {command line}
   size_t MaxNewSize                               = 2638821195776                             {product} {ergonomic}
   size_t MinHeapDeltaBytes                        = 33554432                                  {product} {ergonomic}
   size_t MinHeapSize                              = 33554432                                  {product} {ergonomic}
    uintx NonNMethodCodeHeapSize                   = 5839372                                {pd product} {ergonomic}
    uintx NonProfiledCodeHeapSize                  = 122909434                              {pd product} {ergonomic}
    uintx ProfiledCodeHeapSize                     = 122909434                              {pd product} {ergonomic}
    uintx ReservedCodeCacheSize                    = 251658240                              {pd product} {ergonomic}
     bool SegmentedCodeCache                       = true                                      {product} {ergonomic}
   size_t SoftMaxHeapSize                          = 4398046511104                          {manageable} {ergonomic}
     bool UseCompressedClassPointers               = true                           {product lp64_product} {ergonomic}
     bool UseG1GC                                  = true                                      {product} {ergonomic}
     bool UseLargePagesIndividualAllocation        = false                                  {pd product} {ergonomic}

Logging:
Log output configuration:
 #0: stdout all=warning uptime,level,tags
 #1: stderr all=off uptime,level,tags

Environment Variables:
PATH=C:\Program Files\Common Files\Oracle\Java\javapath;C:\Windows\system32;C:\Windows;C:\Windows\System32\Wbem;C:\Windows\System32\WindowsPowerShell\v1.0\;C:\Windows\System32\OpenSSH\;C:\Program Files (x86)\NVIDIA Corporation\PhysX\Common;C:\Program Files\dotnet\;C:\Users\bader\AppData\Local\Microsoft\WindowsApps;C:\Users\bader\AppData\Local\GitHubDesktop\bin
USERNAME=bader
OS=Windows_NT
PROCESSOR_IDENTIFIER=Intel64 Family 6 Model 158 Stepping 10, GenuineIntel
TMP=C:\Users\bader\AppData\Local\Temp
TEMP=C:\Users\bader\AppData\Local\Temp



Periodic native trim disabled

JNI global refs:
JNI global refs: 153, weak refs: 204

JNI global refs memory usage: 2107, weak refs: 2737

OOME stack traces (most recent first):
Classloader memory used:
Loader bootstrap                                                                       : 2934K
Loader jdk.internal.loader.ClassLoaders$AppClassLoader                                 : 34977B
Loader jdk.internal.reflect.DelegatingClassLoader                                      : 5796B
Loader jdk.internal.loader.ClassLoaders$PlatformClassLoader                            : 764B


---------------  S Y S T E M  ---------------

OS:
 Windows 10 , 64 bit Build 19041 (10.0.19041.5072)
OS uptime: 18 days 7:35 hours

CPU: total 12 (initial active 12) (6 cores per cpu, 2 threads per core) family 6 model 158 stepping 10 microcode 0xf0, cx8, cmov, fxsr, ht, mmx, 3dnowpref, sse, sse2, sse3, ssse3, sse4.1, sse4.2, popcnt, lzcnt, tsc, tscinvbit, avx, avx2, aes, erms, clmul, bmi1, bmi2, adx, fma, vzeroupper, clflush, clflushopt
Processor Information for all 12 processors :
  Max Mhz: 2592, Current Mhz: 2592, Mhz Limit: 2592

Memory: 4k page, system-wide physical 16254M (2016M free)
TotalPageFile size 22380M (AvailPageFile size 2815M)
current process WorkingSet (physical memory assigned to process): 937M, peak: 949M
current process commit charge ("private bytes"): 1091M, peak: 1091M

vm_info: OpenJDK 64-Bit Server VM (17.0.9+8-b1166.2) for windows-amd64 JRE (17.0.9+8-b1166.2), built on 2024-01-13 by "builduser" with MS VC++ 16.10 / 16.11 (VS2019)

END.
