#
# A fatal error has been detected by the Java Runtime Environment:
#
#  EXCEPTION_ACCESS_VIOLATION (0xc0000005) at pc=0x00007ffe79483c53, pid=40008, tid=5548
#
# JRE version: OpenJDK Runtime Environment JBR-17.0.9+8-1166.2-jcef (17.0.9+8) (build 17.0.9+8-b1166.2)
# Java VM: OpenJDK 64-Bit Server VM JBR-17.0.9+8-1166.2-jcef (17.0.9+8-b1166.2, mixed mode, tiered, compressed class ptrs, g1 gc, windows-amd64)
# Problematic frame:
# C  [ig9icd64.dll+0x9c3c53]
#
# No core dump will be written. Minidumps are not enabled by default on client versions of Windows
#
# If you would like to submit a bug report, please visit:
#   https://youtrack.jetbrains.com/issues/JBR
# The crash happened outside the Java Virtual Machine in native code.
# See problematic frame for where to report the bug.
#

---------------  S U M M A R Y ------------

Command Line: -Xmx3072g -Xmx4096g -Dsun.java2d.opengl=true -XX:ErrorFile=logs/hs_err_pid%p.log -javaagent:C:\Program Files\JetBrains\IntelliJ IDEA Community Edition 2023.3.6\lib\idea_rt.jar=58004:C:\Program Files\JetBrains\IntelliJ IDEA Community Edition 2023.3.6\bin -Dfile.encoding=UTF-8 net.sendback.Main

Host: Intel(R) Core(TM) i7-9750H CPU @ 2.60GHz, 12 cores, 15G,  Windows 10 , 64 bit Build 19041 (10.0.19041.5072)
Time: Thu Nov 14 17:45:18 2024 Mitteleuropäische Zeit elapsed time: 26.403431 seconds (0d 0h 0m 26s)

---------------  T H R E A D  ---------------

Current thread (0x000005c9f04dee80):  JavaThread "Java2D Queue Flusher" daemon [_thread_in_native, id=5548, stack(0x00000027ac500000,0x00000027ac600000)]

Stack: [0x00000027ac500000,0x00000027ac600000],  sp=0x00000027ac5fe698,  free space=1017k
Native frames: (J=compiled Java code, j=interpreted, Vv=VM code, C=native code)
C  [ig9icd64.dll+0x9c3c53]

Java frames: (J=compiled Java code, j=interpreted, Vv=VM code)
J 2466  sun.java2d.opengl.OGLRenderQueue.flushBuffer(JI)V java.desktop (0 bytes) @ 0x000001a3d3e6cedb [0x000001a3d3e6cea0+0x000000000000003b]
J 2465 c1 sun.java2d.opengl.OGLRenderQueue.flushBuffer()V java.desktop (41 bytes) @ 0x000001a3cc745a04 [0x000001a3cc7458e0+0x0000000000000124]
j  sun.java2d.opengl.OGLRenderQueue$QueueFlusher.run()V+81 java.desktop
j  java.lang.Thread.run()V+11 java.base@17.0.9
v  ~StubRoutines::call_stub

siginfo: EXCEPTION_ACCESS_VIOLATION (0xc0000005), reading address 0xffffffffffffffff


Registers:
RAX=0x000000000fff0fff, RBX=0x00007ffe78ac0000, RCX=0x000000033fcf3fcc, RDX=0x00000027ac5febb0
RSP=0x00000027ac5fe698, RBP=0x00000027ac5fe7a0, RSI=0x000005c9f66d1480, RDI=0x00000027ac5fe9a0
R8 =0x00000027ac5fe7d0, R9 =0x00000027ac5febb0, R10=0x00000027ac5fe9a0, R11=0x0000000000000000
R12=0x00007ffe798ea420, R13=0x0000000000000000, R14=0x0000000000000000, R15=0x00000000000001c1
RIP=0x00007ffe79483c53, EFLAGS=0x0000000000010206


Register to memory mapping:

RIP=0x00007ffe79483c53 ig9icd64.dll
RAX=0x000000000fff0fff is an unknown value
RBX=0x00007ffe78ac0000 ig9icd64.dll
RCX=0x000000033fcf3fcc is an unknown value
RDX=0x00000027ac5febb0 is pointing into the stack for thread: 0x000005c9f04dee80
RSP=0x00000027ac5fe698 is pointing into the stack for thread: 0x000005c9f04dee80
RBP=0x00000027ac5fe7a0 is pointing into the stack for thread: 0x000005c9f04dee80
RSI=0x000005c9f66d1480 points into unknown readable memory: 0x000005c9f04e8bc0 | c0 8b 4e f0 c9 05 00 00
RDI=0x00000027ac5fe9a0 is pointing into the stack for thread: 0x000005c9f04dee80
R8 =0x00000027ac5fe7d0 is pointing into the stack for thread: 0x000005c9f04dee80
R9 =0x00000027ac5febb0 is pointing into the stack for thread: 0x000005c9f04dee80
R10=0x00000027ac5fe9a0 is pointing into the stack for thread: 0x000005c9f04dee80
R11=0x0 is NULL
R12=0x00007ffe798ea420 ig9icd64.dll
R13=0x0 is NULL
R14=0x0 is NULL
R15=0x00000000000001c1 is an unknown value


Top of Stack: (sp=0x00000027ac5fe698)
0x00000027ac5fe698:   00007ffe7948138b 0000000000000001
0x00000027ac5fe6a8:   0000000000000000 000005c9f7554400
0x00000027ac5fe6b8:   00007ffec7a82572 0000002700000065
0x00000027ac5fe6c8:   00000027ac5fe8d0 0000000000000000
0x00000027ac5fe6d8:   000005c9f7144db0 0000000000000000
0x00000027ac5fe6e8:   000005c9f67a6550 000005c9f7554470
0x00000027ac5fe6f8:   0000000000000fb0 0000000000000000
0x00000027ac5fe708:   0000000000000000 00000027ac5fe880
0x00000027ac5fe718:   00007ffe79119070 0000000000000000
0x00000027ac5fe728:   0000000000000000 0000000000000000
0x00000027ac5fe738:   0000000000000000 00009562103ca4e9
0x00000027ac5fe748:   00007ffe78ad64e5 000005c9f7554470
0x00000027ac5fe758:   0000000000004001 0000000000000200
0x00000027ac5fe768:   00007ffed6ebb86b 0000000002dc000e
0x00000027ac5fe778:   0000000000000065 000005c9f685e610
0x00000027ac5fe788:   0000000000000000 0000000000000000
0x00000027ac5fe798:   00007ffe79481c62 0000000000000000
0x00000027ac5fe7a8:   000001a3c6ce1200 00000027ac5feaa0
0x00000027ac5fe7b8:   000001a3c6ce0000 000001a3c6ce02b4
0x00000027ac5fe7c8:   000005c9f7144db0 00007ffe7978f020
0x00000027ac5fe7d8:   0000000e00000000 0000001a00000018
0x00000027ac5fe7e8:   00000fff00000000 437f0000437f0000
0x00000027ac5fe7f8:   437f0000437f0000 0000ff0000ff0000
0x00000027ac5fe808:   ff000000000000ff 0000000800000010
0x00000027ac5fe818:   0000001800000000 0000000000000000
0x00000027ac5fe828:   0000000000000000 0000000000000000
0x00000027ac5fe838:   0000000000000000 0000000000000000
0x00000027ac5fe848:   0000000000000000 0000000000000000
0x00000027ac5fe858:   0000000000000000 0000000000000000
0x00000027ac5fe868:   0000000000000000 0000000000000000
0x00000027ac5fe878:   0000000000000000 0000000000000000
0x00000027ac5fe888:   0000000000000000 0000000000000000 

Instructions: (pc=0x00007ffe79483c53)
0x00007ffe79483b53:   a1 b6 30 00 48 89 51 08 48 89 01 8b 44 24 28 89
0x00007ffe79483b63:   41 20 8b 44 24 30 89 41 24 48 8b c1 4c 89 41 10
0x00007ffe79483b73:   4c 89 49 18 c3 cc cc cc cc cc cc cc cc 48 89 5c
0x00007ffe79483b83:   24 08 8b 41 5c 48 8d 1d 71 c4 63 ff 41 89 40 08
0x00007ffe79483b93:   4c 8b d1 8b 41 60 45 33 db 41 89 40 0c 4c 8b ca
0x00007ffe79483ba3:   8b 41 64 41 89 40 10 8b 41 68 41 89 40 14 8b 41
0x00007ffe79483bb3:   6c 41 89 40 18 8b 41 70 41 89 40 1c 48 63 41 74
0x00007ffe79483bc3:   48 6b c8 34 8b 84 19 84 5f ee 00 41 89 40 20 8b
0x00007ffe79483bd3:   84 19 88 5f ee 00 41 89 40 24 8b 84 19 8c 5f ee
0x00007ffe79483be3:   00 41 89 40 28 8b 84 19 90 5f ee 00 41 89 40 2c
0x00007ffe79483bf3:   8b 84 19 74 5f ee 00 41 89 40 30 8b 84 19 78 5f
0x00007ffe79483c03:   ee 00 41 89 40 34 8b 84 19 7c 5f ee 00 41 89 40
0x00007ffe79483c13:   38 8b 84 19 80 5f ee 00 41 89 40 3c 8b 84 19 64
0x00007ffe79483c23:   5f ee 00 41 89 40 40 8b 84 19 68 5f ee 00 41 89
0x00007ffe79483c33:   40 44 8b 84 19 6c 5f ee 00 41 89 40 48 8b 84 19
0x00007ffe79483c43:   70 5f ee 00 41 89 40 4c 49 63 42 78 48 6b c8 34
0x00007ffe79483c53:   8b 84 19 84 5f ee 00 41 89 40 50 8b 84 19 88 5f
0x00007ffe79483c63:   ee 00 41 89 40 54 8b 84 19 8c 5f ee 00 41 89 40
0x00007ffe79483c73:   58 8b 84 19 90 5f ee 00 41 89 40 5c 8b 84 19 74
0x00007ffe79483c83:   5f ee 00 41 89 40 60 8b 84 19 78 5f ee 00 41 89
0x00007ffe79483c93:   40 64 8b 84 19 7c 5f ee 00 41 89 40 68 8b 84 19
0x00007ffe79483ca3:   80 5f ee 00 41 89 40 6c 8b 84 19 64 5f ee 00 41
0x00007ffe79483cb3:   89 40 70 8b 84 19 68 5f ee 00 41 89 40 74 8b 84
0x00007ffe79483cc3:   19 6c 5f ee 00 41 89 40 78 8b 84 19 70 5f ee 00
0x00007ffe79483cd3:   41 89 40 7c 48 8b 42 18 8b 88 38 0b 00 00 f6 c1
0x00007ffe79483ce3:   08 0f 84 86 00 00 00 8b 80 3c 0b 00 00 41 89 80
0x00007ffe79483cf3:   80 00 00 00 48 8b 42 18 8b 88 40 0b 00 00 41 89
0x00007ffe79483d03:   88 84 00 00 00 48 8b 42 18 8b 88 44 0b 00 00 41
0x00007ffe79483d13:   89 88 88 00 00 00 48 8b 42 18 8b 88 48 0b 00 00
0x00007ffe79483d23:   41 89 88 8c 00 00 00 48 8b 42 18 8b 88 4c 0b 00
0x00007ffe79483d33:   00 41 89 88 90 00 00 00 48 8b 42 18 8b 88 50 0b
0x00007ffe79483d43:   00 00 41 89 88 94 00 00 00 48 8b 42 18 8b 88 54 


Stack slot to memory mapping:
stack at sp + 0 slots: 0x00007ffe7948138b ig9icd64.dll
stack at sp + 1 slots: 0x0000000000000001 is an unknown value
stack at sp + 2 slots: 0x0 is NULL
stack at sp + 3 slots: 0x000005c9f7554400 points into unknown readable memory: 0x0000000000000000 | 00 00 00 00 00 00 00 00
stack at sp + 4 slots: 0x00007ffec7a82572 igdgmm64.dll
stack at sp + 5 slots: 0x0000002700000065 is an unknown value
stack at sp + 6 slots: 0x00000027ac5fe8d0 is pointing into the stack for thread: 0x000005c9f04dee80
stack at sp + 7 slots: 0x0 is NULL


Compiled method (n/a)   26509 2466     n 0       sun.java2d.opengl.OGLRenderQueue::flushBuffer (native)
 total in heap  [0x000001a3d3e6cd10,0x000001a3d3e6d0a8] = 920
 relocation     [0x000001a3d3e6ce68,0x000001a3d3e6ce98] = 48
 main code      [0x000001a3d3e6cea0,0x000001a3d3e6d0a8] = 520

[Constant Pool (empty)]

[MachCode]
[Entry Point]
  # {method} {0x000005c9ecacf288} 'flushBuffer' '(JI)V' in 'sun/java2d/opengl/OGLRenderQueue'
  # this:     rdx:rdx   = 'sun/java2d/opengl/OGLRenderQueue'
  # parm0:    r8:r8     = long
  # parm1:    r9        = int
  #           [sp+0x70]  (sp of caller)
  0x000001a3d3e6cea0: 448b 5208 | 493b c20f | 840b 0000 

  0x000001a3d3e6ceac: ;   {runtime_call ic_miss_stub}
  0x000001a3d3e6ceac: 00e9 ce41 | 9dff 660f | 1f44 0000 
[Verified Entry Point]
  0x000001a3d3e6ceb8: 8984 2400 | 90ff ff55 | 488b ec48 | 83ec 6048 | 8954 2420 | 4883 fa00 | 488d 5424 | 2048 0f44 
  0x000001a3d3e6ced8: 5424 20c5 

  0x000001a3d3e6cedc: ;   {internal_word}
  0x000001a3d3e6cedc: f877 49ba | dbce e6d3 | a301 0000 | 4d89 97a0 | 0200 0049 | 89a7 9802 

  0x000001a3d3e6cef4: ;   {external_word}
  0x000001a3d3e6cef4: 0000 49ba | 3d29 6745 | fe7f 0000 | 4180 3a00 | 0f84 5200 | 0000 5241 

  0x000001a3d3e6cf0c: ;   {metadata({method} {0x000005c9ecacf288} 'flushBuffer' '(JI)V' in 'sun/java2d/opengl/OGLRenderQueue')}
  0x000001a3d3e6cf0c: 5041 5148 | ba80 f2ac | ecc9 0500 | 0049 8bcf | 4883 ec20 | f7c4 0f00 | 0000 0f84 | 1a00 0000 
  0x000001a3d3e6cf2c: 4883 ec08 

  0x000001a3d3e6cf30: ;   {runtime_call SharedRuntime::dtrace_method_entry}
  0x000001a3d3e6cf30: 49ba b0ea | 1c45 fe7f | 0000 41ff | d248 83c4 | 08e9 0d00 

  0x000001a3d3e6cf44: ;   {runtime_call SharedRuntime::dtrace_method_entry}
  0x000001a3d3e6cf44: 0000 49ba | b0ea 1c45 | fe7f 0000 | 41ff d248 | 83c4 2041 | 5941 585a | 498d 8fb8 | 0200 0041 
  0x000001a3d3e6cf64: c787 4803 | 0000 0400 

  0x000001a3d3e6cf6c: ;   {runtime_call}
  0x000001a3d3e6cf6c: 0000 49ba | 60fd e5b8 | fe7f 0000 | 41ff d2c5 | f877 41c7 | 8748 0300 | 0005 0000 | 00f0 8344 
  0x000001a3d3e6cf8c: 24c0 0049 | 3baf 5003 | 0000 0f87 | 1100 0000 | 4181 bf38 | 0300 0000 | 0000 000f | 8421 0000 
  0x000001a3d3e6cfac: 00c5 f877 | 498b cf4c | 8be4 4883 | ec20 4883 

  0x000001a3d3e6cfbc: ;   {runtime_call JavaThread::check_special_condition_for_native_trans}
  0x000001a3d3e6cfbc: e4f0 49ba | f008 2d45 | fe7f 0000 | 41ff d249 | 8be4 41c7 | 8748 0300 | 0008 0000 | 0041 81bf 
  0x000001a3d3e6cfdc: b803 0000 | 0200 0000 | 0f84 9b00 

  0x000001a3d3e6cfe8: ;   {external_word}
  0x000001a3d3e6cfe8: 0000 49ba | 3d29 6745 | fe7f 0000 | 4180 3a00 | 0f84 4800 

  0x000001a3d3e6cffc: ;   {metadata({method} {0x000005c9ecacf288} 'flushBuffer' '(JI)V' in 'sun/java2d/opengl/OGLRenderQueue')}
  0x000001a3d3e6cffc: 0000 48ba | 80f2 acec | c905 0000 | 498b cf48 | 83ec 20f7 | c40f 0000 | 000f 841a | 0000 0048 
  0x000001a3d3e6d01c: ;   {runtime_call SharedRuntime::dtrace_method_entry}
  0x000001a3d3e6d01c: 83ec 0849 | bab0 ea1c | 45fe 7f00 | 0041 ffd2 | 4883 c408 | e90d 0000 

  0x000001a3d3e6d034: ;   {runtime_call SharedRuntime::dtrace_method_entry}
  0x000001a3d3e6d034: 0049 bab0 | ea1c 45fe | 7f00 0041 | ffd2 4883 | c420 49c7 | 8798 0200 | 0000 0000 | 0049 c787 
  0x000001a3d3e6d054: a002 0000 | 0000 0000 | c5f8 7749 | 8b8f d800 | 0000 c781 | 0001 0000 | 0000 0000 | c949 817f 
  0x000001a3d3e6d074: 0800 0000 | 000f 8501 | 0000 00c3 

  0x000001a3d3e6d080: ;   {runtime_call StubRoutines (1)}
  0x000001a3d3e6d080: e97b 3e98 | ffc5 f877 | 4c8b e448 | 83ec 2048 

  0x000001a3d3e6d090: ;   {runtime_call SharedRuntime::reguard_yellow_pages}
  0x000001a3d3e6d090: 83e4 f049 | ba40 1b1d | 45fe 7f00 | 0041 ffd2 | 498b e4e9 | 42ff ffff 
[/MachCode]


Compiled method (c1)   26686 2465       3       sun.java2d.opengl.OGLRenderQueue::flushBuffer (41 bytes)
 total in heap  [0x000001a3cc745710,0x000001a3cc745d58] = 1608
 relocation     [0x000001a3cc745868,0x000001a3cc7458d0] = 104
 main code      [0x000001a3cc7458e0,0x000001a3cc745bc0] = 736
 stub code      [0x000001a3cc745bc0,0x000001a3cc745c18] = 88
 metadata       [0x000001a3cc745c18,0x000001a3cc745c40] = 40
 scopes data    [0x000001a3cc745c40,0x000001a3cc745c90] = 80
 scopes pcs     [0x000001a3cc745c90,0x000001a3cc745d30] = 160
 dependencies   [0x000001a3cc745d30,0x000001a3cc745d38] = 8
 nul chk table  [0x000001a3cc745d38,0x000001a3cc745d58] = 32

[Constant Pool (empty)]

[MachCode]
[Entry Point]
  # {method} {0x000005c9ecacf380} 'flushBuffer' '()V' in 'sun/java2d/opengl/OGLRenderQueue'
  #           [sp+0x70]  (sp of caller)
  0x000001a3cc7458e0: 448b 5208 

  0x000001a3cc7458e4: ;   {runtime_call ic_miss_stub}
  0x000001a3cc7458e4: 4c3b d00f | 8593 b70f | 0766 6666 | 0f1f 8400 | 0000 0000 | 6666 6690 | 0f1f 4000 
[Verified Entry Point]
  0x000001a3cc745900: 8984 2400 | 90ff ff55 | 4883 ec60 

  0x000001a3cc74590c: ;   {metadata(method data for {method} {0x000005c9ecacf380} 'flushBuffer' '()V' in 'sun/java2d/opengl/OGLRenderQueue')}
  0x000001a3cc74590c: 49b8 68f6 | 3bed c905 | 0000 458b | 88cc 0000 | 0041 83c1 | 0245 8988 | cc00 0000 | 4181 e1fe 
  0x000001a3cc74592c: 0700 0041 | 83f9 000f | 84d6 0100 | 004c 8b42 | 1049 3b00 

  0x000001a3cc745940: ;   {metadata(method data for {method} {0x000005c9ecacf380} 'flushBuffer' '()V' in 'sun/java2d/opengl/OGLRenderQueue')}
  0x000001a3cc745940: 4d8b c848 | be68 f63b | edc9 0500 | 0048 8386 | 1001 0000 

  0x000001a3cc745954: ;   {metadata(method data for {method} {0x000005c9ecad1660} 'position' '()I' in 'sun/java2d/pipe/RenderBuffer')}
  0x000001a3cc745954: 0149 b900 | 3338 edc9 | 0500 0041 | 8bb1 cc00 | 0000 83c6 | 0241 89b1 | cc00 0000 | 81e6 feff 
  0x000001a3cc745974: 1f00 83fe | 000f 84b6 | 0100 004d | 8b48 2049 | 8b70 104c | 2bce 458b | c941 83f9 

  0x000001a3cc745990: ;   {metadata(method data for {method} {0x000005c9ecacf380} 'flushBuffer' '()V' in 'sun/java2d/opengl/OGLRenderQueue')}
  0x000001a3cc745990: 0048 bf68 | f63b edc9 | 0500 0048 | bb48 0100 | 0000 0000 | 000f 8e0a | 0000 0048 | bb58 0100 
  0x000001a3cc7459b0: 0000 0000 | 0048 8b04 | 1f48 8d40 | 0148 8904 | 1f0f 8e42 

  0x000001a3cc7459c4: ;   {metadata(method data for {method} {0x000005c9ecacf380} 'flushBuffer' '()V' in 'sun/java2d/opengl/OGLRenderQueue')}
  0x000001a3cc7459c4: 0000 0048 | bf68 f63b | edc9 0500 | 0048 8387 | 6801 0000 | 014c 8bc2 

  0x000001a3cc7459dc: ;   {metadata(method data for {method} {0x000005c9ecacf380} 'flushBuffer' '()V' in 'sun/java2d/opengl/OGLRenderQueue')}
  0x000001a3cc7459dc: 48bf 68f6 | 3bed c905 | 0000 4883 | 87a0 0100 | 0001 4c8b | c648 8bf2 | 488b d648 | 8974 2450 
  0x000001a3cc7459fc: ;   {optimized virtual_call}
  0x000001a3cc7459fc: 6666 90e8 

  0x000001a3cc745a00: ; ImmutableOopMap {[80]=Oop }
                      ;*invokevirtual flushBuffer {reexecute=0 rethrow=0 return_oop=0}
                      ; - sun.java2d.opengl.OGLRenderQueue::flushBuffer@21 (line 150)
  0x000001a3cc745a00: b474 7207 | 488b 5424 | 5048 8b72 | 1048 3b06 

  0x000001a3cc745a10: ;   {metadata(method data for {method} {0x000005c9ecacf380} 'flushBuffer' '()V' in 'sun/java2d/opengl/OGLRenderQueue')}
  0x000001a3cc745a10: 488b fe48 | bb68 f63b | edc9 0500 | 0048 8383 | d801 0000 

  0x000001a3cc745a24: ;   {metadata(method data for {method} {0x000005c9ecad17e0} 'clear' '()V' in 'sun/java2d/pipe/RenderBuffer')}
  0x000001a3cc745a24: 0148 bff0 | f83b edc9 | 0500 008b | 9fcc 0000 | 0083 c302 | 899f cc00 | 0000 81e3 | feff 1f00 
  0x000001a3cc745a44: 83fb 000f | 840e 0100 | 0048 8b7e | 1048 897e | 2048 8b52 | 1848 3b02 

  0x000001a3cc745a5c: ;   {metadata(method data for {method} {0x000005c9ecacf380} 'flushBuffer' '()V' in 'sun/java2d/opengl/OGLRenderQueue')}
  0x000001a3cc745a5c: 488b f248 | bf68 f63b | edc9 0500 | 008b 7608 | 483b b720 | 0200 0075 | 0d48 8387 | 2802 0000 
  0x000001a3cc745a7c: 01e9 6600 | 0000 483b | b730 0200 | 0075 0d48 | 8387 3802 | 0000 01e9 | 5000 0000 | 4881 bf20 
  0x000001a3cc745a9c: 0200 0000 | 0000 0075 | 1748 89b7 | 2002 0000 | 48c7 8728 | 0200 0001 | 0000 00e9 | 2c00 0000 
  0x000001a3cc745abc: 4881 bf30 | 0200 0000 | 0000 0075 | 1748 89b7 | 3002 0000 | 48c7 8738 | 0200 0001 | 0000 00e9 
  0x000001a3cc745adc: 0800 0000 | 4883 8710 | 0200 0001 | 0f1f 4400 | 0048 b828 | 4e07 8000 

  0x000001a3cc745af4: ;   {virtual_call}
  0x000001a3cc745af4: 0000 00e8 

  0x000001a3cc745af8: ; ImmutableOopMap {}
                      ;*invokeinterface clear {reexecute=0 rethrow=0 return_oop=0}
                      ; - sun.java2d.opengl.OGLRenderQueue::flushBuffer@35 (line 155)
  0x000001a3cc745af8: 44f9 ffff | 4883 c460 

  0x000001a3cc745b00: ;   {poll_return}
  0x000001a3cc745b00: 5d49 3ba7 | 5003 0000 | 0f87 7300 

  0x000001a3cc745b0c: ;   {metadata({method} {0x000005c9ecacf380} 'flushBuffer' '()V' in 'sun/java2d/opengl/OGLRenderQueue')}
  0x000001a3cc745b0c: 0000 c349 | ba78 f3ac | ecc9 0500 | 004c 8954 | 2408 48c7 | 0424 ffff 

  0x000001a3cc745b24: ;   {runtime_call counter_overflow Runtime1 stub}
  0x000001a3cc745b24: ffff e855 

  0x000001a3cc745b28: ; ImmutableOopMap {rdx=Oop }
                      ;*synchronization entry
                      ; - sun.java2d.opengl.OGLRenderQueue::flushBuffer@-1 (line 147)
  0x000001a3cc745b28: 361a 07e9 | 09fe ffff 

  0x000001a3cc745b30: ;   {runtime_call throw_null_pointer_exception Runtime1 stub}
  0x000001a3cc745b30: e86b e519 

  0x000001a3cc745b34: ; ImmutableOopMap {rdx=Oop r8=Oop }
                      ;*invokevirtual position {reexecute=0 rethrow=0 return_oop=0}
                      ; - sun.java2d.opengl.OGLRenderQueue::flushBuffer@4 (line 147)
                      ;   {metadata({method} {0x000005c9ecad1660} 'position' '()I' in 'sun/java2d/pipe/RenderBuffer')}
  0x000001a3cc745b34: 0749 ba58 | 16ad ecc9 | 0500 004c | 8954 2408 | 48c7 0424 | ffff ffff 

  0x000001a3cc745b4c: ;   {runtime_call counter_overflow Runtime1 stub}
  0x000001a3cc745b4c: e82f 361a 

  0x000001a3cc745b50: ; ImmutableOopMap {rdx=Oop r8=Oop }
                      ;*synchronization entry
                      ; - sun.java2d.pipe.RenderBuffer::position@-1 (line 110)
                      ; - sun.java2d.opengl.OGLRenderQueue::flushBuffer@4 (line 147)
  0x000001a3cc745b50: 07e9 29fe 

  0x000001a3cc745b54: ;   {runtime_call throw_null_pointer_exception Runtime1 stub}
  0x000001a3cc745b54: ffff e845 

  0x000001a3cc745b58: ; ImmutableOopMap {rdx=Oop rsi=Oop }
                      ;*invokevirtual clear {reexecute=0 rethrow=0 return_oop=0}
                      ; - sun.java2d.opengl.OGLRenderQueue::flushBuffer@28 (line 153)
                      ;   {metadata({method} {0x000005c9ecad17e0} 'clear' '()V' in 'sun/java2d/pipe/RenderBuffer')}
  0x000001a3cc745b58: e519 0749 | bad8 17ad | ecc9 0500 | 004c 8954 | 2408 48c7 | 0424 ffff 

  0x000001a3cc745b70: ;   {runtime_call counter_overflow Runtime1 stub}
  0x000001a3cc745b70: ffff e809 

  0x000001a3cc745b74: ; ImmutableOopMap {rdx=Oop rsi=Oop }
                      ;*synchronization entry
                      ; - sun.java2d.pipe.RenderBuffer::clear@-1 (line 118)
                      ; - sun.java2d.opengl.OGLRenderQueue::flushBuffer@28 (line 153)
  0x000001a3cc745b74: 361a 07e9 | d1fe ffff 

  0x000001a3cc745b7c: ;   {runtime_call throw_null_pointer_exception Runtime1 stub}
  0x000001a3cc745b7c: e81f e519 

  0x000001a3cc745b80: ; ImmutableOopMap {rdx=Oop }
                      ;*invokeinterface clear {reexecute=0 rethrow=0 return_oop=0}
                      ; - sun.java2d.opengl.OGLRenderQueue::flushBuffer@35 (line 155)
                      ;   {internal_word}
  0x000001a3cc745b80: 0749 ba01 | 5b74 cca3 | 0100 004d | 8997 6803 

  0x000001a3cc745b90: ;   {runtime_call SafepointBlob}
  0x000001a3cc745b90: 0000 e969 | 1e10 0790 | 9049 8b87 | e003 0000 | 49c7 87e0 | 0300 0000 | 0000 0049 | c787 e803 
  0x000001a3cc745bb0: 0000 0000 | 0000 4883 

  0x000001a3cc745bb8: ;   {runtime_call unwind_exception Runtime1 stub}
  0x000001a3cc745bb8: c460 5de9 | 40f9 1007 
[Stub Code]
  0x000001a3cc745bc0: ;   {no_reloc}
  0x000001a3cc745bc0: 0f1f 4400 

  0x000001a3cc745bc4: ;   {static_stub}
  0x000001a3cc745bc4: 0048 bb80 | f2ac ecc9 

  0x000001a3cc745bcc: ;   {runtime_call I2C/C2I adapters}
  0x000001a3cc745bcc: 0500 00e9 | 0027 1007 

  0x000001a3cc745bd4: ;   {static_stub}
  0x000001a3cc745bd4: 9048 bb00 | 0000 0000 

  0x000001a3cc745bdc: ;   {runtime_call}
  0x000001a3cc745bdc: 0000 00e9 | fbff ffff 
[Exception Handler]
  0x000001a3cc745be4: ;   {runtime_call handle_exception_from_callee Runtime1 stub}
  0x000001a3cc745be4: e897 021a 

  0x000001a3cc745be8: ;   {external_word}
  0x000001a3cc745be8: 0748 b990 | 6d41 45fe | 7f00 0048 

  0x000001a3cc745bf4: ;   {runtime_call MacroAssembler::debug64}
  0x000001a3cc745bf4: 83e4 f049 | ba30 df09 | 45fe 7f00 | 0041 ffd2 

  0x000001a3cc745c04: ;   {section_word}
  0x000001a3cc745c04: f449 ba05 | 5c74 cca3 | 0100 0041 

  0x000001a3cc745c10: ;   {runtime_call DeoptimizationBlob}
  0x000001a3cc745c10: 52e9 8a10 | 1007 f4f4 
[/MachCode]


---------------  P R O C E S S  ---------------

Threads class SMR info:
_java_thread_list=0x000005c9f6a5fd00, length=44, elements={
0x000005c9eba35340, 0x000005c9eba361c0, 0x000005c9eba7e370, 0x000005c9eba8e9a0,
0x000005c9eba91280, 0x000005c9eba91b50, 0x000005c9eba928f0, 0x000005c9eba9e3d0,
0x000005c9ebaa22d0, 0x000005c9f0140060, 0x000005c9f029fe50, 0x000005c9f02a0330,
0x000005c9f04dee80, 0x000005c9f68755a0, 0x000005c9f6cc94e0, 0x000005c9f6de4590,
0x000005c9f6c74040, 0x000005c9f6dea210, 0x000005c9f6debb60, 0x000005c9f6dea720,
0x000005c9f6deac30, 0x000005c9f6deb140, 0x000005c9f6deb650, 0x000005c9f6f65f40,
0x000005c9f6f66450, 0x000005c9f6f67380, 0x000005c9f6f66960, 0x000005c9f6f66e70,
0x000005c9f6f67890, 0x000005c9f6f691e0, 0x000005c9f6f67da0, 0x000005c9f6f682b0,
0x000005c9f6f687c0, 0x000005c9f6f696f0, 0x000005c9f6f65a30, 0x000005c9f6f68cd0,
0x000005c9f6f69c00, 0x000005c9f6f645f0, 0x000005c9f6f6a110, 0x000005c9f6f6a620,
0x000005c9f6f6b550, 0x000005c9f6f64b00, 0x000005c9f6f65010, 0x000005c9f6bf4be0
}

Java Threads: ( => current thread )
  0x000005c9eba35340 JavaThread "Reference Handler" daemon [_thread_blocked, id=37732, stack(0x00000027ab800000,0x00000027ab900000)]
  0x000005c9eba361c0 JavaThread "Finalizer" daemon [_thread_blocked, id=24276, stack(0x00000027ab900000,0x00000027aba00000)]
  0x000005c9eba7e370 JavaThread "Signal Dispatcher" daemon [_thread_blocked, id=12604, stack(0x00000027aba00000,0x00000027abb00000)]
  0x000005c9eba8e9a0 JavaThread "Attach Listener" daemon [_thread_blocked, id=10220, stack(0x00000027abb00000,0x00000027abc00000)]
  0x000005c9eba91280 JavaThread "Service Thread" daemon [_thread_blocked, id=2280, stack(0x00000027abc00000,0x00000027abd00000)]
  0x000005c9eba91b50 JavaThread "Monitor Deflation Thread" daemon [_thread_blocked, id=40404, stack(0x00000027abd00000,0x00000027abe00000)]
  0x000005c9eba928f0 JavaThread "C2 CompilerThread0" daemon [_thread_blocked, id=33964, stack(0x00000027abe00000,0x00000027abf00000)]
  0x000005c9eba9e3d0 JavaThread "C1 CompilerThread0" daemon [_thread_blocked, id=17084, stack(0x00000027abf00000,0x00000027ac000000)]
  0x000005c9ebaa22d0 JavaThread "Sweeper thread" daemon [_thread_blocked, id=35904, stack(0x00000027ac000000,0x00000027ac100000)]
  0x000005c9f0140060 JavaThread "Common-Cleaner" daemon [_thread_blocked, id=30408, stack(0x00000027ac100000,0x00000027ac200000)]
  0x000005c9f029fe50 JavaThread "Monitor Ctrl-Break" daemon [_thread_in_native, id=42580, stack(0x00000027ac200000,0x00000027ac300000)]
  0x000005c9f02a0330 JavaThread "Notification Thread" daemon [_thread_blocked, id=30316, stack(0x00000027ac300000,0x00000027ac400000)]
=>0x000005c9f04dee80 JavaThread "Java2D Queue Flusher" daemon [_thread_in_native, id=5548, stack(0x00000027ac500000,0x00000027ac600000)]
  0x000005c9f68755a0 JavaThread "Java2D Disposer" daemon [_thread_blocked, id=26848, stack(0x00000027aca00000,0x00000027acb00000)]
  0x000005c9f6cc94e0 JavaThread "AWT-Windows" daemon [_thread_in_native, id=34992, stack(0x00000027acd00000,0x00000027ace00000)]
  0x000005c9f6de4590 JavaThread "Java Sound Event Dispatcher" daemon [_thread_blocked, id=39860, stack(0x00000027ad800000,0x00000027ad900000)]
  0x000005c9f6c74040 JavaThread "Direct Clip" daemon [_thread_blocked, id=6364, stack(0x00000027adb00000,0x00000027adc00000)]
  0x000005c9f6dea210 JavaThread "Direct Clip" daemon [_thread_blocked, id=42028, stack(0x00000027adc00000,0x00000027add00000)]
  0x000005c9f6debb60 JavaThread "Direct Clip" daemon [_thread_blocked, id=41012, stack(0x00000027add00000,0x00000027ade00000)]
  0x000005c9f6dea720 JavaThread "Direct Clip" daemon [_thread_blocked, id=40948, stack(0x00000027ade00000,0x00000027adf00000)]
  0x000005c9f6deac30 JavaThread "Direct Clip" daemon [_thread_blocked, id=34440, stack(0x00000027adf00000,0x00000027ae000000)]
  0x000005c9f6deb140 JavaThread "Direct Clip" daemon [_thread_blocked, id=22100, stack(0x00000027ae000000,0x00000027ae100000)]
  0x000005c9f6deb650 JavaThread "Direct Clip" daemon [_thread_blocked, id=36268, stack(0x00000027ae100000,0x00000027ae200000)]
  0x000005c9f6f65f40 JavaThread "Direct Clip" daemon [_thread_blocked, id=264, stack(0x00000027ae200000,0x00000027ae300000)]
  0x000005c9f6f66450 JavaThread "Direct Clip" daemon [_thread_blocked, id=6608, stack(0x00000027ae300000,0x00000027ae400000)]
  0x000005c9f6f67380 JavaThread "Direct Clip" daemon [_thread_blocked, id=26480, stack(0x00000027ae400000,0x00000027ae500000)]
  0x000005c9f6f66960 JavaThread "Direct Clip" daemon [_thread_blocked, id=13272, stack(0x00000027ae500000,0x00000027ae600000)]
  0x000005c9f6f66e70 JavaThread "Direct Clip" daemon [_thread_blocked, id=39100, stack(0x00000027ae600000,0x00000027ae700000)]
  0x000005c9f6f67890 JavaThread "Direct Clip" daemon [_thread_blocked, id=3008, stack(0x00000027ae700000,0x00000027ae800000)]
  0x000005c9f6f691e0 JavaThread "Direct Clip" daemon [_thread_blocked, id=5088, stack(0x00000027ae800000,0x00000027ae900000)]
  0x000005c9f6f67da0 JavaThread "Direct Clip" daemon [_thread_blocked, id=38516, stack(0x00000027ae900000,0x00000027aea00000)]
  0x000005c9f6f682b0 JavaThread "Direct Clip" daemon [_thread_blocked, id=15628, stack(0x00000027aea00000,0x00000027aeb00000)]
  0x000005c9f6f687c0 JavaThread "Direct Clip" daemon [_thread_blocked, id=11972, stack(0x00000027aeb00000,0x00000027aec00000)]
  0x000005c9f6f696f0 JavaThread "Direct Clip" daemon [_thread_blocked, id=35880, stack(0x00000027aec00000,0x00000027aed00000)]
  0x000005c9f6f65a30 JavaThread "Direct Clip" daemon [_thread_blocked, id=29736, stack(0x00000027aed00000,0x00000027aee00000)]
  0x000005c9f6f68cd0 JavaThread "Direct Clip" daemon [_thread_blocked, id=40776, stack(0x00000027aee00000,0x00000027aef00000)]
  0x000005c9f6f69c00 JavaThread "Direct Clip" daemon [_thread_blocked, id=40968, stack(0x00000027aef00000,0x00000027af000000)]
  0x000005c9f6f645f0 JavaThread "AWT-Shutdown" [_thread_blocked, id=37328, stack(0x00000027acc00000,0x00000027acd00000)]
  0x000005c9f6f6a110 JavaThread "AWT-EventQueue-0" [_thread_blocked, id=35668, stack(0x00000027af000000,0x00000027af100000)]
  0x000005c9f6f6a620 JavaThread "DestroyJavaVM" [_thread_blocked, id=1796, stack(0x00000027ab100000,0x00000027ab200000)]
  0x000005c9f6f6b550 JavaThread "TimerQueue" daemon [_thread_blocked, id=11344, stack(0x00000027af800000,0x00000027af900000)]
  0x000005c9f6f64b00 JavaThread "Thread-0" [_thread_blocked, id=37620, stack(0x00000027afb00000,0x00000027afc00000)]
  0x000005c9f6f65010 JavaThread "Forest" [_thread_in_vm, id=2828, stack(0x00000027afc00000,0x00000027afd00000)]
  0x000005c9f6bf4be0 JavaThread "ToolkitShutdown" daemon [_thread_in_native, id=21232, stack(0x00000027b0000000,0x00000027b0100000)]

Other Threads:
  0x000005c9eba2e600 VMThread "VM Thread" [stack: 0x00000027ab700000,0x00000027ab800000] [id=35544]
  0x000001a3c6f2e9f0 WatcherThread [stack: 0x00000027ac400000,0x00000027ac500000] [id=41272]
  0x000001a3c6fea300 GCTaskThread "GC Thread#0" [stack: 0x00000027ab200000,0x00000027ab300000] [id=41844]
  0x000005c9f6873170 GCTaskThread "GC Thread#1" [stack: 0x00000027ace00000,0x00000027acf00000] [id=18248]
  0x000005c9f6ea6790 GCTaskThread "GC Thread#2" [stack: 0x00000027acf00000,0x00000027ad000000] [id=16360]
  0x000005c9f6ea6a50 GCTaskThread "GC Thread#3" [stack: 0x00000027ad000000,0x00000027ad100000] [id=36672]
  0x000005c9f6c22380 GCTaskThread "GC Thread#4" [stack: 0x00000027ad100000,0x00000027ad200000] [id=42516]
  0x000005c9f6c22640 GCTaskThread "GC Thread#5" [stack: 0x00000027ad200000,0x00000027ad300000] [id=1804]
  0x000005c9f6b515e0 GCTaskThread "GC Thread#6" [stack: 0x00000027ad300000,0x00000027ad400000] [id=38220]
  0x000005c9f6b518a0 GCTaskThread "GC Thread#7" [stack: 0x00000027ad400000,0x00000027ad500000] [id=42484]
  0x000005c9f6e84b80 GCTaskThread "GC Thread#8" [stack: 0x00000027ad500000,0x00000027ad600000] [id=34700]
  0x000005c9f6ca2560 GCTaskThread "GC Thread#9" [stack: 0x00000027ad600000,0x00000027ad700000] [id=31520]
  0x000001a3c6fec9d0 ConcurrentGCThread "G1 Main Marker" [stack: 0x00000027ab300000,0x00000027ab400000] [id=40076]
  0x000001a3c6fed3f0 ConcurrentGCThread "G1 Conc#0" [stack: 0x00000027ab400000,0x00000027ab500000] [id=1264]
  0x000005c9f6ec8eb0 ConcurrentGCThread "G1 Conc#1" [stack: 0x00000027af900000,0x00000027afa00000] [id=14132]
  0x000005c9f6ec9f30 ConcurrentGCThread "G1 Conc#2" [stack: 0x00000027afa00000,0x00000027afb00000] [id=26536]
  0x000005a9e41ce090 ConcurrentGCThread "G1 Refine#0" [stack: 0x00000027ab500000,0x00000027ab600000] [id=22688]
  0x000005c9f6f9ab40 ConcurrentGCThread "G1 Refine#1" [stack: 0x00000027af100000,0x00000027af200000] [id=6560]
  0x000005c9f6ed52c0 ConcurrentGCThread "G1 Refine#2" [stack: 0x00000027af200000,0x00000027af300000] [id=12360]
  0x000005c9f6f14b30 ConcurrentGCThread "G1 Refine#3" [stack: 0x00000027af300000,0x00000027af400000] [id=36244]
  0x000005c9f6f14e20 ConcurrentGCThread "G1 Refine#4" [stack: 0x00000027af400000,0x00000027af500000] [id=17652]
  0x000005a9e41ceac0 ConcurrentGCThread "G1 Service" [stack: 0x00000027ab600000,0x00000027ab700000] [id=9180]

Threads with active compile tasks:

VM state: not at safepoint (normal execution)

VM Mutex/Monitor currently owned by a thread: None

CDS archive(s) not mapped
Compressed class space mapped at: 0x0000000080000000-0x00000000c0000000, reserved size: 1073741824
Narrow klass base: 0x0000000000000000, Narrow klass shift: 0, Narrow klass range: 0xc0000000

GC Precious Log:
 CPUs: 12 total, 12 available
 Memory: 16254M
 Large Page Support: Disabled
 NUMA Support: Disabled
 Compressed Oops: Disabled
 Heap Region Size: 32M
 Heap Min Capacity: 32M
 Heap Initial Capacity: 256M
 Heap Max Capacity: 4096G
 Pre-touch: Disabled
 Parallel Workers: 10
 Concurrent Workers: 3
 Concurrent Refinement Workers: 10
 Periodic GC: Disabled

Heap:
 garbage-first heap   total 557056K, used 251078K [0x000001a3dc000000, 0x000005a3dc000000)
  region size 32768K, 2 young (65536K), 1 survivors (32768K)
 Metaspace       used 22975K, committed 23296K, reserved 1114112K
  class space    used 2349K, committed 2496K, reserved 1048576K

Heap Regions: E=young(eden), S=young(survivor), O=old, HS=humongous(starts), HC=humongous(continues), CS=collection set, F=free, OA=open archive, CA=closed archive, TAMS=top-at-mark-start (previous, next)
|   0|0x000001a3dc000000, 0x000001a3de000000, 0x000001a3de000000|100%| O|  |TAMS 0x000001a3de000000, 0x000001a3dc000000| Complete 
|   1|0x000001a3de000000, 0x000001a3e0000000, 0x000001a3e0000000|100%|HS|  |TAMS 0x000001a3e0000000, 0x000001a3de000000| Complete 
|   2|0x000001a3e0000000, 0x000001a3e2000000, 0x000001a3e2000000|100%| O|  |TAMS 0x000001a3e2000000, 0x000001a3e0000000| Complete 
|   3|0x000001a3e2000000, 0x000001a3e4000000, 0x000001a3e4000000|100%| O|  |TAMS 0x000001a3e4000000, 0x000001a3e2000000| Untracked 
|   4|0x000001a3e4000000, 0x000001a3e6000000, 0x000001a3e6000000|100%| O|  |TAMS 0x000001a3e6000000, 0x000001a3e4000000| Untracked 
|   5|0x000001a3e6000000, 0x000001a3e8000000, 0x000001a3e8000000|100%| O|  |TAMS 0x000001a3e8000000, 0x000001a3e6000000| Untracked 
|   6|0x000001a3e8000000, 0x000001a3ea000000, 0x000001a3ea000000|100%| O|  |TAMS 0x000001a3e90ac800, 0x000001a3e8000000| Untracked 
|   7|0x000001a3ea000000, 0x000001a3eb240a00, 0x000001a3ec000000| 57%| O|  |TAMS 0x000001a3ea000000, 0x000001a3ea000000| Untracked 
|   8|0x000001a3ec000000, 0x000001a3ec000000, 0x000001a3ee000000|  0%| F|  |TAMS 0x000001a3ec000000, 0x000001a3ec000000| Untracked 
|   9|0x000001a3ee000000, 0x000001a3ee000000, 0x000001a3f0000000|  0%| F|  |TAMS 0x000001a3ee000000, 0x000001a3ee000000| Untracked 
|  10|0x000001a3f0000000, 0x000001a3f0000000, 0x000001a3f2000000|  0%| F|  |TAMS 0x000001a3f0000000, 0x000001a3f0000000| Untracked 
|  11|0x000001a3f2000000, 0x000001a3f2000000, 0x000001a3f4000000|  0%| F|  |TAMS 0x000001a3f2000000, 0x000001a3f2000000| Untracked 
|  12|0x000001a3f4000000, 0x000001a3f4000000, 0x000001a3f6000000|  0%| F|  |TAMS 0x000001a3f4000000, 0x000001a3f4000000| Untracked 
|  13|0x000001a3f6000000, 0x000001a3f6000000, 0x000001a3f8000000|  0%| F|  |TAMS 0x000001a3f6000000, 0x000001a3f6000000| Untracked 
|  14|0x000001a3f8000000, 0x000001a3f8000000, 0x000001a3fa000000|  0%| F|  |TAMS 0x000001a3f8000000, 0x000001a3f8000000| Untracked 
|  15|0x000001a3fa000000, 0x000001a3fa63bbb8, 0x000001a3fc000000| 19%| E|  |TAMS 0x000001a3fa000000, 0x000001a3fa000000| Complete 
|  16|0x000001a3fc000000, 0x000001a3fc2f1018, 0x000001a3fe000000|  9%| S|CS|TAMS 0x000001a3fc000000, 0x000001a3fc000000| Complete 

Card table byte_map: [0x000005a5e4010000,0x000005a7e4010000] _byte_map_base: 0x000005a512130000

Marking Bits (Prev, Next): (CMBitMap*) 0x000001a3c6fea960, (CMBitMap*) 0x000001a3c6fea920
 Prev Bits: [0x000005b9e4420000, 0x000005c9e4420000)
 Next Bits: [0x000005a9e4210000, 0x000005b9e4210000)

Polling page: 0x000001a3c6ff0000

Metaspace:

Usage:
  Non-class:     20.14 MB used.
      Class:      2.29 MB used.
       Both:     22.44 MB used.

Virtual space:
  Non-class space:       64.00 MB reserved,      20.31 MB ( 32%) committed,  1 nodes.
      Class space:        1.00 GB reserved,       2.44 MB ( <1%) committed,  1 nodes.
             Both:        1.06 GB reserved,      22.75 MB (  2%) committed. 

Chunk freelists:
   Non-Class:  10.98 MB
       Class:  13.59 MB
        Both:  24.58 MB

MaxMetaspaceSize: unlimited
CompressedClassSpaceSize: 1.00 GB
Initial GC threshold: 21.00 MB
Current GC threshold: 35.12 MB
CDS: off
MetaspaceReclaimPolicy: balanced
 - commit_granule_bytes: 65536.
 - commit_granule_words: 8192.
 - virtual_space_node_default_size: 8388608.
 - enlarge_chunks_in_place: 1.
 - new_chunks_are_fully_committed: 0.
 - uncommit_free_chunks: 1.
 - use_allocation_guard: 0.
 - handle_deallocations: 1.


Internal statistics:

num_allocs_failed_limit: 3.
num_arena_births: 264.
num_arena_deaths: 0.
num_vsnodes_births: 2.
num_vsnodes_deaths: 0.
num_space_committed: 364.
num_space_uncommitted: 0.
num_chunks_returned_to_freelist: 3.
num_chunks_taken_from_freelist: 405.
num_chunk_merges: 0.
num_chunk_splits: 226.
num_chunks_enlarged: 111.
num_inconsistent_stats: 0.

CodeHeap 'non-profiled nmethods': size=120000Kb used=1410Kb max_used=1410Kb free=118589Kb
 bounds [0x000001a3d3d90000, 0x000001a3d4000000, 0x000001a3db2c0000]
CodeHeap 'profiled nmethods': size=120000Kb used=5547Kb max_used=5547Kb free=114452Kb
 bounds [0x000001a3cc2c0000, 0x000001a3cc830000, 0x000001a3d37f0000]
CodeHeap 'non-nmethods': size=5760Kb used=1311Kb max_used=1386Kb free=4448Kb
 bounds [0x000001a3d37f0000, 0x000001a3d3a60000, 0x000001a3d3d90000]
 total_blobs=3629 nmethods=2982 adapters=558
 compilation: enabled
              stopped_count=0, restarted_count=0
 full_count=0

Compilation events (20 events):
Event: 26.252 Thread 0x000005c9eba9e3d0 nmethod 2971 0x000001a3cc823a90 code [0x000001a3cc823e40, 0x000001a3cc8250c8]
Event: 26.267 Thread 0x000005c9eba9e3d0 2972       3       sun.font.GlyphList::setFromString (75 bytes)
Event: 26.267 Thread 0x000005c9eba9e3d0 nmethod 2972 0x000001a3cc825990 code [0x000001a3cc825b60, 0x000001a3cc825ec8]
Event: 26.267 Thread 0x000005c9eba9e3d0 2973       3       sun.font.GlyphList::dispose (48 bytes)
Event: 26.267 Thread 0x000005c9eba9e3d0 nmethod 2973 0x000001a3cc826090 code [0x000001a3cc826240, 0x000001a3cc826518]
Event: 26.283 Thread 0x000005c9eba9e3d0 2974       3       java.lang.StringUTF16$CharsSpliterator::<init> (12 bytes)
Event: 26.284 Thread 0x000005c9eba9e3d0 nmethod 2974 0x000001a3cc826610 code [0x000001a3cc8267c0, 0x000001a3cc826908]
Event: 26.300 Thread 0x000005c9eba9e3d0 2976   !   3       sun.java2d.pipe.BufferedRenderPipe::fillRect (102 bytes)
Event: 26.301 Thread 0x000005c9eba9e3d0 nmethod 2976 0x000001a3cc826a10 code [0x000001a3cc826de0, 0x000001a3cc8285b8]
Event: 26.301 Thread 0x000005c9eba9e3d0 2975       1       sun.java2d.SunGraphics2D::getBackground (5 bytes)
Event: 26.301 Thread 0x000005c9eba9e3d0 nmethod 2975 0x000001a3d3eee510 code [0x000001a3d3eee6a0, 0x000001a3d3eee778]
Event: 26.351 Thread 0x000005c9eba9e3d0 2977       3       java.lang.Long::toString (139 bytes)
Event: 26.352 Thread 0x000005c9eba9e3d0 nmethod 2977 0x000001a3cc829190 code [0x000001a3cc829380, 0x000001a3cc829978]
Event: 26.368 Thread 0x000005c9eba9e3d0 2978       3       java.util.Optional::of (12 bytes)
Event: 26.369 Thread 0x000005c9eba9e3d0 nmethod 2978 0x000001a3cc829b90 code [0x000001a3cc829d60, 0x000001a3cc82a108]
Event: 26.385 Thread 0x000005c9eba928f0 2979   !   4       sun.java2d.opengl.OGLRenderer::validateContext (70 bytes)
Event: 26.385 Thread 0x000005c9eba9e3d0 2981       3       java.util.Collections::singleton (9 bytes)
Event: 26.386 Thread 0x000005c9eba9e3d0 nmethod 2981 0x000001a3cc82a290 code [0x000001a3cc82a440, 0x000001a3cc82a758]
Event: 26.386 Thread 0x000005c9eba9e3d0 2982       3       java.util.Collections$SingletonSet::<init> (10 bytes)
Event: 26.386 Thread 0x000005c9eba9e3d0 nmethod 2982 0x000001a3cc82a890 code [0x000001a3cc82aa40, 0x000001a3cc82acb8]

GC Heap History (20 events):
Event: 1.142 GC heap before
{Heap before GC invocations=0 (full 0):
 garbage-first heap   total 262144K, used 32768K [0x000001a3dc000000, 0x000005a3dc000000)
  region size 32768K, 1 young (32768K), 0 survivors (0K)
 Metaspace       used 16495K, committed 16768K, reserved 1114112K
  class space    used 1554K, committed 1664K, reserved 1048576K
}
Event: 1.153 GC heap after
{Heap after GC invocations=1 (full 0):
 garbage-first heap   total 262144K, used 6133K [0x000001a3dc000000, 0x000005a3dc000000)
  region size 32768K, 1 young (32768K), 1 survivors (32768K)
 Metaspace       used 16495K, committed 16768K, reserved 1114112K
  class space    used 1554K, committed 1664K, reserved 1048576K
}
Event: 1.307 GC heap before
{Heap before GC invocations=1 (full 0):
 garbage-first heap   total 262144K, used 6133K [0x000001a3dc000000, 0x000005a3dc000000)
  region size 32768K, 2 young (65536K), 1 survivors (32768K)
 Metaspace       used 16573K, committed 16832K, reserved 1114112K
  class space    used 1556K, committed 1664K, reserved 1048576K
}
Event: 1.315 GC heap after
{Heap after GC invocations=2 (full 0):
 garbage-first heap   total 262144K, used 15026K [0x000001a3dc000000, 0x000005a3dc000000)
  region size 32768K, 1 young (32768K), 1 survivors (32768K)
 Metaspace       used 16573K, committed 16832K, reserved 1114112K
  class space    used 1556K, committed 1664K, reserved 1048576K
}
Event: 1.594 GC heap before
{Heap before GC invocations=2 (full 0):
 garbage-first heap   total 262144K, used 47794K [0x000001a3dc000000, 0x000005a3dc000000)
  region size 32768K, 2 young (65536K), 1 survivors (32768K)
 Metaspace       used 16581K, committed 16832K, reserved 1114112K
  class space    used 1556K, committed 1664K, reserved 1048576K
}
Event: 1.606 GC heap after
{Heap after GC invocations=3 (full 0):
 garbage-first heap   total 262144K, used 60330K [0x000001a3dc000000, 0x000005a3dc000000)
  region size 32768K, 1 young (32768K), 1 survivors (32768K)
 Metaspace       used 16581K, committed 16832K, reserved 1114112K
  class space    used 1556K, committed 1664K, reserved 1048576K
}
Event: 1.634 GC heap before
{Heap before GC invocations=3 (full 0):
 garbage-first heap   total 262144K, used 60330K [0x000001a3dc000000, 0x000005a3dc000000)
  region size 32768K, 2 young (65536K), 1 survivors (32768K)
 Metaspace       used 16581K, committed 16832K, reserved 1114112K
  class space    used 1556K, committed 1664K, reserved 1048576K
}
Event: 1.647 GC heap after
{Heap after GC invocations=4 (full 0):
 garbage-first heap   total 262144K, used 62341K [0x000001a3dc000000, 0x000005a3dc000000)
  region size 32768K, 1 young (32768K), 1 survivors (32768K)
 Metaspace       used 16581K, committed 16832K, reserved 1114112K
  class space    used 1556K, committed 1664K, reserved 1048576K
}
Event: 1.807 GC heap before
{Heap before GC invocations=4 (full 0):
 garbage-first heap   total 262144K, used 95109K [0x000001a3dc000000, 0x000005a3dc000000)
  region size 32768K, 2 young (65536K), 1 survivors (32768K)
 Metaspace       used 16932K, committed 17216K, reserved 1114112K
  class space    used 1608K, committed 1728K, reserved 1048576K
}
Event: 1.817 GC heap after
{Heap after GC invocations=5 (full 0):
 garbage-first heap   total 262144K, used 122176K [0x000001a3dc000000, 0x000005a3dc000000)
  region size 32768K, 1 young (32768K), 1 survivors (32768K)
 Metaspace       used 16932K, committed 17216K, reserved 1114112K
  class space    used 1608K, committed 1728K, reserved 1048576K
}
Event: 1.838 GC heap before
{Heap before GC invocations=5 (full 0):
 garbage-first heap   total 262144K, used 122176K [0x000001a3dc000000, 0x000005a3dc000000)
  region size 32768K, 2 young (65536K), 1 survivors (32768K)
 Metaspace       used 16936K, committed 17216K, reserved 1114112K
  class space    used 1608K, committed 1728K, reserved 1048576K
}
Event: 1.849 GC heap after
{Heap after GC invocations=6 (full 0):
 garbage-first heap   total 524288K, used 156065K [0x000001a3dc000000, 0x000005a3dc000000)
  region size 32768K, 1 young (32768K), 1 survivors (32768K)
 Metaspace       used 16936K, committed 17216K, reserved 1114112K
  class space    used 1608K, committed 1728K, reserved 1048576K
}
Event: 2.046 GC heap before
{Heap before GC invocations=6 (full 0):
 garbage-first heap   total 524288K, used 188833K [0x000001a3dc000000, 0x000005a3dc000000)
  region size 32768K, 2 young (65536K), 1 survivors (32768K)
 Metaspace       used 17394K, committed 17600K, reserved 1114112K
  class space    used 1666K, committed 1728K, reserved 1048576K
}
Event: 2.058 GC heap after
{Heap after GC invocations=7 (full 0):
 garbage-first heap   total 524288K, used 176381K [0x000001a3dc000000, 0x000005a3dc000000)
  region size 32768K, 1 young (32768K), 1 survivors (32768K)
 Metaspace       used 17394K, committed 17600K, reserved 1114112K
  class space    used 1666K, committed 1728K, reserved 1048576K
}
Event: 5.065 GC heap before
{Heap before GC invocations=7 (full 0):
 garbage-first heap   total 524288K, used 241917K [0x000001a3dc000000, 0x000005a3dc000000)
  region size 32768K, 3 young (98304K), 1 survivors (32768K)
 Metaspace       used 18933K, committed 19200K, reserved 1114112K
  class space    used 1882K, committed 1984K, reserved 1048576K
}
Event: 5.090 GC heap after
{Heap after GC invocations=8 (full 0):
 garbage-first heap   total 524288K, used 246450K [0x000001a3dc000000, 0x000005a3dc000000)
  region size 32768K, 1 young (32768K), 1 survivors (32768K)
 Metaspace       used 18933K, committed 19200K, reserved 1114112K
  class space    used 1882K, committed 1984K, reserved 1048576K
}
Event: 7.092 GC heap before
{Heap before GC invocations=8 (full 0):
 garbage-first heap   total 524288K, used 246450K [0x000001a3dc000000, 0x000005a3dc000000)
  region size 32768K, 2 young (65536K), 1 survivors (32768K)
 Metaspace       used 21234K, committed 21504K, reserved 1114112K
  class space    used 2168K, committed 2304K, reserved 1048576K
}
Event: 7.102 GC heap after
{Heap after GC invocations=9 (full 0):
 garbage-first heap   total 524288K, used 251969K [0x000001a3dc000000, 0x000005a3dc000000)
  region size 32768K, 1 young (32768K), 1 survivors (32768K)
 Metaspace       used 21234K, committed 21504K, reserved 1114112K
  class space    used 2168K, committed 2304K, reserved 1048576K
}
Event: 25.552 GC heap before
{Heap before GC invocations=10 (full 0):
 garbage-first heap   total 557056K, used 284737K [0x000001a3dc000000, 0x000005a3dc000000)
  region size 32768K, 2 young (65536K), 1 survivors (32768K)
 Metaspace       used 22901K, committed 23232K, reserved 1114112K
  class space    used 2347K, committed 2496K, reserved 1048576K
}
Event: 25.557 GC heap after
{Heap after GC invocations=11 (full 0):
 garbage-first heap   total 557056K, used 251078K [0x000001a3dc000000, 0x000005a3dc000000)
  region size 32768K, 1 young (32768K), 1 survivors (32768K)
 Metaspace       used 22901K, committed 23232K, reserved 1114112K
  class space    used 2347K, committed 2496K, reserved 1048576K
}

Dll operation events (3 events):
Event: 0.009 Loaded shared library C:\Users\bader\.jdks\jbrsdk_jcef-17.0.9\bin\java.dll
Event: 0.098 Loaded shared library C:\Users\bader\.jdks\jbrsdk_jcef-17.0.9\bin\jsvml.dll
Event: 0.219 Loaded shared library C:\Users\bader\.jdks\jbrsdk_jcef-17.0.9\bin\zip.dll

Deoptimization events (20 events):
Event: 25.091 Thread 0x000005c9f6f6a110 Uncommon trap: trap_request=0xffffffde fr.pc=0x000001a3d3e86d2c relative=0x00000000000006cc
Event: 25.091 Thread 0x000005c9f6f6a110 Uncommon trap: reason=class_check action=maybe_recompile pc=0x000001a3d3e86d2c method=java.awt.EventQueue.setCurrentEventAndMostRecentTimeImpl(Ljava/awt/AWTEvent;)V @ 75 c2
Event: 25.091 Thread 0x000005c9f6f6a110 DEOPT PACKING pc=0x000001a3d3e86d2c sp=0x00000027af0fe7f0
Event: 25.091 Thread 0x000005c9f6f6a110 DEOPT UNPACKING pc=0x000001a3d38469a3 sp=0x00000027af0fe790 mode 2
Event: 25.091 Thread 0x000005c9f6f6a110 Uncommon trap: trap_request=0xffffffde fr.pc=0x000001a3d3e93248 relative=0x0000000000000a08
Event: 25.091 Thread 0x000005c9f6f6a110 Uncommon trap: reason=class_check action=maybe_recompile pc=0x000001a3d3e93248 method=java.awt.AWTEvent.dispatched()V @ 11 c2
Event: 25.091 Thread 0x000005c9f6f6a110 DEOPT PACKING pc=0x000001a3d3e93248 sp=0x00000027af0fedd0
Event: 25.091 Thread 0x000005c9f6f6a110 DEOPT UNPACKING pc=0x000001a3d38469a3 sp=0x00000027af0fed40 mode 2
Event: 25.094 Thread 0x000005c9f6f64b00 Uncommon trap: trap_request=0xffffff45 fr.pc=0x000001a3d3ecfe64 relative=0x00000000000028e4
Event: 25.094 Thread 0x000005c9f6f64b00 Uncommon trap: reason=unstable_if action=reinterpret pc=0x000001a3d3ecfe64 method=sun.java2d.opengl.OGLDrawImage.renderImageXform(Lsun/java2d/SunGraphics2D;Ljava/awt/Image;Ljava/awt/geom/AffineTransform;IIIIILjava/awt/Color;)V @ 50 c2
Event: 25.094 Thread 0x000005c9f6f64b00 DEOPT PACKING pc=0x000001a3d3ecfe64 sp=0x00000027afbff250
Event: 25.094 Thread 0x000005c9f6f64b00 DEOPT UNPACKING pc=0x000001a3d38469a3 sp=0x00000027afbfef48 mode 2
Event: 25.111 Thread 0x000005c9f6f64b00 Uncommon trap: trap_request=0xffffff45 fr.pc=0x000001a3d3ed45ac relative=0x000000000000050c
Event: 25.111 Thread 0x000005c9f6f64b00 Uncommon trap: reason=unstable_if action=reinterpret pc=0x000001a3d3ed45ac method=net.sendback.util.components.menus.GameCanvas.getTexture([[Lnet/sendback/objects/Tile;II)Ljava/awt/image/BufferedImage; @ 190 c2
Event: 25.111 Thread 0x000005c9f6f64b00 DEOPT PACKING pc=0x000001a3d3ed45ac sp=0x00000027afbff3b0
Event: 25.111 Thread 0x000005c9f6f64b00 DEOPT UNPACKING pc=0x000001a3d38469a3 sp=0x00000027afbff358 mode 2
Event: 26.011 Thread 0x000005c9f6f64b00 Uncommon trap: trap_request=0xffffff45 fr.pc=0x000001a3d3ee85bc relative=0x000000000000089c
Event: 26.011 Thread 0x000005c9f6f64b00 Uncommon trap: reason=unstable_if action=reinterpret pc=0x000001a3d3ee85bc method=net.sendback.util.components.menus.GameCanvas.getTexture([[Lnet/sendback/objects/Tile;II)Ljava/awt/image/BufferedImage; @ 260 c2
Event: 26.011 Thread 0x000005c9f6f64b00 DEOPT PACKING pc=0x000001a3d3ee85bc sp=0x00000027afbff3b0
Event: 26.011 Thread 0x000005c9f6f64b00 DEOPT UNPACKING pc=0x000001a3d38469a3 sp=0x00000027afbff358 mode 2

Classes unloaded (0 events):
No events

Classes redefined (0 events):
No events

Internal exceptions (20 events):
Event: 1.063 Thread 0x000001a3c6f2dc20 Exception <a 'java/lang/NoSuchMethodError'{0x000001a3eb62cd60}: 'int java.lang.invoke.DirectMethodHandle$Holder.invokeStaticInit(java.lang.Object, float, float)'> (0x000001a3eb62cd60) 
thrown [s\src\hotspot\share\interpreter\linkResolver.cpp, line 771]
Event: 1.064 Thread 0x000001a3c6f2dc20 Exception <a 'java/lang/NoSuchMethodError'{0x000001a3eb635a50}: 'int java.lang.invoke.DirectMethodHandle$Holder.invokeStaticInit(java.lang.Object, double, double)'> (0x000001a3eb635a50) 
thrown [s\src\hotspot\share\interpreter\linkResolver.cpp, line 771]
Event: 1.064 Thread 0x000001a3c6f2dc20 Exception <a 'java/lang/NoSuchMethodError'{0x000001a3eb63b520}: 'int java.lang.invoke.DirectMethodHandle$Holder.invokeStatic(java.lang.Object, long)'> (0x000001a3eb63b520) 
thrown [s\src\hotspot\share\interpreter\linkResolver.cpp, line 771]
Event: 1.068 Thread 0x000001a3c6f2dc20 Exception <a 'java/lang/NoSuchMethodError'{0x000001a3eb66a010}: 'int java.lang.invoke.Invokers$Holder.linkToTargetMethod(java.lang.Object, java.lang.Object)'> (0x000001a3eb66a010) 
thrown [s\src\hotspot\share\interpreter\linkResolver.cpp, line 771]
Event: 2.940 Thread 0x000001a3c6f2dc20 Exception <a 'java/lang/NoSuchMethodError'{0x000001a3fb0e01f8}: 'void java.lang.invoke.DirectMethodHandle$Holder.invokeSpecial(java.lang.Object, java.lang.Object, java.lang.Object)'> (0x000001a3fb0e01f8) 
thrown [s\src\hotspot\share\interpreter\linkResolver.cpp, line 771]
Event: 5.007 Thread 0x000001a3c6f2dc20 Exception <a 'java/lang/NoSuchMethodError'{0x000001a3f7d38788}: 'void java.lang.invoke.DirectMethodHandle$Holder.invokeStaticInit(java.lang.Object)'> (0x000001a3f7d38788) 
thrown [s\src\hotspot\share\interpreter\linkResolver.cpp, line 771]
Event: 5.039 Thread 0x000005c9f6f6a110 Exception <a 'java/lang/NoSuchMethodError'{0x000001a3f7e19530}: 'java.lang.Object java.lang.invoke.DirectMethodHandle$Holder.newInvokeSpecial(java.lang.Object, java.lang.Object, java.lang.Object, java.lang.Object, java.lang.Object)'> (0x000001a3f7e19530) 
thrown [s\src\hotspot\share\interpreter\linkResolver.cpp, line 771]
Event: 5.041 Thread 0x000005c9f6f6a110 Exception <a 'java/lang/NoSuchMethodError'{0x000001a3f7e27e00}: 'java.lang.Object java.lang.invoke.DirectMethodHandle$Holder.invokeStatic(java.lang.Object, int, java.lang.Object, java.lang.Object, java.lang.Object, java.lang.Object)'> (0x000001a3f7e27e00) 
thrown [s\src\hotspot\share\interpreter\linkResolver.cpp, line 771]
Event: 5.097 Thread 0x000005c9f6f6a110 Exception <a 'java/lang/ClassNotFoundException'{0x000001a3fa017950}: com/sun/swing/internal/plaf/metal/resources/spi/metalProvider> (0x000001a3fa017950) 
thrown [s\src\hotspot\share\classfile\systemDictionary.cpp, line 256]
Event: 5.098 Thread 0x000005c9f6f6a110 Exception <a 'java/lang/ClassNotFoundException'{0x000001a3fa01d968}: com/sun/swing/internal/plaf/basic/resources/spi/basicProvider> (0x000001a3fa01d968) 
thrown [s\src\hotspot\share\classfile\systemDictionary.cpp, line 256]
Event: 5.101 Thread 0x000005c9f6f6a110 Exception <a 'java/lang/NoSuchMethodError'{0x000001a3fa0509a0}: 'java.lang.Object java.lang.invoke.Invokers$Holder.linkToTargetMethod(java.lang.Object, int, java.lang.Object, java.lang.Object, java.lang.Object)'> (0x000001a3fa0509a0) 
thrown [s\src\hotspot\share\interpreter\linkResolver.cpp, line 771]
Event: 5.138 Thread 0x000005c9f6cc94e0 Exception <a 'java/lang/NoSuchMethodError'{0x000001a3fa0c5f00}: 'void java.lang.invoke.DirectMethodHandle$Holder.invokeVirtual(java.lang.Object, java.lang.Object)'> (0x000001a3fa0c5f00) 
thrown [s\src\hotspot\share\interpreter\linkResolver.cpp, line 771]
Event: 5.165 Thread 0x000005c9f6f6a110 Exception <a 'java/lang/NoSuchMethodError'{0x000001a3fa130b30}: 'java.lang.Object java.lang.invoke.DirectMethodHandle$Holder.newInvokeSpecial(java.lang.Object, java.lang.Object, int, int, int, int)'> (0x000001a3fa130b30) 
thrown [s\src\hotspot\share\interpreter\linkResolver.cpp, line 771]
Event: 5.169 Thread 0x000005c9f6f6a110 Exception <a 'java/lang/NoSuchMethodError'{0x000001a3fa142e38}: 'void java.lang.invoke.DirectMethodHandle$Holder.invokeSpecial(java.lang.Object, java.lang.Object, int, int)'> (0x000001a3fa142e38) 
thrown [s\src\hotspot\share\interpreter\linkResolver.cpp, line 771]
Event: 5.170 Thread 0x000005c9f6f6a110 Exception <a 'java/lang/NoSuchMethodError'{0x000001a3fa14aca0}: 'java.lang.Object java.lang.invoke.DirectMethodHandle$Holder.newInvokeSpecial(java.lang.Object, java.lang.Object, int, int)'> (0x000001a3fa14aca0) 
thrown [s\src\hotspot\share\interpreter\linkResolver.cpp, line 771]
Event: 5.301 Thread 0x000005c9f6f6a110 Exception <a 'java/lang/NoSuchMethodError'{0x000001a3fa24adf8}: 'java.lang.Object java.lang.invoke.Invokers$Holder.invoke_MT(java.lang.Object, java.lang.Object, java.lang.Object)'> (0x000001a3fa24adf8) 
thrown [s\src\hotspot\share\interpreter\linkResolver.cpp, line 771]
Event: 5.302 Thread 0x000005c9f6f6a110 Exception <a 'java/lang/NoSuchMethodError'{0x000001a3fa259548}: 'int java.lang.invoke.Invokers$Holder.invoke_MT(java.lang.Object, java.lang.Object, java.lang.Object)'> (0x000001a3fa259548) 
thrown [s\src\hotspot\share\interpreter\linkResolver.cpp, line 771]
Event: 7.091 Thread 0x000005c9f6f6a110 Exception <a 'java/lang/NoSuchMethodError'{0x000001a3fa31db30}: 'void java.lang.invoke.DirectMethodHandle$Holder.invokeStatic(java.lang.Object, java.lang.Object, java.lang.Object)'> (0x000001a3fa31db30) 
thrown [s\src\hotspot\share\interpreter\linkResolver.cpp, line 771]
Event: 22.129 Thread 0x000005c9f6f6a110 Implicit null exception at 0x000001a3d3e4de40 to 0x000001a3d3e4e028
Event: 24.993 Thread 0x000005c9f6f64b00 Implicit null exception at 0x000001a3d3eb7fe0 to 0x000001a3d3eb8ac8

VM Operations (20 events):
Event: 17.321 Executing VM operation: Cleanup
Event: 17.321 Executing VM operation: Cleanup done
Event: 18.333 Executing VM operation: Cleanup
Event: 18.333 Executing VM operation: Cleanup done
Event: 19.334 Executing VM operation: Cleanup
Event: 19.334 Executing VM operation: Cleanup done
Event: 20.340 Executing VM operation: Cleanup
Event: 20.340 Executing VM operation: Cleanup done
Event: 21.355 Executing VM operation: Cleanup
Event: 21.355 Executing VM operation: Cleanup done
Event: 22.370 Executing VM operation: Cleanup
Event: 22.370 Executing VM operation: Cleanup done
Event: 23.383 Executing VM operation: Cleanup
Event: 23.383 Executing VM operation: Cleanup done
Event: 24.392 Executing VM operation: Cleanup
Event: 24.392 Executing VM operation: Cleanup done
Event: 24.982 Executing VM operation: HandshakeAllThreads
Event: 24.982 Executing VM operation: HandshakeAllThreads done
Event: 25.552 Executing VM operation: G1CollectForAllocation
Event: 25.557 Executing VM operation: G1CollectForAllocation done

Events (20 events):
Event: 24.981 loading class javax/swing/JInternalFrame done
Event: 24.982 loading class javax/swing/KeyboardManager
Event: 24.982 loading class javax/swing/KeyboardManager done
Event: 24.982 loading class javax/swing/Popup$HeavyWeightWindow
Event: 24.982 loading class sun/awt/ModalExclude
Event: 24.982 loading class sun/awt/ModalExclude done
Event: 24.982 loading class javax/swing/JWindow
Event: 24.982 loading class javax/swing/JWindow done
Event: 24.982 loading class javax/swing/Popup$HeavyWeightWindow done
Event: 26.356 Thread 0x000005c9f6bf2360 Thread added: 0x000005c9f6bf2360
Event: 26.356 Thread 0x000005c9f6bf4be0 Thread added: 0x000005c9f6bf4be0
Event: 26.356 Thread 0x000005c9f6bf37a0 Thread added: 0x000005c9f6bf37a0
Event: 26.357 loading class java/util/WeakHashMap$KeyIterator
Event: 26.357 loading class sun/font/SunFontManager$8$1
Event: 26.357 loading class java/util/WeakHashMap$HashIterator
Event: 26.357 loading class sun/font/SunFontManager$8$1 done
Event: 26.357 loading class java/util/WeakHashMap$HashIterator done
Event: 26.357 loading class java/util/WeakHashMap$KeyIterator done
Event: 26.357 Thread 0x000005c9f6bf2360 Thread exited: 0x000005c9f6bf2360
Event: 26.360 Thread 0x000005c9f6bf37a0 Thread exited: 0x000005c9f6bf37a0


Dynamic libraries:
0x00007ff782070000 - 0x00007ff78207a000 	C:\Users\bader\.jdks\jbrsdk_jcef-17.0.9\bin\java.exe
0x00007ffed6e90000 - 0x00007ffed7088000 	C:\Windows\SYSTEM32\ntdll.dll
0x00007ffed4f20000 - 0x00007ffed4fe2000 	C:\Windows\System32\KERNEL32.DLL
0x00007ffed4960000 - 0x00007ffed4c5e000 	C:\Windows\System32\KERNELBASE.dll
0x00007ffed4db0000 - 0x00007ffed4eb0000 	C:\Windows\System32\ucrtbase.dll
0x00007ffecf5a0000 - 0x00007ffecf5b7000 	C:\Users\bader\.jdks\jbrsdk_jcef-17.0.9\bin\jli.dll
0x00007ffecd160000 - 0x00007ffecd17b000 	C:\Users\bader\.jdks\jbrsdk_jcef-17.0.9\bin\VCRUNTIME140.dll
0x00007ffed6bd0000 - 0x00007ffed6d6d000 	C:\Windows\System32\USER32.dll
0x00007ffeba210000 - 0x00007ffeba4aa000 	C:\Windows\WinSxS\amd64_microsoft.windows.common-controls_6595b64144ccf1df_6.0.19041.4355_none_60b8b9eb71f62e16\COMCTL32.dll
0x00007ffed4650000 - 0x00007ffed4672000 	C:\Windows\System32\win32u.dll
0x00007ffed61a0000 - 0x00007ffed61cb000 	C:\Windows\System32\GDI32.dll
0x00007ffed67d0000 - 0x00007ffed686e000 	C:\Windows\System32\msvcrt.dll
0x00007ffed4530000 - 0x00007ffed4647000 	C:\Windows\System32\gdi32full.dll
0x00007ffed4d10000 - 0x00007ffed4dad000 	C:\Windows\System32\msvcp_win.dll
0x00007ffed6100000 - 0x00007ffed612f000 	C:\Windows\System32\IMM32.DLL
0x00007ffed0df0000 - 0x00007ffed0dfc000 	C:\Users\bader\.jdks\jbrsdk_jcef-17.0.9\bin\vcruntime140_1.dll
0x00007ffeb69d0000 - 0x00007ffeb6a5d000 	C:\Users\bader\.jdks\jbrsdk_jcef-17.0.9\bin\msvcp140.dll
0x00007ffe44ae0000 - 0x00007ffe45762000 	C:\Users\bader\.jdks\jbrsdk_jcef-17.0.9\bin\server\jvm.dll
0x00007ffed6d90000 - 0x00007ffed6e41000 	C:\Windows\System32\ADVAPI32.dll
0x00007ffed5e40000 - 0x00007ffed5edf000 	C:\Windows\System32\sechost.dll
0x00007ffed62a0000 - 0x00007ffed63c3000 	C:\Windows\System32\RPCRT4.dll
0x00007ffed4760000 - 0x00007ffed4787000 	C:\Windows\System32\bcrypt.dll
0x00007ffed3a60000 - 0x00007ffed3aab000 	C:\Windows\SYSTEM32\POWRPROF.dll
0x00007ffecf4c0000 - 0x00007ffecf4c9000 	C:\Windows\SYSTEM32\WSOCK32.dll
0x00007ffeb9a40000 - 0x00007ffeb9a67000 	C:\Windows\SYSTEM32\WINMM.dll
0x00007ffecd650000 - 0x00007ffecd65a000 	C:\Windows\SYSTEM32\VERSION.dll
0x00007ffed6090000 - 0x00007ffed60fb000 	C:\Windows\System32\WS2_32.dll
0x00007ffed3930000 - 0x00007ffed3942000 	C:\Windows\SYSTEM32\UMPDC.dll
0x00007ffed23b0000 - 0x00007ffed23c2000 	C:\Windows\SYSTEM32\kernel.appcore.dll
0x00007ffecff90000 - 0x00007ffecff9a000 	C:\Users\bader\.jdks\jbrsdk_jcef-17.0.9\bin\jimage.dll
0x00007ffed1cc0000 - 0x00007ffed1ea4000 	C:\Windows\SYSTEM32\DBGHELP.DLL
0x00007ffec4470000 - 0x00007ffec44a4000 	C:\Windows\SYSTEM32\dbgcore.DLL
0x00007ffed46d0000 - 0x00007ffed4752000 	C:\Windows\System32\bcryptPrimitives.dll
0x00007ffecf6b0000 - 0x00007ffecf6be000 	C:\Users\bader\.jdks\jbrsdk_jcef-17.0.9\bin\instrument.dll
0x00007ffebbd20000 - 0x00007ffebbd45000 	C:\Users\bader\.jdks\jbrsdk_jcef-17.0.9\bin\java.dll
0x00007ffebb1f0000 - 0x00007ffebb208000 	C:\Users\bader\.jdks\jbrsdk_jcef-17.0.9\bin\zip.dll
0x00007ffe8a170000 - 0x00007ffe8a247000 	C:\Users\bader\.jdks\jbrsdk_jcef-17.0.9\bin\jsvml.dll
0x00007ffed4ff0000 - 0x00007ffed575d000 	C:\Windows\System32\SHELL32.dll
0x00007ffed25b0000 - 0x00007ffed2d54000 	C:\Windows\SYSTEM32\windows.storage.dll
0x00007ffed6870000 - 0x00007ffed6bc3000 	C:\Windows\System32\combase.dll
0x00007ffed3f60000 - 0x00007ffed3f8e000 	C:\Windows\SYSTEM32\Wldp.dll
0x00007ffed61d0000 - 0x00007ffed629d000 	C:\Windows\System32\OLEAUT32.dll
0x00007ffed65c0000 - 0x00007ffed666d000 	C:\Windows\System32\SHCORE.dll
0x00007ffed6560000 - 0x00007ffed65b5000 	C:\Windows\System32\shlwapi.dll
0x00007ffed4460000 - 0x00007ffed4484000 	C:\Windows\SYSTEM32\profapi.dll
0x00007ffebb1d0000 - 0x00007ffebb1e9000 	C:\Users\bader\.jdks\jbrsdk_jcef-17.0.9\bin\net.dll
0x00007ffeccc80000 - 0x00007ffeccd8d000 	C:\Windows\SYSTEM32\WINHTTP.dll
0x00007ffed3cc0000 - 0x00007ffed3d2a000 	C:\Windows\system32\mswsock.dll
0x00007ffeba090000 - 0x00007ffeba0a6000 	C:\Users\bader\.jdks\jbrsdk_jcef-17.0.9\bin\nio.dll
0x00007ffecf690000 - 0x00007ffecf6aa000 	C:\Program Files\JetBrains\IntelliJ IDEA Community Edition 2023.3.6\bin\breakgen64.dll
0x00007ffeb8e00000 - 0x00007ffeb8f9a000 	C:\Users\bader\.jdks\jbrsdk_jcef-17.0.9\bin\awt.dll
0x00007ffec2b60000 - 0x00007ffec2ba4000 	C:\Users\bader\.jdks\jbrsdk_jcef-17.0.9\bin\nvdaControllerClient64.dll
0x00007ffed20b0000 - 0x00007ffed20df000 	C:\Windows\SYSTEM32\dwmapi.dll
0x00007ffecf1c0000 - 0x00007ffecf254000 	C:\Windows\SYSTEM32\apphelp.dll
0x00007ffeb81e0000 - 0x00007ffeb8308000 	C:\Windows\system32\opengl32.dll
0x00007ffeb7c60000 - 0x00007ffeb7c8c000 	C:\Windows\SYSTEM32\GLU32.dll
0x00007ffed1090000 - 0x00007ffed112e000 	C:\Windows\system32\uxtheme.dll
0x00007ffed5bd0000 - 0x00007ffed5ce5000 	C:\Windows\System32\MSCTF.dll
0x00007ffed5cf0000 - 0x00007ffed5d99000 	C:\Windows\System32\clbcatq.dll
0x00007ffe78ac0000 - 0x00007ffe79a8a000 	C:\Windows\System32\DriverStore\FileRepository\iigd_dch.inf_amd64_5d54dd32fa1ef4d4\ig9icd64.dll
0x00007ffed6430000 - 0x00007ffed655b000 	C:\Windows\System32\ole32.dll
0x00007ffed2dc0000 - 0x00007ffed2eb6000 	C:\Windows\system32\dxgi.dll
0x00007ffec7a80000 - 0x00007ffec7cbf000 	C:\Windows\System32\DriverStore\FileRepository\iigd_dch.inf_amd64_5d54dd32fa1ef4d4\igdgmm64.dll
0x00007ffec4eb0000 - 0x00007ffec7a79000 	C:\Windows\System32\DriverStore\FileRepository\iigd_dch.inf_amd64_5d54dd32fa1ef4d4\igc64.dll
0x00007ffe63280000 - 0x00007ffe6368c000 	C:\Windows\System32\DriverStore\FileRepository\iigd_dch.inf_amd64_5d54dd32fa1ef4d4\igdml64.dll
0x00007ffed3ec0000 - 0x00007ffed3ed8000 	C:\Windows\SYSTEM32\CRYPTSP.dll
0x00007ffed3570000 - 0x00007ffed35a4000 	C:\Windows\system32\rsaenh.dll
0x00007ffed4420000 - 0x00007ffed444e000 	C:\Windows\SYSTEM32\USERENV.dll
0x00007ffed3eb0000 - 0x00007ffed3ebc000 	C:\Windows\SYSTEM32\CRYPTBASE.dll
0x00007ffed3950000 - 0x00007ffed398b000 	C:\Windows\SYSTEM32\IPHLPAPI.DLL
0x00007ffed5e30000 - 0x00007ffed5e38000 	C:\Windows\System32\NSI.dll
0x00007ffecc960000 - 0x00007ffecc977000 	C:\Windows\SYSTEM32\dhcpcsvc6.DLL
0x00007ffeccbf0000 - 0x00007ffeccc0d000 	C:\Windows\SYSTEM32\dhcpcsvc.DLL
0x00007ffed3990000 - 0x00007ffed3a5a000 	C:\Windows\SYSTEM32\DNSAPI.dll
0x00007ffeb90d0000 - 0x00007ffeb9157000 	C:\Users\bader\.jdks\jbrsdk_jcef-17.0.9\bin\freetype.dll
0x00007ffeb8d20000 - 0x00007ffeb8df7000 	C:\Users\bader\.jdks\jbrsdk_jcef-17.0.9\bin\fontmanager.dll
0x00007ffec4130000 - 0x00007ffec4142000 	C:\Users\bader\.jdks\jbrsdk_jcef-17.0.9\bin\jsound.dll
0x00007ffeb9030000 - 0x00007ffeb90cc000 	C:\Windows\SYSTEM32\DSOUND.dll
0x00007ffec02f0000 - 0x00007ffec0316000 	C:\Windows\SYSTEM32\winmmbase.dll
0x00007ffecce00000 - 0x00007ffecce85000 	C:\Windows\System32\MMDevApi.dll
0x00007ffed42c0000 - 0x00007ffed42f3000 	C:\Windows\System32\DEVOBJ.dll
0x00007ffed4680000 - 0x00007ffed46ce000 	C:\Windows\System32\cfgmgr32.dll
0x00007ffeb5080000 - 0x00007ffeb50c6000 	C:\Windows\SYSTEM32\wdmaud.drv
0x00007ffecf4e0000 - 0x00007ffecf4e9000 	C:\Windows\SYSTEM32\ksuser.dll
0x00007ffeced00000 - 0x00007ffeced0a000 	C:\Windows\SYSTEM32\AVRT.dll
0x00007ffecce90000 - 0x00007ffecd011000 	C:\Windows\SYSTEM32\AUDIOSES.DLL
0x00007ffeb5070000 - 0x00007ffeb507d000 	C:\Windows\SYSTEM32\msacm32.drv
0x00007ffeb5050000 - 0x00007ffeb506e000 	C:\Windows\SYSTEM32\MSACM32.dll
0x00007ffeb5040000 - 0x00007ffeb504b000 	C:\Windows\SYSTEM32\midimap.dll
0x00007ffed1fb0000 - 0x00007ffed1fc4000 	C:\Windows\SYSTEM32\resourcepolicyclient.dll
0x00007ffeb1a60000 - 0x00007ffeb1c05000 	C:\Windows\WinSxS\amd64_microsoft.windows.gdiplus_6595b64144ccf1df_1.1.19041.4597_none_91a78020cc854124\gdiplus.dll
0x00007ffebfdd0000 - 0x00007ffebfec9000 	C:\Windows\SYSTEM32\textinputframework.dll
0x00007ffece6e0000 - 0x00007ffecea3b000 	C:\Windows\System32\CoreUIComponents.dll
0x00007ffecea50000 - 0x00007ffeceb42000 	C:\Windows\System32\CoreMessaging.dll
0x00007ffed12c0000 - 0x00007ffed1417000 	C:\Windows\SYSTEM32\wintypes.dll
0x00007ffed37c0000 - 0x00007ffed37f3000 	C:\Windows\SYSTEM32\ntmarta.dll
0x00007ffeb7e70000 - 0x00007ffeb8165000 	C:\Windows\System32\uiautomationcore.dll
0x00007ffed1880000 - 0x00007ffed1976000 	C:\Windows\System32\PROPSYS.dll
0x00007ffeb8170000 - 0x00007ffeb81d6000 	C:\Windows\System32\OLEACC.dll
0x00007ffecf3e0000 - 0x00007ffecf3e9000 	C:\Users\bader\.jdks\jbrsdk_jcef-17.0.9\bin\management.dll
0x00007ffecf3d0000 - 0x00007ffecf3db000 	C:\Users\bader\.jdks\jbrsdk_jcef-17.0.9\bin\management_ext.dll
0x00007ffed4f10000 - 0x00007ffed4f18000 	C:\Windows\System32\PSAPI.DLL
0x00007ffebb3a0000 - 0x00007ffebb3f1000 	C:\Windows\SYSTEM32\pdh.dll
0x00007ffebfed0000 - 0x00007ffec000f000 	C:\Windows\System32\Windows.UI.dll
0x00007ffecbdf0000 - 0x00007ffecbe91000 	C:\Windows\System32\WindowManagementAPI.dll
0x00007ffebfc70000 - 0x00007ffebfdc2000 	C:\Windows\System32\InputHost.dll
0x00007ffecb4a0000 - 0x00007ffecb6a3000 	C:\Windows\SYSTEM32\twinapi.appcore.dll
0x00007ffeb9a00000 - 0x00007ffeb9a0f000 	C:\Windows\System32\perfproc.dll
0x00007ffed0e20000 - 0x00007ffed0e2f000 	C:\Windows\System32\perfos.dll

dbghelp: loaded successfully - version: 4.0.5 - missing functions: none
symbol engine: initialized successfully - sym options: 0x614 - pdb path: .;C:\Users\bader\.jdks\jbrsdk_jcef-17.0.9\bin;C:\Windows\SYSTEM32;C:\Windows\WinSxS\amd64_microsoft.windows.common-controls_6595b64144ccf1df_6.0.19041.4355_none_60b8b9eb71f62e16;C:\Users\bader\.jdks\jbrsdk_jcef-17.0.9\bin\server;C:\Program Files\JetBrains\IntelliJ IDEA Community Edition 2023.3.6\bin;C:\Windows\System32\DriverStore\FileRepository\iigd_dch.inf_amd64_5d54dd32fa1ef4d4;C:\Windows\WinSxS\amd64_microsoft.windows.gdiplus_6595b64144ccf1df_1.1.19041.4597_none_91a78020cc854124

VM Arguments:
jvm_args: -Xmx3072g -Xmx4096g -Dsun.java2d.opengl=true -XX:ErrorFile=logs/hs_err_pid%p.log -javaagent:C:\Program Files\JetBrains\IntelliJ IDEA Community Edition 2023.3.6\lib\idea_rt.jar=58004:C:\Program Files\JetBrains\IntelliJ IDEA Community Edition 2023.3.6\bin -Dfile.encoding=UTF-8 
java_command: net.sendback.Main
java_class_path (initial): C:\Users\bader\OneDrive\Bureau\Idea\GTS_PRojekt\target\classes
Launcher Type: SUN_STANDARD

[Global flags]
     intx CICompilerCount                          = 4                                         {product} {ergonomic}
     uint ConcGCThreads                            = 3                                         {product} {ergonomic}
    ccstr ErrorFile                                = logs/hs_err_pid%p.log                     {product} {command line}
     uint G1ConcRefinementThreads                  = 10                                        {product} {ergonomic}
   size_t G1HeapRegionSize                         = 33554432                                  {product} {ergonomic}
    uintx GCDrainStackTargetSize                   = 64                                        {product} {ergonomic}
   size_t InitialHeapSize                          = 268435456                                 {product} {ergonomic}
   size_t MarkStackSize                            = 4194304                                   {product} {ergonomic}
   size_t MaxHeapSize                              = 4398046511104                             {product} {command line}
   size_t MaxNewSize                               = 2638821195776                             {product} {ergonomic}
   size_t MinHeapDeltaBytes                        = 33554432                                  {product} {ergonomic}
   size_t MinHeapSize                              = 33554432                                  {product} {ergonomic}
    uintx NonNMethodCodeHeapSize                   = 5839372                                {pd product} {ergonomic}
    uintx NonProfiledCodeHeapSize                  = 122909434                              {pd product} {ergonomic}
    uintx ProfiledCodeHeapSize                     = 122909434                              {pd product} {ergonomic}
    uintx ReservedCodeCacheSize                    = 251658240                              {pd product} {ergonomic}
     bool SegmentedCodeCache                       = true                                      {product} {ergonomic}
   size_t SoftMaxHeapSize                          = 4398046511104                          {manageable} {ergonomic}
     bool UseCompressedClassPointers               = true                           {product lp64_product} {ergonomic}
     bool UseG1GC                                  = true                                      {product} {ergonomic}
     bool UseLargePagesIndividualAllocation        = false                                  {pd product} {ergonomic}

Logging:
Log output configuration:
 #0: stdout all=warning uptime,level,tags
 #1: stderr all=off uptime,level,tags

Environment Variables:
PATH=C:\Program Files\Common Files\Oracle\Java\javapath;C:\Windows\system32;C:\Windows;C:\Windows\System32\Wbem;C:\Windows\System32\WindowsPowerShell\v1.0\;C:\Windows\System32\OpenSSH\;C:\Program Files (x86)\NVIDIA Corporation\PhysX\Common;C:\Program Files\dotnet\;C:\Users\bader\AppData\Local\Microsoft\WindowsApps;C:\Users\bader\AppData\Local\GitHubDesktop\bin
USERNAME=bader
OS=Windows_NT
PROCESSOR_IDENTIFIER=Intel64 Family 6 Model 158 Stepping 10, GenuineIntel
TMP=C:\Users\bader\AppData\Local\Temp
TEMP=C:\Users\bader\AppData\Local\Temp



Periodic native trim disabled

JNI global refs:
JNI global refs: 149, weak refs: 158

JNI global refs memory usage: 2107, weak refs: 2737

OOME stack traces (most recent first):
Classloader memory used:
Loader bootstrap                                                                       : 2823K
Loader jdk.internal.loader.ClassLoaders$AppClassLoader                                 : 41236B
Loader jdk.internal.reflect.DelegatingClassLoader                                      : 5061B
Loader jdk.internal.loader.ClassLoaders$PlatformClassLoader                            : 2871B


---------------  S Y S T E M  ---------------

OS:
 Windows 10 , 64 bit Build 19041 (10.0.19041.5072)
OS uptime: 18 days 2:08 hours

CPU: total 12 (initial active 12) (6 cores per cpu, 2 threads per core) family 6 model 158 stepping 10 microcode 0xf0, cx8, cmov, fxsr, ht, mmx, 3dnowpref, sse, sse2, sse3, ssse3, sse4.1, sse4.2, popcnt, lzcnt, tsc, tscinvbit, avx, avx2, aes, erms, clmul, bmi1, bmi2, adx, fma, vzeroupper, clflush, clflushopt
Processor Information for all 12 processors :
  Max Mhz: 2592, Current Mhz: 2592, Mhz Limit: 2592

Memory: 4k page, system-wide physical 16254M (2232M free)
TotalPageFile size 20796M (AvailPageFile size 2515M)
current process WorkingSet (physical memory assigned to process): 706M, peak: 716M
current process commit charge ("private bytes"): 983M, peak: 993M

vm_info: OpenJDK 64-Bit Server VM (17.0.9+8-b1166.2) for windows-amd64 JRE (17.0.9+8-b1166.2), built on 2024-01-13 by "builduser" with MS VC++ 16.10 / 16.11 (VS2019)

END.
