#
# A fatal error has been detected by the Java Runtime Environment:
#
#  EXCEPTION_ACCESS_VIOLATION (0xc0000005) at pc=0x00007ffe4f253c53, pid=2312, tid=27048
#
# JRE version: OpenJDK Runtime Environment JBR-17.0.9+8-1166.2-jcef (17.0.9+8) (build 17.0.9+8-b1166.2)
# Java VM: OpenJDK 64-Bit Server VM JBR-17.0.9+8-1166.2-jcef (17.0.9+8-b1166.2, mixed mode, tiered, compressed class ptrs, g1 gc, windows-amd64)
# Problematic frame:
# C  [ig9icd64.dll+0x9c3c53]
#
# No core dump will be written. Minidumps are not enabled by default on client versions of Windows
#
# If you would like to submit a bug report, please visit:
#   https://youtrack.jetbrains.com/issues/JBR
# The crash happened outside the Java Virtual Machine in native code.
# See problematic frame for where to report the bug.
#

---------------  S U M M A R Y ------------

Command Line: -Xmx3072g -Xmx4096g -Dsun.java2d.opengl=true -XX:ErrorFile=logs/hs_err_pid%p.log -javaagent:C:\Program Files\JetBrains\IntelliJ IDEA Community Edition 2023.3.6\lib\idea_rt.jar=63381:C:\Program Files\JetBrains\IntelliJ IDEA Community Edition 2023.3.6\bin -Dfile.encoding=UTF-8 net.sendback.Main

Host: Intel(R) Core(TM) i7-9750H CPU @ 2.60GHz, 12 cores, 15G,  Windows 10 , 64 bit Build 19041 (10.0.19041.5072)
Time: Sun Nov  3 21:58:21 2024 Mitteleuropäische Zeit elapsed time: 6.142206 seconds (0d 0h 0m 6s)

---------------  T H R E A D  ---------------

Current thread (0x000005e5fe4bb060):  JavaThread "Java2D Queue Flusher" daemon [_thread_in_native, id=27048, stack(0x0000003745100000,0x0000003745200000)]

Stack: [0x0000003745100000,0x0000003745200000],  sp=0x00000037451fea38,  free space=1018k
Native frames: (J=compiled Java code, j=interpreted, Vv=VM code, C=native code)
C  [ig9icd64.dll+0x9c3c53]

Java frames: (J=compiled Java code, j=interpreted, Vv=VM code)
j  sun.java2d.opengl.OGLRenderQueue.flushBuffer(JI)V+0 java.desktop
j  sun.java2d.opengl.OGLRenderQueue.flushBuffer()V+21 java.desktop
j  sun.java2d.opengl.OGLRenderQueue$QueueFlusher.run()V+81 java.desktop
j  java.lang.Thread.run()V+11 java.base@17.0.9
v  ~StubRoutines::call_stub

siginfo: EXCEPTION_ACCESS_VIOLATION (0xc0000005), reading address 0xffffffffffffffff


Registers:
RAX=0x000000000fff0fff, RBX=0x00007ffe4e890000, RCX=0x000000033fcf3fcc, RDX=0x00000037451fef50
RSP=0x00000037451fea38, RBP=0x00000037451feb40, RSI=0x000001bf84bcb580, RDI=0x00000037451fed40
R8 =0x00000037451feb70, R9 =0x00000037451fef50, R10=0x00000037451fed40, R11=0x0000000000000000
R12=0x00007ffe4f6ba420, R13=0x0000000000000000, R14=0x0000000000000000, R15=0x00000000000001c1
RIP=0x00007ffe4f253c53, EFLAGS=0x0000000000010206


Register to memory mapping:

RIP=0x00007ffe4f253c53 ig9icd64.dll
RAX=0x000000000fff0fff is an unknown value
RBX=0x00007ffe4e890000 ig9icd64.dll
RCX=0x000000033fcf3fcc is an unknown value
RDX=0x00000037451fef50 is pointing into the stack for thread: 0x000005e5fe4bb060
RSP=0x00000037451fea38 is pointing into the stack for thread: 0x000005e5fe4bb060
RBP=0x00000037451feb40 is pointing into the stack for thread: 0x000005e5fe4bb060
RSI=0x000001bf84bcb580 points into unknown readable memory: 0x000005e5fe4bbf80 | 80 bf 4b fe e5 05 00 00
RDI=0x00000037451fed40 is pointing into the stack for thread: 0x000005e5fe4bb060
R8 =0x00000037451feb70 is pointing into the stack for thread: 0x000005e5fe4bb060
R9 =0x00000037451fef50 is pointing into the stack for thread: 0x000005e5fe4bb060
R10=0x00000037451fed40 is pointing into the stack for thread: 0x000005e5fe4bb060
R11=0x0 is NULL
R12=0x00007ffe4f6ba420 ig9icd64.dll
R13=0x0 is NULL
R14=0x0 is NULL
R15=0x00000000000001c1 is an unknown value


Top of Stack: (sp=0x00000037451fea38)
0x00000037451fea38:   00007ffe4f25138b 0000000000000001
0x00000037451fea48:   0000000000000000 000001bf8c421200
0x00000037451fea58:   00007ffec7a82572 0000003700000065
0x00000037451fea68:   00000037451fec70 0000000000000000
0x00000037451fea78:   000001bf8c1ccfa0 0000000000000000
0x00000037451fea88:   000001bf85759910 000001bf8c421220
0x00000037451fea98:   0000000000000fb0 0000000000000000
0x00000037451feaa8:   0000000000000000 00000037451fec20
0x00000037451feab8:   00007ffe4eee9070 0000000000000000
0x00000037451feac8:   0000000000000000 0000000000000000
0x00000037451fead8:   0000000000000000 0000a66a860b604b
0x00000037451feae8:   00007ffe4e8a64e5 000001bf8c421220
0x00000037451feaf8:   0000000000004001 0000000000000200
0x00000037451feb08:   00007ffed6ebb86b 0000000000090011
0x00000037451feb18:   000000000000006e 000001bf858882d0
0x00000037451feb28:   0000000000000000 0000000000000000
0x00000037451feb38:   00007ffe4f251c62 0000000000000000
0x00000037451feb48:   000001bfd4db4440 00000037451fee40
0x00000037451feb58:   000001bfd4db0000 000001bfd4db02b4
0x00000037451feb68:   000001bf8c1ccfa0 00007ffe4f55f020
0x00000037451feb78:   0000000e00000000 0000001a00000018
0x00000037451feb88:   00000fff00000000 437f0000437f0000
0x00000037451feb98:   437f0000437f0000 0000ff0000ff0000
0x00000037451feba8:   ff000000000000ff 0000000800000010
0x00000037451febb8:   0000001800000000 0000000000000000
0x00000037451febc8:   0000000000000000 0000000000000000
0x00000037451febd8:   0000000000000000 0000000000000000
0x00000037451febe8:   0000000000000000 0000000000000000
0x00000037451febf8:   0000000000000000 0000000000000000
0x00000037451fec08:   0000000000000000 0000000000000000
0x00000037451fec18:   0000000000000000 0000000000000000
0x00000037451fec28:   0000000000000000 0000000000000000 

Instructions: (pc=0x00007ffe4f253c53)
0x00007ffe4f253b53:   a1 b6 30 00 48 89 51 08 48 89 01 8b 44 24 28 89
0x00007ffe4f253b63:   41 20 8b 44 24 30 89 41 24 48 8b c1 4c 89 41 10
0x00007ffe4f253b73:   4c 89 49 18 c3 cc cc cc cc cc cc cc cc 48 89 5c
0x00007ffe4f253b83:   24 08 8b 41 5c 48 8d 1d 71 c4 63 ff 41 89 40 08
0x00007ffe4f253b93:   4c 8b d1 8b 41 60 45 33 db 41 89 40 0c 4c 8b ca
0x00007ffe4f253ba3:   8b 41 64 41 89 40 10 8b 41 68 41 89 40 14 8b 41
0x00007ffe4f253bb3:   6c 41 89 40 18 8b 41 70 41 89 40 1c 48 63 41 74
0x00007ffe4f253bc3:   48 6b c8 34 8b 84 19 84 5f ee 00 41 89 40 20 8b
0x00007ffe4f253bd3:   84 19 88 5f ee 00 41 89 40 24 8b 84 19 8c 5f ee
0x00007ffe4f253be3:   00 41 89 40 28 8b 84 19 90 5f ee 00 41 89 40 2c
0x00007ffe4f253bf3:   8b 84 19 74 5f ee 00 41 89 40 30 8b 84 19 78 5f
0x00007ffe4f253c03:   ee 00 41 89 40 34 8b 84 19 7c 5f ee 00 41 89 40
0x00007ffe4f253c13:   38 8b 84 19 80 5f ee 00 41 89 40 3c 8b 84 19 64
0x00007ffe4f253c23:   5f ee 00 41 89 40 40 8b 84 19 68 5f ee 00 41 89
0x00007ffe4f253c33:   40 44 8b 84 19 6c 5f ee 00 41 89 40 48 8b 84 19
0x00007ffe4f253c43:   70 5f ee 00 41 89 40 4c 49 63 42 78 48 6b c8 34
0x00007ffe4f253c53:   8b 84 19 84 5f ee 00 41 89 40 50 8b 84 19 88 5f
0x00007ffe4f253c63:   ee 00 41 89 40 54 8b 84 19 8c 5f ee 00 41 89 40
0x00007ffe4f253c73:   58 8b 84 19 90 5f ee 00 41 89 40 5c 8b 84 19 74
0x00007ffe4f253c83:   5f ee 00 41 89 40 60 8b 84 19 78 5f ee 00 41 89
0x00007ffe4f253c93:   40 64 8b 84 19 7c 5f ee 00 41 89 40 68 8b 84 19
0x00007ffe4f253ca3:   80 5f ee 00 41 89 40 6c 8b 84 19 64 5f ee 00 41
0x00007ffe4f253cb3:   89 40 70 8b 84 19 68 5f ee 00 41 89 40 74 8b 84
0x00007ffe4f253cc3:   19 6c 5f ee 00 41 89 40 78 8b 84 19 70 5f ee 00
0x00007ffe4f253cd3:   41 89 40 7c 48 8b 42 18 8b 88 38 0b 00 00 f6 c1
0x00007ffe4f253ce3:   08 0f 84 86 00 00 00 8b 80 3c 0b 00 00 41 89 80
0x00007ffe4f253cf3:   80 00 00 00 48 8b 42 18 8b 88 40 0b 00 00 41 89
0x00007ffe4f253d03:   88 84 00 00 00 48 8b 42 18 8b 88 44 0b 00 00 41
0x00007ffe4f253d13:   89 88 88 00 00 00 48 8b 42 18 8b 88 48 0b 00 00
0x00007ffe4f253d23:   41 89 88 8c 00 00 00 48 8b 42 18 8b 88 4c 0b 00
0x00007ffe4f253d33:   00 41 89 88 90 00 00 00 48 8b 42 18 8b 88 50 0b
0x00007ffe4f253d43:   00 00 41 89 88 94 00 00 00 48 8b 42 18 8b 88 54 


Stack slot to memory mapping:
stack at sp + 0 slots: 0x00007ffe4f25138b ig9icd64.dll
stack at sp + 1 slots: 0x0000000000000001 is an unknown value
stack at sp + 2 slots: 0x0 is NULL
stack at sp + 3 slots: 0x000001bf8c421200 points into unknown readable memory: 0x0000000000000000 | 00 00 00 00 00 00 00 00
stack at sp + 4 slots: 0x00007ffec7a82572 igdgmm64.dll
stack at sp + 5 slots: 0x0000003700000065 is an unknown value
stack at sp + 6 slots: 0x00000037451fec70 is pointing into the stack for thread: 0x000005e5fe4bb060
stack at sp + 7 slots: 0x0 is NULL


---------------  P R O C E S S  ---------------

Threads class SMR info:
_java_thread_list=0x000001bf85a21960, length=27, elements={
0x000005e5f9a87260, 0x000005e5f9a880e0, 0x000005e5f9aab180, 0x000005e5f9aacd50,
0x000005e5f9aaf720, 0x000005e5f9ab00e0, 0x000005e5f9ab0e80, 0x000005e5f9ab1930,
0x000005e5f9ab2330, 0x000005c5f21fd110, 0x000005e5fe1d67b0, 0x000005e5fe1d6c90,
0x000005e5fe4bb060, 0x000001bf84d7a2c0, 0x000001bf85321010, 0x000001bf854205d0,
0x000001bf852a2140, 0x000001bf853de370, 0x000001bf853df2a0, 0x000001bf853df7b0,
0x000001bf853de880, 0x000001bf853dd440, 0x000001bf853e01d0, 0x000001bf853e06e0,
0x000001bf853dde60, 0x000001bf858007a0, 0x000001bf85803020
}

Java Threads: ( => current thread )
  0x000005e5f9a87260 JavaThread "Reference Handler" daemon [_thread_blocked, id=1268, stack(0x0000003744400000,0x0000003744500000)]
  0x000005e5f9a880e0 JavaThread "Finalizer" daemon [_thread_blocked, id=11272, stack(0x0000003744500000,0x0000003744600000)]
  0x000005e5f9aab180 JavaThread "Signal Dispatcher" daemon [_thread_blocked, id=26360, stack(0x0000003744600000,0x0000003744700000)]
  0x000005e5f9aacd50 JavaThread "Attach Listener" daemon [_thread_blocked, id=32380, stack(0x0000003744700000,0x0000003744800000)]
  0x000005e5f9aaf720 JavaThread "Service Thread" daemon [_thread_blocked, id=20388, stack(0x0000003744800000,0x0000003744900000)]
  0x000005e5f9ab00e0 JavaThread "Monitor Deflation Thread" daemon [_thread_blocked, id=31324, stack(0x0000003744900000,0x0000003744a00000)]
  0x000005e5f9ab0e80 JavaThread "C2 CompilerThread0" daemon [_thread_blocked, id=31404, stack(0x0000003744a00000,0x0000003744b00000)]
  0x000005e5f9ab1930 JavaThread "C1 CompilerThread0" daemon [_thread_blocked, id=20788, stack(0x0000003744b00000,0x0000003744c00000)]
  0x000005e5f9ab2330 JavaThread "Sweeper thread" daemon [_thread_blocked, id=15772, stack(0x0000003744c00000,0x0000003744d00000)]
  0x000005c5f21fd110 JavaThread "Common-Cleaner" daemon [_thread_blocked, id=6128, stack(0x0000003744d00000,0x0000003744e00000)]
  0x000005e5fe1d67b0 JavaThread "Monitor Ctrl-Break" daemon [_thread_in_native, id=9524, stack(0x0000003744e00000,0x0000003744f00000)]
  0x000005e5fe1d6c90 JavaThread "Notification Thread" daemon [_thread_blocked, id=2400, stack(0x0000003744f00000,0x0000003745000000)]
=>0x000005e5fe4bb060 JavaThread "Java2D Queue Flusher" daemon [_thread_in_native, id=27048, stack(0x0000003745100000,0x0000003745200000)]
  0x000001bf84d7a2c0 JavaThread "Java2D Disposer" daemon [_thread_blocked, id=10344, stack(0x0000003745600000,0x0000003745700000)]
  0x000001bf85321010 JavaThread "AWT-Windows" daemon [_thread_in_native, id=9048, stack(0x0000003745900000,0x0000003745a00000)]
  0x000001bf854205d0 JavaThread "Java Sound Event Dispatcher" daemon [_thread_blocked, id=12340, stack(0x0000003746400000,0x0000003746500000)]
  0x000001bf852a2140 JavaThread "Direct Clip" daemon [_thread_blocked, id=8524, stack(0x0000003746700000,0x0000003746800000)]
  0x000001bf853de370 JavaThread "Direct Clip" daemon [_thread_blocked, id=23660, stack(0x0000003746800000,0x0000003746900000)]
  0x000001bf853df2a0 JavaThread "Direct Clip" daemon [_thread_blocked, id=30980, stack(0x0000003746900000,0x0000003746a00000)]
  0x000001bf853df7b0 JavaThread "Direct Clip" daemon [_thread_blocked, id=23260, stack(0x0000003746a00000,0x0000003746b00000)]
  0x000001bf853de880 JavaThread "Direct Clip" daemon [_thread_blocked, id=27404, stack(0x0000003746b00000,0x0000003746c00000)]
  0x000001bf853dd440 JavaThread "AWT-Shutdown" [_thread_blocked, id=3640, stack(0x0000003745800000,0x0000003745900000)]
  0x000001bf853e01d0 JavaThread "AWT-EventQueue-0" [_thread_blocked, id=29776, stack(0x0000003746c00000,0x0000003746d00000)]
  0x000001bf853e06e0 JavaThread "DestroyJavaVM" [_thread_blocked, id=31272, stack(0x0000003743d00000,0x0000003743e00000)]
  0x000001bf853dde60 JavaThread "Thread-0" [_thread_blocked, id=100, stack(0x0000003747000000,0x0000003747100000)]
  0x000001bf858007a0 JavaThread "ztt" [_thread_in_vm, id=24820, stack(0x0000003747100000,0x0000003747200000)]
  0x000001bf85803020 JavaThread "ToolkitShutdown" daemon [_thread_in_native, id=24268, stack(0x0000003747b00000,0x0000003747c00000)]

Other Threads:
  0x000005e5f9a71510 VMThread "VM Thread" [stack: 0x0000003744300000,0x0000003744400000] [id=32688]
  0x000001bfd6eee190 WatcherThread [stack: 0x0000003745000000,0x0000003745100000] [id=31468]
  0x000001bfd6fa9d70 GCTaskThread "GC Thread#0" [stack: 0x0000003743e00000,0x0000003743f00000] [id=18724]
  0x000001bf84c95610 GCTaskThread "GC Thread#1" [stack: 0x0000003745a00000,0x0000003745b00000] [id=13008]
  0x000001bf85165020 GCTaskThread "GC Thread#2" [stack: 0x0000003745b00000,0x0000003745c00000] [id=31312]
  0x000001bf85165af0 GCTaskThread "GC Thread#3" [stack: 0x0000003745c00000,0x0000003745d00000] [id=10216]
  0x000001bf85165db0 GCTaskThread "GC Thread#4" [stack: 0x0000003745d00000,0x0000003745e00000] [id=19292]
  0x000001bf85166070 GCTaskThread "GC Thread#5" [stack: 0x0000003745e00000,0x0000003745f00000] [id=28040]
  0x000001bf853076a0 GCTaskThread "GC Thread#6" [stack: 0x0000003745f00000,0x0000003746000000] [id=26060]
  0x000001bf84fe6820 GCTaskThread "GC Thread#7" [stack: 0x0000003746000000,0x0000003746100000] [id=19588]
  0x000001bf85273a00 GCTaskThread "GC Thread#8" [stack: 0x0000003746100000,0x0000003746200000] [id=32436]
  0x000001bf85273cc0 GCTaskThread "GC Thread#9" [stack: 0x0000003746200000,0x0000003746300000] [id=10376]
  0x000001bfd6fab430 ConcurrentGCThread "G1 Main Marker" [stack: 0x0000003743f00000,0x0000003744000000] [id=1008]
  0x000001bfd6face60 ConcurrentGCThread "G1 Conc#0" [stack: 0x0000003744000000,0x0000003744100000] [id=7068]
  0x000001bf855915e0 ConcurrentGCThread "G1 Conc#1" [stack: 0x0000003747300000,0x0000003747400000] [id=10388]
  0x000001bf85793290 ConcurrentGCThread "G1 Conc#2" [stack: 0x0000003747500000,0x0000003747600000] [id=18588]
  0x000005c5f21cf8e0 ConcurrentGCThread "G1 Refine#0" [stack: 0x0000003744100000,0x0000003744200000] [id=14728]
  0x000001bf85a2f920 ConcurrentGCThread "G1 Refine#1" [stack: 0x0000003747400000,0x0000003747500000] [id=10824]
  0x000001bf8c42ac90 ConcurrentGCThread "G1 Refine#2" [stack: 0x0000003747600000,0x0000003747700000] [id=13640]
  0x000001bf85881c10 ConcurrentGCThread "G1 Refine#3" [stack: 0x0000003747700000,0x0000003747800000] [id=8600]
  0x000001bf8c998c60 ConcurrentGCThread "G1 Refine#4" [stack: 0x0000003747800000,0x0000003747900000] [id=15608]
  0x000001bf857e9180 ConcurrentGCThread "G1 Refine#5" [stack: 0x0000003747900000,0x0000003747a00000] [id=22084]
  0x000005c5f21d0320 ConcurrentGCThread "G1 Service" [stack: 0x0000003744200000,0x0000003744300000] [id=27368]

Threads with active compile tasks:

VM state: not at safepoint (normal execution)

VM Mutex/Monitor currently owned by a thread: None

CDS archive(s) not mapped
Compressed class space mapped at: 0x0000000080000000-0x00000000c0000000, reserved size: 1073741824
Narrow klass base: 0x0000000000000000, Narrow klass shift: 0, Narrow klass range: 0xc0000000

GC Precious Log:
 CPUs: 12 total, 12 available
 Memory: 16254M
 Large Page Support: Disabled
 NUMA Support: Disabled
 Compressed Oops: Disabled
 Heap Region Size: 32M
 Heap Min Capacity: 32M
 Heap Initial Capacity: 256M
 Heap Max Capacity: 4096G
 Pre-touch: Disabled
 Parallel Workers: 10
 Concurrent Workers: 3
 Concurrent Refinement Workers: 10
 Periodic GC: Disabled

Heap:
 garbage-first heap   total 524288K, used 215686K [0x000001bfea000000, 0x000005bfea000000)
  region size 32768K, 2 young (65536K), 1 survivors (32768K)
 Metaspace       used 21280K, committed 21568K, reserved 1114112K
  class space    used 2176K, committed 2304K, reserved 1048576K

Heap Regions: E=young(eden), S=young(survivor), O=old, HS=humongous(starts), HC=humongous(continues), CS=collection set, F=free, OA=open archive, CA=closed archive, TAMS=top-at-mark-start (previous, next)
|   0|0x000001bfea000000, 0x000001bfec000000, 0x000001bfec000000|100%| O|  |TAMS 0x000001bfec000000, 0x000001bfea000000| Complete 
|   1|0x000001bfec000000, 0x000001bfee000000, 0x000001bfee000000|100%|HS|  |TAMS 0x000001bfee000000, 0x000001bfec000000| Complete 
|   2|0x000001bfee000000, 0x000001bff0000000, 0x000001bff0000000|100%| O|  |TAMS 0x000001bff0000000, 0x000001bfee000000| Untracked 
|   3|0x000001bff0000000, 0x000001bff2000000, 0x000001bff2000000|100%| O|  |TAMS 0x000001bff2000000, 0x000001bff0000000| Untracked 
|   4|0x000001bff2000000, 0x000001bff4000000, 0x000001bff4000000|100%| O|  |TAMS 0x000001bff3f70800, 0x000001bff2000000| Untracked 
|   5|0x000001bff4000000, 0x000001bff5f4c800, 0x000001bff6000000| 97%| O|  |TAMS 0x000001bff4000000, 0x000001bff4000000| Untracked 
|   6|0x000001bff6000000, 0x000001bff6000000, 0x000001bff8000000|  0%| F|  |TAMS 0x000001bff6000000, 0x000001bff6000000| Untracked 
|   7|0x000001bff8000000, 0x000001bff8000000, 0x000001bffa000000|  0%| F|  |TAMS 0x000001bff8000000, 0x000001bff8000000| Untracked 
|   8|0x000001bffa000000, 0x000001bffa000000, 0x000001bffc000000|  0%| F|  |TAMS 0x000001bffa000000, 0x000001bffa000000| Untracked 
|   9|0x000001bffc000000, 0x000001bffc000000, 0x000001bffe000000|  0%| F|  |TAMS 0x000001bffc000000, 0x000001bffc000000| Untracked 
|  10|0x000001bffe000000, 0x000001bffe000000, 0x000001c000000000|  0%| F|  |TAMS 0x000001bffe000000, 0x000001bffe000000| Untracked 
|  11|0x000001c000000000, 0x000001c000000000, 0x000001c002000000|  0%| F|  |TAMS 0x000001c000000000, 0x000001c000000000| Untracked 
|  12|0x000001c002000000, 0x000001c002000000, 0x000001c004000000|  0%| F|  |TAMS 0x000001c002000000, 0x000001c002000000| Untracked 
|  13|0x000001c004000000, 0x000001c004000000, 0x000001c006000000|  0%| F|  |TAMS 0x000001c004000000, 0x000001c004000000| Untracked 
|  14|0x000001c006000000, 0x000001c0073553f0, 0x000001c008000000| 60%| S|CS|TAMS 0x000001c006000000, 0x000001c006000000| Complete 
|  15|0x000001c008000000, 0x000001c0082ed140, 0x000001c00a000000|  9%| E|  |TAMS 0x000001c008000000, 0x000001c008000000| Complete 

Card table byte_map: [0x000005c1f2010000,0x000005c3f2010000] _byte_map_base: 0x000005c1120c0000

Marking Bits (Prev, Next): (CMBitMap*) 0x000001bfd6faa3d0, (CMBitMap*) 0x000001bfd6faa390
 Prev Bits: [0x000005d5f2420000, 0x000005e5f2420000)
 Next Bits: [0x000005c5f2210000, 0x000005d5f2210000)

Polling page: 0x000001bfd4e90000

Metaspace:

Usage:
  Non-class:     18.66 MB used.
      Class:      2.13 MB used.
       Both:     20.78 MB used.

Virtual space:
  Non-class space:       64.00 MB reserved,      18.81 MB ( 29%) committed,  1 nodes.
      Class space:        1.00 GB reserved,       2.25 MB ( <1%) committed,  1 nodes.
             Both:        1.06 GB reserved,      21.06 MB (  2%) committed. 

Chunk freelists:
   Non-Class:  12.95 MB
       Class:  13.74 MB
        Both:  26.69 MB

MaxMetaspaceSize: unlimited
CompressedClassSpaceSize: 1.00 GB
Initial GC threshold: 21.00 MB
Current GC threshold: 35.12 MB
CDS: off
MetaspaceReclaimPolicy: balanced
 - commit_granule_bytes: 65536.
 - commit_granule_words: 8192.
 - virtual_space_node_default_size: 8388608.
 - enlarge_chunks_in_place: 1.
 - new_chunks_are_fully_committed: 0.
 - uncommit_free_chunks: 1.
 - use_allocation_guard: 0.
 - handle_deallocations: 1.


Internal statistics:

num_allocs_failed_limit: 3.
num_arena_births: 238.
num_arena_deaths: 0.
num_vsnodes_births: 2.
num_vsnodes_deaths: 0.
num_space_committed: 337.
num_space_uncommitted: 0.
num_chunks_returned_to_freelist: 3.
num_chunks_taken_from_freelist: 350.
num_chunk_merges: 0.
num_chunk_splits: 202.
num_chunks_enlarged: 107.
num_inconsistent_stats: 0.

CodeHeap 'non-profiled nmethods': size=120000Kb used=816Kb max_used=816Kb free=119183Kb
 bounds [0x000001bfe2570000, 0x000001bfe27e0000, 0x000001bfe9aa0000]
CodeHeap 'profiled nmethods': size=120000Kb used=3997Kb max_used=3997Kb free=116002Kb
 bounds [0x000001bfdaaa0000, 0x000001bfdae90000, 0x000001bfe1fd0000]
CodeHeap 'non-nmethods': size=5760Kb used=1309Kb max_used=1338Kb free=4450Kb
 bounds [0x000001bfe1fd0000, 0x000001bfe2240000, 0x000001bfe2570000]
 total_blobs=2798 nmethods=2148 adapters=563
 compilation: enabled
              stopped_count=0, restarted_count=0
 full_count=0

Compilation events (20 events):
Event: 5.870 Thread 0x000005e5f9ab1930 nmethod 2138 0x000001bfdae84310 code [0x000001bfdae844c0, 0x000001bfdae84778]
Event: 5.886 Thread 0x000005e5f9ab1930 2139       3       java.awt.Component::getFont (5 bytes)
Event: 5.886 Thread 0x000005e5f9ab1930 nmethod 2139 0x000001bfdae84810 code [0x000001bfdae849e0, 0x000001bfdae84d28]
Event: 5.921 Thread 0x000005e5f9ab1930 2140       3       java.lang.Boolean::valueOf (14 bytes)
Event: 5.921 Thread 0x000005e5f9ab1930 nmethod 2140 0x000001bfdae84e90 code [0x000001bfdae85020, 0x000001bfdae85198]
Event: 5.937 Thread 0x000005e5f9ab1930 2141       3       java.awt.geom.AffineTransform::equals (92 bytes)
Event: 5.937 Thread 0x000005e5f9ab1930 nmethod 2141 0x000001bfdae85210 code [0x000001bfdae853c0, 0x000001bfdae85978]
Event: 6.004 Thread 0x000005e5f9ab1930 2142       3       sun.java2d.SunGraphics2D::setColor (108 bytes)
Event: 6.005 Thread 0x000005e5f9ab1930 nmethod 2142 0x000001bfdae85a90 code [0x000001bfdae85c80, 0x000001bfdae86138]
Event: 6.089 Thread 0x000005e5f9ab0e80 2143   !   4       sun.java2d.opengl.OGLBlitLoops::IsoBlit (207 bytes)
Event: 6.097 Thread 0x000005e5f9ab1930 2144       3       java.util.concurrent.ConcurrentHashMap::values (25 bytes)
Event: 6.097 Thread 0x000005e5f9ab1930 nmethod 2144 0x000001bfdae86210 code [0x000001bfdae863c0, 0x000001bfdae86758]
Event: 6.097 Thread 0x000005e5f9ab1930 2145       3       java.util.concurrent.ConcurrentHashMap$ValuesView::iterator (34 bytes)
Event: 6.097 Thread 0x000005e5f9ab1930 nmethod 2145 0x000001bfdae86890 code [0x000001bfdae86a40, 0x000001bfdae86c68]
Event: 6.104 Thread 0x000005e5f9ab0e80 nmethod 2143 0x000001bfe2636410 code [0x000001bfe2636620, 0x000001bfe2637b50]
Event: 6.106 Thread 0x000005e5f9ab1930 2146       3       sun.java2d.pipe.RenderBuffer::putFloat (26 bytes)
Event: 6.107 Thread 0x000005e5f9ab1930 nmethod 2146 0x000001bfdae86d90 code [0x000001bfdae86f20, 0x000001bfdae870b8]
Event: 6.107 Thread 0x000005e5f9ab1930 2147       3       jdk.internal.misc.Unsafe::putFloat (8 bytes)
Event: 6.107 Thread 0x000005e5f9ab0e80 2148       4       sun.java2d.pipe.BufferedContext::validate (575 bytes)
Event: 6.107 Thread 0x000005e5f9ab1930 nmethod 2147 0x000001bfdae87190 code [0x000001bfdae87320, 0x000001bfdae87438]

GC Heap History (18 events):
Event: 1.130 GC heap before
{Heap before GC invocations=0 (full 0):
 garbage-first heap   total 262144K, used 0K [0x000001bfea000000, 0x000005bfea000000)
  region size 32768K, 1 young (32768K), 0 survivors (0K)
 Metaspace       used 16479K, committed 16704K, reserved 1114112K
  class space    used 1552K, committed 1664K, reserved 1048576K
}
Event: 1.140 GC heap after
{Heap after GC invocations=1 (full 0):
 garbage-first heap   total 262144K, used 6206K [0x000001bfea000000, 0x000005bfea000000)
  region size 32768K, 1 young (32768K), 1 survivors (32768K)
 Metaspace       used 16479K, committed 16704K, reserved 1114112K
  class space    used 1552K, committed 1664K, reserved 1048576K
}
Event: 1.249 GC heap before
{Heap before GC invocations=1 (full 0):
 garbage-first heap   total 262144K, used 6206K [0x000001bfea000000, 0x000005bfea000000)
  region size 32768K, 2 young (65536K), 1 survivors (32768K)
 Metaspace       used 16506K, committed 16768K, reserved 1114112K
  class space    used 1552K, committed 1664K, reserved 1048576K
}
Event: 1.256 GC heap after
{Heap after GC invocations=2 (full 0):
 garbage-first heap   total 262144K, used 15391K [0x000001bfea000000, 0x000005bfea000000)
  region size 32768K, 1 young (32768K), 1 survivors (32768K)
 Metaspace       used 16506K, committed 16768K, reserved 1114112K
  class space    used 1552K, committed 1664K, reserved 1048576K
}
Event: 1.593 GC heap before
{Heap before GC invocations=2 (full 0):
 garbage-first heap   total 262144K, used 48159K [0x000001bfea000000, 0x000005bfea000000)
  region size 32768K, 2 young (65536K), 1 survivors (32768K)
 Metaspace       used 16514K, committed 16768K, reserved 1114112K
  class space    used 1552K, committed 1664K, reserved 1048576K
}
Event: 1.603 GC heap after
{Heap after GC invocations=3 (full 0):
 garbage-first heap   total 262144K, used 31156K [0x000001bfea000000, 0x000005bfea000000)
  region size 32768K, 1 young (32768K), 1 survivors (32768K)
 Metaspace       used 16514K, committed 16768K, reserved 1114112K
  class space    used 1552K, committed 1664K, reserved 1048576K
}
Event: 1.634 GC heap before
{Heap before GC invocations=3 (full 0):
 garbage-first heap   total 262144K, used 31156K [0x000001bfea000000, 0x000005bfea000000)
  region size 32768K, 2 young (65536K), 1 survivors (32768K)
 Metaspace       used 16514K, committed 16768K, reserved 1114112K
  class space    used 1552K, committed 1664K, reserved 1048576K
}
Event: 1.646 GC heap after
{Heap after GC invocations=4 (full 0):
 garbage-first heap   total 262144K, used 47283K [0x000001bfea000000, 0x000005bfea000000)
  region size 32768K, 1 young (32768K), 1 survivors (32768K)
 Metaspace       used 16514K, committed 16768K, reserved 1114112K
  class space    used 1552K, committed 1664K, reserved 1048576K
}
Event: 1.800 GC heap before
{Heap before GC invocations=4 (full 0):
 garbage-first heap   total 262144K, used 80051K [0x000001bfea000000, 0x000005bfea000000)
  region size 32768K, 2 young (65536K), 1 survivors (32768K)
 Metaspace       used 16865K, committed 17088K, reserved 1114112K
  class space    used 1604K, committed 1664K, reserved 1048576K
}
Event: 1.811 GC heap after
{Heap after GC invocations=5 (full 0):
 garbage-first heap   total 262144K, used 89257K [0x000001bfea000000, 0x000005bfea000000)
  region size 32768K, 1 young (32768K), 1 survivors (32768K)
 Metaspace       used 16865K, committed 17088K, reserved 1114112K
  class space    used 1604K, committed 1664K, reserved 1048576K
}
Event: 1.831 GC heap before
{Heap before GC invocations=5 (full 0):
 garbage-first heap   total 262144K, used 89257K [0x000001bfea000000, 0x000005bfea000000)
  region size 32768K, 2 young (65536K), 1 survivors (32768K)
 Metaspace       used 16868K, committed 17088K, reserved 1114112K
  class space    used 1604K, committed 1664K, reserved 1048576K
}
Event: 1.843 GC heap after
{Heap after GC invocations=6 (full 0):
 garbage-first heap   total 524288K, used 123333K [0x000001bfea000000, 0x000005bfea000000)
  region size 32768K, 1 young (32768K), 1 survivors (32768K)
 Metaspace       used 16868K, committed 17088K, reserved 1114112K
  class space    used 1604K, committed 1664K, reserved 1048576K
}
Event: 2.085 GC heap before
{Heap before GC invocations=6 (full 0):
 garbage-first heap   total 524288K, used 156101K [0x000001bfea000000, 0x000005bfea000000)
  region size 32768K, 2 young (65536K), 1 survivors (32768K)
 Metaspace       used 16962K, committed 17152K, reserved 1114112K
  class space    used 1619K, committed 1728K, reserved 1048576K
}
Event: 2.099 GC heap after
{Heap after GC invocations=7 (full 0):
 garbage-first heap   total 524288K, used 155764K [0x000001bfea000000, 0x000005bfea000000)
  region size 32768K, 1 young (32768K), 1 survivors (32768K)
 Metaspace       used 16962K, committed 17152K, reserved 1114112K
  class space    used 1619K, committed 1728K, reserved 1048576K
}
Event: 2.440 GC heap before
{Heap before GC invocations=7 (full 0):
 garbage-first heap   total 524288K, used 188532K [0x000001bfea000000, 0x000005bfea000000)
  region size 32768K, 2 young (65536K), 1 survivors (32768K)
 Metaspace       used 16977K, committed 17152K, reserved 1114112K
  class space    used 1621K, committed 1728K, reserved 1048576K
}
Event: 2.460 GC heap after
{Heap after GC invocations=8 (full 0):
 garbage-first heap   total 524288K, used 196034K [0x000001bfea000000, 0x000005bfea000000)
  region size 32768K, 1 young (32768K), 1 survivors (32768K)
 Metaspace       used 16977K, committed 17152K, reserved 1114112K
  class space    used 1621K, committed 1728K, reserved 1048576K
}
Event: 5.699 GC heap before
{Heap before GC invocations=8 (full 0):
 garbage-first heap   total 524288K, used 196034K [0x000001bfea000000, 0x000005bfea000000)
  region size 32768K, 2 young (65536K), 1 survivors (32768K)
 Metaspace       used 21271K, committed 21504K, reserved 1114112K
  class space    used 2175K, committed 2304K, reserved 1048576K
}
Event: 5.714 GC heap after
{Heap after GC invocations=9 (full 0):
 garbage-first heap   total 524288K, used 215686K [0x000001bfea000000, 0x000005bfea000000)
  region size 32768K, 1 young (32768K), 1 survivors (32768K)
 Metaspace       used 21271K, committed 21504K, reserved 1114112K
  class space    used 2175K, committed 2304K, reserved 1048576K
}

Dll operation events (3 events):
Event: 0.009 Loaded shared library C:\Users\bader\.jdks\jbrsdk_jcef-17.0.9\bin\java.dll
Event: 0.093 Loaded shared library C:\Users\bader\.jdks\jbrsdk_jcef-17.0.9\bin\jsvml.dll
Event: 0.194 Loaded shared library C:\Users\bader\.jdks\jbrsdk_jcef-17.0.9\bin\zip.dll

Deoptimization events (20 events):
Event: 4.959 Thread 0x000001bf853e01d0 Uncommon trap: trap_request=0xffffff45 fr.pc=0x000001bfe25e9c74 relative=0x0000000000000134
Event: 4.959 Thread 0x000001bf853e01d0 Uncommon trap: reason=unstable_if action=reinterpret pc=0x000001bfe25e9c74 method=java.lang.StrictMath.floorOrCeil(DDDD)D @ 24 c2
Event: 4.959 Thread 0x000001bf853e01d0 DEOPT PACKING pc=0x000001bfe25e9c74 sp=0x0000003746cfd440
Event: 4.959 Thread 0x000001bf853e01d0 DEOPT UNPACKING pc=0x000001bfe20269a3 sp=0x0000003746cfd3a8 mode 2
Event: 5.026 Thread 0x000001bf858007a0 DEOPT PACKING pc=0x000001bfdae18608 sp=0x00000037471fef10
Event: 5.026 Thread 0x000001bf858007a0 DEOPT UNPACKING pc=0x000001bfe2027143 sp=0x00000037471fe430 mode 0
Event: 5.276 Thread 0x000001bf853dde60 DEOPT PACKING pc=0x000001bfdae57dc5 sp=0x00000037470ff090
Event: 5.276 Thread 0x000001bf853dde60 DEOPT UNPACKING pc=0x000001bfe2027143 sp=0x00000037470fe5a0 mode 0
Event: 5.715 Thread 0x000001bf853dde60 Uncommon trap: trap_request=0xffffff45 fr.pc=0x000001bfe261d738 relative=0x0000000000000138
Event: 5.715 Thread 0x000001bf853dde60 Uncommon trap: reason=unstable_if action=reinterpret pc=0x000001bfe261d738 method=java.util.concurrent.locks.ReentrantLock$NonfairSync.initialTryLock()Z @ 10 c2
Event: 5.715 Thread 0x000001bf853dde60 DEOPT PACKING pc=0x000001bfe261d738 sp=0x00000037470fecc0
Event: 5.715 Thread 0x000001bf853dde60 DEOPT UNPACKING pc=0x000001bfe20269a3 sp=0x00000037470fec68 mode 2
Event: 5.715 Thread 0x000001bf853dde60 Uncommon trap: trap_request=0xffffff45 fr.pc=0x000001bfe262d380 relative=0x00000000000011e0
Event: 5.715 Thread 0x000001bf853dde60 Uncommon trap: reason=unstable_if action=reinterpret pc=0x000001bfe262d380 method=sun.java2d.pipe.BufferedContext.validate(Lsun/java2d/pipe/hw/AccelSurface;Lsun/java2d/pipe/hw/AccelSurface;Lsun/java2d/pipe/Region;Ljava/awt/Composite;Ljava/awt/geom/AffineT
Event: 5.715 Thread 0x000001bf853dde60 DEOPT PACKING pc=0x000001bfe262d380 sp=0x00000037470feb80
Event: 5.715 Thread 0x000001bf853dde60 DEOPT UNPACKING pc=0x000001bfe20269a3 sp=0x00000037470feb00 mode 2
Event: 5.716 Thread 0x000001bf853dde60 Uncommon trap: trap_request=0xffffff45 fr.pc=0x000001bfe2629bcc relative=0x0000000000000c2c
Event: 5.716 Thread 0x000001bf853dde60 Uncommon trap: reason=unstable_if action=reinterpret pc=0x000001bfe2629bcc method=java.util.concurrent.locks.ReentrantLock$NonfairSync.initialTryLock()Z @ 10 c2
Event: 5.716 Thread 0x000001bf853dde60 DEOPT PACKING pc=0x000001bfe2629bcc sp=0x00000037470fec40
Event: 5.716 Thread 0x000001bf853dde60 DEOPT UNPACKING pc=0x000001bfe20269a3 sp=0x00000037470fe988 mode 2

Classes unloaded (0 events):
No events

Classes redefined (0 events):
No events

Internal exceptions (20 events):
Event: 1.079 Thread 0x000001bfd6eed520 Exception <a 'java/lang/NoSuchMethodError'{0x000001bff9877558}: 'int java.lang.invoke.DirectMethodHandle$Holder.invokeStaticInit(java.lang.Object, java.lang.Object, java.lang.Object)'> (0x000001bff9877558) 
thrown [s\src\hotspot\share\interpreter\linkResolver.cpp, line 771]
Event: 1.080 Thread 0x000001bfd6eed520 Exception <a 'java/lang/NoSuchMethodError'{0x000001bff987bcf8}: 'int java.lang.invoke.DirectMethodHandle$Holder.invokeStaticInit(java.lang.Object, int, int)'> (0x000001bff987bcf8) 
thrown [s\src\hotspot\share\interpreter\linkResolver.cpp, line 771]
Event: 1.081 Thread 0x000001bfd6eed520 Exception <a 'java/lang/NoSuchMethodError'{0x000001bff9885820}: 'int java.lang.invoke.DirectMethodHandle$Holder.invokeStaticInit(java.lang.Object, long, long)'> (0x000001bff9885820) 
thrown [s\src\hotspot\share\interpreter\linkResolver.cpp, line 771]
Event: 1.081 Thread 0x000001bfd6eed520 Exception <a 'java/lang/NoSuchMethodError'{0x000001bff988e508}: 'int java.lang.invoke.DirectMethodHandle$Holder.invokeStaticInit(java.lang.Object, float, float)'> (0x000001bff988e508) 
thrown [s\src\hotspot\share\interpreter\linkResolver.cpp, line 771]
Event: 1.082 Thread 0x000001bfd6eed520 Exception <a 'java/lang/NoSuchMethodError'{0x000001bff98971f8}: 'int java.lang.invoke.DirectMethodHandle$Holder.invokeStaticInit(java.lang.Object, double, double)'> (0x000001bff98971f8) 
thrown [s\src\hotspot\share\interpreter\linkResolver.cpp, line 771]
Event: 1.082 Thread 0x000001bfd6eed520 Exception <a 'java/lang/NoSuchMethodError'{0x000001bff989ccc8}: 'int java.lang.invoke.DirectMethodHandle$Holder.invokeStatic(java.lang.Object, long)'> (0x000001bff989ccc8) 
thrown [s\src\hotspot\share\interpreter\linkResolver.cpp, line 771]
Event: 1.085 Thread 0x000001bfd6eed520 Exception <a 'java/lang/NoSuchMethodError'{0x000001bff98cb7b8}: 'int java.lang.invoke.Invokers$Holder.linkToTargetMethod(java.lang.Object, java.lang.Object)'> (0x000001bff98cb7b8) 
thrown [s\src\hotspot\share\interpreter\linkResolver.cpp, line 771]
Event: 2.667 Thread 0x000001bfd6eed520 Exception <a 'java/lang/NoSuchMethodError'{0x000001c008f299b8}: 'void java.lang.invoke.DirectMethodHandle$Holder.invokeStaticInit(java.lang.Object)'> (0x000001c008f299b8) 
thrown [s\src\hotspot\share\interpreter\linkResolver.cpp, line 771]
Event: 2.688 Thread 0x000001bf853e01d0 Exception <a 'java/lang/NoSuchMethodError'{0x000001c0090003f0}: 'void java.lang.invoke.DirectMethodHandle$Holder.invokeSpecial(java.lang.Object, java.lang.Object, java.lang.Object)'> (0x000001c0090003f0) 
thrown [s\src\hotspot\share\interpreter\linkResolver.cpp, line 771]
Event: 2.695 Thread 0x000001bf853e01d0 Exception <a 'java/lang/NoSuchMethodError'{0x000001c009038d78}: 'java.lang.Object java.lang.invoke.DirectMethodHandle$Holder.newInvokeSpecial(java.lang.Object, java.lang.Object, java.lang.Object, java.lang.Object, java.lang.Object)'> (0x000001c009038d78) 
thrown [s\src\hotspot\share\interpreter\linkResolver.cpp, line 771]
Event: 2.696 Thread 0x000001bf853e01d0 Exception <a 'java/lang/NoSuchMethodError'{0x000001c009047638}: 'java.lang.Object java.lang.invoke.DirectMethodHandle$Holder.invokeStatic(java.lang.Object, int, java.lang.Object, java.lang.Object, java.lang.Object, java.lang.Object)'> (0x000001c009047638) 
thrown [s\src\hotspot\share\interpreter\linkResolver.cpp, line 771]
Event: 2.722 Thread 0x000001bf853e01d0 Exception <a 'java/lang/ClassNotFoundException'{0x000001c00920a210}: com/sun/swing/internal/plaf/metal/resources/spi/metalProvider> (0x000001c00920a210) 
thrown [s\src\hotspot\share\classfile\systemDictionary.cpp, line 256]
Event: 2.723 Thread 0x000001bf853e01d0 Exception <a 'java/lang/ClassNotFoundException'{0x000001c009210168}: com/sun/swing/internal/plaf/basic/resources/spi/basicProvider> (0x000001c009210168) 
thrown [s\src\hotspot\share\classfile\systemDictionary.cpp, line 256]
Event: 2.725 Thread 0x000001bf853e01d0 Exception <a 'java/lang/NoSuchMethodError'{0x000001c009234828}: 'java.lang.Object java.lang.invoke.Invokers$Holder.linkToTargetMethod(java.lang.Object, int, java.lang.Object, java.lang.Object, java.lang.Object)'> (0x000001c009234828) 
thrown [s\src\hotspot\share\interpreter\linkResolver.cpp, line 771]
Event: 2.754 Thread 0x000001bf85321010 Exception <a 'java/lang/NoSuchMethodError'{0x000001c0092e3360}: 'void java.lang.invoke.DirectMethodHandle$Holder.invokeVirtual(java.lang.Object, java.lang.Object)'> (0x000001c0092e3360) 
thrown [s\src\hotspot\share\interpreter\linkResolver.cpp, line 771]
Event: 2.789 Thread 0x000001bf853e01d0 Exception <a 'java/lang/NoSuchMethodError'{0x000001c0092bb170}: 'java.lang.Object java.lang.invoke.DirectMethodHandle$Holder.newInvokeSpecial(java.lang.Object, java.lang.Object, int, int, int, int)'> (0x000001c0092bb170) 
thrown [s\src\hotspot\share\interpreter\linkResolver.cpp, line 771]
Event: 2.794 Thread 0x000001bf853e01d0 Exception <a 'java/lang/NoSuchMethodError'{0x000001c0092ccec0}: 'void java.lang.invoke.DirectMethodHandle$Holder.invokeSpecial(java.lang.Object, java.lang.Object, int, int)'> (0x000001c0092ccec0) 
thrown [s\src\hotspot\share\interpreter\linkResolver.cpp, line 771]
Event: 2.794 Thread 0x000001bf853e01d0 Exception <a 'java/lang/NoSuchMethodError'{0x000001c0092d4d28}: 'java.lang.Object java.lang.invoke.DirectMethodHandle$Holder.newInvokeSpecial(java.lang.Object, java.lang.Object, int, int)'> (0x000001c0092d4d28) 
thrown [s\src\hotspot\share\interpreter\linkResolver.cpp, line 771]
Event: 2.965 Thread 0x000001bf853e01d0 Exception <a 'java/lang/NoSuchMethodError'{0x000001c009430c18}: 'java.lang.Object java.lang.invoke.Invokers$Holder.invoke_MT(java.lang.Object, java.lang.Object, java.lang.Object)'> (0x000001c009430c18) 
thrown [s\src\hotspot\share\interpreter\linkResolver.cpp, line 771]
Event: 2.967 Thread 0x000001bf853e01d0 Exception <a 'java/lang/NoSuchMethodError'{0x000001c00943f128}: 'int java.lang.invoke.Invokers$Holder.invoke_MT(java.lang.Object, java.lang.Object, java.lang.Object)'> (0x000001c00943f128) 
thrown [s\src\hotspot\share\interpreter\linkResolver.cpp, line 771]

VM Operations (20 events):
Event: 2.440 Executing VM operation: G1CollectForAllocation
Event: 2.460 Executing VM operation: G1CollectForAllocation done
Event: 2.856 Executing VM operation: HandshakeAllThreads
Event: 2.856 Executing VM operation: HandshakeAllThreads done
Event: 3.862 Executing VM operation: Cleanup
Event: 3.862 Executing VM operation: Cleanup done
Event: 4.041 Executing VM operation: HandshakeAllThreads
Event: 4.042 Executing VM operation: HandshakeAllThreads done
Event: 4.042 Executing VM operation: HandshakeAllThreads
Event: 4.042 Executing VM operation: HandshakeAllThreads done
Event: 4.947 Executing VM operation: HandshakeAllThreads
Event: 4.947 Executing VM operation: HandshakeAllThreads done
Event: 4.947 Executing VM operation: Cleanup
Event: 4.947 Executing VM operation: Cleanup done
Event: 5.699 Executing VM operation: CollectForMetadataAllocation
Event: 5.715 Executing VM operation: CollectForMetadataAllocation done
Event: 5.764 Executing VM operation: G1PauseRemark
Event: 5.766 Executing VM operation: G1PauseRemark done
Event: 5.788 Executing VM operation: G1PauseCleanup
Event: 5.789 Executing VM operation: G1PauseCleanup done

Events (20 events):
Event: 5.172 loading class sun/java2d/loops/DrawGlyphListAA$General done
Event: 5.175 loading class sun/java2d/pipe/RegionSpanIterator
Event: 5.175 loading class sun/java2d/pipe/SpanIterator
Event: 5.175 loading class sun/java2d/pipe/SpanIterator done
Event: 5.175 loading class sun/java2d/pipe/RegionSpanIterator done
Event: 5.342 Thread 0x000001bf8c284840 Thread added: 0x000001bf8c284840
Event: 5.478 Thread 0x000001bf8c284840 Thread exited: 0x000001bf8c284840
Event: 5.580 loading class java/awt/image/BufferedImageOp
Event: 5.580 loading class java/awt/image/BufferedImageOp done
Event: 6.096 Thread 0x000001bf85800cb0 Thread added: 0x000001bf85800cb0
Event: 6.096 Thread 0x000001bf85803020 Thread added: 0x000001bf85803020
Event: 6.096 Thread 0x000001bf85803530 Thread added: 0x000001bf85803530
Event: 6.097 loading class sun/font/SunFontManager$8$1
Event: 6.097 loading class sun/font/SunFontManager$8$1 done
Event: 6.097 loading class java/util/WeakHashMap$KeyIterator
Event: 6.097 loading class java/util/WeakHashMap$HashIterator
Event: 6.097 loading class java/util/WeakHashMap$HashIterator done
Event: 6.097 loading class java/util/WeakHashMap$KeyIterator done
Event: 6.097 Thread 0x000001bf85803530 Thread exited: 0x000001bf85803530
Event: 6.099 Thread 0x000001bf85800cb0 Thread exited: 0x000001bf85800cb0


Dynamic libraries:
0x00007ff61f330000 - 0x00007ff61f33a000 	C:\Users\bader\.jdks\jbrsdk_jcef-17.0.9\bin\java.exe
0x00007ffed6e90000 - 0x00007ffed7088000 	C:\Windows\SYSTEM32\ntdll.dll
0x00007ffed4f20000 - 0x00007ffed4fe2000 	C:\Windows\System32\KERNEL32.DLL
0x00007ffed4960000 - 0x00007ffed4c5e000 	C:\Windows\System32\KERNELBASE.dll
0x00007ffed4db0000 - 0x00007ffed4eb0000 	C:\Windows\System32\ucrtbase.dll
0x00007ffecf590000 - 0x00007ffecf5a7000 	C:\Users\bader\.jdks\jbrsdk_jcef-17.0.9\bin\jli.dll
0x00007ffecf4c0000 - 0x00007ffecf4db000 	C:\Users\bader\.jdks\jbrsdk_jcef-17.0.9\bin\VCRUNTIME140.dll
0x00007ffed6bd0000 - 0x00007ffed6d6d000 	C:\Windows\System32\USER32.dll
0x00007ffed4650000 - 0x00007ffed4672000 	C:\Windows\System32\win32u.dll
0x00007ffeba210000 - 0x00007ffeba4aa000 	C:\Windows\WinSxS\amd64_microsoft.windows.common-controls_6595b64144ccf1df_6.0.19041.4355_none_60b8b9eb71f62e16\COMCTL32.dll
0x00007ffed61a0000 - 0x00007ffed61cb000 	C:\Windows\System32\GDI32.dll
0x00007ffed67d0000 - 0x00007ffed686e000 	C:\Windows\System32\msvcrt.dll
0x00007ffed4530000 - 0x00007ffed4647000 	C:\Windows\System32\gdi32full.dll
0x00007ffed4d10000 - 0x00007ffed4dad000 	C:\Windows\System32\msvcp_win.dll
0x00007ffed6100000 - 0x00007ffed612f000 	C:\Windows\System32\IMM32.DLL
0x00007ffecfd60000 - 0x00007ffecfd6c000 	C:\Users\bader\.jdks\jbrsdk_jcef-17.0.9\bin\vcruntime140_1.dll
0x00007ffebdf30000 - 0x00007ffebdfbd000 	C:\Users\bader\.jdks\jbrsdk_jcef-17.0.9\bin\msvcp140.dll
0x00007ffe85690000 - 0x00007ffe86312000 	C:\Users\bader\.jdks\jbrsdk_jcef-17.0.9\bin\server\jvm.dll
0x00007ffed6d90000 - 0x00007ffed6e41000 	C:\Windows\System32\ADVAPI32.dll
0x00007ffed5e40000 - 0x00007ffed5edf000 	C:\Windows\System32\sechost.dll
0x00007ffed62a0000 - 0x00007ffed63c3000 	C:\Windows\System32\RPCRT4.dll
0x00007ffed4760000 - 0x00007ffed4787000 	C:\Windows\System32\bcrypt.dll
0x00007ffebb4b0000 - 0x00007ffebb4b9000 	C:\Windows\SYSTEM32\WSOCK32.dll
0x00007ffed3a60000 - 0x00007ffed3aab000 	C:\Windows\SYSTEM32\POWRPROF.dll
0x00007ffed6090000 - 0x00007ffed60fb000 	C:\Windows\System32\WS2_32.dll
0x00007ffeb9a40000 - 0x00007ffeb9a67000 	C:\Windows\SYSTEM32\WINMM.dll
0x00007ffecd650000 - 0x00007ffecd65a000 	C:\Windows\SYSTEM32\VERSION.dll
0x00007ffed3930000 - 0x00007ffed3942000 	C:\Windows\SYSTEM32\UMPDC.dll
0x00007ffed23b0000 - 0x00007ffed23c2000 	C:\Windows\SYSTEM32\kernel.appcore.dll
0x00007ffecf780000 - 0x00007ffecf78a000 	C:\Users\bader\.jdks\jbrsdk_jcef-17.0.9\bin\jimage.dll
0x00007ffed1cc0000 - 0x00007ffed1ea4000 	C:\Windows\SYSTEM32\DBGHELP.DLL
0x00007ffec4470000 - 0x00007ffec44a4000 	C:\Windows\SYSTEM32\dbgcore.DLL
0x00007ffed46d0000 - 0x00007ffed4752000 	C:\Windows\System32\bcryptPrimitives.dll
0x00007ffecf6d0000 - 0x00007ffecf6de000 	C:\Users\bader\.jdks\jbrsdk_jcef-17.0.9\bin\instrument.dll
0x00007ffecf3b0000 - 0x00007ffecf3d5000 	C:\Users\bader\.jdks\jbrsdk_jcef-17.0.9\bin\java.dll
0x00007ffecef10000 - 0x00007ffecef28000 	C:\Users\bader\.jdks\jbrsdk_jcef-17.0.9\bin\zip.dll
0x00007ffebdcb0000 - 0x00007ffebdd87000 	C:\Users\bader\.jdks\jbrsdk_jcef-17.0.9\bin\jsvml.dll
0x00007ffed4ff0000 - 0x00007ffed575d000 	C:\Windows\System32\SHELL32.dll
0x00007ffed25b0000 - 0x00007ffed2d54000 	C:\Windows\SYSTEM32\windows.storage.dll
0x00007ffed6870000 - 0x00007ffed6bc3000 	C:\Windows\System32\combase.dll
0x00007ffed3f60000 - 0x00007ffed3f8e000 	C:\Windows\SYSTEM32\Wldp.dll
0x00007ffed61d0000 - 0x00007ffed629d000 	C:\Windows\System32\OLEAUT32.dll
0x00007ffed65c0000 - 0x00007ffed666d000 	C:\Windows\System32\SHCORE.dll
0x00007ffed6560000 - 0x00007ffed65b5000 	C:\Windows\System32\shlwapi.dll
0x00007ffed4460000 - 0x00007ffed4484000 	C:\Windows\SYSTEM32\profapi.dll
0x00007ffecd160000 - 0x00007ffecd179000 	C:\Users\bader\.jdks\jbrsdk_jcef-17.0.9\bin\net.dll
0x00007ffeccc80000 - 0x00007ffeccd8d000 	C:\Windows\SYSTEM32\WINHTTP.dll
0x00007ffed3cc0000 - 0x00007ffed3d2a000 	C:\Windows\system32\mswsock.dll
0x00007ffec22a0000 - 0x00007ffec22b6000 	C:\Users\bader\.jdks\jbrsdk_jcef-17.0.9\bin\nio.dll
0x00007ffec2250000 - 0x00007ffec226a000 	C:\Program Files\JetBrains\IntelliJ IDEA Community Edition 2023.3.6\bin\breakgen64.dll
0x00007ffe8a040000 - 0x00007ffe8a1da000 	C:\Users\bader\.jdks\jbrsdk_jcef-17.0.9\bin\awt.dll
0x00007ffebdee0000 - 0x00007ffebdf24000 	C:\Users\bader\.jdks\jbrsdk_jcef-17.0.9\bin\nvdaControllerClient64.dll
0x00007ffed20b0000 - 0x00007ffed20df000 	C:\Windows\SYSTEM32\dwmapi.dll
0x00007ffecf1c0000 - 0x00007ffecf254000 	C:\Windows\SYSTEM32\apphelp.dll
0x00007ffeb81e0000 - 0x00007ffeb8308000 	C:\Windows\system32\opengl32.dll
0x00007ffeb7c60000 - 0x00007ffeb7c8c000 	C:\Windows\SYSTEM32\GLU32.dll
0x00007ffed1090000 - 0x00007ffed112e000 	C:\Windows\system32\uxtheme.dll
0x00007ffed5bd0000 - 0x00007ffed5ce5000 	C:\Windows\System32\MSCTF.dll
0x00007ffed5cf0000 - 0x00007ffed5d99000 	C:\Windows\System32\clbcatq.dll
0x00007ffe4e890000 - 0x00007ffe4f85a000 	C:\Windows\System32\DriverStore\FileRepository\iigd_dch.inf_amd64_5d54dd32fa1ef4d4\ig9icd64.dll
0x00007ffed6430000 - 0x00007ffed655b000 	C:\Windows\System32\ole32.dll
0x00007ffed2dc0000 - 0x00007ffed2eb6000 	C:\Windows\system32\dxgi.dll
0x00007ffec7a80000 - 0x00007ffec7cbf000 	C:\Windows\System32\DriverStore\FileRepository\iigd_dch.inf_amd64_5d54dd32fa1ef4d4\igdgmm64.dll
0x00007ffec4eb0000 - 0x00007ffec7a79000 	C:\Windows\System32\DriverStore\FileRepository\iigd_dch.inf_amd64_5d54dd32fa1ef4d4\igc64.dll
0x00007ffe6af50000 - 0x00007ffe6b35c000 	C:\Windows\System32\DriverStore\FileRepository\iigd_dch.inf_amd64_5d54dd32fa1ef4d4\igdml64.dll
0x00007ffed3ec0000 - 0x00007ffed3ed8000 	C:\Windows\SYSTEM32\CRYPTSP.dll
0x00007ffed3570000 - 0x00007ffed35a4000 	C:\Windows\system32\rsaenh.dll
0x00007ffed4420000 - 0x00007ffed444e000 	C:\Windows\SYSTEM32\USERENV.dll
0x00007ffed3eb0000 - 0x00007ffed3ebc000 	C:\Windows\SYSTEM32\CRYPTBASE.dll
0x00007ffed3950000 - 0x00007ffed398b000 	C:\Windows\SYSTEM32\IPHLPAPI.DLL
0x00007ffed5e30000 - 0x00007ffed5e38000 	C:\Windows\System32\NSI.dll
0x00007ffecc960000 - 0x00007ffecc977000 	C:\Windows\SYSTEM32\dhcpcsvc6.DLL
0x00007ffeccbf0000 - 0x00007ffeccc0d000 	C:\Windows\SYSTEM32\dhcpcsvc.DLL
0x00007ffed3990000 - 0x00007ffed3a5a000 	C:\Windows\SYSTEM32\DNSAPI.dll
0x00007ffeabb80000 - 0x00007ffeabc07000 	C:\Users\bader\.jdks\jbrsdk_jcef-17.0.9\bin\freetype.dll
0x00007ffe864a0000 - 0x00007ffe86577000 	C:\Users\bader\.jdks\jbrsdk_jcef-17.0.9\bin\fontmanager.dll
0x00007ffec2020000 - 0x00007ffec2032000 	C:\Users\bader\.jdks\jbrsdk_jcef-17.0.9\bin\jsound.dll
0x00007ffeb9bf0000 - 0x00007ffeb9c8c000 	C:\Windows\SYSTEM32\DSOUND.dll
0x00007ffec02f0000 - 0x00007ffec0316000 	C:\Windows\SYSTEM32\winmmbase.dll
0x00007ffecce00000 - 0x00007ffecce85000 	C:\Windows\System32\MMDevApi.dll
0x00007ffed42c0000 - 0x00007ffed42f3000 	C:\Windows\System32\DEVOBJ.dll
0x00007ffed4680000 - 0x00007ffed46ce000 	C:\Windows\System32\cfgmgr32.dll
0x00007ffeb5080000 - 0x00007ffeb50c6000 	C:\Windows\SYSTEM32\wdmaud.drv
0x00007ffecf4e0000 - 0x00007ffecf4e9000 	C:\Windows\SYSTEM32\ksuser.dll
0x00007ffeced00000 - 0x00007ffeced0a000 	C:\Windows\SYSTEM32\AVRT.dll
0x00007ffecce90000 - 0x00007ffecd011000 	C:\Windows\SYSTEM32\AUDIOSES.DLL
0x00007ffeb5070000 - 0x00007ffeb507d000 	C:\Windows\SYSTEM32\msacm32.drv
0x00007ffeb5050000 - 0x00007ffeb506e000 	C:\Windows\SYSTEM32\MSACM32.dll
0x00007ffeb5040000 - 0x00007ffeb504b000 	C:\Windows\SYSTEM32\midimap.dll
0x00007ffed1fb0000 - 0x00007ffed1fc4000 	C:\Windows\SYSTEM32\resourcepolicyclient.dll
0x00007ffeb1a60000 - 0x00007ffeb1c05000 	C:\Windows\WinSxS\amd64_microsoft.windows.gdiplus_6595b64144ccf1df_1.1.19041.4597_none_91a78020cc854124\gdiplus.dll
0x00007ffebfdd0000 - 0x00007ffebfec9000 	C:\Windows\SYSTEM32\textinputframework.dll
0x00007ffece6e0000 - 0x00007ffecea3b000 	C:\Windows\System32\CoreUIComponents.dll
0x00007ffecea50000 - 0x00007ffeceb42000 	C:\Windows\System32\CoreMessaging.dll
0x00007ffed37c0000 - 0x00007ffed37f3000 	C:\Windows\SYSTEM32\ntmarta.dll
0x00007ffed12c0000 - 0x00007ffed1417000 	C:\Windows\SYSTEM32\wintypes.dll
0x00007ffeb7e70000 - 0x00007ffeb8165000 	C:\Windows\System32\uiautomationcore.dll
0x00007ffed1880000 - 0x00007ffed1976000 	C:\Windows\System32\PROPSYS.dll
0x00007ffeb8170000 - 0x00007ffeb81d6000 	C:\Windows\System32\OLEACC.dll
0x00007ffebfed0000 - 0x00007ffec000f000 	C:\Windows\System32\Windows.UI.dll
0x00007ffebfc70000 - 0x00007ffebfdc2000 	C:\Windows\System32\InputHost.dll
0x00007ffecbdf0000 - 0x00007ffecbe91000 	C:\Windows\System32\WindowManagementAPI.dll
0x00007ffecb4a0000 - 0x00007ffecb6a3000 	C:\Windows\SYSTEM32\twinapi.appcore.dll

dbghelp: loaded successfully - version: 4.0.5 - missing functions: none
symbol engine: initialized successfully - sym options: 0x614 - pdb path: .;C:\Users\bader\.jdks\jbrsdk_jcef-17.0.9\bin;C:\Windows\SYSTEM32;C:\Windows\WinSxS\amd64_microsoft.windows.common-controls_6595b64144ccf1df_6.0.19041.4355_none_60b8b9eb71f62e16;C:\Users\bader\.jdks\jbrsdk_jcef-17.0.9\bin\server;C:\Program Files\JetBrains\IntelliJ IDEA Community Edition 2023.3.6\bin;C:\Windows\System32\DriverStore\FileRepository\iigd_dch.inf_amd64_5d54dd32fa1ef4d4;C:\Windows\WinSxS\amd64_microsoft.windows.gdiplus_6595b64144ccf1df_1.1.19041.4597_none_91a78020cc854124

VM Arguments:
jvm_args: -Xmx3072g -Xmx4096g -Dsun.java2d.opengl=true -XX:ErrorFile=logs/hs_err_pid%p.log -javaagent:C:\Program Files\JetBrains\IntelliJ IDEA Community Edition 2023.3.6\lib\idea_rt.jar=63381:C:\Program Files\JetBrains\IntelliJ IDEA Community Edition 2023.3.6\bin -Dfile.encoding=UTF-8 
java_command: net.sendback.Main
java_class_path (initial): C:\Users\bader\OneDrive\Bureau\Idea\GTS_PRojekt\target\classes
Launcher Type: SUN_STANDARD

[Global flags]
     intx CICompilerCount                          = 4                                         {product} {ergonomic}
     uint ConcGCThreads                            = 3                                         {product} {ergonomic}
    ccstr ErrorFile                                = logs/hs_err_pid%p.log                     {product} {command line}
     uint G1ConcRefinementThreads                  = 10                                        {product} {ergonomic}
   size_t G1HeapRegionSize                         = 33554432                                  {product} {ergonomic}
    uintx GCDrainStackTargetSize                   = 64                                        {product} {ergonomic}
   size_t InitialHeapSize                          = 268435456                                 {product} {ergonomic}
   size_t MarkStackSize                            = 4194304                                   {product} {ergonomic}
   size_t MaxHeapSize                              = 4398046511104                             {product} {command line}
   size_t MaxNewSize                               = 2638821195776                             {product} {ergonomic}
   size_t MinHeapDeltaBytes                        = 33554432                                  {product} {ergonomic}
   size_t MinHeapSize                              = 33554432                                  {product} {ergonomic}
    uintx NonNMethodCodeHeapSize                   = 5839372                                {pd product} {ergonomic}
    uintx NonProfiledCodeHeapSize                  = 122909434                              {pd product} {ergonomic}
    uintx ProfiledCodeHeapSize                     = 122909434                              {pd product} {ergonomic}
    uintx ReservedCodeCacheSize                    = 251658240                              {pd product} {ergonomic}
     bool SegmentedCodeCache                       = true                                      {product} {ergonomic}
   size_t SoftMaxHeapSize                          = 4398046511104                          {manageable} {ergonomic}
     bool UseCompressedClassPointers               = true                           {product lp64_product} {ergonomic}
     bool UseG1GC                                  = true                                      {product} {ergonomic}
     bool UseLargePagesIndividualAllocation        = false                                  {pd product} {ergonomic}

Logging:
Log output configuration:
 #0: stdout all=warning uptime,level,tags
 #1: stderr all=off uptime,level,tags

Environment Variables:
PATH=C:\Program Files\Common Files\Oracle\Java\javapath;C:\Windows\system32;C:\Windows;C:\Windows\System32\Wbem;C:\Windows\System32\WindowsPowerShell\v1.0\;C:\Windows\System32\OpenSSH\;C:\Program Files (x86)\NVIDIA Corporation\PhysX\Common;C:\Program Files\dotnet\;C:\Users\bader\AppData\Local\Microsoft\WindowsApps;C:\Users\bader\AppData\Local\GitHubDesktop\bin
USERNAME=bader
OS=Windows_NT
PROCESSOR_IDENTIFIER=Intel64 Family 6 Model 158 Stepping 10, GenuineIntel
TMP=C:\Users\bader\AppData\Local\Temp
TEMP=C:\Users\bader\AppData\Local\Temp



Periodic native trim disabled

JNI global refs:
JNI global refs: 129, weak refs: 79

JNI global refs memory usage: 2107, weak refs: 2105

OOME stack traces (most recent first):
Classloader memory used:
Loader bootstrap                                                                       : 2632K
Loader jdk.internal.loader.ClassLoaders$AppClassLoader                                 : 27512B
Loader jdk.internal.loader.ClassLoaders$PlatformClassLoader                            : 764B


---------------  S Y S T E M  ---------------

OS:
 Windows 10 , 64 bit Build 19041 (10.0.19041.5072)
OS uptime: 7 days 6:21 hours

CPU: total 12 (initial active 12) (6 cores per cpu, 2 threads per core) family 6 model 158 stepping 10 microcode 0xf0, cx8, cmov, fxsr, ht, mmx, 3dnowpref, sse, sse2, sse3, ssse3, sse4.1, sse4.2, popcnt, lzcnt, tsc, tscinvbit, avx, avx2, aes, erms, clmul, bmi1, bmi2, adx, fma, vzeroupper, clflush, clflushopt
Processor Information for all 12 processors :
  Max Mhz: 2592, Current Mhz: 2592, Mhz Limit: 2592

Memory: 4k page, system-wide physical 16254M (3638M free)
TotalPageFile size 18942M (AvailPageFile size 2592M)
current process WorkingSet (physical memory assigned to process): 720M, peak: 735M
current process commit charge ("private bytes"): 960M, peak: 970M

vm_info: OpenJDK 64-Bit Server VM (17.0.9+8-b1166.2) for windows-amd64 JRE (17.0.9+8-b1166.2), built on 2024-01-13 by "builduser" with MS VC++ 16.10 / 16.11 (VS2019)

END.
