#
# A fatal error has been detected by the Java Runtime Environment:
#
#  EXCEPTION_ACCESS_VIOLATION (0xc0000005) at pc=0x00007ffe4f253c53, pid=5320, tid=29448
#
# JRE version: OpenJDK Runtime Environment JBR-17.0.9+8-1166.2-jcef (17.0.9+8) (build 17.0.9+8-b1166.2)
# Java VM: OpenJDK 64-Bit Server VM JBR-17.0.9+8-1166.2-jcef (17.0.9+8-b1166.2, mixed mode, tiered, compressed class ptrs, g1 gc, windows-amd64)
# Problematic frame:
# C  [ig9icd64.dll+0x9c3c53]
#
# No core dump will be written. Minidumps are not enabled by default on client versions of Windows
#
# If you would like to submit a bug report, please visit:
#   https://youtrack.jetbrains.com/issues/JBR
# The crash happened outside the Java Virtual Machine in native code.
# See problematic frame for where to report the bug.
#

---------------  S U M M A R Y ------------

Command Line: -Xmx3072g -Xmx4096g -Dsun.java2d.opengl=true -XX:ErrorFile=logs/hs_err_pid%p.log -javaagent:C:\Program Files\JetBrains\IntelliJ IDEA Community Edition 2023.3.6\lib\idea_rt.jar=62385:C:\Program Files\JetBrains\IntelliJ IDEA Community Edition 2023.3.6\bin -Dfile.encoding=UTF-8 net.sendback.Main

Host: Intel(R) Core(TM) i7-9750H CPU @ 2.60GHz, 12 cores, 15G,  Windows 10 , 64 bit Build 19041 (10.0.19041.5072)
Time: Sun Nov  3 20:51:59 2024 Mitteleuropäische Zeit elapsed time: 6.893922 seconds (0d 0h 0m 6s)

---------------  T H R E A D  ---------------

Current thread (0x0000024ca90e7c60):  JavaThread "Java2D Queue Flusher" daemon [_thread_in_native, id=29448, stack(0x00000077ca500000,0x00000077ca600000)]

Stack: [0x00000077ca500000,0x00000077ca600000],  sp=0x00000077ca5fea18,  free space=1018k
Native frames: (J=compiled Java code, j=interpreted, Vv=VM code, C=native code)
C  [ig9icd64.dll+0x9c3c53]

Java frames: (J=compiled Java code, j=interpreted, Vv=VM code)
j  sun.java2d.opengl.OGLRenderQueue.flushBuffer(JI)V+0 java.desktop
j  sun.java2d.opengl.OGLRenderQueue.flushBuffer()V+21 java.desktop
j  sun.java2d.opengl.OGLRenderQueue$QueueFlusher.run()V+81 java.desktop
j  java.lang.Thread.run()V+11 java.base@17.0.9
v  ~StubRoutines::call_stub

siginfo: EXCEPTION_ACCESS_VIOLATION (0xc0000005), reading address 0xffffffffffffffff


Registers:
RAX=0x000000000fff0fff, RBX=0x00007ffe4e890000, RCX=0x000000033fcf3fcc, RDX=0x00000077ca5fef30
RSP=0x00000077ca5fea18, RBP=0x00000077ca5feb20, RSI=0x0000024caf7999c0, RDI=0x00000077ca5fed20
R8 =0x00000077ca5feb50, R9 =0x00000077ca5fef30, R10=0x00000077ca5fed20, R11=0x0000000000000000
R12=0x00007ffe4f6ba420, R13=0x0000000000000000, R14=0x0000000000000000, R15=0x00000000000001c1
RIP=0x00007ffe4f253c53, EFLAGS=0x0000000000010206


Register to memory mapping:

RIP=0x00007ffe4f253c53 ig9icd64.dll
RAX=0x000000000fff0fff is an unknown value
RBX=0x00007ffe4e890000 ig9icd64.dll
RCX=0x000000033fcf3fcc is an unknown value
RDX=0x00000077ca5fef30 is pointing into the stack for thread: 0x0000024ca90e7c60
RSP=0x00000077ca5fea18 is pointing into the stack for thread: 0x0000024ca90e7c60
RBP=0x00000077ca5feb20 is pointing into the stack for thread: 0x0000024ca90e7c60
RSI=0x0000024caf7999c0 points into unknown readable memory: 0x0000024ca939a080 | 80 a0 39 a9 4c 02 00 00
RDI=0x00000077ca5fed20 is pointing into the stack for thread: 0x0000024ca90e7c60
R8 =0x00000077ca5feb50 is pointing into the stack for thread: 0x0000024ca90e7c60
R9 =0x00000077ca5fef30 is pointing into the stack for thread: 0x0000024ca90e7c60
R10=0x00000077ca5fed20 is pointing into the stack for thread: 0x0000024ca90e7c60
R11=0x0 is NULL
R12=0x00007ffe4f6ba420 ig9icd64.dll
R13=0x0 is NULL
R14=0x0 is NULL
R15=0x00000000000001c1 is an unknown value


Top of Stack: (sp=0x00000077ca5fea18)
0x00000077ca5fea18:   00007ffe4f25138b 0000000000000001
0x00000077ca5fea28:   0000000000000000 0000024cb33be100
0x00000077ca5fea38:   00007ffec7a82572 0000007700000065
0x00000077ca5fea48:   00000077ca5fec50 0000000000000000
0x00000077ca5fea58:   0000024ca9184b50 0000000000000000
0x00000077ca5fea68:   0000024cb3886820 0000024cb33be1d0
0x00000077ca5fea78:   0000000000000fb0 0000000000000000
0x00000077ca5fea88:   0000000000000000 00000077ca5fec00
0x00000077ca5fea98:   00007ffe4eee9070 0000000000000000
0x00000077ca5feaa8:   0000000000000000 0000000000000000
0x00000077ca5feab8:   0000000000000000 0000b13737e19248
0x00000077ca5feac8:   00007ffe4e8a64e5 0000024cb33be1d0
0x00000077ca5fead8:   0000000000004001 0000000000000200
0x00000077ca5feae8:   00007ffed6ebb86b 00000000008d01a8
0x00000077ca5feaf8:   0000000000000023 0000024cb00eb9b0
0x00000077ca5feb08:   0000000000000000 0000000000000000
0x00000077ca5feb18:   00007ffe4f251c62 0000000000000000
0x00000077ca5feb28:   0000024cffaf1140 00000077ca5fee20
0x00000077ca5feb38:   0000024cffaf0000 0000024cffaf02b4
0x00000077ca5feb48:   0000024ca9184b50 00007ffe4f55f020
0x00000077ca5feb58:   0000000e00000000 0000001a00000018
0x00000077ca5feb68:   00000fff00000000 437f0000437f0000
0x00000077ca5feb78:   437f0000437f0000 0000ff0000ff0000
0x00000077ca5feb88:   ff000000000000ff 0000000800000010
0x00000077ca5feb98:   0000001800000000 0000000000000000
0x00000077ca5feba8:   0000000000000000 0000000000000000
0x00000077ca5febb8:   0000000000000000 0000000000000000
0x00000077ca5febc8:   0000000000000000 0000000000000000
0x00000077ca5febd8:   0000000000000000 0000000000000000
0x00000077ca5febe8:   0000000000000000 0000000000000000
0x00000077ca5febf8:   0000000000000000 0000000000000000
0x00000077ca5fec08:   0000000000000000 0000000000000000 

Instructions: (pc=0x00007ffe4f253c53)
0x00007ffe4f253b53:   a1 b6 30 00 48 89 51 08 48 89 01 8b 44 24 28 89
0x00007ffe4f253b63:   41 20 8b 44 24 30 89 41 24 48 8b c1 4c 89 41 10
0x00007ffe4f253b73:   4c 89 49 18 c3 cc cc cc cc cc cc cc cc 48 89 5c
0x00007ffe4f253b83:   24 08 8b 41 5c 48 8d 1d 71 c4 63 ff 41 89 40 08
0x00007ffe4f253b93:   4c 8b d1 8b 41 60 45 33 db 41 89 40 0c 4c 8b ca
0x00007ffe4f253ba3:   8b 41 64 41 89 40 10 8b 41 68 41 89 40 14 8b 41
0x00007ffe4f253bb3:   6c 41 89 40 18 8b 41 70 41 89 40 1c 48 63 41 74
0x00007ffe4f253bc3:   48 6b c8 34 8b 84 19 84 5f ee 00 41 89 40 20 8b
0x00007ffe4f253bd3:   84 19 88 5f ee 00 41 89 40 24 8b 84 19 8c 5f ee
0x00007ffe4f253be3:   00 41 89 40 28 8b 84 19 90 5f ee 00 41 89 40 2c
0x00007ffe4f253bf3:   8b 84 19 74 5f ee 00 41 89 40 30 8b 84 19 78 5f
0x00007ffe4f253c03:   ee 00 41 89 40 34 8b 84 19 7c 5f ee 00 41 89 40
0x00007ffe4f253c13:   38 8b 84 19 80 5f ee 00 41 89 40 3c 8b 84 19 64
0x00007ffe4f253c23:   5f ee 00 41 89 40 40 8b 84 19 68 5f ee 00 41 89
0x00007ffe4f253c33:   40 44 8b 84 19 6c 5f ee 00 41 89 40 48 8b 84 19
0x00007ffe4f253c43:   70 5f ee 00 41 89 40 4c 49 63 42 78 48 6b c8 34
0x00007ffe4f253c53:   8b 84 19 84 5f ee 00 41 89 40 50 8b 84 19 88 5f
0x00007ffe4f253c63:   ee 00 41 89 40 54 8b 84 19 8c 5f ee 00 41 89 40
0x00007ffe4f253c73:   58 8b 84 19 90 5f ee 00 41 89 40 5c 8b 84 19 74
0x00007ffe4f253c83:   5f ee 00 41 89 40 60 8b 84 19 78 5f ee 00 41 89
0x00007ffe4f253c93:   40 64 8b 84 19 7c 5f ee 00 41 89 40 68 8b 84 19
0x00007ffe4f253ca3:   80 5f ee 00 41 89 40 6c 8b 84 19 64 5f ee 00 41
0x00007ffe4f253cb3:   89 40 70 8b 84 19 68 5f ee 00 41 89 40 74 8b 84
0x00007ffe4f253cc3:   19 6c 5f ee 00 41 89 40 78 8b 84 19 70 5f ee 00
0x00007ffe4f253cd3:   41 89 40 7c 48 8b 42 18 8b 88 38 0b 00 00 f6 c1
0x00007ffe4f253ce3:   08 0f 84 86 00 00 00 8b 80 3c 0b 00 00 41 89 80
0x00007ffe4f253cf3:   80 00 00 00 48 8b 42 18 8b 88 40 0b 00 00 41 89
0x00007ffe4f253d03:   88 84 00 00 00 48 8b 42 18 8b 88 44 0b 00 00 41
0x00007ffe4f253d13:   89 88 88 00 00 00 48 8b 42 18 8b 88 48 0b 00 00
0x00007ffe4f253d23:   41 89 88 8c 00 00 00 48 8b 42 18 8b 88 4c 0b 00
0x00007ffe4f253d33:   00 41 89 88 90 00 00 00 48 8b 42 18 8b 88 50 0b
0x00007ffe4f253d43:   00 00 41 89 88 94 00 00 00 48 8b 42 18 8b 88 54 


Stack slot to memory mapping:
stack at sp + 0 slots: 0x00007ffe4f25138b ig9icd64.dll
stack at sp + 1 slots: 0x0000000000000001 is an unknown value
stack at sp + 2 slots: 0x0 is NULL
stack at sp + 3 slots: 0x0000024cb33be100 points into unknown readable memory: 0x00000000ffffffff | ff ff ff ff 00 00 00 00
stack at sp + 4 slots: 0x00007ffec7a82572 igdgmm64.dll
stack at sp + 5 slots: 0x0000007700000065 is an unknown value
stack at sp + 6 slots: 0x00000077ca5fec50 is pointing into the stack for thread: 0x0000024ca90e7c60
stack at sp + 7 slots: 0x0 is NULL


---------------  P R O C E S S  ---------------

Threads class SMR info:
_java_thread_list=0x0000024cb03cff20, length=27, elements={
0x0000024ca4934950, 0x0000024ca49357d0, 0x0000024ca4956b50, 0x0000024ca4958720,
0x0000024ca49591e0, 0x0000024ca4959ba0, 0x0000024ca4992010, 0x0000024ca4995e20,
0x0000024ca49a3380, 0x0000024ca4a93720, 0x0000024ca90c2090, 0x0000024ca9171020,
0x0000024ca90e7c60, 0x0000024caf93f5a0, 0x0000024caff5d2b0, 0x0000024caffec300,
0x0000024cafd240c0, 0x0000024cb0089040, 0x0000024cb008a480, 0x0000024cb008b8c0,
0x0000024cb008bdd0, 0x0000024cb008a990, 0x0000024cb0088620, 0x0000024cb008aea0,
0x0000024cb0089f70, 0x0000024cb01f1560, 0x0000024cb01ec970
}

Java Threads: ( => current thread )
  0x0000024ca4934950 JavaThread "Reference Handler" daemon [_thread_blocked, id=26956, stack(0x00000077c9800000,0x00000077c9900000)]
  0x0000024ca49357d0 JavaThread "Finalizer" daemon [_thread_blocked, id=19412, stack(0x00000077c9900000,0x00000077c9a00000)]
  0x0000024ca4956b50 JavaThread "Signal Dispatcher" daemon [_thread_blocked, id=18100, stack(0x00000077c9a00000,0x00000077c9b00000)]
  0x0000024ca4958720 JavaThread "Attach Listener" daemon [_thread_blocked, id=16360, stack(0x00000077c9b00000,0x00000077c9c00000)]
  0x0000024ca49591e0 JavaThread "Service Thread" daemon [_thread_blocked, id=25340, stack(0x00000077c9c00000,0x00000077c9d00000)]
  0x0000024ca4959ba0 JavaThread "Monitor Deflation Thread" daemon [_thread_blocked, id=32028, stack(0x00000077c9d00000,0x00000077c9e00000)]
  0x0000024ca4992010 JavaThread "C2 CompilerThread0" daemon [_thread_blocked, id=25808, stack(0x00000077c9e00000,0x00000077c9f00000)]
  0x0000024ca4995e20 JavaThread "C1 CompilerThread0" daemon [_thread_blocked, id=2736, stack(0x00000077c9f00000,0x00000077ca000000)]
  0x0000024ca49a3380 JavaThread "Sweeper thread" daemon [_thread_blocked, id=20580, stack(0x00000077ca000000,0x00000077ca100000)]
  0x0000024ca4a93720 JavaThread "Common-Cleaner" daemon [_thread_blocked, id=30352, stack(0x00000077ca100000,0x00000077ca200000)]
  0x0000024ca90c2090 JavaThread "Monitor Ctrl-Break" daemon [_thread_in_native, id=17628, stack(0x00000077ca200000,0x00000077ca300000)]
  0x0000024ca9171020 JavaThread "Notification Thread" daemon [_thread_blocked, id=2300, stack(0x00000077ca300000,0x00000077ca400000)]
=>0x0000024ca90e7c60 JavaThread "Java2D Queue Flusher" daemon [_thread_in_native, id=29448, stack(0x00000077ca500000,0x00000077ca600000)]
  0x0000024caf93f5a0 JavaThread "Java2D Disposer" daemon [_thread_blocked, id=16832, stack(0x00000077caa00000,0x00000077cab00000)]
  0x0000024caff5d2b0 JavaThread "AWT-Windows" daemon [_thread_in_native, id=19108, stack(0x00000077cad00000,0x00000077cae00000)]
  0x0000024caffec300 JavaThread "Java Sound Event Dispatcher" daemon [_thread_blocked, id=31052, stack(0x00000077cb900000,0x00000077cba00000)]
  0x0000024cafd240c0 JavaThread "Direct Clip" daemon [_thread_blocked, id=29760, stack(0x00000077cbc00000,0x00000077cbd00000)]
  0x0000024cb0089040 JavaThread "Direct Clip" daemon [_thread_blocked, id=29528, stack(0x00000077cbd00000,0x00000077cbe00000)]
  0x0000024cb008a480 JavaThread "Direct Clip" daemon [_thread_blocked, id=22868, stack(0x00000077cbe00000,0x00000077cbf00000)]
  0x0000024cb008b8c0 JavaThread "Direct Clip" daemon [_thread_blocked, id=19860, stack(0x00000077cab00000,0x00000077cac00000)]
  0x0000024cb008bdd0 JavaThread "Direct Clip" daemon [_thread_blocked, id=26644, stack(0x00000077cbf00000,0x00000077cc000000)]
  0x0000024cb008a990 JavaThread "AWT-Shutdown" [_thread_blocked, id=19256, stack(0x00000077cac00000,0x00000077cad00000)]
  0x0000024cb0088620 JavaThread "AWT-EventQueue-0" [_thread_blocked, id=11296, stack(0x00000077cc500000,0x00000077cc600000)]
  0x0000024cb008aea0 JavaThread "DestroyJavaVM" [_thread_blocked, id=22064, stack(0x00000077c9100000,0x00000077c9200000)]
  0x0000024cb0089f70 JavaThread "Thread-0" [_thread_blocked, id=31624, stack(0x00000077cc900000,0x00000077cca00000)]
  0x0000024cb01f1560 JavaThread "Test" [_thread_in_vm, id=3164, stack(0x00000077cca00000,0x00000077ccb00000)]
  0x0000024cb01ec970 JavaThread "ToolkitShutdown" daemon [_thread_in_native, id=20452, stack(0x00000077ccd00000,0x00000077cce00000)]

Other Threads:
  0x0000024ca492fc20 VMThread "VM Thread" [stack: 0x00000077c9700000,0x00000077c9800000] [id=23460]
  0x0000024ca9173d20 WatcherThread [stack: 0x00000077ca400000,0x00000077ca500000] [id=21620]
  0x0000024c81e9abe0 GCTaskThread "GC Thread#0" [stack: 0x00000077c9200000,0x00000077c9300000] [id=20632]
  0x0000024caff08260 GCTaskThread "GC Thread#1" [stack: 0x00000077cae00000,0x00000077caf00000] [id=28084]
  0x0000024caff08520 GCTaskThread "GC Thread#2" [stack: 0x00000077caf00000,0x00000077cb000000] [id=5484]
  0x0000024cafe859a0 GCTaskThread "GC Thread#3" [stack: 0x00000077cb000000,0x00000077cb100000] [id=376]
  0x0000024cafe85c60 GCTaskThread "GC Thread#4" [stack: 0x00000077cb100000,0x00000077cb200000] [id=21676]
  0x0000024cafe863a0 GCTaskThread "GC Thread#5" [stack: 0x00000077cb200000,0x00000077cb300000] [id=7812]
  0x0000024caff5a020 GCTaskThread "GC Thread#6" [stack: 0x00000077cb300000,0x00000077cb400000] [id=7112]
  0x0000024cafe820c0 GCTaskThread "GC Thread#7" [stack: 0x00000077cb400000,0x00000077cb500000] [id=704]
  0x0000024cafe82380 GCTaskThread "GC Thread#8" [stack: 0x00000077cb500000,0x00000077cb600000] [id=23448]
  0x0000024cafe83260 GCTaskThread "GC Thread#9" [stack: 0x00000077cb600000,0x00000077cb700000] [id=19588]
  0x0000024c81e9d2b0 ConcurrentGCThread "G1 Main Marker" [stack: 0x00000077c9300000,0x00000077c9400000] [id=5072]
  0x0000024c81e9dcd0 ConcurrentGCThread "G1 Conc#0" [stack: 0x00000077c9400000,0x00000077c9500000] [id=2312]
  0x0000024c9d0ab790 ConcurrentGCThread "G1 Refine#0" [stack: 0x00000077c9500000,0x00000077c9600000] [id=20628]
  0x0000024cb00b0670 ConcurrentGCThread "G1 Refine#1" [stack: 0x00000077cc000000,0x00000077cc100000] [id=22968]
  0x0000024caffad690 ConcurrentGCThread "G1 Refine#2" [stack: 0x00000077cc100000,0x00000077cc200000] [id=30516]
  0x0000024caffae3d0 ConcurrentGCThread "G1 Refine#3" [stack: 0x00000077cc200000,0x00000077cc300000] [id=24280]
  0x0000024caffae6c0 ConcurrentGCThread "G1 Refine#4" [stack: 0x00000077cc300000,0x00000077cc400000] [id=6092]
  0x0000024caffae9b0 ConcurrentGCThread "G1 Refine#5" [stack: 0x00000077cc400000,0x00000077cc500000] [id=15672]
  0x0000024c9d0ac1c0 ConcurrentGCThread "G1 Service" [stack: 0x00000077c9600000,0x00000077c9700000] [id=11720]

Threads with active compile tasks:

VM state: not at safepoint (normal execution)

VM Mutex/Monitor currently owned by a thread: None

CDS archive(s) not mapped
Compressed class space mapped at: 0x0000000080000000-0x00000000c0000000, reserved size: 1073741824
Narrow klass base: 0x0000000000000000, Narrow klass shift: 0, Narrow klass range: 0xc0000000

GC Precious Log:
 CPUs: 12 total, 12 available
 Memory: 16254M
 Large Page Support: Disabled
 NUMA Support: Disabled
 Compressed Oops: Disabled
 Heap Region Size: 32M
 Heap Min Capacity: 32M
 Heap Initial Capacity: 256M
 Heap Max Capacity: 4096G
 Pre-touch: Disabled
 Parallel Workers: 10
 Concurrent Workers: 3
 Concurrent Refinement Workers: 10
 Periodic GC: Disabled

Heap:
 garbage-first heap   total 524288K, used 184357K [0x0000024d00000000, 0x0000064d00000000)
  region size 32768K, 2 young (65536K), 1 survivors (32768K)
 Metaspace       used 21093K, committed 21376K, reserved 1114112K
  class space    used 2154K, committed 2304K, reserved 1048576K

Heap Regions: E=young(eden), S=young(survivor), O=old, HS=humongous(starts), HC=humongous(continues), CS=collection set, F=free, OA=open archive, CA=closed archive, TAMS=top-at-mark-start (previous, next)
|   0|0x0000024d00000000, 0x0000024d02000000, 0x0000024d02000000|100%|HS|  |TAMS 0x0000024d00000000, 0x0000024d00000000| Complete 
|   1|0x0000024d02000000, 0x0000024d04000000, 0x0000024d04000000|100%| O|  |TAMS 0x0000024d02000000, 0x0000024d02000000| Untracked 
|   2|0x0000024d04000000, 0x0000024d06000000, 0x0000024d06000000|100%| O|  |TAMS 0x0000024d04000000, 0x0000024d04000000| Untracked 
|   3|0x0000024d06000000, 0x0000024d08000000, 0x0000024d08000000|100%| O|  |TAMS 0x0000024d06000000, 0x0000024d06000000| Untracked 
|   4|0x0000024d08000000, 0x0000024d09442a00, 0x0000024d0a000000| 63%| O|  |TAMS 0x0000024d08000000, 0x0000024d08000000| Untracked 
|   5|0x0000024d0a000000, 0x0000024d0a000000, 0x0000024d0c000000|  0%| F|  |TAMS 0x0000024d0a000000, 0x0000024d0a000000| Untracked 
|   6|0x0000024d0c000000, 0x0000024d0c000000, 0x0000024d0e000000|  0%| F|  |TAMS 0x0000024d0c000000, 0x0000024d0c000000| Untracked 
|   7|0x0000024d0e000000, 0x0000024d0e000000, 0x0000024d10000000|  0%| F|  |TAMS 0x0000024d0e000000, 0x0000024d0e000000| Untracked 
|   8|0x0000024d10000000, 0x0000024d10000000, 0x0000024d12000000|  0%| F|  |TAMS 0x0000024d10000000, 0x0000024d10000000| Untracked 
|   9|0x0000024d12000000, 0x0000024d12000000, 0x0000024d14000000|  0%| F|  |TAMS 0x0000024d12000000, 0x0000024d12000000| Untracked 
|  10|0x0000024d14000000, 0x0000024d14000000, 0x0000024d16000000|  0%| F|  |TAMS 0x0000024d14000000, 0x0000024d14000000| Untracked 
|  11|0x0000024d16000000, 0x0000024d16000000, 0x0000024d18000000|  0%| F|  |TAMS 0x0000024d16000000, 0x0000024d16000000| Untracked 
|  12|0x0000024d18000000, 0x0000024d18000000, 0x0000024d1a000000|  0%| F|  |TAMS 0x0000024d18000000, 0x0000024d18000000| Untracked 
|  13|0x0000024d1a000000, 0x0000024d1a000000, 0x0000024d1c000000|  0%| F|  |TAMS 0x0000024d1a000000, 0x0000024d1a000000| Untracked 
|  14|0x0000024d1c000000, 0x0000024d1dfc6a00, 0x0000024d1e000000| 99%| S|CS|TAMS 0x0000024d1c000000, 0x0000024d1c000000| Complete 
|  15|0x0000024d1e000000, 0x0000024d1f453bb8, 0x0000024d20000000| 63%| E|  |TAMS 0x0000024d1e000000, 0x0000024d1e000000| Complete 

Card table byte_map: [0x0000064f00000000,0x0000065100000000] _byte_map_base: 0x0000064dd9800000

Marking Bits (Prev, Next): (CMBitMap*) 0x0000024c81e9c210, (CMBitMap*) 0x0000024c81e9c250
 Prev Bits: [0x0000065300000000, 0x0000066300000000)
 Next Bits: [0x0000066300000000, 0x0000067300000000)

Polling page: 0x0000024c815a0000

Metaspace:

Usage:
  Non-class:     18.49 MB used.
      Class:      2.10 MB used.
       Both:     20.60 MB used.

Virtual space:
  Non-class space:       64.00 MB reserved,      18.62 MB ( 29%) committed,  1 nodes.
      Class space:        1.00 GB reserved,       2.25 MB ( <1%) committed,  1 nodes.
             Both:        1.06 GB reserved,      20.88 MB (  2%) committed. 

Chunk freelists:
   Non-Class:  12.97 MB
       Class:  13.75 MB
        Both:  26.72 MB

MaxMetaspaceSize: unlimited
CompressedClassSpaceSize: 1.00 GB
Initial GC threshold: 21.00 MB
Current GC threshold: 21.00 MB
CDS: off
MetaspaceReclaimPolicy: balanced
 - commit_granule_bytes: 65536.
 - commit_granule_words: 8192.
 - virtual_space_node_default_size: 8388608.
 - enlarge_chunks_in_place: 1.
 - new_chunks_are_fully_committed: 0.
 - uncommit_free_chunks: 1.
 - use_allocation_guard: 0.
 - handle_deallocations: 1.


Internal statistics:

num_allocs_failed_limit: 0.
num_arena_births: 238.
num_arena_deaths: 0.
num_vsnodes_births: 2.
num_vsnodes_deaths: 0.
num_space_committed: 334.
num_space_uncommitted: 0.
num_chunks_returned_to_freelist: 0.
num_chunks_taken_from_freelist: 342.
num_chunk_merges: 0.
num_chunk_splits: 200.
num_chunks_enlarged: 114.
num_inconsistent_stats: 0.

CodeHeap 'non-profiled nmethods': size=120000Kb used=795Kb max_used=795Kb free=119204Kb
 bounds [0x0000024c8d460000, 0x0000024c8d6d0000, 0x0000024c94990000]
CodeHeap 'profiled nmethods': size=120000Kb used=3720Kb max_used=3720Kb free=116279Kb
 bounds [0x0000024c85990000, 0x0000024c85d40000, 0x0000024c8cec0000]
CodeHeap 'non-nmethods': size=5760Kb used=1305Kb max_used=1339Kb free=4454Kb
 bounds [0x0000024c8cec0000, 0x0000024c8d130000, 0x0000024c8d460000]
 total_blobs=2744 nmethods=2100 adapters=557
 compilation: enabled
              stopped_count=0, restarted_count=0
 full_count=0

Compilation events (20 events):
Event: 6.403 Thread 0x0000024ca4995e20 2091       1       net.sendback.util.resources.Sprites::getTexture (5 bytes)
Event: 6.403 Thread 0x0000024ca4995e20 nmethod 2091 0x0000024c8d526010 code [0x0000024c8d5261a0, 0x0000024c8d526278]
Event: 6.403 Thread 0x0000024ca4995e20 2092       1       sun.awt.windows.WObjectPeer::getData (5 bytes)
Event: 6.403 Thread 0x0000024ca4995e20 nmethod 2092 0x0000024c8d526310 code [0x0000024c8d5264a0, 0x0000024c8d526578]
Event: 6.436 Thread 0x0000024ca4995e20 2093       3       sun.java2d.pipe.BufferedPaints::setPaint (125 bytes)
Event: 6.437 Thread 0x0000024ca4995e20 nmethod 2093 0x0000024c85d2d610 code [0x0000024c85d2d900, 0x0000024c85d2e7f8]
Event: 6.437 Thread 0x0000024ca4995e20 2094       3       sun.java2d.pipe.BufferedContext::setComposite (124 bytes)
Event: 6.437 Thread 0x0000024ca4995e20 nmethod 2094 0x0000024c85d2ed10 code [0x0000024c85d2f060, 0x0000024c85d30368]
Event: 6.453 Thread 0x0000024ca4995e20 2095       3       java.awt.Component::getFont (5 bytes)
Event: 6.453 Thread 0x0000024ca4995e20 nmethod 2095 0x0000024c85d30b10 code [0x0000024c85d30ce0, 0x0000024c85d31028]
Event: 6.641 Thread 0x0000024ca4995e20 2096       3       java.awt.geom.AffineTransform::getScaleInstance (19 bytes)
Event: 6.641 Thread 0x0000024ca4995e20 nmethod 2096 0x0000024c85d31190 code [0x0000024c85d31340, 0x0000024c85d31538]
Event: 6.641 Thread 0x0000024ca4995e20 2097       3       java.awt.geom.AffineTransform::setToScale (66 bytes)
Event: 6.641 Thread 0x0000024ca4995e20 nmethod 2097 0x0000024c85d31610 code [0x0000024c85d317e0, 0x0000024c85d31a58]
Event: 6.692 Thread 0x0000024ca4995e20 2098       3       java.util.Collection::stream (11 bytes)
Event: 6.692 Thread 0x0000024ca4995e20 nmethod 2098 0x0000024c85d31b10 code [0x0000024c85d31cc0, 0x0000024c85d31eb8]
Event: 6.844 Thread 0x0000024ca4995e20 2099       3       java.awt.Color::getAlpha (12 bytes)
Event: 6.844 Thread 0x0000024ca4995e20 nmethod 2099 0x0000024c85d31f90 code [0x0000024c85d32120, 0x0000024c85d322b8]
Event: 6.861 Thread 0x0000024ca4992010 2100       4       sun.java2d.SunGraphics2D::invalidatePipe (41 bytes)
Event: 6.865 Thread 0x0000024ca4992010 nmethod 2100 0x0000024c8d526610 code [0x0000024c8d526780, 0x0000024c8d526d18]

GC Heap History (12 events):
Event: 1.194 GC heap before
{Heap before GC invocations=0 (full 0):
 garbage-first heap   total 262144K, used 0K [0x0000024d00000000, 0x0000064d00000000)
  region size 32768K, 1 young (32768K), 0 survivors (0K)
 Metaspace       used 16488K, committed 16704K, reserved 1114112K
  class space    used 1552K, committed 1664K, reserved 1048576K
}
Event: 1.210 GC heap after
{Heap after GC invocations=1 (full 0):
 garbage-first heap   total 262144K, used 6132K [0x0000024d00000000, 0x0000064d00000000)
  region size 32768K, 1 young (32768K), 1 survivors (32768K)
 Metaspace       used 16488K, committed 16704K, reserved 1114112K
  class space    used 1552K, committed 1664K, reserved 1048576K
}
Event: 1.434 GC heap before
{Heap before GC invocations=1 (full 0):
 garbage-first heap   total 262144K, used 6132K [0x0000024d00000000, 0x0000064d00000000)
  region size 32768K, 2 young (65536K), 1 survivors (32768K)
 Metaspace       used 16847K, committed 17024K, reserved 1114112K
  class space    used 1602K, committed 1664K, reserved 1048576K
}
Event: 1.441 GC heap after
{Heap after GC invocations=2 (full 0):
 garbage-first heap   total 262144K, used 15644K [0x0000024d00000000, 0x0000064d00000000)
  region size 32768K, 1 young (32768K), 1 survivors (32768K)
 Metaspace       used 16847K, committed 17024K, reserved 1114112K
  class space    used 1602K, committed 1664K, reserved 1048576K
}
Event: 1.510 GC heap before
{Heap before GC invocations=2 (full 0):
 garbage-first heap   total 262144K, used 48412K [0x0000024d00000000, 0x0000064d00000000)
  region size 32768K, 2 young (65536K), 1 survivors (32768K)
 Metaspace       used 16865K, committed 17024K, reserved 1114112K
  class space    used 1604K, committed 1664K, reserved 1048576K
}
Event: 1.521 GC heap after
{Heap after GC invocations=3 (full 0):
 garbage-first heap   total 262144K, used 66997K [0x0000024d00000000, 0x0000064d00000000)
  region size 32768K, 1 young (32768K), 1 survivors (32768K)
 Metaspace       used 16865K, committed 17024K, reserved 1114112K
  class space    used 1604K, committed 1664K, reserved 1048576K
}
Event: 1.583 GC heap before
{Heap before GC invocations=3 (full 0):
 garbage-first heap   total 262144K, used 99765K [0x0000024d00000000, 0x0000064d00000000)
  region size 32768K, 2 young (65536K), 1 survivors (32768K)
 Metaspace       used 16941K, committed 17152K, reserved 1114112K
  class space    used 1615K, committed 1728K, reserved 1048576K
}
Event: 1.600 GC heap after
{Heap after GC invocations=4 (full 0):
 garbage-first heap   total 262144K, used 107770K [0x0000024d00000000, 0x0000064d00000000)
  region size 32768K, 1 young (32768K), 1 survivors (32768K)
 Metaspace       used 16941K, committed 17152K, reserved 1114112K
  class space    used 1615K, committed 1728K, reserved 1048576K
}
Event: 1.979 GC heap before
{Heap before GC invocations=4 (full 0):
 garbage-first heap   total 262144K, used 107770K [0x0000024d00000000, 0x0000064d00000000)
  region size 32768K, 2 young (65536K), 1 survivors (32768K)
 Metaspace       used 16959K, committed 17216K, reserved 1114112K
  class space    used 1617K, committed 1728K, reserved 1048576K
}
Event: 1.999 GC heap after
{Heap after GC invocations=5 (full 0):
 garbage-first heap   total 524288K, used 151814K [0x0000024d00000000, 0x0000064d00000000)
  region size 32768K, 1 young (32768K), 1 survivors (32768K)
 Metaspace       used 16959K, committed 17216K, reserved 1114112K
  class space    used 1617K, committed 1728K, reserved 1048576K
}
Event: 2.396 GC heap before
{Heap before GC invocations=5 (full 0):
 garbage-first heap   total 524288K, used 184582K [0x0000024d00000000, 0x0000064d00000000)
  region size 32768K, 2 young (65536K), 1 survivors (32768K)
 Metaspace       used 18352K, committed 18624K, reserved 1114112K
  class space    used 1790K, committed 1920K, reserved 1048576K
}
Event: 2.418 GC heap after
{Heap after GC invocations=6 (full 0):
 garbage-first heap   total 524288K, used 184357K [0x0000024d00000000, 0x0000064d00000000)
  region size 32768K, 1 young (32768K), 1 survivors (32768K)
 Metaspace       used 18352K, committed 18624K, reserved 1114112K
  class space    used 1790K, committed 1920K, reserved 1048576K
}

Dll operation events (3 events):
Event: 0.007 Loaded shared library C:\Users\bader\.jdks\jbrsdk_jcef-17.0.9\bin\java.dll
Event: 0.103 Loaded shared library C:\Users\bader\.jdks\jbrsdk_jcef-17.0.9\bin\jsvml.dll
Event: 0.207 Loaded shared library C:\Users\bader\.jdks\jbrsdk_jcef-17.0.9\bin\zip.dll

Deoptimization events (20 events):
Event: 1.816 Thread 0x0000024c81ddd210 DEOPT PACKING pc=0x0000024c8d4d6b4c sp=0x00000077c91ff340
Event: 1.816 Thread 0x0000024c81ddd210 DEOPT UNPACKING pc=0x0000024c8cf169a3 sp=0x00000077c91ff310 mode 2
Event: 1.897 Thread 0x0000024c81ddd210 DEOPT PACKING pc=0x0000024c85c15205 sp=0x00000077c91ff2c0
Event: 1.897 Thread 0x0000024c81ddd210 DEOPT UNPACKING pc=0x0000024c8cf17143 sp=0x00000077c91fe800 mode 0
Event: 2.514 Thread 0x0000024cb0088620 Uncommon trap: trap_request=0xffffff45 fr.pc=0x0000024c8d469a9c relative=0x000000000000019c
Event: 2.514 Thread 0x0000024cb0088620 Uncommon trap: reason=unstable_if action=reinterpret pc=0x0000024c8d469a9c method=java.lang.String.isLatin1()Z @ 10 c2
Event: 2.514 Thread 0x0000024cb0088620 DEOPT PACKING pc=0x0000024c8d469a9c sp=0x00000077cc5fd320
Event: 2.514 Thread 0x0000024cb0088620 DEOPT UNPACKING pc=0x0000024c8cf169a3 sp=0x00000077cc5fd250 mode 2
Event: 3.732 Thread 0x0000024cb0088620 Uncommon trap: trap_request=0xffffff45 fr.pc=0x0000024c8d4f6200 relative=0x00000000000000e0
Event: 3.732 Thread 0x0000024cb0088620 Uncommon trap: reason=unstable_if action=reinterpret pc=0x0000024c8d4f6200 method=java.awt.Component.inside(II)Z @ 13 c2
Event: 3.732 Thread 0x0000024cb0088620 DEOPT PACKING pc=0x0000024c8d4f6200 sp=0x00000077cc5fe990
Event: 3.732 Thread 0x0000024cb0088620 DEOPT UNPACKING pc=0x0000024c8cf169a3 sp=0x00000077cc5fe830 mode 2
Event: 3.955 Thread 0x0000024cb0088620 Uncommon trap: trap_request=0xffffff45 fr.pc=0x0000024c8d4d2efc relative=0x000000000000013c
Event: 3.955 Thread 0x0000024cb0088620 Uncommon trap: reason=unstable_if action=reinterpret pc=0x0000024c8d4d2efc method=java.lang.StrictMath.floorOrCeil(DDDD)D @ 24 c2
Event: 3.955 Thread 0x0000024cb0088620 DEOPT PACKING pc=0x0000024c8d4d2efc sp=0x00000077cc5fd780
Event: 3.955 Thread 0x0000024cb0088620 DEOPT UNPACKING pc=0x0000024c8cf169a3 sp=0x00000077cc5fd6e8 mode 2
Event: 4.021 Thread 0x0000024cb01f1560 DEOPT PACKING pc=0x0000024c85cb3b88 sp=0x00000077ccaff560
Event: 4.021 Thread 0x0000024cb01f1560 DEOPT UNPACKING pc=0x0000024c8cf17143 sp=0x00000077ccafea80 mode 0
Event: 4.327 Thread 0x0000024cb0089f70 DEOPT PACKING pc=0x0000024c85cf57c5 sp=0x00000077cc9ff370
Event: 4.327 Thread 0x0000024cb0089f70 DEOPT UNPACKING pc=0x0000024c8cf17143 sp=0x00000077cc9fe880 mode 0

Classes unloaded (0 events):
No events

Classes redefined (0 events):
No events

Internal exceptions (20 events):
Event: 1.126 Thread 0x0000024c81ddd210 Exception <a 'java/lang/NoSuchMethodError'{0x0000024d0f874538}: 'int java.lang.invoke.DirectMethodHandle$Holder.invokeStaticInit(java.lang.Object, java.lang.Object, java.lang.Object)'> (0x0000024d0f874538) 
thrown [s\src\hotspot\share\interpreter\linkResolver.cpp, line 771]
Event: 1.126 Thread 0x0000024c81ddd210 Exception <a 'java/lang/NoSuchMethodError'{0x0000024d0f878cd8}: 'int java.lang.invoke.DirectMethodHandle$Holder.invokeStaticInit(java.lang.Object, int, int)'> (0x0000024d0f878cd8) 
thrown [s\src\hotspot\share\interpreter\linkResolver.cpp, line 771]
Event: 1.127 Thread 0x0000024c81ddd210 Exception <a 'java/lang/NoSuchMethodError'{0x0000024d0f882800}: 'int java.lang.invoke.DirectMethodHandle$Holder.invokeStaticInit(java.lang.Object, long, long)'> (0x0000024d0f882800) 
thrown [s\src\hotspot\share\interpreter\linkResolver.cpp, line 771]
Event: 1.127 Thread 0x0000024c81ddd210 Exception <a 'java/lang/NoSuchMethodError'{0x0000024d0f88b4e8}: 'int java.lang.invoke.DirectMethodHandle$Holder.invokeStaticInit(java.lang.Object, float, float)'> (0x0000024d0f88b4e8) 
thrown [s\src\hotspot\share\interpreter\linkResolver.cpp, line 771]
Event: 1.128 Thread 0x0000024c81ddd210 Exception <a 'java/lang/NoSuchMethodError'{0x0000024d0f8941d8}: 'int java.lang.invoke.DirectMethodHandle$Holder.invokeStaticInit(java.lang.Object, double, double)'> (0x0000024d0f8941d8) 
thrown [s\src\hotspot\share\interpreter\linkResolver.cpp, line 771]
Event: 1.128 Thread 0x0000024c81ddd210 Exception <a 'java/lang/NoSuchMethodError'{0x0000024d0f899ca8}: 'int java.lang.invoke.DirectMethodHandle$Holder.invokeStatic(java.lang.Object, long)'> (0x0000024d0f899ca8) 
thrown [s\src\hotspot\share\interpreter\linkResolver.cpp, line 771]
Event: 1.132 Thread 0x0000024c81ddd210 Exception <a 'java/lang/NoSuchMethodError'{0x0000024d0f8c8798}: 'int java.lang.invoke.Invokers$Holder.linkToTargetMethod(java.lang.Object, java.lang.Object)'> (0x0000024d0f8c8798) 
thrown [s\src\hotspot\share\interpreter\linkResolver.cpp, line 771]
Event: 2.353 Thread 0x0000024c81ddd210 Exception <a 'java/lang/NoSuchMethodError'{0x0000024d1fe5b6c8}: 'void java.lang.invoke.DirectMethodHandle$Holder.invokeStaticInit(java.lang.Object)'> (0x0000024d1fe5b6c8) 
thrown [s\src\hotspot\share\interpreter\linkResolver.cpp, line 771]
Event: 2.387 Thread 0x0000024cb0088620 Exception <a 'java/lang/NoSuchMethodError'{0x0000024d1ff9aca8}: 'void java.lang.invoke.DirectMethodHandle$Holder.invokeSpecial(java.lang.Object, java.lang.Object, java.lang.Object)'> (0x0000024d1ff9aca8) 
thrown [s\src\hotspot\share\interpreter\linkResolver.cpp, line 771]
Event: 2.394 Thread 0x0000024cb0088620 Exception <a 'java/lang/NoSuchMethodError'{0x0000024d1ffd3630}: 'java.lang.Object java.lang.invoke.DirectMethodHandle$Holder.newInvokeSpecial(java.lang.Object, java.lang.Object, java.lang.Object, java.lang.Object, java.lang.Object)'> (0x0000024d1ffd3630) 
thrown [s\src\hotspot\share\interpreter\linkResolver.cpp, line 771]
Event: 2.395 Thread 0x0000024cb0088620 Exception <a 'java/lang/NoSuchMethodError'{0x0000024d1ffe1ef0}: 'java.lang.Object java.lang.invoke.DirectMethodHandle$Holder.invokeStatic(java.lang.Object, int, java.lang.Object, java.lang.Object, java.lang.Object, java.lang.Object)'> (0x0000024d1ffe1ef0) 
thrown [s\src\hotspot\share\interpreter\linkResolver.cpp, line 771]
Event: 2.446 Thread 0x0000024cb0088620 Exception <a 'java/lang/ClassNotFoundException'{0x0000024d1e123da8}: com/sun/swing/internal/plaf/metal/resources/spi/metalProvider> (0x0000024d1e123da8) 
thrown [s\src\hotspot\share\classfile\systemDictionary.cpp, line 256]
Event: 2.446 Thread 0x0000024cb0088620 Exception <a 'java/lang/ClassNotFoundException'{0x0000024d1e129f40}: com/sun/swing/internal/plaf/basic/resources/spi/basicProvider> (0x0000024d1e129f40) 
thrown [s\src\hotspot\share\classfile\systemDictionary.cpp, line 256]
Event: 2.449 Thread 0x0000024cb0088620 Exception <a 'java/lang/NoSuchMethodError'{0x0000024d1e14e2f8}: 'java.lang.Object java.lang.invoke.Invokers$Holder.linkToTargetMethod(java.lang.Object, int, java.lang.Object, java.lang.Object, java.lang.Object)'> (0x0000024d1e14e2f8) 
thrown [s\src\hotspot\share\interpreter\linkResolver.cpp, line 771]
Event: 2.458 Thread 0x0000024cb0088620 Exception <a 'java/lang/NoSuchMethodError'{0x0000024d1e1760f8}: 'void java.lang.invoke.DirectMethodHandle$Holder.invokeSpecial(java.lang.Object, java.lang.Object, int, int)'> (0x0000024d1e1760f8) 
thrown [s\src\hotspot\share\interpreter\linkResolver.cpp, line 771]
Event: 2.458 Thread 0x0000024cb0088620 Exception <a 'java/lang/NoSuchMethodError'{0x0000024d1e17e250}: 'java.lang.Object java.lang.invoke.DirectMethodHandle$Holder.newInvokeSpecial(java.lang.Object, java.lang.Object, int, int)'> (0x0000024d1e17e250) 
thrown [s\src\hotspot\share\interpreter\linkResolver.cpp, line 771]
Event: 2.459 Thread 0x0000024cb0088620 Exception <a 'java/lang/NoSuchMethodError'{0x0000024d1e194008}: 'java.lang.Object java.lang.invoke.DirectMethodHandle$Holder.newInvokeSpecial(java.lang.Object, java.lang.Object, int, int, int, int)'> (0x0000024d1e194008) 
thrown [s\src\hotspot\share\interpreter\linkResolver.cpp, line 771]
Event: 2.471 Thread 0x0000024caff5d2b0 Exception <a 'java/lang/NoSuchMethodError'{0x0000024d1e1db690}: 'void java.lang.invoke.DirectMethodHandle$Holder.invokeVirtual(java.lang.Object, java.lang.Object)'> (0x0000024d1e1db690) 
thrown [s\src\hotspot\share\interpreter\linkResolver.cpp, line 771]
Event: 2.511 Thread 0x0000024cb0088620 Exception <a 'java/lang/NoSuchMethodError'{0x0000024d1e2cfd30}: 'java.lang.Object java.lang.invoke.Invokers$Holder.invoke_MT(java.lang.Object, java.lang.Object, java.lang.Object)'> (0x0000024d1e2cfd30) 
thrown [s\src\hotspot\share\interpreter\linkResolver.cpp, line 771]
Event: 2.512 Thread 0x0000024cb0088620 Exception <a 'java/lang/NoSuchMethodError'{0x0000024d1e2de240}: 'int java.lang.invoke.Invokers$Holder.invoke_MT(java.lang.Object, java.lang.Object, java.lang.Object)'> (0x0000024d1e2de240) 
thrown [s\src\hotspot\share\interpreter\linkResolver.cpp, line 771]

VM Operations (20 events):
Event: 1.583 Executing VM operation: G1CollectForAllocation
Event: 1.600 Executing VM operation: G1CollectForAllocation done
Event: 1.978 Executing VM operation: G1CollectForAllocation
Event: 1.999 Executing VM operation: G1CollectForAllocation done
Event: 2.396 Executing VM operation: G1CollectForAllocation
Event: 2.419 Executing VM operation: G1CollectForAllocation done
Event: 2.505 Executing VM operation: HandshakeAllThreads
Event: 2.505 Executing VM operation: HandshakeAllThreads done
Event: 2.505 Executing VM operation: HandshakeAllThreads
Event: 2.505 Executing VM operation: HandshakeAllThreads done
Event: 2.570 Executing VM operation: HandshakeAllThreads
Event: 2.570 Executing VM operation: HandshakeAllThreads done
Event: 3.583 Executing VM operation: Cleanup
Event: 3.584 Executing VM operation: Cleanup done
Event: 3.931 Executing VM operation: HandshakeAllThreads
Event: 3.931 Executing VM operation: HandshakeAllThreads done
Event: 4.943 Executing VM operation: Cleanup
Event: 4.943 Executing VM operation: Cleanup done
Event: 5.949 Executing VM operation: Cleanup
Event: 5.950 Executing VM operation: Cleanup done

Events (20 events):
Event: 4.229 loading class sun/java2d/pipe/SpanIterator
Event: 4.229 loading class sun/java2d/pipe/SpanIterator done
Event: 4.229 loading class sun/java2d/pipe/RegionSpanIterator done
Event: 4.381 Thread 0x0000024cb01f8030 Thread added: 0x0000024cb01f8030
Event: 4.533 Thread 0x0000024cb01f8030 Thread exited: 0x0000024cb01f8030
Event: 4.713 Thread 0x0000024cb0419560 Thread added: 0x0000024cb0419560
Event: 4.804 loading class java/awt/image/BufferedImageOp
Event: 4.804 loading class java/awt/image/BufferedImageOp done
Event: 4.923 Thread 0x0000024cb0419560 Thread exited: 0x0000024cb0419560
Event: 6.837 Thread 0x0000024cb01eddb0 Thread added: 0x0000024cb01eddb0
Event: 6.838 Thread 0x0000024cb01ec970 Thread added: 0x0000024cb01ec970
Event: 6.838 Thread 0x0000024cb01ece80 Thread added: 0x0000024cb01ece80
Event: 6.838 loading class sun/font/SunFontManager$8$1
Event: 6.838 loading class sun/font/SunFontManager$8$1 done
Event: 6.838 loading class java/util/WeakHashMap$KeyIterator
Event: 6.838 loading class java/util/WeakHashMap$HashIterator
Event: 6.839 loading class java/util/WeakHashMap$HashIterator done
Event: 6.839 loading class java/util/WeakHashMap$KeyIterator done
Event: 6.839 Thread 0x0000024cb01ece80 Thread exited: 0x0000024cb01ece80
Event: 6.841 Thread 0x0000024cb01eddb0 Thread exited: 0x0000024cb01eddb0


Dynamic libraries:
0x00007ff61f330000 - 0x00007ff61f33a000 	C:\Users\bader\.jdks\jbrsdk_jcef-17.0.9\bin\java.exe
0x00007ffed6e90000 - 0x00007ffed7088000 	C:\Windows\SYSTEM32\ntdll.dll
0x00007ffed4f20000 - 0x00007ffed4fe2000 	C:\Windows\System32\KERNEL32.DLL
0x00007ffed4960000 - 0x00007ffed4c5e000 	C:\Windows\System32\KERNELBASE.dll
0x00007ffed4db0000 - 0x00007ffed4eb0000 	C:\Windows\System32\ucrtbase.dll
0x00007ffec22a0000 - 0x00007ffec22b7000 	C:\Users\bader\.jdks\jbrsdk_jcef-17.0.9\bin\jli.dll
0x00007ffed6bd0000 - 0x00007ffed6d6d000 	C:\Windows\System32\USER32.dll
0x00007ffed4650000 - 0x00007ffed4672000 	C:\Windows\System32\win32u.dll
0x00007ffed61a0000 - 0x00007ffed61cb000 	C:\Windows\System32\GDI32.dll
0x00007ffec2250000 - 0x00007ffec226b000 	C:\Users\bader\.jdks\jbrsdk_jcef-17.0.9\bin\VCRUNTIME140.dll
0x00007ffed4530000 - 0x00007ffed4647000 	C:\Windows\System32\gdi32full.dll
0x00007ffeba210000 - 0x00007ffeba4aa000 	C:\Windows\WinSxS\amd64_microsoft.windows.common-controls_6595b64144ccf1df_6.0.19041.4355_none_60b8b9eb71f62e16\COMCTL32.dll
0x00007ffed4d10000 - 0x00007ffed4dad000 	C:\Windows\System32\msvcp_win.dll
0x00007ffed67d0000 - 0x00007ffed686e000 	C:\Windows\System32\msvcrt.dll
0x00007ffed6100000 - 0x00007ffed612f000 	C:\Windows\System32\IMM32.DLL
0x00007ffecf590000 - 0x00007ffecf59c000 	C:\Users\bader\.jdks\jbrsdk_jcef-17.0.9\bin\vcruntime140_1.dll
0x00007ffeabc70000 - 0x00007ffeabcfd000 	C:\Users\bader\.jdks\jbrsdk_jcef-17.0.9\bin\msvcp140.dll
0x00007ffe85630000 - 0x00007ffe862b2000 	C:\Users\bader\.jdks\jbrsdk_jcef-17.0.9\bin\server\jvm.dll
0x00007ffed6d90000 - 0x00007ffed6e41000 	C:\Windows\System32\ADVAPI32.dll
0x00007ffed5e40000 - 0x00007ffed5edf000 	C:\Windows\System32\sechost.dll
0x00007ffed62a0000 - 0x00007ffed63c3000 	C:\Windows\System32\RPCRT4.dll
0x00007ffed4760000 - 0x00007ffed4787000 	C:\Windows\System32\bcrypt.dll
0x00007ffebb4b0000 - 0x00007ffebb4b9000 	C:\Windows\SYSTEM32\WSOCK32.dll
0x00007ffed3a60000 - 0x00007ffed3aab000 	C:\Windows\SYSTEM32\POWRPROF.dll
0x00007ffed6090000 - 0x00007ffed60fb000 	C:\Windows\System32\WS2_32.dll
0x00007ffeb9a40000 - 0x00007ffeb9a67000 	C:\Windows\SYSTEM32\WINMM.dll
0x00007ffecd650000 - 0x00007ffecd65a000 	C:\Windows\SYSTEM32\VERSION.dll
0x00007ffed3930000 - 0x00007ffed3942000 	C:\Windows\SYSTEM32\UMPDC.dll
0x00007ffed23b0000 - 0x00007ffed23c2000 	C:\Windows\SYSTEM32\kernel.appcore.dll
0x00007ffec2220000 - 0x00007ffec222a000 	C:\Users\bader\.jdks\jbrsdk_jcef-17.0.9\bin\jimage.dll
0x00007ffed1cc0000 - 0x00007ffed1ea4000 	C:\Windows\SYSTEM32\DBGHELP.DLL
0x00007ffec4470000 - 0x00007ffec44a4000 	C:\Windows\SYSTEM32\dbgcore.DLL
0x00007ffed46d0000 - 0x00007ffed4752000 	C:\Windows\System32\bcryptPrimitives.dll
0x00007ffecbf50000 - 0x00007ffecbf5e000 	C:\Users\bader\.jdks\jbrsdk_jcef-17.0.9\bin\instrument.dll
0x00007ffeac4c0000 - 0x00007ffeac4e5000 	C:\Users\bader\.jdks\jbrsdk_jcef-17.0.9\bin\java.dll
0x00007ffec2020000 - 0x00007ffec2038000 	C:\Users\bader\.jdks\jbrsdk_jcef-17.0.9\bin\zip.dll
0x00007ffeabb10000 - 0x00007ffeabbe7000 	C:\Users\bader\.jdks\jbrsdk_jcef-17.0.9\bin\jsvml.dll
0x00007ffed4ff0000 - 0x00007ffed575d000 	C:\Windows\System32\SHELL32.dll
0x00007ffed25b0000 - 0x00007ffed2d54000 	C:\Windows\SYSTEM32\windows.storage.dll
0x00007ffed6870000 - 0x00007ffed6bc3000 	C:\Windows\System32\combase.dll
0x00007ffed3f60000 - 0x00007ffed3f8e000 	C:\Windows\SYSTEM32\Wldp.dll
0x00007ffed61d0000 - 0x00007ffed629d000 	C:\Windows\System32\OLEAUT32.dll
0x00007ffed65c0000 - 0x00007ffed666d000 	C:\Windows\System32\SHCORE.dll
0x00007ffed6560000 - 0x00007ffed65b5000 	C:\Windows\System32\shlwapi.dll
0x00007ffed4460000 - 0x00007ffed4484000 	C:\Windows\SYSTEM32\profapi.dll
0x00007ffec1fb0000 - 0x00007ffec1fc9000 	C:\Users\bader\.jdks\jbrsdk_jcef-17.0.9\bin\net.dll
0x00007ffeccc80000 - 0x00007ffeccd8d000 	C:\Windows\SYSTEM32\WINHTTP.dll
0x00007ffed3cc0000 - 0x00007ffed3d2a000 	C:\Windows\system32\mswsock.dll
0x00007ffeb12e0000 - 0x00007ffeb12f6000 	C:\Users\bader\.jdks\jbrsdk_jcef-17.0.9\bin\nio.dll
0x00007ffebdf00000 - 0x00007ffebdf1a000 	C:\Program Files\JetBrains\IntelliJ IDEA Community Edition 2023.3.6\bin\breakgen64.dll
0x00007ffe828a0000 - 0x00007ffe82a3a000 	C:\Users\bader\.jdks\jbrsdk_jcef-17.0.9\bin\awt.dll
0x00007ffebdcc0000 - 0x00007ffebdd04000 	C:\Users\bader\.jdks\jbrsdk_jcef-17.0.9\bin\nvdaControllerClient64.dll
0x00007ffed20b0000 - 0x00007ffed20df000 	C:\Windows\SYSTEM32\dwmapi.dll
0x00007ffecf1c0000 - 0x00007ffecf254000 	C:\Windows\SYSTEM32\apphelp.dll
0x00007ffeb81e0000 - 0x00007ffeb8308000 	C:\Windows\system32\opengl32.dll
0x00007ffeb7c60000 - 0x00007ffeb7c8c000 	C:\Windows\SYSTEM32\GLU32.dll
0x00007ffed1090000 - 0x00007ffed112e000 	C:\Windows\system32\uxtheme.dll
0x00007ffed5bd0000 - 0x00007ffed5ce5000 	C:\Windows\System32\MSCTF.dll
0x00007ffed5cf0000 - 0x00007ffed5d99000 	C:\Windows\System32\clbcatq.dll
0x00007ffe4e890000 - 0x00007ffe4f85a000 	C:\Windows\System32\DriverStore\FileRepository\iigd_dch.inf_amd64_5d54dd32fa1ef4d4\ig9icd64.dll
0x00007ffed6430000 - 0x00007ffed655b000 	C:\Windows\System32\ole32.dll
0x00007ffed2dc0000 - 0x00007ffed2eb6000 	C:\Windows\system32\dxgi.dll
0x00007ffec7a80000 - 0x00007ffec7cbf000 	C:\Windows\System32\DriverStore\FileRepository\iigd_dch.inf_amd64_5d54dd32fa1ef4d4\igdgmm64.dll
0x00007ffec4eb0000 - 0x00007ffec7a79000 	C:\Windows\System32\DriverStore\FileRepository\iigd_dch.inf_amd64_5d54dd32fa1ef4d4\igc64.dll
0x00007ffe6af50000 - 0x00007ffe6b35c000 	C:\Windows\System32\DriverStore\FileRepository\iigd_dch.inf_amd64_5d54dd32fa1ef4d4\igdml64.dll
0x00007ffed3ec0000 - 0x00007ffed3ed8000 	C:\Windows\SYSTEM32\CRYPTSP.dll
0x00007ffed3570000 - 0x00007ffed35a4000 	C:\Windows\system32\rsaenh.dll
0x00007ffed4420000 - 0x00007ffed444e000 	C:\Windows\SYSTEM32\USERENV.dll
0x00007ffed3eb0000 - 0x00007ffed3ebc000 	C:\Windows\SYSTEM32\CRYPTBASE.dll
0x00007ffed3950000 - 0x00007ffed398b000 	C:\Windows\SYSTEM32\IPHLPAPI.DLL
0x00007ffed5e30000 - 0x00007ffed5e38000 	C:\Windows\System32\NSI.dll
0x00007ffecc960000 - 0x00007ffecc977000 	C:\Windows\SYSTEM32\dhcpcsvc6.DLL
0x00007ffeccbf0000 - 0x00007ffeccc0d000 	C:\Windows\SYSTEM32\dhcpcsvc.DLL
0x00007ffed3990000 - 0x00007ffed3a5a000 	C:\Windows\SYSTEM32\DNSAPI.dll
0x00007ffeaba00000 - 0x00007ffeaba87000 	C:\Users\bader\.jdks\jbrsdk_jcef-17.0.9\bin\freetype.dll
0x00007ffe864a0000 - 0x00007ffe86577000 	C:\Users\bader\.jdks\jbrsdk_jcef-17.0.9\bin\fontmanager.dll
0x00007ffebdee0000 - 0x00007ffebdef2000 	C:\Users\bader\.jdks\jbrsdk_jcef-17.0.9\bin\jsound.dll
0x00007ffeb9bf0000 - 0x00007ffeb9c8c000 	C:\Windows\SYSTEM32\DSOUND.dll
0x00007ffec02f0000 - 0x00007ffec0316000 	C:\Windows\SYSTEM32\winmmbase.dll
0x00007ffecce00000 - 0x00007ffecce85000 	C:\Windows\System32\MMDevApi.dll
0x00007ffed42c0000 - 0x00007ffed42f3000 	C:\Windows\System32\DEVOBJ.dll
0x00007ffed4680000 - 0x00007ffed46ce000 	C:\Windows\System32\cfgmgr32.dll
0x00007ffeb5080000 - 0x00007ffeb50c6000 	C:\Windows\SYSTEM32\wdmaud.drv
0x00007ffecf4e0000 - 0x00007ffecf4e9000 	C:\Windows\SYSTEM32\ksuser.dll
0x00007ffeced00000 - 0x00007ffeced0a000 	C:\Windows\SYSTEM32\AVRT.dll
0x00007ffecce90000 - 0x00007ffecd011000 	C:\Windows\SYSTEM32\AUDIOSES.DLL
0x00007ffeb5070000 - 0x00007ffeb507d000 	C:\Windows\SYSTEM32\msacm32.drv
0x00007ffeb5050000 - 0x00007ffeb506e000 	C:\Windows\SYSTEM32\MSACM32.dll
0x00007ffeb5040000 - 0x00007ffeb504b000 	C:\Windows\SYSTEM32\midimap.dll
0x00007ffed1fb0000 - 0x00007ffed1fc4000 	C:\Windows\SYSTEM32\resourcepolicyclient.dll
0x00007ffeb1a60000 - 0x00007ffeb1c05000 	C:\Windows\WinSxS\amd64_microsoft.windows.gdiplus_6595b64144ccf1df_1.1.19041.4597_none_91a78020cc854124\gdiplus.dll
0x00007ffebfdd0000 - 0x00007ffebfec9000 	C:\Windows\SYSTEM32\textinputframework.dll
0x00007ffece6e0000 - 0x00007ffecea3b000 	C:\Windows\System32\CoreUIComponents.dll
0x00007ffecea50000 - 0x00007ffeceb42000 	C:\Windows\System32\CoreMessaging.dll
0x00007ffed37c0000 - 0x00007ffed37f3000 	C:\Windows\SYSTEM32\ntmarta.dll
0x00007ffed12c0000 - 0x00007ffed1417000 	C:\Windows\SYSTEM32\wintypes.dll
0x00007ffeb7e70000 - 0x00007ffeb8165000 	C:\Windows\System32\uiautomationcore.dll
0x00007ffed1880000 - 0x00007ffed1976000 	C:\Windows\System32\PROPSYS.dll
0x00007ffeb8170000 - 0x00007ffeb81d6000 	C:\Windows\System32\OLEACC.dll
0x00007ffebfed0000 - 0x00007ffec000f000 	C:\Windows\System32\Windows.UI.dll
0x00007ffebfc70000 - 0x00007ffebfdc2000 	C:\Windows\System32\InputHost.dll
0x00007ffecbdf0000 - 0x00007ffecbe91000 	C:\Windows\System32\WindowManagementAPI.dll
0x00007ffecb4a0000 - 0x00007ffecb6a3000 	C:\Windows\SYSTEM32\twinapi.appcore.dll

dbghelp: loaded successfully - version: 4.0.5 - missing functions: none
symbol engine: initialized successfully - sym options: 0x614 - pdb path: .;C:\Users\bader\.jdks\jbrsdk_jcef-17.0.9\bin;C:\Windows\SYSTEM32;C:\Windows\WinSxS\amd64_microsoft.windows.common-controls_6595b64144ccf1df_6.0.19041.4355_none_60b8b9eb71f62e16;C:\Users\bader\.jdks\jbrsdk_jcef-17.0.9\bin\server;C:\Program Files\JetBrains\IntelliJ IDEA Community Edition 2023.3.6\bin;C:\Windows\System32\DriverStore\FileRepository\iigd_dch.inf_amd64_5d54dd32fa1ef4d4;C:\Windows\WinSxS\amd64_microsoft.windows.gdiplus_6595b64144ccf1df_1.1.19041.4597_none_91a78020cc854124

VM Arguments:
jvm_args: -Xmx3072g -Xmx4096g -Dsun.java2d.opengl=true -XX:ErrorFile=logs/hs_err_pid%p.log -javaagent:C:\Program Files\JetBrains\IntelliJ IDEA Community Edition 2023.3.6\lib\idea_rt.jar=62385:C:\Program Files\JetBrains\IntelliJ IDEA Community Edition 2023.3.6\bin -Dfile.encoding=UTF-8 
java_command: net.sendback.Main
java_class_path (initial): C:\Users\bader\OneDrive\Bureau\Idea\GTS_PRojekt\target\classes
Launcher Type: SUN_STANDARD

[Global flags]
     intx CICompilerCount                          = 4                                         {product} {ergonomic}
     uint ConcGCThreads                            = 3                                         {product} {ergonomic}
    ccstr ErrorFile                                = logs/hs_err_pid%p.log                     {product} {command line}
     uint G1ConcRefinementThreads                  = 10                                        {product} {ergonomic}
   size_t G1HeapRegionSize                         = 33554432                                  {product} {ergonomic}
    uintx GCDrainStackTargetSize                   = 64                                        {product} {ergonomic}
   size_t InitialHeapSize                          = 268435456                                 {product} {ergonomic}
   size_t MarkStackSize                            = 4194304                                   {product} {ergonomic}
   size_t MaxHeapSize                              = 4398046511104                             {product} {command line}
   size_t MaxNewSize                               = 2638821195776                             {product} {ergonomic}
   size_t MinHeapDeltaBytes                        = 33554432                                  {product} {ergonomic}
   size_t MinHeapSize                              = 33554432                                  {product} {ergonomic}
    uintx NonNMethodCodeHeapSize                   = 5839372                                {pd product} {ergonomic}
    uintx NonProfiledCodeHeapSize                  = 122909434                              {pd product} {ergonomic}
    uintx ProfiledCodeHeapSize                     = 122909434                              {pd product} {ergonomic}
    uintx ReservedCodeCacheSize                    = 251658240                              {pd product} {ergonomic}
     bool SegmentedCodeCache                       = true                                      {product} {ergonomic}
   size_t SoftMaxHeapSize                          = 4398046511104                          {manageable} {ergonomic}
     bool UseCompressedClassPointers               = true                           {product lp64_product} {ergonomic}
     bool UseG1GC                                  = true                                      {product} {ergonomic}
     bool UseLargePagesIndividualAllocation        = false                                  {pd product} {ergonomic}

Logging:
Log output configuration:
 #0: stdout all=warning uptime,level,tags
 #1: stderr all=off uptime,level,tags

Environment Variables:
PATH=C:\Program Files\Common Files\Oracle\Java\javapath;C:\Windows\system32;C:\Windows;C:\Windows\System32\Wbem;C:\Windows\System32\WindowsPowerShell\v1.0\;C:\Windows\System32\OpenSSH\;C:\Program Files (x86)\NVIDIA Corporation\PhysX\Common;C:\Program Files\dotnet\;C:\Users\bader\AppData\Local\Microsoft\WindowsApps;C:\Users\bader\AppData\Local\GitHubDesktop\bin
USERNAME=bader
OS=Windows_NT
PROCESSOR_IDENTIFIER=Intel64 Family 6 Model 158 Stepping 10, GenuineIntel
TMP=C:\Users\bader\AppData\Local\Temp
TEMP=C:\Users\bader\AppData\Local\Temp



Periodic native trim disabled

JNI global refs:
JNI global refs: 140, weak refs: 139

JNI global refs memory usage: 2107, weak refs: 2105

OOME stack traces (most recent first):
Classloader memory used:
Loader bootstrap                                                                       : 2612K
Loader jdk.internal.loader.ClassLoaders$AppClassLoader                                 : 23643B
Loader jdk.internal.loader.ClassLoaders$PlatformClassLoader                            : 764B


---------------  S Y S T E M  ---------------

OS:
 Windows 10 , 64 bit Build 19041 (10.0.19041.5072)
OS uptime: 7 days 5:14 hours

CPU: total 12 (initial active 12) (6 cores per cpu, 2 threads per core) family 6 model 158 stepping 10 microcode 0xf0, cx8, cmov, fxsr, ht, mmx, 3dnowpref, sse, sse2, sse3, ssse3, sse4.1, sse4.2, popcnt, lzcnt, tsc, tscinvbit, avx, avx2, aes, erms, clmul, bmi1, bmi2, adx, fma, vzeroupper, clflush, clflushopt
Processor Information for all 12 processors :
  Max Mhz: 2592, Current Mhz: 2592, Mhz Limit: 2592

Memory: 4k page, system-wide physical 16254M (3939M free)
TotalPageFile size 18942M (AvailPageFile size 3327M)
current process WorkingSet (physical memory assigned to process): 599M, peak: 622M
current process commit charge ("private bytes"): 904M, peak: 921M

vm_info: OpenJDK 64-Bit Server VM (17.0.9+8-b1166.2) for windows-amd64 JRE (17.0.9+8-b1166.2), built on 2024-01-13 by "builduser" with MS VC++ 16.10 / 16.11 (VS2019)

END.
