#
# A fatal error has been detected by the Java Runtime Environment:
#
#  EXCEPTION_ACCESS_VIOLATION (0xc0000005) at pc=0x00007ffe45df3c53, pid=40728, tid=36640
#
# JRE version: OpenJDK Runtime Environment JBR-17.0.9+8-1166.2-jcef (17.0.9+8) (build 17.0.9+8-b1166.2)
# Java VM: OpenJDK 64-Bit Server VM JBR-17.0.9+8-1166.2-jcef (17.0.9+8-b1166.2, mixed mode, tiered, compressed class ptrs, g1 gc, windows-amd64)
# Problematic frame:
# C  [ig9icd64.dll+0x9c3c53]
#
# No core dump will be written. Minidumps are not enabled by default on client versions of Windows
#
# If you would like to submit a bug report, please visit:
#   https://youtrack.jetbrains.com/issues/JBR
# The crash happened outside the Java Virtual Machine in native code.
# See problematic frame for where to report the bug.
#

---------------  S U M M A R Y ------------

Command Line: -Xmx3072g -Xmx4096g -Dsun.java2d.opengl=true -XX:ErrorFile=logs/hs_err_pid%p.log -javaagent:C:\Program Files\JetBrains\IntelliJ IDEA Community Edition 2023.3.6\lib\idea_rt.jar=53920:C:\Program Files\JetBrains\IntelliJ IDEA Community Edition 2023.3.6\bin -Dfile.encoding=UTF-8 net.sendback.Main

Host: Intel(R) Core(TM) i7-9750H CPU @ 2.60GHz, 12 cores, 15G,  Windows 10 , 64 bit Build 19041 (10.0.19041.5072)
Time: Fri Nov  8 19:39:51 2024 Mitteleuropäische Zeit elapsed time: 16.925463 seconds (0d 0h 0m 16s)

---------------  T H R E A D  ---------------

Current thread (0x00000617cd376ce0):  JavaThread "Java2D Queue Flusher" daemon [_thread_in_native, id=36640, stack(0x000000e006c00000,0x000000e006d00000)]

Stack: [0x000000e006c00000,0x000000e006d00000],  sp=0x000000e006cfea18,  free space=1018k
Native frames: (J=compiled Java code, j=interpreted, Vv=VM code, C=native code)
C  [ig9icd64.dll+0x9c3c53]

Java frames: (J=compiled Java code, j=interpreted, Vv=VM code)
j  sun.java2d.opengl.OGLRenderQueue.flushBuffer(JI)V+0 java.desktop
j  sun.java2d.opengl.OGLRenderQueue.flushBuffer()V+21 java.desktop
j  sun.java2d.opengl.OGLRenderQueue$QueueFlusher.run()V+81 java.desktop
j  java.lang.Thread.run()V+11 java.base@17.0.9
v  ~StubRoutines::call_stub

siginfo: EXCEPTION_ACCESS_VIOLATION (0xc0000005), reading address 0xffffffffffffffff


Registers:
RAX=0x000000000fff0fff, RBX=0x00007ffe45430000, RCX=0x000000033fcf3fcc, RDX=0x000000e006cfef30
RSP=0x000000e006cfea18, RBP=0x000000e006cfeb20, RSI=0x00000617d35c3b00, RDI=0x000000e006cfed20
R8 =0x000000e006cfeb50, R9 =0x000000e006cfef30, R10=0x000000e006cfed20, R11=0x0000000000000000
R12=0x00007ffe4625a420, R13=0x0000000000000000, R14=0x0000000000000000, R15=0x00000000000001c1
RIP=0x00007ffe45df3c53, EFLAGS=0x0000000000010206


Register to memory mapping:

RIP=0x00007ffe45df3c53 ig9icd64.dll
RAX=0x000000000fff0fff is an unknown value
RBX=0x00007ffe45430000 ig9icd64.dll
RCX=0x000000033fcf3fcc is an unknown value
RDX=0x000000e006cfef30 is pointing into the stack for thread: 0x00000617cd376ce0
RSP=0x000000e006cfea18 is pointing into the stack for thread: 0x00000617cd376ce0
RBP=0x000000e006cfeb20 is pointing into the stack for thread: 0x00000617cd376ce0
RSI=0x00000617d35c3b00 points into unknown readable memory: 0x00000617cd3a41c0 | c0 41 3a cd 17 06 00 00
RDI=0x000000e006cfed20 is pointing into the stack for thread: 0x00000617cd376ce0
R8 =0x000000e006cfeb50 is pointing into the stack for thread: 0x00000617cd376ce0
R9 =0x000000e006cfef30 is pointing into the stack for thread: 0x00000617cd376ce0
R10=0x000000e006cfed20 is pointing into the stack for thread: 0x00000617cd376ce0
R11=0x0 is NULL
R12=0x00007ffe4625a420 ig9icd64.dll
R13=0x0 is NULL
R14=0x0 is NULL
R15=0x00000000000001c1 is an unknown value


Top of Stack: (sp=0x000000e006cfea18)
0x000000e006cfea18:   00007ffe45df138b 0000000000000001
0x000000e006cfea28:   0000000000000000 00000617d693c000
0x000000e006cfea38:   00007ffec7a82572 000000e000000065
0x000000e006cfea48:   000000e006cfec50 0000000000000000
0x000000e006cfea58:   00000617d42433b0 0000000000000000
0x000000e006cfea68:   00000617d3e7f9a0 00000617d693c090
0x000000e006cfea78:   0000000000000fb0 0000000000000000
0x000000e006cfea88:   0000000000000000 000000e006cfec00
0x000000e006cfea98:   00007ffe45a89070 0000000000000000
0x000000e006cfeaa8:   0000000000000000 0000000000000000
0x000000e006cfeab8:   0000000000000000 000097d0ebbf5e50
0x000000e006cfeac8:   00007ffe454464e5 00000617d693c090
0x000000e006cfead8:   0000000000004001 0000000000000200
0x000000e006cfeae8:   00007ffed6ebb86b 00000000000b000e
0x000000e006cfeaf8:   0000000000000086 00000617d3d84a60
0x000000e006cfeb08:   0000000000000000 0000000000000000
0x000000e006cfeb18:   00007ffe45df1c62 0000000000000000
0x000000e006cfeb28:   000001f1a3c49540 000000e006cfee20
0x000000e006cfeb38:   000001f1a3c40000 000001f1a3c402b4
0x000000e006cfeb48:   00000617d42433b0 00007ffe460ff020
0x000000e006cfeb58:   0000000e00000000 0000001a00000018
0x000000e006cfeb68:   00000fff00000000 437f0000437f0000
0x000000e006cfeb78:   437f0000437f0000 0000ff0000ff0000
0x000000e006cfeb88:   ff000000000000ff 0000000800000010
0x000000e006cfeb98:   0000001800000000 0000000000000000
0x000000e006cfeba8:   0000000000000000 0000000000000000
0x000000e006cfebb8:   0000000000000000 0000000000000000
0x000000e006cfebc8:   0000000000000000 0000000000000000
0x000000e006cfebd8:   0000000000000000 0000000000000000
0x000000e006cfebe8:   0000000000000000 0000000000000000
0x000000e006cfebf8:   0000000000000000 0000000000000000
0x000000e006cfec08:   0000000000000000 0000000000000000 

Instructions: (pc=0x00007ffe45df3c53)
0x00007ffe45df3b53:   a1 b6 30 00 48 89 51 08 48 89 01 8b 44 24 28 89
0x00007ffe45df3b63:   41 20 8b 44 24 30 89 41 24 48 8b c1 4c 89 41 10
0x00007ffe45df3b73:   4c 89 49 18 c3 cc cc cc cc cc cc cc cc 48 89 5c
0x00007ffe45df3b83:   24 08 8b 41 5c 48 8d 1d 71 c4 63 ff 41 89 40 08
0x00007ffe45df3b93:   4c 8b d1 8b 41 60 45 33 db 41 89 40 0c 4c 8b ca
0x00007ffe45df3ba3:   8b 41 64 41 89 40 10 8b 41 68 41 89 40 14 8b 41
0x00007ffe45df3bb3:   6c 41 89 40 18 8b 41 70 41 89 40 1c 48 63 41 74
0x00007ffe45df3bc3:   48 6b c8 34 8b 84 19 84 5f ee 00 41 89 40 20 8b
0x00007ffe45df3bd3:   84 19 88 5f ee 00 41 89 40 24 8b 84 19 8c 5f ee
0x00007ffe45df3be3:   00 41 89 40 28 8b 84 19 90 5f ee 00 41 89 40 2c
0x00007ffe45df3bf3:   8b 84 19 74 5f ee 00 41 89 40 30 8b 84 19 78 5f
0x00007ffe45df3c03:   ee 00 41 89 40 34 8b 84 19 7c 5f ee 00 41 89 40
0x00007ffe45df3c13:   38 8b 84 19 80 5f ee 00 41 89 40 3c 8b 84 19 64
0x00007ffe45df3c23:   5f ee 00 41 89 40 40 8b 84 19 68 5f ee 00 41 89
0x00007ffe45df3c33:   40 44 8b 84 19 6c 5f ee 00 41 89 40 48 8b 84 19
0x00007ffe45df3c43:   70 5f ee 00 41 89 40 4c 49 63 42 78 48 6b c8 34
0x00007ffe45df3c53:   8b 84 19 84 5f ee 00 41 89 40 50 8b 84 19 88 5f
0x00007ffe45df3c63:   ee 00 41 89 40 54 8b 84 19 8c 5f ee 00 41 89 40
0x00007ffe45df3c73:   58 8b 84 19 90 5f ee 00 41 89 40 5c 8b 84 19 74
0x00007ffe45df3c83:   5f ee 00 41 89 40 60 8b 84 19 78 5f ee 00 41 89
0x00007ffe45df3c93:   40 64 8b 84 19 7c 5f ee 00 41 89 40 68 8b 84 19
0x00007ffe45df3ca3:   80 5f ee 00 41 89 40 6c 8b 84 19 64 5f ee 00 41
0x00007ffe45df3cb3:   89 40 70 8b 84 19 68 5f ee 00 41 89 40 74 8b 84
0x00007ffe45df3cc3:   19 6c 5f ee 00 41 89 40 78 8b 84 19 70 5f ee 00
0x00007ffe45df3cd3:   41 89 40 7c 48 8b 42 18 8b 88 38 0b 00 00 f6 c1
0x00007ffe45df3ce3:   08 0f 84 86 00 00 00 8b 80 3c 0b 00 00 41 89 80
0x00007ffe45df3cf3:   80 00 00 00 48 8b 42 18 8b 88 40 0b 00 00 41 89
0x00007ffe45df3d03:   88 84 00 00 00 48 8b 42 18 8b 88 44 0b 00 00 41
0x00007ffe45df3d13:   89 88 88 00 00 00 48 8b 42 18 8b 88 48 0b 00 00
0x00007ffe45df3d23:   41 89 88 8c 00 00 00 48 8b 42 18 8b 88 4c 0b 00
0x00007ffe45df3d33:   00 41 89 88 90 00 00 00 48 8b 42 18 8b 88 50 0b
0x00007ffe45df3d43:   00 00 41 89 88 94 00 00 00 48 8b 42 18 8b 88 54 


Stack slot to memory mapping:
stack at sp + 0 slots: 0x00007ffe45df138b ig9icd64.dll
stack at sp + 1 slots: 0x0000000000000001 is an unknown value
stack at sp + 2 slots: 0x0 is NULL
stack at sp + 3 slots: 0x00000617d693c000 points into unknown readable memory: 0x0000000000000000 | 00 00 00 00 00 00 00 00
stack at sp + 4 slots: 0x00007ffec7a82572 igdgmm64.dll
stack at sp + 5 slots: 0x000000e000000065 is an unknown value
stack at sp + 6 slots: 0x000000e006cfec50 is pointing into the stack for thread: 0x00000617cd376ce0
stack at sp + 7 slots: 0x0 is NULL


---------------  P R O C E S S  ---------------

Threads class SMR info:
_java_thread_list=0x00000617d3713a80, length=44, elements={
0x00000617c897e2d0, 0x00000617c897f150, 0x00000617c89dd4f0, 0x00000617c89de0b0,
0x00000617c89e0a80, 0x00000617c89e1440, 0x00000617c89e56e0, 0x00000617c89f01b0,
0x00000617c89f0bb0, 0x00000617c8ad63d0, 0x00000617cd0cd3c0, 0x00000617cd115260,
0x00000617cd376ce0, 0x00000617d3901de0, 0x00000617d3b77e80, 0x00000617d3b1a9d0,
0x00000617d3b1c8a0, 0x00000617d3c789f0, 0x00000617d3c79410, 0x00000617d3c78f00,
0x00000617d3c79920, 0x00000617d3c79e30, 0x00000617d3c7a340, 0x00000617d3c77ac0,
0x00000617d3c77fd0, 0x00000617d3c784e0, 0x00000617d3c7b270, 0x00000617d3c7ad60,
0x00000617d3c7a850, 0x00000617d3fafdf0, 0x00000617d3fb0810, 0x00000617d3fadf90,
0x00000617d3fb3090, 0x00000617d3fb35a0, 0x00000617d3fb1230, 0x00000617d3faeec0,
0x00000617d3fae4a0, 0x00000617d3fb2160, 0x00000617d3fb3ab0, 0x00000617d3fad570,
0x00000617d3faf8e0, 0x00000617d3fb2670, 0x00000617d3fb0d20, 0x00000617d3fb0300
}

Java Threads: ( => current thread )
  0x00000617c897e2d0 JavaThread "Reference Handler" daemon [_thread_blocked, id=22436, stack(0x000000e005f00000,0x000000e006000000)]
  0x00000617c897f150 JavaThread "Finalizer" daemon [_thread_blocked, id=21112, stack(0x000000e006000000,0x000000e006100000)]
  0x00000617c89dd4f0 JavaThread "Signal Dispatcher" daemon [_thread_blocked, id=9596, stack(0x000000e006100000,0x000000e006200000)]
  0x00000617c89de0b0 JavaThread "Attach Listener" daemon [_thread_blocked, id=20744, stack(0x000000e006200000,0x000000e006300000)]
  0x00000617c89e0a80 JavaThread "Service Thread" daemon [_thread_blocked, id=26940, stack(0x000000e006300000,0x000000e006400000)]
  0x00000617c89e1440 JavaThread "Monitor Deflation Thread" daemon [_thread_blocked, id=30512, stack(0x000000e006400000,0x000000e006500000)]
  0x00000617c89e56e0 JavaThread "C2 CompilerThread0" daemon [_thread_blocked, id=37004, stack(0x000000e006500000,0x000000e006600000)]
  0x00000617c89f01b0 JavaThread "C1 CompilerThread0" daemon [_thread_blocked, id=39984, stack(0x000000e006600000,0x000000e006700000)]
  0x00000617c89f0bb0 JavaThread "Sweeper thread" daemon [_thread_blocked, id=21220, stack(0x000000e006700000,0x000000e006800000)]
  0x00000617c8ad63d0 JavaThread "Common-Cleaner" daemon [_thread_blocked, id=40624, stack(0x000000e006800000,0x000000e006900000)]
  0x00000617cd0cd3c0 JavaThread "Monitor Ctrl-Break" daemon [_thread_in_native, id=10964, stack(0x000000e006900000,0x000000e006a00000)]
  0x00000617cd115260 JavaThread "Notification Thread" daemon [_thread_blocked, id=36672, stack(0x000000e006a00000,0x000000e006b00000)]
=>0x00000617cd376ce0 JavaThread "Java2D Queue Flusher" daemon [_thread_in_native, id=36640, stack(0x000000e006c00000,0x000000e006d00000)]
  0x00000617d3901de0 JavaThread "Java2D Disposer" daemon [_thread_blocked, id=34164, stack(0x000000e007100000,0x000000e007200000)]
  0x00000617d3b77e80 JavaThread "AWT-Windows" daemon [_thread_in_native, id=23988, stack(0x000000e007400000,0x000000e007500000)]
  0x00000617d3b1a9d0 JavaThread "Java Sound Event Dispatcher" daemon [_thread_blocked, id=3620, stack(0x000000e007f00000,0x000000e008000000)]
  0x00000617d3b1c8a0 JavaThread "Direct Clip" daemon [_thread_blocked, id=36436, stack(0x000000e008200000,0x000000e008300000)]
  0x00000617d3c789f0 JavaThread "Direct Clip" daemon [_thread_blocked, id=22392, stack(0x000000e008300000,0x000000e008400000)]
  0x00000617d3c79410 JavaThread "Direct Clip" daemon [_thread_blocked, id=31000, stack(0x000000e008400000,0x000000e008500000)]
  0x00000617d3c78f00 JavaThread "Direct Clip" daemon [_thread_blocked, id=7032, stack(0x000000e008500000,0x000000e008600000)]
  0x00000617d3c79920 JavaThread "Direct Clip" daemon [_thread_blocked, id=35764, stack(0x000000e008600000,0x000000e008700000)]
  0x00000617d3c79e30 JavaThread "Direct Clip" daemon [_thread_blocked, id=29704, stack(0x000000e008700000,0x000000e008800000)]
  0x00000617d3c7a340 JavaThread "Direct Clip" daemon [_thread_blocked, id=17484, stack(0x000000e008800000,0x000000e008900000)]
  0x00000617d3c77ac0 JavaThread "Direct Clip" daemon [_thread_blocked, id=40160, stack(0x000000e008900000,0x000000e008a00000)]
  0x00000617d3c77fd0 JavaThread "Direct Clip" daemon [_thread_blocked, id=21756, stack(0x000000e008a00000,0x000000e008b00000)]
  0x00000617d3c784e0 JavaThread "Direct Clip" daemon [_thread_blocked, id=36368, stack(0x000000e008b00000,0x000000e008c00000)]
  0x00000617d3c7b270 JavaThread "Direct Clip" daemon [_thread_blocked, id=32940, stack(0x000000e008c00000,0x000000e008d00000)]
  0x00000617d3c7ad60 JavaThread "Direct Clip" daemon [_thread_blocked, id=5728, stack(0x000000e008d00000,0x000000e008e00000)]
  0x00000617d3c7a850 JavaThread "Direct Clip" daemon [_thread_blocked, id=40872, stack(0x000000e008e00000,0x000000e008f00000)]
  0x00000617d3fafdf0 JavaThread "Direct Clip" daemon [_thread_blocked, id=35852, stack(0x000000e008f00000,0x000000e009000000)]
  0x00000617d3fb0810 JavaThread "Direct Clip" daemon [_thread_blocked, id=38740, stack(0x000000e009000000,0x000000e009100000)]
  0x00000617d3fadf90 JavaThread "Direct Clip" daemon [_thread_blocked, id=24780, stack(0x000000e009100000,0x000000e009200000)]
  0x00000617d3fb3090 JavaThread "Direct Clip" daemon [_thread_blocked, id=1572, stack(0x000000e009200000,0x000000e009300000)]
  0x00000617d3fb35a0 JavaThread "Direct Clip" daemon [_thread_blocked, id=37380, stack(0x000000e009300000,0x000000e009400000)]
  0x00000617d3fb1230 JavaThread "Direct Clip" daemon [_thread_blocked, id=22352, stack(0x000000e007300000,0x000000e007400000)]
  0x00000617d3faeec0 JavaThread "Direct Clip" daemon [_thread_blocked, id=36496, stack(0x000000e009400000,0x000000e009500000)]
  0x00000617d3fae4a0 JavaThread "Direct Clip" daemon [_thread_blocked, id=38588, stack(0x000000e009500000,0x000000e009600000)]
  0x00000617d3fb2160 JavaThread "AWT-Shutdown" [_thread_blocked, id=30032, stack(0x000000e009a00000,0x000000e009b00000)]
  0x00000617d3fb3ab0 JavaThread "AWT-EventQueue-0" [_thread_blocked, id=33812, stack(0x000000e009b00000,0x000000e009c00000)]
  0x00000617d3fad570 JavaThread "DestroyJavaVM" [_thread_blocked, id=11808, stack(0x000000e005800000,0x000000e005900000)]
  0x00000617d3faf8e0 JavaThread "TimerQueue" daemon [_thread_blocked, id=34748, stack(0x000000e009f00000,0x000000e00a000000)]
  0x00000617d3fb2670 JavaThread "Thread-0" [_thread_blocked, id=14100, stack(0x000000e00a200000,0x000000e00a300000)]
  0x00000617d3fb0d20 JavaThread "Forest" [_thread_in_vm, id=36340, stack(0x000000e00a300000,0x000000e00a400000)]
  0x00000617d3fb0300 JavaThread "ToolkitShutdown" daemon [_thread_in_native, id=35172, stack(0x000000e00a600000,0x000000e00a700000)]

Other Threads:
  0x00000617c89a5de0 VMThread "VM Thread" [stack: 0x000000e005e00000,0x000000e005f00000] [id=21240]
  0x000001f1a5d4d830 WatcherThread [stack: 0x000000e006b00000,0x000000e006c00000] [id=16116]
  0x000001f1a5e0a410 GCTaskThread "GC Thread#0" [stack: 0x000000e005900000,0x000000e005a00000] [id=37008]
  0x00000617d3d36620 GCTaskThread "GC Thread#1" [stack: 0x000000e007500000,0x000000e007600000] [id=30532]
  0x00000617d396d0d0 GCTaskThread "GC Thread#2" [stack: 0x000000e007600000,0x000000e007700000] [id=6324]
  0x00000617d396d390 GCTaskThread "GC Thread#3" [stack: 0x000000e007700000,0x000000e007800000] [id=39524]
  0x00000617d396d650 GCTaskThread "GC Thread#4" [stack: 0x000000e007800000,0x000000e007900000] [id=28612]
  0x00000617d396e1a0 GCTaskThread "GC Thread#5" [stack: 0x000000e007900000,0x000000e007a00000] [id=25360]
  0x00000617d3f1a6f0 GCTaskThread "GC Thread#6" [stack: 0x000000e007a00000,0x000000e007b00000] [id=35280]
  0x00000617d3f1a430 GCTaskThread "GC Thread#7" [stack: 0x000000e007b00000,0x000000e007c00000] [id=10588]
  0x00000617d3f1a9b0 GCTaskThread "GC Thread#8" [stack: 0x000000e007c00000,0x000000e007d00000] [id=1496]
  0x00000617d3f19930 GCTaskThread "GC Thread#9" [stack: 0x000000e007d00000,0x000000e007e00000] [id=39832]
  0x000001f1a5e0cae0 ConcurrentGCThread "G1 Main Marker" [stack: 0x000000e005a00000,0x000000e005b00000] [id=39324]
  0x000001f1a5e0e510 ConcurrentGCThread "G1 Conc#0" [stack: 0x000000e005b00000,0x000000e005c00000] [id=26608]
  0x00000617d3f19eb0 ConcurrentGCThread "G1 Conc#1" [stack: 0x000000e00a000000,0x000000e00a100000] [id=10380]
  0x00000617d3f1ac70 ConcurrentGCThread "G1 Conc#2" [stack: 0x000000e00a100000,0x000000e00a200000] [id=11856]
  0x000001f1b900b790 ConcurrentGCThread "G1 Refine#0" [stack: 0x000000e005c00000,0x000000e005d00000] [id=18348]
  0x00000617d3c768c0 ConcurrentGCThread "G1 Refine#1" [stack: 0x000000e009600000,0x000000e009700000] [id=5996]
  0x00000617d3f52320 ConcurrentGCThread "G1 Refine#2" [stack: 0x000000e009700000,0x000000e009800000] [id=37884]
  0x00000617d3fcbdb0 ConcurrentGCThread "G1 Refine#3" [stack: 0x000000e009800000,0x000000e009900000] [id=33084]
  0x00000617d3fcc0a0 ConcurrentGCThread "G1 Refine#4" [stack: 0x000000e009900000,0x000000e009a00000] [id=37328]
  0x000001f1b900c1c0 ConcurrentGCThread "G1 Service" [stack: 0x000000e005d00000,0x000000e005e00000] [id=36224]

Threads with active compile tasks:

VM state: not at safepoint (normal execution)

VM Mutex/Monitor currently owned by a thread: None

CDS archive(s) not mapped
Compressed class space mapped at: 0x0000000080000000-0x00000000c0000000, reserved size: 1073741824
Narrow klass base: 0x0000000000000000, Narrow klass shift: 0, Narrow klass range: 0xc0000000

GC Precious Log:
 CPUs: 12 total, 12 available
 Memory: 16254M
 Large Page Support: Disabled
 NUMA Support: Disabled
 Compressed Oops: Disabled
 Heap Region Size: 32M
 Heap Min Capacity: 32M
 Heap Initial Capacity: 256M
 Heap Max Capacity: 4096G
 Pre-touch: Disabled
 Parallel Workers: 10
 Concurrent Workers: 3
 Concurrent Refinement Workers: 10
 Periodic GC: Disabled

Heap:
 garbage-first heap   total 983040K, used 230979K [0x000001f1ba000000, 0x000005f1ba000000)
  region size 32768K, 2 young (65536K), 1 survivors (32768K)
 Metaspace       used 22140K, committed 22400K, reserved 1114112K
  class space    used 2273K, committed 2432K, reserved 1048576K

Heap Regions: E=young(eden), S=young(survivor), O=old, HS=humongous(starts), HC=humongous(continues), CS=collection set, F=free, OA=open archive, CA=closed archive, TAMS=top-at-mark-start (previous, next)
|   0|0x000001f1ba000000, 0x000001f1bc000000, 0x000001f1bc000000|100%| O|  |TAMS 0x000001f1bc000000, 0x000001f1ba000000| Untracked 
|   1|0x000001f1bc000000, 0x000001f1be000000, 0x000001f1be000000|100%|HS|  |TAMS 0x000001f1be000000, 0x000001f1bc000000| Complete 
|   2|0x000001f1be000000, 0x000001f1c0000000, 0x000001f1c0000000|100%| O|  |TAMS 0x000001f1c0000000, 0x000001f1be000000| Untracked 
|   3|0x000001f1c0000000, 0x000001f1c2000000, 0x000001f1c2000000|100%| O|  |TAMS 0x000001f1c2000000, 0x000001f1c0000000| Untracked 
|   4|0x000001f1c2000000, 0x000001f1c4000000, 0x000001f1c4000000|100%| O|  |TAMS 0x000001f1c4000000, 0x000001f1c2000000| Untracked 
|   5|0x000001f1c4000000, 0x000001f1c6000000, 0x000001f1c6000000|100%| O|  |TAMS 0x000001f1c5e77c00, 0x000001f1c4000000| Untracked 
|   6|0x000001f1c6000000, 0x000001f1c7cb1a00, 0x000001f1c8000000| 89%| O|  |TAMS 0x000001f1c6000000, 0x000001f1c6000000| Untracked 
|   7|0x000001f1c8000000, 0x000001f1c8000000, 0x000001f1ca000000|  0%| F|  |TAMS 0x000001f1c8000000, 0x000001f1c8000000| Untracked 
|   8|0x000001f1ca000000, 0x000001f1ca000000, 0x000001f1cc000000|  0%| F|  |TAMS 0x000001f1ca000000, 0x000001f1ca000000| Untracked 
|   9|0x000001f1cc000000, 0x000001f1cc000000, 0x000001f1ce000000|  0%| F|  |TAMS 0x000001f1cc000000, 0x000001f1cc000000| Untracked 
|  10|0x000001f1ce000000, 0x000001f1ce000000, 0x000001f1d0000000|  0%| F|  |TAMS 0x000001f1ce000000, 0x000001f1ce000000| Untracked 
|  11|0x000001f1d0000000, 0x000001f1d0000000, 0x000001f1d2000000|  0%| F|  |TAMS 0x000001f1d0000000, 0x000001f1d0000000| Untracked 
|  12|0x000001f1d2000000, 0x000001f1d2000000, 0x000001f1d4000000|  0%| F|  |TAMS 0x000001f1d2000000, 0x000001f1d2000000| Untracked 
|  13|0x000001f1d4000000, 0x000001f1d44df388, 0x000001f1d6000000| 15%| S|CS|TAMS 0x000001f1d4000000, 0x000001f1d4000000| Complete 
|  14|0x000001f1d6000000, 0x000001f1d6000000, 0x000001f1d8000000|  0%| F|  |TAMS 0x000001f1d6000000, 0x000001f1d6000000| Untracked 
|  15|0x000001f1d8000000, 0x000001f1d8000000, 0x000001f1da000000|  0%| F|  |TAMS 0x000001f1d8000000, 0x000001f1d8000000| Untracked 
|  16|0x000001f1da000000, 0x000001f1da000000, 0x000001f1dc000000|  0%| F|  |TAMS 0x000001f1da000000, 0x000001f1da000000| Untracked 
|  17|0x000001f1dc000000, 0x000001f1dc000000, 0x000001f1de000000|  0%| F|  |TAMS 0x000001f1dc000000, 0x000001f1dc000000| Untracked 
|  18|0x000001f1de000000, 0x000001f1de000000, 0x000001f1e0000000|  0%| F|  |TAMS 0x000001f1de000000, 0x000001f1de000000| Untracked 
|  19|0x000001f1e0000000, 0x000001f1e0000000, 0x000001f1e2000000|  0%| F|  |TAMS 0x000001f1e0000000, 0x000001f1e0000000| Untracked 
|  20|0x000001f1e2000000, 0x000001f1e2000000, 0x000001f1e4000000|  0%| F|  |TAMS 0x000001f1e2000000, 0x000001f1e2000000| Untracked 
|  21|0x000001f1e4000000, 0x000001f1e4000000, 0x000001f1e6000000|  0%| F|  |TAMS 0x000001f1e4000000, 0x000001f1e4000000| Untracked 
|  22|0x000001f1e6000000, 0x000001f1e6000000, 0x000001f1e8000000|  0%| F|  |TAMS 0x000001f1e6000000, 0x000001f1e6000000| Untracked 
|  23|0x000001f1e8000000, 0x000001f1e8000000, 0x000001f1ea000000|  0%| F|  |TAMS 0x000001f1e8000000, 0x000001f1e8000000| Untracked 
|  24|0x000001f1ea000000, 0x000001f1ea000000, 0x000001f1ec000000|  0%| F|  |TAMS 0x000001f1ea000000, 0x000001f1ea000000| Untracked 
|  25|0x000001f1ec000000, 0x000001f1ec000000, 0x000001f1ee000000|  0%| F|  |TAMS 0x000001f1ec000000, 0x000001f1ec000000| Untracked 
|  26|0x000001f1ee000000, 0x000001f1ee000000, 0x000001f1f0000000|  0%| F|  |TAMS 0x000001f1ee000000, 0x000001f1ee000000| Untracked 
|  27|0x000001f1f0000000, 0x000001f1f0000000, 0x000001f1f2000000|  0%| F|  |TAMS 0x000001f1f0000000, 0x000001f1f0000000| Untracked 
|  28|0x000001f1f2000000, 0x000001f1f2000000, 0x000001f1f4000000|  0%| F|  |TAMS 0x000001f1f2000000, 0x000001f1f2000000| Untracked 
|  32|0x000001f1fa000000, 0x000001f1fb808b48, 0x000001f1fc000000| 75%| E|  |TAMS 0x000001f1fa000000, 0x000001f1fa000000| Complete 

Card table byte_map: [0x000005f3c2010000,0x000005f5c2010000] _byte_map_base: 0x000005f2c9240000

Marking Bits (Prev, Next): (CMBitMap*) 0x000001f1a5e0aa70, (CMBitMap*) 0x000001f1a5e0aa30
 Prev Bits: [0x00000607c2010000, 0x00000617c2010000)
 Next Bits: [0x000005f7c2010000, 0x00000607c2010000)

Polling page: 0x000001f1a3d50000

Metaspace:

Usage:
  Non-class:     19.40 MB used.
      Class:      2.22 MB used.
       Both:     21.62 MB used.

Virtual space:
  Non-class space:       64.00 MB reserved,      19.50 MB ( 30%) committed,  1 nodes.
      Class space:        1.00 GB reserved,       2.38 MB ( <1%) committed,  1 nodes.
             Both:        1.06 GB reserved,      21.88 MB (  2%) committed. 

Chunk freelists:
   Non-Class:  12.44 MB
       Class:  13.61 MB
        Both:  26.05 MB

MaxMetaspaceSize: unlimited
CompressedClassSpaceSize: 1.00 GB
Initial GC threshold: 21.00 MB
Current GC threshold: 35.75 MB
CDS: off
MetaspaceReclaimPolicy: balanced
 - commit_granule_bytes: 65536.
 - commit_granule_words: 8192.
 - virtual_space_node_default_size: 8388608.
 - enlarge_chunks_in_place: 1.
 - new_chunks_are_fully_committed: 0.
 - uncommit_free_chunks: 1.
 - use_allocation_guard: 0.
 - handle_deallocations: 1.


Internal statistics:

num_allocs_failed_limit: 6.
num_arena_births: 270.
num_arena_deaths: 0.
num_vsnodes_births: 2.
num_vsnodes_deaths: 0.
num_space_committed: 350.
num_space_uncommitted: 0.
num_chunks_returned_to_freelist: 6.
num_chunks_taken_from_freelist: 406.
num_chunk_merges: 0.
num_chunk_splits: 222.
num_chunks_enlarged: 108.
num_inconsistent_stats: 0.

CodeHeap 'non-profiled nmethods': size=120000Kb used=981Kb max_used=981Kb free=119018Kb
 bounds [0x000001f1b13d0000, 0x000001f1b1640000, 0x000001f1b8900000]
CodeHeap 'profiled nmethods': size=120000Kb used=4650Kb max_used=4650Kb free=115349Kb
 bounds [0x000001f1a9900000, 0x000001f1a9d90000, 0x000001f1b0e30000]
CodeHeap 'non-nmethods': size=5760Kb used=1309Kb max_used=1378Kb free=4450Kb
 bounds [0x000001f1b0e30000, 0x000001f1b10a0000, 0x000001f1b13d0000]
 total_blobs=3188 nmethods=2541 adapters=559
 compilation: enabled
              stopped_count=0, restarted_count=0
 full_count=0

Compilation events (20 events):
Event: 16.855 Thread 0x00000617c89f01b0 2532       3       sun.java2d.SunGraphics2D::setDevClip (45 bytes)
Event: 16.855 Thread 0x00000617c89f01b0 nmethod 2532 0x000001f1a9d85c10 code [0x000001f1a9d85de0, 0x000001f1a9d860a8]
Event: 16.855 Thread 0x00000617c89f01b0 2533       1       java.awt.BasicStroke::getLineWidth (5 bytes)
Event: 16.855 Thread 0x00000617c89f01b0 nmethod 2533 0x000001f1b14c4e10 code [0x000001f1b14c4fa0, 0x000001f1b14c5078]
Event: 16.855 Thread 0x00000617c89f01b0 2534       1       net.sendback.util.resources.Sprites::getTexture (5 bytes)
Event: 16.855 Thread 0x00000617c89f01b0 nmethod 2534 0x000001f1b14c5110 code [0x000001f1b14c52a0, 0x000001f1b14c5378]
Event: 16.855 Thread 0x00000617c89f01b0 2535       1       sun.awt.windows.WObjectPeer::getData (5 bytes)
Event: 16.855 Thread 0x00000617c89f01b0 nmethod 2535 0x000001f1b14c5410 code [0x000001f1b14c55a0, 0x000001f1b14c5678]
Event: 16.856 Thread 0x00000617c89f01b0 2536       3       java.util.HashSet::clear (8 bytes)
Event: 16.856 Thread 0x00000617c89f01b0 nmethod 2536 0x000001f1a9d86210 code [0x000001f1a9d863c0, 0x000001f1a9d86588]
Event: 16.871 Thread 0x00000617c89f01b0 2537       3       sun.java2d.SunGraphics2D::<init> (154 bytes)
Event: 16.872 Thread 0x00000617c89f01b0 nmethod 2537 0x000001f1a9d86690 code [0x000001f1a9d86940, 0x000001f1a9d876e8]
Event: 16.872 Thread 0x00000617c89f01b0 2539       3       net.sendback.util.Settings::getTypedSetting (40 bytes)
Event: 16.873 Thread 0x00000617c89f01b0 nmethod 2539 0x000001f1a9d87a90 code [0x000001f1a9d87d20, 0x000001f1a9d88808]
Event: 16.873 Thread 0x00000617c89f01b0 2538       3       java.awt.Graphics2D::<init> (5 bytes)
Event: 16.873 Thread 0x00000617c89f01b0 nmethod 2538 0x000001f1a9d88c90 code [0x000001f1a9d88e40, 0x000001f1a9d89018]
Event: 16.873 Thread 0x00000617c89f01b0 2540       3       sun.java2d.pipe.RenderBuffer::clear (9 bytes)
Event: 16.874 Thread 0x00000617c89f01b0 nmethod 2540 0x000001f1a9d89110 code [0x000001f1a9d892a0, 0x000001f1a9d893b8]
Event: 16.888 Thread 0x00000617c89f01b0 2541       3       sun.java2d.pipe.BufferedPaints::setPaint (125 bytes)
Event: 16.889 Thread 0x00000617c89f01b0 nmethod 2541 0x000001f1a9d89490 code [0x000001f1a9d89780, 0x000001f1a9d8a678]

GC Heap History (20 events):
Event: 1.061 GC heap before
{Heap before GC invocations=0 (full 0):
 garbage-first heap   total 262144K, used 0K [0x000001f1ba000000, 0x000005f1ba000000)
  region size 32768K, 1 young (32768K), 0 survivors (0K)
 Metaspace       used 15921K, committed 16192K, reserved 1114112K
  class space    used 1495K, committed 1600K, reserved 1048576K
}
Event: 1.072 GC heap after
{Heap after GC invocations=1 (full 0):
 garbage-first heap   total 262144K, used 6018K [0x000001f1ba000000, 0x000005f1ba000000)
  region size 32768K, 1 young (32768K), 1 survivors (32768K)
 Metaspace       used 15921K, committed 16192K, reserved 1114112K
  class space    used 1495K, committed 1600K, reserved 1048576K
}
Event: 1.238 GC heap before
{Heap before GC invocations=1 (full 0):
 garbage-first heap   total 262144K, used 38786K [0x000001f1ba000000, 0x000005f1ba000000)
  region size 32768K, 2 young (65536K), 1 survivors (32768K)
 Metaspace       used 16585K, committed 16832K, reserved 1114112K
  class space    used 1556K, committed 1664K, reserved 1048576K
}
Event: 1.246 GC heap after
{Heap after GC invocations=2 (full 0):
 garbage-first heap   total 262144K, used 15855K [0x000001f1ba000000, 0x000005f1ba000000)
  region size 32768K, 1 young (32768K), 1 survivors (32768K)
 Metaspace       used 16585K, committed 16832K, reserved 1114112K
  class space    used 1556K, committed 1664K, reserved 1048576K
}
Event: 1.558 GC heap before
{Heap before GC invocations=2 (full 0):
 garbage-first heap   total 262144K, used 48623K [0x000001f1ba000000, 0x000005f1ba000000)
  region size 32768K, 2 young (65536K), 1 survivors (32768K)
 Metaspace       used 16594K, committed 16832K, reserved 1114112K
  class space    used 1556K, committed 1664K, reserved 1048576K
}
Event: 1.571 GC heap after
{Heap after GC invocations=3 (full 0):
 garbage-first heap   total 262144K, used 31183K [0x000001f1ba000000, 0x000005f1ba000000)
  region size 32768K, 1 young (32768K), 1 survivors (32768K)
 Metaspace       used 16594K, committed 16832K, reserved 1114112K
  class space    used 1556K, committed 1664K, reserved 1048576K
}
Event: 1.603 GC heap before
{Heap before GC invocations=3 (full 0):
 garbage-first heap   total 262144K, used 31183K [0x000001f1ba000000, 0x000005f1ba000000)
  region size 32768K, 2 young (65536K), 1 survivors (32768K)
 Metaspace       used 16594K, committed 16832K, reserved 1114112K
  class space    used 1556K, committed 1664K, reserved 1048576K
}
Event: 1.617 GC heap after
{Heap after GC invocations=4 (full 0):
 garbage-first heap   total 262144K, used 47430K [0x000001f1ba000000, 0x000005f1ba000000)
  region size 32768K, 1 young (32768K), 1 survivors (32768K)
 Metaspace       used 16594K, committed 16832K, reserved 1114112K
  class space    used 1556K, committed 1664K, reserved 1048576K
}
Event: 1.795 GC heap before
{Heap before GC invocations=4 (full 0):
 garbage-first heap   total 262144K, used 80198K [0x000001f1ba000000, 0x000005f1ba000000)
  region size 32768K, 2 young (65536K), 1 survivors (32768K)
 Metaspace       used 16945K, committed 17216K, reserved 1114112K
  class space    used 1608K, committed 1728K, reserved 1048576K
}
Event: 1.808 GC heap after
{Heap after GC invocations=5 (full 0):
 garbage-first heap   total 262144K, used 106533K [0x000001f1ba000000, 0x000005f1ba000000)
  region size 32768K, 1 young (32768K), 1 survivors (32768K)
 Metaspace       used 16945K, committed 17216K, reserved 1114112K
  class space    used 1608K, committed 1728K, reserved 1048576K
}
Event: 1.833 GC heap before
{Heap before GC invocations=5 (full 0):
 garbage-first heap   total 262144K, used 106533K [0x000001f1ba000000, 0x000005f1ba000000)
  region size 32768K, 2 young (65536K), 1 survivors (32768K)
 Metaspace       used 16949K, committed 17216K, reserved 1114112K
  class space    used 1608K, committed 1728K, reserved 1048576K
}
Event: 1.852 GC heap after
{Heap after GC invocations=6 (full 0):
 garbage-first heap   total 524288K, used 140558K [0x000001f1ba000000, 0x000005f1ba000000)
  region size 32768K, 1 young (32768K), 1 survivors (32768K)
 Metaspace       used 16949K, committed 17216K, reserved 1114112K
  class space    used 1608K, committed 1728K, reserved 1048576K
}
Event: 2.087 GC heap before
{Heap before GC invocations=6 (full 0):
 garbage-first heap   total 524288K, used 173326K [0x000001f1ba000000, 0x000005f1ba000000)
  region size 32768K, 2 young (65536K), 1 survivors (32768K)
 Metaspace       used 17403K, committed 17600K, reserved 1114112K
  class space    used 1666K, committed 1728K, reserved 1048576K
}
Event: 2.105 GC heap after
{Heap after GC invocations=7 (full 0):
 garbage-first heap   total 524288K, used 152844K [0x000001f1ba000000, 0x000005f1ba000000)
  region size 32768K, 1 young (32768K), 1 survivors (32768K)
 Metaspace       used 17403K, committed 17600K, reserved 1114112K
  class space    used 1666K, committed 1728K, reserved 1048576K
}
Event: 4.024 GC heap before
{Heap before GC invocations=7 (full 0):
 garbage-first heap   total 524288K, used 185612K [0x000001f1ba000000, 0x000005f1ba000000)
  region size 32768K, 2 young (65536K), 1 survivors (32768K)
 Metaspace       used 17434K, committed 17664K, reserved 1114112K
  class space    used 1671K, committed 1728K, reserved 1048576K
}
Event: 4.046 GC heap after
{Heap after GC invocations=8 (full 0):
 garbage-first heap   total 524288K, used 194815K [0x000001f1ba000000, 0x000005f1ba000000)
  region size 32768K, 1 young (32768K), 1 survivors (32768K)
 Metaspace       used 17434K, committed 17664K, reserved 1114112K
  class space    used 1671K, committed 1728K, reserved 1048576K
}
Event: 5.604 GC heap before
{Heap before GC invocations=8 (full 0):
 garbage-first heap   total 524288K, used 227583K [0x000001f1ba000000, 0x000005f1ba000000)
  region size 32768K, 2 young (65536K), 1 survivors (32768K)
 Metaspace       used 19951K, committed 20224K, reserved 1114112K
  class space    used 2042K, committed 2176K, reserved 1048576K
}
Event: 5.620 GC heap after
{Heap after GC invocations=9 (full 0):
 garbage-first heap   total 524288K, used 226928K [0x000001f1ba000000, 0x000005f1ba000000)
  region size 32768K, 1 young (32768K), 1 survivors (32768K)
 Metaspace       used 19951K, committed 20224K, reserved 1114112K
  class space    used 2042K, committed 2176K, reserved 1048576K
}
Event: 8.281 GC heap before
{Heap before GC invocations=9 (full 0):
 garbage-first heap   total 524288K, used 226928K [0x000001f1ba000000, 0x000005f1ba000000)
  region size 32768K, 2 young (65536K), 1 survivors (32768K)
 Metaspace       used 21237K, committed 21504K, reserved 1114112K
  class space    used 2174K, committed 2304K, reserved 1048576K
}
Event: 8.291 GC heap after
{Heap after GC invocations=10 (full 0):
 garbage-first heap   total 1081344K, used 230979K [0x000001f1ba000000, 0x000005f1ba000000)
  region size 32768K, 1 young (32768K), 1 survivors (32768K)
 Metaspace       used 21237K, committed 21504K, reserved 1114112K
  class space    used 2174K, committed 2304K, reserved 1048576K
}

Dll operation events (3 events):
Event: 0.008 Loaded shared library C:\Users\bader\.jdks\jbrsdk_jcef-17.0.9\bin\java.dll
Event: 0.109 Loaded shared library C:\Users\bader\.jdks\jbrsdk_jcef-17.0.9\bin\jsvml.dll
Event: 0.238 Loaded shared library C:\Users\bader\.jdks\jbrsdk_jcef-17.0.9\bin\zip.dll

Deoptimization events (20 events):
Event: 14.684 Thread 0x00000617d3fb3ab0 Uncommon trap: trap_request=0xffffff3d fr.pc=0x000001f1b1491f08 relative=0x0000000000000088
Event: 14.684 Thread 0x00000617d3fb3ab0 Uncommon trap: reason=unstable_fused_if action=reinterpret pc=0x000001f1b1491f08 method=java.awt.EventQueue.eventToCacheIndex(Ljava/awt/AWTEvent;)I @ 4 c2
Event: 14.684 Thread 0x00000617d3fb3ab0 DEOPT PACKING pc=0x000001f1b1491f08 sp=0x000000e009bfde60
Event: 14.684 Thread 0x00000617d3fb3ab0 DEOPT UNPACKING pc=0x000001f1b0e869a3 sp=0x000000e009bfddf8 mode 2
Event: 14.699 Thread 0x00000617d3fb3ab0 Uncommon trap: trap_request=0xffffffde fr.pc=0x000001f1b148fd9c relative=0x000000000000143c
Event: 14.699 Thread 0x00000617d3fb3ab0 Uncommon trap: reason=class_check action=maybe_recompile pc=0x000001f1b148fd9c method=java.awt.Container.getMouseEventTargetImpl(IIZLjava/awt/Container$EventTargetFilter;ZZ)Ljava/awt/Component; @ 64 c2
Event: 14.699 Thread 0x00000617d3fb3ab0 DEOPT PACKING pc=0x000001f1b148fd9c sp=0x000000e009bfeb10
Event: 14.699 Thread 0x00000617d3fb3ab0 DEOPT UNPACKING pc=0x000001f1b0e869a3 sp=0x000000e009bfe948 mode 2
Event: 14.699 Thread 0x00000617d3fb3ab0 Uncommon trap: trap_request=0xffffffde fr.pc=0x000001f1b148fd9c relative=0x000000000000143c
Event: 14.699 Thread 0x00000617d3fb3ab0 Uncommon trap: reason=class_check action=maybe_recompile pc=0x000001f1b148fd9c method=java.awt.Container.getMouseEventTargetImpl(IIZLjava/awt/Container$EventTargetFilter;ZZ)Ljava/awt/Component; @ 64 c2
Event: 14.699 Thread 0x00000617d3fb3ab0 DEOPT PACKING pc=0x000001f1b148fd9c sp=0x000000e009bfeb10
Event: 14.699 Thread 0x00000617d3fb3ab0 DEOPT UNPACKING pc=0x000001f1b0e869a3 sp=0x000000e009bfe948 mode 2
Event: 14.705 Thread 0x00000617d3fb2670 Uncommon trap: trap_request=0xffffffde fr.pc=0x000001f1b14315c8 relative=0x0000000000000508
Event: 14.705 Thread 0x00000617d3fb2670 Uncommon trap: reason=class_check action=maybe_recompile pc=0x000001f1b14315c8 method=java.util.HashMap.getNode(Ljava/lang/Object;)Ljava/util/HashMap$Node; @ 128 c2
Event: 14.705 Thread 0x00000617d3fb2670 DEOPT PACKING pc=0x000001f1b14315c8 sp=0x000000e00a2fe820
Event: 14.705 Thread 0x00000617d3fb2670 DEOPT UNPACKING pc=0x000001f1b0e869a3 sp=0x000000e00a2fe7a8 mode 2
Event: 14.725 Thread 0x00000617d3fb0d20 DEOPT PACKING pc=0x000001f1a9d3b708 sp=0x000000e00a3ff2e0
Event: 14.725 Thread 0x00000617d3fb0d20 DEOPT UNPACKING pc=0x000001f1b0e87143 sp=0x000000e00a3fe800 mode 0
Event: 14.795 Thread 0x00000617d3fb2670 DEOPT PACKING pc=0x000001f1a9d6efc5 sp=0x000000e00a2ff120
Event: 14.795 Thread 0x00000617d3fb2670 DEOPT UNPACKING pc=0x000001f1b0e87143 sp=0x000000e00a2fe630 mode 0

Classes unloaded (0 events):
No events

Classes redefined (0 events):
No events

Internal exceptions (20 events):
Event: 1.006 Thread 0x000001f1a5d4c960 Exception <a 'java/lang/NoSuchMethodError'{0x000001f1c9750408}: 'int java.lang.invoke.DirectMethodHandle$Holder.invokeStaticInit(java.lang.Object, int, int)'> (0x000001f1c9750408) 
thrown [s\src\hotspot\share\interpreter\linkResolver.cpp, line 771]
Event: 1.006 Thread 0x000001f1a5d4c960 Exception <a 'java/lang/NoSuchMethodError'{0x000001f1c9759f30}: 'int java.lang.invoke.DirectMethodHandle$Holder.invokeStaticInit(java.lang.Object, long, long)'> (0x000001f1c9759f30) 
thrown [s\src\hotspot\share\interpreter\linkResolver.cpp, line 771]
Event: 1.007 Thread 0x000001f1a5d4c960 Exception <a 'java/lang/NoSuchMethodError'{0x000001f1c9762c18}: 'int java.lang.invoke.DirectMethodHandle$Holder.invokeStaticInit(java.lang.Object, float, float)'> (0x000001f1c9762c18) 
thrown [s\src\hotspot\share\interpreter\linkResolver.cpp, line 771]
Event: 1.008 Thread 0x000001f1a5d4c960 Exception <a 'java/lang/NoSuchMethodError'{0x000001f1c976b908}: 'int java.lang.invoke.DirectMethodHandle$Holder.invokeStaticInit(java.lang.Object, double, double)'> (0x000001f1c976b908) 
thrown [s\src\hotspot\share\interpreter\linkResolver.cpp, line 771]
Event: 1.008 Thread 0x000001f1a5d4c960 Exception <a 'java/lang/NoSuchMethodError'{0x000001f1c97713d8}: 'int java.lang.invoke.DirectMethodHandle$Holder.invokeStatic(java.lang.Object, long)'> (0x000001f1c97713d8) 
thrown [s\src\hotspot\share\interpreter\linkResolver.cpp, line 771]
Event: 1.011 Thread 0x000001f1a5d4c960 Exception <a 'java/lang/NoSuchMethodError'{0x000001f1c97a0108}: 'int java.lang.invoke.Invokers$Holder.linkToTargetMethod(java.lang.Object, java.lang.Object)'> (0x000001f1c97a0108) 
thrown [s\src\hotspot\share\interpreter\linkResolver.cpp, line 771]
Event: 3.267 Thread 0x000001f1a5d4c960 Exception <a 'java/lang/NoSuchMethodError'{0x000001f1d90902f0}: 'void java.lang.invoke.DirectMethodHandle$Holder.invokeSpecial(java.lang.Object, java.lang.Object, java.lang.Object)'> (0x000001f1d90902f0) 
thrown [s\src\hotspot\share\interpreter\linkResolver.cpp, line 771]
Event: 5.490 Thread 0x000001f1a5d4c960 Exception <a 'java/lang/NoSuchMethodError'{0x000001f1d9c47d28}: 'void java.lang.invoke.DirectMethodHandle$Holder.invokeStaticInit(java.lang.Object)'> (0x000001f1d9c47d28) 
thrown [s\src\hotspot\share\interpreter\linkResolver.cpp, line 771]
Event: 5.516 Thread 0x00000617d3fb3ab0 Exception <a 'java/lang/NoSuchMethodError'{0x000001f1d9d0ef70}: 'java.lang.Object java.lang.invoke.DirectMethodHandle$Holder.newInvokeSpecial(java.lang.Object, java.lang.Object, java.lang.Object, java.lang.Object, java.lang.Object)'> (0x000001f1d9d0ef70) 
thrown [s\src\hotspot\share\interpreter\linkResolver.cpp, line 771]
Event: 5.517 Thread 0x00000617d3fb3ab0 Exception <a 'java/lang/NoSuchMethodError'{0x000001f1d9d1d840}: 'java.lang.Object java.lang.invoke.DirectMethodHandle$Holder.invokeStatic(java.lang.Object, int, java.lang.Object, java.lang.Object, java.lang.Object, java.lang.Object)'> (0x000001f1d9d1d840) 
thrown [s\src\hotspot\share\interpreter\linkResolver.cpp, line 771]
Event: 5.546 Thread 0x00000617d3fb3ab0 Exception <a 'java/lang/ClassNotFoundException'{0x000001f1d9ef64d8}: com/sun/swing/internal/plaf/metal/resources/spi/metalProvider> (0x000001f1d9ef64d8) 
thrown [s\src\hotspot\share\classfile\systemDictionary.cpp, line 256]
Event: 5.547 Thread 0x00000617d3fb3ab0 Exception <a 'java/lang/ClassNotFoundException'{0x000001f1d9efc430}: com/sun/swing/internal/plaf/basic/resources/spi/basicProvider> (0x000001f1d9efc430) 
thrown [s\src\hotspot\share\classfile\systemDictionary.cpp, line 256]
Event: 5.549 Thread 0x00000617d3fb3ab0 Exception <a 'java/lang/NoSuchMethodError'{0x000001f1d9f208a8}: 'java.lang.Object java.lang.invoke.Invokers$Holder.linkToTargetMethod(java.lang.Object, int, java.lang.Object, java.lang.Object, java.lang.Object)'> (0x000001f1d9f208a8) 
thrown [s\src\hotspot\share\interpreter\linkResolver.cpp, line 771]
Event: 5.576 Thread 0x00000617d3b77e80 Exception <a 'java/lang/NoSuchMethodError'{0x000001f1d9fd9818}: 'void java.lang.invoke.DirectMethodHandle$Holder.invokeVirtual(java.lang.Object, java.lang.Object)'> (0x000001f1d9fd9818) 
thrown [s\src\hotspot\share\interpreter\linkResolver.cpp, line 771]
Event: 5.599 Thread 0x00000617d3fb3ab0 Exception <a 'java/lang/NoSuchMethodError'{0x000001f1d9fb1968}: 'java.lang.Object java.lang.invoke.DirectMethodHandle$Holder.newInvokeSpecial(java.lang.Object, java.lang.Object, int, int, int, int)'> (0x000001f1d9fb1968) 
thrown [s\src\hotspot\share\interpreter\linkResolver.cpp, line 771]
Event: 5.604 Thread 0x00000617d3fb3ab0 Exception <a 'java/lang/NoSuchMethodError'{0x000001f1d9fc36b8}: 'void java.lang.invoke.DirectMethodHandle$Holder.invokeSpecial(java.lang.Object, java.lang.Object, int, int)'> (0x000001f1d9fc36b8) 
thrown [s\src\hotspot\share\interpreter\linkResolver.cpp, line 771]
Event: 5.604 Thread 0x00000617d3fb3ab0 Exception <a 'java/lang/NoSuchMethodError'{0x000001f1d9fcb520}: 'java.lang.Object java.lang.invoke.DirectMethodHandle$Holder.newInvokeSpecial(java.lang.Object, java.lang.Object, int, int)'> (0x000001f1d9fcb520) 
thrown [s\src\hotspot\share\interpreter\linkResolver.cpp, line 771]
Event: 5.752 Thread 0x00000617d3fb3ab0 Exception <a 'java/lang/NoSuchMethodError'{0x000001f1d8131fb8}: 'java.lang.Object java.lang.invoke.Invokers$Holder.invoke_MT(java.lang.Object, java.lang.Object, java.lang.Object)'> (0x000001f1d8131fb8) 
thrown [s\src\hotspot\share\interpreter\linkResolver.cpp, line 771]
Event: 5.754 Thread 0x00000617d3fb3ab0 Exception <a 'java/lang/NoSuchMethodError'{0x000001f1d81404c8}: 'int java.lang.invoke.Invokers$Holder.invoke_MT(java.lang.Object, java.lang.Object, java.lang.Object)'> (0x000001f1d81404c8) 
thrown [s\src\hotspot\share\interpreter\linkResolver.cpp, line 771]
Event: 8.228 Thread 0x00000617d3fb3ab0 Exception <a 'java/lang/NoSuchMethodError'{0x000001f1d81e4258}: 'void java.lang.invoke.DirectMethodHandle$Holder.invokeStatic(java.lang.Object, java.lang.Object, java.lang.Object)'> (0x000001f1d81e4258) 
thrown [s\src\hotspot\share\interpreter\linkResolver.cpp, line 771]

VM Operations (20 events):
Event: 8.313 Executing VM operation: HandshakeAllThreads
Event: 8.313 Executing VM operation: HandshakeAllThreads done
Event: 8.330 Executing VM operation: G1PauseRemark
Event: 8.332 Executing VM operation: G1PauseRemark done
Event: 8.356 Executing VM operation: G1PauseCleanup
Event: 8.356 Executing VM operation: G1PauseCleanup done
Event: 9.368 Executing VM operation: Cleanup
Event: 9.368 Executing VM operation: Cleanup done
Event: 10.379 Executing VM operation: Cleanup
Event: 10.379 Executing VM operation: Cleanup done
Event: 11.384 Executing VM operation: Cleanup
Event: 11.384 Executing VM operation: Cleanup done
Event: 12.399 Executing VM operation: Cleanup
Event: 12.399 Executing VM operation: Cleanup done
Event: 13.410 Executing VM operation: Cleanup
Event: 13.410 Executing VM operation: Cleanup done
Event: 15.437 Executing VM operation: Cleanup
Event: 15.437 Executing VM operation: Cleanup done
Event: 16.440 Executing VM operation: Cleanup
Event: 16.440 Executing VM operation: Cleanup done

Events (20 events):
Event: 14.652 loading class javax/swing/SwingHeavyWeight done
Event: 14.685 loading class sun/awt/image/VSyncedBSManager
Event: 14.685 loading class sun/awt/image/VSyncedBSManager done
Event: 14.699 loading class java/awt/LightweightDispatcher$2
Event: 14.699 loading class java/awt/LightweightDispatcher$2 done
Event: 14.700 loading class sun/java2d/pipe/RegionSpanIterator
Event: 14.700 loading class sun/java2d/pipe/RegionSpanIterator done
Event: 15.188 loading class java/awt/image/BufferedImageOp
Event: 15.189 loading class java/awt/image/BufferedImageOp done
Event: 16.862 Thread 0x00000617d3fb2b80 Thread added: 0x00000617d3fb2b80
Event: 16.862 Thread 0x00000617d3fb0300 Thread added: 0x00000617d3fb0300
Event: 16.862 Thread 0x00000617d3fb1740 Thread added: 0x00000617d3fb1740
Event: 16.862 loading class java/util/WeakHashMap$KeyIterator
Event: 16.863 loading class java/util/WeakHashMap$HashIterator
Event: 16.863 loading class java/util/WeakHashMap$HashIterator done
Event: 16.863 loading class java/util/WeakHashMap$KeyIterator done
Event: 16.863 Thread 0x00000617d3fb2b80 Thread exited: 0x00000617d3fb2b80
Event: 16.863 loading class sun/font/SunFontManager$8$1
Event: 16.863 loading class sun/font/SunFontManager$8$1 done
Event: 16.865 Thread 0x00000617d3fb1740 Thread exited: 0x00000617d3fb1740


Dynamic libraries:
0x00007ff7d9cd0000 - 0x00007ff7d9cda000 	C:\Users\bader\.jdks\jbrsdk_jcef-17.0.9\bin\java.exe
0x00007ffed6e90000 - 0x00007ffed7088000 	C:\Windows\SYSTEM32\ntdll.dll
0x00007ffed4f20000 - 0x00007ffed4fe2000 	C:\Windows\System32\KERNEL32.DLL
0x00007ffed4960000 - 0x00007ffed4c5e000 	C:\Windows\System32\KERNELBASE.dll
0x00007ffed4db0000 - 0x00007ffed4eb0000 	C:\Windows\System32\ucrtbase.dll
0x00007ffec3fb0000 - 0x00007ffec3fc7000 	C:\Users\bader\.jdks\jbrsdk_jcef-17.0.9\bin\jli.dll
0x00007ffecbf60000 - 0x00007ffecbf7b000 	C:\Users\bader\.jdks\jbrsdk_jcef-17.0.9\bin\VCRUNTIME140.dll
0x00007ffed6bd0000 - 0x00007ffed6d6d000 	C:\Windows\System32\USER32.dll
0x00007ffeba210000 - 0x00007ffeba4aa000 	C:\Windows\WinSxS\amd64_microsoft.windows.common-controls_6595b64144ccf1df_6.0.19041.4355_none_60b8b9eb71f62e16\COMCTL32.dll
0x00007ffed4650000 - 0x00007ffed4672000 	C:\Windows\System32\win32u.dll
0x00007ffed67d0000 - 0x00007ffed686e000 	C:\Windows\System32\msvcrt.dll
0x00007ffed61a0000 - 0x00007ffed61cb000 	C:\Windows\System32\GDI32.dll
0x00007ffed4530000 - 0x00007ffed4647000 	C:\Windows\System32\gdi32full.dll
0x00007ffed4d10000 - 0x00007ffed4dad000 	C:\Windows\System32\msvcp_win.dll
0x00007ffed6100000 - 0x00007ffed612f000 	C:\Windows\System32\IMM32.DLL
0x00007ffece2f0000 - 0x00007ffece2fc000 	C:\Users\bader\.jdks\jbrsdk_jcef-17.0.9\bin\vcruntime140_1.dll
0x00007ffeb84c0000 - 0x00007ffeb854d000 	C:\Users\bader\.jdks\jbrsdk_jcef-17.0.9\bin\msvcp140.dll
0x00007ffe5ab10000 - 0x00007ffe5b792000 	C:\Users\bader\.jdks\jbrsdk_jcef-17.0.9\bin\server\jvm.dll
0x00007ffed6d90000 - 0x00007ffed6e41000 	C:\Windows\System32\ADVAPI32.dll
0x00007ffed5e40000 - 0x00007ffed5edf000 	C:\Windows\System32\sechost.dll
0x00007ffed62a0000 - 0x00007ffed63c3000 	C:\Windows\System32\RPCRT4.dll
0x00007ffed4760000 - 0x00007ffed4787000 	C:\Windows\System32\bcrypt.dll
0x00007ffebb4b0000 - 0x00007ffebb4b9000 	C:\Windows\SYSTEM32\WSOCK32.dll
0x00007ffed3a60000 - 0x00007ffed3aab000 	C:\Windows\SYSTEM32\POWRPROF.dll
0x00007ffed6090000 - 0x00007ffed60fb000 	C:\Windows\System32\WS2_32.dll
0x00007ffeb9a40000 - 0x00007ffeb9a67000 	C:\Windows\SYSTEM32\WINMM.dll
0x00007ffecd650000 - 0x00007ffecd65a000 	C:\Windows\SYSTEM32\VERSION.dll
0x00007ffed3930000 - 0x00007ffed3942000 	C:\Windows\SYSTEM32\UMPDC.dll
0x00007ffed23b0000 - 0x00007ffed23c2000 	C:\Windows\SYSTEM32\kernel.appcore.dll
0x00007ffece280000 - 0x00007ffece28a000 	C:\Users\bader\.jdks\jbrsdk_jcef-17.0.9\bin\jimage.dll
0x00007ffed1cc0000 - 0x00007ffed1ea4000 	C:\Windows\SYSTEM32\DBGHELP.DLL
0x00007ffec4470000 - 0x00007ffec44a4000 	C:\Windows\SYSTEM32\dbgcore.DLL
0x00007ffed46d0000 - 0x00007ffed4752000 	C:\Windows\System32\bcryptPrimitives.dll
0x00007ffed0df0000 - 0x00007ffed0dfe000 	C:\Users\bader\.jdks\jbrsdk_jcef-17.0.9\bin\instrument.dll
0x00007ffec3ee0000 - 0x00007ffec3f05000 	C:\Users\bader\.jdks\jbrsdk_jcef-17.0.9\bin\java.dll
0x00007ffec3f90000 - 0x00007ffec3fa8000 	C:\Users\bader\.jdks\jbrsdk_jcef-17.0.9\bin\zip.dll
0x00007ffeb72b0000 - 0x00007ffeb7387000 	C:\Users\bader\.jdks\jbrsdk_jcef-17.0.9\bin\jsvml.dll
0x00007ffed4ff0000 - 0x00007ffed575d000 	C:\Windows\System32\SHELL32.dll
0x00007ffed25b0000 - 0x00007ffed2d54000 	C:\Windows\SYSTEM32\windows.storage.dll
0x00007ffed6870000 - 0x00007ffed6bc3000 	C:\Windows\System32\combase.dll
0x00007ffed3f60000 - 0x00007ffed3f8e000 	C:\Windows\SYSTEM32\Wldp.dll
0x00007ffed61d0000 - 0x00007ffed629d000 	C:\Windows\System32\OLEAUT32.dll
0x00007ffed65c0000 - 0x00007ffed666d000 	C:\Windows\System32\SHCORE.dll
0x00007ffed6560000 - 0x00007ffed65b5000 	C:\Windows\System32\shlwapi.dll
0x00007ffed4460000 - 0x00007ffed4484000 	C:\Windows\SYSTEM32\profapi.dll
0x00007ffec2270000 - 0x00007ffec2289000 	C:\Users\bader\.jdks\jbrsdk_jcef-17.0.9\bin\net.dll
0x00007ffeccc80000 - 0x00007ffeccd8d000 	C:\Windows\SYSTEM32\WINHTTP.dll
0x00007ffed3cc0000 - 0x00007ffed3d2a000 	C:\Windows\system32\mswsock.dll
0x00007ffec1790000 - 0x00007ffec17a6000 	C:\Users\bader\.jdks\jbrsdk_jcef-17.0.9\bin\nio.dll
0x00007ffec30d0000 - 0x00007ffec30ea000 	C:\Program Files\JetBrains\IntelliJ IDEA Community Edition 2023.3.6\bin\breakgen64.dll
0x00007ffe82bf0000 - 0x00007ffe82d8a000 	C:\Users\bader\.jdks\jbrsdk_jcef-17.0.9\bin\awt.dll
0x00007ffed20b0000 - 0x00007ffed20df000 	C:\Windows\SYSTEM32\dwmapi.dll
0x00007ffeb6fc0000 - 0x00007ffeb7004000 	C:\Users\bader\.jdks\jbrsdk_jcef-17.0.9\bin\nvdaControllerClient64.dll
0x00007ffecf1c0000 - 0x00007ffecf254000 	C:\Windows\SYSTEM32\apphelp.dll
0x00007ffeb81e0000 - 0x00007ffeb8308000 	C:\Windows\system32\opengl32.dll
0x00007ffeb7c60000 - 0x00007ffeb7c8c000 	C:\Windows\SYSTEM32\GLU32.dll
0x00007ffed1090000 - 0x00007ffed112e000 	C:\Windows\system32\uxtheme.dll
0x00007ffed5bd0000 - 0x00007ffed5ce5000 	C:\Windows\System32\MSCTF.dll
0x00007ffed5cf0000 - 0x00007ffed5d99000 	C:\Windows\System32\clbcatq.dll
0x00007ffe45430000 - 0x00007ffe463fa000 	C:\Windows\System32\DriverStore\FileRepository\iigd_dch.inf_amd64_5d54dd32fa1ef4d4\ig9icd64.dll
0x00007ffed6430000 - 0x00007ffed655b000 	C:\Windows\System32\ole32.dll
0x00007ffed2dc0000 - 0x00007ffed2eb6000 	C:\Windows\system32\dxgi.dll
0x00007ffec7a80000 - 0x00007ffec7cbf000 	C:\Windows\System32\DriverStore\FileRepository\iigd_dch.inf_amd64_5d54dd32fa1ef4d4\igdgmm64.dll
0x00007ffec4eb0000 - 0x00007ffec7a79000 	C:\Windows\System32\DriverStore\FileRepository\iigd_dch.inf_amd64_5d54dd32fa1ef4d4\igc64.dll
0x00007ffe63280000 - 0x00007ffe6368c000 	C:\Windows\System32\DriverStore\FileRepository\iigd_dch.inf_amd64_5d54dd32fa1ef4d4\igdml64.dll
0x00007ffed3ec0000 - 0x00007ffed3ed8000 	C:\Windows\SYSTEM32\CRYPTSP.dll
0x00007ffed3570000 - 0x00007ffed35a4000 	C:\Windows\system32\rsaenh.dll
0x00007ffed4420000 - 0x00007ffed444e000 	C:\Windows\SYSTEM32\USERENV.dll
0x00007ffed3eb0000 - 0x00007ffed3ebc000 	C:\Windows\SYSTEM32\CRYPTBASE.dll
0x00007ffed3950000 - 0x00007ffed398b000 	C:\Windows\SYSTEM32\IPHLPAPI.DLL
0x00007ffed5e30000 - 0x00007ffed5e38000 	C:\Windows\System32\NSI.dll
0x00007ffecc960000 - 0x00007ffecc977000 	C:\Windows\SYSTEM32\dhcpcsvc6.DLL
0x00007ffeccbf0000 - 0x00007ffeccc0d000 	C:\Windows\SYSTEM32\dhcpcsvc.DLL
0x00007ffed3990000 - 0x00007ffed3a5a000 	C:\Windows\SYSTEM32\DNSAPI.dll
0x00007ffeb66d0000 - 0x00007ffeb6757000 	C:\Users\bader\.jdks\jbrsdk_jcef-17.0.9\bin\freetype.dll
0x00007ffeb4630000 - 0x00007ffeb4707000 	C:\Users\bader\.jdks\jbrsdk_jcef-17.0.9\bin\fontmanager.dll
0x00007ffebde60000 - 0x00007ffebde72000 	C:\Users\bader\.jdks\jbrsdk_jcef-17.0.9\bin\jsound.dll
0x00007ffeaba10000 - 0x00007ffeabaac000 	C:\Windows\SYSTEM32\DSOUND.dll
0x00007ffec02f0000 - 0x00007ffec0316000 	C:\Windows\SYSTEM32\winmmbase.dll
0x00007ffecce00000 - 0x00007ffecce85000 	C:\Windows\System32\MMDevApi.dll
0x00007ffed42c0000 - 0x00007ffed42f3000 	C:\Windows\System32\DEVOBJ.dll
0x00007ffed4680000 - 0x00007ffed46ce000 	C:\Windows\System32\cfgmgr32.dll
0x00007ffeb5080000 - 0x00007ffeb50c6000 	C:\Windows\SYSTEM32\wdmaud.drv
0x00007ffecf4e0000 - 0x00007ffecf4e9000 	C:\Windows\SYSTEM32\ksuser.dll
0x00007ffeced00000 - 0x00007ffeced0a000 	C:\Windows\SYSTEM32\AVRT.dll
0x00007ffecce90000 - 0x00007ffecd011000 	C:\Windows\SYSTEM32\AUDIOSES.DLL
0x00007ffeb5070000 - 0x00007ffeb507d000 	C:\Windows\SYSTEM32\msacm32.drv
0x00007ffeb5050000 - 0x00007ffeb506e000 	C:\Windows\SYSTEM32\MSACM32.dll
0x00007ffeb5040000 - 0x00007ffeb504b000 	C:\Windows\SYSTEM32\midimap.dll
0x00007ffed1fb0000 - 0x00007ffed1fc4000 	C:\Windows\SYSTEM32\resourcepolicyclient.dll
0x00007ffeb1a60000 - 0x00007ffeb1c05000 	C:\Windows\WinSxS\amd64_microsoft.windows.gdiplus_6595b64144ccf1df_1.1.19041.4597_none_91a78020cc854124\gdiplus.dll
0x00007ffebfdd0000 - 0x00007ffebfec9000 	C:\Windows\SYSTEM32\textinputframework.dll
0x00007ffece6e0000 - 0x00007ffecea3b000 	C:\Windows\System32\CoreUIComponents.dll
0x00007ffecea50000 - 0x00007ffeceb42000 	C:\Windows\System32\CoreMessaging.dll
0x00007ffed37c0000 - 0x00007ffed37f3000 	C:\Windows\SYSTEM32\ntmarta.dll
0x00007ffed12c0000 - 0x00007ffed1417000 	C:\Windows\SYSTEM32\wintypes.dll
0x00007ffeb7e70000 - 0x00007ffeb8165000 	C:\Windows\System32\uiautomationcore.dll
0x00007ffed1880000 - 0x00007ffed1976000 	C:\Windows\System32\PROPSYS.dll
0x00007ffeb8170000 - 0x00007ffeb81d6000 	C:\Windows\System32\OLEACC.dll
0x00007ffebfed0000 - 0x00007ffec000f000 	C:\Windows\System32\Windows.UI.dll
0x00007ffecbdf0000 - 0x00007ffecbe91000 	C:\Windows\System32\WindowManagementAPI.dll
0x00007ffebfc70000 - 0x00007ffebfdc2000 	C:\Windows\System32\InputHost.dll
0x00007ffecb4a0000 - 0x00007ffecb6a3000 	C:\Windows\SYSTEM32\twinapi.appcore.dll

dbghelp: loaded successfully - version: 4.0.5 - missing functions: none
symbol engine: initialized successfully - sym options: 0x614 - pdb path: .;C:\Users\bader\.jdks\jbrsdk_jcef-17.0.9\bin;C:\Windows\SYSTEM32;C:\Windows\WinSxS\amd64_microsoft.windows.common-controls_6595b64144ccf1df_6.0.19041.4355_none_60b8b9eb71f62e16;C:\Users\bader\.jdks\jbrsdk_jcef-17.0.9\bin\server;C:\Program Files\JetBrains\IntelliJ IDEA Community Edition 2023.3.6\bin;C:\Windows\System32\DriverStore\FileRepository\iigd_dch.inf_amd64_5d54dd32fa1ef4d4;C:\Windows\WinSxS\amd64_microsoft.windows.gdiplus_6595b64144ccf1df_1.1.19041.4597_none_91a78020cc854124

VM Arguments:
jvm_args: -Xmx3072g -Xmx4096g -Dsun.java2d.opengl=true -XX:ErrorFile=logs/hs_err_pid%p.log -javaagent:C:\Program Files\JetBrains\IntelliJ IDEA Community Edition 2023.3.6\lib\idea_rt.jar=53920:C:\Program Files\JetBrains\IntelliJ IDEA Community Edition 2023.3.6\bin -Dfile.encoding=UTF-8 
java_command: net.sendback.Main
java_class_path (initial): C:\Users\bader\OneDrive\Bureau\Idea\GTS_PRojekt\target\classes
Launcher Type: SUN_STANDARD

[Global flags]
     intx CICompilerCount                          = 4                                         {product} {ergonomic}
     uint ConcGCThreads                            = 3                                         {product} {ergonomic}
    ccstr ErrorFile                                = logs/hs_err_pid%p.log                     {product} {command line}
     uint G1ConcRefinementThreads                  = 10                                        {product} {ergonomic}
   size_t G1HeapRegionSize                         = 33554432                                  {product} {ergonomic}
    uintx GCDrainStackTargetSize                   = 64                                        {product} {ergonomic}
   size_t InitialHeapSize                          = 268435456                                 {product} {ergonomic}
   size_t MarkStackSize                            = 4194304                                   {product} {ergonomic}
   size_t MaxHeapSize                              = 4398046511104                             {product} {command line}
   size_t MaxNewSize                               = 2638821195776                             {product} {ergonomic}
   size_t MinHeapDeltaBytes                        = 33554432                                  {product} {ergonomic}
   size_t MinHeapSize                              = 33554432                                  {product} {ergonomic}
    uintx NonNMethodCodeHeapSize                   = 5839372                                {pd product} {ergonomic}
    uintx NonProfiledCodeHeapSize                  = 122909434                              {pd product} {ergonomic}
    uintx ProfiledCodeHeapSize                     = 122909434                              {pd product} {ergonomic}
    uintx ReservedCodeCacheSize                    = 251658240                              {pd product} {ergonomic}
     bool SegmentedCodeCache                       = true                                      {product} {ergonomic}
   size_t SoftMaxHeapSize                          = 4398046511104                          {manageable} {ergonomic}
     bool UseCompressedClassPointers               = true                           {product lp64_product} {ergonomic}
     bool UseG1GC                                  = true                                      {product} {ergonomic}
     bool UseLargePagesIndividualAllocation        = false                                  {pd product} {ergonomic}

Logging:
Log output configuration:
 #0: stdout all=warning uptime,level,tags
 #1: stderr all=off uptime,level,tags

Environment Variables:
PATH=C:\Program Files\Common Files\Oracle\Java\javapath;C:\Windows\system32;C:\Windows;C:\Windows\System32\Wbem;C:\Windows\System32\WindowsPowerShell\v1.0\;C:\Windows\System32\OpenSSH\;C:\Program Files (x86)\NVIDIA Corporation\PhysX\Common;C:\Program Files\dotnet\;C:\Users\bader\AppData\Local\Microsoft\WindowsApps;C:\Users\bader\AppData\Local\GitHubDesktop\bin
USERNAME=bader
OS=Windows_NT
PROCESSOR_IDENTIFIER=Intel64 Family 6 Model 158 Stepping 10, GenuineIntel
TMP=C:\Users\bader\AppData\Local\Temp
TEMP=C:\Users\bader\AppData\Local\Temp



Periodic native trim disabled

JNI global refs:
JNI global refs: 143, weak refs: 170

JNI global refs memory usage: 2107, weak refs: 2105

OOME stack traces (most recent first):
Classloader memory used:
Loader bootstrap                                                                       : 2727K
Loader jdk.internal.loader.ClassLoaders$AppClassLoader                                 : 35209B
Loader jdk.internal.reflect.DelegatingClassLoader                                      : 5306B
Loader jdk.internal.loader.ClassLoaders$PlatformClassLoader                            : 764B


---------------  S Y S T E M  ---------------

OS:
 Windows 10 , 64 bit Build 19041 (10.0.19041.5072)
OS uptime: 12 days 4:02 hours

CPU: total 12 (initial active 12) (6 cores per cpu, 2 threads per core) family 6 model 158 stepping 10 microcode 0xf0, cx8, cmov, fxsr, ht, mmx, 3dnowpref, sse, sse2, sse3, ssse3, sse4.1, sse4.2, popcnt, lzcnt, tsc, tscinvbit, avx, avx2, aes, erms, clmul, bmi1, bmi2, adx, fma, vzeroupper, clflush, clflushopt
Processor Information for all 12 processors :
  Max Mhz: 2592, Current Mhz: 2592, Mhz Limit: 2592

Memory: 4k page, system-wide physical 16254M (2650M free)
TotalPageFile size 23061M (AvailPageFile size 2452M)
current process WorkingSet (physical memory assigned to process): 688M, peak: 707M
current process commit charge ("private bytes"): 1379M, peak: 1461M

vm_info: OpenJDK 64-Bit Server VM (17.0.9+8-b1166.2) for windows-amd64 JRE (17.0.9+8-b1166.2), built on 2024-01-13 by "builduser" with MS VC++ 16.10 / 16.11 (VS2019)

END.
