#
# A fatal error has been detected by the Java Runtime Environment:
#
#  EXCEPTION_ACCESS_VIOLATION (0xc0000005) at pc=0x00007ffe79483c53, pid=40740, tid=40612
#
# JRE version: OpenJDK Runtime Environment JBR-17.0.9+8-1166.2-jcef (17.0.9+8) (build 17.0.9+8-b1166.2)
# Java VM: OpenJDK 64-Bit Server VM JBR-17.0.9+8-1166.2-jcef (17.0.9+8-b1166.2, mixed mode, tiered, compressed class ptrs, g1 gc, windows-amd64)
# Problematic frame:
# C  [ig9icd64.dll+0x9c3c53]
#
# No core dump will be written. Minidumps are not enabled by default on client versions of Windows
#
# If you would like to submit a bug report, please visit:
#   https://youtrack.jetbrains.com/issues/JBR
# The crash happened outside the Java Virtual Machine in native code.
# See problematic frame for where to report the bug.
#

---------------  S U M M A R Y ------------

Command Line: -Xmx3072g -Xmx4096g -Dsun.java2d.opengl=true -XX:ErrorFile=logs/hs_err_pid%p.log -javaagent:C:\Program Files\JetBrains\IntelliJ IDEA Community Edition 2023.3.6\lib\idea_rt.jar=57987:C:\Program Files\JetBrains\IntelliJ IDEA Community Edition 2023.3.6\bin -Dfile.encoding=UTF-8 net.sendback.Main

Host: Intel(R) Core(TM) i7-9750H CPU @ 2.60GHz, 12 cores, 15G,  Windows 10 , 64 bit Build 19041 (10.0.19041.5072)
Time: Thu Nov 14 17:44:38 2024 Mitteleuropäische Zeit elapsed time: 11.949394 seconds (0d 0h 0m 11s)

---------------  T H R E A D  ---------------

Current thread (0x0000021f956db2c0):  JavaThread "Java2D Queue Flusher" daemon [_thread_in_native, id=40612, stack(0x000000e7fb000000,0x000000e7fb100000)]

Stack: [0x000000e7fb000000,0x000000e7fb100000],  sp=0x000000e7fb0fe9a8,  free space=1018k
Native frames: (J=compiled Java code, j=interpreted, Vv=VM code, C=native code)
C  [ig9icd64.dll+0x9c3c53]

Java frames: (J=compiled Java code, j=interpreted, Vv=VM code)
j  sun.java2d.opengl.OGLRenderQueue.flushBuffer(JI)V+0 java.desktop
j  sun.java2d.opengl.OGLRenderQueue.flushBuffer()V+21 java.desktop
j  sun.java2d.opengl.OGLRenderQueue$QueueFlusher.run()V+81 java.desktop
j  java.lang.Thread.run()V+11 java.base@17.0.9
v  ~StubRoutines::call_stub

siginfo: EXCEPTION_ACCESS_VIOLATION (0xc0000005), reading address 0xffffffffffffffff


Registers:
RAX=0x000000000fff0fff, RBX=0x00007ffe78ac0000, RCX=0x000000033fcf3fcc, RDX=0x000000e7fb0feec0
RSP=0x000000e7fb0fe9a8, RBP=0x000000e7fb0feab0, RSI=0x0000021f9fbf1ec0, RDI=0x000000e7fb0fecb0
R8 =0x000000e7fb0feae0, R9 =0x000000e7fb0feec0, R10=0x000000e7fb0fecb0, R11=0x0000000000000000
R12=0x00007ffe798ea420, R13=0x0000000000000000, R14=0x0000000000000000, R15=0x00000000000001c1
RIP=0x00007ffe79483c53, EFLAGS=0x0000000000010206


Register to memory mapping:

RIP=0x00007ffe79483c53 ig9icd64.dll
RAX=0x000000000fff0fff is an unknown value
RBX=0x00007ffe78ac0000 ig9icd64.dll
RCX=0x000000033fcf3fcc is an unknown value
RDX=0x000000e7fb0feec0 is pointing into the stack for thread: 0x0000021f956db2c0
RSP=0x000000e7fb0fe9a8 is pointing into the stack for thread: 0x0000021f956db2c0
RBP=0x000000e7fb0feab0 is pointing into the stack for thread: 0x0000021f956db2c0
RSI=0x0000021f9fbf1ec0 points into unknown readable memory: 0x0000021f9570fe00 | 00 fe 70 95 1f 02 00 00
RDI=0x000000e7fb0fecb0 is pointing into the stack for thread: 0x0000021f956db2c0
R8 =0x000000e7fb0feae0 is pointing into the stack for thread: 0x0000021f956db2c0
R9 =0x000000e7fb0feec0 is pointing into the stack for thread: 0x0000021f956db2c0
R10=0x000000e7fb0fecb0 is pointing into the stack for thread: 0x0000021f956db2c0
R11=0x0 is NULL
R12=0x00007ffe798ea420 ig9icd64.dll
R13=0x0 is NULL
R14=0x0 is NULL
R15=0x00000000000001c1 is an unknown value


Top of Stack: (sp=0x000000e7fb0fe9a8)
0x000000e7fb0fe9a8:   00007ffe7948138b 0000000000000001
0x000000e7fb0fe9b8:   0000000000000000 0000021fa0231b00
0x000000e7fb0fe9c8:   00007ffec7a82572 000000e700000065
0x000000e7fb0fe9d8:   000000e7fb0febe0 0000000000000000
0x000000e7fb0fe9e8:   0000021fa2e6c8a0 0000000000000000
0x000000e7fb0fe9f8:   0000021f9ffce830 0000021fa0231bf0
0x000000e7fb0fea08:   0000000000000fb0 0000000000000000
0x000000e7fb0fea18:   0000000000000000 000000e7fb0feb90
0x000000e7fb0fea28:   00007ffe79119070 0000000000000000
0x000000e7fb0fea38:   0000000000000000 0000000000000000
0x000000e7fb0fea48:   0000000000000000 0000111d5fcd3407
0x000000e7fb0fea58:   00007ffe78ad64e5 0000021fa0231bf0
0x000000e7fb0fea68:   0000000000004001 0000000000000200
0x000000e7fb0fea78:   00007ffed6ebb86b 00000000022f00c3
0x000000e7fb0fea88:   0000000000000079 0000021fa040f950
0x000000e7fb0fea98:   0000000000000000 0000000000000000
0x000000e7fb0feaa8:   00007ffe79481c62 0000000000000000
0x000000e7fb0feab8:   0000021fee201080 000000e7fb0fedb0
0x000000e7fb0feac8:   0000021fee200000 0000021fee2002b4
0x000000e7fb0fead8:   0000021fa2e6c8a0 00007ffe7978f020
0x000000e7fb0feae8:   0000000e00000000 0000001a00000018
0x000000e7fb0feaf8:   00000fff00000000 437f0000437f0000
0x000000e7fb0feb08:   437f0000437f0000 0000ff0000ff0000
0x000000e7fb0feb18:   ff000000000000ff 0000000800000010
0x000000e7fb0feb28:   0000001800000000 0000000000000000
0x000000e7fb0feb38:   0000000000000000 0000000000000000
0x000000e7fb0feb48:   0000000000000000 0000000000000000
0x000000e7fb0feb58:   0000000000000000 0000000000000000
0x000000e7fb0feb68:   0000000000000000 0000000000000000
0x000000e7fb0feb78:   0000000000000000 0000000000000000
0x000000e7fb0feb88:   0000000000000000 0000000000000000
0x000000e7fb0feb98:   0000000000000000 0000000000000000 

Instructions: (pc=0x00007ffe79483c53)
0x00007ffe79483b53:   a1 b6 30 00 48 89 51 08 48 89 01 8b 44 24 28 89
0x00007ffe79483b63:   41 20 8b 44 24 30 89 41 24 48 8b c1 4c 89 41 10
0x00007ffe79483b73:   4c 89 49 18 c3 cc cc cc cc cc cc cc cc 48 89 5c
0x00007ffe79483b83:   24 08 8b 41 5c 48 8d 1d 71 c4 63 ff 41 89 40 08
0x00007ffe79483b93:   4c 8b d1 8b 41 60 45 33 db 41 89 40 0c 4c 8b ca
0x00007ffe79483ba3:   8b 41 64 41 89 40 10 8b 41 68 41 89 40 14 8b 41
0x00007ffe79483bb3:   6c 41 89 40 18 8b 41 70 41 89 40 1c 48 63 41 74
0x00007ffe79483bc3:   48 6b c8 34 8b 84 19 84 5f ee 00 41 89 40 20 8b
0x00007ffe79483bd3:   84 19 88 5f ee 00 41 89 40 24 8b 84 19 8c 5f ee
0x00007ffe79483be3:   00 41 89 40 28 8b 84 19 90 5f ee 00 41 89 40 2c
0x00007ffe79483bf3:   8b 84 19 74 5f ee 00 41 89 40 30 8b 84 19 78 5f
0x00007ffe79483c03:   ee 00 41 89 40 34 8b 84 19 7c 5f ee 00 41 89 40
0x00007ffe79483c13:   38 8b 84 19 80 5f ee 00 41 89 40 3c 8b 84 19 64
0x00007ffe79483c23:   5f ee 00 41 89 40 40 8b 84 19 68 5f ee 00 41 89
0x00007ffe79483c33:   40 44 8b 84 19 6c 5f ee 00 41 89 40 48 8b 84 19
0x00007ffe79483c43:   70 5f ee 00 41 89 40 4c 49 63 42 78 48 6b c8 34
0x00007ffe79483c53:   8b 84 19 84 5f ee 00 41 89 40 50 8b 84 19 88 5f
0x00007ffe79483c63:   ee 00 41 89 40 54 8b 84 19 8c 5f ee 00 41 89 40
0x00007ffe79483c73:   58 8b 84 19 90 5f ee 00 41 89 40 5c 8b 84 19 74
0x00007ffe79483c83:   5f ee 00 41 89 40 60 8b 84 19 78 5f ee 00 41 89
0x00007ffe79483c93:   40 64 8b 84 19 7c 5f ee 00 41 89 40 68 8b 84 19
0x00007ffe79483ca3:   80 5f ee 00 41 89 40 6c 8b 84 19 64 5f ee 00 41
0x00007ffe79483cb3:   89 40 70 8b 84 19 68 5f ee 00 41 89 40 74 8b 84
0x00007ffe79483cc3:   19 6c 5f ee 00 41 89 40 78 8b 84 19 70 5f ee 00
0x00007ffe79483cd3:   41 89 40 7c 48 8b 42 18 8b 88 38 0b 00 00 f6 c1
0x00007ffe79483ce3:   08 0f 84 86 00 00 00 8b 80 3c 0b 00 00 41 89 80
0x00007ffe79483cf3:   80 00 00 00 48 8b 42 18 8b 88 40 0b 00 00 41 89
0x00007ffe79483d03:   88 84 00 00 00 48 8b 42 18 8b 88 44 0b 00 00 41
0x00007ffe79483d13:   89 88 88 00 00 00 48 8b 42 18 8b 88 48 0b 00 00
0x00007ffe79483d23:   41 89 88 8c 00 00 00 48 8b 42 18 8b 88 4c 0b 00
0x00007ffe79483d33:   00 41 89 88 90 00 00 00 48 8b 42 18 8b 88 50 0b
0x00007ffe79483d43:   00 00 41 89 88 94 00 00 00 48 8b 42 18 8b 88 54 


Stack slot to memory mapping:
stack at sp + 0 slots: 0x00007ffe7948138b ig9icd64.dll
stack at sp + 1 slots: 0x0000000000000001 is an unknown value
stack at sp + 2 slots: 0x0 is NULL
stack at sp + 3 slots: 0x0000021fa0231b00 points into unknown readable memory: 0x00000000ffffffff | ff ff ff ff 00 00 00 00
stack at sp + 4 slots: 0x00007ffec7a82572 igdgmm64.dll
stack at sp + 5 slots: 0x000000e700000065 is an unknown value
stack at sp + 6 slots: 0x000000e7fb0febe0 is pointing into the stack for thread: 0x0000021f956db2c0
stack at sp + 7 slots: 0x0 is NULL


---------------  P R O C E S S  ---------------

Threads class SMR info:
_java_thread_list=0x0000021fa05f1100, length=44, elements={
0x00000645fe239260, 0x00000645fe23a0e0, 0x00000645fe20a700, 0x00000645fe25c000,
0x00000645fe25e8e0, 0x00000645fe25f1b0, 0x00000645fe260270, 0x00000645fe263d40,
0x00000645fe264740, 0x00000645fe364a00, 0x0000021f95468670, 0x0000021f95492540,
0x0000021f956db2c0, 0x0000021f9ff45d00, 0x0000021fa01ec770, 0x0000021fa0047b90,
0x0000021fa0048bb0, 0x0000021fa03d8c30, 0x0000021fa03d9140, 0x0000021fa03d72e0,
0x0000021fa03d6dd0, 0x0000021fa03d9650, 0x0000021fa03d9b60, 0x0000021fa03d77f0,
0x0000021fa03d8720, 0x0000021fa03d8210, 0x0000021fa03da070, 0x0000021fa03d7d00,
0x0000021fa03da580, 0x0000021fa0564220, 0x0000021fa0565660, 0x0000021fa0564c40,
0x0000021fa0565b70, 0x0000021fa0566080, 0x0000021fa0566aa0, 0x0000021fa0566590,
0x0000021fa0566fb0, 0x0000021fa05674c0, 0x0000021fa0563d10, 0x0000021fa0564730,
0x0000021fa03153d0, 0x0000021fa03107e0, 0x0000021fa03158e0, 0x0000021fa0313f90
}

Java Threads: ( => current thread )
  0x00000645fe239260 JavaThread "Reference Handler" daemon [_thread_blocked, id=40556, stack(0x000000e7fa300000,0x000000e7fa400000)]
  0x00000645fe23a0e0 JavaThread "Finalizer" daemon [_thread_blocked, id=39616, stack(0x000000e7fa400000,0x000000e7fa500000)]
  0x00000645fe20a700 JavaThread "Signal Dispatcher" daemon [_thread_blocked, id=39572, stack(0x000000e7fa500000,0x000000e7fa600000)]
  0x00000645fe25c000 JavaThread "Attach Listener" daemon [_thread_blocked, id=7116, stack(0x000000e7fa600000,0x000000e7fa700000)]
  0x00000645fe25e8e0 JavaThread "Service Thread" daemon [_thread_blocked, id=33008, stack(0x000000e7fa700000,0x000000e7fa800000)]
  0x00000645fe25f1b0 JavaThread "Monitor Deflation Thread" daemon [_thread_blocked, id=10912, stack(0x000000e7fa800000,0x000000e7fa900000)]
  0x00000645fe260270 JavaThread "C2 CompilerThread0" daemon [_thread_blocked, id=33652, stack(0x000000e7fa900000,0x000000e7faa00000)]
  0x00000645fe263d40 JavaThread "C1 CompilerThread0" daemon [_thread_blocked, id=40116, stack(0x000000e7faa00000,0x000000e7fab00000)]
  0x00000645fe264740 JavaThread "Sweeper thread" daemon [_thread_blocked, id=37772, stack(0x000000e7fab00000,0x000000e7fac00000)]
  0x00000645fe364a00 JavaThread "Common-Cleaner" daemon [_thread_blocked, id=39208, stack(0x000000e7fac00000,0x000000e7fad00000)]
  0x0000021f95468670 JavaThread "Monitor Ctrl-Break" daemon [_thread_in_native, id=38608, stack(0x000000e7fad00000,0x000000e7fae00000)]
  0x0000021f95492540 JavaThread "Notification Thread" daemon [_thread_blocked, id=40004, stack(0x000000e7fae00000,0x000000e7faf00000)]
=>0x0000021f956db2c0 JavaThread "Java2D Queue Flusher" daemon [_thread_in_native, id=40612, stack(0x000000e7fb000000,0x000000e7fb100000)]
  0x0000021f9ff45d00 JavaThread "Java2D Disposer" daemon [_thread_blocked, id=38672, stack(0x000000e7fb500000,0x000000e7fb600000)]
  0x0000021fa01ec770 JavaThread "AWT-Windows" daemon [_thread_in_native, id=23976, stack(0x000000e7fb700000,0x000000e7fb800000)]
  0x0000021fa0047b90 JavaThread "Java Sound Event Dispatcher" daemon [_thread_blocked, id=18956, stack(0x000000e7fc300000,0x000000e7fc400000)]
  0x0000021fa0048bb0 JavaThread "Direct Clip" daemon [_thread_blocked, id=39880, stack(0x000000e7fc600000,0x000000e7fc700000)]
  0x0000021fa03d8c30 JavaThread "Direct Clip" daemon [_thread_blocked, id=19732, stack(0x000000e7fc700000,0x000000e7fc800000)]
  0x0000021fa03d9140 JavaThread "Direct Clip" daemon [_thread_blocked, id=33932, stack(0x000000e7fc800000,0x000000e7fc900000)]
  0x0000021fa03d72e0 JavaThread "Direct Clip" daemon [_thread_blocked, id=36696, stack(0x000000e7fc900000,0x000000e7fca00000)]
  0x0000021fa03d6dd0 JavaThread "Direct Clip" daemon [_thread_blocked, id=33672, stack(0x000000e7fca00000,0x000000e7fcb00000)]
  0x0000021fa03d9650 JavaThread "Direct Clip" daemon [_thread_blocked, id=41924, stack(0x000000e7fb600000,0x000000e7fb700000)]
  0x0000021fa03d9b60 JavaThread "Direct Clip" daemon [_thread_blocked, id=23148, stack(0x000000e7fcb00000,0x000000e7fcc00000)]
  0x0000021fa03d77f0 JavaThread "Direct Clip" daemon [_thread_blocked, id=13052, stack(0x000000e7fcc00000,0x000000e7fcd00000)]
  0x0000021fa03d8720 JavaThread "Direct Clip" daemon [_thread_blocked, id=30260, stack(0x000000e7fcd00000,0x000000e7fce00000)]
  0x0000021fa03d8210 JavaThread "Direct Clip" daemon [_thread_blocked, id=33240, stack(0x000000e7fce00000,0x000000e7fcf00000)]
  0x0000021fa03da070 JavaThread "Direct Clip" daemon [_thread_blocked, id=6636, stack(0x000000e7fcf00000,0x000000e7fd000000)]
  0x0000021fa03d7d00 JavaThread "Direct Clip" daemon [_thread_blocked, id=35860, stack(0x000000e7fd000000,0x000000e7fd100000)]
  0x0000021fa03da580 JavaThread "Direct Clip" daemon [_thread_blocked, id=35256, stack(0x000000e7fd100000,0x000000e7fd200000)]
  0x0000021fa0564220 JavaThread "Direct Clip" daemon [_thread_blocked, id=35028, stack(0x000000e7fd200000,0x000000e7fd300000)]
  0x0000021fa0565660 JavaThread "Direct Clip" daemon [_thread_blocked, id=4944, stack(0x000000e7fd300000,0x000000e7fd400000)]
  0x0000021fa0564c40 JavaThread "Direct Clip" daemon [_thread_blocked, id=27104, stack(0x000000e7fd400000,0x000000e7fd500000)]
  0x0000021fa0565b70 JavaThread "Direct Clip" daemon [_thread_blocked, id=42216, stack(0x000000e7fd500000,0x000000e7fd600000)]
  0x0000021fa0566080 JavaThread "Direct Clip" daemon [_thread_blocked, id=20812, stack(0x000000e7fd600000,0x000000e7fd700000)]
  0x0000021fa0566aa0 JavaThread "Direct Clip" daemon [_thread_blocked, id=31932, stack(0x000000e7fd700000,0x000000e7fd800000)]
  0x0000021fa0566590 JavaThread "Direct Clip" daemon [_thread_blocked, id=27100, stack(0x000000e7fd800000,0x000000e7fd900000)]
  0x0000021fa0566fb0 JavaThread "Direct Clip" daemon [_thread_blocked, id=32816, stack(0x000000e7fd900000,0x000000e7fda00000)]
  0x0000021fa05674c0 JavaThread "AWT-Shutdown" [_thread_blocked, id=42408, stack(0x000000e7fda00000,0x000000e7fdb00000)]
  0x0000021fa0563d10 JavaThread "AWT-EventQueue-0" [_thread_blocked, id=40820, stack(0x000000e7fdb00000,0x000000e7fdc00000)]
  0x0000021fa0564730 JavaThread "DestroyJavaVM" [_thread_blocked, id=31880, stack(0x000000e7f9c00000,0x000000e7f9d00000)]
  0x0000021fa03153d0 JavaThread "TimerQueue" daemon [_thread_blocked, id=42940, stack(0x000000e7fe200000,0x000000e7fe300000)]
  0x0000021fa03107e0 JavaThread "Thread-0" [_thread_blocked, id=23668, stack(0x000000e7fe300000,0x000000e7fe400000)]
  0x0000021fa03158e0 JavaThread "Forest" [_thread_in_vm, id=5416, stack(0x000000e7fe400000,0x000000e7fe500000)]
  0x0000021fa0313f90 JavaThread "ToolkitShutdown" daemon [_thread_in_native, id=5092, stack(0x000000e7fea00000,0x000000e7feb00000)]

Other Threads:
  0x00000645fe222620 VMThread "VM Thread" [stack: 0x000000e7fa200000,0x000000e7fa300000] [id=22972]
  0x0000021f95467240 WatcherThread [stack: 0x000000e7faf00000,0x000000e7fb000000] [id=42068]
  0x0000021ff04cad00 GCTaskThread "GC Thread#0" [stack: 0x000000e7f9d00000,0x000000e7f9e00000] [id=13112]
  0x0000021fa02f69e0 GCTaskThread "GC Thread#1" [stack: 0x000000e7fb900000,0x000000e7fba00000] [id=30724]
  0x0000021fa02f6ca0 GCTaskThread "GC Thread#2" [stack: 0x000000e7fba00000,0x000000e7fbb00000] [id=42872]
  0x0000021fa02f6f60 GCTaskThread "GC Thread#3" [stack: 0x000000e7fbb00000,0x000000e7fbc00000] [id=26420]
  0x0000021fa02f7220 GCTaskThread "GC Thread#4" [stack: 0x000000e7fbc00000,0x000000e7fbd00000] [id=42088]
  0x0000021fa02f74e0 GCTaskThread "GC Thread#5" [stack: 0x000000e7fbd00000,0x000000e7fbe00000] [id=40048]
  0x0000021fa0403050 GCTaskThread "GC Thread#6" [stack: 0x000000e7fbe00000,0x000000e7fbf00000] [id=42228]
  0x0000021fa0488b80 GCTaskThread "GC Thread#7" [stack: 0x000000e7fbf00000,0x000000e7fc000000] [id=32428]
  0x0000021fa003e080 GCTaskThread "GC Thread#8" [stack: 0x000000e7fc000000,0x000000e7fc100000] [id=28828]
  0x0000021fa003e340 GCTaskThread "GC Thread#9" [stack: 0x000000e7fc100000,0x000000e7fc200000] [id=19416]
  0x0000021ff04cd3d0 ConcurrentGCThread "G1 Main Marker" [stack: 0x000000e7f9e00000,0x000000e7f9f00000] [id=6000]
  0x0000021ff04cddf0 ConcurrentGCThread "G1 Conc#0" [stack: 0x000000e7f9f00000,0x000000e7fa000000] [id=35108]
  0x0000021fa027bb60 ConcurrentGCThread "G1 Conc#1" [stack: 0x000000e7fe500000,0x000000e7fe600000] [id=29776]
  0x0000021fa027b5e0 ConcurrentGCThread "G1 Conc#2" [stack: 0x000000e7fe600000,0x000000e7fe700000] [id=19132]
  0x0000021ff46cb790 ConcurrentGCThread "G1 Refine#0" [stack: 0x000000e7fa000000,0x000000e7fa100000] [id=38088]
  0x0000021fa03ebc10 ConcurrentGCThread "G1 Refine#1" [stack: 0x000000e7fdc00000,0x000000e7fdd00000] [id=4224]
  0x0000021fa000dec0 ConcurrentGCThread "G1 Refine#2" [stack: 0x000000e7fdd00000,0x000000e7fde00000] [id=41120]
  0x0000021f955feaa0 ConcurrentGCThread "G1 Refine#3" [stack: 0x000000e7fde00000,0x000000e7fdf00000] [id=24228]
  0x0000021ff46cc1c0 ConcurrentGCThread "G1 Service" [stack: 0x000000e7fa100000,0x000000e7fa200000] [id=18108]

Threads with active compile tasks:

VM state: not at safepoint (normal execution)

VM Mutex/Monitor currently owned by a thread: None

CDS archive(s) not mapped
Compressed class space mapped at: 0x0000000080000000-0x00000000c0000000, reserved size: 1073741824
Narrow klass base: 0x0000000000000000, Narrow klass shift: 0, Narrow klass range: 0xc0000000

GC Precious Log:
 CPUs: 12 total, 12 available
 Memory: 16254M
 Large Page Support: Disabled
 NUMA Support: Disabled
 Compressed Oops: Disabled
 Heap Region Size: 32M
 Heap Min Capacity: 32M
 Heap Initial Capacity: 256M
 Heap Max Capacity: 4096G
 Pre-touch: Disabled
 Parallel Workers: 10
 Concurrent Workers: 3
 Concurrent Refinement Workers: 10
 Periodic GC: Disabled

Heap:
 garbage-first heap   total 557056K, used 235825K [0x0000021ff6000000, 0x0000061ff6000000)
  region size 32768K, 2 young (65536K), 1 survivors (32768K)
 Metaspace       used 21604K, committed 21888K, reserved 1114112K
  class space    used 2215K, committed 2368K, reserved 1048576K

Heap Regions: E=young(eden), S=young(survivor), O=old, HS=humongous(starts), HC=humongous(continues), CS=collection set, F=free, OA=open archive, CA=closed archive, TAMS=top-at-mark-start (previous, next)
|   0|0x0000021ff6000000, 0x0000021ff8000000, 0x0000021ff8000000|100%| O|  |TAMS 0x0000021ff8000000, 0x0000021ff6000000| Untracked 
|   1|0x0000021ff8000000, 0x0000021ffa000000, 0x0000021ffa000000|100%|HS|  |TAMS 0x0000021ffa000000, 0x0000021ff8000000| Complete 
|   2|0x0000021ffa000000, 0x0000021ffc000000, 0x0000021ffc000000|100%| O|  |TAMS 0x0000021ffc000000, 0x0000021ffa000000| Complete 
|   3|0x0000021ffc000000, 0x0000021ffe000000, 0x0000021ffe000000|100%| O|  |TAMS 0x0000021ffe000000, 0x0000021ffc000000| Untracked 
|   4|0x0000021ffe000000, 0x0000022000000000, 0x0000022000000000|100%| O|  |TAMS 0x0000022000000000, 0x0000021ffe000000| Untracked 
|   5|0x0000022000000000, 0x0000022002000000, 0x0000022002000000|100%| O|  |TAMS 0x0000022002000000, 0x0000022000000000| Untracked 
|   6|0x0000022002000000, 0x0000022004000000, 0x0000022004000000|100%| O|  |TAMS 0x0000022002110e00, 0x0000022002000000| Untracked 
|   7|0x0000022004000000, 0x000002200427e600, 0x0000022006000000|  7%| O|  |TAMS 0x0000022004000000, 0x0000022004000000| Untracked 
|   8|0x0000022006000000, 0x0000022006000000, 0x0000022008000000|  0%| F|  |TAMS 0x0000022006000000, 0x0000022006000000| Untracked 
|   9|0x0000022008000000, 0x0000022008000000, 0x000002200a000000|  0%| F|  |TAMS 0x0000022008000000, 0x0000022008000000| Untracked 
|  10|0x000002200a000000, 0x000002200a000000, 0x000002200c000000|  0%| F|  |TAMS 0x000002200a000000, 0x000002200a000000| Untracked 
|  11|0x000002200c000000, 0x000002200c000000, 0x000002200e000000|  0%| F|  |TAMS 0x000002200c000000, 0x000002200c000000| Untracked 
|  12|0x000002200e000000, 0x000002200e000000, 0x0000022010000000|  0%| F|  |TAMS 0x000002200e000000, 0x000002200e000000| Untracked 
|  13|0x0000022010000000, 0x0000022010000000, 0x0000022012000000|  0%| F|  |TAMS 0x0000022010000000, 0x0000022010000000| Untracked 
|  14|0x0000022012000000, 0x00000220123cde00, 0x0000022014000000| 11%| S|CS|TAMS 0x0000022012000000, 0x0000022012000000| Complete 
|  15|0x0000022014000000, 0x0000022014daa038, 0x0000022016000000| 42%| E|  |TAMS 0x0000022014000000, 0x0000022014000000| Complete 
|  16|0x0000022016000000, 0x0000022016000000, 0x0000022018000000|  0%| F|  |TAMS 0x0000022016000000, 0x0000022016000000| Untracked 

Card table byte_map: [0x00000621fe010000,0x00000623fe010000] _byte_map_base: 0x00000620ee060000

Marking Bits (Prev, Next): (CMBitMap*) 0x0000021ff04cb360, (CMBitMap*) 0x0000021ff04cb320
 Prev Bits: [0x00000635fe010000, 0x00000645fe010000)
 Next Bits: [0x00000625fe010000, 0x00000635fe010000)

Polling page: 0x0000021fee5a0000

Metaspace:

Usage:
  Non-class:     18.93 MB used.
      Class:      2.16 MB used.
       Both:     21.10 MB used.

Virtual space:
  Non-class space:       64.00 MB reserved,      19.06 MB ( 30%) committed,  1 nodes.
      Class space:        1.00 GB reserved,       2.31 MB ( <1%) committed,  1 nodes.
             Both:        1.06 GB reserved,      21.38 MB (  2%) committed. 

Chunk freelists:
   Non-Class:  12.97 MB
       Class:  13.72 MB
        Both:  26.69 MB

MaxMetaspaceSize: unlimited
CompressedClassSpaceSize: 1.00 GB
Initial GC threshold: 21.00 MB
Current GC threshold: 35.31 MB
CDS: off
MetaspaceReclaimPolicy: balanced
 - commit_granule_bytes: 65536.
 - commit_granule_words: 8192.
 - virtual_space_node_default_size: 8388608.
 - enlarge_chunks_in_place: 1.
 - new_chunks_are_fully_committed: 0.
 - uncommit_free_chunks: 1.
 - use_allocation_guard: 0.
 - handle_deallocations: 1.


Internal statistics:

num_allocs_failed_limit: 3.
num_arena_births: 264.
num_arena_deaths: 0.
num_vsnodes_births: 2.
num_vsnodes_deaths: 0.
num_space_committed: 342.
num_space_uncommitted: 0.
num_chunks_returned_to_freelist: 3.
num_chunks_taken_from_freelist: 394.
num_chunk_merges: 0.
num_chunk_splits: 225.
num_chunks_enlarged: 107.
num_inconsistent_stats: 0.

CodeHeap 'non-profiled nmethods': size=120000Kb used=884Kb max_used=884Kb free=119115Kb
 bounds [0x0000021f87ad0000, 0x0000021f87d40000, 0x0000021f8f000000]
CodeHeap 'profiled nmethods': size=120000Kb used=4179Kb max_used=4179Kb free=115821Kb
 bounds [0x0000021f80000000, 0x0000021f80420000, 0x0000021f87530000]
CodeHeap 'non-nmethods': size=5760Kb used=1300Kb max_used=1330Kb free=4459Kb
 bounds [0x0000021f87530000, 0x0000021f877a0000, 0x0000021f87ad0000]
 total_blobs=2957 nmethods=2319 adapters=551
 compilation: enabled
              stopped_count=0, restarted_count=0
 full_count=0

Compilation events (20 events):
Event: 11.878 Thread 0x00000645fe263d40 2312       3       java.lang.StrictMath::ceil (10 bytes)
Event: 11.878 Thread 0x00000645fe263d40 nmethod 2312 0x0000021f80411090 code [0x0000021f80411260, 0x0000021f80411388]
Event: 11.878 Thread 0x00000645fe263d40 2313   !   3       sun.java2d.SunGraphics2D::validateCompClip (186 bytes)
Event: 11.878 Thread 0x00000645fe263d40 nmethod 2313 0x0000021f80411410 code [0x0000021f804116a0, 0x0000021f804122d8]
Event: 11.896 Thread 0x00000645fe263d40 2314       3       java.awt.Component$FlipBufferStrategy::getBackBuffer (33 bytes)
Event: 11.896 Thread 0x00000645fe263d40 nmethod 2314 0x0000021f80412690 code [0x0000021f80412860, 0x0000021f80412b38]
Event: 11.896 Thread 0x00000645fe263d40 2315  s    3       sun.awt.windows.WComponentPeer::getBackBuffer (22 bytes)
Event: 11.896 Thread 0x00000645fe263d40 nmethod 2315 0x0000021f80412c90 code [0x0000021f80412e40, 0x0000021f80413108]
Event: 11.912 Thread 0x00000645fe263d40 2316       1       java.awt.BasicStroke::getLineWidth (5 bytes)
Event: 11.912 Thread 0x00000645fe263d40 nmethod 2316 0x0000021f87bac490 code [0x0000021f87bac620, 0x0000021f87bac6f8]
Event: 11.913 Thread 0x00000645fe263d40 2317       3       sun.java2d.SurfaceData::getPaintSurfaceType (144 bytes)
Event: 11.913 Thread 0x00000645fe263d40 nmethod 2317 0x0000021f80413210 code [0x0000021f80413480, 0x0000021f80414598]
Event: 11.913 Thread 0x00000645fe263d40 2318       3       sun.java2d.SurfaceData::getFillCompositeType (32 bytes)
Event: 11.913 Thread 0x00000645fe263d40 nmethod 2318 0x0000021f80414810 code [0x0000021f804149c0, 0x0000021f80414b78]
Event: 11.913 Thread 0x00000645fe263d40 2319       1       sun.java2d.SunGraphics2D::getSurfaceData (5 bytes)
Event: 11.914 Thread 0x00000645fe263d40 nmethod 2319 0x0000021f87bac790 code [0x0000021f87bac920, 0x0000021f87bac9f8]
Event: 11.914 Thread 0x00000645fe263d40 2320       1       net.sendback.util.resources.Sprites::getTexture (5 bytes)
Event: 11.914 Thread 0x00000645fe263d40 nmethod 2320 0x0000021f87baca90 code [0x0000021f87bacc20, 0x0000021f87baccf8]
Event: 11.914 Thread 0x00000645fe263d40 2321       1       sun.awt.windows.WObjectPeer::getData (5 bytes)
Event: 11.914 Thread 0x00000645fe263d40 nmethod 2321 0x0000021f87bacd90 code [0x0000021f87bacf20, 0x0000021f87bacff8]

GC Heap History (18 events):
Event: 2.809 GC heap before
{Heap before GC invocations=0 (full 0):
 garbage-first heap   total 262144K, used 32768K [0x0000021ff6000000, 0x0000061ff6000000)
  region size 32768K, 1 young (32768K), 0 survivors (0K)
 Metaspace       used 16517K, committed 16768K, reserved 1114112K
  class space    used 1554K, committed 1664K, reserved 1048576K
}
Event: 2.822 GC heap after
{Heap after GC invocations=1 (full 0):
 garbage-first heap   total 262144K, used 6148K [0x0000021ff6000000, 0x0000061ff6000000)
  region size 32768K, 1 young (32768K), 1 survivors (32768K)
 Metaspace       used 16517K, committed 16768K, reserved 1114112K
  class space    used 1554K, committed 1664K, reserved 1048576K
}
Event: 2.990 GC heap before
{Heap before GC invocations=1 (full 0):
 garbage-first heap   total 262144K, used 6148K [0x0000021ff6000000, 0x0000061ff6000000)
  region size 32768K, 2 young (65536K), 1 survivors (32768K)
 Metaspace       used 16592K, committed 16832K, reserved 1114112K
  class space    used 1556K, committed 1664K, reserved 1048576K
}
Event: 2.997 GC heap after
{Heap after GC invocations=2 (full 0):
 garbage-first heap   total 262144K, used 15041K [0x0000021ff6000000, 0x0000061ff6000000)
  region size 32768K, 1 young (32768K), 1 survivors (32768K)
 Metaspace       used 16592K, committed 16832K, reserved 1114112K
  class space    used 1556K, committed 1664K, reserved 1048576K
}
Event: 3.287 GC heap before
{Heap before GC invocations=2 (full 0):
 garbage-first heap   total 262144K, used 47809K [0x0000021ff6000000, 0x0000061ff6000000)
  region size 32768K, 2 young (65536K), 1 survivors (32768K)
 Metaspace       used 16599K, committed 16832K, reserved 1114112K
  class space    used 1556K, committed 1664K, reserved 1048576K
}
Event: 3.298 GC heap after
{Heap after GC invocations=3 (full 0):
 garbage-first heap   total 262144K, used 30914K [0x0000021ff6000000, 0x0000061ff6000000)
  region size 32768K, 1 young (32768K), 1 survivors (32768K)
 Metaspace       used 16599K, committed 16832K, reserved 1114112K
  class space    used 1556K, committed 1664K, reserved 1048576K
}
Event: 3.327 GC heap before
{Heap before GC invocations=3 (full 0):
 garbage-first heap   total 262144K, used 30914K [0x0000021ff6000000, 0x0000061ff6000000)
  region size 32768K, 2 young (65536K), 1 survivors (32768K)
 Metaspace       used 16600K, committed 16832K, reserved 1114112K
  class space    used 1556K, committed 1664K, reserved 1048576K
}
Event: 3.341 GC heap after
{Heap after GC invocations=4 (full 0):
 garbage-first heap   total 262144K, used 47063K [0x0000021ff6000000, 0x0000061ff6000000)
  region size 32768K, 1 young (32768K), 1 survivors (32768K)
 Metaspace       used 16600K, committed 16832K, reserved 1114112K
  class space    used 1556K, committed 1664K, reserved 1048576K
}
Event: 3.553 GC heap before
{Heap before GC invocations=4 (full 0):
 garbage-first heap   total 262144K, used 79831K [0x0000021ff6000000, 0x0000061ff6000000)
  region size 32768K, 2 young (65536K), 1 survivors (32768K)
 Metaspace       used 16951K, committed 17216K, reserved 1114112K
  class space    used 1608K, committed 1728K, reserved 1048576K
}
Event: 3.566 GC heap after
{Heap after GC invocations=5 (full 0):
 garbage-first heap   total 262144K, used 114147K [0x0000021ff6000000, 0x0000061ff6000000)
  region size 32768K, 1 young (32768K), 1 survivors (32768K)
 Metaspace       used 16951K, committed 17216K, reserved 1114112K
  class space    used 1608K, committed 1728K, reserved 1048576K
}
Event: 3.644 GC heap before
{Heap before GC invocations=5 (full 0):
 garbage-first heap   total 262144K, used 114147K [0x0000021ff6000000, 0x0000061ff6000000)
  region size 32768K, 2 young (65536K), 1 survivors (32768K)
 Metaspace       used 16955K, committed 17216K, reserved 1114112K
  class space    used 1608K, committed 1728K, reserved 1048576K
}
Event: 3.661 GC heap after
{Heap after GC invocations=6 (full 0):
 garbage-first heap   total 524288K, used 146842K [0x0000021ff6000000, 0x0000061ff6000000)
  region size 32768K, 1 young (32768K), 1 survivors (32768K)
 Metaspace       used 16955K, committed 17216K, reserved 1114112K
  class space    used 1608K, committed 1728K, reserved 1048576K
}
Event: 4.123 GC heap before
{Heap before GC invocations=6 (full 0):
 garbage-first heap   total 524288K, used 179610K [0x0000021ff6000000, 0x0000061ff6000000)
  region size 32768K, 2 young (65536K), 1 survivors (32768K)
 Metaspace       used 17418K, committed 17664K, reserved 1114112K
  class space    used 1666K, committed 1792K, reserved 1048576K
}
Event: 4.137 GC heap after
{Heap after GC invocations=7 (full 0):
 garbage-first heap   total 524288K, used 166868K [0x0000021ff6000000, 0x0000061ff6000000)
  region size 32768K, 1 young (32768K), 1 survivors (32768K)
 Metaspace       used 17418K, committed 17664K, reserved 1114112K
  class space    used 1666K, committed 1792K, reserved 1048576K
}
Event: 7.287 GC heap before
{Heap before GC invocations=7 (full 0):
 garbage-first heap   total 524288K, used 232404K [0x0000021ff6000000, 0x0000061ff6000000)
  region size 32768K, 3 young (98304K), 1 survivors (32768K)
 Metaspace       used 18976K, committed 19200K, reserved 1114112K
  class space    used 1889K, committed 1984K, reserved 1048576K
}
Event: 7.314 GC heap after
{Heap after GC invocations=8 (full 0):
 garbage-first heap   total 524288K, used 230467K [0x0000021ff6000000, 0x0000061ff6000000)
  region size 32768K, 1 young (32768K), 1 survivors (32768K)
 Metaspace       used 18976K, committed 19200K, reserved 1114112K
  class space    used 1889K, committed 1984K, reserved 1048576K
}
Event: 9.727 GC heap before
{Heap before GC invocations=8 (full 0):
 garbage-first heap   total 524288K, used 230467K [0x0000021ff6000000, 0x0000061ff6000000)
  region size 32768K, 2 young (65536K), 1 survivors (32768K)
 Metaspace       used 21253K, committed 21504K, reserved 1114112K
  class space    used 2196K, committed 2304K, reserved 1048576K
}
Event: 9.739 GC heap after
{Heap after GC invocations=9 (full 0):
 garbage-first heap   total 524288K, used 235825K [0x0000021ff6000000, 0x0000061ff6000000)
  region size 32768K, 1 young (32768K), 1 survivors (32768K)
 Metaspace       used 21253K, committed 21504K, reserved 1114112K
  class space    used 2196K, committed 2304K, reserved 1048576K
}

Dll operation events (3 events):
Event: 0.011 Loaded shared library C:\Users\bader\.jdks\jbrsdk_jcef-17.0.9\bin\java.dll
Event: 0.141 Loaded shared library C:\Users\bader\.jdks\jbrsdk_jcef-17.0.9\bin\jsvml.dll
Event: 0.247 Loaded shared library C:\Users\bader\.jdks\jbrsdk_jcef-17.0.9\bin\zip.dll

Deoptimization events (20 events):
Event: 9.792 Thread 0x0000021fa03158e0 DEOPT PACKING pc=0x0000021f8036ed88 sp=0x000000e7fe4ff600
Event: 9.792 Thread 0x0000021fa03158e0 DEOPT UNPACKING pc=0x0000021f87587143 sp=0x000000e7fe4feb20 mode 0
Event: 9.862 Thread 0x0000021fa03107e0 DEOPT PACKING pc=0x0000021f803a5845 sp=0x000000e7fe3ff320
Event: 9.862 Thread 0x0000021fa03107e0 DEOPT UNPACKING pc=0x0000021f87587143 sp=0x000000e7fe3fe830 mode 0
Event: 11.363 Thread 0x0000021fa0563d10 Uncommon trap: trap_request=0xffffffde fr.pc=0x0000021f87b77544 relative=0x0000000000000504
Event: 11.363 Thread 0x0000021fa0563d10 Uncommon trap: reason=class_check action=maybe_recompile pc=0x0000021f87b77544 method=java.util.HashMap.getNode(Ljava/lang/Object;)Ljava/util/HashMap$Node; @ 128 c2
Event: 11.363 Thread 0x0000021fa0563d10 DEOPT PACKING pc=0x0000021f87b77544 sp=0x000000e7fdbfe990
Event: 11.363 Thread 0x0000021fa0563d10 DEOPT UNPACKING pc=0x0000021f875869a3 sp=0x000000e7fdbfe8a8 mode 2
Event: 11.444 Thread 0x0000021fa0563d10 Uncommon trap: trap_request=0xffffffc6 fr.pc=0x0000021f87b858a8 relative=0x0000000000000568
Event: 11.444 Thread 0x0000021fa0563d10 Uncommon trap: reason=bimorphic_or_optimized_type_check action=maybe_recompile pc=0x0000021f87b858a8 method=java.util.HashMap.getNode(Ljava/lang/Object;)Ljava/util/HashMap$Node; @ 63 c2
Event: 11.444 Thread 0x0000021fa0563d10 DEOPT PACKING pc=0x0000021f87b858a8 sp=0x000000e7fdbfe890
Event: 11.444 Thread 0x0000021fa0563d10 DEOPT UNPACKING pc=0x0000021f875869a3 sp=0x000000e7fdbfe818 mode 2
Event: 11.444 Thread 0x0000021fa0563d10 Uncommon trap: trap_request=0xffffffc6 fr.pc=0x0000021f87b858a8 relative=0x0000000000000568
Event: 11.444 Thread 0x0000021fa0563d10 Uncommon trap: reason=bimorphic_or_optimized_type_check action=maybe_recompile pc=0x0000021f87b858a8 method=java.util.HashMap.getNode(Ljava/lang/Object;)Ljava/util/HashMap$Node; @ 63 c2
Event: 11.444 Thread 0x0000021fa0563d10 DEOPT PACKING pc=0x0000021f87b858a8 sp=0x000000e7fdbfe920
Event: 11.444 Thread 0x0000021fa0563d10 DEOPT UNPACKING pc=0x0000021f875869a3 sp=0x000000e7fdbfe8a8 mode 2
Event: 11.444 Thread 0x0000021fa0563d10 Uncommon trap: trap_request=0xffffffc6 fr.pc=0x0000021f87b858a8 relative=0x0000000000000568
Event: 11.444 Thread 0x0000021fa0563d10 Uncommon trap: reason=bimorphic_or_optimized_type_check action=maybe_recompile pc=0x0000021f87b858a8 method=java.util.HashMap.getNode(Ljava/lang/Object;)Ljava/util/HashMap$Node; @ 63 c2
Event: 11.444 Thread 0x0000021fa0563d10 DEOPT PACKING pc=0x0000021f87b858a8 sp=0x000000e7fdbfe800
Event: 11.444 Thread 0x0000021fa0563d10 DEOPT UNPACKING pc=0x0000021f875869a3 sp=0x000000e7fdbfe788 mode 2

Classes unloaded (0 events):
No events

Classes redefined (0 events):
No events

Internal exceptions (20 events):
Event: 2.736 Thread 0x0000021ff040e0d0 Exception <a 'java/lang/NoSuchMethodError'{0x000002200575b1a0}: 'int java.lang.invoke.DirectMethodHandle$Holder.invokeStaticInit(java.lang.Object, int, int)'> (0x000002200575b1a0) 
thrown [s\src\hotspot\share\interpreter\linkResolver.cpp, line 771]
Event: 2.737 Thread 0x0000021ff040e0d0 Exception <a 'java/lang/NoSuchMethodError'{0x0000022005764cc8}: 'int java.lang.invoke.DirectMethodHandle$Holder.invokeStaticInit(java.lang.Object, long, long)'> (0x0000022005764cc8) 
thrown [s\src\hotspot\share\interpreter\linkResolver.cpp, line 771]
Event: 2.737 Thread 0x0000021ff040e0d0 Exception <a 'java/lang/NoSuchMethodError'{0x000002200576d9b0}: 'int java.lang.invoke.DirectMethodHandle$Holder.invokeStaticInit(java.lang.Object, float, float)'> (0x000002200576d9b0) 
thrown [s\src\hotspot\share\interpreter\linkResolver.cpp, line 771]
Event: 2.738 Thread 0x0000021ff040e0d0 Exception <a 'java/lang/NoSuchMethodError'{0x00000220057766a0}: 'int java.lang.invoke.DirectMethodHandle$Holder.invokeStaticInit(java.lang.Object, double, double)'> (0x00000220057766a0) 
thrown [s\src\hotspot\share\interpreter\linkResolver.cpp, line 771]
Event: 2.738 Thread 0x0000021ff040e0d0 Exception <a 'java/lang/NoSuchMethodError'{0x000002200577c170}: 'int java.lang.invoke.DirectMethodHandle$Holder.invokeStatic(java.lang.Object, long)'> (0x000002200577c170) 
thrown [s\src\hotspot\share\interpreter\linkResolver.cpp, line 771]
Event: 2.742 Thread 0x0000021ff040e0d0 Exception <a 'java/lang/NoSuchMethodError'{0x00000220057aac60}: 'int java.lang.invoke.Invokers$Holder.linkToTargetMethod(java.lang.Object, java.lang.Object)'> (0x00000220057aac60) 
thrown [s\src\hotspot\share\interpreter\linkResolver.cpp, line 771]
Event: 5.110 Thread 0x0000021ff040e0d0 Exception <a 'java/lang/NoSuchMethodError'{0x00000220150e0d90}: 'void java.lang.invoke.DirectMethodHandle$Holder.invokeSpecial(java.lang.Object, java.lang.Object, java.lang.Object)'> (0x00000220150e0d90) 
thrown [s\src\hotspot\share\interpreter\linkResolver.cpp, line 771]
Event: 7.183 Thread 0x0000021ff040e0d0 Exception <a 'java/lang/NoSuchMethodError'{0x0000022011d381e0}: 'void java.lang.invoke.DirectMethodHandle$Holder.invokeStaticInit(java.lang.Object)'> (0x0000022011d381e0) 
thrown [s\src\hotspot\share\interpreter\linkResolver.cpp, line 771]
Event: 7.255 Thread 0x0000021fa0563d10 Exception <a 'java/lang/NoSuchMethodError'{0x0000022011e18b70}: 'java.lang.Object java.lang.invoke.DirectMethodHandle$Holder.newInvokeSpecial(java.lang.Object, java.lang.Object, java.lang.Object, java.lang.Object, java.lang.Object)'> (0x0000022011e18b70) 
thrown [s\src\hotspot\share\interpreter\linkResolver.cpp, line 771]
Event: 7.256 Thread 0x0000021fa0563d10 Exception <a 'java/lang/NoSuchMethodError'{0x0000022011e27440}: 'java.lang.Object java.lang.invoke.DirectMethodHandle$Holder.invokeStatic(java.lang.Object, int, java.lang.Object, java.lang.Object, java.lang.Object, java.lang.Object)'> (0x0000022011e27440) 
thrown [s\src\hotspot\share\interpreter\linkResolver.cpp, line 771]
Event: 7.319 Thread 0x0000021fa0563d10 Exception <a 'java/lang/ClassNotFoundException'{0x0000022014016ed0}: com/sun/swing/internal/plaf/metal/resources/spi/metalProvider> (0x0000022014016ed0) 
thrown [s\src\hotspot\share\classfile\systemDictionary.cpp, line 256]
Event: 7.320 Thread 0x0000021fa0563d10 Exception <a 'java/lang/ClassNotFoundException'{0x000002201401ce28}: com/sun/swing/internal/plaf/basic/resources/spi/basicProvider> (0x000002201401ce28) 
thrown [s\src\hotspot\share\classfile\systemDictionary.cpp, line 256]
Event: 7.323 Thread 0x0000021fa0563d10 Exception <a 'java/lang/NoSuchMethodError'{0x000002201404fe68}: 'java.lang.Object java.lang.invoke.Invokers$Holder.linkToTargetMethod(java.lang.Object, int, java.lang.Object, java.lang.Object, java.lang.Object)'> (0x000002201404fe68) 
thrown [s\src\hotspot\share\interpreter\linkResolver.cpp, line 771]
Event: 7.358 Thread 0x0000021fa01ec770 Exception <a 'java/lang/NoSuchMethodError'{0x00000220140c5c68}: 'void java.lang.invoke.DirectMethodHandle$Holder.invokeVirtual(java.lang.Object, java.lang.Object)'> (0x00000220140c5c68) 
thrown [s\src\hotspot\share\interpreter\linkResolver.cpp, line 771]
Event: 7.383 Thread 0x0000021fa0563d10 Exception <a 'java/lang/NoSuchMethodError'{0x0000022014130688}: 'java.lang.Object java.lang.invoke.DirectMethodHandle$Holder.newInvokeSpecial(java.lang.Object, java.lang.Object, int, int, int, int)'> (0x0000022014130688) 
thrown [s\src\hotspot\share\interpreter\linkResolver.cpp, line 771]
Event: 7.385 Thread 0x0000021fa0563d10 Exception <a 'java/lang/NoSuchMethodError'{0x0000022014142650}: 'void java.lang.invoke.DirectMethodHandle$Holder.invokeSpecial(java.lang.Object, java.lang.Object, int, int)'> (0x0000022014142650) 
thrown [s\src\hotspot\share\interpreter\linkResolver.cpp, line 771]
Event: 7.386 Thread 0x0000021fa0563d10 Exception <a 'java/lang/NoSuchMethodError'{0x000002201414a4b8}: 'java.lang.Object java.lang.invoke.DirectMethodHandle$Holder.newInvokeSpecial(java.lang.Object, java.lang.Object, int, int)'> (0x000002201414a4b8) 
thrown [s\src\hotspot\share\interpreter\linkResolver.cpp, line 771]
Event: 7.558 Thread 0x0000021fa0563d10 Exception <a 'java/lang/NoSuchMethodError'{0x000002201424aaf0}: 'java.lang.Object java.lang.invoke.Invokers$Holder.invoke_MT(java.lang.Object, java.lang.Object, java.lang.Object)'> (0x000002201424aaf0) 
thrown [s\src\hotspot\share\interpreter\linkResolver.cpp, line 771]
Event: 7.560 Thread 0x0000021fa0563d10 Exception <a 'java/lang/NoSuchMethodError'{0x0000022014259258}: 'int java.lang.invoke.Invokers$Holder.invoke_MT(java.lang.Object, java.lang.Object, java.lang.Object)'> (0x0000022014259258) 
thrown [s\src\hotspot\share\interpreter\linkResolver.cpp, line 771]
Event: 8.410 Thread 0x0000021fa0563d10 Exception <a 'java/lang/NoSuchMethodError'{0x00000220142838e0}: 'void java.lang.invoke.DirectMethodHandle$Holder.invokeStatic(java.lang.Object, java.lang.Object, java.lang.Object)'> (0x00000220142838e0) 
thrown [s\src\hotspot\share\interpreter\linkResolver.cpp, line 771]

VM Operations (20 events):
Event: 6.149 Executing VM operation: Cleanup
Event: 6.149 Executing VM operation: Cleanup done
Event: 7.287 Executing VM operation: G1CollectForAllocation
Event: 7.314 Executing VM operation: G1CollectForAllocation done
Event: 7.439 Executing VM operation: HandshakeAllThreads
Event: 7.439 Executing VM operation: HandshakeAllThreads done
Event: 8.443 Executing VM operation: Cleanup
Event: 8.443 Executing VM operation: Cleanup done
Event: 9.444 Executing VM operation: Cleanup
Event: 9.444 Executing VM operation: Cleanup done
Event: 9.727 Executing VM operation: CollectForMetadataAllocation
Event: 9.739 Executing VM operation: CollectForMetadataAllocation done
Event: 9.798 Executing VM operation: G1PauseRemark
Event: 9.800 Executing VM operation: G1PauseRemark done
Event: 9.818 Executing VM operation: G1PauseCleanup
Event: 9.818 Executing VM operation: G1PauseCleanup done
Event: 10.829 Executing VM operation: Cleanup
Event: 10.829 Executing VM operation: Cleanup done
Event: 11.832 Executing VM operation: Cleanup
Event: 11.832 Executing VM operation: Cleanup done

Events (20 events):
Event: 11.364 loading class javax/swing/JInternalFrame done
Event: 11.364 loading class javax/swing/KeyboardManager
Event: 11.364 loading class javax/swing/KeyboardManager done
Event: 11.364 loading class javax/swing/Popup$HeavyWeightWindow
Event: 11.364 loading class sun/awt/ModalExclude
Event: 11.364 loading class sun/awt/ModalExclude done
Event: 11.364 loading class javax/swing/JWindow
Event: 11.365 loading class javax/swing/JWindow done
Event: 11.365 loading class javax/swing/Popup$HeavyWeightWindow done
Event: 11.895 Thread 0x0000021fa0313570 Thread added: 0x0000021fa0313570
Event: 11.895 Thread 0x0000021fa0313a80 Thread added: 0x0000021fa0313a80
Event: 11.895 Thread 0x0000021fa0313f90 Thread added: 0x0000021fa0313f90
Event: 11.895 loading class java/util/WeakHashMap$KeyIterator
Event: 11.896 loading class sun/font/SunFontManager$8$1
Event: 11.896 loading class java/util/WeakHashMap$HashIterator
Event: 11.896 loading class sun/font/SunFontManager$8$1 done
Event: 11.896 loading class java/util/WeakHashMap$HashIterator done
Event: 11.896 loading class java/util/WeakHashMap$KeyIterator done
Event: 11.896 Thread 0x0000021fa0313570 Thread exited: 0x0000021fa0313570
Event: 11.899 Thread 0x0000021fa0313a80 Thread exited: 0x0000021fa0313a80


Dynamic libraries:
0x00007ff782070000 - 0x00007ff78207a000 	C:\Users\bader\.jdks\jbrsdk_jcef-17.0.9\bin\java.exe
0x00007ffed6e90000 - 0x00007ffed7088000 	C:\Windows\SYSTEM32\ntdll.dll
0x00007ffed4f20000 - 0x00007ffed4fe2000 	C:\Windows\System32\KERNEL32.DLL
0x00007ffed4960000 - 0x00007ffed4c5e000 	C:\Windows\System32\KERNELBASE.dll
0x00007ffed4db0000 - 0x00007ffed4eb0000 	C:\Windows\System32\ucrtbase.dll
0x00007ffecf5a0000 - 0x00007ffecf5b7000 	C:\Users\bader\.jdks\jbrsdk_jcef-17.0.9\bin\jli.dll
0x00007ffecd160000 - 0x00007ffecd17b000 	C:\Users\bader\.jdks\jbrsdk_jcef-17.0.9\bin\VCRUNTIME140.dll
0x00007ffed6bd0000 - 0x00007ffed6d6d000 	C:\Windows\System32\USER32.dll
0x00007ffeba210000 - 0x00007ffeba4aa000 	C:\Windows\WinSxS\amd64_microsoft.windows.common-controls_6595b64144ccf1df_6.0.19041.4355_none_60b8b9eb71f62e16\COMCTL32.dll
0x00007ffed4650000 - 0x00007ffed4672000 	C:\Windows\System32\win32u.dll
0x00007ffed61a0000 - 0x00007ffed61cb000 	C:\Windows\System32\GDI32.dll
0x00007ffed67d0000 - 0x00007ffed686e000 	C:\Windows\System32\msvcrt.dll
0x00007ffed4530000 - 0x00007ffed4647000 	C:\Windows\System32\gdi32full.dll
0x00007ffed4d10000 - 0x00007ffed4dad000 	C:\Windows\System32\msvcp_win.dll
0x00007ffed6100000 - 0x00007ffed612f000 	C:\Windows\System32\IMM32.DLL
0x00007ffed0df0000 - 0x00007ffed0dfc000 	C:\Users\bader\.jdks\jbrsdk_jcef-17.0.9\bin\vcruntime140_1.dll
0x00007ffeb69d0000 - 0x00007ffeb6a5d000 	C:\Users\bader\.jdks\jbrsdk_jcef-17.0.9\bin\msvcp140.dll
0x00007ffe44ae0000 - 0x00007ffe45762000 	C:\Users\bader\.jdks\jbrsdk_jcef-17.0.9\bin\server\jvm.dll
0x00007ffed6d90000 - 0x00007ffed6e41000 	C:\Windows\System32\ADVAPI32.dll
0x00007ffed5e40000 - 0x00007ffed5edf000 	C:\Windows\System32\sechost.dll
0x00007ffed62a0000 - 0x00007ffed63c3000 	C:\Windows\System32\RPCRT4.dll
0x00007ffed4760000 - 0x00007ffed4787000 	C:\Windows\System32\bcrypt.dll
0x00007ffecf4c0000 - 0x00007ffecf4c9000 	C:\Windows\SYSTEM32\WSOCK32.dll
0x00007ffed3a60000 - 0x00007ffed3aab000 	C:\Windows\SYSTEM32\POWRPROF.dll
0x00007ffeb9a40000 - 0x00007ffeb9a67000 	C:\Windows\SYSTEM32\WINMM.dll
0x00007ffed6090000 - 0x00007ffed60fb000 	C:\Windows\System32\WS2_32.dll
0x00007ffecd650000 - 0x00007ffecd65a000 	C:\Windows\SYSTEM32\VERSION.dll
0x00007ffed3930000 - 0x00007ffed3942000 	C:\Windows\SYSTEM32\UMPDC.dll
0x00007ffed23b0000 - 0x00007ffed23c2000 	C:\Windows\SYSTEM32\kernel.appcore.dll
0x00007ffecff90000 - 0x00007ffecff9a000 	C:\Users\bader\.jdks\jbrsdk_jcef-17.0.9\bin\jimage.dll
0x00007ffed1cc0000 - 0x00007ffed1ea4000 	C:\Windows\SYSTEM32\DBGHELP.DLL
0x00007ffec4470000 - 0x00007ffec44a4000 	C:\Windows\SYSTEM32\dbgcore.DLL
0x00007ffed46d0000 - 0x00007ffed4752000 	C:\Windows\System32\bcryptPrimitives.dll
0x00007ffecf6b0000 - 0x00007ffecf6be000 	C:\Users\bader\.jdks\jbrsdk_jcef-17.0.9\bin\instrument.dll
0x00007ffebbd20000 - 0x00007ffebbd45000 	C:\Users\bader\.jdks\jbrsdk_jcef-17.0.9\bin\java.dll
0x00007ffebb1f0000 - 0x00007ffebb208000 	C:\Users\bader\.jdks\jbrsdk_jcef-17.0.9\bin\zip.dll
0x00007ffe8a170000 - 0x00007ffe8a247000 	C:\Users\bader\.jdks\jbrsdk_jcef-17.0.9\bin\jsvml.dll
0x00007ffed4ff0000 - 0x00007ffed575d000 	C:\Windows\System32\SHELL32.dll
0x00007ffed25b0000 - 0x00007ffed2d54000 	C:\Windows\SYSTEM32\windows.storage.dll
0x00007ffed6870000 - 0x00007ffed6bc3000 	C:\Windows\System32\combase.dll
0x00007ffed3f60000 - 0x00007ffed3f8e000 	C:\Windows\SYSTEM32\Wldp.dll
0x00007ffed61d0000 - 0x00007ffed629d000 	C:\Windows\System32\OLEAUT32.dll
0x00007ffed65c0000 - 0x00007ffed666d000 	C:\Windows\System32\SHCORE.dll
0x00007ffed6560000 - 0x00007ffed65b5000 	C:\Windows\System32\shlwapi.dll
0x00007ffed4460000 - 0x00007ffed4484000 	C:\Windows\SYSTEM32\profapi.dll
0x00007ffebb1d0000 - 0x00007ffebb1e9000 	C:\Users\bader\.jdks\jbrsdk_jcef-17.0.9\bin\net.dll
0x00007ffeccc80000 - 0x00007ffeccd8d000 	C:\Windows\SYSTEM32\WINHTTP.dll
0x00007ffed3cc0000 - 0x00007ffed3d2a000 	C:\Windows\system32\mswsock.dll
0x00007ffeba090000 - 0x00007ffeba0a6000 	C:\Users\bader\.jdks\jbrsdk_jcef-17.0.9\bin\nio.dll
0x00007ffecf3d0000 - 0x00007ffecf3ea000 	C:\Program Files\JetBrains\IntelliJ IDEA Community Edition 2023.3.6\bin\breakgen64.dll
0x00007ffe82ce0000 - 0x00007ffe82e7a000 	C:\Users\bader\.jdks\jbrsdk_jcef-17.0.9\bin\awt.dll
0x00007ffed20b0000 - 0x00007ffed20df000 	C:\Windows\SYSTEM32\dwmapi.dll
0x00007ffec2b60000 - 0x00007ffec2ba4000 	C:\Users\bader\.jdks\jbrsdk_jcef-17.0.9\bin\nvdaControllerClient64.dll
0x00007ffecf1c0000 - 0x00007ffecf254000 	C:\Windows\SYSTEM32\apphelp.dll
0x00007ffeb81e0000 - 0x00007ffeb8308000 	C:\Windows\system32\opengl32.dll
0x00007ffeb7c60000 - 0x00007ffeb7c8c000 	C:\Windows\SYSTEM32\GLU32.dll
0x00007ffed1090000 - 0x00007ffed112e000 	C:\Windows\system32\uxtheme.dll
0x00007ffed5bd0000 - 0x00007ffed5ce5000 	C:\Windows\System32\MSCTF.dll
0x00007ffed5cf0000 - 0x00007ffed5d99000 	C:\Windows\System32\clbcatq.dll
0x00007ffe78ac0000 - 0x00007ffe79a8a000 	C:\Windows\System32\DriverStore\FileRepository\iigd_dch.inf_amd64_5d54dd32fa1ef4d4\ig9icd64.dll
0x00007ffed6430000 - 0x00007ffed655b000 	C:\Windows\System32\ole32.dll
0x00007ffed2dc0000 - 0x00007ffed2eb6000 	C:\Windows\system32\dxgi.dll
0x00007ffec7a80000 - 0x00007ffec7cbf000 	C:\Windows\System32\DriverStore\FileRepository\iigd_dch.inf_amd64_5d54dd32fa1ef4d4\igdgmm64.dll
0x00007ffec4eb0000 - 0x00007ffec7a79000 	C:\Windows\System32\DriverStore\FileRepository\iigd_dch.inf_amd64_5d54dd32fa1ef4d4\igc64.dll
0x00007ffe63280000 - 0x00007ffe6368c000 	C:\Windows\System32\DriverStore\FileRepository\iigd_dch.inf_amd64_5d54dd32fa1ef4d4\igdml64.dll
0x00007ffed3ec0000 - 0x00007ffed3ed8000 	C:\Windows\SYSTEM32\CRYPTSP.dll
0x00007ffed3570000 - 0x00007ffed35a4000 	C:\Windows\system32\rsaenh.dll
0x00007ffed4420000 - 0x00007ffed444e000 	C:\Windows\SYSTEM32\USERENV.dll
0x00007ffed3eb0000 - 0x00007ffed3ebc000 	C:\Windows\SYSTEM32\CRYPTBASE.dll
0x00007ffed3950000 - 0x00007ffed398b000 	C:\Windows\SYSTEM32\IPHLPAPI.DLL
0x00007ffed5e30000 - 0x00007ffed5e38000 	C:\Windows\System32\NSI.dll
0x00007ffecc960000 - 0x00007ffecc977000 	C:\Windows\SYSTEM32\dhcpcsvc6.DLL
0x00007ffeccbf0000 - 0x00007ffeccc0d000 	C:\Windows\SYSTEM32\dhcpcsvc.DLL
0x00007ffed3990000 - 0x00007ffed3a5a000 	C:\Windows\SYSTEM32\DNSAPI.dll
0x00007ffea8940000 - 0x00007ffea89c7000 	C:\Users\bader\.jdks\jbrsdk_jcef-17.0.9\bin\freetype.dll
0x00007ffe88ba0000 - 0x00007ffe88c77000 	C:\Users\bader\.jdks\jbrsdk_jcef-17.0.9\bin\fontmanager.dll
0x00007ffec4130000 - 0x00007ffec4142000 	C:\Users\bader\.jdks\jbrsdk_jcef-17.0.9\bin\jsound.dll
0x00007ffe8de90000 - 0x00007ffe8df2c000 	C:\Windows\SYSTEM32\DSOUND.dll
0x00007ffec02f0000 - 0x00007ffec0316000 	C:\Windows\SYSTEM32\winmmbase.dll
0x00007ffecce00000 - 0x00007ffecce85000 	C:\Windows\System32\MMDevApi.dll
0x00007ffed42c0000 - 0x00007ffed42f3000 	C:\Windows\System32\DEVOBJ.dll
0x00007ffed4680000 - 0x00007ffed46ce000 	C:\Windows\System32\cfgmgr32.dll
0x00007ffeb5080000 - 0x00007ffeb50c6000 	C:\Windows\SYSTEM32\wdmaud.drv
0x00007ffecf4e0000 - 0x00007ffecf4e9000 	C:\Windows\SYSTEM32\ksuser.dll
0x00007ffeced00000 - 0x00007ffeced0a000 	C:\Windows\SYSTEM32\AVRT.dll
0x00007ffecce90000 - 0x00007ffecd011000 	C:\Windows\SYSTEM32\AUDIOSES.DLL
0x00007ffeb5070000 - 0x00007ffeb507d000 	C:\Windows\SYSTEM32\msacm32.drv
0x00007ffeb5050000 - 0x00007ffeb506e000 	C:\Windows\SYSTEM32\MSACM32.dll
0x00007ffeb5040000 - 0x00007ffeb504b000 	C:\Windows\SYSTEM32\midimap.dll
0x00007ffed1fb0000 - 0x00007ffed1fc4000 	C:\Windows\SYSTEM32\resourcepolicyclient.dll
0x00007ffeb1a60000 - 0x00007ffeb1c05000 	C:\Windows\WinSxS\amd64_microsoft.windows.gdiplus_6595b64144ccf1df_1.1.19041.4597_none_91a78020cc854124\gdiplus.dll
0x00007ffebfdd0000 - 0x00007ffebfec9000 	C:\Windows\SYSTEM32\textinputframework.dll
0x00007ffecea50000 - 0x00007ffeceb42000 	C:\Windows\System32\CoreMessaging.dll
0x00007ffece6e0000 - 0x00007ffecea3b000 	C:\Windows\System32\CoreUIComponents.dll
0x00007ffed37c0000 - 0x00007ffed37f3000 	C:\Windows\SYSTEM32\ntmarta.dll
0x00007ffed12c0000 - 0x00007ffed1417000 	C:\Windows\SYSTEM32\wintypes.dll
0x00007ffeb7e70000 - 0x00007ffeb8165000 	C:\Windows\System32\uiautomationcore.dll
0x00007ffed1880000 - 0x00007ffed1976000 	C:\Windows\System32\PROPSYS.dll
0x00007ffeb8170000 - 0x00007ffeb81d6000 	C:\Windows\System32\OLEACC.dll
0x00007ffebfed0000 - 0x00007ffec000f000 	C:\Windows\System32\Windows.UI.dll
0x00007ffebfc70000 - 0x00007ffebfdc2000 	C:\Windows\System32\InputHost.dll
0x00007ffecbdf0000 - 0x00007ffecbe91000 	C:\Windows\System32\WindowManagementAPI.dll
0x00007ffecb4a0000 - 0x00007ffecb6a3000 	C:\Windows\SYSTEM32\twinapi.appcore.dll

dbghelp: loaded successfully - version: 4.0.5 - missing functions: none
symbol engine: initialized successfully - sym options: 0x614 - pdb path: .;C:\Users\bader\.jdks\jbrsdk_jcef-17.0.9\bin;C:\Windows\SYSTEM32;C:\Windows\WinSxS\amd64_microsoft.windows.common-controls_6595b64144ccf1df_6.0.19041.4355_none_60b8b9eb71f62e16;C:\Users\bader\.jdks\jbrsdk_jcef-17.0.9\bin\server;C:\Program Files\JetBrains\IntelliJ IDEA Community Edition 2023.3.6\bin;C:\Windows\System32\DriverStore\FileRepository\iigd_dch.inf_amd64_5d54dd32fa1ef4d4;C:\Windows\WinSxS\amd64_microsoft.windows.gdiplus_6595b64144ccf1df_1.1.19041.4597_none_91a78020cc854124

VM Arguments:
jvm_args: -Xmx3072g -Xmx4096g -Dsun.java2d.opengl=true -XX:ErrorFile=logs/hs_err_pid%p.log -javaagent:C:\Program Files\JetBrains\IntelliJ IDEA Community Edition 2023.3.6\lib\idea_rt.jar=57987:C:\Program Files\JetBrains\IntelliJ IDEA Community Edition 2023.3.6\bin -Dfile.encoding=UTF-8 
java_command: net.sendback.Main
java_class_path (initial): C:\Users\bader\OneDrive\Bureau\Idea\GTS_PRojekt\target\classes
Launcher Type: SUN_STANDARD

[Global flags]
     intx CICompilerCount                          = 4                                         {product} {ergonomic}
     uint ConcGCThreads                            = 3                                         {product} {ergonomic}
    ccstr ErrorFile                                = logs/hs_err_pid%p.log                     {product} {command line}
     uint G1ConcRefinementThreads                  = 10                                        {product} {ergonomic}
   size_t G1HeapRegionSize                         = 33554432                                  {product} {ergonomic}
    uintx GCDrainStackTargetSize                   = 64                                        {product} {ergonomic}
   size_t InitialHeapSize                          = 268435456                                 {product} {ergonomic}
   size_t MarkStackSize                            = 4194304                                   {product} {ergonomic}
   size_t MaxHeapSize                              = 4398046511104                             {product} {command line}
   size_t MaxNewSize                               = 2638821195776                             {product} {ergonomic}
   size_t MinHeapDeltaBytes                        = 33554432                                  {product} {ergonomic}
   size_t MinHeapSize                              = 33554432                                  {product} {ergonomic}
    uintx NonNMethodCodeHeapSize                   = 5839372                                {pd product} {ergonomic}
    uintx NonProfiledCodeHeapSize                  = 122909434                              {pd product} {ergonomic}
    uintx ProfiledCodeHeapSize                     = 122909434                              {pd product} {ergonomic}
    uintx ReservedCodeCacheSize                    = 251658240                              {pd product} {ergonomic}
     bool SegmentedCodeCache                       = true                                      {product} {ergonomic}
   size_t SoftMaxHeapSize                          = 4398046511104                          {manageable} {ergonomic}
     bool UseCompressedClassPointers               = true                           {product lp64_product} {ergonomic}
     bool UseG1GC                                  = true                                      {product} {ergonomic}
     bool UseLargePagesIndividualAllocation        = false                                  {pd product} {ergonomic}

Logging:
Log output configuration:
 #0: stdout all=warning uptime,level,tags
 #1: stderr all=off uptime,level,tags

Environment Variables:
PATH=C:\Program Files\Common Files\Oracle\Java\javapath;C:\Windows\system32;C:\Windows;C:\Windows\System32\Wbem;C:\Windows\System32\WindowsPowerShell\v1.0\;C:\Windows\System32\OpenSSH\;C:\Program Files (x86)\NVIDIA Corporation\PhysX\Common;C:\Program Files\dotnet\;C:\Users\bader\AppData\Local\Microsoft\WindowsApps;C:\Users\bader\AppData\Local\GitHubDesktop\bin
USERNAME=bader
OS=Windows_NT
PROCESSOR_IDENTIFIER=Intel64 Family 6 Model 158 Stepping 10, GenuineIntel
TMP=C:\Users\bader\AppData\Local\Temp
TEMP=C:\Users\bader\AppData\Local\Temp



Periodic native trim disabled

JNI global refs:
JNI global refs: 125, weak refs: 164

JNI global refs memory usage: 2107, weak refs: 2105

OOME stack traces (most recent first):
Classloader memory used:
Loader bootstrap                                                                       : 2660K
Loader jdk.internal.loader.ClassLoaders$AppClassLoader                                 : 34916B
Loader jdk.internal.reflect.DelegatingClassLoader                                      : 5061B
Loader jdk.internal.loader.ClassLoaders$PlatformClassLoader                            : 764B


---------------  S Y S T E M  ---------------

OS:
 Windows 10 , 64 bit Build 19041 (10.0.19041.5072)
OS uptime: 18 days 2:07 hours

CPU: total 12 (initial active 12) (6 cores per cpu, 2 threads per core) family 6 model 158 stepping 10 microcode 0xf0, cx8, cmov, fxsr, ht, mmx, 3dnowpref, sse, sse2, sse3, ssse3, sse4.1, sse4.2, popcnt, lzcnt, tsc, tscinvbit, avx, avx2, aes, erms, clmul, bmi1, bmi2, adx, fma, vzeroupper, clflush, clflushopt
Processor Information for all 12 processors :
  Max Mhz: 2592, Current Mhz: 2592, Mhz Limit: 2592

Memory: 4k page, system-wide physical 16254M (2252M free)
TotalPageFile size 20796M (AvailPageFile size 2333M)
current process WorkingSet (physical memory assigned to process): 675M, peak: 692M
current process commit charge ("private bytes"): 942M, peak: 953M

vm_info: OpenJDK 64-Bit Server VM (17.0.9+8-b1166.2) for windows-amd64 JRE (17.0.9+8-b1166.2), built on 2024-01-13 by "builduser" with MS VC++ 16.10 / 16.11 (VS2019)

END.
