#
# A fatal error has been detected by the Java Runtime Environment:
#
#  EXCEPTION_ACCESS_VIOLATION (0xc0000005) at pc=0x00007ffe4f253c53, pid=5600, tid=16820
#
# JRE version: OpenJDK Runtime Environment JBR-17.0.9+8-1166.2-jcef (17.0.9+8) (build 17.0.9+8-b1166.2)
# Java VM: OpenJDK 64-Bit Server VM JBR-17.0.9+8-1166.2-jcef (17.0.9+8-b1166.2, mixed mode, tiered, compressed class ptrs, g1 gc, windows-amd64)
# Problematic frame:
# C  [ig9icd64.dll+0x9c3c53]
#
# No core dump will be written. Minidumps are not enabled by default on client versions of Windows
#
# If you would like to submit a bug report, please visit:
#   https://youtrack.jetbrains.com/issues/JBR
# The crash happened outside the Java Virtual Machine in native code.
# See problematic frame for where to report the bug.
#

---------------  S U M M A R Y ------------

Command Line: -Xmx3072g -Xmx4096g -Dsun.java2d.opengl=true -XX:ErrorFile=logs/hs_err_pid%p.log -javaagent:C:\Program Files\JetBrains\IntelliJ IDEA Community Edition 2023.3.6\lib\idea_rt.jar=63462:C:\Program Files\JetBrains\IntelliJ IDEA Community Edition 2023.3.6\bin -Dfile.encoding=UTF-8 net.sendback.Main

Host: Intel(R) Core(TM) i7-9750H CPU @ 2.60GHz, 12 cores, 15G,  Windows 10 , 64 bit Build 19041 (10.0.19041.5072)
Time: Sun Nov  3 22:08:28 2024 Mitteleuropäische Zeit elapsed time: 7.076690 seconds (0d 0h 0m 7s)

---------------  T H R E A D  ---------------

Current thread (0x00000234113685f0):  JavaThread "Java2D Queue Flusher" daemon [_thread_in_native, id=16820, stack(0x0000004eb8000000,0x0000004eb8100000)]

Stack: [0x0000004eb8000000,0x0000004eb8100000],  sp=0x0000004eb80fe648,  free space=1017k
Native frames: (J=compiled Java code, j=interpreted, Vv=VM code, C=native code)
C  [ig9icd64.dll+0x9c3c53]

Java frames: (J=compiled Java code, j=interpreted, Vv=VM code)
j  sun.java2d.opengl.OGLRenderQueue.flushBuffer(JI)V+0 java.desktop
j  sun.java2d.opengl.OGLRenderQueue.flushBuffer()V+21 java.desktop
j  sun.java2d.opengl.OGLRenderQueue$QueueFlusher.run()V+81 java.desktop
j  java.lang.Thread.run()V+11 java.base@17.0.9
v  ~StubRoutines::call_stub

siginfo: EXCEPTION_ACCESS_VIOLATION (0xc0000005), reading address 0xffffffffffffffff


Registers:
RAX=0x000000000fff0fff, RBX=0x00007ffe4e890000, RCX=0x000000033fcf3fcc, RDX=0x0000004eb80feb60
RSP=0x0000004eb80fe648, RBP=0x0000004eb80fe750, RSI=0x00000234173efcc0, RDI=0x0000004eb80fe950
R8 =0x0000004eb80fe780, R9 =0x0000004eb80feb60, R10=0x0000004eb80fe950, R11=0x0000000000000000
R12=0x00007ffe4f6ba420, R13=0x0000000000000000, R14=0x0000000000000000, R15=0x00000000000001c1
RIP=0x00007ffe4f253c53, EFLAGS=0x0000000000010206


Register to memory mapping:

RIP=0x00007ffe4f253c53 ig9icd64.dll
RAX=0x000000000fff0fff is an unknown value
RBX=0x00007ffe4e890000 ig9icd64.dll
RCX=0x000000033fcf3fcc is an unknown value
RDX=0x0000004eb80feb60 is pointing into the stack for thread: 0x00000234113685f0
RSP=0x0000004eb80fe648 is pointing into the stack for thread: 0x00000234113685f0
RBP=0x0000004eb80fe750 is pointing into the stack for thread: 0x00000234113685f0
RSI=0x00000234173efcc0 points into unknown readable memory: 0x000002341139b500 | 00 b5 39 11 34 02 00 00
RDI=0x0000004eb80fe950 is pointing into the stack for thread: 0x00000234113685f0
R8 =0x0000004eb80fe780 is pointing into the stack for thread: 0x00000234113685f0
R9 =0x0000004eb80feb60 is pointing into the stack for thread: 0x00000234113685f0
R10=0x0000004eb80fe950 is pointing into the stack for thread: 0x00000234113685f0
R11=0x0 is NULL
R12=0x00007ffe4f6ba420 ig9icd64.dll
R13=0x0 is NULL
R14=0x0 is NULL
R15=0x00000000000001c1 is an unknown value


Top of Stack: (sp=0x0000004eb80fe648)
0x0000004eb80fe648:   00007ffe4f25138b 0000000000000001
0x0000004eb80fe658:   0000000000000000 0000023417ed1400
0x0000004eb80fe668:   00007ffec7a82572 0000004e00000065
0x0000004eb80fe678:   0000004eb80fe880 0000000000000000
0x0000004eb80fe688:   0000023417c83680 0000000000000000
0x0000004eb80fe698:   0000023417c7c740 0000023417ed14f0
0x0000004eb80fe6a8:   0000000000000fb0 0000000000000000
0x0000004eb80fe6b8:   0000000000000000 0000004eb80fe830
0x0000004eb80fe6c8:   00007ffe4eee9070 0000000000000000
0x0000004eb80fe6d8:   0000000000000000 0000000000000000
0x0000004eb80fe6e8:   0000000000000000 0000d0a682613516
0x0000004eb80fe6f8:   00007ffe4e8a64e5 0000023417ed14f0
0x0000004eb80fe708:   0000000000000001 0000000000000200
0x0000004eb80fe718:   00007ffed6ebb86b 0000000000020006
0x0000004eb80fe728:   0000000000000088 00000234174b9c70
0x0000004eb80fe738:   0000000000000000 0000000000000000
0x0000004eb80fe748:   00007ffe4f251c62 0000000000000000
0x0000004eb80fe758:   00000234676b5040 0000004eb80fea50
0x0000004eb80fe768:   00000234676b0000 00000234676b02b4
0x0000004eb80fe778:   0000023417c83680 00007ffe4f55f020
0x0000004eb80fe788:   0000000e00000000 0000001a00000018
0x0000004eb80fe798:   00000fff00000000 437f0000437f0000
0x0000004eb80fe7a8:   437f0000437f0000 0000ff0000ff0000
0x0000004eb80fe7b8:   ff000000000000ff 0000000800000010
0x0000004eb80fe7c8:   0000001800000000 0000000000000000
0x0000004eb80fe7d8:   0000000000000000 0000000000000000
0x0000004eb80fe7e8:   0000000000000000 0000000000000000
0x0000004eb80fe7f8:   0000000000000000 0000000000000000
0x0000004eb80fe808:   0000000000000000 0000000000000000
0x0000004eb80fe818:   0000000000000000 0000000000000000
0x0000004eb80fe828:   0000000000000000 0000000000000000
0x0000004eb80fe838:   0000000000000000 0000000000000000 

Instructions: (pc=0x00007ffe4f253c53)
0x00007ffe4f253b53:   a1 b6 30 00 48 89 51 08 48 89 01 8b 44 24 28 89
0x00007ffe4f253b63:   41 20 8b 44 24 30 89 41 24 48 8b c1 4c 89 41 10
0x00007ffe4f253b73:   4c 89 49 18 c3 cc cc cc cc cc cc cc cc 48 89 5c
0x00007ffe4f253b83:   24 08 8b 41 5c 48 8d 1d 71 c4 63 ff 41 89 40 08
0x00007ffe4f253b93:   4c 8b d1 8b 41 60 45 33 db 41 89 40 0c 4c 8b ca
0x00007ffe4f253ba3:   8b 41 64 41 89 40 10 8b 41 68 41 89 40 14 8b 41
0x00007ffe4f253bb3:   6c 41 89 40 18 8b 41 70 41 89 40 1c 48 63 41 74
0x00007ffe4f253bc3:   48 6b c8 34 8b 84 19 84 5f ee 00 41 89 40 20 8b
0x00007ffe4f253bd3:   84 19 88 5f ee 00 41 89 40 24 8b 84 19 8c 5f ee
0x00007ffe4f253be3:   00 41 89 40 28 8b 84 19 90 5f ee 00 41 89 40 2c
0x00007ffe4f253bf3:   8b 84 19 74 5f ee 00 41 89 40 30 8b 84 19 78 5f
0x00007ffe4f253c03:   ee 00 41 89 40 34 8b 84 19 7c 5f ee 00 41 89 40
0x00007ffe4f253c13:   38 8b 84 19 80 5f ee 00 41 89 40 3c 8b 84 19 64
0x00007ffe4f253c23:   5f ee 00 41 89 40 40 8b 84 19 68 5f ee 00 41 89
0x00007ffe4f253c33:   40 44 8b 84 19 6c 5f ee 00 41 89 40 48 8b 84 19
0x00007ffe4f253c43:   70 5f ee 00 41 89 40 4c 49 63 42 78 48 6b c8 34
0x00007ffe4f253c53:   8b 84 19 84 5f ee 00 41 89 40 50 8b 84 19 88 5f
0x00007ffe4f253c63:   ee 00 41 89 40 54 8b 84 19 8c 5f ee 00 41 89 40
0x00007ffe4f253c73:   58 8b 84 19 90 5f ee 00 41 89 40 5c 8b 84 19 74
0x00007ffe4f253c83:   5f ee 00 41 89 40 60 8b 84 19 78 5f ee 00 41 89
0x00007ffe4f253c93:   40 64 8b 84 19 7c 5f ee 00 41 89 40 68 8b 84 19
0x00007ffe4f253ca3:   80 5f ee 00 41 89 40 6c 8b 84 19 64 5f ee 00 41
0x00007ffe4f253cb3:   89 40 70 8b 84 19 68 5f ee 00 41 89 40 74 8b 84
0x00007ffe4f253cc3:   19 6c 5f ee 00 41 89 40 78 8b 84 19 70 5f ee 00
0x00007ffe4f253cd3:   41 89 40 7c 48 8b 42 18 8b 88 38 0b 00 00 f6 c1
0x00007ffe4f253ce3:   08 0f 84 86 00 00 00 8b 80 3c 0b 00 00 41 89 80
0x00007ffe4f253cf3:   80 00 00 00 48 8b 42 18 8b 88 40 0b 00 00 41 89
0x00007ffe4f253d03:   88 84 00 00 00 48 8b 42 18 8b 88 44 0b 00 00 41
0x00007ffe4f253d13:   89 88 88 00 00 00 48 8b 42 18 8b 88 48 0b 00 00
0x00007ffe4f253d23:   41 89 88 8c 00 00 00 48 8b 42 18 8b 88 4c 0b 00
0x00007ffe4f253d33:   00 41 89 88 90 00 00 00 48 8b 42 18 8b 88 50 0b
0x00007ffe4f253d43:   00 00 41 89 88 94 00 00 00 48 8b 42 18 8b 88 54 


Stack slot to memory mapping:
stack at sp + 0 slots: 0x00007ffe4f25138b ig9icd64.dll
stack at sp + 1 slots: 0x0000000000000001 is an unknown value
stack at sp + 2 slots: 0x0 is NULL
stack at sp + 3 slots: 0x0000023417ed1400 points into unknown readable memory: 0x00000000ffffffff | ff ff ff ff 00 00 00 00
stack at sp + 4 slots: 0x00007ffec7a82572 igdgmm64.dll
stack at sp + 5 slots: 0x0000004e00000065 is an unknown value
stack at sp + 6 slots: 0x0000004eb80fe880 is pointing into the stack for thread: 0x00000234113685f0
stack at sp + 7 slots: 0x0 is NULL


---------------  P R O C E S S  ---------------

Threads class SMR info:
_java_thread_list=0x00000234175605c0, length=27, elements={
0x000002340c430fc0, 0x000002340c431e40, 0x000002340c489040, 0x000002340c48aa20,
0x000002340c48d4f0, 0x000002340c48e4c0, 0x000002340c48f260, 0x000002340c48fd10,
0x000002340c492ec0, 0x000002347cadc4a0, 0x0000023411173290, 0x0000023411173770,
0x00000234113685f0, 0x00000234175b4230, 0x0000023417ca1fb0, 0x0000023417a9a0b0,
0x0000023417a2a450, 0x0000023417ab1160, 0x0000023417ab2090, 0x0000023417ab1670,
0x0000023417ab0c50, 0x0000023417ab25a0, 0x0000023417ab0740, 0x0000023417ab1b80,
0x0000023417ab0230, 0x0000023411118e20, 0x0000023411119d50
}

Java Threads: ( => current thread )
  0x000002340c430fc0 JavaThread "Reference Handler" daemon [_thread_blocked, id=18000, stack(0x0000004eb7300000,0x0000004eb7400000)]
  0x000002340c431e40 JavaThread "Finalizer" daemon [_thread_blocked, id=18488, stack(0x0000004eb7400000,0x0000004eb7500000)]
  0x000002340c489040 JavaThread "Signal Dispatcher" daemon [_thread_blocked, id=25208, stack(0x0000004eb7500000,0x0000004eb7600000)]
  0x000002340c48aa20 JavaThread "Attach Listener" daemon [_thread_blocked, id=13624, stack(0x0000004eb7600000,0x0000004eb7700000)]
  0x000002340c48d4f0 JavaThread "Service Thread" daemon [_thread_blocked, id=9596, stack(0x0000004eb7700000,0x0000004eb7800000)]
  0x000002340c48e4c0 JavaThread "Monitor Deflation Thread" daemon [_thread_blocked, id=24448, stack(0x0000004eb7800000,0x0000004eb7900000)]
  0x000002340c48f260 JavaThread "C2 CompilerThread0" daemon [_thread_blocked, id=10084, stack(0x0000004eb7900000,0x0000004eb7a00000)]
  0x000002340c48fd10 JavaThread "C1 CompilerThread0" daemon [_thread_blocked, id=29712, stack(0x0000004eb7a00000,0x0000004eb7b00000)]
  0x000002340c492ec0 JavaThread "Sweeper thread" daemon [_thread_blocked, id=13356, stack(0x0000004eb7b00000,0x0000004eb7c00000)]
  0x000002347cadc4a0 JavaThread "Common-Cleaner" daemon [_thread_blocked, id=12604, stack(0x0000004eb7c00000,0x0000004eb7d00000)]
  0x0000023411173290 JavaThread "Monitor Ctrl-Break" daemon [_thread_in_native, id=22064, stack(0x0000004eb7d00000,0x0000004eb7e00000)]
  0x0000023411173770 JavaThread "Notification Thread" daemon [_thread_blocked, id=1008, stack(0x0000004eb7e00000,0x0000004eb7f00000)]
=>0x00000234113685f0 JavaThread "Java2D Queue Flusher" daemon [_thread_in_native, id=16820, stack(0x0000004eb8000000,0x0000004eb8100000)]
  0x00000234175b4230 JavaThread "Java2D Disposer" daemon [_thread_blocked, id=8968, stack(0x0000004eb8500000,0x0000004eb8600000)]
  0x0000023417ca1fb0 JavaThread "AWT-Windows" daemon [_thread_in_native, id=15168, stack(0x0000004eb8800000,0x0000004eb8900000)]
  0x0000023417a9a0b0 JavaThread "Java Sound Event Dispatcher" daemon [_thread_blocked, id=21544, stack(0x0000004eb9400000,0x0000004eb9500000)]
  0x0000023417a2a450 JavaThread "Direct Clip" daemon [_thread_blocked, id=3384, stack(0x0000004eb9700000,0x0000004eb9800000)]
  0x0000023417ab1160 JavaThread "Direct Clip" daemon [_thread_blocked, id=28960, stack(0x0000004eb9800000,0x0000004eb9900000)]
  0x0000023417ab2090 JavaThread "Direct Clip" daemon [_thread_blocked, id=17808, stack(0x0000004eb9900000,0x0000004eb9a00000)]
  0x0000023417ab1670 JavaThread "Direct Clip" daemon [_thread_blocked, id=23448, stack(0x0000004eb9a00000,0x0000004eb9b00000)]
  0x0000023417ab0c50 JavaThread "Direct Clip" daemon [_thread_blocked, id=17652, stack(0x0000004eb9b00000,0x0000004eb9c00000)]
  0x0000023417ab25a0 JavaThread "AWT-Shutdown" [_thread_blocked, id=1880, stack(0x0000004eb8600000,0x0000004eb8700000)]
  0x0000023417ab0740 JavaThread "AWT-EventQueue-0" [_thread_blocked, id=20984, stack(0x0000004eb8700000,0x0000004eb8800000)]
  0x0000023417ab1b80 JavaThread "DestroyJavaVM" [_thread_blocked, id=12744, stack(0x0000004eb6c00000,0x0000004eb6d00000)]
  0x0000023417ab0230 JavaThread "Thread-0" [_thread_blocked, id=31640, stack(0x0000004eba800000,0x0000004eba900000)]
  0x0000023411118e20 JavaThread "Test" [_thread_in_vm, id=11424, stack(0x0000004eba900000,0x0000004ebaa00000)]
  0x0000023411119d50 JavaThread "ToolkitShutdown" daemon [_thread_in_native, id=25288, stack(0x0000004ebad00000,0x0000004ebae00000)]

Other Threads:
  0x000002340c44b580 VMThread "VM Thread" [stack: 0x0000004eb7200000,0x0000004eb7300000] [id=21424]
  0x0000023411173c50 WatcherThread [stack: 0x0000004eb7f00000,0x0000004eb8000000] [id=6632]
  0x000002346989c440 GCTaskThread "GC Thread#0" [stack: 0x0000004eb6d00000,0x0000004eb6e00000] [id=29656]
  0x0000023417a60380 GCTaskThread "GC Thread#1" [stack: 0x0000004eb8900000,0x0000004eb8a00000] [id=28600]
  0x0000023417a60a50 GCTaskThread "GC Thread#2" [stack: 0x0000004eb8a00000,0x0000004eb8b00000] [id=9424]
  0x00000234179fe030 GCTaskThread "GC Thread#3" [stack: 0x0000004eb8b00000,0x0000004eb8c00000] [id=20788]
  0x00000234179ff190 GCTaskThread "GC Thread#4" [stack: 0x0000004eb8c00000,0x0000004eb8d00000] [id=11728]
  0x0000023417a01dc0 GCTaskThread "GC Thread#5" [stack: 0x0000004eb8d00000,0x0000004eb8e00000] [id=29152]
  0x0000023417b1f640 GCTaskThread "GC Thread#6" [stack: 0x0000004eb8e00000,0x0000004eb8f00000] [id=14192]
  0x0000023417b20d20 GCTaskThread "GC Thread#7" [stack: 0x0000004eb8f00000,0x0000004eb9000000] [id=24796]
  0x0000023417b217f0 GCTaskThread "GC Thread#8" [stack: 0x0000004eb9000000,0x0000004eb9100000] [id=30344]
  0x0000023417b21ab0 GCTaskThread "GC Thread#9" [stack: 0x0000004eb9100000,0x0000004eb9200000] [id=23920]
  0x000002346989db00 ConcurrentGCThread "G1 Main Marker" [stack: 0x0000004eb6e00000,0x0000004eb6f00000] [id=12256]
  0x000002346989e520 ConcurrentGCThread "G1 Conc#0" [stack: 0x0000004eb6f00000,0x0000004eb7000000] [id=6512]
  0x0000023417fc8d20 ConcurrentGCThread "G1 Conc#1" [stack: 0x0000004ebab00000,0x0000004ebac00000] [id=9412]
  0x00000234180814e0 ConcurrentGCThread "G1 Conc#2" [stack: 0x0000004ebac00000,0x0000004ebad00000] [id=25292]
  0x000002347caad790 ConcurrentGCThread "G1 Refine#0" [stack: 0x0000004eb7000000,0x0000004eb7100000] [id=21492]
  0x0000023417a2cd90 ConcurrentGCThread "G1 Refine#1" [stack: 0x0000004eb9c00000,0x0000004eb9d00000] [id=31668]
  0x0000023417abedd0 ConcurrentGCThread "G1 Refine#2" [stack: 0x0000004eb9d00000,0x0000004eb9e00000] [id=8940]
  0x0000023417acba90 ConcurrentGCThread "G1 Refine#3" [stack: 0x0000004eb9e00000,0x0000004eb9f00000] [id=26536]
  0x0000023417acbd80 ConcurrentGCThread "G1 Refine#4" [stack: 0x0000004eb9f00000,0x0000004eba000000] [id=26416]
  0x0000023417aae9a0 ConcurrentGCThread "G1 Refine#5" [stack: 0x0000004eba000000,0x0000004eba100000] [id=25244]
  0x0000023417bfe6e0 ConcurrentGCThread "G1 Refine#6" [stack: 0x0000004eba100000,0x0000004eba200000] [id=24848]
  0x0000023417bfe9d0 ConcurrentGCThread "G1 Refine#7" [stack: 0x0000004eba200000,0x0000004eba300000] [id=16268]
  0x0000023417d39b20 ConcurrentGCThread "G1 Refine#8" [stack: 0x0000004eba300000,0x0000004eba400000] [id=27224]
  0x0000023417bfecc0 ConcurrentGCThread "G1 Refine#9" [stack: 0x0000004eba400000,0x0000004eba500000] [id=22924]
  0x000002347caae1c0 ConcurrentGCThread "G1 Service" [stack: 0x0000004eb7100000,0x0000004eb7200000] [id=5124]

Threads with active compile tasks:

VM state: not at safepoint (normal execution)

VM Mutex/Monitor currently owned by a thread: None

CDS archive(s) not mapped
Compressed class space mapped at: 0x0000000080000000-0x00000000c0000000, reserved size: 1073741824
Narrow klass base: 0x0000000000000000, Narrow klass shift: 0, Narrow klass range: 0xc0000000

GC Precious Log:
 CPUs: 12 total, 12 available
 Memory: 16254M
 Large Page Support: Disabled
 NUMA Support: Disabled
 Compressed Oops: Disabled
 Heap Region Size: 32M
 Heap Min Capacity: 32M
 Heap Initial Capacity: 256M
 Heap Max Capacity: 4096G
 Pre-touch: Disabled
 Parallel Workers: 10
 Concurrent Workers: 3
 Concurrent Refinement Workers: 10
 Periodic GC: Disabled

Heap:
 garbage-first heap   total 524288K, used 231508K [0x000002347e000000, 0x000006347e000000)
  region size 32768K, 2 young (65536K), 1 survivors (32768K)
 Metaspace       used 21284K, committed 21568K, reserved 1114112K
  class space    used 2179K, committed 2304K, reserved 1048576K

Heap Regions: E=young(eden), S=young(survivor), O=old, HS=humongous(starts), HC=humongous(continues), CS=collection set, F=free, OA=open archive, CA=closed archive, TAMS=top-at-mark-start (previous, next)
|   0|0x000002347e000000, 0x0000023480000000, 0x0000023480000000|100%| O|  |TAMS 0x0000023480000000, 0x000002347e000000| Complete 
|   1|0x0000023480000000, 0x0000023482000000, 0x0000023482000000|100%|HS|  |TAMS 0x0000023482000000, 0x0000023480000000| Complete 
|   2|0x0000023482000000, 0x0000023484000000, 0x0000023484000000|100%| O|  |TAMS 0x0000023484000000, 0x0000023482000000| Complete 
|   3|0x0000023484000000, 0x0000023486000000, 0x0000023486000000|100%| O|  |TAMS 0x0000023486000000, 0x0000023484000000| Untracked 
|   4|0x0000023486000000, 0x0000023488000000, 0x0000023488000000|100%| O|  |TAMS 0x0000023488000000, 0x0000023486000000| Untracked 
|   5|0x0000023488000000, 0x000002348a000000, 0x000002348a000000|100%| O|  |TAMS 0x000002348905f600, 0x0000023488000000| Untracked 
|   6|0x000002348a000000, 0x000002348afae400, 0x000002348c000000| 49%| O|  |TAMS 0x000002348a000000, 0x000002348a000000| Untracked 
|   7|0x000002348c000000, 0x000002348c000000, 0x000002348e000000|  0%| F|  |TAMS 0x000002348c000000, 0x000002348c000000| Untracked 
|   8|0x000002348e000000, 0x000002348e000000, 0x0000023490000000|  0%| F|  |TAMS 0x000002348e000000, 0x000002348e000000| Untracked 
|   9|0x0000023490000000, 0x0000023490000000, 0x0000023492000000|  0%| F|  |TAMS 0x0000023490000000, 0x0000023490000000| Untracked 
|  10|0x0000023492000000, 0x0000023492000000, 0x0000023494000000|  0%| F|  |TAMS 0x0000023492000000, 0x0000023492000000| Untracked 
|  11|0x0000023494000000, 0x0000023494000000, 0x0000023496000000|  0%| F|  |TAMS 0x0000023494000000, 0x0000023494000000| Untracked 
|  12|0x0000023496000000, 0x0000023496000000, 0x0000023498000000|  0%| F|  |TAMS 0x0000023496000000, 0x0000023496000000| Untracked 
|  13|0x0000023498000000, 0x0000023498000000, 0x000002349a000000|  0%| F|  |TAMS 0x0000023498000000, 0x0000023498000000| Untracked 
|  14|0x000002349a000000, 0x000002349b266ea0, 0x000002349c000000| 57%| S|CS|TAMS 0x000002349a000000, 0x000002349a000000| Complete 
|  15|0x000002349c000000, 0x000002349c52e7d8, 0x000002349e000000| 16%| E|  |TAMS 0x000002349c000000, 0x000002349c000000| Complete 

Card table byte_map: [0x000006367e000000,0x000006387e000000] _byte_map_base: 0x0000063563c10000

Marking Bits (Prev, Next): (CMBitMap*) 0x000002346989caa0, (CMBitMap*) 0x000002346989ca60
 Prev Bits: [0x0000064a7e000000, 0x0000065a7e000000)
 Next Bits: [0x0000063a7e000000, 0x0000064a7e000000)

Polling page: 0x00000234677b0000

Metaspace:

Usage:
  Non-class:     18.66 MB used.
      Class:      2.13 MB used.
       Both:     20.79 MB used.

Virtual space:
  Non-class space:       64.00 MB reserved,      18.81 MB ( 29%) committed,  1 nodes.
      Class space:        1.00 GB reserved,       2.25 MB ( <1%) committed,  1 nodes.
             Both:        1.06 GB reserved,      21.06 MB (  2%) committed. 

Chunk freelists:
   Non-Class:  12.97 MB
       Class:  13.74 MB
        Both:  26.71 MB

MaxMetaspaceSize: unlimited
CompressedClassSpaceSize: 1.00 GB
Initial GC threshold: 21.00 MB
Current GC threshold: 35.12 MB
CDS: off
MetaspaceReclaimPolicy: balanced
 - commit_granule_bytes: 65536.
 - commit_granule_words: 8192.
 - virtual_space_node_default_size: 8388608.
 - enlarge_chunks_in_place: 1.
 - new_chunks_are_fully_committed: 0.
 - uncommit_free_chunks: 1.
 - use_allocation_guard: 0.
 - handle_deallocations: 1.


Internal statistics:

num_allocs_failed_limit: 3.
num_arena_births: 238.
num_arena_deaths: 0.
num_vsnodes_births: 2.
num_vsnodes_deaths: 0.
num_space_committed: 337.
num_space_uncommitted: 0.
num_chunks_returned_to_freelist: 3.
num_chunks_taken_from_freelist: 357.
num_chunk_merges: 0.
num_chunk_splits: 199.
num_chunks_enlarged: 104.
num_inconsistent_stats: 0.

CodeHeap 'non-profiled nmethods': size=120000Kb used=870Kb max_used=870Kb free=119129Kb
 bounds [0x0000023474e60000, 0x00000234750d0000, 0x000002347c390000]
CodeHeap 'profiled nmethods': size=120000Kb used=3966Kb max_used=3966Kb free=116033Kb
 bounds [0x000002346d390000, 0x000002346d770000, 0x00000234748c0000]
CodeHeap 'non-nmethods': size=5760Kb used=1310Kb max_used=1339Kb free=4450Kb
 bounds [0x00000234748c0000, 0x0000023474b30000, 0x0000023474e60000]
 total_blobs=2815 nmethods=2165 adapters=563
 compilation: enabled
              stopped_count=0, restarted_count=0
 full_count=0

Compilation events (20 events):
Event: 6.732 Thread 0x000002340c48fd10 2156       3       sun.java2d.SunGraphics2D::setColor (108 bytes)
Event: 6.732 Thread 0x000002340c48fd10 nmethod 2156 0x000002346d76d390 code [0x000002346d76d580, 0x000002346d76da38]
Event: 6.749 Thread 0x000002340c48fd10 2157       1       sun.awt.image.SunVolatileImage::getWidth (5 bytes)
Event: 6.749 Thread 0x000002340c48fd10 nmethod 2157 0x0000023474f39410 code [0x0000023474f395a0, 0x0000023474f39678]
Event: 6.749 Thread 0x000002340c48fd10 2158       1       sun.awt.image.SunVolatileImage::getHeight (5 bytes)
Event: 6.749 Thread 0x000002340c48fd10 nmethod 2158 0x0000023474f39710 code [0x0000023474f398a0, 0x0000023474f39978]
Event: 6.953 Thread 0x000002340c48fd10 2159       3       sun.awt.SunHints$Key::getIndex (5 bytes)
Event: 6.953 Thread 0x000002340c48fd10 nmethod 2159 0x000002346d76db10 code [0x000002346d76dca0, 0x000002346d76ddb8]
Event: 7.004 Thread 0x000002340c48fd10 2160       3       java.awt.Component::getBackground (29 bytes)
Event: 7.004 Thread 0x000002340c48fd10 nmethod 2160 0x000002346d76de90 code [0x000002346d76e040, 0x000002346d76e2e8]
Event: 7.020 Thread 0x000002340c48fd10 2161       3       java.util.concurrent.ConcurrentHashMap::values (25 bytes)
Event: 7.020 Thread 0x000002340c48fd10 nmethod 2161 0x000002346d76e390 code [0x000002346d76e540, 0x000002346d76e8d8]
Event: 7.020 Thread 0x000002340c48fd10 2162       3       java.util.concurrent.ConcurrentHashMap$ValuesView::iterator (34 bytes)
Event: 7.021 Thread 0x000002340c48fd10 nmethod 2162 0x000002346d76ea10 code [0x000002346d76ebc0, 0x000002346d76ede8]
Event: 7.021 Thread 0x000002340c48fd10 2163       3       java.util.concurrent.ConcurrentHashMap$ValueIterator::<init> (12 bytes)
Event: 7.021 Thread 0x000002340c48fd10 nmethod 2163 0x000002346d76ef10 code [0x000002346d76f0a0, 0x000002346d76f1e8]
Event: 7.038 Thread 0x000002340c48fd10 2164       3       sun.java2d.pipe.Region::clipRound (34 bytes)
Event: 7.038 Thread 0x000002340c48fd10 nmethod 2164 0x000002346d76f290 code [0x000002346d76f480, 0x000002346d76f728]
Event: 7.038 Thread 0x000002340c48fd10 2165       3       sun.java2d.pipe.Region::isRectangular (13 bytes)
Event: 7.038 Thread 0x000002340c48fd10 nmethod 2165 0x000002346d76f810 code [0x000002346d76f9a0, 0x000002346d76fb18]

GC Heap History (18 events):
Event: 1.090 GC heap before
{Heap before GC invocations=0 (full 0):
 garbage-first heap   total 262144K, used 0K [0x000002347e000000, 0x000006347e000000)
  region size 32768K, 1 young (32768K), 0 survivors (0K)
 Metaspace       used 16481K, committed 16704K, reserved 1114112K
  class space    used 1553K, committed 1664K, reserved 1048576K
}
Event: 1.101 GC heap after
{Heap after GC invocations=1 (full 0):
 garbage-first heap   total 262144K, used 6103K [0x000002347e000000, 0x000006347e000000)
  region size 32768K, 1 young (32768K), 1 survivors (32768K)
 Metaspace       used 16481K, committed 16704K, reserved 1114112K
  class space    used 1553K, committed 1664K, reserved 1048576K
}
Event: 1.204 GC heap before
{Heap before GC invocations=1 (full 0):
 garbage-first heap   total 262144K, used 6103K [0x000002347e000000, 0x000006347e000000)
  region size 32768K, 2 young (65536K), 1 survivors (32768K)
 Metaspace       used 16503K, committed 16768K, reserved 1114112K
  class space    used 1553K, committed 1664K, reserved 1048576K
}
Event: 1.211 GC heap after
{Heap after GC invocations=2 (full 0):
 garbage-first heap   total 262144K, used 15488K [0x000002347e000000, 0x000006347e000000)
  region size 32768K, 1 young (32768K), 1 survivors (32768K)
 Metaspace       used 16503K, committed 16768K, reserved 1114112K
  class space    used 1553K, committed 1664K, reserved 1048576K
}
Event: 1.482 GC heap before
{Heap before GC invocations=2 (full 0):
 garbage-first heap   total 262144K, used 48256K [0x000002347e000000, 0x000006347e000000)
  region size 32768K, 2 young (65536K), 1 survivors (32768K)
 Metaspace       used 16511K, committed 16768K, reserved 1114112K
  class space    used 1553K, committed 1664K, reserved 1048576K
}
Event: 1.491 GC heap after
{Heap after GC invocations=3 (full 0):
 garbage-first heap   total 262144K, used 31170K [0x000002347e000000, 0x000006347e000000)
  region size 32768K, 1 young (32768K), 1 survivors (32768K)
 Metaspace       used 16511K, committed 16768K, reserved 1114112K
  class space    used 1553K, committed 1664K, reserved 1048576K
}
Event: 1.518 GC heap before
{Heap before GC invocations=3 (full 0):
 garbage-first heap   total 262144K, used 31170K [0x000002347e000000, 0x000006347e000000)
  region size 32768K, 2 young (65536K), 1 survivors (32768K)
 Metaspace       used 16511K, committed 16768K, reserved 1114112K
  class space    used 1553K, committed 1664K, reserved 1048576K
}
Event: 1.530 GC heap after
{Heap after GC invocations=4 (full 0):
 garbage-first heap   total 262144K, used 47282K [0x000002347e000000, 0x000006347e000000)
  region size 32768K, 1 young (32768K), 1 survivors (32768K)
 Metaspace       used 16511K, committed 16768K, reserved 1114112K
  class space    used 1553K, committed 1664K, reserved 1048576K
}
Event: 1.682 GC heap before
{Heap before GC invocations=4 (full 0):
 garbage-first heap   total 262144K, used 80050K [0x000002347e000000, 0x000006347e000000)
  region size 32768K, 2 young (65536K), 1 survivors (32768K)
 Metaspace       used 16863K, committed 17088K, reserved 1114112K
  class space    used 1604K, committed 1728K, reserved 1048576K
}
Event: 1.692 GC heap after
{Heap after GC invocations=5 (full 0):
 garbage-first heap   total 262144K, used 106648K [0x000002347e000000, 0x000006347e000000)
  region size 32768K, 1 young (32768K), 1 survivors (32768K)
 Metaspace       used 16863K, committed 17088K, reserved 1114112K
  class space    used 1604K, committed 1728K, reserved 1048576K
}
Event: 1.712 GC heap before
{Heap before GC invocations=5 (full 0):
 garbage-first heap   total 262144K, used 106648K [0x000002347e000000, 0x000006347e000000)
  region size 32768K, 2 young (65536K), 1 survivors (32768K)
 Metaspace       used 16866K, committed 17088K, reserved 1114112K
  class space    used 1604K, committed 1728K, reserved 1048576K
}
Event: 1.723 GC heap after
{Heap after GC invocations=6 (full 0):
 garbage-first heap   total 524288K, used 146842K [0x000002347e000000, 0x000006347e000000)
  region size 32768K, 1 young (32768K), 1 survivors (32768K)
 Metaspace       used 16866K, committed 17088K, reserved 1114112K
  class space    used 1604K, committed 1728K, reserved 1048576K
}
Event: 1.962 GC heap before
{Heap before GC invocations=6 (full 0):
 garbage-first heap   total 524288K, used 179610K [0x000002347e000000, 0x000006347e000000)
  region size 32768K, 2 young (65536K), 1 survivors (32768K)
 Metaspace       used 16947K, committed 17216K, reserved 1114112K
  class space    used 1617K, committed 1728K, reserved 1048576K
}
Event: 1.977 GC heap after
{Heap after GC invocations=7 (full 0):
 garbage-first heap   total 524288K, used 171787K [0x000002347e000000, 0x000006347e000000)
  region size 32768K, 1 young (32768K), 1 survivors (32768K)
 Metaspace       used 16947K, committed 17216K, reserved 1114112K
  class space    used 1617K, committed 1728K, reserved 1048576K
}
Event: 2.286 GC heap before
{Heap before GC invocations=7 (full 0):
 garbage-first heap   total 524288K, used 204555K [0x000002347e000000, 0x000006347e000000)
  region size 32768K, 2 young (65536K), 1 survivors (32768K)
 Metaspace       used 16976K, committed 17216K, reserved 1114112K
  class space    used 1622K, committed 1728K, reserved 1048576K
}
Event: 2.303 GC heap after
{Heap after GC invocations=8 (full 0):
 garbage-first heap   total 524288K, used 212675K [0x000002347e000000, 0x000006347e000000)
  region size 32768K, 1 young (32768K), 1 survivors (32768K)
 Metaspace       used 16976K, committed 17216K, reserved 1114112K
  class space    used 1622K, committed 1728K, reserved 1048576K
}
Event: 6.094 GC heap before
{Heap before GC invocations=8 (full 0):
 garbage-first heap   total 524288K, used 212675K [0x000002347e000000, 0x000006347e000000)
  region size 32768K, 2 young (65536K), 1 survivors (32768K)
 Metaspace       used 21267K, committed 21504K, reserved 1114112K
  class space    used 2178K, committed 2304K, reserved 1048576K
}
Event: 6.108 GC heap after
{Heap after GC invocations=9 (full 0):
 garbage-first heap   total 524288K, used 231508K [0x000002347e000000, 0x000006347e000000)
  region size 32768K, 1 young (32768K), 1 survivors (32768K)
 Metaspace       used 21267K, committed 21504K, reserved 1114112K
  class space    used 2178K, committed 2304K, reserved 1048576K
}

Dll operation events (3 events):
Event: 0.008 Loaded shared library C:\Users\bader\.jdks\jbrsdk_jcef-17.0.9\bin\java.dll
Event: 0.096 Loaded shared library C:\Users\bader\.jdks\jbrsdk_jcef-17.0.9\bin\jsvml.dll
Event: 0.199 Loaded shared library C:\Users\bader\.jdks\jbrsdk_jcef-17.0.9\bin\zip.dll

Deoptimization events (20 events):
Event: 3.651 Thread 0x0000023417ab0740 Uncommon trap: trap_request=0xffffff45 fr.pc=0x0000023474efeb80 relative=0x00000000000000e0
Event: 3.651 Thread 0x0000023417ab0740 Uncommon trap: reason=unstable_if action=reinterpret pc=0x0000023474efeb80 method=java.awt.Component.inside(II)Z @ 13 c2
Event: 3.651 Thread 0x0000023417ab0740 DEOPT PACKING pc=0x0000023474efeb80 sp=0x0000004eb87fea60
Event: 3.651 Thread 0x0000023417ab0740 DEOPT UNPACKING pc=0x00000234749169a3 sp=0x0000004eb87fe900 mode 2
Event: 4.239 Thread 0x0000023417ab0740 Uncommon trap: trap_request=0xffffff45 fr.pc=0x0000023474e6a0a0 relative=0x00000000000001a0
Event: 4.239 Thread 0x0000023417ab0740 Uncommon trap: reason=unstable_if action=reinterpret pc=0x0000023474e6a0a0 method=java.lang.String.isLatin1()Z @ 10 c2
Event: 4.239 Thread 0x0000023417ab0740 DEOPT PACKING pc=0x0000023474e6a0a0 sp=0x0000004eb87fcef0
Event: 4.239 Thread 0x0000023417ab0740 DEOPT UNPACKING pc=0x00000234749169a3 sp=0x0000004eb87fce20 mode 2
Event: 4.931 Thread 0x0000023417ab0740 Uncommon trap: trap_request=0xffffff45 fr.pc=0x0000023474f038bc relative=0x00000000000000bc
Event: 4.931 Thread 0x0000023417ab0740 Uncommon trap: reason=unstable_if action=reinterpret pc=0x0000023474f038bc method=java.awt.Component.inside(II)Z @ 21 c2
Event: 4.931 Thread 0x0000023417ab0740 DEOPT PACKING pc=0x0000023474f038bc sp=0x0000004eb87fea60
Event: 4.931 Thread 0x0000023417ab0740 DEOPT UNPACKING pc=0x00000234749169a3 sp=0x0000004eb87fe8f8 mode 2
Event: 5.697 Thread 0x0000023417ab0740 Uncommon trap: trap_request=0xffffff45 fr.pc=0x0000023474edb8fc relative=0x000000000000013c
Event: 5.697 Thread 0x0000023417ab0740 Uncommon trap: reason=unstable_if action=reinterpret pc=0x0000023474edb8fc method=java.lang.StrictMath.floorOrCeil(DDDD)D @ 24 c2
Event: 5.697 Thread 0x0000023417ab0740 DEOPT PACKING pc=0x0000023474edb8fc sp=0x0000004eb87fd780
Event: 5.697 Thread 0x0000023417ab0740 DEOPT UNPACKING pc=0x00000234749169a3 sp=0x0000004eb87fd6e8 mode 2
Event: 5.758 Thread 0x0000023411118e20 DEOPT PACKING pc=0x000002346d715488 sp=0x0000004eba9ff1c0
Event: 5.758 Thread 0x0000023411118e20 DEOPT UNPACKING pc=0x0000023474917143 sp=0x0000004eba9fe6e0 mode 0
Event: 6.015 Thread 0x0000023417ab0230 DEOPT PACKING pc=0x000002346d7560c5 sp=0x0000004eba8ff0a0
Event: 6.015 Thread 0x0000023417ab0230 DEOPT UNPACKING pc=0x0000023474917143 sp=0x0000004eba8fe5b0 mode 0

Classes unloaded (0 events):
No events

Classes redefined (0 events):
No events

Internal exceptions (20 events):
Event: 1.039 Thread 0x00000234697dfc50 Exception <a 'java/lang/NoSuchMethodError'{0x000002348d7d46b0}: 'int java.lang.invoke.DirectMethodHandle$Holder.invokeStaticInit(java.lang.Object, java.lang.Object, java.lang.Object)'> (0x000002348d7d46b0) 
thrown [s\src\hotspot\share\interpreter\linkResolver.cpp, line 771]
Event: 1.039 Thread 0x00000234697dfc50 Exception <a 'java/lang/NoSuchMethodError'{0x000002348d7d8e50}: 'int java.lang.invoke.DirectMethodHandle$Holder.invokeStaticInit(java.lang.Object, int, int)'> (0x000002348d7d8e50) 
thrown [s\src\hotspot\share\interpreter\linkResolver.cpp, line 771]
Event: 1.040 Thread 0x00000234697dfc50 Exception <a 'java/lang/NoSuchMethodError'{0x000002348d7e2978}: 'int java.lang.invoke.DirectMethodHandle$Holder.invokeStaticInit(java.lang.Object, long, long)'> (0x000002348d7e2978) 
thrown [s\src\hotspot\share\interpreter\linkResolver.cpp, line 771]
Event: 1.041 Thread 0x00000234697dfc50 Exception <a 'java/lang/NoSuchMethodError'{0x000002348d7eb660}: 'int java.lang.invoke.DirectMethodHandle$Holder.invokeStaticInit(java.lang.Object, float, float)'> (0x000002348d7eb660) 
thrown [s\src\hotspot\share\interpreter\linkResolver.cpp, line 771]
Event: 1.042 Thread 0x00000234697dfc50 Exception <a 'java/lang/NoSuchMethodError'{0x000002348d7f4350}: 'int java.lang.invoke.DirectMethodHandle$Holder.invokeStaticInit(java.lang.Object, double, double)'> (0x000002348d7f4350) 
thrown [s\src\hotspot\share\interpreter\linkResolver.cpp, line 771]
Event: 1.042 Thread 0x00000234697dfc50 Exception <a 'java/lang/NoSuchMethodError'{0x000002348d7f9e20}: 'int java.lang.invoke.DirectMethodHandle$Holder.invokeStatic(java.lang.Object, long)'> (0x000002348d7f9e20) 
thrown [s\src\hotspot\share\interpreter\linkResolver.cpp, line 771]
Event: 1.046 Thread 0x00000234697dfc50 Exception <a 'java/lang/NoSuchMethodError'{0x000002348d828910}: 'int java.lang.invoke.Invokers$Holder.linkToTargetMethod(java.lang.Object, java.lang.Object)'> (0x000002348d828910) 
thrown [s\src\hotspot\share\interpreter\linkResolver.cpp, line 771]
Event: 2.499 Thread 0x00000234697dfc50 Exception <a 'java/lang/NoSuchMethodError'{0x000002349cf29af8}: 'void java.lang.invoke.DirectMethodHandle$Holder.invokeStaticInit(java.lang.Object)'> (0x000002349cf29af8) 
thrown [s\src\hotspot\share\interpreter\linkResolver.cpp, line 771]
Event: 2.521 Thread 0x0000023417ab0740 Exception <a 'java/lang/NoSuchMethodError'{0x000002349cff4e88}: 'void java.lang.invoke.DirectMethodHandle$Holder.invokeSpecial(java.lang.Object, java.lang.Object, java.lang.Object)'> (0x000002349cff4e88) 
thrown [s\src\hotspot\share\interpreter\linkResolver.cpp, line 771]
Event: 2.526 Thread 0x0000023417ab0740 Exception <a 'java/lang/NoSuchMethodError'{0x000002349d02d810}: 'java.lang.Object java.lang.invoke.DirectMethodHandle$Holder.newInvokeSpecial(java.lang.Object, java.lang.Object, java.lang.Object, java.lang.Object, java.lang.Object)'> (0x000002349d02d810) 
thrown [s\src\hotspot\share\interpreter\linkResolver.cpp, line 771]
Event: 2.528 Thread 0x0000023417ab0740 Exception <a 'java/lang/NoSuchMethodError'{0x000002349d03c0d0}: 'java.lang.Object java.lang.invoke.DirectMethodHandle$Holder.invokeStatic(java.lang.Object, int, java.lang.Object, java.lang.Object, java.lang.Object, java.lang.Object)'> (0x000002349d03c0d0) 
thrown [s\src\hotspot\share\interpreter\linkResolver.cpp, line 771]
Event: 2.553 Thread 0x0000023417ab0740 Exception <a 'java/lang/ClassNotFoundException'{0x000002349d1feca8}: com/sun/swing/internal/plaf/metal/resources/spi/metalProvider> (0x000002349d1feca8) 
thrown [s\src\hotspot\share\classfile\systemDictionary.cpp, line 256]
Event: 2.554 Thread 0x0000023417ab0740 Exception <a 'java/lang/ClassNotFoundException'{0x000002349d204c00}: com/sun/swing/internal/plaf/basic/resources/spi/basicProvider> (0x000002349d204c00) 
thrown [s\src\hotspot\share\classfile\systemDictionary.cpp, line 256]
Event: 2.557 Thread 0x0000023417ab0740 Exception <a 'java/lang/NoSuchMethodError'{0x000002349d2292c0}: 'java.lang.Object java.lang.invoke.Invokers$Holder.linkToTargetMethod(java.lang.Object, int, java.lang.Object, java.lang.Object, java.lang.Object)'> (0x000002349d2292c0) 
thrown [s\src\hotspot\share\interpreter\linkResolver.cpp, line 771]
Event: 2.583 Thread 0x0000023417ca1fb0 Exception <a 'java/lang/NoSuchMethodError'{0x000002349d2d7df8}: 'void java.lang.invoke.DirectMethodHandle$Holder.invokeVirtual(java.lang.Object, java.lang.Object)'> (0x000002349d2d7df8) 
thrown [s\src\hotspot\share\interpreter\linkResolver.cpp, line 771]
Event: 2.619 Thread 0x0000023417ab0740 Exception <a 'java/lang/NoSuchMethodError'{0x000002349d2af7e0}: 'java.lang.Object java.lang.invoke.DirectMethodHandle$Holder.newInvokeSpecial(java.lang.Object, java.lang.Object, int, int, int, int)'> (0x000002349d2af7e0) 
thrown [s\src\hotspot\share\interpreter\linkResolver.cpp, line 771]
Event: 2.624 Thread 0x0000023417ab0740 Exception <a 'java/lang/NoSuchMethodError'{0x000002349d2c1530}: 'void java.lang.invoke.DirectMethodHandle$Holder.invokeSpecial(java.lang.Object, java.lang.Object, int, int)'> (0x000002349d2c1530) 
thrown [s\src\hotspot\share\interpreter\linkResolver.cpp, line 771]
Event: 2.624 Thread 0x0000023417ab0740 Exception <a 'java/lang/NoSuchMethodError'{0x000002349d2c9398}: 'java.lang.Object java.lang.invoke.DirectMethodHandle$Holder.newInvokeSpecial(java.lang.Object, java.lang.Object, int, int)'> (0x000002349d2c9398) 
thrown [s\src\hotspot\share\interpreter\linkResolver.cpp, line 771]
Event: 2.803 Thread 0x0000023417ab0740 Exception <a 'java/lang/NoSuchMethodError'{0x000002349d4254d8}: 'java.lang.Object java.lang.invoke.Invokers$Holder.invoke_MT(java.lang.Object, java.lang.Object, java.lang.Object)'> (0x000002349d4254d8) 
thrown [s\src\hotspot\share\interpreter\linkResolver.cpp, line 771]
Event: 2.804 Thread 0x0000023417ab0740 Exception <a 'java/lang/NoSuchMethodError'{0x000002349d4339e8}: 'int java.lang.invoke.Invokers$Holder.invoke_MT(java.lang.Object, java.lang.Object, java.lang.Object)'> (0x000002349d4339e8) 
thrown [s\src\hotspot\share\interpreter\linkResolver.cpp, line 771]

VM Operations (20 events):
Event: 2.286 Executing VM operation: G1CollectForAllocation
Event: 2.303 Executing VM operation: G1CollectForAllocation done
Event: 2.678 Executing VM operation: HandshakeAllThreads
Event: 2.678 Executing VM operation: HandshakeAllThreads done
Event: 3.690 Executing VM operation: Cleanup
Event: 3.690 Executing VM operation: Cleanup done
Event: 4.235 Executing VM operation: HandshakeAllThreads
Event: 4.235 Executing VM operation: HandshakeAllThreads done
Event: 4.236 Executing VM operation: HandshakeAllThreads
Event: 4.236 Executing VM operation: HandshakeAllThreads done
Event: 5.241 Executing VM operation: Cleanup
Event: 5.241 Executing VM operation: Cleanup done
Event: 5.684 Executing VM operation: HandshakeAllThreads
Event: 5.684 Executing VM operation: HandshakeAllThreads done
Event: 6.094 Executing VM operation: CollectForMetadataAllocation
Event: 6.108 Executing VM operation: CollectForMetadataAllocation done
Event: 6.135 Executing VM operation: G1PauseRemark
Event: 6.137 Executing VM operation: G1PauseRemark done
Event: 6.155 Executing VM operation: G1PauseCleanup
Event: 6.155 Executing VM operation: G1PauseCleanup done

Events (20 events):
Event: 5.915 loading class sun/java2d/loops/DrawGlyphListAA$General done
Event: 5.919 loading class sun/java2d/pipe/RegionSpanIterator
Event: 5.919 loading class sun/java2d/pipe/SpanIterator
Event: 5.919 loading class sun/java2d/pipe/SpanIterator done
Event: 5.919 loading class sun/java2d/pipe/RegionSpanIterator done
Event: 6.363 Thread 0x0000023418327fd0 Thread added: 0x0000023418327fd0
Event: 6.494 loading class java/awt/image/BufferedImageOp
Event: 6.494 loading class java/awt/image/BufferedImageOp done
Event: 6.648 Thread 0x0000023418327fd0 Thread exited: 0x0000023418327fd0
Event: 7.019 Thread 0x0000023411119d50 Thread added: 0x0000023411119d50
Event: 7.019 Thread 0x0000023411118910 Thread added: 0x0000023411118910
Event: 7.019 Thread 0x00000234111179e0 Thread added: 0x00000234111179e0
Event: 7.020 loading class sun/font/SunFontManager$8$1
Event: 7.020 loading class java/util/WeakHashMap$KeyIterator
Event: 7.020 loading class sun/font/SunFontManager$8$1 done
Event: 7.020 loading class java/util/WeakHashMap$HashIterator
Event: 7.020 loading class java/util/WeakHashMap$HashIterator done
Event: 7.020 loading class java/util/WeakHashMap$KeyIterator done
Event: 7.020 Thread 0x00000234111179e0 Thread exited: 0x00000234111179e0
Event: 7.023 Thread 0x0000023411118910 Thread exited: 0x0000023411118910


Dynamic libraries:
0x00007ff61f330000 - 0x00007ff61f33a000 	C:\Users\bader\.jdks\jbrsdk_jcef-17.0.9\bin\java.exe
0x00007ffed6e90000 - 0x00007ffed7088000 	C:\Windows\SYSTEM32\ntdll.dll
0x00007ffed4f20000 - 0x00007ffed4fe2000 	C:\Windows\System32\KERNEL32.DLL
0x00007ffed4960000 - 0x00007ffed4c5e000 	C:\Windows\System32\KERNELBASE.dll
0x00007ffed4db0000 - 0x00007ffed4eb0000 	C:\Windows\System32\ucrtbase.dll
0x00007ffecf590000 - 0x00007ffecf5a7000 	C:\Users\bader\.jdks\jbrsdk_jcef-17.0.9\bin\jli.dll
0x00007ffecf4c0000 - 0x00007ffecf4db000 	C:\Users\bader\.jdks\jbrsdk_jcef-17.0.9\bin\VCRUNTIME140.dll
0x00007ffed6bd0000 - 0x00007ffed6d6d000 	C:\Windows\System32\USER32.dll
0x00007ffed4650000 - 0x00007ffed4672000 	C:\Windows\System32\win32u.dll
0x00007ffeba210000 - 0x00007ffeba4aa000 	C:\Windows\WinSxS\amd64_microsoft.windows.common-controls_6595b64144ccf1df_6.0.19041.4355_none_60b8b9eb71f62e16\COMCTL32.dll
0x00007ffed61a0000 - 0x00007ffed61cb000 	C:\Windows\System32\GDI32.dll
0x00007ffed67d0000 - 0x00007ffed686e000 	C:\Windows\System32\msvcrt.dll
0x00007ffed4530000 - 0x00007ffed4647000 	C:\Windows\System32\gdi32full.dll
0x00007ffed4d10000 - 0x00007ffed4dad000 	C:\Windows\System32\msvcp_win.dll
0x00007ffed6100000 - 0x00007ffed612f000 	C:\Windows\System32\IMM32.DLL
0x00007ffecfd60000 - 0x00007ffecfd6c000 	C:\Users\bader\.jdks\jbrsdk_jcef-17.0.9\bin\vcruntime140_1.dll
0x00007ffebdf30000 - 0x00007ffebdfbd000 	C:\Users\bader\.jdks\jbrsdk_jcef-17.0.9\bin\msvcp140.dll
0x00007ffe85690000 - 0x00007ffe86312000 	C:\Users\bader\.jdks\jbrsdk_jcef-17.0.9\bin\server\jvm.dll
0x00007ffed6d90000 - 0x00007ffed6e41000 	C:\Windows\System32\ADVAPI32.dll
0x00007ffed5e40000 - 0x00007ffed5edf000 	C:\Windows\System32\sechost.dll
0x00007ffed62a0000 - 0x00007ffed63c3000 	C:\Windows\System32\RPCRT4.dll
0x00007ffed4760000 - 0x00007ffed4787000 	C:\Windows\System32\bcrypt.dll
0x00007ffed3a60000 - 0x00007ffed3aab000 	C:\Windows\SYSTEM32\POWRPROF.dll
0x00007ffebb4b0000 - 0x00007ffebb4b9000 	C:\Windows\SYSTEM32\WSOCK32.dll
0x00007ffeb9a40000 - 0x00007ffeb9a67000 	C:\Windows\SYSTEM32\WINMM.dll
0x00007ffecd650000 - 0x00007ffecd65a000 	C:\Windows\SYSTEM32\VERSION.dll
0x00007ffed6090000 - 0x00007ffed60fb000 	C:\Windows\System32\WS2_32.dll
0x00007ffed3930000 - 0x00007ffed3942000 	C:\Windows\SYSTEM32\UMPDC.dll
0x00007ffed23b0000 - 0x00007ffed23c2000 	C:\Windows\SYSTEM32\kernel.appcore.dll
0x00007ffecf780000 - 0x00007ffecf78a000 	C:\Users\bader\.jdks\jbrsdk_jcef-17.0.9\bin\jimage.dll
0x00007ffed1cc0000 - 0x00007ffed1ea4000 	C:\Windows\SYSTEM32\DBGHELP.DLL
0x00007ffec4470000 - 0x00007ffec44a4000 	C:\Windows\SYSTEM32\dbgcore.DLL
0x00007ffed46d0000 - 0x00007ffed4752000 	C:\Windows\System32\bcryptPrimitives.dll
0x00007ffecf6d0000 - 0x00007ffecf6de000 	C:\Users\bader\.jdks\jbrsdk_jcef-17.0.9\bin\instrument.dll
0x00007ffecf3b0000 - 0x00007ffecf3d5000 	C:\Users\bader\.jdks\jbrsdk_jcef-17.0.9\bin\java.dll
0x00007ffecef10000 - 0x00007ffecef28000 	C:\Users\bader\.jdks\jbrsdk_jcef-17.0.9\bin\zip.dll
0x00007ffebdcb0000 - 0x00007ffebdd87000 	C:\Users\bader\.jdks\jbrsdk_jcef-17.0.9\bin\jsvml.dll
0x00007ffed4ff0000 - 0x00007ffed575d000 	C:\Windows\System32\SHELL32.dll
0x00007ffed25b0000 - 0x00007ffed2d54000 	C:\Windows\SYSTEM32\windows.storage.dll
0x00007ffed6870000 - 0x00007ffed6bc3000 	C:\Windows\System32\combase.dll
0x00007ffed3f60000 - 0x00007ffed3f8e000 	C:\Windows\SYSTEM32\Wldp.dll
0x00007ffed61d0000 - 0x00007ffed629d000 	C:\Windows\System32\OLEAUT32.dll
0x00007ffed65c0000 - 0x00007ffed666d000 	C:\Windows\System32\SHCORE.dll
0x00007ffed6560000 - 0x00007ffed65b5000 	C:\Windows\System32\shlwapi.dll
0x00007ffed4460000 - 0x00007ffed4484000 	C:\Windows\SYSTEM32\profapi.dll
0x00007ffecd160000 - 0x00007ffecd179000 	C:\Users\bader\.jdks\jbrsdk_jcef-17.0.9\bin\net.dll
0x00007ffeccc80000 - 0x00007ffeccd8d000 	C:\Windows\SYSTEM32\WINHTTP.dll
0x00007ffed3cc0000 - 0x00007ffed3d2a000 	C:\Windows\system32\mswsock.dll
0x00007ffecbf60000 - 0x00007ffecbf76000 	C:\Users\bader\.jdks\jbrsdk_jcef-17.0.9\bin\nio.dll
0x00007ffec3f90000 - 0x00007ffec3faa000 	C:\Program Files\JetBrains\IntelliJ IDEA Community Edition 2023.3.6\bin\breakgen64.dll
0x00007ffe81880000 - 0x00007ffe81a1a000 	C:\Users\bader\.jdks\jbrsdk_jcef-17.0.9\bin\awt.dll
0x00007ffed20b0000 - 0x00007ffed20df000 	C:\Windows\SYSTEM32\dwmapi.dll
0x00007ffeac4a0000 - 0x00007ffeac4e4000 	C:\Users\bader\.jdks\jbrsdk_jcef-17.0.9\bin\nvdaControllerClient64.dll
0x00007ffecf1c0000 - 0x00007ffecf254000 	C:\Windows\SYSTEM32\apphelp.dll
0x00007ffeb81e0000 - 0x00007ffeb8308000 	C:\Windows\system32\opengl32.dll
0x00007ffeb7c60000 - 0x00007ffeb7c8c000 	C:\Windows\SYSTEM32\GLU32.dll
0x00007ffed1090000 - 0x00007ffed112e000 	C:\Windows\system32\uxtheme.dll
0x00007ffed5bd0000 - 0x00007ffed5ce5000 	C:\Windows\System32\MSCTF.dll
0x00007ffed5cf0000 - 0x00007ffed5d99000 	C:\Windows\System32\clbcatq.dll
0x00007ffe4e890000 - 0x00007ffe4f85a000 	C:\Windows\System32\DriverStore\FileRepository\iigd_dch.inf_amd64_5d54dd32fa1ef4d4\ig9icd64.dll
0x00007ffed6430000 - 0x00007ffed655b000 	C:\Windows\System32\ole32.dll
0x00007ffed2dc0000 - 0x00007ffed2eb6000 	C:\Windows\system32\dxgi.dll
0x00007ffec7a80000 - 0x00007ffec7cbf000 	C:\Windows\System32\DriverStore\FileRepository\iigd_dch.inf_amd64_5d54dd32fa1ef4d4\igdgmm64.dll
0x00007ffec4eb0000 - 0x00007ffec7a79000 	C:\Windows\System32\DriverStore\FileRepository\iigd_dch.inf_amd64_5d54dd32fa1ef4d4\igc64.dll
0x00007ffe6af50000 - 0x00007ffe6b35c000 	C:\Windows\System32\DriverStore\FileRepository\iigd_dch.inf_amd64_5d54dd32fa1ef4d4\igdml64.dll
0x00007ffed3ec0000 - 0x00007ffed3ed8000 	C:\Windows\SYSTEM32\CRYPTSP.dll
0x00007ffed3570000 - 0x00007ffed35a4000 	C:\Windows\system32\rsaenh.dll
0x00007ffed4420000 - 0x00007ffed444e000 	C:\Windows\SYSTEM32\USERENV.dll
0x00007ffed3eb0000 - 0x00007ffed3ebc000 	C:\Windows\SYSTEM32\CRYPTBASE.dll
0x00007ffed3950000 - 0x00007ffed398b000 	C:\Windows\SYSTEM32\IPHLPAPI.DLL
0x00007ffed5e30000 - 0x00007ffed5e38000 	C:\Windows\System32\NSI.dll
0x00007ffecc960000 - 0x00007ffecc977000 	C:\Windows\SYSTEM32\dhcpcsvc6.DLL
0x00007ffeccbf0000 - 0x00007ffeccc0d000 	C:\Windows\SYSTEM32\dhcpcsvc.DLL
0x00007ffed3990000 - 0x00007ffed3a5a000 	C:\Windows\SYSTEM32\DNSAPI.dll
0x00007ffeabb80000 - 0x00007ffeabc07000 	C:\Users\bader\.jdks\jbrsdk_jcef-17.0.9\bin\freetype.dll
0x00007ffe864a0000 - 0x00007ffe86577000 	C:\Users\bader\.jdks\jbrsdk_jcef-17.0.9\bin\fontmanager.dll
0x00007ffec22a0000 - 0x00007ffec22b2000 	C:\Users\bader\.jdks\jbrsdk_jcef-17.0.9\bin\jsound.dll
0x00007ffeb9bf0000 - 0x00007ffeb9c8c000 	C:\Windows\SYSTEM32\DSOUND.dll
0x00007ffec02f0000 - 0x00007ffec0316000 	C:\Windows\SYSTEM32\winmmbase.dll
0x00007ffecce00000 - 0x00007ffecce85000 	C:\Windows\System32\MMDevApi.dll
0x00007ffed42c0000 - 0x00007ffed42f3000 	C:\Windows\System32\DEVOBJ.dll
0x00007ffed4680000 - 0x00007ffed46ce000 	C:\Windows\System32\cfgmgr32.dll
0x00007ffeb5080000 - 0x00007ffeb50c6000 	C:\Windows\SYSTEM32\wdmaud.drv
0x00007ffecf4e0000 - 0x00007ffecf4e9000 	C:\Windows\SYSTEM32\ksuser.dll
0x00007ffeced00000 - 0x00007ffeced0a000 	C:\Windows\SYSTEM32\AVRT.dll
0x00007ffecce90000 - 0x00007ffecd011000 	C:\Windows\SYSTEM32\AUDIOSES.DLL
0x00007ffeb5070000 - 0x00007ffeb507d000 	C:\Windows\SYSTEM32\msacm32.drv
0x00007ffeb5050000 - 0x00007ffeb506e000 	C:\Windows\SYSTEM32\MSACM32.dll
0x00007ffeb5040000 - 0x00007ffeb504b000 	C:\Windows\SYSTEM32\midimap.dll
0x00007ffed1fb0000 - 0x00007ffed1fc4000 	C:\Windows\SYSTEM32\resourcepolicyclient.dll
0x00007ffeb1a60000 - 0x00007ffeb1c05000 	C:\Windows\WinSxS\amd64_microsoft.windows.gdiplus_6595b64144ccf1df_1.1.19041.4597_none_91a78020cc854124\gdiplus.dll
0x00007ffebfdd0000 - 0x00007ffebfec9000 	C:\Windows\SYSTEM32\textinputframework.dll
0x00007ffecea50000 - 0x00007ffeceb42000 	C:\Windows\System32\CoreMessaging.dll
0x00007ffece6e0000 - 0x00007ffecea3b000 	C:\Windows\System32\CoreUIComponents.dll
0x00007ffed12c0000 - 0x00007ffed1417000 	C:\Windows\SYSTEM32\wintypes.dll
0x00007ffed37c0000 - 0x00007ffed37f3000 	C:\Windows\SYSTEM32\ntmarta.dll
0x00007ffeb7e70000 - 0x00007ffeb8165000 	C:\Windows\System32\uiautomationcore.dll
0x00007ffed1880000 - 0x00007ffed1976000 	C:\Windows\System32\PROPSYS.dll
0x00007ffeb8170000 - 0x00007ffeb81d6000 	C:\Windows\System32\OLEACC.dll
0x00007ffebfed0000 - 0x00007ffec000f000 	C:\Windows\System32\Windows.UI.dll
0x00007ffecbdf0000 - 0x00007ffecbe91000 	C:\Windows\System32\WindowManagementAPI.dll
0x00007ffebfc70000 - 0x00007ffebfdc2000 	C:\Windows\System32\InputHost.dll
0x00007ffecb4a0000 - 0x00007ffecb6a3000 	C:\Windows\SYSTEM32\twinapi.appcore.dll

dbghelp: loaded successfully - version: 4.0.5 - missing functions: none
symbol engine: initialized successfully - sym options: 0x614 - pdb path: .;C:\Users\bader\.jdks\jbrsdk_jcef-17.0.9\bin;C:\Windows\SYSTEM32;C:\Windows\WinSxS\amd64_microsoft.windows.common-controls_6595b64144ccf1df_6.0.19041.4355_none_60b8b9eb71f62e16;C:\Users\bader\.jdks\jbrsdk_jcef-17.0.9\bin\server;C:\Program Files\JetBrains\IntelliJ IDEA Community Edition 2023.3.6\bin;C:\Windows\System32\DriverStore\FileRepository\iigd_dch.inf_amd64_5d54dd32fa1ef4d4;C:\Windows\WinSxS\amd64_microsoft.windows.gdiplus_6595b64144ccf1df_1.1.19041.4597_none_91a78020cc854124

VM Arguments:
jvm_args: -Xmx3072g -Xmx4096g -Dsun.java2d.opengl=true -XX:ErrorFile=logs/hs_err_pid%p.log -javaagent:C:\Program Files\JetBrains\IntelliJ IDEA Community Edition 2023.3.6\lib\idea_rt.jar=63462:C:\Program Files\JetBrains\IntelliJ IDEA Community Edition 2023.3.6\bin -Dfile.encoding=UTF-8 
java_command: net.sendback.Main
java_class_path (initial): C:\Users\bader\OneDrive\Bureau\Idea\GTS_PRojekt\target\classes
Launcher Type: SUN_STANDARD

[Global flags]
     intx CICompilerCount                          = 4                                         {product} {ergonomic}
     uint ConcGCThreads                            = 3                                         {product} {ergonomic}
    ccstr ErrorFile                                = logs/hs_err_pid%p.log                     {product} {command line}
     uint G1ConcRefinementThreads                  = 10                                        {product} {ergonomic}
   size_t G1HeapRegionSize                         = 33554432                                  {product} {ergonomic}
    uintx GCDrainStackTargetSize                   = 64                                        {product} {ergonomic}
   size_t InitialHeapSize                          = 268435456                                 {product} {ergonomic}
   size_t MarkStackSize                            = 4194304                                   {product} {ergonomic}
   size_t MaxHeapSize                              = 4398046511104                             {product} {command line}
   size_t MaxNewSize                               = 2638821195776                             {product} {ergonomic}
   size_t MinHeapDeltaBytes                        = 33554432                                  {product} {ergonomic}
   size_t MinHeapSize                              = 33554432                                  {product} {ergonomic}
    uintx NonNMethodCodeHeapSize                   = 5839372                                {pd product} {ergonomic}
    uintx NonProfiledCodeHeapSize                  = 122909434                              {pd product} {ergonomic}
    uintx ProfiledCodeHeapSize                     = 122909434                              {pd product} {ergonomic}
    uintx ReservedCodeCacheSize                    = 251658240                              {pd product} {ergonomic}
     bool SegmentedCodeCache                       = true                                      {product} {ergonomic}
   size_t SoftMaxHeapSize                          = 4398046511104                          {manageable} {ergonomic}
     bool UseCompressedClassPointers               = true                           {product lp64_product} {ergonomic}
     bool UseG1GC                                  = true                                      {product} {ergonomic}
     bool UseLargePagesIndividualAllocation        = false                                  {pd product} {ergonomic}

Logging:
Log output configuration:
 #0: stdout all=warning uptime,level,tags
 #1: stderr all=off uptime,level,tags

Environment Variables:
PATH=C:\Program Files\Common Files\Oracle\Java\javapath;C:\Windows\system32;C:\Windows;C:\Windows\System32\Wbem;C:\Windows\System32\WindowsPowerShell\v1.0\;C:\Windows\System32\OpenSSH\;C:\Program Files (x86)\NVIDIA Corporation\PhysX\Common;C:\Program Files\dotnet\;C:\Users\bader\AppData\Local\Microsoft\WindowsApps;C:\Users\bader\AppData\Local\GitHubDesktop\bin
USERNAME=bader
OS=Windows_NT
PROCESSOR_IDENTIFIER=Intel64 Family 6 Model 158 Stepping 10, GenuineIntel
TMP=C:\Users\bader\AppData\Local\Temp
TEMP=C:\Users\bader\AppData\Local\Temp



Periodic native trim disabled

JNI global refs:
JNI global refs: 128, weak refs: 77

JNI global refs memory usage: 2107, weak refs: 2105

OOME stack traces (most recent first):
Classloader memory used:
Loader bootstrap                                                                       : 2632K
Loader jdk.internal.loader.ClassLoaders$AppClassLoader                                 : 27443B
Loader jdk.internal.loader.ClassLoaders$PlatformClassLoader                            : 764B


---------------  S Y S T E M  ---------------

OS:
 Windows 10 , 64 bit Build 19041 (10.0.19041.5072)
OS uptime: 7 days 6:31 hours

CPU: total 12 (initial active 12) (6 cores per cpu, 2 threads per core) family 6 model 158 stepping 10 microcode 0xf0, cx8, cmov, fxsr, ht, mmx, 3dnowpref, sse, sse2, sse3, ssse3, sse4.1, sse4.2, popcnt, lzcnt, tsc, tscinvbit, avx, avx2, aes, erms, clmul, bmi1, bmi2, adx, fma, vzeroupper, clflush, clflushopt
Processor Information for all 12 processors :
  Max Mhz: 2592, Current Mhz: 2592, Mhz Limit: 2592

Memory: 4k page, system-wide physical 16254M (3756M free)
TotalPageFile size 18942M (AvailPageFile size 2574M)
current process WorkingSet (physical memory assigned to process): 705M, peak: 724M
current process commit charge ("private bytes"): 961M, peak: 973M

vm_info: OpenJDK 64-Bit Server VM (17.0.9+8-b1166.2) for windows-amd64 JRE (17.0.9+8-b1166.2), built on 2024-01-13 by "builduser" with MS VC++ 16.10 / 16.11 (VS2019)

END.
